No GPU/TPU found, falling back to CPU. (Set TF_CPP_MIN_LOG_LEVEL=0 and rerun for more info.)
Namespace(version=False, sim_mode='exci', config_file='honeycomb_exci.yaml', momentum_ix=0, evaluate=False, init=True)
Running excited-state sim
honeycomb_exci.yaml
/share/home/tanyi/ad-peps/examples/honeycomb_exci.yaml
/share/home/tanyi/ad-peps/simulations/exci/11_honeycomb_D2_X30.base.npz
  | CTM step 1 conv: 1.477e-02 time: 2.02 obj: -0.754031
  | CTM step 2 conv: 1.953e-03 time: 2.11 obj: -0.755984
  | CTM step 3 conv: 2.507e-04 time: 2.62 obj: -0.756235
  | CTM step 4 conv: 2.084e-05 time: 2.24 obj: -0.756256
  | CTM step 5 conv: 3.572e-06 time: 1.37 obj: -0.756252
  | CTM step 6 conv: 2.996e-06 time: 1.26 obj: -0.756249
  | CTM step 7 conv: 1.314e-06 time: 0.72 obj: -0.756248
  | CTM step 8 conv: 4.944e-07 time: 0.3 obj: -0.756248
  | CTM step 9 conv: 1.755e-07 time: 0.3 obj: -0.756247
  | CTM step 10 conv: 6.070e-08 time: 0.3 obj: -0.756247
  | CTM step 11 conv: 2.074e-08 time: 0.3 obj: -0.756247
  | CTM step 12 conv: 7.044e-09 time: 0.3 obj: -0.756247
  | CTM step 13 conv: 2.386e-09 time: 0.3 obj: -0.756247
  | CTM step 14 conv: 8.068e-10 time: 0.31 obj: -0.756247
  | CTM step 15 conv: 2.727e-10 time: 0.3 obj: -0.756247
  | CTM step 16 conv: 9.212e-11 time: 0.3 obj: -0.756247
  | CTM step 17 conv: 3.112e-11 time: 0.3 obj: -0.756247
  | CTM step 18 conv: 1.051e-11 time: 0.3 obj: -0.756247
  | CTM step 19 conv: 3.549e-12 time: 0.31 obj: -0.756247
  | CTM step 20 conv: 1.199e-12 time: 0.3 obj: -0.756247
GS norm 5.7320488752652885
GS norm 0.9999999999999999
Substracting -0.3781236437782334 from Hamiltonian
Preparing orthonormal basis
Saving base to /share/home/tanyi/ad-peps/simulations/exci/11_honeycomb_D2_X30.base.npz
