No GPU/TPU found, falling back to CPU. (Set TF_CPP_MIN_LOG_LEVEL=0 and rerun for more info.)
Namespace(version=False, sim_mode='exci', config_file='honeycomb_exci.yaml', momentum_ix=8, evaluate=False, init=False)
Running excited-state sim
honeycomb_exci.yaml
/share/home/tanyi/ad-peps/examples/honeycomb_exci.yaml
/share/home/tanyi/ad-peps/examples/honeycomb_exci.yaml
D: 2
chi: 30
ctm_conv_tol: 1.0e-06
ctm_max_iter: 20
ctm_min_iter: 4
disp_level: 1
flush_output: true
model: honeycomb
model_params:
  Jx: 1
  Jy: 1
momentum_path: Bril1
out_prefix: 11
pattern:
- - 0
  - 0
- - 0
  - 0
resume: true

Starting simulation of basis vector 1/63
Performing CTM pre-steps without tracking
  | CTM step 1 conv: 1.000e+00 time: 2.65
  | CTM step 2 conv: 1.000e+00 time: 3.18
  | CTM step 3 conv: 1.000e+00 time: 3.99
  | CTM step 4 conv: 1.000e+00 time: 3.61
  | CTM step 5 conv: 1.136e-03 time: 1.99
  | CTM step 6 conv: 3.673e-04 time: 1.85
  | CTM step 7 conv: 1.212e-04 time: 1.12
  | CTM step 8 conv: 4.044e-05 time: 0.36
  | CTM step 9 conv: 1.358e-05 time: 0.36
  | CTM step 10 conv: 4.574e-06 time: 0.36
  | CTM step 11 conv: 1.543e-06 time: 0.36
Performing CTM
  | CTM step 1 conv: 1.000e+00 time: 1.16
  | CTM step 2 conv: 5.937e-08 time: 0.66
  | CTM step 3 conv: 2.005e-08 time: 0.55
Energies: 1.6004286724881602 -4.6780581144934e-11
Norm: 0.7463069030626431
========== 
Finished basis vector 1/63 

Starting simulation of basis vector 2/63
Performing CTM pre-steps without tracking
  | CTM step 1 conv: 1.000e+00 time: 0.31
  | CTM step 2 conv: 1.000e+00 time: 0.35
  | CTM step 3 conv: 1.000e+00 time: 0.36
  | CTM step 4 conv: 1.000e+00 time: 0.36
  | CTM step 5 conv: 1.136e-03 time: 0.36
  | CTM step 6 conv: 3.673e-04 time: 0.36
  | CTM step 7 conv: 1.212e-04 time: 0.36
  | CTM step 8 conv: 4.044e-05 time: 0.35
  | CTM step 9 conv: 1.358e-05 time: 0.35
  | CTM step 10 conv: 4.574e-06 time: 0.4
  | CTM step 11 conv: 1.543e-06 time: 0.35
Performing CTM
  | CTM step 1 conv: 1.000e+00 time: 0.46
  | CTM step 2 conv: 5.937e-08 time: 0.55
  | CTM step 3 conv: 2.005e-08 time: 0.54
Energies: 0.3477333688335775 -4.6780581144934e-11
Norm: 0.12532642347937445
========== 
Finished basis vector 2/63 

Starting simulation of basis vector 3/63
Performing CTM pre-steps without tracking
  | CTM step 1 conv: 1.000e+00 time: 0.31
  | CTM step 2 conv: 1.000e+00 time: 0.34
  | CTM step 3 conv: 1.000e+00 time: 0.35
  | CTM step 4 conv: 1.000e+00 time: 0.36
  | CTM step 5 conv: 1.136e-03 time: 0.35
  | CTM step 6 conv: 3.673e-04 time: 0.36
  | CTM step 7 conv: 1.212e-04 time: 0.35
  | CTM step 8 conv: 4.044e-05 time: 0.36
  | CTM step 9 conv: 1.358e-05 time: 0.35
  | CTM step 10 conv: 4.574e-06 time: 0.36
  | CTM step 11 conv: 1.543e-06 time: 0.35
Performing CTM
  | CTM step 1 conv: 1.000e+00 time: 0.46
  | CTM step 2 conv: 5.937e-08 time: 0.54
  | CTM step 3 conv: 2.005e-08 time: 0.58
Energies: 0.35521797371603436 -4.6780581144934e-11
Norm: 0.1313933900250667
========== 
Finished basis vector 3/63 

Starting simulation of basis vector 4/63
Performing CTM pre-steps without tracking
  | CTM step 1 conv: 1.000e+00 time: 0.31
  | CTM step 2 conv: 1.000e+00 time: 0.34
  | CTM step 3 conv: 1.000e+00 time: 0.35
  | CTM step 4 conv: 1.000e+00 time: 0.35
  | CTM step 5 conv: 1.136e-03 time: 0.36
  | CTM step 6 conv: 3.673e-04 time: 0.35
  | CTM step 7 conv: 1.212e-04 time: 0.35
  | CTM step 8 conv: 4.044e-05 time: 0.35
  | CTM step 9 conv: 1.358e-05 time: 0.35
  | CTM step 10 conv: 4.574e-06 time: 0.35
  | CTM step 11 conv: 1.543e-06 time: 0.35
Performing CTM
  | CTM step 1 conv: 1.000e+00 time: 0.45
  | CTM step 2 conv: 5.937e-08 time: 0.53
  | CTM step 3 conv: 2.005e-08 time: 0.53
Energies: 1.9826796115199645 -4.6780581144934e-11
Norm: 0.8680588760603171
========== 
Finished basis vector 4/63 

Starting simulation of basis vector 5/63
Performing CTM pre-steps without tracking
  | CTM step 1 conv: 1.000e+00 time: 0.31
  | CTM step 2 conv: 1.000e+00 time: 0.34
  | CTM step 3 conv: 1.000e+00 time: 0.35
  | CTM step 4 conv: 1.000e+00 time: 0.35
  | CTM step 5 conv: 1.136e-03 time: 0.35
  | CTM step 6 conv: 3.673e-04 time: 0.35
  | CTM step 7 conv: 1.212e-04 time: 0.35
  | CTM step 8 conv: 4.044e-05 time: 0.35
  | CTM step 9 conv: 1.358e-05 time: 0.35
  | CTM step 10 conv: 4.574e-06 time: 0.35
  | CTM step 11 conv: 1.543e-06 time: 0.35
Performing CTM
  | CTM step 1 conv: 1.000e+00 time: 0.45
  | CTM step 2 conv: 5.937e-08 time: 0.54
  | CTM step 3 conv: 2.005e-08 time: 0.53
Energies: 2.1225324079224634 -4.6780581144934e-11
Norm: 0.989078834889756
========== 
Finished basis vector 5/63 

Starting simulation of basis vector 6/63
Performing CTM pre-steps without tracking
  | CTM step 1 conv: 1.000e+00 time: 0.31
  | CTM step 2 conv: 1.000e+00 time: 0.34
  | CTM step 3 conv: 1.000e+00 time: 0.35
  | CTM step 4 conv: 1.000e+00 time: 0.35
  | CTM step 5 conv: 1.136e-03 time: 0.35
  | CTM step 6 conv: 3.673e-04 time: 0.35
  | CTM step 7 conv: 1.212e-04 time: 0.35
  | CTM step 8 conv: 4.044e-05 time: 0.35
  | CTM step 9 conv: 1.358e-05 time: 0.35
  | CTM step 10 conv: 4.574e-06 time: 0.35
  | CTM step 11 conv: 1.543e-06 time: 0.35
Performing CTM
  | CTM step 1 conv: 1.000e+00 time: 0.45
  | CTM step 2 conv: 5.937e-08 time: 0.57
  | CTM step 3 conv: 2.005e-08 time: 0.53
Energies: 0.42347889594155963 -4.6780581144934e-11
Norm: 0.1544053131727893
========== 
Finished basis vector 6/63 

Starting simulation of basis vector 7/63
Performing CTM pre-steps without tracking
  | CTM step 1 conv: 1.000e+00 time: 0.31
  | CTM step 2 conv: 1.000e+00 time: 0.34
  | CTM step 3 conv: 1.000e+00 time: 0.35
  | CTM step 4 conv: 1.000e+00 time: 0.46
  | CTM step 5 conv: 1.136e-03 time: 0.35
  | CTM step 6 conv: 3.673e-04 time: 0.35
  | CTM step 7 conv: 1.212e-04 time: 0.35
  | CTM step 8 conv: 4.044e-05 time: 0.35
  | CTM step 9 conv: 1.358e-05 time: 0.35
  | CTM step 10 conv: 4.574e-06 time: 0.35
  | CTM step 11 conv: 1.543e-06 time: 0.35
Performing CTM
  | CTM step 1 conv: 1.000e+00 time: 0.45
  | CTM step 2 conv: 5.937e-08 time: 0.54
  | CTM step 3 conv: 2.005e-08 time: 0.54
Energies: 0.4369019827536835 -4.6780581144934e-11
Norm: 0.1632398229024979
========== 
Finished basis vector 7/63 

Starting simulation of basis vector 8/63
Performing CTM pre-steps without tracking
  | CTM step 1 conv: 1.000e+00 time: 0.31
  | CTM step 2 conv: 1.000e+00 time: 0.34
  | CTM step 3 conv: 1.000e+00 time: 0.35
  | CTM step 4 conv: 1.000e+00 time: 0.36
  | CTM step 5 conv: 1.136e-03 time: 0.36
  | CTM step 6 conv: 3.673e-04 time: 0.36
  | CTM step 7 conv: 1.212e-04 time: 0.36
  | CTM step 8 conv: 4.044e-05 time: 0.35
  | CTM step 9 conv: 1.358e-05 time: 0.35
  | CTM step 10 conv: 4.574e-06 time: 0.35
  | CTM step 11 conv: 1.543e-06 time: 0.38
Performing CTM
  | CTM step 1 conv: 1.000e+00 time: 0.46
  | CTM step 2 conv: 5.937e-08 time: 0.54
  | CTM step 3 conv: 2.005e-08 time: 0.54
Energies: 0.7548722769085101 -4.6780581144934e-11
Norm: 0.2518717310687744
========== 
Finished basis vector 8/63 

Starting simulation of basis vector 9/63
Performing CTM pre-steps without tracking
  | CTM step 1 conv: 1.000e+00 time: 0.31
  | CTM step 2 conv: 1.000e+00 time: 0.34
  | CTM step 3 conv: 1.000e+00 time: 0.36
  | CTM step 4 conv: 1.000e+00 time: 0.36
  | CTM step 5 conv: 1.136e-03 time: 0.36
  | CTM step 6 conv: 3.673e-04 time: 0.36
  | CTM step 7 conv: 1.212e-04 time: 0.36
  | CTM step 8 conv: 4.044e-05 time: 0.35
  | CTM step 9 conv: 1.358e-05 time: 0.35
  | CTM step 10 conv: 4.574e-06 time: 0.35
  | CTM step 11 conv: 1.543e-06 time: 0.36
Performing CTM
  | CTM step 1 conv: 1.000e+00 time: 0.46
  | CTM step 2 conv: 5.937e-08 time: 0.54
  | CTM step 3 conv: 2.005e-08 time: 0.54
Energies: 0.7147593327156079 -4.6780581144934e-11
Norm: 0.2445657823292278
========== 
Finished basis vector 9/63 

Starting simulation of basis vector 10/63
Performing CTM pre-steps without tracking
  | CTM step 1 conv: 1.000e+00 time: 0.31
  | CTM step 2 conv: 1.000e+00 time: 0.34
  | CTM step 3 conv: 1.000e+00 time: 0.35
  | CTM step 4 conv: 1.000e+00 time: 0.35
  | CTM step 5 conv: 1.136e-03 time: 0.35
  | CTM step 6 conv: 3.673e-04 time: 0.35
  | CTM step 7 conv: 1.212e-04 time: 0.35
  | CTM step 8 conv: 4.044e-05 time: 0.35
  | CTM step 9 conv: 1.358e-05 time: 0.35
  | CTM step 10 conv: 4.574e-06 time: 0.35
  | CTM step 11 conv: 1.543e-06 time: 0.35
Performing CTM
  | CTM step 1 conv: 1.000e+00 time: 0.45
  | CTM step 2 conv: 5.937e-08 time: 0.54
  | CTM step 3 conv: 2.005e-08 time: 0.53
Energies: 0.1507031500325463 -4.6780581144934e-11
Norm: 0.04152872966894016
========== 
Finished basis vector 10/63 

Starting simulation of basis vector 11/63
Performing CTM pre-steps without tracking
  | CTM step 1 conv: 1.000e+00 time: 0.31
  | CTM step 2 conv: 1.000e+00 time: 0.34
  | CTM step 3 conv: 1.000e+00 time: 0.35
  | CTM step 4 conv: 1.000e+00 time: 0.35
  | CTM step 5 conv: 1.136e-03 time: 0.35
  | CTM step 6 conv: 3.673e-04 time: 0.35
  | CTM step 7 conv: 1.212e-04 time: 0.35
  | CTM step 8 conv: 4.044e-05 time: 0.35
  | CTM step 9 conv: 1.358e-05 time: 0.35
  | CTM step 10 conv: 4.574e-06 time: 0.35
  | CTM step 11 conv: 1.543e-06 time: 0.35
Performing CTM
  | CTM step 1 conv: 1.000e+00 time: 0.45
  | CTM step 2 conv: 5.937e-08 time: 0.54
  | CTM step 3 conv: 2.005e-08 time: 0.54
Energies: 0.14009789122703098 -4.6780581144934e-11
Norm: 0.03927755400066465
========== 
Finished basis vector 11/63 

Starting simulation of basis vector 12/63
Performing CTM pre-steps without tracking
  | CTM step 1 conv: 1.000e+00 time: 0.31
  | CTM step 2 conv: 1.000e+00 time: 0.34
  | CTM step 3 conv: 1.000e+00 time: 0.35
  | CTM step 4 conv: 1.000e+00 time: 0.35
  | CTM step 5 conv: 1.136e-03 time: 0.35
  | CTM step 6 conv: 3.673e-04 time: 0.35
  | CTM step 7 conv: 1.212e-04 time: 0.35
  | CTM step 8 conv: 4.044e-05 time: 0.35
  | CTM step 9 conv: 1.358e-05 time: 0.35
  | CTM step 10 conv: 4.574e-06 time: 0.35
  | CTM step 11 conv: 1.543e-06 time: 0.35
Performing CTM
  | CTM step 1 conv: 1.000e+00 time: 0.46
  | CTM step 2 conv: 5.937e-08 time: 0.54
  | CTM step 3 conv: 2.005e-08 time: 0.54
Energies: 0.8456052229295263 -4.6780581144934e-11
Norm: 0.2908418656722651
========== 
Finished basis vector 12/63 

Starting simulation of basis vector 13/63
Performing CTM pre-steps without tracking
  | CTM step 1 conv: 1.000e+00 time: 0.31
  | CTM step 2 conv: 1.000e+00 time: 0.34
  | CTM step 3 conv: 1.000e+00 time: 0.35
  | CTM step 4 conv: 1.000e+00 time: 0.35
  | CTM step 5 conv: 1.136e-03 time: 0.35
  | CTM step 6 conv: 3.673e-04 time: 0.36
  | CTM step 7 conv: 1.212e-04 time: 0.35
  | CTM step 8 conv: 4.044e-05 time: 0.35
  | CTM step 9 conv: 1.358e-05 time: 0.35
  | CTM step 10 conv: 4.574e-06 time: 0.35
  | CTM step 11 conv: 1.543e-06 time: 0.35
Performing CTM
  | CTM step 1 conv: 1.000e+00 time: 0.45
  | CTM step 2 conv: 5.937e-08 time: 0.54
  | CTM step 3 conv: 2.005e-08 time: 0.58
Energies: 0.7894204167233494 -4.6780581144934e-11
Norm: 0.2743312612433142
========== 
Finished basis vector 13/63 

Starting simulation of basis vector 14/63
Performing CTM pre-steps without tracking
  | CTM step 1 conv: 1.000e+00 time: 0.31
  | CTM step 2 conv: 1.000e+00 time: 0.34
  | CTM step 3 conv: 1.000e+00 time: 0.35
  | CTM step 4 conv: 1.000e+00 time: 0.35
  | CTM step 5 conv: 1.136e-03 time: 0.35
  | CTM step 6 conv: 3.673e-04 time: 0.35
  | CTM step 7 conv: 1.212e-04 time: 0.35
  | CTM step 8 conv: 4.044e-05 time: 0.35
  | CTM step 9 conv: 1.358e-05 time: 0.35
  | CTM step 10 conv: 4.574e-06 time: 0.35
  | CTM step 11 conv: 1.543e-06 time: 0.35
Performing CTM
  | CTM step 1 conv: 1.000e+00 time: 0.45
  | CTM step 2 conv: 5.937e-08 time: 0.55
  | CTM step 3 conv: 2.005e-08 time: 0.54
Energies: 0.17235921564208856 -4.6780581144934e-11
Norm: 0.04823223886855403
========== 
Finished basis vector 14/63 

Starting simulation of basis vector 15/63
Performing CTM pre-steps without tracking
  | CTM step 1 conv: 1.000e+00 time: 0.31
  | CTM step 2 conv: 1.000e+00 time: 0.34
  | CTM step 3 conv: 1.000e+00 time: 0.35
  | CTM step 4 conv: 1.000e+00 time: 0.36
  | CTM step 5 conv: 1.136e-03 time: 0.36
  | CTM step 6 conv: 3.673e-04 time: 0.36
  | CTM step 7 conv: 1.212e-04 time: 0.35
  | CTM step 8 conv: 4.044e-05 time: 0.36
  | CTM step 9 conv: 1.358e-05 time: 0.36
  | CTM step 10 conv: 4.574e-06 time: 0.36
  | CTM step 11 conv: 1.543e-06 time: 0.36
Performing CTM
  | CTM step 1 conv: 1.000e+00 time: 0.45
  | CTM step 2 conv: 5.937e-08 time: 0.54
  | CTM step 3 conv: 2.005e-08 time: 0.54
Energies: 0.15859354450002283 -4.6780581144934e-11
Norm: 0.04490681318397584
========== 
Finished basis vector 15/63 

Starting simulation of basis vector 16/63
Performing CTM pre-steps without tracking
  | CTM step 1 conv: 1.000e+00 time: 0.31
  | CTM step 2 conv: 1.000e+00 time: 0.34
  | CTM step 3 conv: 1.000e+00 time: 0.35
  | CTM step 4 conv: 1.000e+00 time: 0.35
  | CTM step 5 conv: 1.136e-03 time: 0.35
  | CTM step 6 conv: 3.673e-04 time: 0.35
  | CTM step 7 conv: 1.212e-04 time: 0.35
  | CTM step 8 conv: 4.044e-05 time: 0.35
  | CTM step 9 conv: 1.358e-05 time: 0.35
  | CTM step 10 conv: 4.574e-06 time: 0.36
  | CTM step 11 conv: 1.543e-06 time: 0.35
Performing CTM
  | CTM step 1 conv: 1.000e+00 time: 0.46
  | CTM step 2 conv: 5.937e-08 time: 0.58
  | CTM step 3 conv: 2.005e-08 time: 0.54
Energies: 0.9701599845899693 -4.6780581144934e-11
Norm: 0.46926103525647966
========== 
Finished basis vector 16/63 

Starting simulation of basis vector 17/63
Performing CTM pre-steps without tracking
  | CTM step 1 conv: 1.000e+00 time: 0.31
  | CTM step 2 conv: 1.000e+00 time: 0.34
  | CTM step 3 conv: 1.000e+00 time: 0.35
  | CTM step 4 conv: 1.000e+00 time: 0.35
  | CTM step 5 conv: 1.136e-03 time: 0.35
  | CTM step 6 conv: 3.673e-04 time: 0.35
  | CTM step 7 conv: 1.212e-04 time: 0.36
  | CTM step 8 conv: 4.044e-05 time: 0.36
  | CTM step 9 conv: 1.358e-05 time: 0.35
  | CTM step 10 conv: 4.574e-06 time: 0.35
  | CTM step 11 conv: 1.543e-06 time: 0.45
Performing CTM
  | CTM step 1 conv: 1.000e+00 time: 0.45
  | CTM step 2 conv: 5.937e-08 time: 0.54
  | CTM step 3 conv: 2.005e-08 time: 0.54
Energies: 0.9260739252319485 -4.6780581144934e-11
Norm: 0.882772549230991
========== 
Finished basis vector 17/63 

Starting simulation of basis vector 18/63
Performing CTM pre-steps without tracking
  | CTM step 1 conv: 1.000e+00 time: 0.31
  | CTM step 2 conv: 1.000e+00 time: 0.34
  | CTM step 3 conv: 1.000e+00 time: 0.35
  | CTM step 4 conv: 1.000e+00 time: 0.35
  | CTM step 5 conv: 1.136e-03 time: 0.35
  | CTM step 6 conv: 3.673e-04 time: 0.35
  | CTM step 7 conv: 1.212e-04 time: 0.36
  | CTM step 8 conv: 4.044e-05 time: 0.36
  | CTM step 9 conv: 1.358e-05 time: 0.35
  | CTM step 10 conv: 4.574e-06 time: 0.36
  | CTM step 11 conv: 1.543e-06 time: 0.35
Performing CTM
  | CTM step 1 conv: 1.000e+00 time: 0.45
  | CTM step 2 conv: 5.937e-08 time: 0.54
  | CTM step 3 conv: 2.005e-08 time: 0.53
Energies: 0.2724454554415936 -4.6780581144934e-11
Norm: 0.13030425338586774
========== 
Finished basis vector 18/63 

Starting simulation of basis vector 19/63
Performing CTM pre-steps without tracking
  | CTM step 1 conv: 1.000e+00 time: 0.31
  | CTM step 2 conv: 1.000e+00 time: 0.34
  | CTM step 3 conv: 1.000e+00 time: 0.35
  | CTM step 4 conv: 1.000e+00 time: 0.35
  | CTM step 5 conv: 1.136e-03 time: 0.35
  | CTM step 6 conv: 3.673e-04 time: 0.36
  | CTM step 7 conv: 1.212e-04 time: 0.35
  | CTM step 8 conv: 4.044e-05 time: 0.35
  | CTM step 9 conv: 1.358e-05 time: 0.35
  | CTM step 10 conv: 4.574e-06 time: 0.35
  | CTM step 11 conv: 1.543e-06 time: 0.35
Performing CTM
  | CTM step 1 conv: 1.000e+00 time: 0.45
  | CTM step 2 conv: 5.937e-08 time: 0.54
  | CTM step 3 conv: 2.005e-08 time: 0.54
Energies: 0.2799719307239752 -4.6780581144934e-11
Norm: 0.17589069571318383
========== 
Finished basis vector 19/63 

Starting simulation of basis vector 20/63
Performing CTM pre-steps without tracking
  | CTM step 1 conv: 1.000e+00 time: 0.31
  | CTM step 2 conv: 1.000e+00 time: 0.34
  | CTM step 3 conv: 1.000e+00 time: 0.35
  | CTM step 4 conv: 1.000e+00 time: 0.35
  | CTM step 5 conv: 1.136e-03 time: 0.36
  | CTM step 6 conv: 3.673e-04 time: 0.35
  | CTM step 7 conv: 1.212e-04 time: 0.35
  | CTM step 8 conv: 4.044e-05 time: 0.35
  | CTM step 9 conv: 1.358e-05 time: 0.35
  | CTM step 10 conv: 4.574e-06 time: 0.35
  | CTM step 11 conv: 1.543e-06 time: 0.35
Performing CTM
  | CTM step 1 conv: 1.000e+00 time: 0.46
  | CTM step 2 conv: 5.937e-08 time: 0.54
  | CTM step 3 conv: 2.005e-08 time: 0.54
Energies: 0.7018298568005576 -4.6780581144934e-11
Norm: 0.7368193848402894
========== 
Finished basis vector 20/63 

Starting simulation of basis vector 21/63
Performing CTM pre-steps without tracking
  | CTM step 1 conv: 1.000e+00 time: 0.31
  | CTM step 2 conv: 1.000e+00 time: 0.34
  | CTM step 3 conv: 1.000e+00 time: 0.35
  | CTM step 4 conv: 1.000e+00 time: 0.35
  | CTM step 5 conv: 1.136e-03 time: 0.36
  | CTM step 6 conv: 3.673e-04 time: 0.35
  | CTM step 7 conv: 1.212e-04 time: 0.35
  | CTM step 8 conv: 4.044e-05 time: 0.35
  | CTM step 9 conv: 1.358e-05 time: 0.35
  | CTM step 10 conv: 4.574e-06 time: 0.35
  | CTM step 11 conv: 1.543e-06 time: 0.35
Performing CTM
  | CTM step 1 conv: 1.000e+00 time: 0.45
  | CTM step 2 conv: 5.937e-08 time: 0.53
  | CTM step 3 conv: 2.005e-08 time: 0.53
Energies: 0.7308463088646171 -4.6780581144934e-11
Norm: 0.9452818775509508
========== 
Finished basis vector 21/63 

Starting simulation of basis vector 22/63
Performing CTM pre-steps without tracking
  | CTM step 1 conv: 1.000e+00 time: 0.31
  | CTM step 2 conv: 1.000e+00 time: 0.34
  | CTM step 3 conv: 1.000e+00 time: 0.35
  | CTM step 4 conv: 1.000e+00 time: 0.35
  | CTM step 5 conv: 1.136e-03 time: 0.35
  | CTM step 6 conv: 3.673e-04 time: 0.35
  | CTM step 7 conv: 1.212e-04 time: 0.35
  | CTM step 8 conv: 4.044e-05 time: 0.35
  | CTM step 9 conv: 1.358e-05 time: 0.35
  | CTM step 10 conv: 4.574e-06 time: 0.35
  | CTM step 11 conv: 1.543e-06 time: 0.35
Performing CTM
  | CTM step 1 conv: 1.000e+00 time: 0.45
  | CTM step 2 conv: 5.937e-08 time: 0.53
  | CTM step 3 conv: 2.005e-08 time: 0.53
Energies: 0.2428316192951001 -4.6780581144934e-11
Norm: 0.13096790652345114
========== 
Finished basis vector 22/63 

Starting simulation of basis vector 23/63
Performing CTM pre-steps without tracking
  | CTM step 1 conv: 1.000e+00 time: 0.31
  | CTM step 2 conv: 1.000e+00 time: 0.34
  | CTM step 3 conv: 1.000e+00 time: 0.35
  | CTM step 4 conv: 1.000e+00 time: 0.35
  | CTM step 5 conv: 1.136e-03 time: 0.35
  | CTM step 6 conv: 3.673e-04 time: 0.35
  | CTM step 7 conv: 1.212e-04 time: 0.35
  | CTM step 8 conv: 4.044e-05 time: 0.35
  | CTM step 9 conv: 1.358e-05 time: 0.35
  | CTM step 10 conv: 4.574e-06 time: 0.35
  | CTM step 11 conv: 1.543e-06 time: 0.35
Performing CTM
  | CTM step 1 conv: 1.000e+00 time: 0.45
  | CTM step 2 conv: 5.937e-08 time: 0.53
  | CTM step 3 conv: 2.005e-08 time: 0.57
Energies: 0.2514513652163899 -4.6780581144934e-11
Norm: 0.16683056574161217
========== 
Finished basis vector 23/63 

Starting simulation of basis vector 24/63
Performing CTM pre-steps without tracking
  | CTM step 1 conv: 1.000e+00 time: 0.31
  | CTM step 2 conv: 1.000e+00 time: 0.34
  | CTM step 3 conv: 1.000e+00 time: 0.35
  | CTM step 4 conv: 1.000e+00 time: 0.35
  | CTM step 5 conv: 1.136e-03 time: 0.35
  | CTM step 6 conv: 3.673e-04 time: 0.35
  | CTM step 7 conv: 1.212e-04 time: 0.35
  | CTM step 8 conv: 4.044e-05 time: 0.35
  | CTM step 9 conv: 1.358e-05 time: 0.35
  | CTM step 10 conv: 4.574e-06 time: 0.35
  | CTM step 11 conv: 1.543e-06 time: 0.46
Performing CTM
  | CTM step 1 conv: 1.000e+00 time: 0.45
  | CTM step 2 conv: 5.937e-08 time: 0.53
  | CTM step 3 conv: 2.005e-08 time: 0.53
Energies: 0.5089878607559002 -4.6780581144934e-11
Norm: 0.2468491181971057
========== 
Finished basis vector 24/63 

Starting simulation of basis vector 25/63
Performing CTM pre-steps without tracking
  | CTM step 1 conv: 1.000e+00 time: 0.31
  | CTM step 2 conv: 1.000e+00 time: 0.34
  | CTM step 3 conv: 1.000e+00 time: 0.35
  | CTM step 4 conv: 1.000e+00 time: 0.35
  | CTM step 5 conv: 1.136e-03 time: 0.35
  | CTM step 6 conv: 3.673e-04 time: 0.35
  | CTM step 7 conv: 1.212e-04 time: 0.35
  | CTM step 8 conv: 4.044e-05 time: 0.35
  | CTM step 9 conv: 1.358e-05 time: 0.35
  | CTM step 10 conv: 4.574e-06 time: 0.35
  | CTM step 11 conv: 1.543e-06 time: 0.35
Performing CTM
  | CTM step 1 conv: 1.000e+00 time: 0.45
  | CTM step 2 conv: 5.937e-08 time: 0.53
  | CTM step 3 conv: 2.005e-08 time: 0.55
Energies: 0.4557419128710345 -4.6780581144934e-11
Norm: 0.21736768830936332
========== 
Finished basis vector 25/63 

Starting simulation of basis vector 26/63
Performing CTM pre-steps without tracking
  | CTM step 1 conv: 1.000e+00 time: 0.31
  | CTM step 2 conv: 1.000e+00 time: 0.34
  | CTM step 3 conv: 1.000e+00 time: 0.35
  | CTM step 4 conv: 1.000e+00 time: 0.35
  | CTM step 5 conv: 1.136e-03 time: 0.35
  | CTM step 6 conv: 3.673e-04 time: 0.35
  | CTM step 7 conv: 1.212e-04 time: 0.35
  | CTM step 8 conv: 4.044e-05 time: 0.35
  | CTM step 9 conv: 1.358e-05 time: 0.35
  | CTM step 10 conv: 4.574e-06 time: 0.35
  | CTM step 11 conv: 1.543e-06 time: 0.35
Performing CTM
  | CTM step 1 conv: 1.000e+00 time: 0.45
  | CTM step 2 conv: 5.937e-08 time: 0.57
  | CTM step 3 conv: 2.005e-08 time: 0.53
Energies: 0.11479850445849182 -4.6780581144934e-11
Norm: 0.04255967601149309
========== 
Finished basis vector 26/63 

Starting simulation of basis vector 27/63
Performing CTM pre-steps without tracking
  | CTM step 1 conv: 1.000e+00 time: 0.31
  | CTM step 2 conv: 1.000e+00 time: 0.34
  | CTM step 3 conv: 1.000e+00 time: 0.35
  | CTM step 4 conv: 1.000e+00 time: 0.35
  | CTM step 5 conv: 1.136e-03 time: 0.35
  | CTM step 6 conv: 3.673e-04 time: 0.35
  | CTM step 7 conv: 1.212e-04 time: 0.35
  | CTM step 8 conv: 4.044e-05 time: 0.35
  | CTM step 9 conv: 1.358e-05 time: 0.35
  | CTM step 10 conv: 4.574e-06 time: 0.35
  | CTM step 11 conv: 1.543e-06 time: 0.35
Performing CTM
  | CTM step 1 conv: 1.000e+00 time: 0.45
  | CTM step 2 conv: 5.937e-08 time: 0.53
  | CTM step 3 conv: 2.005e-08 time: 0.53
Energies: 0.10769949500248788 -4.6780581144934e-11
Norm: 0.04006762415272408
========== 
Finished basis vector 27/63 

Starting simulation of basis vector 28/63
Performing CTM pre-steps without tracking
  | CTM step 1 conv: 1.000e+00 time: 0.31
  | CTM step 2 conv: 1.000e+00 time: 0.34
  | CTM step 3 conv: 1.000e+00 time: 0.35
  | CTM step 4 conv: 1.000e+00 time: 0.35
  | CTM step 5 conv: 1.136e-03 time: 0.35
  | CTM step 6 conv: 3.673e-04 time: 0.35
  | CTM step 7 conv: 1.212e-04 time: 0.35
  | CTM step 8 conv: 4.044e-05 time: 0.35
  | CTM step 9 conv: 1.358e-05 time: 0.35
  | CTM step 10 conv: 4.574e-06 time: 0.35
  | CTM step 11 conv: 1.543e-06 time: 0.35
Performing CTM
  | CTM step 1 conv: 1.000e+00 time: 0.45
  | CTM step 2 conv: 5.937e-08 time: 0.53
  | CTM step 3 conv: 2.005e-08 time: 0.53
Energies: 0.5739871690044596 -4.6780581144934e-11
Norm: 0.29253553303917595
========== 
Finished basis vector 28/63 

Starting simulation of basis vector 29/63
Performing CTM pre-steps without tracking
  | CTM step 1 conv: 1.000e+00 time: 0.31
  | CTM step 2 conv: 1.000e+00 time: 0.34
  | CTM step 3 conv: 1.000e+00 time: 0.35
  | CTM step 4 conv: 1.000e+00 time: 0.35
  | CTM step 5 conv: 1.136e-03 time: 0.35
  | CTM step 6 conv: 3.673e-04 time: 0.35
  | CTM step 7 conv: 1.212e-04 time: 0.35
  | CTM step 8 conv: 4.044e-05 time: 0.35
  | CTM step 9 conv: 1.358e-05 time: 0.35
  | CTM step 10 conv: 4.574e-06 time: 0.35
  | CTM step 11 conv: 1.543e-06 time: 0.35
Performing CTM
  | CTM step 1 conv: 1.000e+00 time: 0.45
  | CTM step 2 conv: 5.937e-08 time: 0.53
  | CTM step 3 conv: 2.005e-08 time: 0.53
Energies: 0.5093065580554232 -4.6780581144934e-11
Norm: 0.2581537228046051
========== 
Finished basis vector 29/63 

Starting simulation of basis vector 30/63
Performing CTM pre-steps without tracking
  | CTM step 1 conv: 1.000e+00 time: 0.31
  | CTM step 2 conv: 1.000e+00 time: 0.34
  | CTM step 3 conv: 1.000e+00 time: 0.34
  | CTM step 4 conv: 1.000e+00 time: 0.35
  | CTM step 5 conv: 1.136e-03 time: 0.35
  | CTM step 6 conv: 3.673e-04 time: 0.35
  | CTM step 7 conv: 1.212e-04 time: 0.35
  | CTM step 8 conv: 4.044e-05 time: 0.35
  | CTM step 9 conv: 1.358e-05 time: 0.35
  | CTM step 10 conv: 4.574e-06 time: 0.35
  | CTM step 11 conv: 1.543e-06 time: 0.35
Performing CTM
  | CTM step 1 conv: 1.000e+00 time: 0.45
  | CTM step 2 conv: 5.937e-08 time: 0.53
  | CTM step 3 conv: 2.005e-08 time: 0.53
Energies: 0.12538754184309342 -4.6780581144934e-11
Norm: 0.04729620406123709
========== 
Finished basis vector 30/63 

Starting simulation of basis vector 31/63
Performing CTM pre-steps without tracking
  | CTM step 1 conv: 1.000e+00 time: 0.31
  | CTM step 2 conv: 1.000e+00 time: 0.34
  | CTM step 3 conv: 1.000e+00 time: 0.34
  | CTM step 4 conv: 1.000e+00 time: 0.35
  | CTM step 5 conv: 1.136e-03 time: 0.35
  | CTM step 6 conv: 3.673e-04 time: 0.35
  | CTM step 7 conv: 1.212e-04 time: 0.35
  | CTM step 8 conv: 4.044e-05 time: 0.35
  | CTM step 9 conv: 1.358e-05 time: 0.35
  | CTM step 10 conv: 4.574e-06 time: 0.35
  | CTM step 11 conv: 1.543e-06 time: 0.35
Performing CTM
  | CTM step 1 conv: 1.000e+00 time: 0.45
  | CTM step 2 conv: 5.937e-08 time: 0.53
  | CTM step 3 conv: 2.005e-08 time: 0.53
Energies: 0.11668238471811831 -4.6780581144934e-11
Norm: 0.04468157700741702
========== 
Finished basis vector 31/63 

Starting simulation of basis vector 32/63
Performing CTM pre-steps without tracking
  | CTM step 1 conv: 1.000e+00 time: 0.31
  | CTM step 2 conv: 1.000e+00 time: 0.34
  | CTM step 3 conv: 1.000e+00 time: 0.35
  | CTM step 4 conv: 1.000e+00 time: 0.35
  | CTM step 5 conv: 1.136e-03 time: 0.35
  | CTM step 6 conv: 3.673e-04 time: 0.35
  | CTM step 7 conv: 1.212e-04 time: 0.35
  | CTM step 8 conv: 4.044e-05 time: 0.35
  | CTM step 9 conv: 1.358e-05 time: 0.35
  | CTM step 10 conv: 4.574e-06 time: 0.35
  | CTM step 11 conv: 1.543e-06 time: 0.35
Performing CTM
  | CTM step 1 conv: 1.000e+00 time: 0.45
  | CTM step 2 conv: 5.937e-08 time: 0.53
  | CTM step 3 conv: 2.005e-08 time: 0.53
Energies: 0.8444137328256556 -4.6780581144934e-11
Norm: 0.830794891441953
========== 
Finished basis vector 32/63 

Starting simulation of basis vector 33/63
Performing CTM pre-steps without tracking
  | CTM step 1 conv: 1.000e+00 time: 0.31
  | CTM step 2 conv: 1.000e+00 time: 0.34
  | CTM step 3 conv: 1.000e+00 time: 0.35
  | CTM step 4 conv: 1.000e+00 time: 0.35
  | CTM step 5 conv: 1.136e-03 time: 0.35
  | CTM step 6 conv: 3.673e-04 time: 0.35
  | CTM step 7 conv: 1.212e-04 time: 0.35
  | CTM step 8 conv: 4.044e-05 time: 0.35
  | CTM step 9 conv: 1.358e-05 time: 0.35
  | CTM step 10 conv: 4.574e-06 time: 0.35
  | CTM step 11 conv: 1.543e-06 time: 0.35
Performing CTM
  | CTM step 1 conv: 1.000e+00 time: 0.45
  | CTM step 2 conv: 5.937e-08 time: 0.53
  | CTM step 3 conv: 2.005e-08 time: 0.57
Energies: 1.0559116561096378 -4.6780581144934e-11
Norm: 0.7426932354840203
========== 
Finished basis vector 33/63 

Starting simulation of basis vector 34/63
Performing CTM pre-steps without tracking
  | CTM step 1 conv: 1.000e+00 time: 0.31
  | CTM step 2 conv: 1.000e+00 time: 0.34
  | CTM step 3 conv: 1.000e+00 time: 0.35
  | CTM step 4 conv: 1.000e+00 time: 0.35
  | CTM step 5 conv: 1.136e-03 time: 0.35
  | CTM step 6 conv: 3.673e-04 time: 0.35
  | CTM step 7 conv: 1.212e-04 time: 0.35
  | CTM step 8 conv: 4.044e-05 time: 0.35
  | CTM step 9 conv: 1.358e-05 time: 0.35
  | CTM step 10 conv: 4.574e-06 time: 0.35
  | CTM step 11 conv: 1.543e-06 time: 0.35
Performing CTM
  | CTM step 1 conv: 1.000e+00 time: 0.45
  | CTM step 2 conv: 5.937e-08 time: 0.53
  | CTM step 3 conv: 2.005e-08 time: 0.53
Energies: 0.25694365123089047 -4.6780581144934e-11
Norm: 0.14955088788863835
========== 
Finished basis vector 34/63 

Starting simulation of basis vector 35/63
Performing CTM pre-steps without tracking
  | CTM step 1 conv: 1.000e+00 time: 0.31
  | CTM step 2 conv: 1.000e+00 time: 0.34
  | CTM step 3 conv: 1.000e+00 time: 0.35
  | CTM step 4 conv: 1.000e+00 time: 0.35
  | CTM step 5 conv: 1.136e-03 time: 0.35
  | CTM step 6 conv: 3.673e-04 time: 0.35
  | CTM step 7 conv: 1.212e-04 time: 0.35
  | CTM step 8 conv: 4.044e-05 time: 0.35
  | CTM step 9 conv: 1.358e-05 time: 0.35
  | CTM step 10 conv: 4.574e-06 time: 0.35
  | CTM step 11 conv: 1.543e-06 time: 0.35
Performing CTM
  | CTM step 1 conv: 1.000e+00 time: 0.45
  | CTM step 2 conv: 5.937e-08 time: 0.53
  | CTM step 3 conv: 2.005e-08 time: 0.53
Energies: 0.24968587218394478 -4.6780581144934e-11
Norm: 0.12139617404458078
========== 
Finished basis vector 35/63 

Starting simulation of basis vector 36/63
Performing CTM pre-steps without tracking
  | CTM step 1 conv: 1.000e+00 time: 0.31
  | CTM step 2 conv: 1.000e+00 time: 0.34
  | CTM step 3 conv: 1.000e+00 time: 0.34
  | CTM step 4 conv: 1.000e+00 time: 0.35
  | CTM step 5 conv: 1.136e-03 time: 0.35
  | CTM step 6 conv: 3.673e-04 time: 0.35
  | CTM step 7 conv: 1.212e-04 time: 0.35
  | CTM step 8 conv: 4.044e-05 time: 0.35
  | CTM step 9 conv: 1.358e-05 time: 0.35
  | CTM step 10 conv: 4.574e-06 time: 0.35
  | CTM step 11 conv: 1.543e-06 time: 0.35
Performing CTM
  | CTM step 1 conv: 1.000e+00 time: 0.45
  | CTM step 2 conv: 5.937e-08 time: 0.57
  | CTM step 3 conv: 2.005e-08 time: 0.53
Energies: 0.9729310027519684 -4.6780581144934e-11
Norm: 0.8299547170118031
========== 
Finished basis vector 36/63 

Starting simulation of basis vector 37/63
Performing CTM pre-steps without tracking
  | CTM step 1 conv: 1.000e+00 time: 0.31
  | CTM step 2 conv: 1.000e+00 time: 0.34
  | CTM step 3 conv: 1.000e+00 time: 0.35
  | CTM step 4 conv: 1.000e+00 time: 0.35
  | CTM step 5 conv: 1.136e-03 time: 0.35
  | CTM step 6 conv: 3.673e-04 time: 0.35
  | CTM step 7 conv: 1.212e-04 time: 0.35
  | CTM step 8 conv: 4.044e-05 time: 0.35
  | CTM step 9 conv: 1.358e-05 time: 0.35
  | CTM step 10 conv: 4.574e-06 time: 0.35
  | CTM step 11 conv: 1.543e-06 time: 0.35
Performing CTM
  | CTM step 1 conv: 1.000e+00 time: 0.45
  | CTM step 2 conv: 5.937e-08 time: 0.53
  | CTM step 3 conv: 2.005e-08 time: 0.54
Energies: 1.1037607109436447 -4.6780581144934e-11
Norm: 0.47427279404940553
========== 
Finished basis vector 37/63 

Starting simulation of basis vector 38/63
Performing CTM pre-steps without tracking
  | CTM step 1 conv: 1.000e+00 time: 0.31
  | CTM step 2 conv: 1.000e+00 time: 0.34
  | CTM step 3 conv: 1.000e+00 time: 0.35
  | CTM step 4 conv: 1.000e+00 time: 0.35
  | CTM step 5 conv: 1.136e-03 time: 0.35
  | CTM step 6 conv: 3.673e-04 time: 0.35
  | CTM step 7 conv: 1.212e-04 time: 0.35
  | CTM step 8 conv: 4.044e-05 time: 0.35
  | CTM step 9 conv: 1.358e-05 time: 0.35
  | CTM step 10 conv: 4.574e-06 time: 0.35
  | CTM step 11 conv: 1.543e-06 time: 0.35
Performing CTM
  | CTM step 1 conv: 1.000e+00 time: 0.45
  | CTM step 2 conv: 5.937e-08 time: 0.53
  | CTM step 3 conv: 2.005e-08 time: 0.53
Energies: 0.3206979483375947 -4.6780581144934e-11
Norm: 0.18424093821629
========== 
Finished basis vector 38/63 

Starting simulation of basis vector 39/63
Performing CTM pre-steps without tracking
  | CTM step 1 conv: 1.000e+00 time: 0.31
  | CTM step 2 conv: 1.000e+00 time: 0.34
  | CTM step 3 conv: 1.000e+00 time: 0.35
  | CTM step 4 conv: 1.000e+00 time: 0.35
  | CTM step 5 conv: 1.136e-03 time: 0.35
  | CTM step 6 conv: 3.673e-04 time: 0.35
  | CTM step 7 conv: 1.212e-04 time: 0.35
  | CTM step 8 conv: 4.044e-05 time: 0.35
  | CTM step 9 conv: 1.358e-05 time: 0.35
  | CTM step 10 conv: 4.574e-06 time: 0.35
  | CTM step 11 conv: 1.543e-06 time: 0.35
Performing CTM
  | CTM step 1 conv: 1.000e+00 time: 0.45
  | CTM step 2 conv: 5.937e-08 time: 0.53
  | CTM step 3 conv: 2.005e-08 time: 0.53
Energies: 0.30589715864323375 -4.6780581144934e-11
Norm: 0.14016621199677448
========== 
Finished basis vector 39/63 

Starting simulation of basis vector 40/63
Performing CTM pre-steps without tracking
  | CTM step 1 conv: 1.000e+00 time: 0.31
  | CTM step 2 conv: 1.000e+00 time: 0.34
  | CTM step 3 conv: 1.000e+00 time: 0.34
  | CTM step 4 conv: 1.000e+00 time: 0.35
  | CTM step 5 conv: 1.136e-03 time: 0.35
  | CTM step 6 conv: 3.673e-04 time: 0.35
  | CTM step 7 conv: 1.212e-04 time: 0.35
  | CTM step 8 conv: 4.044e-05 time: 0.35
  | CTM step 9 conv: 1.358e-05 time: 0.35
  | CTM step 10 conv: 4.574e-06 time: 0.35
  | CTM step 11 conv: 1.543e-06 time: 0.35
Performing CTM
  | CTM step 1 conv: 1.000e+00 time: 0.45
  | CTM step 2 conv: 5.937e-08 time: 0.53
  | CTM step 3 conv: 2.005e-08 time: 0.53
Energies: 0.47331509043356457 -4.6780581144934e-11
Norm: 0.2360150578093359
========== 
Finished basis vector 40/63 

Starting simulation of basis vector 41/63
Performing CTM pre-steps without tracking
  | CTM step 1 conv: 1.000e+00 time: 0.31
  | CTM step 2 conv: 1.000e+00 time: 0.34
  | CTM step 3 conv: 1.000e+00 time: 0.35
  | CTM step 4 conv: 1.000e+00 time: 0.35
  | CTM step 5 conv: 1.136e-03 time: 0.35
  | CTM step 6 conv: 3.673e-04 time: 0.35
  | CTM step 7 conv: 1.212e-04 time: 0.35
  | CTM step 8 conv: 4.044e-05 time: 0.35
  | CTM step 9 conv: 1.358e-05 time: 0.35
  | CTM step 10 conv: 4.574e-06 time: 0.38
  | CTM step 11 conv: 1.543e-06 time: 0.35
Performing CTM
  | CTM step 1 conv: 1.000e+00 time: 0.45
  | CTM step 2 conv: 5.937e-08 time: 0.53
  | CTM step 3 conv: 2.005e-08 time: 0.61
Energies: 0.4945696098208021 -4.6780581144934e-11
Norm: 0.2572964580972762
========== 
Finished basis vector 41/63 

Starting simulation of basis vector 42/63
Performing CTM pre-steps without tracking
  | CTM step 1 conv: 1.000e+00 time: 0.31
  | CTM step 2 conv: 1.000e+00 time: 0.34
  | CTM step 3 conv: 1.000e+00 time: 0.35
  | CTM step 4 conv: 1.000e+00 time: 0.35
  | CTM step 5 conv: 1.136e-03 time: 0.35
  | CTM step 6 conv: 3.673e-04 time: 0.35
  | CTM step 7 conv: 1.212e-04 time: 0.35
  | CTM step 8 conv: 4.044e-05 time: 0.35
  | CTM step 9 conv: 1.358e-05 time: 0.35
  | CTM step 10 conv: 4.574e-06 time: 0.35
  | CTM step 11 conv: 1.543e-06 time: 0.35
Performing CTM
  | CTM step 1 conv: 1.000e+00 time: 0.45
  | CTM step 2 conv: 5.937e-08 time: 0.53
  | CTM step 3 conv: 2.005e-08 time: 0.53
Energies: 0.1082346353322915 -4.6780581144934e-11
Norm: 0.040838928118528156
========== 
Finished basis vector 42/63 

Starting simulation of basis vector 43/63
Performing CTM pre-steps without tracking
  | CTM step 1 conv: 1.000e+00 time: 0.31
  | CTM step 2 conv: 1.000e+00 time: 0.34
  | CTM step 3 conv: 1.000e+00 time: 0.34
  | CTM step 4 conv: 1.000e+00 time: 0.35
  | CTM step 5 conv: 1.136e-03 time: 0.35
  | CTM step 6 conv: 3.673e-04 time: 0.35
  | CTM step 7 conv: 1.212e-04 time: 0.35
  | CTM step 8 conv: 4.044e-05 time: 0.35
  | CTM step 9 conv: 1.358e-05 time: 0.35
  | CTM step 10 conv: 4.574e-06 time: 0.35
  | CTM step 11 conv: 1.543e-06 time: 0.35
Performing CTM
  | CTM step 1 conv: 1.000e+00 time: 0.45
  | CTM step 2 conv: 5.937e-08 time: 0.53
  | CTM step 3 conv: 2.005e-08 time: 0.57
Energies: 0.10880122242599388 -4.6780581144934e-11
Norm: 0.04145056503542795
========== 
Finished basis vector 43/63 

Starting simulation of basis vector 44/63
Performing CTM pre-steps without tracking
  | CTM step 1 conv: 1.000e+00 time: 0.31
  | CTM step 2 conv: 1.000e+00 time: 0.34
  | CTM step 3 conv: 1.000e+00 time: 0.35
  | CTM step 4 conv: 1.000e+00 time: 0.35
  | CTM step 5 conv: 1.136e-03 time: 0.35
  | CTM step 6 conv: 3.673e-04 time: 0.35
  | CTM step 7 conv: 1.212e-04 time: 0.35
  | CTM step 8 conv: 4.044e-05 time: 0.35
  | CTM step 9 conv: 1.358e-05 time: 0.35
  | CTM step 10 conv: 4.574e-06 time: 0.35
  | CTM step 11 conv: 1.543e-06 time: 0.35
Performing CTM
  | CTM step 1 conv: 1.000e+00 time: 0.45
  | CTM step 2 conv: 5.937e-08 time: 0.53
  | CTM step 3 conv: 2.005e-08 time: 0.53
Energies: 0.5150217498437804 -4.6780581144934e-11
Norm: 0.24607672482536583
========== 
Finished basis vector 44/63 

Starting simulation of basis vector 45/63
Performing CTM pre-steps without tracking
  | CTM step 1 conv: 1.000e+00 time: 0.31
  | CTM step 2 conv: 1.000e+00 time: 0.34
  | CTM step 3 conv: 1.000e+00 time: 0.35
  | CTM step 4 conv: 1.000e+00 time: 0.35
  | CTM step 5 conv: 1.136e-03 time: 0.35
  | CTM step 6 conv: 3.673e-04 time: 0.35
  | CTM step 7 conv: 1.212e-04 time: 0.35
  | CTM step 8 conv: 4.044e-05 time: 0.35
  | CTM step 9 conv: 1.358e-05 time: 0.35
  | CTM step 10 conv: 4.574e-06 time: 0.35
  | CTM step 11 conv: 1.543e-06 time: 0.35
Performing CTM
  | CTM step 1 conv: 1.000e+00 time: 0.45
  | CTM step 2 conv: 5.937e-08 time: 0.53
  | CTM step 3 conv: 2.005e-08 time: 0.53
Energies: 0.5206128239872347 -4.6780581144934e-11
Norm: 0.26693954464586966
========== 
Finished basis vector 45/63 

Starting simulation of basis vector 46/63
Performing CTM pre-steps without tracking
  | CTM step 1 conv: 1.000e+00 time: 0.31
  | CTM step 2 conv: 1.000e+00 time: 0.34
  | CTM step 3 conv: 1.000e+00 time: 0.35
  | CTM step 4 conv: 1.000e+00 time: 0.35
  | CTM step 5 conv: 1.136e-03 time: 0.35
  | CTM step 6 conv: 3.673e-04 time: 0.35
  | CTM step 7 conv: 1.212e-04 time: 0.35
  | CTM step 8 conv: 4.044e-05 time: 0.35
  | CTM step 9 conv: 1.358e-05 time: 0.35
  | CTM step 10 conv: 4.574e-06 time: 0.35
  | CTM step 11 conv: 1.543e-06 time: 0.35
Performing CTM
  | CTM step 1 conv: 1.000e+00 time: 0.45
  | CTM step 2 conv: 5.937e-08 time: 0.57
  | CTM step 3 conv: 2.005e-08 time: 0.53
Energies: 0.12276440636474806 -4.6780581144934e-11
Norm: 0.045508815371557015
========== 
Finished basis vector 46/63 

Starting simulation of basis vector 47/63
Performing CTM pre-steps without tracking
  | CTM step 1 conv: 1.000e+00 time: 0.31
  | CTM step 2 conv: 1.000e+00 time: 0.34
  | CTM step 3 conv: 1.000e+00 time: 0.34
  | CTM step 4 conv: 1.000e+00 time: 0.35
  | CTM step 5 conv: 1.136e-03 time: 0.35
  | CTM step 6 conv: 3.673e-04 time: 0.35
  | CTM step 7 conv: 1.212e-04 time: 0.35
  | CTM step 8 conv: 4.044e-05 time: 0.35
  | CTM step 9 conv: 1.358e-05 time: 0.35
  | CTM step 10 conv: 4.574e-06 time: 0.35
  | CTM step 11 conv: 1.543e-06 time: 0.35
Performing CTM
  | CTM step 1 conv: 1.000e+00 time: 0.45
  | CTM step 2 conv: 5.937e-08 time: 0.53
  | CTM step 3 conv: 2.005e-08 time: 0.53
Energies: 0.12173497021270474 -4.6780581144934e-11
Norm: 0.04632821711517307
========== 
Finished basis vector 47/63 

Starting simulation of basis vector 48/63
Performing CTM pre-steps without tracking
  | CTM step 1 conv: 1.000e+00 time: 0.31
  | CTM step 2 conv: 1.000e+00 time: 0.34
  | CTM step 3 conv: 1.000e+00 time: 0.35
  | CTM step 4 conv: 1.000e+00 time: 0.35
  | CTM step 5 conv: 1.136e-03 time: 0.35
  | CTM step 6 conv: 3.673e-04 time: 0.4
  | CTM step 7 conv: 1.212e-04 time: 0.35
  | CTM step 8 conv: 4.044e-05 time: 0.35
  | CTM step 9 conv: 1.358e-05 time: 0.35
  | CTM step 10 conv: 4.574e-06 time: 0.35
  | CTM step 11 conv: 1.543e-06 time: 0.35
Performing CTM
  | CTM step 1 conv: 1.000e+00 time: 0.45
  | CTM step 2 conv: 5.937e-08 time: 0.53
  | CTM step 3 conv: 2.005e-08 time: 0.53
Energies: 2.0667535863289306 -4.6780581144934e-11
Norm: 0.9452065074416112
========== 
Finished basis vector 48/63 

Starting simulation of basis vector 49/63
Performing CTM pre-steps without tracking
  | CTM step 1 conv: 1.000e+00 time: 0.31
  | CTM step 2 conv: 1.000e+00 time: 0.34
  | CTM step 3 conv: 1.000e+00 time: 0.34
  | CTM step 4 conv: 1.000e+00 time: 0.35
  | CTM step 5 conv: 1.136e-03 time: 0.35
  | CTM step 6 conv: 3.673e-04 time: 0.36
  | CTM step 7 conv: 1.212e-04 time: 0.35
  | CTM step 8 conv: 4.044e-05 time: 0.35
  | CTM step 9 conv: 1.358e-05 time: 0.35
  | CTM step 10 conv: 4.574e-06 time: 0.35
  | CTM step 11 conv: 1.543e-06 time: 0.35
Performing CTM
  | CTM step 1 conv: 1.000e+00 time: 0.45
  | CTM step 2 conv: 5.937e-08 time: 0.53
  | CTM step 3 conv: 2.005e-08 time: 0.53
Energies: 2.204510264354589 -4.6780581144934e-11
Norm: 1.0084605556158002
========== 
Finished basis vector 49/63 

Starting simulation of basis vector 50/63
Performing CTM pre-steps without tracking
  | CTM step 1 conv: 1.000e+00 time: 0.31
  | CTM step 2 conv: 1.000e+00 time: 0.34
  | CTM step 3 conv: 1.000e+00 time: 0.34
  | CTM step 4 conv: 1.000e+00 time: 0.35
  | CTM step 5 conv: 1.136e-03 time: 0.35
  | CTM step 6 conv: 3.673e-04 time: 0.35
  | CTM step 7 conv: 1.212e-04 time: 0.35
  | CTM step 8 conv: 4.044e-05 time: 0.43
  | CTM step 9 conv: 1.358e-05 time: 0.35
  | CTM step 10 conv: 4.574e-06 time: 0.35
  | CTM step 11 conv: 1.543e-06 time: 0.35
Performing CTM
  | CTM step 1 conv: 1.000e+00 time: 0.45
  | CTM step 2 conv: 5.937e-08 time: 0.53
  | CTM step 3 conv: 2.005e-08 time: 0.53
Energies: 0.41774346452296385 -4.6780581144934e-11
Norm: 0.15421623129428602
========== 
Finished basis vector 50/63 

Starting simulation of basis vector 51/63
Performing CTM pre-steps without tracking
  | CTM step 1 conv: 1.000e+00 time: 0.31
  | CTM step 2 conv: 1.000e+00 time: 0.34
  | CTM step 3 conv: 1.000e+00 time: 0.35
  | CTM step 4 conv: 1.000e+00 time: 0.35
  | CTM step 5 conv: 1.136e-03 time: 0.35
  | CTM step 6 conv: 3.673e-04 time: 0.35
  | CTM step 7 conv: 1.212e-04 time: 0.35
  | CTM step 8 conv: 4.044e-05 time: 0.35
  | CTM step 9 conv: 1.358e-05 time: 0.35
  | CTM step 10 conv: 4.574e-06 time: 0.35
  | CTM step 11 conv: 1.543e-06 time: 0.35
Performing CTM
  | CTM step 1 conv: 1.000e+00 time: 0.45
  | CTM step 2 conv: 5.937e-08 time: 0.53
  | CTM step 3 conv: 2.005e-08 time: 0.53
Energies: 0.41701111383367473 -4.6780581144934e-11
Norm: 0.15979579468538893
========== 
Finished basis vector 51/63 

Starting simulation of basis vector 52/63
Performing CTM pre-steps without tracking
  | CTM step 1 conv: 1.000e+00 time: 0.31
  | CTM step 2 conv: 1.000e+00 time: 0.34
  | CTM step 3 conv: 1.000e+00 time: 0.34
  | CTM step 4 conv: 1.000e+00 time: 0.35
  | CTM step 5 conv: 1.136e-03 time: 0.35
  | CTM step 6 conv: 3.673e-04 time: 0.35
  | CTM step 7 conv: 1.212e-04 time: 0.35
  | CTM step 8 conv: 4.044e-05 time: 0.35
  | CTM step 9 conv: 1.358e-05 time: 0.35
  | CTM step 10 conv: 4.574e-06 time: 0.35
  | CTM step 11 conv: 1.543e-06 time: 0.35
Performing CTM
  | CTM step 1 conv: 1.000e+00 time: 0.45
  | CTM step 2 conv: 5.937e-08 time: 0.53
  | CTM step 3 conv: 2.005e-08 time: 0.53
Energies: 1.8996040510417327 -4.6780581144934e-11
Norm: 0.8857828761023334
========== 
Finished basis vector 52/63 

Starting simulation of basis vector 53/63
Performing CTM pre-steps without tracking
  | CTM step 1 conv: 1.000e+00 time: 0.31
  | CTM step 2 conv: 1.000e+00 time: 0.34
  | CTM step 3 conv: 1.000e+00 time: 0.35
  | CTM step 4 conv: 1.000e+00 time: 0.35
  | CTM step 5 conv: 1.136e-03 time: 0.35
  | CTM step 6 conv: 3.673e-04 time: 0.35
  | CTM step 7 conv: 1.212e-04 time: 0.35
  | CTM step 8 conv: 4.044e-05 time: 0.35
  | CTM step 9 conv: 1.358e-05 time: 0.35
  | CTM step 10 conv: 4.574e-06 time: 0.35
  | CTM step 11 conv: 1.543e-06 time: 0.35
Performing CTM
  | CTM step 1 conv: 1.000e+00 time: 0.45
  | CTM step 2 conv: 5.937e-08 time: 0.53
  | CTM step 3 conv: 2.005e-08 time: 0.57
Energies: 2.2030618458290885 -4.6780581144934e-11
Norm: 1.0127538010364
========== 
Finished basis vector 53/63 

Starting simulation of basis vector 54/63
Performing CTM pre-steps without tracking
  | CTM step 1 conv: 1.000e+00 time: 0.31
  | CTM step 2 conv: 1.000e+00 time: 0.34
  | CTM step 3 conv: 1.000e+00 time: 0.35
  | CTM step 4 conv: 1.000e+00 time: 0.35
  | CTM step 5 conv: 1.136e-03 time: 0.35
  | CTM step 6 conv: 3.673e-04 time: 0.35
  | CTM step 7 conv: 1.212e-04 time: 0.35
  | CTM step 8 conv: 4.044e-05 time: 0.35
  | CTM step 9 conv: 1.358e-05 time: 0.35
  | CTM step 10 conv: 4.574e-06 time: 0.35
  | CTM step 11 conv: 1.543e-06 time: 0.35
Performing CTM
  | CTM step 1 conv: 1.000e+00 time: 0.45
  | CTM step 2 conv: 5.937e-08 time: 0.53
  | CTM step 3 conv: 2.005e-08 time: 0.53
Energies: 0.41953176771533895 -4.6780581144934e-11
Norm: 0.1554266991088898
========== 
Finished basis vector 54/63 

Starting simulation of basis vector 55/63
Performing CTM pre-steps without tracking
  | CTM step 1 conv: 1.000e+00 time: 0.31
  | CTM step 2 conv: 1.000e+00 time: 0.34
  | CTM step 3 conv: 1.000e+00 time: 0.35
  | CTM step 4 conv: 1.000e+00 time: 0.35
  | CTM step 5 conv: 1.136e-03 time: 0.35
  | CTM step 6 conv: 3.673e-04 time: 0.35
  | CTM step 7 conv: 1.212e-04 time: 0.35
  | CTM step 8 conv: 4.044e-05 time: 0.35
  | CTM step 9 conv: 1.358e-05 time: 0.35
  | CTM step 10 conv: 4.574e-06 time: 0.35
  | CTM step 11 conv: 1.543e-06 time: 0.35
Performing CTM
  | CTM step 1 conv: 1.000e+00 time: 0.45
  | CTM step 2 conv: 5.937e-08 time: 0.53
  | CTM step 3 conv: 2.005e-08 time: 0.53
Energies: 0.42309739891556 -4.6780581144934e-11
Norm: 0.15809451850341033
========== 
Finished basis vector 55/63 

Starting simulation of basis vector 56/63
Performing CTM pre-steps without tracking
  | CTM step 1 conv: 1.000e+00 time: 0.31
  | CTM step 2 conv: 1.000e+00 time: 0.34
  | CTM step 3 conv: 1.000e+00 time: 0.34
  | CTM step 4 conv: 1.000e+00 time: 0.35
  | CTM step 5 conv: 1.136e-03 time: 0.35
  | CTM step 6 conv: 3.673e-04 time: 0.35
  | CTM step 7 conv: 1.212e-04 time: 0.35
  | CTM step 8 conv: 4.044e-05 time: 0.35
  | CTM step 9 conv: 1.358e-05 time: 0.35
  | CTM step 10 conv: 4.574e-06 time: 0.35
  | CTM step 11 conv: 1.543e-06 time: 0.35
Performing CTM
  | CTM step 1 conv: 1.000e+00 time: 0.45
  | CTM step 2 conv: 5.937e-08 time: 0.57
  | CTM step 3 conv: 2.005e-08 time: 0.53
Energies: 0.7349337757108096 -4.6780581144934e-11
Norm: 0.25118830176231943
========== 
Finished basis vector 56/63 

Starting simulation of basis vector 57/63
Performing CTM pre-steps without tracking
  | CTM step 1 conv: 1.000e+00 time: 0.31
  | CTM step 2 conv: 1.000e+00 time: 0.34
  | CTM step 3 conv: 1.000e+00 time: 0.35
  | CTM step 4 conv: 1.000e+00 time: 0.35
  | CTM step 5 conv: 1.136e-03 time: 0.35
  | CTM step 6 conv: 3.673e-04 time: 0.35
  | CTM step 7 conv: 1.212e-04 time: 0.35
  | CTM step 8 conv: 4.044e-05 time: 0.35
  | CTM step 9 conv: 1.358e-05 time: 0.35
  | CTM step 10 conv: 4.574e-06 time: 0.35
  | CTM step 11 conv: 1.543e-06 time: 0.35
Performing CTM
  | CTM step 1 conv: 1.000e+00 time: 0.45
  | CTM step 2 conv: 5.937e-08 time: 0.53
  | CTM step 3 conv: 2.005e-08 time: 0.53
Energies: 0.7485079518973143 -4.6780581144934e-11
Norm: 0.26078263385504247
========== 
Finished basis vector 57/63 

Starting simulation of basis vector 58/63
Performing CTM pre-steps without tracking
  | CTM step 1 conv: 1.000e+00 time: 0.31
  | CTM step 2 conv: 1.000e+00 time: 0.34
  | CTM step 3 conv: 1.000e+00 time: 0.35
  | CTM step 4 conv: 1.000e+00 time: 0.35
  | CTM step 5 conv: 1.136e-03 time: 0.35
  | CTM step 6 conv: 3.673e-04 time: 0.35
  | CTM step 7 conv: 1.212e-04 time: 0.35
  | CTM step 8 conv: 4.044e-05 time: 0.36
  | CTM step 9 conv: 1.358e-05 time: 0.35
  | CTM step 10 conv: 4.574e-06 time: 0.35
  | CTM step 11 conv: 1.543e-06 time: 0.35
Performing CTM
  | CTM step 1 conv: 1.000e+00 time: 0.45
  | CTM step 2 conv: 5.937e-08 time: 0.53
  | CTM step 3 conv: 2.005e-08 time: 0.53
Energies: 0.1472252819818114 -4.6780581144934e-11
Norm: 0.041153341290775865
========== 
Finished basis vector 58/63 

Starting simulation of basis vector 59/63
Performing CTM pre-steps without tracking
  | CTM step 1 conv: 1.000e+00 time: 0.31
  | CTM step 2 conv: 1.000e+00 time: 0.34
  | CTM step 3 conv: 1.000e+00 time: 0.35
  | CTM step 4 conv: 1.000e+00 time: 0.35
  | CTM step 5 conv: 1.136e-03 time: 0.35
  | CTM step 6 conv: 3.673e-04 time: 0.35
  | CTM step 7 conv: 1.212e-04 time: 0.35
  | CTM step 8 conv: 4.044e-05 time: 0.35
  | CTM step 9 conv: 1.358e-05 time: 0.36
  | CTM step 10 conv: 4.574e-06 time: 0.35
  | CTM step 11 conv: 1.543e-06 time: 0.36
Performing CTM
  | CTM step 1 conv: 1.000e+00 time: 0.45
  | CTM step 2 conv: 5.937e-08 time: 0.53
  | CTM step 3 conv: 2.005e-08 time: 0.53
Energies: 0.1511378691328621 -4.6780581144934e-11
Norm: 0.042665457472637745
========== 
Finished basis vector 59/63 

Starting simulation of basis vector 60/63
Performing CTM pre-steps without tracking
  | CTM step 1 conv: 1.000e+00 time: 0.31
  | CTM step 2 conv: 1.000e+00 time: 0.34
  | CTM step 3 conv: 1.000e+00 time: 0.35
  | CTM step 4 conv: 1.000e+00 time: 0.35
  | CTM step 5 conv: 1.136e-03 time: 0.35
  | CTM step 6 conv: 3.673e-04 time: 0.39
  | CTM step 7 conv: 1.212e-04 time: 0.35
  | CTM step 8 conv: 4.044e-05 time: 0.35
  | CTM step 9 conv: 1.358e-05 time: 0.35
  | CTM step 10 conv: 4.574e-06 time: 0.35
  | CTM step 11 conv: 1.543e-06 time: 0.35
Performing CTM
  | CTM step 1 conv: 1.000e+00 time: 0.45
  | CTM step 2 conv: 5.937e-08 time: 0.53
  | CTM step 3 conv: 2.005e-08 time: 0.53
Energies: 0.8256149239961905 -4.6780581144934e-11
Norm: 0.2807941584690394
========== 
Finished basis vector 60/63 

Starting simulation of basis vector 61/63
Performing CTM pre-steps without tracking
  | CTM step 1 conv: 1.000e+00 time: 0.31
  | CTM step 2 conv: 1.000e+00 time: 0.34
  | CTM step 3 conv: 1.000e+00 time: 0.35
  | CTM step 4 conv: 1.000e+00 time: 0.35
  | CTM step 5 conv: 1.136e-03 time: 0.35
  | CTM step 6 conv: 3.673e-04 time: 0.35
  | CTM step 7 conv: 1.212e-04 time: 0.35
  | CTM step 8 conv: 4.044e-05 time: 0.35
  | CTM step 9 conv: 1.358e-05 time: 0.35
  | CTM step 10 conv: 4.574e-06 time: 0.35
  | CTM step 11 conv: 1.543e-06 time: 0.35
Performing CTM
  | CTM step 1 conv: 1.000e+00 time: 0.45
  | CTM step 2 conv: 5.937e-08 time: 0.53
  | CTM step 3 conv: 2.005e-08 time: 0.53
Energies: 0.8369425920407685 -4.6780581144934e-11
Norm: 0.28342237219143435
========== 
Finished basis vector 61/63 

Starting simulation of basis vector 62/63
Performing CTM pre-steps without tracking
  | CTM step 1 conv: 1.000e+00 time: 0.31
  | CTM step 2 conv: 1.000e+00 time: 0.34
  | CTM step 3 conv: 1.000e+00 time: 0.34
  | CTM step 4 conv: 1.000e+00 time: 0.35
  | CTM step 5 conv: 1.136e-03 time: 0.35
  | CTM step 6 conv: 3.673e-04 time: 0.35
  | CTM step 7 conv: 1.212e-04 time: 0.35
  | CTM step 8 conv: 4.044e-05 time: 0.35
  | CTM step 9 conv: 1.358e-05 time: 0.35
  | CTM step 10 conv: 4.574e-06 time: 0.35
  | CTM step 11 conv: 1.543e-06 time: 0.35
Performing CTM
  | CTM step 1 conv: 1.000e+00 time: 0.45
  | CTM step 2 conv: 5.937e-08 time: 0.53
  | CTM step 3 conv: 2.005e-08 time: 0.53
Energies: 0.16133447765807807 -4.6780581144934e-11
Norm: 0.045034402323096905
========== 
Finished basis vector 62/63 

Starting simulation of basis vector 63/63
Performing CTM pre-steps without tracking
  | CTM step 1 conv: 1.000e+00 time: 0.31
  | CTM step 2 conv: 1.000e+00 time: 0.34
  | CTM step 3 conv: 1.000e+00 time: 0.34
  | CTM step 4 conv: 1.000e+00 time: 0.35
  | CTM step 5 conv: 1.136e-03 time: 0.35
  | CTM step 6 conv: 3.673e-04 time: 0.35
  | CTM step 7 conv: 1.212e-04 time: 0.35
  | CTM step 8 conv: 4.044e-05 time: 0.35
  | CTM step 9 conv: 1.358e-05 time: 0.35
  | CTM step 10 conv: 4.574e-06 time: 0.35
  | CTM step 11 conv: 1.543e-06 time: 0.35
Performing CTM
  | CTM step 1 conv: 1.000e+00 time: 0.45
  | CTM step 2 conv: 5.937e-08 time: 0.53
  | CTM step 3 conv: 2.005e-08 time: 0.57
Energies: 0.16462646618681287 -4.6780581144934e-11
Norm: 0.04601454753524108
========== 
Finished basis vector 63/63 

[[3.14048501+2.32087679e-03j 0.25200849+8.30620667e-02j
  0.88194543+2.87688790e-03j ... 0.26230448-2.12455762e-02j
  0.07221895+6.52864219e-03j 0.10056837-3.29755909e-03j]
 [0.25090893-8.52180653e-02j 0.69822397-8.28152394e-04j
  0.23969901-2.07696827e-02j ... 0.21019973+2.27568575e-03j
  0.04474113-3.85199440e-03j 0.06423893-1.34186874e-03j]
 [0.88177284-2.15201731e-03j 0.23944391+2.05304330e-02j
  0.70462789-2.15673518e-04j ... 0.2654887 +1.67957369e-03j
  0.0588448 -4.63504327e-04j 0.07729287+6.30349409e-04j]
 ...
 [0.26049891+2.40808257e-02j 0.20895241-2.05578166e-03j
  0.26664953-2.17186688e-03j ... 1.67117122-6.36977422e-04j
  0.15368782+1.28625790e-04j 0.47555382+2.46532041e-03j]
 [0.07206309-6.97112087e-03j 0.04451216+3.88762027e-03j
  0.05890772+3.08781963e-04j ... 0.15323314-4.47246721e-04j
  0.32325442+2.76959227e-06j 0.12264499-7.07231519e-04j]
 [0.10087698+3.75533381e-03j 0.06392182+1.76743727e-03j
  0.07754251-9.10134937e-04j ... 0.47496957-3.32164477e-03j
  0.12263995+6.19203129e-04j 0.3289807 -1.89882804e-04j]]
[[0.7463069 -1.17083850e-08j 0.05949436+1.76582208e-02j
  0.19888238+3.74928091e-04j ... 0.05175503+1.36565751e-03j
  0.01245295+2.76673694e-04j 0.02512129+1.81232194e-03j]
 [0.05949435-1.76582253e-02j 0.12532642+4.34157265e-09j
  0.05082531-4.29980117e-03j ... 0.03847674+1.08956695e-03j
  0.00844596-6.42340468e-04j 0.01213758+1.87271095e-04j]
 [0.1988824 -3.74927436e-04j 0.05082532+4.29979758e-03j
  0.13139339+1.13977289e-09j ... 0.04913223+4.24504298e-04j
  0.01100931-2.63005874e-04j 0.01488039+4.31419498e-04j]
 ...
 [0.05175504-1.36565590e-03j 0.03847674-1.08956264e-03j
  0.04913223-4.24501785e-04j ... 0.28342237+5.59116825e-09j
  0.03099767+3.55466436e-05j 0.07721036+4.76696583e-04j]
 [0.01245295-2.76668728e-04j 0.00844596+6.42342155e-04j
  0.01100931+2.63007463e-04j ... 0.03099767-3.55425620e-05j
  0.0450344 +4.76078773e-10j 0.02004101-6.87767144e-05j]
 [0.0251213 -1.81231409e-03j 0.01213758-1.87270510e-04j
  0.01488039-4.31415924e-04j ... 0.07721035-4.76690028e-04j
  0.02004101+6.87782127e-05j 0.04601455+1.38709515e-09j]]
Done
Saved to /share/home/tanyi/ad-peps/simulations/exci/11_honeycomb_D2_X30/8_1.0_0.77778.npz
