No GPU/TPU found, falling back to CPU. (Set TF_CPP_MIN_LOG_LEVEL=0 and rerun for more info.)
Namespace(version=False, sim_mode='exci', config_file='honeycomb_exci.yaml', momentum_ix=22, evaluate=False, init=False)
Running excited-state sim
honeycomb_exci.yaml
/share/home/tanyi/ad-peps/examples/honeycomb_exci.yaml
/share/home/tanyi/ad-peps/examples/honeycomb_exci.yaml
D: 2
chi: 30
ctm_conv_tol: 1.0e-06
ctm_max_iter: 20
ctm_min_iter: 4
disp_level: 1
flush_output: true
model: honeycomb
model_params:
  Jx: 1
  Jy: 1
momentum_path: Bril1
out_prefix: 11
pattern:
- - 0
  - 0
- - 0
  - 0
resume: true

Starting simulation of basis vector 1/63
Performing CTM pre-steps without tracking
  | CTM step 1 conv: 1.000e+00 time: 2.65
  | CTM step 2 conv: 1.000e+00 time: 3.17
  | CTM step 3 conv: 1.000e+00 time: 3.96
  | CTM step 4 conv: 1.000e+00 time: 3.39
  | CTM step 5 conv: 1.136e-03 time: 1.97
  | CTM step 6 conv: 3.673e-04 time: 1.83
  | CTM step 7 conv: 1.212e-04 time: 1.11
  | CTM step 8 conv: 4.044e-05 time: 0.36
  | CTM step 9 conv: 1.358e-05 time: 0.36
  | CTM step 10 conv: 4.574e-06 time: 0.36
  | CTM step 11 conv: 1.543e-06 time: 0.36
Performing CTM
  | CTM step 1 conv: 1.000e+00 time: 1.16
  | CTM step 2 conv: 5.937e-08 time: 0.69
  | CTM step 3 conv: 2.005e-08 time: 0.54
Energies: 1.9849114467538715 -4.6780581144934e-11
Norm: 1.0108122850523693
========== 
Finished basis vector 1/63 

Starting simulation of basis vector 2/63
Performing CTM pre-steps without tracking
  | CTM step 1 conv: 1.000e+00 time: 0.32
  | CTM step 2 conv: 1.000e+00 time: 0.35
  | CTM step 3 conv: 1.000e+00 time: 0.37
  | CTM step 4 conv: 1.000e+00 time: 0.38
  | CTM step 5 conv: 1.136e-03 time: 0.36
  | CTM step 6 conv: 3.673e-04 time: 0.36
  | CTM step 7 conv: 1.212e-04 time: 0.36
  | CTM step 8 conv: 4.044e-05 time: 0.36
  | CTM step 9 conv: 1.358e-05 time: 0.36
  | CTM step 10 conv: 4.574e-06 time: 0.36
  | CTM step 11 conv: 1.543e-06 time: 0.36
Performing CTM
  | CTM step 1 conv: 1.000e+00 time: 0.46
  | CTM step 2 conv: 5.937e-08 time: 0.55
  | CTM step 3 conv: 2.005e-08 time: 0.55
Energies: 0.3468875555528155 -4.6780581144934e-11
Norm: 0.12230960675770118
========== 
Finished basis vector 2/63 

Starting simulation of basis vector 3/63
Performing CTM pre-steps without tracking
  | CTM step 1 conv: 1.000e+00 time: 0.31
  | CTM step 2 conv: 1.000e+00 time: 0.34
  | CTM step 3 conv: 1.000e+00 time: 0.35
  | CTM step 4 conv: 1.000e+00 time: 0.37
  | CTM step 5 conv: 1.136e-03 time: 0.36
  | CTM step 6 conv: 3.673e-04 time: 0.36
  | CTM step 7 conv: 1.212e-04 time: 0.36
  | CTM step 8 conv: 4.044e-05 time: 0.36
  | CTM step 9 conv: 1.358e-05 time: 0.36
  | CTM step 10 conv: 4.574e-06 time: 0.36
  | CTM step 11 conv: 1.543e-06 time: 0.36
Performing CTM
  | CTM step 1 conv: 1.000e+00 time: 0.46
  | CTM step 2 conv: 5.937e-08 time: 0.54
  | CTM step 3 conv: 2.005e-08 time: 0.59
Energies: 0.3623704889679644 -4.6780581144934e-11
Norm: 0.15601446010513453
========== 
Finished basis vector 3/63 

Starting simulation of basis vector 4/63
Performing CTM pre-steps without tracking
  | CTM step 1 conv: 1.000e+00 time: 0.31
  | CTM step 2 conv: 1.000e+00 time: 0.35
  | CTM step 3 conv: 1.000e+00 time: 0.36
  | CTM step 4 conv: 1.000e+00 time: 0.36
  | CTM step 5 conv: 1.136e-03 time: 0.36
  | CTM step 6 conv: 3.673e-04 time: 0.36
  | CTM step 7 conv: 1.212e-04 time: 0.36
  | CTM step 8 conv: 4.044e-05 time: 0.36
  | CTM step 9 conv: 1.358e-05 time: 0.36
  | CTM step 10 conv: 4.574e-06 time: 0.36
  | CTM step 11 conv: 1.543e-06 time: 0.36
Performing CTM
  | CTM step 1 conv: 1.000e+00 time: 0.46
  | CTM step 2 conv: 5.937e-08 time: 0.54
  | CTM step 3 conv: 2.005e-08 time: 0.54
Energies: 1.451574417359538 -4.6780581144934e-11
Norm: 0.6264152529579559
========== 
Finished basis vector 4/63 

Starting simulation of basis vector 5/63
Performing CTM pre-steps without tracking
  | CTM step 1 conv: 1.000e+00 time: 0.32
  | CTM step 2 conv: 1.000e+00 time: 0.35
  | CTM step 3 conv: 1.000e+00 time: 0.36
  | CTM step 4 conv: 1.000e+00 time: 0.36
  | CTM step 5 conv: 1.136e-03 time: 0.36
  | CTM step 6 conv: 3.673e-04 time: 0.36
  | CTM step 7 conv: 1.212e-04 time: 0.36
  | CTM step 8 conv: 4.044e-05 time: 0.36
  | CTM step 9 conv: 1.358e-05 time: 0.36
  | CTM step 10 conv: 4.574e-06 time: 0.36
  | CTM step 11 conv: 1.543e-06 time: 0.36
Performing CTM
  | CTM step 1 conv: 1.000e+00 time: 0.46
  | CTM step 2 conv: 5.937e-08 time: 0.55
  | CTM step 3 conv: 2.005e-08 time: 0.54
Energies: 1.4251040292676684 -4.6780581144934e-11
Norm: 0.8316833927751637
========== 
Finished basis vector 5/63 

Starting simulation of basis vector 6/63
Performing CTM pre-steps without tracking
  | CTM step 1 conv: 1.000e+00 time: 0.32
  | CTM step 2 conv: 1.000e+00 time: 0.35
  | CTM step 3 conv: 1.000e+00 time: 0.36
  | CTM step 4 conv: 1.000e+00 time: 0.36
  | CTM step 5 conv: 1.136e-03 time: 0.36
  | CTM step 6 conv: 3.673e-04 time: 0.36
  | CTM step 7 conv: 1.212e-04 time: 0.37
  | CTM step 8 conv: 4.044e-05 time: 0.36
  | CTM step 9 conv: 1.358e-05 time: 0.36
  | CTM step 10 conv: 4.574e-06 time: 0.36
  | CTM step 11 conv: 1.543e-06 time: 0.36
Performing CTM
  | CTM step 1 conv: 1.000e+00 time: 0.46
  | CTM step 2 conv: 5.937e-08 time: 0.59
  | CTM step 3 conv: 2.005e-08 time: 0.54
Energies: 0.3955724070543767 -4.6780581144934e-11
Norm: 0.13332575473993222
========== 
Finished basis vector 6/63 

Starting simulation of basis vector 7/63
Performing CTM pre-steps without tracking
  | CTM step 1 conv: 1.000e+00 time: 0.32
  | CTM step 2 conv: 1.000e+00 time: 0.35
  | CTM step 3 conv: 1.000e+00 time: 0.36
  | CTM step 4 conv: 1.000e+00 time: 0.36
  | CTM step 5 conv: 1.136e-03 time: 0.37
  | CTM step 6 conv: 3.673e-04 time: 0.36
  | CTM step 7 conv: 1.212e-04 time: 0.36
  | CTM step 8 conv: 4.044e-05 time: 0.37
  | CTM step 9 conv: 1.358e-05 time: 0.36
  | CTM step 10 conv: 4.574e-06 time: 0.36
  | CTM step 11 conv: 1.543e-06 time: 0.36
Performing CTM
  | CTM step 1 conv: 1.000e+00 time: 0.46
  | CTM step 2 conv: 5.937e-08 time: 0.54
  | CTM step 3 conv: 2.005e-08 time: 0.54
Energies: 0.3912765433954881 -4.6780581144934e-11
Norm: 0.15043183621448825
========== 
Finished basis vector 7/63 

Starting simulation of basis vector 8/63
Performing CTM pre-steps without tracking
  | CTM step 1 conv: 1.000e+00 time: 0.32
  | CTM step 2 conv: 1.000e+00 time: 0.35
  | CTM step 3 conv: 1.000e+00 time: 0.36
  | CTM step 4 conv: 1.000e+00 time: 0.36
  | CTM step 5 conv: 1.136e-03 time: 0.36
  | CTM step 6 conv: 3.673e-04 time: 0.36
  | CTM step 7 conv: 1.212e-04 time: 0.36
  | CTM step 8 conv: 4.044e-05 time: 0.36
  | CTM step 9 conv: 1.358e-05 time: 0.36
  | CTM step 10 conv: 4.574e-06 time: 0.36
  | CTM step 11 conv: 1.543e-06 time: 0.36
Performing CTM
  | CTM step 1 conv: 1.000e+00 time: 0.46
  | CTM step 2 conv: 5.937e-08 time: 0.54
  | CTM step 3 conv: 2.005e-08 time: 0.54
Energies: 0.7542529413138994 -4.6780581144934e-11
Norm: 0.2497164151233519
========== 
Finished basis vector 8/63 

Starting simulation of basis vector 9/63
Performing CTM pre-steps without tracking
  | CTM step 1 conv: 1.000e+00 time: 0.32
  | CTM step 2 conv: 1.000e+00 time: 0.35
  | CTM step 3 conv: 1.000e+00 time: 0.35
  | CTM step 4 conv: 1.000e+00 time: 0.36
  | CTM step 5 conv: 1.136e-03 time: 0.36
  | CTM step 6 conv: 3.673e-04 time: 0.36
  | CTM step 7 conv: 1.212e-04 time: 0.36
  | CTM step 8 conv: 4.044e-05 time: 0.44
  | CTM step 9 conv: 1.358e-05 time: 0.36
  | CTM step 10 conv: 4.574e-06 time: 0.36
  | CTM step 11 conv: 1.543e-06 time: 0.36
Performing CTM
  | CTM step 1 conv: 1.000e+00 time: 0.46
  | CTM step 2 conv: 5.937e-08 time: 0.54
  | CTM step 3 conv: 2.005e-08 time: 0.54
Energies: 0.7098620342468362 -4.6780581144934e-11
Norm: 0.24989221368555142
========== 
Finished basis vector 9/63 

Starting simulation of basis vector 10/63
Performing CTM pre-steps without tracking
  | CTM step 1 conv: 1.000e+00 time: 0.32
  | CTM step 2 conv: 1.000e+00 time: 0.35
  | CTM step 3 conv: 1.000e+00 time: 0.36
  | CTM step 4 conv: 1.000e+00 time: 0.36
  | CTM step 5 conv: 1.136e-03 time: 0.36
  | CTM step 6 conv: 3.673e-04 time: 0.36
  | CTM step 7 conv: 1.212e-04 time: 0.36
  | CTM step 8 conv: 4.044e-05 time: 0.36
  | CTM step 9 conv: 1.358e-05 time: 0.36
  | CTM step 10 conv: 4.574e-06 time: 0.36
  | CTM step 11 conv: 1.543e-06 time: 0.36
Performing CTM
  | CTM step 1 conv: 1.000e+00 time: 0.46
  | CTM step 2 conv: 5.937e-08 time: 0.54
  | CTM step 3 conv: 2.005e-08 time: 0.54
Energies: 0.1475406640627135 -4.6780581144934e-11
Norm: 0.04137267348231764
========== 
Finished basis vector 10/63 

Starting simulation of basis vector 11/63
Performing CTM pre-steps without tracking
  | CTM step 1 conv: 1.000e+00 time: 0.32
  | CTM step 2 conv: 1.000e+00 time: 0.35
  | CTM step 3 conv: 1.000e+00 time: 0.36
  | CTM step 4 conv: 1.000e+00 time: 0.36
  | CTM step 5 conv: 1.136e-03 time: 0.36
  | CTM step 6 conv: 3.673e-04 time: 0.36
  | CTM step 7 conv: 1.212e-04 time: 0.36
  | CTM step 8 conv: 4.044e-05 time: 0.36
  | CTM step 9 conv: 1.358e-05 time: 0.36
  | CTM step 10 conv: 4.574e-06 time: 0.36
  | CTM step 11 conv: 1.543e-06 time: 0.36
Performing CTM
  | CTM step 1 conv: 1.000e+00 time: 0.46
  | CTM step 2 conv: 5.937e-08 time: 0.54
  | CTM step 3 conv: 2.005e-08 time: 0.54
Energies: 0.14822337458060597 -4.6780581144934e-11
Norm: 0.04144931847488614
========== 
Finished basis vector 11/63 

Starting simulation of basis vector 12/63
Performing CTM pre-steps without tracking
  | CTM step 1 conv: 1.000e+00 time: 0.31
  | CTM step 2 conv: 1.000e+00 time: 0.34
  | CTM step 3 conv: 1.000e+00 time: 0.39
  | CTM step 4 conv: 1.000e+00 time: 0.36
  | CTM step 5 conv: 1.136e-03 time: 0.36
  | CTM step 6 conv: 3.673e-04 time: 0.36
  | CTM step 7 conv: 1.212e-04 time: 0.36
  | CTM step 8 conv: 4.044e-05 time: 0.36
  | CTM step 9 conv: 1.358e-05 time: 0.36
  | CTM step 10 conv: 4.574e-06 time: 0.36
  | CTM step 11 conv: 1.543e-06 time: 0.36
Performing CTM
  | CTM step 1 conv: 1.000e+00 time: 0.46
  | CTM step 2 conv: 5.937e-08 time: 0.54
  | CTM step 3 conv: 2.005e-08 time: 0.54
Energies: 0.8775347826194029 -4.6780581144934e-11
Norm: 0.2791943101461061
========== 
Finished basis vector 12/63 

Starting simulation of basis vector 13/63
Performing CTM pre-steps without tracking
  | CTM step 1 conv: 1.000e+00 time: 0.32
  | CTM step 2 conv: 1.000e+00 time: 0.35
  | CTM step 3 conv: 1.000e+00 time: 0.35
  | CTM step 4 conv: 1.000e+00 time: 0.36
  | CTM step 5 conv: 1.136e-03 time: 0.36
  | CTM step 6 conv: 3.673e-04 time: 0.36
  | CTM step 7 conv: 1.212e-04 time: 0.36
  | CTM step 8 conv: 4.044e-05 time: 0.36
  | CTM step 9 conv: 1.358e-05 time: 0.36
  | CTM step 10 conv: 4.574e-06 time: 0.36
  | CTM step 11 conv: 1.543e-06 time: 0.36
Performing CTM
  | CTM step 1 conv: 1.000e+00 time: 0.46
  | CTM step 2 conv: 5.937e-08 time: 0.54
  | CTM step 3 conv: 2.005e-08 time: 0.59
Energies: 0.8196418831157684 -4.6780581144934e-11
Norm: 0.271317663742836
========== 
Finished basis vector 13/63 

Starting simulation of basis vector 14/63
Performing CTM pre-steps without tracking
  | CTM step 1 conv: 1.000e+00 time: 0.32
  | CTM step 2 conv: 1.000e+00 time: 0.35
  | CTM step 3 conv: 1.000e+00 time: 0.36
  | CTM step 4 conv: 1.000e+00 time: 0.36
  | CTM step 5 conv: 1.136e-03 time: 0.36
  | CTM step 6 conv: 3.673e-04 time: 0.36
  | CTM step 7 conv: 1.212e-04 time: 0.36
  | CTM step 8 conv: 4.044e-05 time: 0.36
  | CTM step 9 conv: 1.358e-05 time: 0.36
  | CTM step 10 conv: 4.574e-06 time: 0.36
  | CTM step 11 conv: 1.543e-06 time: 0.36
Performing CTM
  | CTM step 1 conv: 1.000e+00 time: 0.46
  | CTM step 2 conv: 5.937e-08 time: 0.54
  | CTM step 3 conv: 2.005e-08 time: 0.54
Energies: 0.1629443333469085 -4.6780581144934e-11
Norm: 0.04542310688478271
========== 
Finished basis vector 14/63 

Starting simulation of basis vector 15/63
Performing CTM pre-steps without tracking
  | CTM step 1 conv: 1.000e+00 time: 0.32
  | CTM step 2 conv: 1.000e+00 time: 0.35
  | CTM step 3 conv: 1.000e+00 time: 0.36
  | CTM step 4 conv: 1.000e+00 time: 0.36
  | CTM step 5 conv: 1.136e-03 time: 0.36
  | CTM step 6 conv: 3.673e-04 time: 0.36
  | CTM step 7 conv: 1.212e-04 time: 0.36
  | CTM step 8 conv: 4.044e-05 time: 0.36
  | CTM step 9 conv: 1.358e-05 time: 0.36
  | CTM step 10 conv: 4.574e-06 time: 0.36
  | CTM step 11 conv: 1.543e-06 time: 0.36
Performing CTM
  | CTM step 1 conv: 1.000e+00 time: 0.46
  | CTM step 2 conv: 5.937e-08 time: 0.54
  | CTM step 3 conv: 2.005e-08 time: 0.54
Energies: 0.16466592323423646 -4.6780581144934e-11
Norm: 0.04525872663793873
========== 
Finished basis vector 15/63 

Starting simulation of basis vector 16/63
Performing CTM pre-steps without tracking
  | CTM step 1 conv: 1.000e+00 time: 0.31
  | CTM step 2 conv: 1.000e+00 time: 0.35
  | CTM step 3 conv: 1.000e+00 time: 0.35
  | CTM step 4 conv: 1.000e+00 time: 0.37
  | CTM step 5 conv: 1.136e-03 time: 0.36
  | CTM step 6 conv: 3.673e-04 time: 0.36
  | CTM step 7 conv: 1.212e-04 time: 0.36
  | CTM step 8 conv: 4.044e-05 time: 0.46
  | CTM step 9 conv: 1.358e-05 time: 0.36
  | CTM step 10 conv: 4.574e-06 time: 0.36
  | CTM step 11 conv: 1.543e-06 time: 0.36
Performing CTM
  | CTM step 1 conv: 1.000e+00 time: 0.46
  | CTM step 2 conv: 5.937e-08 time: 0.59
  | CTM step 3 conv: 2.005e-08 time: 0.54
Energies: 1.390566569773231 -4.6780581144934e-11
Norm: 1.3479623820135753
========== 
Finished basis vector 16/63 

Starting simulation of basis vector 17/63
Performing CTM pre-steps without tracking
  | CTM step 1 conv: 1.000e+00 time: 0.31
  | CTM step 2 conv: 1.000e+00 time: 0.35
  | CTM step 3 conv: 1.000e+00 time: 0.36
  | CTM step 4 conv: 1.000e+00 time: 0.37
  | CTM step 5 conv: 1.136e-03 time: 0.36
  | CTM step 6 conv: 3.673e-04 time: 0.36
  | CTM step 7 conv: 1.212e-04 time: 0.36
  | CTM step 8 conv: 4.044e-05 time: 0.36
  | CTM step 9 conv: 1.358e-05 time: 0.36
  | CTM step 10 conv: 4.574e-06 time: 0.36
  | CTM step 11 conv: 1.543e-06 time: 0.36
Performing CTM
  | CTM step 1 conv: 1.000e+00 time: 0.46
  | CTM step 2 conv: 5.937e-08 time: 0.54
  | CTM step 3 conv: 2.005e-08 time: 0.54
Energies: 0.7270865540267941 -4.6780581144934e-11
Norm: 0.6369567224642255
========== 
Finished basis vector 17/63 

Starting simulation of basis vector 18/63
Performing CTM pre-steps without tracking
  | CTM step 1 conv: 1.000e+00 time: 0.32
  | CTM step 2 conv: 1.000e+00 time: 0.35
  | CTM step 3 conv: 1.000e+00 time: 0.36
  | CTM step 4 conv: 1.000e+00 time: 0.36
  | CTM step 5 conv: 1.136e-03 time: 0.36
  | CTM step 6 conv: 3.673e-04 time: 0.36
  | CTM step 7 conv: 1.212e-04 time: 0.36
  | CTM step 8 conv: 4.044e-05 time: 0.36
  | CTM step 9 conv: 1.358e-05 time: 0.36
  | CTM step 10 conv: 4.574e-06 time: 0.36
  | CTM step 11 conv: 1.543e-06 time: 0.36
Performing CTM
  | CTM step 1 conv: 1.000e+00 time: 0.46
  | CTM step 2 conv: 5.937e-08 time: 0.55
  | CTM step 3 conv: 2.005e-08 time: 0.54
Energies: 0.21440597659830996 -4.6780581144934e-11
Norm: 0.18296147131466908
========== 
Finished basis vector 18/63 

Starting simulation of basis vector 19/63
Performing CTM pre-steps without tracking
  | CTM step 1 conv: 1.000e+00 time: 0.31
  | CTM step 2 conv: 1.000e+00 time: 0.35
  | CTM step 3 conv: 1.000e+00 time: 0.36
  | CTM step 4 conv: 1.000e+00 time: 0.36
  | CTM step 5 conv: 1.136e-03 time: 0.36
  | CTM step 6 conv: 3.673e-04 time: 0.36
  | CTM step 7 conv: 1.212e-04 time: 0.36
  | CTM step 8 conv: 4.044e-05 time: 0.36
  | CTM step 9 conv: 1.358e-05 time: 0.36
  | CTM step 10 conv: 4.574e-06 time: 0.36
  | CTM step 11 conv: 1.543e-06 time: 0.36
Performing CTM
  | CTM step 1 conv: 1.000e+00 time: 0.46
  | CTM step 2 conv: 5.937e-08 time: 0.54
  | CTM step 3 conv: 2.005e-08 time: 0.54
Energies: 0.25782464250934045 -4.6780581144934e-11
Norm: 0.11200473888672657
========== 
Finished basis vector 19/63 

Starting simulation of basis vector 20/63
Performing CTM pre-steps without tracking
  | CTM step 1 conv: 1.000e+00 time: 0.32
  | CTM step 2 conv: 1.000e+00 time: 0.35
  | CTM step 3 conv: 1.000e+00 time: 0.35
  | CTM step 4 conv: 1.000e+00 time: 0.36
  | CTM step 5 conv: 1.136e-03 time: 0.36
  | CTM step 6 conv: 3.673e-04 time: 0.36
  | CTM step 7 conv: 1.212e-04 time: 0.36
  | CTM step 8 conv: 4.044e-05 time: 0.36
  | CTM step 9 conv: 1.358e-05 time: 0.36
  | CTM step 10 conv: 4.574e-06 time: 0.36
  | CTM step 11 conv: 1.543e-06 time: 0.36
Performing CTM
  | CTM step 1 conv: 1.000e+00 time: 0.46
  | CTM step 2 conv: 5.937e-08 time: 0.54
  | CTM step 3 conv: 2.005e-08 time: 0.54
Energies: 0.8784554425730082 -4.6780581144934e-11
Norm: 1.1424302333163165
========== 
Finished basis vector 20/63 

Starting simulation of basis vector 21/63
Performing CTM pre-steps without tracking
  | CTM step 1 conv: 1.000e+00 time: 0.32
  | CTM step 2 conv: 1.000e+00 time: 0.35
  | CTM step 3 conv: 1.000e+00 time: 0.36
  | CTM step 4 conv: 1.000e+00 time: 0.36
  | CTM step 5 conv: 1.136e-03 time: 0.36
  | CTM step 6 conv: 3.673e-04 time: 0.36
  | CTM step 7 conv: 1.212e-04 time: 0.36
  | CTM step 8 conv: 4.044e-05 time: 0.36
  | CTM step 9 conv: 1.358e-05 time: 0.36
  | CTM step 10 conv: 4.574e-06 time: 0.36
  | CTM step 11 conv: 1.543e-06 time: 0.36
Performing CTM
  | CTM step 1 conv: 1.000e+00 time: 0.46
  | CTM step 2 conv: 5.937e-08 time: 0.54
  | CTM step 3 conv: 2.005e-08 time: 0.54
Energies: 0.7392786922020864 -4.6780581144934e-11
Norm: 0.5710135112269618
========== 
Finished basis vector 21/63 

Starting simulation of basis vector 22/63
Performing CTM pre-steps without tracking
  | CTM step 1 conv: 1.000e+00 time: 0.32
  | CTM step 2 conv: 1.000e+00 time: 0.35
  | CTM step 3 conv: 1.000e+00 time: 0.36
  | CTM step 4 conv: 1.000e+00 time: 0.36
  | CTM step 5 conv: 1.136e-03 time: 0.36
  | CTM step 6 conv: 3.673e-04 time: 0.36
  | CTM step 7 conv: 1.212e-04 time: 0.36
  | CTM step 8 conv: 4.044e-05 time: 0.36
  | CTM step 9 conv: 1.358e-05 time: 0.36
  | CTM step 10 conv: 4.574e-06 time: 0.36
  | CTM step 11 conv: 1.543e-06 time: 0.36
Performing CTM
  | CTM step 1 conv: 1.000e+00 time: 0.46
  | CTM step 2 conv: 5.937e-08 time: 0.54
  | CTM step 3 conv: 2.005e-08 time: 0.54
Energies: 0.2710439721269391 -4.6780581144934e-11
Norm: 0.18195406680126358
========== 
Finished basis vector 22/63 

Starting simulation of basis vector 23/63
Performing CTM pre-steps without tracking
  | CTM step 1 conv: 1.000e+00 time: 0.31
  | CTM step 2 conv: 1.000e+00 time: 0.34
  | CTM step 3 conv: 1.000e+00 time: 0.35
  | CTM step 4 conv: 1.000e+00 time: 0.36
  | CTM step 5 conv: 1.136e-03 time: 0.36
  | CTM step 6 conv: 3.673e-04 time: 0.36
  | CTM step 7 conv: 1.212e-04 time: 0.36
  | CTM step 8 conv: 4.044e-05 time: 0.36
  | CTM step 9 conv: 1.358e-05 time: 0.36
  | CTM step 10 conv: 4.574e-06 time: 0.36
  | CTM step 11 conv: 1.543e-06 time: 0.36
Performing CTM
  | CTM step 1 conv: 1.000e+00 time: 0.46
  | CTM step 2 conv: 5.937e-08 time: 0.54
  | CTM step 3 conv: 2.005e-08 time: 0.58
Energies: 0.3010504746208684 -4.6780581144934e-11
Norm: 0.1268336934147345
========== 
Finished basis vector 23/63 

Starting simulation of basis vector 24/63
Performing CTM pre-steps without tracking
  | CTM step 1 conv: 1.000e+00 time: 0.31
  | CTM step 2 conv: 1.000e+00 time: 0.35
  | CTM step 3 conv: 1.000e+00 time: 0.35
  | CTM step 4 conv: 1.000e+00 time: 0.36
  | CTM step 5 conv: 1.136e-03 time: 0.36
  | CTM step 6 conv: 3.673e-04 time: 0.36
  | CTM step 7 conv: 1.212e-04 time: 0.36
  | CTM step 8 conv: 4.044e-05 time: 0.36
  | CTM step 9 conv: 1.358e-05 time: 0.36
  | CTM step 10 conv: 4.574e-06 time: 0.36
  | CTM step 11 conv: 1.543e-06 time: 0.36
Performing CTM
  | CTM step 1 conv: 1.000e+00 time: 0.46
  | CTM step 2 conv: 5.937e-08 time: 0.54
  | CTM step 3 conv: 2.005e-08 time: 0.54
Energies: 0.5288419028702345 -4.6780581144934e-11
Norm: 0.2581808441020602
========== 
Finished basis vector 24/63 

Starting simulation of basis vector 25/63
Performing CTM pre-steps without tracking
  | CTM step 1 conv: 1.000e+00 time: 0.32
  | CTM step 2 conv: 1.000e+00 time: 0.35
  | CTM step 3 conv: 1.000e+00 time: 0.36
  | CTM step 4 conv: 1.000e+00 time: 0.36
  | CTM step 5 conv: 1.136e-03 time: 0.36
  | CTM step 6 conv: 3.673e-04 time: 0.36
  | CTM step 7 conv: 1.212e-04 time: 0.36
  | CTM step 8 conv: 4.044e-05 time: 0.36
  | CTM step 9 conv: 1.358e-05 time: 0.36
  | CTM step 10 conv: 4.574e-06 time: 0.36
  | CTM step 11 conv: 1.543e-06 time: 0.36
Performing CTM
  | CTM step 1 conv: 1.000e+00 time: 0.46
  | CTM step 2 conv: 5.937e-08 time: 0.54
  | CTM step 3 conv: 2.005e-08 time: 0.54
Energies: 0.5079325656681197 -4.6780581144934e-11
Norm: 0.24562492507038539
========== 
Finished basis vector 25/63 

Starting simulation of basis vector 26/63
Performing CTM pre-steps without tracking
  | CTM step 1 conv: 1.000e+00 time: 0.31
  | CTM step 2 conv: 1.000e+00 time: 0.34
  | CTM step 3 conv: 1.000e+00 time: 0.35
  | CTM step 4 conv: 1.000e+00 time: 0.36
  | CTM step 5 conv: 1.136e-03 time: 0.36
  | CTM step 6 conv: 3.673e-04 time: 0.44
  | CTM step 7 conv: 1.212e-04 time: 0.36
  | CTM step 8 conv: 4.044e-05 time: 0.36
  | CTM step 9 conv: 1.358e-05 time: 0.36
  | CTM step 10 conv: 4.574e-06 time: 0.36
  | CTM step 11 conv: 1.543e-06 time: 0.36
Performing CTM
  | CTM step 1 conv: 1.000e+00 time: 0.46
  | CTM step 2 conv: 5.937e-08 time: 0.58
  | CTM step 3 conv: 2.005e-08 time: 0.54
Energies: 0.1021594760492881 -4.6780581144934e-11
Norm: 0.0401021730639365
========== 
Finished basis vector 26/63 

Starting simulation of basis vector 27/63
Performing CTM pre-steps without tracking
  | CTM step 1 conv: 1.000e+00 time: 0.31
  | CTM step 2 conv: 1.000e+00 time: 0.35
  | CTM step 3 conv: 1.000e+00 time: 0.35
  | CTM step 4 conv: 1.000e+00 time: 0.36
  | CTM step 5 conv: 1.136e-03 time: 0.36
  | CTM step 6 conv: 3.673e-04 time: 0.36
  | CTM step 7 conv: 1.212e-04 time: 0.36
  | CTM step 8 conv: 4.044e-05 time: 0.36
  | CTM step 9 conv: 1.358e-05 time: 0.36
  | CTM step 10 conv: 4.574e-06 time: 0.36
  | CTM step 11 conv: 1.543e-06 time: 0.36
Performing CTM
  | CTM step 1 conv: 1.000e+00 time: 0.46
  | CTM step 2 conv: 5.937e-08 time: 0.54
  | CTM step 3 conv: 2.005e-08 time: 0.54
Energies: 0.10366070663740001 -4.6780581144934e-11
Norm: 0.040143439917692536
========== 
Finished basis vector 27/63 

Starting simulation of basis vector 28/63
Performing CTM pre-steps without tracking
  | CTM step 1 conv: 1.000e+00 time: 0.32
  | CTM step 2 conv: 1.000e+00 time: 0.35
  | CTM step 3 conv: 1.000e+00 time: 0.36
  | CTM step 4 conv: 1.000e+00 time: 0.36
  | CTM step 5 conv: 1.136e-03 time: 0.36
  | CTM step 6 conv: 3.673e-04 time: 0.36
  | CTM step 7 conv: 1.212e-04 time: 0.36
  | CTM step 8 conv: 4.044e-05 time: 0.36
  | CTM step 9 conv: 1.358e-05 time: 0.36
  | CTM step 10 conv: 4.574e-06 time: 0.36
  | CTM step 11 conv: 1.543e-06 time: 0.36
Performing CTM
  | CTM step 1 conv: 1.000e+00 time: 0.46
  | CTM step 2 conv: 5.937e-08 time: 0.54
  | CTM step 3 conv: 2.005e-08 time: 0.54
Energies: 0.61803699860253 -4.6780581144934e-11
Norm: 0.2753831237440799
========== 
Finished basis vector 28/63 

Starting simulation of basis vector 29/63
Performing CTM pre-steps without tracking
  | CTM step 1 conv: 1.000e+00 time: 0.32
  | CTM step 2 conv: 1.000e+00 time: 0.35
  | CTM step 3 conv: 1.000e+00 time: 0.35
  | CTM step 4 conv: 1.000e+00 time: 0.36
  | CTM step 5 conv: 1.136e-03 time: 0.36
  | CTM step 6 conv: 3.673e-04 time: 0.36
  | CTM step 7 conv: 1.212e-04 time: 0.36
  | CTM step 8 conv: 4.044e-05 time: 0.36
  | CTM step 9 conv: 1.358e-05 time: 0.36
  | CTM step 10 conv: 4.574e-06 time: 0.36
  | CTM step 11 conv: 1.543e-06 time: 0.36
Performing CTM
  | CTM step 1 conv: 1.000e+00 time: 0.46
  | CTM step 2 conv: 5.937e-08 time: 0.54
  | CTM step 3 conv: 2.005e-08 time: 0.54
Energies: 0.6006836926069057 -4.6780581144934e-11
Norm: 0.2637836876403159
========== 
Finished basis vector 29/63 

Starting simulation of basis vector 30/63
Performing CTM pre-steps without tracking
  | CTM step 1 conv: 1.000e+00 time: 0.31
  | CTM step 2 conv: 1.000e+00 time: 0.35
  | CTM step 3 conv: 1.000e+00 time: 0.35
  | CTM step 4 conv: 1.000e+00 time: 0.36
  | CTM step 5 conv: 1.136e-03 time: 0.36
  | CTM step 6 conv: 3.673e-04 time: 0.36
  | CTM step 7 conv: 1.212e-04 time: 0.36
  | CTM step 8 conv: 4.044e-05 time: 0.36
  | CTM step 9 conv: 1.358e-05 time: 0.36
  | CTM step 10 conv: 4.574e-06 time: 0.36
  | CTM step 11 conv: 1.543e-06 time: 0.36
Performing CTM
  | CTM step 1 conv: 1.000e+00 time: 0.46
  | CTM step 2 conv: 5.937e-08 time: 0.54
  | CTM step 3 conv: 2.005e-08 time: 0.54
Energies: 0.1172610095611063 -4.6780581144934e-11
Norm: 0.045427201697853775
========== 
Finished basis vector 30/63 

Starting simulation of basis vector 31/63
Performing CTM pre-steps without tracking
  | CTM step 1 conv: 1.000e+00 time: 0.31
  | CTM step 2 conv: 1.000e+00 time: 0.35
  | CTM step 3 conv: 1.000e+00 time: 0.36
  | CTM step 4 conv: 1.000e+00 time: 0.36
  | CTM step 5 conv: 1.136e-03 time: 0.36
  | CTM step 6 conv: 3.673e-04 time: 0.36
  | CTM step 7 conv: 1.212e-04 time: 0.36
  | CTM step 8 conv: 4.044e-05 time: 0.36
  | CTM step 9 conv: 1.358e-05 time: 0.41
  | CTM step 10 conv: 4.574e-06 time: 0.36
  | CTM step 11 conv: 1.543e-06 time: 0.36
Performing CTM
  | CTM step 1 conv: 1.000e+00 time: 0.46
  | CTM step 2 conv: 5.937e-08 time: 0.54
  | CTM step 3 conv: 2.005e-08 time: 0.54
Energies: 0.11902756281730864 -4.6780581144934e-11
Norm: 0.04439838445457963
========== 
Finished basis vector 31/63 

Starting simulation of basis vector 32/63
Performing CTM pre-steps without tracking
  | CTM step 1 conv: 1.000e+00 time: 0.31
  | CTM step 2 conv: 1.000e+00 time: 0.34
  | CTM step 3 conv: 1.000e+00 time: 0.35
  | CTM step 4 conv: 1.000e+00 time: 0.36
  | CTM step 5 conv: 1.136e-03 time: 0.36
  | CTM step 6 conv: 3.673e-04 time: 0.36
  | CTM step 7 conv: 1.212e-04 time: 0.36
  | CTM step 8 conv: 4.044e-05 time: 0.36
  | CTM step 9 conv: 1.358e-05 time: 0.36
  | CTM step 10 conv: 4.574e-06 time: 0.36
  | CTM step 11 conv: 1.543e-06 time: 0.36
Performing CTM
  | CTM step 1 conv: 1.000e+00 time: 0.46
  | CTM step 2 conv: 5.937e-08 time: 0.54
  | CTM step 3 conv: 2.005e-08 time: 0.54
Energies: 0.8492427124060171 -4.6780581144934e-11
Norm: 0.6332049166340025
========== 
Finished basis vector 32/63 

Starting simulation of basis vector 33/63
Performing CTM pre-steps without tracking
  | CTM step 1 conv: 1.000e+00 time: 0.31
  | CTM step 2 conv: 1.000e+00 time: 0.35
  | CTM step 3 conv: 1.000e+00 time: 0.36
  | CTM step 4 conv: 1.000e+00 time: 0.38
  | CTM step 5 conv: 1.136e-03 time: 0.36
  | CTM step 6 conv: 3.673e-04 time: 0.36
  | CTM step 7 conv: 1.212e-04 time: 0.36
  | CTM step 8 conv: 4.044e-05 time: 0.36
  | CTM step 9 conv: 1.358e-05 time: 0.36
  | CTM step 10 conv: 4.574e-06 time: 0.36
  | CTM step 11 conv: 1.543e-06 time: 0.36
Performing CTM
  | CTM step 1 conv: 1.000e+00 time: 0.46
  | CTM step 2 conv: 5.937e-08 time: 0.55
  | CTM step 3 conv: 2.005e-08 time: 0.59
Energies: 0.9946266208527632 -4.6780581144934e-11
Norm: 0.8330822867293186
========== 
Finished basis vector 33/63 

Starting simulation of basis vector 34/63
Performing CTM pre-steps without tracking
  | CTM step 1 conv: 1.000e+00 time: 0.32
  | CTM step 2 conv: 1.000e+00 time: 0.35
  | CTM step 3 conv: 1.000e+00 time: 0.36
  | CTM step 4 conv: 1.000e+00 time: 0.36
  | CTM step 5 conv: 1.136e-03 time: 0.36
  | CTM step 6 conv: 3.673e-04 time: 0.36
  | CTM step 7 conv: 1.212e-04 time: 0.36
  | CTM step 8 conv: 4.044e-05 time: 0.36
  | CTM step 9 conv: 1.358e-05 time: 0.36
  | CTM step 10 conv: 4.574e-06 time: 0.36
  | CTM step 11 conv: 1.543e-06 time: 0.36
Performing CTM
  | CTM step 1 conv: 1.000e+00 time: 0.46
  | CTM step 2 conv: 5.937e-08 time: 0.58
  | CTM step 3 conv: 2.005e-08 time: 0.58
Energies: 0.3027014338480343 -4.6780581144934e-11
Norm: 0.12461850759486884
========== 
Finished basis vector 34/63 

Starting simulation of basis vector 35/63
Performing CTM pre-steps without tracking
  | CTM step 1 conv: 1.000e+00 time: 0.32
  | CTM step 2 conv: 1.000e+00 time: 0.35
  | CTM step 3 conv: 1.000e+00 time: 0.36
  | CTM step 4 conv: 1.000e+00 time: 0.36
  | CTM step 5 conv: 1.136e-03 time: 0.36
  | CTM step 6 conv: 3.673e-04 time: 0.36
  | CTM step 7 conv: 1.212e-04 time: 0.36
  | CTM step 8 conv: 4.044e-05 time: 0.36
  | CTM step 9 conv: 1.358e-05 time: 0.36
  | CTM step 10 conv: 4.574e-06 time: 0.36
  | CTM step 11 conv: 1.543e-06 time: 0.36
Performing CTM
  | CTM step 1 conv: 1.000e+00 time: 0.46
  | CTM step 2 conv: 5.937e-08 time: 0.54
  | CTM step 3 conv: 2.005e-08 time: 0.54
Energies: 0.2657848962499989 -4.6780581144934e-11
Norm: 0.1468679244072301
========== 
Finished basis vector 35/63 

Starting simulation of basis vector 36/63
Performing CTM pre-steps without tracking
  | CTM step 1 conv: 1.000e+00 time: 0.32
  | CTM step 2 conv: 1.000e+00 time: 0.35
  | CTM step 3 conv: 1.000e+00 time: 0.36
  | CTM step 4 conv: 1.000e+00 time: 0.36
  | CTM step 5 conv: 1.136e-03 time: 0.36
  | CTM step 6 conv: 3.673e-04 time: 0.36
  | CTM step 7 conv: 1.212e-04 time: 0.36
  | CTM step 8 conv: 4.044e-05 time: 0.36
  | CTM step 9 conv: 1.358e-05 time: 0.36
  | CTM step 10 conv: 4.574e-06 time: 0.36
  | CTM step 11 conv: 1.543e-06 time: 0.36
Performing CTM
  | CTM step 1 conv: 1.000e+00 time: 0.46
  | CTM step 2 conv: 5.937e-08 time: 0.58
  | CTM step 3 conv: 2.005e-08 time: 0.54
Energies: 0.9637128858850463 -4.6780581144934e-11
Norm: 1.0503190405155183
========== 
Finished basis vector 36/63 

Starting simulation of basis vector 37/63
Performing CTM pre-steps without tracking
  | CTM step 1 conv: 1.000e+00 time: 0.32
  | CTM step 2 conv: 1.000e+00 time: 0.35
  | CTM step 3 conv: 1.000e+00 time: 0.35
  | CTM step 4 conv: 1.000e+00 time: 0.36
  | CTM step 5 conv: 1.136e-03 time: 0.36
  | CTM step 6 conv: 3.673e-04 time: 0.36
  | CTM step 7 conv: 1.212e-04 time: 0.36
  | CTM step 8 conv: 4.044e-05 time: 0.36
  | CTM step 9 conv: 1.358e-05 time: 0.36
  | CTM step 10 conv: 4.574e-06 time: 0.36
  | CTM step 11 conv: 1.543e-06 time: 0.36
Performing CTM
  | CTM step 1 conv: 1.000e+00 time: 0.46
  | CTM step 2 conv: 5.937e-08 time: 0.54
  | CTM step 3 conv: 2.005e-08 time: 0.54
Energies: 1.5125807567446916 -4.6780581144934e-11
Norm: 1.4906946144141404
========== 
Finished basis vector 37/63 

Starting simulation of basis vector 38/63
Performing CTM pre-steps without tracking
  | CTM step 1 conv: 1.000e+00 time: 0.32
  | CTM step 2 conv: 1.000e+00 time: 0.35
  | CTM step 3 conv: 1.000e+00 time: 0.35
  | CTM step 4 conv: 1.000e+00 time: 0.36
  | CTM step 5 conv: 1.136e-03 time: 0.36
  | CTM step 6 conv: 3.673e-04 time: 0.36
  | CTM step 7 conv: 1.212e-04 time: 0.36
  | CTM step 8 conv: 4.044e-05 time: 0.36
  | CTM step 9 conv: 1.358e-05 time: 0.36
  | CTM step 10 conv: 4.574e-06 time: 0.36
  | CTM step 11 conv: 1.543e-06 time: 0.36
Performing CTM
  | CTM step 1 conv: 1.000e+00 time: 0.46
  | CTM step 2 conv: 5.937e-08 time: 0.54
  | CTM step 3 conv: 2.005e-08 time: 0.54
Energies: 0.32233612153236546 -4.6780581144934e-11
Norm: 0.1567341184205081
========== 
Finished basis vector 38/63 

Starting simulation of basis vector 39/63
Performing CTM pre-steps without tracking
  | CTM step 1 conv: 1.000e+00 time: 0.32
  | CTM step 2 conv: 1.000e+00 time: 0.35
  | CTM step 3 conv: 1.000e+00 time: 0.36
  | CTM step 4 conv: 1.000e+00 time: 0.36
  | CTM step 5 conv: 1.136e-03 time: 0.36
  | CTM step 6 conv: 3.673e-04 time: 0.36
  | CTM step 7 conv: 1.212e-04 time: 0.36
  | CTM step 8 conv: 4.044e-05 time: 0.36
  | CTM step 9 conv: 1.358e-05 time: 0.36
  | CTM step 10 conv: 4.574e-06 time: 0.36
  | CTM step 11 conv: 1.543e-06 time: 0.36
Performing CTM
  | CTM step 1 conv: 1.000e+00 time: 0.46
  | CTM step 2 conv: 5.937e-08 time: 0.54
  | CTM step 3 conv: 2.005e-08 time: 0.54
Energies: 0.24401991776430032 -4.6780581144934e-11
Norm: 0.20000820195547692
========== 
Finished basis vector 39/63 

Starting simulation of basis vector 40/63
Performing CTM pre-steps without tracking
  | CTM step 1 conv: 1.000e+00 time: 0.32
  | CTM step 2 conv: 1.000e+00 time: 0.35
  | CTM step 3 conv: 1.000e+00 time: 0.35
  | CTM step 4 conv: 1.000e+00 time: 0.36
  | CTM step 5 conv: 1.136e-03 time: 0.36
  | CTM step 6 conv: 3.673e-04 time: 0.36
  | CTM step 7 conv: 1.212e-04 time: 0.36
  | CTM step 8 conv: 4.044e-05 time: 0.36
  | CTM step 9 conv: 1.358e-05 time: 0.36
  | CTM step 10 conv: 4.574e-06 time: 0.36
  | CTM step 11 conv: 1.543e-06 time: 0.36
Performing CTM
  | CTM step 1 conv: 1.000e+00 time: 0.46
  | CTM step 2 conv: 5.937e-08 time: 0.55
  | CTM step 3 conv: 2.005e-08 time: 0.55
Energies: 0.5554608948445354 -4.6780581144934e-11
Norm: 0.24535845251135416
========== 
Finished basis vector 40/63 

Starting simulation of basis vector 41/63
Performing CTM pre-steps without tracking
  | CTM step 1 conv: 1.000e+00 time: 0.31
  | CTM step 2 conv: 1.000e+00 time: 0.35
  | CTM step 3 conv: 1.000e+00 time: 0.35
  | CTM step 4 conv: 1.000e+00 time: 0.36
  | CTM step 5 conv: 1.136e-03 time: 0.36
  | CTM step 6 conv: 3.673e-04 time: 0.36
  | CTM step 7 conv: 1.212e-04 time: 0.36
  | CTM step 8 conv: 4.044e-05 time: 0.36
  | CTM step 9 conv: 1.358e-05 time: 0.36
  | CTM step 10 conv: 4.574e-06 time: 0.36
  | CTM step 11 conv: 1.543e-06 time: 0.36
Performing CTM
  | CTM step 1 conv: 1.000e+00 time: 0.46
  | CTM step 2 conv: 5.937e-08 time: 0.54
  | CTM step 3 conv: 2.005e-08 time: 0.54
Energies: 0.5337806781944106 -4.6780581144934e-11
Norm: 0.23418066358160572
========== 
Finished basis vector 41/63 

Starting simulation of basis vector 42/63
Performing CTM pre-steps without tracking
  | CTM step 1 conv: 1.000e+00 time: 0.32
  | CTM step 2 conv: 1.000e+00 time: 0.35
  | CTM step 3 conv: 1.000e+00 time: 0.35
  | CTM step 4 conv: 1.000e+00 time: 0.36
  | CTM step 5 conv: 1.136e-03 time: 0.36
  | CTM step 6 conv: 3.673e-04 time: 0.36
  | CTM step 7 conv: 1.212e-04 time: 0.36
  | CTM step 8 conv: 4.044e-05 time: 0.36
  | CTM step 9 conv: 1.358e-05 time: 0.36
  | CTM step 10 conv: 4.574e-06 time: 0.36
  | CTM step 11 conv: 1.543e-06 time: 0.36
Performing CTM
  | CTM step 1 conv: 1.000e+00 time: 0.46
  | CTM step 2 conv: 5.937e-08 time: 0.54
  | CTM step 3 conv: 2.005e-08 time: 0.54
Energies: 0.1109805513326031 -4.6780581144934e-11
Norm: 0.04108859601215061
========== 
Finished basis vector 42/63 

Starting simulation of basis vector 43/63
Performing CTM pre-steps without tracking
  | CTM step 1 conv: 1.000e+00 time: 0.31
  | CTM step 2 conv: 1.000e+00 time: 0.34
  | CTM step 3 conv: 1.000e+00 time: 0.35
  | CTM step 4 conv: 1.000e+00 time: 0.36
  | CTM step 5 conv: 1.136e-03 time: 0.36
  | CTM step 6 conv: 3.673e-04 time: 0.45
  | CTM step 7 conv: 1.212e-04 time: 0.36
  | CTM step 8 conv: 4.044e-05 time: 0.36
  | CTM step 9 conv: 1.358e-05 time: 0.36
  | CTM step 10 conv: 4.574e-06 time: 0.36
  | CTM step 11 conv: 1.543e-06 time: 0.36
Performing CTM
  | CTM step 1 conv: 1.000e+00 time: 0.46
  | CTM step 2 conv: 5.937e-08 time: 0.54
  | CTM step 3 conv: 2.005e-08 time: 0.58
Energies: 0.10204806332902028 -4.6780581144934e-11
Norm: 0.03905449831563154
========== 
Finished basis vector 43/63 

Starting simulation of basis vector 44/63
Performing CTM pre-steps without tracking
  | CTM step 1 conv: 1.000e+00 time: 0.32
  | CTM step 2 conv: 1.000e+00 time: 0.35
  | CTM step 3 conv: 1.000e+00 time: 0.36
  | CTM step 4 conv: 1.000e+00 time: 0.36
  | CTM step 5 conv: 1.136e-03 time: 0.36
  | CTM step 6 conv: 3.673e-04 time: 0.36
  | CTM step 7 conv: 1.212e-04 time: 0.36
  | CTM step 8 conv: 4.044e-05 time: 0.36
  | CTM step 9 conv: 1.358e-05 time: 0.36
  | CTM step 10 conv: 4.574e-06 time: 0.36
  | CTM step 11 conv: 1.543e-06 time: 0.37
Performing CTM
  | CTM step 1 conv: 1.000e+00 time: 0.46
  | CTM step 2 conv: 5.937e-08 time: 0.54
  | CTM step 3 conv: 2.005e-08 time: 0.54
Energies: 0.5817377173150509 -4.6780581144934e-11
Norm: 0.2885841994905244
========== 
Finished basis vector 44/63 

Starting simulation of basis vector 45/63
Performing CTM pre-steps without tracking
  | CTM step 1 conv: 1.000e+00 time: 0.32
  | CTM step 2 conv: 1.000e+00 time: 0.35
  | CTM step 3 conv: 1.000e+00 time: 0.36
  | CTM step 4 conv: 1.000e+00 time: 0.36
  | CTM step 5 conv: 1.136e-03 time: 0.36
  | CTM step 6 conv: 3.673e-04 time: 0.36
  | CTM step 7 conv: 1.212e-04 time: 0.36
  | CTM step 8 conv: 4.044e-05 time: 0.36
  | CTM step 9 conv: 1.358e-05 time: 0.36
  | CTM step 10 conv: 4.574e-06 time: 0.36
  | CTM step 11 conv: 1.543e-06 time: 0.36
Performing CTM
  | CTM step 1 conv: 1.000e+00 time: 0.46
  | CTM step 2 conv: 5.937e-08 time: 0.54
  | CTM step 3 conv: 2.005e-08 time: 0.54
Energies: 0.5480978751392263 -4.6780581144934e-11
Norm: 0.28364979562245846
========== 
Finished basis vector 45/63 

Starting simulation of basis vector 46/63
Performing CTM pre-steps without tracking
  | CTM step 1 conv: 1.000e+00 time: 0.32
  | CTM step 2 conv: 1.000e+00 time: 0.35
  | CTM step 3 conv: 1.000e+00 time: 0.36
  | CTM step 4 conv: 1.000e+00 time: 0.36
  | CTM step 5 conv: 1.136e-03 time: 0.36
  | CTM step 6 conv: 3.673e-04 time: 0.36
  | CTM step 7 conv: 1.212e-04 time: 0.36
  | CTM step 8 conv: 4.044e-05 time: 0.36
  | CTM step 9 conv: 1.358e-05 time: 0.36
  | CTM step 10 conv: 4.574e-06 time: 0.36
  | CTM step 11 conv: 1.543e-06 time: 0.4
Performing CTM
  | CTM step 1 conv: 1.000e+00 time: 0.46
  | CTM step 2 conv: 5.937e-08 time: 0.58
  | CTM step 3 conv: 2.005e-08 time: 0.54
Energies: 0.11932344790516192 -4.6780581144934e-11
Norm: 0.0469388920820295
========== 
Finished basis vector 46/63 

Starting simulation of basis vector 47/63
Performing CTM pre-steps without tracking
  | CTM step 1 conv: 1.000e+00 time: 0.32
  | CTM step 2 conv: 1.000e+00 time: 0.35
  | CTM step 3 conv: 1.000e+00 time: 0.36
  | CTM step 4 conv: 1.000e+00 time: 0.36
  | CTM step 5 conv: 1.136e-03 time: 0.36
  | CTM step 6 conv: 3.673e-04 time: 0.36
  | CTM step 7 conv: 1.212e-04 time: 0.36
  | CTM step 8 conv: 4.044e-05 time: 0.36
  | CTM step 9 conv: 1.358e-05 time: 0.36
  | CTM step 10 conv: 4.574e-06 time: 0.36
  | CTM step 11 conv: 1.543e-06 time: 0.36
Performing CTM
  | CTM step 1 conv: 1.000e+00 time: 0.46
  | CTM step 2 conv: 5.937e-08 time: 0.54
  | CTM step 3 conv: 2.005e-08 time: 0.54
Energies: 0.1078029708153434 -4.6780581144934e-11
Norm: 0.0437765513530282
========== 
Finished basis vector 47/63 

Starting simulation of basis vector 48/63
Performing CTM pre-steps without tracking
  | CTM step 1 conv: 1.000e+00 time: 0.32
  | CTM step 2 conv: 1.000e+00 time: 0.35
  | CTM step 3 conv: 1.000e+00 time: 0.35
  | CTM step 4 conv: 1.000e+00 time: 0.36
  | CTM step 5 conv: 1.136e-03 time: 0.4
  | CTM step 6 conv: 3.673e-04 time: 0.36
  | CTM step 7 conv: 1.212e-04 time: 0.36
  | CTM step 8 conv: 4.044e-05 time: 0.36
  | CTM step 9 conv: 1.358e-05 time: 0.36
  | CTM step 10 conv: 4.574e-06 time: 0.36
  | CTM step 11 conv: 1.543e-06 time: 0.36
Performing CTM
  | CTM step 1 conv: 1.000e+00 time: 0.46
  | CTM step 2 conv: 5.937e-08 time: 0.54
  | CTM step 3 conv: 2.005e-08 time: 0.54
Energies: 1.3242287499552496 -4.6780581144934e-11
Norm: 0.8425199160378197
========== 
Finished basis vector 48/63 

Starting simulation of basis vector 49/63
Performing CTM pre-steps without tracking
  | CTM step 1 conv: 1.000e+00 time: 0.31
  | CTM step 2 conv: 1.000e+00 time: 0.35
  | CTM step 3 conv: 1.000e+00 time: 0.35
  | CTM step 4 conv: 1.000e+00 time: 0.36
  | CTM step 5 conv: 1.136e-03 time: 0.36
  | CTM step 6 conv: 3.673e-04 time: 0.36
  | CTM step 7 conv: 1.212e-04 time: 0.36
  | CTM step 8 conv: 4.044e-05 time: 0.36
  | CTM step 9 conv: 1.358e-05 time: 0.36
  | CTM step 10 conv: 4.574e-06 time: 0.36
  | CTM step 11 conv: 1.543e-06 time: 0.36
Performing CTM
  | CTM step 1 conv: 1.000e+00 time: 0.46
  | CTM step 2 conv: 5.937e-08 time: 0.54
  | CTM step 3 conv: 2.005e-08 time: 0.54
Energies: 1.3421251493445396 -4.6780581144934e-11
Norm: 0.651540221930633
========== 
Finished basis vector 49/63 

Starting simulation of basis vector 50/63
Performing CTM pre-steps without tracking
  | CTM step 1 conv: 1.000e+00 time: 0.32
  | CTM step 2 conv: 1.000e+00 time: 0.35
  | CTM step 3 conv: 1.000e+00 time: 0.35
  | CTM step 4 conv: 1.000e+00 time: 0.4
  | CTM step 5 conv: 1.136e-03 time: 0.36
  | CTM step 6 conv: 3.673e-04 time: 0.36
  | CTM step 7 conv: 1.212e-04 time: 0.36
  | CTM step 8 conv: 4.044e-05 time: 0.36
  | CTM step 9 conv: 1.358e-05 time: 0.36
  | CTM step 10 conv: 4.574e-06 time: 0.36
  | CTM step 11 conv: 1.543e-06 time: 0.36
Performing CTM
  | CTM step 1 conv: 1.000e+00 time: 0.46
  | CTM step 2 conv: 5.937e-08 time: 0.54
  | CTM step 3 conv: 2.005e-08 time: 0.54
Energies: 0.3603828994876068 -4.6780581144934e-11
Norm: 0.14711384777303962
========== 
Finished basis vector 50/63 

Starting simulation of basis vector 51/63
Performing CTM pre-steps without tracking
  | CTM step 1 conv: 1.000e+00 time: 0.31
  | CTM step 2 conv: 1.000e+00 time: 0.35
  | CTM step 3 conv: 1.000e+00 time: 0.36
  | CTM step 4 conv: 1.000e+00 time: 0.36
  | CTM step 5 conv: 1.136e-03 time: 0.36
  | CTM step 6 conv: 3.673e-04 time: 0.36
  | CTM step 7 conv: 1.212e-04 time: 0.36
  | CTM step 8 conv: 4.044e-05 time: 0.36
  | CTM step 9 conv: 1.358e-05 time: 0.36
  | CTM step 10 conv: 4.574e-06 time: 0.37
  | CTM step 11 conv: 1.543e-06 time: 0.36
Performing CTM
  | CTM step 1 conv: 1.000e+00 time: 0.46
  | CTM step 2 conv: 5.937e-08 time: 0.59
  | CTM step 3 conv: 2.005e-08 time: 0.54
Energies: 0.35272319996470647 -4.6780581144934e-11
Norm: 0.12248818934106531
========== 
Finished basis vector 51/63 

Starting simulation of basis vector 52/63
Performing CTM pre-steps without tracking
  | CTM step 1 conv: 1.000e+00 time: 0.32
  | CTM step 2 conv: 1.000e+00 time: 0.35
  | CTM step 3 conv: 1.000e+00 time: 0.35
  | CTM step 4 conv: 1.000e+00 time: 0.36
  | CTM step 5 conv: 1.136e-03 time: 0.36
  | CTM step 6 conv: 3.673e-04 time: 0.36
  | CTM step 7 conv: 1.212e-04 time: 0.36
  | CTM step 8 conv: 4.044e-05 time: 0.36
  | CTM step 9 conv: 1.358e-05 time: 0.36
  | CTM step 10 conv: 4.574e-06 time: 0.36
  | CTM step 11 conv: 1.543e-06 time: 0.36
Performing CTM
  | CTM step 1 conv: 1.000e+00 time: 0.46
  | CTM step 2 conv: 5.937e-08 time: 0.54
  | CTM step 3 conv: 2.005e-08 time: 0.54
Energies: 2.299520062644479 -4.6780581144934e-11
Norm: 1.2039531831377406
========== 
Finished basis vector 52/63 

Starting simulation of basis vector 53/63
Performing CTM pre-steps without tracking
  | CTM step 1 conv: 1.000e+00 time: 0.32
  | CTM step 2 conv: 1.000e+00 time: 0.35
  | CTM step 3 conv: 1.000e+00 time: 0.36
  | CTM step 4 conv: 1.000e+00 time: 0.36
  | CTM step 5 conv: 1.136e-03 time: 0.36
  | CTM step 6 conv: 3.673e-04 time: 0.36
  | CTM step 7 conv: 1.212e-04 time: 0.36
  | CTM step 8 conv: 4.044e-05 time: 0.36
  | CTM step 9 conv: 1.358e-05 time: 0.36
  | CTM step 10 conv: 4.574e-06 time: 0.36
  | CTM step 11 conv: 1.543e-06 time: 0.36
Performing CTM
  | CTM step 1 conv: 1.000e+00 time: 0.46
  | CTM step 2 conv: 5.937e-08 time: 0.54
  | CTM step 3 conv: 2.005e-08 time: 0.58
Energies: 1.4869460571248485 -4.6780581144934e-11
Norm: 0.909540707872517
========== 
Finished basis vector 53/63 

Starting simulation of basis vector 54/63
Performing CTM pre-steps without tracking
  | CTM step 1 conv: 1.000e+00 time: 0.32
  | CTM step 2 conv: 1.000e+00 time: 0.35
  | CTM step 3 conv: 1.000e+00 time: 0.36
  | CTM step 4 conv: 1.000e+00 time: 0.36
  | CTM step 5 conv: 1.136e-03 time: 0.36
  | CTM step 6 conv: 3.673e-04 time: 0.36
  | CTM step 7 conv: 1.212e-04 time: 0.36
  | CTM step 8 conv: 4.044e-05 time: 0.36
  | CTM step 9 conv: 1.358e-05 time: 0.36
  | CTM step 10 conv: 4.574e-06 time: 0.36
  | CTM step 11 conv: 1.543e-06 time: 0.36
Performing CTM
  | CTM step 1 conv: 1.000e+00 time: 0.46
  | CTM step 2 conv: 5.937e-08 time: 0.54
  | CTM step 3 conv: 2.005e-08 time: 0.54
Energies: 0.4221763684302853 -4.6780581144934e-11
Norm: 0.1880302799965697
========== 
Finished basis vector 54/63 

Starting simulation of basis vector 55/63
Performing CTM pre-steps without tracking
  | CTM step 1 conv: 1.000e+00 time: 0.32
  | CTM step 2 conv: 1.000e+00 time: 0.35
  | CTM step 3 conv: 1.000e+00 time: 0.36
  | CTM step 4 conv: 1.000e+00 time: 0.36
  | CTM step 5 conv: 1.136e-03 time: 0.36
  | CTM step 6 conv: 3.673e-04 time: 0.36
  | CTM step 7 conv: 1.212e-04 time: 0.36
  | CTM step 8 conv: 4.044e-05 time: 0.36
  | CTM step 9 conv: 1.358e-05 time: 0.36
  | CTM step 10 conv: 4.574e-06 time: 0.36
  | CTM step 11 conv: 1.543e-06 time: 0.36
Performing CTM
  | CTM step 1 conv: 1.000e+00 time: 0.46
  | CTM step 2 conv: 5.937e-08 time: 0.54
  | CTM step 3 conv: 2.005e-08 time: 0.54
Energies: 0.4097025291188574 -4.6780581144934e-11
Norm: 0.15469202902315612
========== 
Finished basis vector 55/63 

Starting simulation of basis vector 56/63
Performing CTM pre-steps without tracking
  | CTM step 1 conv: 1.000e+00 time: 0.31
  | CTM step 2 conv: 1.000e+00 time: 0.35
  | CTM step 3 conv: 1.000e+00 time: 0.35
  | CTM step 4 conv: 1.000e+00 time: 0.36
  | CTM step 5 conv: 1.136e-03 time: 0.36
  | CTM step 6 conv: 3.673e-04 time: 0.36
  | CTM step 7 conv: 1.212e-04 time: 0.36
  | CTM step 8 conv: 4.044e-05 time: 0.36
  | CTM step 9 conv: 1.358e-05 time: 0.36
  | CTM step 10 conv: 4.574e-06 time: 0.36
  | CTM step 11 conv: 1.543e-06 time: 0.36
Performing CTM
  | CTM step 1 conv: 1.000e+00 time: 0.46
  | CTM step 2 conv: 5.937e-08 time: 0.58
  | CTM step 3 conv: 2.005e-08 time: 0.54
Energies: 0.7562253495173246 -4.6780581144934e-11
Norm: 0.25235629485062316
========== 
Finished basis vector 56/63 

Starting simulation of basis vector 57/63
Performing CTM pre-steps without tracking
  | CTM step 1 conv: 1.000e+00 time: 0.32
  | CTM step 2 conv: 1.000e+00 time: 0.35
  | CTM step 3 conv: 1.000e+00 time: 0.35
  | CTM step 4 conv: 1.000e+00 time: 0.36
  | CTM step 5 conv: 1.136e-03 time: 0.36
  | CTM step 6 conv: 3.673e-04 time: 0.36
  | CTM step 7 conv: 1.212e-04 time: 0.36
  | CTM step 8 conv: 4.044e-05 time: 0.36
  | CTM step 9 conv: 1.358e-05 time: 0.36
  | CTM step 10 conv: 4.574e-06 time: 0.36
  | CTM step 11 conv: 1.543e-06 time: 0.36
Performing CTM
  | CTM step 1 conv: 1.000e+00 time: 0.46
  | CTM step 2 conv: 5.937e-08 time: 0.54
  | CTM step 3 conv: 2.005e-08 time: 0.54
Energies: 0.7612547371162348 -4.6780581144934e-11
Norm: 0.24222765697224674
========== 
Finished basis vector 57/63 

Starting simulation of basis vector 58/63
Performing CTM pre-steps without tracking
  | CTM step 1 conv: 1.000e+00 time: 0.32
  | CTM step 2 conv: 1.000e+00 time: 0.35
  | CTM step 3 conv: 1.000e+00 time: 0.35
  | CTM step 4 conv: 1.000e+00 time: 0.36
  | CTM step 5 conv: 1.136e-03 time: 0.36
  | CTM step 6 conv: 3.673e-04 time: 0.36
  | CTM step 7 conv: 1.212e-04 time: 0.36
  | CTM step 8 conv: 4.044e-05 time: 0.36
  | CTM step 9 conv: 1.358e-05 time: 0.36
  | CTM step 10 conv: 4.574e-06 time: 0.36
  | CTM step 11 conv: 1.543e-06 time: 0.36
Performing CTM
  | CTM step 1 conv: 1.000e+00 time: 0.46
  | CTM step 2 conv: 5.937e-08 time: 0.54
  | CTM step 3 conv: 2.005e-08 time: 0.54
Energies: 0.15221719717800952 -4.6780581144934e-11
Norm: 0.04182116805185651
========== 
Finished basis vector 58/63 

Starting simulation of basis vector 59/63
Performing CTM pre-steps without tracking
  | CTM step 1 conv: 1.000e+00 time: 0.31
  | CTM step 2 conv: 1.000e+00 time: 0.34
  | CTM step 3 conv: 1.000e+00 time: 0.35
  | CTM step 4 conv: 1.000e+00 time: 0.36
  | CTM step 5 conv: 1.136e-03 time: 0.36
  | CTM step 6 conv: 3.673e-04 time: 0.36
  | CTM step 7 conv: 1.212e-04 time: 0.36
  | CTM step 8 conv: 4.044e-05 time: 0.36
  | CTM step 9 conv: 1.358e-05 time: 0.36
  | CTM step 10 conv: 4.574e-06 time: 0.36
  | CTM step 11 conv: 1.543e-06 time: 0.36
Performing CTM
  | CTM step 1 conv: 1.000e+00 time: 0.46
  | CTM step 2 conv: 5.937e-08 time: 0.54
  | CTM step 3 conv: 2.005e-08 time: 0.54
Energies: 0.1417379112110071 -4.6780581144934e-11
Norm: 0.03942499469931685
========== 
Finished basis vector 59/63 

Starting simulation of basis vector 60/63
Performing CTM pre-steps without tracking
  | CTM step 1 conv: 1.000e+00 time: 0.31
  | CTM step 2 conv: 1.000e+00 time: 0.35
  | CTM step 3 conv: 1.000e+00 time: 0.35
  | CTM step 4 conv: 1.000e+00 time: 0.4
  | CTM step 5 conv: 1.136e-03 time: 0.36
  | CTM step 6 conv: 3.673e-04 time: 0.36
  | CTM step 7 conv: 1.212e-04 time: 0.36
  | CTM step 8 conv: 4.044e-05 time: 0.36
  | CTM step 9 conv: 1.358e-05 time: 0.36
  | CTM step 10 conv: 4.574e-06 time: 0.36
  | CTM step 11 conv: 1.543e-06 time: 0.36
Performing CTM
  | CTM step 1 conv: 1.000e+00 time: 0.46
  | CTM step 2 conv: 5.937e-08 time: 0.54
  | CTM step 3 conv: 2.005e-08 time: 0.54
Energies: 0.8178296290436275 -4.6780581144934e-11
Norm: 0.29353706754407705
========== 
Finished basis vector 60/63 

Starting simulation of basis vector 61/63
Performing CTM pre-steps without tracking
  | CTM step 1 conv: 1.000e+00 time: 0.31
  | CTM step 2 conv: 1.000e+00 time: 0.35
  | CTM step 3 conv: 1.000e+00 time: 0.36
  | CTM step 4 conv: 1.000e+00 time: 0.36
  | CTM step 5 conv: 1.136e-03 time: 0.36
  | CTM step 6 conv: 3.673e-04 time: 0.36
  | CTM step 7 conv: 1.212e-04 time: 0.36
  | CTM step 8 conv: 4.044e-05 time: 0.36
  | CTM step 9 conv: 1.358e-05 time: 0.36
  | CTM step 10 conv: 4.574e-06 time: 0.36
  | CTM step 11 conv: 1.543e-06 time: 0.37
Performing CTM
  | CTM step 1 conv: 1.000e+00 time: 0.46
  | CTM step 2 conv: 5.937e-08 time: 0.54
  | CTM step 3 conv: 2.005e-08 time: 0.54
Energies: 0.825114177530681 -4.6780581144934e-11
Norm: 0.2815711327045115
========== 
Finished basis vector 61/63 

Starting simulation of basis vector 62/63
Performing CTM pre-steps without tracking
  | CTM step 1 conv: 1.000e+00 time: 0.31
  | CTM step 2 conv: 1.000e+00 time: 0.34
  | CTM step 3 conv: 1.000e+00 time: 0.35
  | CTM step 4 conv: 1.000e+00 time: 0.36
  | CTM step 5 conv: 1.136e-03 time: 0.36
  | CTM step 6 conv: 3.673e-04 time: 0.36
  | CTM step 7 conv: 1.212e-04 time: 0.36
  | CTM step 8 conv: 4.044e-05 time: 0.36
  | CTM step 9 conv: 1.358e-05 time: 0.36
  | CTM step 10 conv: 4.574e-06 time: 0.36
  | CTM step 11 conv: 1.543e-06 time: 0.36
Performing CTM
  | CTM step 1 conv: 1.000e+00 time: 0.46
  | CTM step 2 conv: 5.937e-08 time: 0.54
  | CTM step 3 conv: 2.005e-08 time: 0.54
Energies: 0.170617846231924 -4.6780581144934e-11
Norm: 0.048231862827378916
========== 
Finished basis vector 62/63 

Starting simulation of basis vector 63/63
Performing CTM pre-steps without tracking
  | CTM step 1 conv: 1.000e+00 time: 0.31
  | CTM step 2 conv: 1.000e+00 time: 0.34
  | CTM step 3 conv: 1.000e+00 time: 0.35
  | CTM step 4 conv: 1.000e+00 time: 0.36
  | CTM step 5 conv: 1.136e-03 time: 0.36
  | CTM step 6 conv: 3.673e-04 time: 0.36
  | CTM step 7 conv: 1.212e-04 time: 0.36
  | CTM step 8 conv: 4.044e-05 time: 0.36
  | CTM step 9 conv: 1.358e-05 time: 0.36
  | CTM step 10 conv: 4.574e-06 time: 0.36
  | CTM step 11 conv: 1.543e-06 time: 0.36
Performing CTM
  | CTM step 1 conv: 1.000e+00 time: 0.46
  | CTM step 2 conv: 5.937e-08 time: 0.54
  | CTM step 3 conv: 2.005e-08 time: 0.58
Energies: 0.16026373730500432 -4.6780581144934e-11
Norm: 0.04581765819772022
========== 
Finished basis vector 63/63 

[[ 3.69015975e+00+1.09542554e-01j  3.16890890e-01+1.80977521e-01j
   1.01331793e+00+1.23538811e-02j ... -4.90483793e-02+2.90465570e-01j
  -4.22572269e-02+1.53634194e-02j -8.00871289e-02+2.34238199e-02j]
 [ 2.73207151e-01-8.42248285e-02j  6.70650492e-01+1.63939917e-02j
   2.33677462e-01-2.58171205e-02j ... -1.72702941e-03+1.84557677e-01j
  -1.13930667e-02+4.44758349e-02j -1.07039942e-02+4.22766875e-02j]
 [ 1.09614924e+00+3.63937668e-02j  2.71264170e-01+6.73421495e-02j
   7.38220430e-01-7.95026508e-03j ... -3.22834452e-02+2.78552259e-01j
  -2.14219432e-02+4.91161796e-02j -3.01523751e-02+5.08615982e-02j]
 ...
 [ 5.67124625e-02-2.67525626e-01j  4.43540679e-02-1.99380359e-01j
  -4.76529416e-02-2.33720464e-01j ...  1.62047590e+00-2.90657765e-02j
   1.78225637e-01+4.37842387e-02j  4.47364550e-01+1.38506636e-02j]
 [-1.39643386e-02-5.13625836e-02j -1.73803155e-03-6.22492770e-02j
  -1.29424663e-02-5.29810897e-02j ...  1.94764060e-01-4.93594409e-02j
   3.41576295e-01+2.97150797e-03j  1.33486003e-01-2.37772926e-03j]
 [ 3.01553254e-03-4.63625981e-02j  9.73504449e-03-5.05219622e-02j
  -1.39985519e-02-5.74537216e-02j ...  4.69816714e-01-1.72985410e-02j
   1.30551598e-01+7.18921839e-03j  3.22216504e-01+2.85739427e-04j]]
[[1.01081229-1.22786453e-08j 0.10677639+2.50470791e-02j
  0.28396218-1.38422789e-03j ... 0.03906997+4.50515217e-02j
  0.01457249+4.21648871e-03j 0.01128295+6.41804813e-03j]
 [0.10677635-2.50470954e-02j 0.12230961+5.97573489e-09j
  0.06341183-6.17970786e-03j ... 0.01039305+3.10022415e-02j
  0.00404341+7.97747051e-03j 0.00307239+7.35004707e-03j]
 [0.2839622 +1.38421932e-03j 0.06341184+6.17970207e-03j
  0.15601446-1.44018441e-09j ... 0.00518878+4.72264366e-02j
  0.00265515+1.03984479e-02j 0.00148774+1.06478572e-02j]
 ...
 [0.03906997-4.50515392e-02j 0.01039305-3.10022453e-02j
  0.00518878-4.72264375e-02j ... 0.28157113-2.67493360e-09j
  0.03826499+4.94069561e-03j 0.07796238+9.94941740e-04j]
 [0.01457249-4.21648256e-03j 0.00404341-7.97747182e-03j
  0.00265516-1.03984461e-02j ... 0.03826499-4.94069645e-03j
  0.04823186-2.75462019e-10j 0.02189882-7.37588335e-04j]
 [0.01128297-6.41804440e-03j 0.00307239-7.35005189e-03j
  0.00148774-1.06478556e-02j ... 0.07796238-9.94941672e-04j
  0.02189882+7.37588066e-04j 0.04581766+2.12085654e-10j]]
Done
Saved to /share/home/tanyi/ad-peps/simulations/exci/11_honeycomb_D2_X30/22_0.44444_0.0.npz
