No GPU/TPU found, falling back to CPU. (Set TF_CPP_MIN_LOG_LEVEL=0 and rerun for more info.)
Namespace(version=False, sim_mode='exci', config_file='honeycomb_exci.yaml', momentum_ix=29, evaluate=False, init=False)
Running excited-state sim
honeycomb_exci.yaml
/share/home/tanyi/ad-peps/examples/honeycomb_exci.yaml
/share/home/tanyi/ad-peps/examples/honeycomb_exci.yaml
D: 2
chi: 30
ctm_conv_tol: 1.0e-06
ctm_max_iter: 20
ctm_min_iter: 4
disp_level: 1
flush_output: true
model: honeycomb
model_params:
  Jx: 1
  Jy: 1
momentum_path: Bril1
out_prefix: 11
pattern:
- - 0
  - 0
- - 0
  - 0
resume: true

Starting simulation of basis vector 1/63
Performing CTM pre-steps without tracking
  | CTM step 1 conv: 1.000e+00 time: 2.65
  | CTM step 2 conv: 1.000e+00 time: 3.17
  | CTM step 3 conv: 1.000e+00 time: 3.93
  | CTM step 4 conv: 1.000e+00 time: 3.5
  | CTM step 5 conv: 1.136e-03 time: 1.99
  | CTM step 6 conv: 3.673e-04 time: 1.85
  | CTM step 7 conv: 1.212e-04 time: 1.1
  | CTM step 8 conv: 4.044e-05 time: 0.36
  | CTM step 9 conv: 1.358e-05 time: 0.36
  | CTM step 10 conv: 4.574e-06 time: 0.36
  | CTM step 11 conv: 1.543e-06 time: 0.36
Performing CTM
  | CTM step 1 conv: 1.000e+00 time: 1.11
  | CTM step 2 conv: 5.937e-08 time: 0.67
  | CTM step 3 conv: 2.005e-08 time: 0.54
Energies: 1.7631635654678366 -4.6780581144934e-11
Norm: 0.9144848813337265
========== 
Finished basis vector 1/63 

Starting simulation of basis vector 2/63
Performing CTM pre-steps without tracking
  | CTM step 1 conv: 1.000e+00 time: 0.32
  | CTM step 2 conv: 1.000e+00 time: 0.35
  | CTM step 3 conv: 1.000e+00 time: 0.37
  | CTM step 4 conv: 1.000e+00 time: 0.36
  | CTM step 5 conv: 1.136e-03 time: 0.36
  | CTM step 6 conv: 3.673e-04 time: 0.36
  | CTM step 7 conv: 1.212e-04 time: 0.36
  | CTM step 8 conv: 4.044e-05 time: 0.36
  | CTM step 9 conv: 1.358e-05 time: 0.36
  | CTM step 10 conv: 4.574e-06 time: 0.36
  | CTM step 11 conv: 1.543e-06 time: 0.36
Performing CTM
  | CTM step 1 conv: 1.000e+00 time: 0.46
  | CTM step 2 conv: 5.937e-08 time: 0.54
  | CTM step 3 conv: 2.005e-08 time: 0.54
Energies: 0.3312159890589035 -4.6780581144934e-11
Norm: 0.122436356551742
========== 
Finished basis vector 2/63 

Starting simulation of basis vector 3/63
Performing CTM pre-steps without tracking
  | CTM step 1 conv: 1.000e+00 time: 0.32
  | CTM step 2 conv: 1.000e+00 time: 0.35
  | CTM step 3 conv: 1.000e+00 time: 0.36
  | CTM step 4 conv: 1.000e+00 time: 0.36
  | CTM step 5 conv: 1.136e-03 time: 0.36
  | CTM step 6 conv: 3.673e-04 time: 0.36
  | CTM step 7 conv: 1.212e-04 time: 0.36
  | CTM step 8 conv: 4.044e-05 time: 0.37
  | CTM step 9 conv: 1.358e-05 time: 0.36
  | CTM step 10 conv: 4.574e-06 time: 0.36
  | CTM step 11 conv: 1.543e-06 time: 0.36
Performing CTM
  | CTM step 1 conv: 1.000e+00 time: 0.46
  | CTM step 2 conv: 5.937e-08 time: 0.55
  | CTM step 3 conv: 2.005e-08 time: 0.59
Energies: 0.3756016331246528 -4.6780581144934e-11
Norm: 0.14717087455962413
========== 
Finished basis vector 3/63 

Starting simulation of basis vector 4/63
Performing CTM pre-steps without tracking
  | CTM step 1 conv: 1.000e+00 time: 0.31
  | CTM step 2 conv: 1.000e+00 time: 0.35
  | CTM step 3 conv: 1.000e+00 time: 0.37
  | CTM step 4 conv: 1.000e+00 time: 0.36
  | CTM step 5 conv: 1.136e-03 time: 0.36
  | CTM step 6 conv: 3.673e-04 time: 0.36
  | CTM step 7 conv: 1.212e-04 time: 0.36
  | CTM step 8 conv: 4.044e-05 time: 0.36
  | CTM step 9 conv: 1.358e-05 time: 0.36
  | CTM step 10 conv: 4.574e-06 time: 0.36
  | CTM step 11 conv: 1.543e-06 time: 0.36
Performing CTM
  | CTM step 1 conv: 1.000e+00 time: 0.46
  | CTM step 2 conv: 5.937e-08 time: 0.54
  | CTM step 3 conv: 2.005e-08 time: 0.55
Energies: 1.4511824913063336 -4.6780581144934e-11
Norm: 0.7142949905970208
========== 
Finished basis vector 4/63 

Starting simulation of basis vector 5/63
Performing CTM pre-steps without tracking
  | CTM step 1 conv: 1.000e+00 time: 0.31
  | CTM step 2 conv: 1.000e+00 time: 0.35
  | CTM step 3 conv: 1.000e+00 time: 0.36
  | CTM step 4 conv: 1.000e+00 time: 0.36
  | CTM step 5 conv: 1.136e-03 time: 0.36
  | CTM step 6 conv: 3.673e-04 time: 0.36
  | CTM step 7 conv: 1.212e-04 time: 0.36
  | CTM step 8 conv: 4.044e-05 time: 0.36
  | CTM step 9 conv: 1.358e-05 time: 0.36
  | CTM step 10 conv: 4.574e-06 time: 0.36
  | CTM step 11 conv: 1.543e-06 time: 0.36
Performing CTM
  | CTM step 1 conv: 1.000e+00 time: 0.46
  | CTM step 2 conv: 5.937e-08 time: 0.54
  | CTM step 3 conv: 2.005e-08 time: 0.55
Energies: 1.6353013669198724 -4.6780581144934e-11
Norm: 0.8607225405710245
========== 
Finished basis vector 5/63 

Starting simulation of basis vector 6/63
Performing CTM pre-steps without tracking
  | CTM step 1 conv: 1.000e+00 time: 0.31
  | CTM step 2 conv: 1.000e+00 time: 0.34
  | CTM step 3 conv: 1.000e+00 time: 0.36
  | CTM step 4 conv: 1.000e+00 time: 0.36
  | CTM step 5 conv: 1.136e-03 time: 0.36
  | CTM step 6 conv: 3.673e-04 time: 0.36
  | CTM step 7 conv: 1.212e-04 time: 0.36
  | CTM step 8 conv: 4.044e-05 time: 0.36
  | CTM step 9 conv: 1.358e-05 time: 0.36
  | CTM step 10 conv: 4.574e-06 time: 0.36
  | CTM step 11 conv: 1.543e-06 time: 0.36
Performing CTM
  | CTM step 1 conv: 1.000e+00 time: 0.46
  | CTM step 2 conv: 5.937e-08 time: 0.58
  | CTM step 3 conv: 2.005e-08 time: 0.54
Energies: 0.40613441558764474 -4.6780581144934e-11
Norm: 0.1413415437002909
========== 
Finished basis vector 6/63 

Starting simulation of basis vector 7/63
Performing CTM pre-steps without tracking
  | CTM step 1 conv: 1.000e+00 time: 0.31
  | CTM step 2 conv: 1.000e+00 time: 0.34
  | CTM step 3 conv: 1.000e+00 time: 0.35
  | CTM step 4 conv: 1.000e+00 time: 0.36
  | CTM step 5 conv: 1.136e-03 time: 0.36
  | CTM step 6 conv: 3.673e-04 time: 0.37
  | CTM step 7 conv: 1.212e-04 time: 0.36
  | CTM step 8 conv: 4.044e-05 time: 0.36
  | CTM step 9 conv: 1.358e-05 time: 0.36
  | CTM step 10 conv: 4.574e-06 time: 0.36
  | CTM step 11 conv: 1.543e-06 time: 0.36
Performing CTM
  | CTM step 1 conv: 1.000e+00 time: 0.46
  | CTM step 2 conv: 5.937e-08 time: 0.54
  | CTM step 3 conv: 2.005e-08 time: 0.54
Energies: 0.38544349641314923 -4.6780581144934e-11
Norm: 0.14951001640246805
========== 
Finished basis vector 7/63 

Starting simulation of basis vector 8/63
Performing CTM pre-steps without tracking
  | CTM step 1 conv: 1.000e+00 time: 0.31
  | CTM step 2 conv: 1.000e+00 time: 0.34
  | CTM step 3 conv: 1.000e+00 time: 0.35
  | CTM step 4 conv: 1.000e+00 time: 0.36
  | CTM step 5 conv: 1.136e-03 time: 0.36
  | CTM step 6 conv: 3.673e-04 time: 0.36
  | CTM step 7 conv: 1.212e-04 time: 0.36
  | CTM step 8 conv: 4.044e-05 time: 0.36
  | CTM step 9 conv: 1.358e-05 time: 0.36
  | CTM step 10 conv: 4.574e-06 time: 0.36
  | CTM step 11 conv: 1.543e-06 time: 0.36
Performing CTM
  | CTM step 1 conv: 1.000e+00 time: 0.45
  | CTM step 2 conv: 5.937e-08 time: 0.54
  | CTM step 3 conv: 2.005e-08 time: 0.54
Energies: 0.7467155856766863 -4.6780581144934e-11
Norm: 0.25083925178941835
========== 
Finished basis vector 8/63 

Starting simulation of basis vector 9/63
Performing CTM pre-steps without tracking
  | CTM step 1 conv: 1.000e+00 time: 0.31
  | CTM step 2 conv: 1.000e+00 time: 0.34
  | CTM step 3 conv: 1.000e+00 time: 0.35
  | CTM step 4 conv: 1.000e+00 time: 0.36
  | CTM step 5 conv: 1.136e-03 time: 0.36
  | CTM step 6 conv: 3.673e-04 time: 0.35
  | CTM step 7 conv: 1.212e-04 time: 0.36
  | CTM step 8 conv: 4.044e-05 time: 0.36
  | CTM step 9 conv: 1.358e-05 time: 0.36
  | CTM step 10 conv: 4.574e-06 time: 0.36
  | CTM step 11 conv: 1.543e-06 time: 0.36
Performing CTM
  | CTM step 1 conv: 1.000e+00 time: 0.45
  | CTM step 2 conv: 5.937e-08 time: 0.54
  | CTM step 3 conv: 2.005e-08 time: 0.53
Energies: 0.7224197138766137 -4.6780581144934e-11
Norm: 0.24633216022762336
========== 
Finished basis vector 9/63 

Starting simulation of basis vector 10/63
Performing CTM pre-steps without tracking
  | CTM step 1 conv: 1.000e+00 time: 0.31
  | CTM step 2 conv: 1.000e+00 time: 0.34
  | CTM step 3 conv: 1.000e+00 time: 0.35
  | CTM step 4 conv: 1.000e+00 time: 0.36
  | CTM step 5 conv: 1.136e-03 time: 0.36
  | CTM step 6 conv: 3.673e-04 time: 0.36
  | CTM step 7 conv: 1.212e-04 time: 0.36
  | CTM step 8 conv: 4.044e-05 time: 0.36
  | CTM step 9 conv: 1.358e-05 time: 0.36
  | CTM step 10 conv: 4.574e-06 time: 0.36
  | CTM step 11 conv: 1.543e-06 time: 0.36
Performing CTM
  | CTM step 1 conv: 1.000e+00 time: 0.46
  | CTM step 2 conv: 5.937e-08 time: 0.54
  | CTM step 3 conv: 2.005e-08 time: 0.53
Energies: 0.15220775812068665 -4.6780581144934e-11
Norm: 0.04196379471319685
========== 
Finished basis vector 10/63 

Starting simulation of basis vector 11/63
Performing CTM pre-steps without tracking
  | CTM step 1 conv: 1.000e+00 time: 0.31
  | CTM step 2 conv: 1.000e+00 time: 0.34
  | CTM step 3 conv: 1.000e+00 time: 0.36
  | CTM step 4 conv: 1.000e+00 time: 0.36
  | CTM step 5 conv: 1.136e-03 time: 0.36
  | CTM step 6 conv: 3.673e-04 time: 0.36
  | CTM step 7 conv: 1.212e-04 time: 0.35
  | CTM step 8 conv: 4.044e-05 time: 0.35
  | CTM step 9 conv: 1.358e-05 time: 0.35
  | CTM step 10 conv: 4.574e-06 time: 0.35
  | CTM step 11 conv: 1.543e-06 time: 0.36
Performing CTM
  | CTM step 1 conv: 1.000e+00 time: 0.46
  | CTM step 2 conv: 5.937e-08 time: 0.54
  | CTM step 3 conv: 2.005e-08 time: 0.53
Energies: 0.14185589209035232 -4.6780581144934e-11
Norm: 0.039511785438261456
========== 
Finished basis vector 11/63 

Starting simulation of basis vector 12/63
Performing CTM pre-steps without tracking
  | CTM step 1 conv: 1.000e+00 time: 0.31
  | CTM step 2 conv: 1.000e+00 time: 0.34
  | CTM step 3 conv: 1.000e+00 time: 0.35
  | CTM step 4 conv: 1.000e+00 time: 0.35
  | CTM step 5 conv: 1.136e-03 time: 0.35
  | CTM step 6 conv: 3.673e-04 time: 0.36
  | CTM step 7 conv: 1.212e-04 time: 0.36
  | CTM step 8 conv: 4.044e-05 time: 0.35
  | CTM step 9 conv: 1.358e-05 time: 0.35
  | CTM step 10 conv: 4.574e-06 time: 0.36
  | CTM step 11 conv: 1.543e-06 time: 0.36
Performing CTM
  | CTM step 1 conv: 1.000e+00 time: 0.45
  | CTM step 2 conv: 5.937e-08 time: 0.54
  | CTM step 3 conv: 2.005e-08 time: 0.54
Energies: 0.8639386144756669 -4.6780581144934e-11
Norm: 0.28738853972537426
========== 
Finished basis vector 12/63 

Starting simulation of basis vector 13/63
Performing CTM pre-steps without tracking
  | CTM step 1 conv: 1.000e+00 time: 0.31
  | CTM step 2 conv: 1.000e+00 time: 0.34
  | CTM step 3 conv: 1.000e+00 time: 0.35
  | CTM step 4 conv: 1.000e+00 time: 0.36
  | CTM step 5 conv: 1.136e-03 time: 0.36
  | CTM step 6 conv: 3.673e-04 time: 0.36
  | CTM step 7 conv: 1.212e-04 time: 0.36
  | CTM step 8 conv: 4.044e-05 time: 0.36
  | CTM step 9 conv: 1.358e-05 time: 0.36
  | CTM step 10 conv: 4.574e-06 time: 0.36
  | CTM step 11 conv: 1.543e-06 time: 0.36
Performing CTM
  | CTM step 1 conv: 1.000e+00 time: 0.46
  | CTM step 2 conv: 5.937e-08 time: 0.54
  | CTM step 3 conv: 2.005e-08 time: 0.58
Energies: 0.7982390567652051 -4.6780581144934e-11
Norm: 0.272806916728064
========== 
Finished basis vector 13/63 

Starting simulation of basis vector 14/63
Performing CTM pre-steps without tracking
  | CTM step 1 conv: 1.000e+00 time: 0.31
  | CTM step 2 conv: 1.000e+00 time: 0.34
  | CTM step 3 conv: 1.000e+00 time: 0.35
  | CTM step 4 conv: 1.000e+00 time: 0.36
  | CTM step 5 conv: 1.136e-03 time: 0.36
  | CTM step 6 conv: 3.673e-04 time: 0.35
  | CTM step 7 conv: 1.212e-04 time: 0.35
  | CTM step 8 conv: 4.044e-05 time: 0.36
  | CTM step 9 conv: 1.358e-05 time: 0.36
  | CTM step 10 conv: 4.574e-06 time: 0.36
  | CTM step 11 conv: 1.543e-06 time: 0.36
Performing CTM
  | CTM step 1 conv: 1.000e+00 time: 0.45
  | CTM step 2 conv: 5.937e-08 time: 0.54
  | CTM step 3 conv: 2.005e-08 time: 0.53
Energies: 0.17557691083464055 -4.6780581144934e-11
Norm: 0.048360416719757875
========== 
Finished basis vector 14/63 

Starting simulation of basis vector 15/63
Performing CTM pre-steps without tracking
  | CTM step 1 conv: 1.000e+00 time: 0.31
  | CTM step 2 conv: 1.000e+00 time: 0.34
  | CTM step 3 conv: 1.000e+00 time: 0.36
  | CTM step 4 conv: 1.000e+00 time: 0.36
  | CTM step 5 conv: 1.136e-03 time: 0.35
  | CTM step 6 conv: 3.673e-04 time: 0.36
  | CTM step 7 conv: 1.212e-04 time: 0.35
  | CTM step 8 conv: 4.044e-05 time: 0.35
  | CTM step 9 conv: 1.358e-05 time: 0.35
  | CTM step 10 conv: 4.574e-06 time: 0.35
  | CTM step 11 conv: 1.543e-06 time: 0.35
Performing CTM
  | CTM step 1 conv: 1.000e+00 time: 0.45
  | CTM step 2 conv: 5.937e-08 time: 0.54
  | CTM step 3 conv: 2.005e-08 time: 0.53
Energies: 0.16125734028953032 -4.6780581144934e-11
Norm: 0.04506072571512259
========== 
Finished basis vector 15/63 

Starting simulation of basis vector 16/63
Performing CTM pre-steps without tracking
  | CTM step 1 conv: 1.000e+00 time: 0.31
  | CTM step 2 conv: 1.000e+00 time: 0.34
  | CTM step 3 conv: 1.000e+00 time: 0.35
  | CTM step 4 conv: 1.000e+00 time: 0.35
  | CTM step 5 conv: 1.136e-03 time: 0.35
  | CTM step 6 conv: 3.673e-04 time: 0.35
  | CTM step 7 conv: 1.212e-04 time: 0.35
  | CTM step 8 conv: 4.044e-05 time: 0.35
  | CTM step 9 conv: 1.358e-05 time: 0.36
  | CTM step 10 conv: 4.574e-06 time: 0.35
  | CTM step 11 conv: 1.543e-06 time: 0.35
Performing CTM
  | CTM step 1 conv: 1.000e+00 time: 0.45
  | CTM step 2 conv: 5.937e-08 time: 0.58
  | CTM step 3 conv: 2.005e-08 time: 0.54
Energies: 1.196345962622317 -4.6780581144934e-11
Norm: 1.0760033029037819
========== 
Finished basis vector 16/63 

Starting simulation of basis vector 17/63
Performing CTM pre-steps without tracking
  | CTM step 1 conv: 1.000e+00 time: 0.31
  | CTM step 2 conv: 1.000e+00 time: 0.34
  | CTM step 3 conv: 1.000e+00 time: 0.35
  | CTM step 4 conv: 1.000e+00 time: 0.35
  | CTM step 5 conv: 1.136e-03 time: 0.35
  | CTM step 6 conv: 3.673e-04 time: 0.35
  | CTM step 7 conv: 1.212e-04 time: 0.35
  | CTM step 8 conv: 4.044e-05 time: 0.36
  | CTM step 9 conv: 1.358e-05 time: 0.35
  | CTM step 10 conv: 4.574e-06 time: 0.36
  | CTM step 11 conv: 1.543e-06 time: 0.35
Performing CTM
  | CTM step 1 conv: 1.000e+00 time: 0.45
  | CTM step 2 conv: 5.937e-08 time: 0.54
  | CTM step 3 conv: 2.005e-08 time: 0.53
Energies: 0.7164180479102278 -4.6780581144934e-11
Norm: 0.6565330346168998
========== 
Finished basis vector 17/63 

Starting simulation of basis vector 18/63
Performing CTM pre-steps without tracking
  | CTM step 1 conv: 1.000e+00 time: 0.31
  | CTM step 2 conv: 1.000e+00 time: 0.34
  | CTM step 3 conv: 1.000e+00 time: 0.35
  | CTM step 4 conv: 1.000e+00 time: 0.36
  | CTM step 5 conv: 1.136e-03 time: 0.35
  | CTM step 6 conv: 3.673e-04 time: 0.36
  | CTM step 7 conv: 1.212e-04 time: 0.36
  | CTM step 8 conv: 4.044e-05 time: 0.35
  | CTM step 9 conv: 1.358e-05 time: 0.35
  | CTM step 10 conv: 4.574e-06 time: 0.35
  | CTM step 11 conv: 1.543e-06 time: 0.35
Performing CTM
  | CTM step 1 conv: 1.000e+00 time: 0.46
  | CTM step 2 conv: 5.937e-08 time: 0.54
  | CTM step 3 conv: 2.005e-08 time: 0.54
Energies: 0.32269805893072334 -4.6780581144934e-11
Norm: 0.17248221394634236
========== 
Finished basis vector 18/63 

Starting simulation of basis vector 19/63
Performing CTM pre-steps without tracking
  | CTM step 1 conv: 1.000e+00 time: 0.31
  | CTM step 2 conv: 1.000e+00 time: 0.34
  | CTM step 3 conv: 1.000e+00 time: 0.35
  | CTM step 4 conv: 1.000e+00 time: 0.35
  | CTM step 5 conv: 1.136e-03 time: 0.35
  | CTM step 6 conv: 3.673e-04 time: 0.35
  | CTM step 7 conv: 1.212e-04 time: 0.35
  | CTM step 8 conv: 4.044e-05 time: 0.35
  | CTM step 9 conv: 1.358e-05 time: 0.35
  | CTM step 10 conv: 4.574e-06 time: 0.35
  | CTM step 11 conv: 1.543e-06 time: 0.35
Performing CTM
  | CTM step 1 conv: 1.000e+00 time: 0.45
  | CTM step 2 conv: 5.937e-08 time: 0.54
  | CTM step 3 conv: 2.005e-08 time: 0.53
Energies: 0.23417999270996526 -4.6780581144934e-11
Norm: 0.12410198988090662
========== 
Finished basis vector 19/63 

Starting simulation of basis vector 20/63
Performing CTM pre-steps without tracking
  | CTM step 1 conv: 1.000e+00 time: 0.31
  | CTM step 2 conv: 1.000e+00 time: 0.34
  | CTM step 3 conv: 1.000e+00 time: 0.35
  | CTM step 4 conv: 1.000e+00 time: 0.35
  | CTM step 5 conv: 1.136e-03 time: 0.35
  | CTM step 6 conv: 3.673e-04 time: 0.35
  | CTM step 7 conv: 1.212e-04 time: 0.35
  | CTM step 8 conv: 4.044e-05 time: 0.37
  | CTM step 9 conv: 1.358e-05 time: 0.35
  | CTM step 10 conv: 4.574e-06 time: 0.35
  | CTM step 11 conv: 1.543e-06 time: 0.35
Performing CTM
  | CTM step 1 conv: 1.000e+00 time: 0.46
  | CTM step 2 conv: 5.937e-08 time: 0.54
  | CTM step 3 conv: 2.005e-08 time: 0.54
Energies: 0.7819408516380157 -4.6780581144934e-11
Norm: 0.9486628442079136
========== 
Finished basis vector 20/63 

Starting simulation of basis vector 21/63
Performing CTM pre-steps without tracking
  | CTM step 1 conv: 1.000e+00 time: 0.31
  | CTM step 2 conv: 1.000e+00 time: 0.34
  | CTM step 3 conv: 1.000e+00 time: 0.35
  | CTM step 4 conv: 1.000e+00 time: 0.36
  | CTM step 5 conv: 1.136e-03 time: 0.36
  | CTM step 6 conv: 3.673e-04 time: 0.36
  | CTM step 7 conv: 1.212e-04 time: 0.36
  | CTM step 8 conv: 4.044e-05 time: 0.36
  | CTM step 9 conv: 1.358e-05 time: 0.36
  | CTM step 10 conv: 4.574e-06 time: 0.36
  | CTM step 11 conv: 1.543e-06 time: 0.36
Performing CTM
  | CTM step 1 conv: 1.000e+00 time: 0.46
  | CTM step 2 conv: 5.937e-08 time: 0.54
  | CTM step 3 conv: 2.005e-08 time: 0.54
Energies: 0.7826876184908791 -4.6780581144934e-11
Norm: 0.7677554521893728
========== 
Finished basis vector 21/63 

Starting simulation of basis vector 22/63
Performing CTM pre-steps without tracking
  | CTM step 1 conv: 1.000e+00 time: 0.31
  | CTM step 2 conv: 1.000e+00 time: 0.34
  | CTM step 3 conv: 1.000e+00 time: 0.35
  | CTM step 4 conv: 1.000e+00 time: 0.36
  | CTM step 5 conv: 1.136e-03 time: 0.36
  | CTM step 6 conv: 3.673e-04 time: 0.36
  | CTM step 7 conv: 1.212e-04 time: 0.36
  | CTM step 8 conv: 4.044e-05 time: 0.35
  | CTM step 9 conv: 1.358e-05 time: 0.44
  | CTM step 10 conv: 4.574e-06 time: 0.36
  | CTM step 11 conv: 1.543e-06 time: 0.36
Performing CTM
  | CTM step 1 conv: 1.000e+00 time: 0.46
  | CTM step 2 conv: 5.937e-08 time: 0.54
  | CTM step 3 conv: 2.005e-08 time: 0.54
Energies: 0.24812465796586824 -4.6780581144934e-11
Norm: 0.15644871558130122
========== 
Finished basis vector 22/63 

Starting simulation of basis vector 23/63
Performing CTM pre-steps without tracking
  | CTM step 1 conv: 1.000e+00 time: 0.31
  | CTM step 2 conv: 1.000e+00 time: 0.34
  | CTM step 3 conv: 1.000e+00 time: 0.35
  | CTM step 4 conv: 1.000e+00 time: 0.35
  | CTM step 5 conv: 1.136e-03 time: 0.35
  | CTM step 6 conv: 3.673e-04 time: 0.35
  | CTM step 7 conv: 1.212e-04 time: 0.35
  | CTM step 8 conv: 4.044e-05 time: 0.35
  | CTM step 9 conv: 1.358e-05 time: 0.35
  | CTM step 10 conv: 4.574e-06 time: 0.35
  | CTM step 11 conv: 1.543e-06 time: 0.35
Performing CTM
  | CTM step 1 conv: 1.000e+00 time: 0.45
  | CTM step 2 conv: 5.937e-08 time: 0.57
  | CTM step 3 conv: 2.005e-08 time: 0.58
Energies: 0.23519960276341179 -4.6780581144934e-11
Norm: 0.14229516068325537
========== 
Finished basis vector 23/63 

Starting simulation of basis vector 24/63
Performing CTM pre-steps without tracking
  | CTM step 1 conv: 1.000e+00 time: 0.31
  | CTM step 2 conv: 1.000e+00 time: 0.34
  | CTM step 3 conv: 1.000e+00 time: 0.35
  | CTM step 4 conv: 1.000e+00 time: 0.36
  | CTM step 5 conv: 1.136e-03 time: 0.35
  | CTM step 6 conv: 3.673e-04 time: 0.36
  | CTM step 7 conv: 1.212e-04 time: 0.38
  | CTM step 8 conv: 4.044e-05 time: 0.36
  | CTM step 9 conv: 1.358e-05 time: 0.36
  | CTM step 10 conv: 4.574e-06 time: 0.35
  | CTM step 11 conv: 1.543e-06 time: 0.35
Performing CTM
  | CTM step 1 conv: 1.000e+00 time: 0.45
  | CTM step 2 conv: 5.937e-08 time: 0.54
  | CTM step 3 conv: 2.005e-08 time: 0.54
Energies: 0.5876650023588601 -4.6780581144934e-11
Norm: 0.25445696592080175
========== 
Finished basis vector 24/63 

Starting simulation of basis vector 25/63
Performing CTM pre-steps without tracking
  | CTM step 1 conv: 1.000e+00 time: 0.31
  | CTM step 2 conv: 1.000e+00 time: 0.34
  | CTM step 3 conv: 1.000e+00 time: 0.35
  | CTM step 4 conv: 1.000e+00 time: 0.35
  | CTM step 5 conv: 1.136e-03 time: 0.36
  | CTM step 6 conv: 3.673e-04 time: 0.35
  | CTM step 7 conv: 1.212e-04 time: 0.35
  | CTM step 8 conv: 4.044e-05 time: 0.35
  | CTM step 9 conv: 1.358e-05 time: 0.36
  | CTM step 10 conv: 4.574e-06 time: 0.36
  | CTM step 11 conv: 1.543e-06 time: 0.36
Performing CTM
  | CTM step 1 conv: 1.000e+00 time: 0.45
  | CTM step 2 conv: 5.937e-08 time: 0.53
  | CTM step 3 conv: 2.005e-08 time: 0.54
Energies: 0.4732324693991954 -4.6780581144934e-11
Norm: 0.22387061151840867
========== 
Finished basis vector 25/63 

Starting simulation of basis vector 26/63
Performing CTM pre-steps without tracking
  | CTM step 1 conv: 1.000e+00 time: 0.31
  | CTM step 2 conv: 1.000e+00 time: 0.34
  | CTM step 3 conv: 1.000e+00 time: 0.35
  | CTM step 4 conv: 1.000e+00 time: 0.35
  | CTM step 5 conv: 1.136e-03 time: 0.35
  | CTM step 6 conv: 3.673e-04 time: 0.35
  | CTM step 7 conv: 1.212e-04 time: 0.35
  | CTM step 8 conv: 4.044e-05 time: 0.35
  | CTM step 9 conv: 1.358e-05 time: 0.35
  | CTM step 10 conv: 4.574e-06 time: 0.35
  | CTM step 11 conv: 1.543e-06 time: 0.35
Performing CTM
  | CTM step 1 conv: 1.000e+00 time: 0.45
  | CTM step 2 conv: 5.937e-08 time: 0.57
  | CTM step 3 conv: 2.005e-08 time: 0.54
Energies: 0.12288249380940353 -4.6780581144934e-11
Norm: 0.043702245506135814
========== 
Finished basis vector 26/63 

Starting simulation of basis vector 27/63
Performing CTM pre-steps without tracking
  | CTM step 1 conv: 1.000e+00 time: 0.31
  | CTM step 2 conv: 1.000e+00 time: 0.34
  | CTM step 3 conv: 1.000e+00 time: 0.35
  | CTM step 4 conv: 1.000e+00 time: 0.35
  | CTM step 5 conv: 1.136e-03 time: 0.35
  | CTM step 6 conv: 3.673e-04 time: 0.35
  | CTM step 7 conv: 1.212e-04 time: 0.39
  | CTM step 8 conv: 4.044e-05 time: 0.36
  | CTM step 9 conv: 1.358e-05 time: 0.35
  | CTM step 10 conv: 4.574e-06 time: 0.35
  | CTM step 11 conv: 1.543e-06 time: 0.35
Performing CTM
  | CTM step 1 conv: 1.000e+00 time: 0.45
  | CTM step 2 conv: 5.937e-08 time: 0.54
  | CTM step 3 conv: 2.005e-08 time: 0.54
Energies: 0.10935367268117702 -4.6780581144934e-11
Norm: 0.040166051930525234
========== 
Finished basis vector 27/63 

Starting simulation of basis vector 28/63
Performing CTM pre-steps without tracking
  | CTM step 1 conv: 1.000e+00 time: 0.31
  | CTM step 2 conv: 1.000e+00 time: 0.34
  | CTM step 3 conv: 1.000e+00 time: 0.35
  | CTM step 4 conv: 1.000e+00 time: 0.35
  | CTM step 5 conv: 1.136e-03 time: 0.35
  | CTM step 6 conv: 3.673e-04 time: 0.35
  | CTM step 7 conv: 1.212e-04 time: 0.35
  | CTM step 8 conv: 4.044e-05 time: 0.35
  | CTM step 9 conv: 1.358e-05 time: 0.35
  | CTM step 10 conv: 4.574e-06 time: 0.35
  | CTM step 11 conv: 1.543e-06 time: 0.35
Performing CTM
  | CTM step 1 conv: 1.000e+00 time: 0.45
  | CTM step 2 conv: 5.937e-08 time: 0.53
  | CTM step 3 conv: 2.005e-08 time: 0.53
Energies: 0.5806671671387114 -4.6780581144934e-11
Norm: 0.27574962486779014
========== 
Finished basis vector 28/63 

Starting simulation of basis vector 29/63
Performing CTM pre-steps without tracking
  | CTM step 1 conv: 1.000e+00 time: 0.31
  | CTM step 2 conv: 1.000e+00 time: 0.34
  | CTM step 3 conv: 1.000e+00 time: 0.35
  | CTM step 4 conv: 1.000e+00 time: 0.35
  | CTM step 5 conv: 1.136e-03 time: 0.35
  | CTM step 6 conv: 3.673e-04 time: 0.35
  | CTM step 7 conv: 1.212e-04 time: 0.35
  | CTM step 8 conv: 4.044e-05 time: 0.35
  | CTM step 9 conv: 1.358e-05 time: 0.35
  | CTM step 10 conv: 4.574e-06 time: 0.35
  | CTM step 11 conv: 1.543e-06 time: 0.35
Performing CTM
  | CTM step 1 conv: 1.000e+00 time: 0.45
  | CTM step 2 conv: 5.937e-08 time: 0.53
  | CTM step 3 conv: 2.005e-08 time: 0.55
Energies: 0.5086825075221104 -4.6780581144934e-11
Norm: 0.25453939132694564
========== 
Finished basis vector 29/63 

Starting simulation of basis vector 30/63
Performing CTM pre-steps without tracking
  | CTM step 1 conv: 1.000e+00 time: 0.31
  | CTM step 2 conv: 1.000e+00 time: 0.34
  | CTM step 3 conv: 1.000e+00 time: 0.35
  | CTM step 4 conv: 1.000e+00 time: 0.35
  | CTM step 5 conv: 1.136e-03 time: 0.35
  | CTM step 6 conv: 3.673e-04 time: 0.35
  | CTM step 7 conv: 1.212e-04 time: 0.35
  | CTM step 8 conv: 4.044e-05 time: 0.35
  | CTM step 9 conv: 1.358e-05 time: 0.35
  | CTM step 10 conv: 4.574e-06 time: 0.35
  | CTM step 11 conv: 1.543e-06 time: 0.35
Performing CTM
  | CTM step 1 conv: 1.000e+00 time: 0.45
  | CTM step 2 conv: 5.937e-08 time: 0.53
  | CTM step 3 conv: 2.005e-08 time: 0.53
Energies: 0.12779983799125716 -4.6780581144934e-11
Norm: 0.04696393051032629
========== 
Finished basis vector 30/63 

Starting simulation of basis vector 31/63
Performing CTM pre-steps without tracking
  | CTM step 1 conv: 1.000e+00 time: 0.31
  | CTM step 2 conv: 1.000e+00 time: 0.34
  | CTM step 3 conv: 1.000e+00 time: 0.35
  | CTM step 4 conv: 1.000e+00 time: 0.35
  | CTM step 5 conv: 1.136e-03 time: 0.35
  | CTM step 6 conv: 3.673e-04 time: 0.35
  | CTM step 7 conv: 1.212e-04 time: 0.35
  | CTM step 8 conv: 4.044e-05 time: 0.35
  | CTM step 9 conv: 1.358e-05 time: 0.35
  | CTM step 10 conv: 4.574e-06 time: 0.35
  | CTM step 11 conv: 1.543e-06 time: 0.35
Performing CTM
  | CTM step 1 conv: 1.000e+00 time: 0.45
  | CTM step 2 conv: 5.937e-08 time: 0.53
  | CTM step 3 conv: 2.005e-08 time: 0.53
Energies: 0.11658812777048322 -4.6780581144934e-11
Norm: 0.044259474016921964
========== 
Finished basis vector 31/63 

Starting simulation of basis vector 32/63
Performing CTM pre-steps without tracking
  | CTM step 1 conv: 1.000e+00 time: 0.31
  | CTM step 2 conv: 1.000e+00 time: 0.34
  | CTM step 3 conv: 1.000e+00 time: 0.35
  | CTM step 4 conv: 1.000e+00 time: 0.35
  | CTM step 5 conv: 1.136e-03 time: 0.35
  | CTM step 6 conv: 3.673e-04 time: 0.35
  | CTM step 7 conv: 1.212e-04 time: 0.35
  | CTM step 8 conv: 4.044e-05 time: 0.35
  | CTM step 9 conv: 1.358e-05 time: 0.35
  | CTM step 10 conv: 4.574e-06 time: 0.35
  | CTM step 11 conv: 1.543e-06 time: 0.35
Performing CTM
  | CTM step 1 conv: 1.000e+00 time: 0.45
  | CTM step 2 conv: 5.937e-08 time: 0.54
  | CTM step 3 conv: 2.005e-08 time: 0.54
Energies: 0.8906856908887022 -4.6780581144934e-11
Norm: 0.7485871980908786
========== 
Finished basis vector 32/63 

Starting simulation of basis vector 33/63
Performing CTM pre-steps without tracking
  | CTM step 1 conv: 1.000e+00 time: 0.31
  | CTM step 2 conv: 1.000e+00 time: 0.34
  | CTM step 3 conv: 1.000e+00 time: 0.35
  | CTM step 4 conv: 1.000e+00 time: 0.35
  | CTM step 5 conv: 1.136e-03 time: 0.35
  | CTM step 6 conv: 3.673e-04 time: 0.35
  | CTM step 7 conv: 1.212e-04 time: 0.35
  | CTM step 8 conv: 4.044e-05 time: 0.35
  | CTM step 9 conv: 1.358e-05 time: 0.35
  | CTM step 10 conv: 4.574e-06 time: 0.35
  | CTM step 11 conv: 1.543e-06 time: 0.35
Performing CTM
  | CTM step 1 conv: 1.000e+00 time: 0.45
  | CTM step 2 conv: 5.937e-08 time: 0.54
  | CTM step 3 conv: 2.005e-08 time: 0.57
Energies: 0.9546456497720079 -4.6780581144934e-11
Norm: 0.7597660636974902
========== 
Finished basis vector 33/63 

Starting simulation of basis vector 34/63
Performing CTM pre-steps without tracking
  | CTM step 1 conv: 1.000e+00 time: 0.31
  | CTM step 2 conv: 1.000e+00 time: 0.34
  | CTM step 3 conv: 1.000e+00 time: 0.35
  | CTM step 4 conv: 1.000e+00 time: 0.35
  | CTM step 5 conv: 1.136e-03 time: 0.35
  | CTM step 6 conv: 3.673e-04 time: 0.35
  | CTM step 7 conv: 1.212e-04 time: 0.35
  | CTM step 8 conv: 4.044e-05 time: 0.35
  | CTM step 9 conv: 1.358e-05 time: 0.35
  | CTM step 10 conv: 4.574e-06 time: 0.35
  | CTM step 11 conv: 1.543e-06 time: 0.35
Performing CTM
  | CTM step 1 conv: 1.000e+00 time: 0.45
  | CTM step 2 conv: 5.937e-08 time: 0.53
  | CTM step 3 conv: 2.005e-08 time: 0.53
Energies: 0.244242546284416 -4.6780581144934e-11
Norm: 0.13405334074892838
========== 
Finished basis vector 34/63 

Starting simulation of basis vector 35/63
Performing CTM pre-steps without tracking
  | CTM step 1 conv: 1.000e+00 time: 0.31
  | CTM step 2 conv: 1.000e+00 time: 0.34
  | CTM step 3 conv: 1.000e+00 time: 0.35
  | CTM step 4 conv: 1.000e+00 time: 0.36
  | CTM step 5 conv: 1.136e-03 time: 0.35
  | CTM step 6 conv: 3.673e-04 time: 0.36
  | CTM step 7 conv: 1.212e-04 time: 0.35
  | CTM step 8 conv: 4.044e-05 time: 0.35
  | CTM step 9 conv: 1.358e-05 time: 0.36
  | CTM step 10 conv: 4.574e-06 time: 0.36
  | CTM step 11 conv: 1.543e-06 time: 0.36
Performing CTM
  | CTM step 1 conv: 1.000e+00 time: 0.45
  | CTM step 2 conv: 5.937e-08 time: 0.53
  | CTM step 3 conv: 2.005e-08 time: 0.53
Energies: 0.2407901035381781 -4.6780581144934e-11
Norm: 0.1312450478922945
========== 
Finished basis vector 35/63 

Starting simulation of basis vector 36/63
Performing CTM pre-steps without tracking
  | CTM step 1 conv: 1.000e+00 time: 0.31
  | CTM step 2 conv: 1.000e+00 time: 0.34
  | CTM step 3 conv: 1.000e+00 time: 0.35
  | CTM step 4 conv: 1.000e+00 time: 0.35
  | CTM step 5 conv: 1.136e-03 time: 0.35
  | CTM step 6 conv: 3.673e-04 time: 0.35
  | CTM step 7 conv: 1.212e-04 time: 0.35
  | CTM step 8 conv: 4.044e-05 time: 0.35
  | CTM step 9 conv: 1.358e-05 time: 0.35
  | CTM step 10 conv: 4.574e-06 time: 0.35
  | CTM step 11 conv: 1.543e-06 time: 0.35
Performing CTM
  | CTM step 1 conv: 1.000e+00 time: 0.45
  | CTM step 2 conv: 5.937e-08 time: 0.57
  | CTM step 3 conv: 2.005e-08 time: 0.54
Energies: 0.9269747546739282 -4.6780581144934e-11
Norm: 0.8945169091648355
========== 
Finished basis vector 36/63 

Starting simulation of basis vector 37/63
Performing CTM pre-steps without tracking
  | CTM step 1 conv: 1.000e+00 time: 0.31
  | CTM step 2 conv: 1.000e+00 time: 0.34
  | CTM step 3 conv: 1.000e+00 time: 0.35
  | CTM step 4 conv: 1.000e+00 time: 0.35
  | CTM step 5 conv: 1.136e-03 time: 0.35
  | CTM step 6 conv: 3.673e-04 time: 0.35
  | CTM step 7 conv: 1.212e-04 time: 0.35
  | CTM step 8 conv: 4.044e-05 time: 0.35
  | CTM step 9 conv: 1.358e-05 time: 0.44
  | CTM step 10 conv: 4.574e-06 time: 0.35
  | CTM step 11 conv: 1.543e-06 time: 0.35
Performing CTM
  | CTM step 1 conv: 1.000e+00 time: 0.45
  | CTM step 2 conv: 5.937e-08 time: 0.54
  | CTM step 3 conv: 2.005e-08 time: 0.54
Energies: 1.3585584674524362 -4.6780581144934e-11
Norm: 1.197519428388956
========== 
Finished basis vector 37/63 

Starting simulation of basis vector 38/63
Performing CTM pre-steps without tracking
  | CTM step 1 conv: 1.000e+00 time: 0.31
  | CTM step 2 conv: 1.000e+00 time: 0.34
  | CTM step 3 conv: 1.000e+00 time: 0.35
  | CTM step 4 conv: 1.000e+00 time: 0.35
  | CTM step 5 conv: 1.136e-03 time: 0.35
  | CTM step 6 conv: 3.673e-04 time: 0.35
  | CTM step 7 conv: 1.212e-04 time: 0.35
  | CTM step 8 conv: 4.044e-05 time: 0.35
  | CTM step 9 conv: 1.358e-05 time: 0.35
  | CTM step 10 conv: 4.574e-06 time: 0.35
  | CTM step 11 conv: 1.543e-06 time: 0.35
Performing CTM
  | CTM step 1 conv: 1.000e+00 time: 0.45
  | CTM step 2 conv: 5.937e-08 time: 0.53
  | CTM step 3 conv: 2.005e-08 time: 0.53
Energies: 0.28801245590870517 -4.6780581144934e-11
Norm: 0.15446300031669488
========== 
Finished basis vector 38/63 

Starting simulation of basis vector 39/63
Performing CTM pre-steps without tracking
  | CTM step 1 conv: 1.000e+00 time: 0.31
  | CTM step 2 conv: 1.000e+00 time: 0.34
  | CTM step 3 conv: 1.000e+00 time: 0.35
  | CTM step 4 conv: 1.000e+00 time: 0.35
  | CTM step 5 conv: 1.136e-03 time: 0.35
  | CTM step 6 conv: 3.673e-04 time: 0.35
  | CTM step 7 conv: 1.212e-04 time: 0.35
  | CTM step 8 conv: 4.044e-05 time: 0.35
  | CTM step 9 conv: 1.358e-05 time: 0.35
  | CTM step 10 conv: 4.574e-06 time: 0.35
  | CTM step 11 conv: 1.543e-06 time: 0.43
Performing CTM
  | CTM step 1 conv: 1.000e+00 time: 0.45
  | CTM step 2 conv: 5.937e-08 time: 0.53
  | CTM step 3 conv: 2.005e-08 time: 0.53
Energies: 0.358094299642151 -4.6780581144934e-11
Norm: 0.1893255629399126
========== 
Finished basis vector 39/63 

Starting simulation of basis vector 40/63
Performing CTM pre-steps without tracking
  | CTM step 1 conv: 1.000e+00 time: 0.31
  | CTM step 2 conv: 1.000e+00 time: 0.34
  | CTM step 3 conv: 1.000e+00 time: 0.35
  | CTM step 4 conv: 1.000e+00 time: 0.35
  | CTM step 5 conv: 1.136e-03 time: 0.35
  | CTM step 6 conv: 3.673e-04 time: 0.35
  | CTM step 7 conv: 1.212e-04 time: 0.35
  | CTM step 8 conv: 4.044e-05 time: 0.39
  | CTM step 9 conv: 1.358e-05 time: 0.35
  | CTM step 10 conv: 4.574e-06 time: 0.35
  | CTM step 11 conv: 1.543e-06 time: 0.35
Performing CTM
  | CTM step 1 conv: 1.000e+00 time: 0.45
  | CTM step 2 conv: 5.937e-08 time: 0.54
  | CTM step 3 conv: 2.005e-08 time: 0.58
Energies: 0.4737032272459061 -4.6780581144934e-11
Norm: 0.23550620405217845
========== 
Finished basis vector 40/63 

Starting simulation of basis vector 41/63
Performing CTM pre-steps without tracking
  | CTM step 1 conv: 1.000e+00 time: 0.31
  | CTM step 2 conv: 1.000e+00 time: 0.34
  | CTM step 3 conv: 1.000e+00 time: 0.35
  | CTM step 4 conv: 1.000e+00 time: 0.35
  | CTM step 5 conv: 1.136e-03 time: 0.35
  | CTM step 6 conv: 3.673e-04 time: 0.35
  | CTM step 7 conv: 1.212e-04 time: 0.35
  | CTM step 8 conv: 4.044e-05 time: 0.35
  | CTM step 9 conv: 1.358e-05 time: 0.43
  | CTM step 10 conv: 4.574e-06 time: 0.35
  | CTM step 11 conv: 1.543e-06 time: 0.35
Performing CTM
  | CTM step 1 conv: 1.000e+00 time: 0.45
  | CTM step 2 conv: 5.937e-08 time: 0.53
  | CTM step 3 conv: 2.005e-08 time: 0.53
Energies: 0.4952211313268915 -4.6780581144934e-11
Norm: 0.23695925133167473
========== 
Finished basis vector 41/63 

Starting simulation of basis vector 42/63
Performing CTM pre-steps without tracking
  | CTM step 1 conv: 1.000e+00 time: 0.31
  | CTM step 2 conv: 1.000e+00 time: 0.34
  | CTM step 3 conv: 1.000e+00 time: 0.34
  | CTM step 4 conv: 1.000e+00 time: 0.35
  | CTM step 5 conv: 1.136e-03 time: 0.35
  | CTM step 6 conv: 3.673e-04 time: 0.35
  | CTM step 7 conv: 1.212e-04 time: 0.35
  | CTM step 8 conv: 4.044e-05 time: 0.35
  | CTM step 9 conv: 1.358e-05 time: 0.35
  | CTM step 10 conv: 4.574e-06 time: 0.35
  | CTM step 11 conv: 1.543e-06 time: 0.35
Performing CTM
  | CTM step 1 conv: 1.000e+00 time: 0.45
  | CTM step 2 conv: 5.937e-08 time: 0.53
  | CTM step 3 conv: 2.005e-08 time: 0.53
Energies: 0.10829621659747746 -4.6780581144934e-11
Norm: 0.04071367237167217
========== 
Finished basis vector 42/63 

Starting simulation of basis vector 43/63
Performing CTM pre-steps without tracking
  | CTM step 1 conv: 1.000e+00 time: 0.31
  | CTM step 2 conv: 1.000e+00 time: 0.34
  | CTM step 3 conv: 1.000e+00 time: 0.35
  | CTM step 4 conv: 1.000e+00 time: 0.35
  | CTM step 5 conv: 1.136e-03 time: 0.35
  | CTM step 6 conv: 3.673e-04 time: 0.35
  | CTM step 7 conv: 1.212e-04 time: 0.35
  | CTM step 8 conv: 4.044e-05 time: 0.35
  | CTM step 9 conv: 1.358e-05 time: 0.35
  | CTM step 10 conv: 4.574e-06 time: 0.35
  | CTM step 11 conv: 1.543e-06 time: 0.35
Performing CTM
  | CTM step 1 conv: 1.000e+00 time: 0.45
  | CTM step 2 conv: 5.937e-08 time: 0.53
  | CTM step 3 conv: 2.005e-08 time: 0.57
Energies: 0.1102313481504249 -4.6780581144934e-11
Norm: 0.04051934546196844
========== 
Finished basis vector 43/63 

Starting simulation of basis vector 44/63
Performing CTM pre-steps without tracking
  | CTM step 1 conv: 1.000e+00 time: 0.31
  | CTM step 2 conv: 1.000e+00 time: 0.34
  | CTM step 3 conv: 1.000e+00 time: 0.35
  | CTM step 4 conv: 1.000e+00 time: 0.35
  | CTM step 5 conv: 1.136e-03 time: 0.35
  | CTM step 6 conv: 3.673e-04 time: 0.35
  | CTM step 7 conv: 1.212e-04 time: 0.35
  | CTM step 8 conv: 4.044e-05 time: 0.35
  | CTM step 9 conv: 1.358e-05 time: 0.35
  | CTM step 10 conv: 4.574e-06 time: 0.35
  | CTM step 11 conv: 1.543e-06 time: 0.35
Performing CTM
  | CTM step 1 conv: 1.000e+00 time: 0.45
  | CTM step 2 conv: 5.937e-08 time: 0.53
  | CTM step 3 conv: 2.005e-08 time: 0.53
Energies: 0.5356791592148045 -4.6780581144934e-11
Norm: 0.2596362400809533
========== 
Finished basis vector 44/63 

Starting simulation of basis vector 45/63
Performing CTM pre-steps without tracking
  | CTM step 1 conv: 1.000e+00 time: 0.31
  | CTM step 2 conv: 1.000e+00 time: 0.34
  | CTM step 3 conv: 1.000e+00 time: 0.35
  | CTM step 4 conv: 1.000e+00 time: 0.35
  | CTM step 5 conv: 1.136e-03 time: 0.35
  | CTM step 6 conv: 3.673e-04 time: 0.35
  | CTM step 7 conv: 1.212e-04 time: 0.35
  | CTM step 8 conv: 4.044e-05 time: 0.35
  | CTM step 9 conv: 1.358e-05 time: 0.35
  | CTM step 10 conv: 4.574e-06 time: 0.35
  | CTM step 11 conv: 1.543e-06 time: 0.35
Performing CTM
  | CTM step 1 conv: 1.000e+00 time: 0.45
  | CTM step 2 conv: 5.937e-08 time: 0.53
  | CTM step 3 conv: 2.005e-08 time: 0.53
Energies: 0.608852782338368 -4.6780581144934e-11
Norm: 0.27758890506843326
========== 
Finished basis vector 45/63 

Starting simulation of basis vector 46/63
Performing CTM pre-steps without tracking
  | CTM step 1 conv: 1.000e+00 time: 0.31
  | CTM step 2 conv: 1.000e+00 time: 0.34
  | CTM step 3 conv: 1.000e+00 time: 0.35
  | CTM step 4 conv: 1.000e+00 time: 0.35
  | CTM step 5 conv: 1.136e-03 time: 0.35
  | CTM step 6 conv: 3.673e-04 time: 0.35
  | CTM step 7 conv: 1.212e-04 time: 0.35
  | CTM step 8 conv: 4.044e-05 time: 0.35
  | CTM step 9 conv: 1.358e-05 time: 0.35
  | CTM step 10 conv: 4.574e-06 time: 0.35
  | CTM step 11 conv: 1.543e-06 time: 0.35
Performing CTM
  | CTM step 1 conv: 1.000e+00 time: 0.45
  | CTM step 2 conv: 5.937e-08 time: 0.57
  | CTM step 3 conv: 2.005e-08 time: 0.53
Energies: 0.12486779244469326 -4.6780581144934e-11
Norm: 0.046351536665320735
========== 
Finished basis vector 46/63 

Starting simulation of basis vector 47/63
Performing CTM pre-steps without tracking
  | CTM step 1 conv: 1.000e+00 time: 0.31
  | CTM step 2 conv: 1.000e+00 time: 0.34
  | CTM step 3 conv: 1.000e+00 time: 0.35
  | CTM step 4 conv: 1.000e+00 time: 0.35
  | CTM step 5 conv: 1.136e-03 time: 0.35
  | CTM step 6 conv: 3.673e-04 time: 0.35
  | CTM step 7 conv: 1.212e-04 time: 0.35
  | CTM step 8 conv: 4.044e-05 time: 0.35
  | CTM step 9 conv: 1.358e-05 time: 0.35
  | CTM step 10 conv: 4.574e-06 time: 0.35
  | CTM step 11 conv: 1.543e-06 time: 0.35
Performing CTM
  | CTM step 1 conv: 1.000e+00 time: 0.45
  | CTM step 2 conv: 5.937e-08 time: 0.53
  | CTM step 3 conv: 2.005e-08 time: 0.53
Energies: 0.13084562999711835 -4.6780581144934e-11
Norm: 0.04770231639931889
========== 
Finished basis vector 47/63 

Starting simulation of basis vector 48/63
Performing CTM pre-steps without tracking
  | CTM step 1 conv: 1.000e+00 time: 0.31
  | CTM step 2 conv: 1.000e+00 time: 0.34
  | CTM step 3 conv: 1.000e+00 time: 0.35
  | CTM step 4 conv: 1.000e+00 time: 0.35
  | CTM step 5 conv: 1.136e-03 time: 0.35
  | CTM step 6 conv: 3.673e-04 time: 0.35
  | CTM step 7 conv: 1.212e-04 time: 0.35
  | CTM step 8 conv: 4.044e-05 time: 0.35
  | CTM step 9 conv: 1.358e-05 time: 0.35
  | CTM step 10 conv: 4.574e-06 time: 0.35
  | CTM step 11 conv: 1.543e-06 time: 0.35
Performing CTM
  | CTM step 1 conv: 1.000e+00 time: 0.45
  | CTM step 2 conv: 5.937e-08 time: 0.53
  | CTM step 3 conv: 2.005e-08 time: 0.53
Energies: 1.541385827275958 -4.6780581144934e-11
Norm: 0.8454443379158458
========== 
Finished basis vector 48/63 

Starting simulation of basis vector 49/63
Performing CTM pre-steps without tracking
  | CTM step 1 conv: 1.000e+00 time: 0.31
  | CTM step 2 conv: 1.000e+00 time: 0.34
  | CTM step 3 conv: 1.000e+00 time: 0.35
  | CTM step 4 conv: 1.000e+00 time: 0.35
  | CTM step 5 conv: 1.136e-03 time: 0.35
  | CTM step 6 conv: 3.673e-04 time: 0.35
  | CTM step 7 conv: 1.212e-04 time: 0.35
  | CTM step 8 conv: 4.044e-05 time: 0.36
  | CTM step 9 conv: 1.358e-05 time: 0.35
  | CTM step 10 conv: 4.574e-06 time: 0.35
  | CTM step 11 conv: 1.543e-06 time: 0.35
Performing CTM
  | CTM step 1 conv: 1.000e+00 time: 0.45
  | CTM step 2 conv: 5.937e-08 time: 0.53
  | CTM step 3 conv: 2.005e-08 time: 0.53
Energies: 1.4004179570708803 -4.6780581144934e-11
Norm: 0.7707139117912224
========== 
Finished basis vector 49/63 

Starting simulation of basis vector 50/63
Performing CTM pre-steps without tracking
  | CTM step 1 conv: 1.000e+00 time: 0.31
  | CTM step 2 conv: 1.000e+00 time: 0.34
  | CTM step 3 conv: 1.000e+00 time: 0.35
  | CTM step 4 conv: 1.000e+00 time: 0.35
  | CTM step 5 conv: 1.136e-03 time: 0.35
  | CTM step 6 conv: 3.673e-04 time: 0.35
  | CTM step 7 conv: 1.212e-04 time: 0.35
  | CTM step 8 conv: 4.044e-05 time: 0.35
  | CTM step 9 conv: 1.358e-05 time: 0.35
  | CTM step 10 conv: 4.574e-06 time: 0.35
  | CTM step 11 conv: 1.543e-06 time: 0.35
Performing CTM
  | CTM step 1 conv: 1.000e+00 time: 0.45
  | CTM step 2 conv: 5.937e-08 time: 0.53
  | CTM step 3 conv: 2.005e-08 time: 0.53
Energies: 0.36053463846803857 -4.6780581144934e-11
Norm: 0.14373206064979263
========== 
Finished basis vector 50/63 

Starting simulation of basis vector 51/63
Performing CTM pre-steps without tracking
  | CTM step 1 conv: 1.000e+00 time: 0.31
  | CTM step 2 conv: 1.000e+00 time: 0.34
  | CTM step 3 conv: 1.000e+00 time: 0.35
  | CTM step 4 conv: 1.000e+00 time: 0.35
  | CTM step 5 conv: 1.136e-03 time: 0.35
  | CTM step 6 conv: 3.673e-04 time: 0.35
  | CTM step 7 conv: 1.212e-04 time: 0.35
  | CTM step 8 conv: 4.044e-05 time: 0.35
  | CTM step 9 conv: 1.358e-05 time: 0.35
  | CTM step 10 conv: 4.574e-06 time: 0.35
  | CTM step 11 conv: 1.543e-06 time: 0.35
Performing CTM
  | CTM step 1 conv: 1.000e+00 time: 0.45
  | CTM step 2 conv: 5.937e-08 time: 0.53
  | CTM step 3 conv: 2.005e-08 time: 0.53
Energies: 0.36646262906927696 -4.6780581144934e-11
Norm: 0.1351448153870691
========== 
Finished basis vector 51/63 

Starting simulation of basis vector 52/63
Performing CTM pre-steps without tracking
  | CTM step 1 conv: 1.000e+00 time: 0.31
  | CTM step 2 conv: 1.000e+00 time: 0.34
  | CTM step 3 conv: 1.000e+00 time: 0.35
  | CTM step 4 conv: 1.000e+00 time: 0.35
  | CTM step 5 conv: 1.136e-03 time: 0.35
  | CTM step 6 conv: 3.673e-04 time: 0.35
  | CTM step 7 conv: 1.212e-04 time: 0.35
  | CTM step 8 conv: 4.044e-05 time: 0.35
  | CTM step 9 conv: 1.358e-05 time: 0.35
  | CTM step 10 conv: 4.574e-06 time: 0.35
  | CTM step 11 conv: 1.543e-06 time: 0.35
Performing CTM
  | CTM step 1 conv: 1.000e+00 time: 0.45
  | CTM step 2 conv: 5.937e-08 time: 0.53
  | CTM step 3 conv: 2.005e-08 time: 0.53
Energies: 2.062000623108112 -4.6780581144934e-11
Norm: 1.086421873468618
========== 
Finished basis vector 52/63 

Starting simulation of basis vector 53/63
Performing CTM pre-steps without tracking
  | CTM step 1 conv: 1.000e+00 time: 0.31
  | CTM step 2 conv: 1.000e+00 time: 0.34
  | CTM step 3 conv: 1.000e+00 time: 0.35
  | CTM step 4 conv: 1.000e+00 time: 0.35
  | CTM step 5 conv: 1.136e-03 time: 0.35
  | CTM step 6 conv: 3.673e-04 time: 0.35
  | CTM step 7 conv: 1.212e-04 time: 0.35
  | CTM step 8 conv: 4.044e-05 time: 0.35
  | CTM step 9 conv: 1.358e-05 time: 0.35
  | CTM step 10 conv: 4.574e-06 time: 0.35
  | CTM step 11 conv: 1.543e-06 time: 0.35
Performing CTM
  | CTM step 1 conv: 1.000e+00 time: 0.45
  | CTM step 2 conv: 5.937e-08 time: 0.53
  | CTM step 3 conv: 2.005e-08 time: 0.57
Energies: 1.6749754834421164 -4.6780581144934e-11
Norm: 0.9305956396066382
========== 
Finished basis vector 53/63 

Starting simulation of basis vector 54/63
Performing CTM pre-steps without tracking
  | CTM step 1 conv: 1.000e+00 time: 0.31
  | CTM step 2 conv: 1.000e+00 time: 0.34
  | CTM step 3 conv: 1.000e+00 time: 0.35
  | CTM step 4 conv: 1.000e+00 time: 0.35
  | CTM step 5 conv: 1.136e-03 time: 0.35
  | CTM step 6 conv: 3.673e-04 time: 0.35
  | CTM step 7 conv: 1.212e-04 time: 0.35
  | CTM step 8 conv: 4.044e-05 time: 0.35
  | CTM step 9 conv: 1.358e-05 time: 0.35
  | CTM step 10 conv: 4.574e-06 time: 0.35
  | CTM step 11 conv: 1.543e-06 time: 0.35
Performing CTM
  | CTM step 1 conv: 1.000e+00 time: 0.45
  | CTM step 2 conv: 5.937e-08 time: 0.53
  | CTM step 3 conv: 2.005e-08 time: 0.53
Energies: 0.4392116823491863 -4.6780581144934e-11
Norm: 0.176089853610389
========== 
Finished basis vector 54/63 

Starting simulation of basis vector 55/63
Performing CTM pre-steps without tracking
  | CTM step 1 conv: 1.000e+00 time: 0.31
  | CTM step 2 conv: 1.000e+00 time: 0.34
  | CTM step 3 conv: 1.000e+00 time: 0.35
  | CTM step 4 conv: 1.000e+00 time: 0.35
  | CTM step 5 conv: 1.136e-03 time: 0.35
  | CTM step 6 conv: 3.673e-04 time: 0.35
  | CTM step 7 conv: 1.212e-04 time: 0.35
  | CTM step 8 conv: 4.044e-05 time: 0.35
  | CTM step 9 conv: 1.358e-05 time: 0.35
  | CTM step 10 conv: 4.574e-06 time: 0.35
  | CTM step 11 conv: 1.543e-06 time: 0.35
Performing CTM
  | CTM step 1 conv: 1.000e+00 time: 0.45
  | CTM step 2 conv: 5.937e-08 time: 0.53
  | CTM step 3 conv: 2.005e-08 time: 0.53
Energies: 0.3949756641450872 -4.6780581144934e-11
Norm: 0.15497256515145502
========== 
Finished basis vector 55/63 

Starting simulation of basis vector 56/63
Performing CTM pre-steps without tracking
  | CTM step 1 conv: 1.000e+00 time: 0.31
  | CTM step 2 conv: 1.000e+00 time: 0.34
  | CTM step 3 conv: 1.000e+00 time: 0.35
  | CTM step 4 conv: 1.000e+00 time: 0.35
  | CTM step 5 conv: 1.136e-03 time: 0.35
  | CTM step 6 conv: 3.673e-04 time: 0.35
  | CTM step 7 conv: 1.212e-04 time: 0.35
  | CTM step 8 conv: 4.044e-05 time: 0.35
  | CTM step 9 conv: 1.358e-05 time: 0.35
  | CTM step 10 conv: 4.574e-06 time: 0.35
  | CTM step 11 conv: 1.543e-06 time: 0.35
Performing CTM
  | CTM step 1 conv: 1.000e+00 time: 0.45
  | CTM step 2 conv: 5.937e-08 time: 0.57
  | CTM step 3 conv: 2.005e-08 time: 0.54
Energies: 0.738623612553436 -4.6780581144934e-11
Norm: 0.25183691499123806
========== 
Finished basis vector 56/63 

Starting simulation of basis vector 57/63
Performing CTM pre-steps without tracking
  | CTM step 1 conv: 1.000e+00 time: 0.31
  | CTM step 2 conv: 1.000e+00 time: 0.34
  | CTM step 3 conv: 1.000e+00 time: 0.35
  | CTM step 4 conv: 1.000e+00 time: 0.35
  | CTM step 5 conv: 1.136e-03 time: 0.35
  | CTM step 6 conv: 3.673e-04 time: 0.35
  | CTM step 7 conv: 1.212e-04 time: 0.35
  | CTM step 8 conv: 4.044e-05 time: 0.35
  | CTM step 9 conv: 1.358e-05 time: 0.35
  | CTM step 10 conv: 4.574e-06 time: 0.35
  | CTM step 11 conv: 1.543e-06 time: 0.35
Performing CTM
  | CTM step 1 conv: 1.000e+00 time: 0.45
  | CTM step 2 conv: 5.937e-08 time: 0.53
  | CTM step 3 conv: 2.005e-08 time: 0.53
Energies: 0.7508531420586917 -4.6780581144934e-11
Norm: 0.25213699480070534
========== 
Finished basis vector 57/63 

Starting simulation of basis vector 58/63
Performing CTM pre-steps without tracking
  | CTM step 1 conv: 1.000e+00 time: 0.31
  | CTM step 2 conv: 1.000e+00 time: 0.34
  | CTM step 3 conv: 1.000e+00 time: 0.35
  | CTM step 4 conv: 1.000e+00 time: 0.35
  | CTM step 5 conv: 1.136e-03 time: 0.35
  | CTM step 6 conv: 3.673e-04 time: 0.35
  | CTM step 7 conv: 1.212e-04 time: 0.35
  | CTM step 8 conv: 4.044e-05 time: 0.35
  | CTM step 9 conv: 1.358e-05 time: 0.35
  | CTM step 10 conv: 4.574e-06 time: 0.35
  | CTM step 11 conv: 1.543e-06 time: 0.35
Performing CTM
  | CTM step 1 conv: 1.000e+00 time: 0.45
  | CTM step 2 conv: 5.937e-08 time: 0.53
  | CTM step 3 conv: 2.005e-08 time: 0.53
Energies: 0.149164931889336 -4.6780581144934e-11
Norm: 0.04146300870192141
========== 
Finished basis vector 58/63 

Starting simulation of basis vector 59/63
Performing CTM pre-steps without tracking
  | CTM step 1 conv: 1.000e+00 time: 0.31
  | CTM step 2 conv: 1.000e+00 time: 0.34
  | CTM step 3 conv: 1.000e+00 time: 0.35
  | CTM step 4 conv: 1.000e+00 time: 0.35
  | CTM step 5 conv: 1.136e-03 time: 0.35
  | CTM step 6 conv: 3.673e-04 time: 0.35
  | CTM step 7 conv: 1.212e-04 time: 0.35
  | CTM step 8 conv: 4.044e-05 time: 0.35
  | CTM step 9 conv: 1.358e-05 time: 0.35
  | CTM step 10 conv: 4.574e-06 time: 0.35
  | CTM step 11 conv: 1.543e-06 time: 0.35
Performing CTM
  | CTM step 1 conv: 1.000e+00 time: 0.45
  | CTM step 2 conv: 5.937e-08 time: 0.53
  | CTM step 3 conv: 2.005e-08 time: 0.53
Energies: 0.15264712172741102 -4.6780581144934e-11
Norm: 0.04222702249154753
========== 
Finished basis vector 59/63 

Starting simulation of basis vector 60/63
Performing CTM pre-steps without tracking
  | CTM step 1 conv: 1.000e+00 time: 0.31
  | CTM step 2 conv: 1.000e+00 time: 0.34
  | CTM step 3 conv: 1.000e+00 time: 0.35
  | CTM step 4 conv: 1.000e+00 time: 0.35
  | CTM step 5 conv: 1.136e-03 time: 0.35
  | CTM step 6 conv: 3.673e-04 time: 0.35
  | CTM step 7 conv: 1.212e-04 time: 0.35
  | CTM step 8 conv: 4.044e-05 time: 0.35
  | CTM step 9 conv: 1.358e-05 time: 0.35
  | CTM step 10 conv: 4.574e-06 time: 0.35
  | CTM step 11 conv: 1.543e-06 time: 0.46
Performing CTM
  | CTM step 1 conv: 1.000e+00 time: 0.45
  | CTM step 2 conv: 5.937e-08 time: 0.53
  | CTM step 3 conv: 2.005e-08 time: 0.53
Energies: 0.8323388922120474 -4.6780581144934e-11
Norm: 0.2869203852727881
========== 
Finished basis vector 60/63 

Starting simulation of basis vector 61/63
Performing CTM pre-steps without tracking
  | CTM step 1 conv: 1.000e+00 time: 0.31
  | CTM step 2 conv: 1.000e+00 time: 0.34
  | CTM step 3 conv: 1.000e+00 time: 0.35
  | CTM step 4 conv: 1.000e+00 time: 0.35
  | CTM step 5 conv: 1.136e-03 time: 0.35
  | CTM step 6 conv: 3.673e-04 time: 0.35
  | CTM step 7 conv: 1.212e-04 time: 0.35
  | CTM step 8 conv: 4.044e-05 time: 0.35
  | CTM step 9 conv: 1.358e-05 time: 0.35
  | CTM step 10 conv: 4.574e-06 time: 0.35
  | CTM step 11 conv: 1.543e-06 time: 0.35
Performing CTM
  | CTM step 1 conv: 1.000e+00 time: 0.45
  | CTM step 2 conv: 5.937e-08 time: 0.53
  | CTM step 3 conv: 2.005e-08 time: 0.53
Energies: 0.8188261034108901 -4.6780581144934e-11
Norm: 0.2828829406273387
========== 
Finished basis vector 61/63 

Starting simulation of basis vector 62/63
Performing CTM pre-steps without tracking
  | CTM step 1 conv: 1.000e+00 time: 0.31
  | CTM step 2 conv: 1.000e+00 time: 0.34
  | CTM step 3 conv: 1.000e+00 time: 0.35
  | CTM step 4 conv: 1.000e+00 time: 0.35
  | CTM step 5 conv: 1.136e-03 time: 0.35
  | CTM step 6 conv: 3.673e-04 time: 0.35
  | CTM step 7 conv: 1.212e-04 time: 0.35
  | CTM step 8 conv: 4.044e-05 time: 0.35
  | CTM step 9 conv: 1.358e-05 time: 0.36
  | CTM step 10 conv: 4.574e-06 time: 0.35
  | CTM step 11 conv: 1.543e-06 time: 0.35
Performing CTM
  | CTM step 1 conv: 1.000e+00 time: 0.45
  | CTM step 2 conv: 5.937e-08 time: 0.53
  | CTM step 3 conv: 2.005e-08 time: 0.55
Energies: 0.163125832794482 -4.6780581144934e-11
Norm: 0.045729809571897866
========== 
Finished basis vector 62/63 

Starting simulation of basis vector 63/63
Performing CTM pre-steps without tracking
  | CTM step 1 conv: 1.000e+00 time: 0.31
  | CTM step 2 conv: 1.000e+00 time: 0.34
  | CTM step 3 conv: 1.000e+00 time: 0.35
  | CTM step 4 conv: 1.000e+00 time: 0.35
  | CTM step 5 conv: 1.136e-03 time: 0.35
  | CTM step 6 conv: 3.673e-04 time: 0.35
  | CTM step 7 conv: 1.212e-04 time: 0.35
  | CTM step 8 conv: 4.044e-05 time: 0.35
  | CTM step 9 conv: 1.358e-05 time: 0.35
  | CTM step 10 conv: 4.574e-06 time: 0.35
  | CTM step 11 conv: 1.543e-06 time: 0.35
Performing CTM
  | CTM step 1 conv: 1.000e+00 time: 0.45
  | CTM step 2 conv: 5.937e-08 time: 0.53
  | CTM step 3 conv: 2.005e-08 time: 0.57
Energies: 0.16550141183730138 -4.6780581144934e-11
Norm: 0.04650413074258315
========== 
Finished basis vector 63/63 

[[3.59412574-8.37570197e-04j 0.22942012+1.61450720e-01j
  1.04040014+2.22141537e-02j ... 0.21161295+1.58924648e-01j
  0.05317612+3.01567099e-02j 0.10175186+3.20998611e-02j]
 [0.23602983-1.61284950e-01j 0.66226144+2.86024646e-04j
  0.24099779-4.08765424e-02j ... 0.13914707+1.15237344e-01j
  0.03903749+2.53048926e-02j 0.04381027+2.48490849e-02j]
 [1.03566784-2.44898400e-02j 0.23891572+3.99466778e-02j
  0.7535851 +1.52520034e-04j ... 0.18861298+1.89401642e-01j
  0.04952682+4.22509883e-02j 0.06244586+4.79274042e-02j]
 ...
 [0.20650135-1.67748592e-01j 0.13842275-1.17244120e-01j
  0.18981622-1.91175156e-01j ... 1.63606735-1.26164367e-04j
  0.16675202+2.36006420e-02j 0.47392777+5.58701523e-03j]
 [0.05144515-3.01822407e-02j 0.03897157-2.54165673e-02j
  0.04914436-4.22476647e-02j ... 0.16604382-2.32972998e-02j
  0.32672046-2.43016788e-05j 0.12483454-4.72980985e-03j]
 [0.09584728-3.38172677e-02j 0.0432191 -2.56331579e-02j
  0.06150523-4.78287695e-02j ... 0.47288814-5.00998573e-03j
  0.12500896+4.78092332e-03j 0.33057281+1.93463407e-04j]]
[[0.91448488-2.18796424e-08j 0.08104124+4.72951210e-02j
  0.25360068+1.26451456e-03j ... 0.06196035+4.34242787e-02j
  0.01972799+2.79828368e-03j 0.02816295+1.09039854e-02j]
 [0.08104125-4.72951370e-02j 0.12243636+1.99756098e-09j
  0.05702828-1.23785398e-02j ... 0.03405603+2.18011172e-02j
  0.009751  +3.14982334e-03j 0.01039054+5.03468049e-03j]
 [0.25360068-1.26453519e-03j 0.05702828+1.23785397e-02j
  0.14717087-5.22528324e-09j ... 0.04108886+3.56875696e-02j
  0.01151289+6.52378391e-03j 0.01315869+9.00991668e-03j]
 ...
 [0.06196035-4.34242586e-02j 0.03405602-2.18011126e-02j
  0.04108885-3.56875620e-02j ... 0.28288294-1.41466264e-09j
  0.03386134+2.37434484e-03j 0.07841198+1.09986579e-03j]
 [0.01972799-2.79827953e-03j 0.009751  -3.14982304e-03j
  0.01151289-6.52378343e-03j ... 0.03386133-2.37434478e-03j
  0.04572981+4.42068855e-12j 0.02060507-3.06106417e-04j]
 [0.02816295-1.09039784e-02j 0.01039054-5.03467889e-03j
  0.01315869-9.00991438e-03j ... 0.07841198-1.09986531e-03j
  0.02060507+3.06106513e-04j 0.04650413+4.22357136e-10j]]
Done
Saved to /share/home/tanyi/ad-peps/simulations/exci/11_honeycomb_D2_X30/29_0.75_0.25.npz
