No GPU/TPU found, falling back to CPU. (Set TF_CPP_MIN_LOG_LEVEL=0 and rerun for more info.)
Namespace(version=False, sim_mode='exci', config_file='honeycomb_exci.yaml', momentum_ix=24, evaluate=False, init=False)
Running excited-state sim
honeycomb_exci.yaml
/share/home/tanyi/ad-peps/examples/honeycomb_exci.yaml
/share/home/tanyi/ad-peps/examples/honeycomb_exci.yaml
D: 2
chi: 30
ctm_conv_tol: 1.0e-06
ctm_max_iter: 20
ctm_min_iter: 4
disp_level: 1
flush_output: true
model: honeycomb
model_params:
  Jx: 1
  Jy: 1
momentum_path: Bril1
out_prefix: 11
pattern:
- - 0
  - 0
- - 0
  - 0
resume: true

Starting simulation of basis vector 1/63
Performing CTM pre-steps without tracking
  | CTM step 1 conv: 1.000e+00 time: 2.65
  | CTM step 2 conv: 1.000e+00 time: 3.17
  | CTM step 3 conv: 1.000e+00 time: 4.0
  | CTM step 4 conv: 1.000e+00 time: 3.39
  | CTM step 5 conv: 1.136e-03 time: 1.97
  | CTM step 6 conv: 3.673e-04 time: 1.84
  | CTM step 7 conv: 1.212e-04 time: 1.1
  | CTM step 8 conv: 4.044e-05 time: 0.36
  | CTM step 9 conv: 1.358e-05 time: 0.36
  | CTM step 10 conv: 4.574e-06 time: 0.37
  | CTM step 11 conv: 1.543e-06 time: 0.36
Performing CTM
  | CTM step 1 conv: 1.000e+00 time: 1.25
  | CTM step 2 conv: 5.937e-08 time: 0.67
  | CTM step 3 conv: 2.005e-08 time: 0.55
Energies: 1.6531386846248264 -4.6780581144934e-11
Norm: 1.0098018744900072
========== 
Finished basis vector 1/63 

Starting simulation of basis vector 2/63
Performing CTM pre-steps without tracking
  | CTM step 1 conv: 1.000e+00 time: 0.33
  | CTM step 2 conv: 1.000e+00 time: 0.35
  | CTM step 3 conv: 1.000e+00 time: 0.38
  | CTM step 4 conv: 1.000e+00 time: 0.37
  | CTM step 5 conv: 1.136e-03 time: 0.36
  | CTM step 6 conv: 3.673e-04 time: 0.37
  | CTM step 7 conv: 1.212e-04 time: 0.37
  | CTM step 8 conv: 4.044e-05 time: 0.38
  | CTM step 9 conv: 1.358e-05 time: 0.44
  | CTM step 10 conv: 4.574e-06 time: 0.37
  | CTM step 11 conv: 1.543e-06 time: 0.36
Performing CTM
  | CTM step 1 conv: 1.000e+00 time: 0.49
  | CTM step 2 conv: 5.937e-08 time: 0.61
  | CTM step 3 conv: 2.005e-08 time: 0.58
Energies: 0.3188781808711032 -4.6780581144934e-11
Norm: 0.12088799264944562
========== 
Finished basis vector 2/63 

Starting simulation of basis vector 3/63
Performing CTM pre-steps without tracking
  | CTM step 1 conv: 1.000e+00 time: 0.32
  | CTM step 2 conv: 1.000e+00 time: 0.35
  | CTM step 3 conv: 1.000e+00 time: 0.36
  | CTM step 4 conv: 1.000e+00 time: 0.36
  | CTM step 5 conv: 1.136e-03 time: 0.36
  | CTM step 6 conv: 3.673e-04 time: 0.36
  | CTM step 7 conv: 1.212e-04 time: 0.36
  | CTM step 8 conv: 4.044e-05 time: 0.36
  | CTM step 9 conv: 1.358e-05 time: 0.36
  | CTM step 10 conv: 4.574e-06 time: 0.36
  | CTM step 11 conv: 1.543e-06 time: 0.42
Performing CTM
  | CTM step 1 conv: 1.000e+00 time: 0.49
  | CTM step 2 conv: 5.937e-08 time: 0.59
  | CTM step 3 conv: 2.005e-08 time: 0.73
Energies: 0.3647649741462866 -4.6780581144934e-11
Norm: 0.15693554209394153
========== 
Finished basis vector 3/63 

Starting simulation of basis vector 4/63
Performing CTM pre-steps without tracking
  | CTM step 1 conv: 1.000e+00 time: 0.33
  | CTM step 2 conv: 1.000e+00 time: 0.35
  | CTM step 3 conv: 1.000e+00 time: 0.38
  | CTM step 4 conv: 1.000e+00 time: 0.4
  | CTM step 5 conv: 1.136e-03 time: 0.36
  | CTM step 6 conv: 3.673e-04 time: 0.37
  | CTM step 7 conv: 1.212e-04 time: 0.36
  | CTM step 8 conv: 4.044e-05 time: 0.36
  | CTM step 9 conv: 1.358e-05 time: 0.36
  | CTM step 10 conv: 4.574e-06 time: 0.36
  | CTM step 11 conv: 1.543e-06 time: 0.42
Performing CTM
  | CTM step 1 conv: 1.000e+00 time: 0.46
  | CTM step 2 conv: 5.937e-08 time: 0.55
  | CTM step 3 conv: 2.005e-08 time: 0.54
Energies: 1.3492750195470293 -4.6780581144934e-11
Norm: 0.6337292234086797
========== 
Finished basis vector 4/63 

Starting simulation of basis vector 5/63
Performing CTM pre-steps without tracking
  | CTM step 1 conv: 1.000e+00 time: 0.32
  | CTM step 2 conv: 1.000e+00 time: 0.36
  | CTM step 3 conv: 1.000e+00 time: 0.37
  | CTM step 4 conv: 1.000e+00 time: 0.38
  | CTM step 5 conv: 1.136e-03 time: 0.36
  | CTM step 6 conv: 3.673e-04 time: 0.38
  | CTM step 7 conv: 1.212e-04 time: 0.38
  | CTM step 8 conv: 4.044e-05 time: 0.36
  | CTM step 9 conv: 1.358e-05 time: 0.36
  | CTM step 10 conv: 4.574e-06 time: 0.36
  | CTM step 11 conv: 1.543e-06 time: 0.38
Performing CTM
  | CTM step 1 conv: 1.000e+00 time: 0.46
  | CTM step 2 conv: 5.937e-08 time: 0.57
  | CTM step 3 conv: 2.005e-08 time: 0.55
Energies: 1.45400166937001 -4.6780581144934e-11
Norm: 0.8470389279149475
========== 
Finished basis vector 5/63 

Starting simulation of basis vector 6/63
Performing CTM pre-steps without tracking
  | CTM step 1 conv: 1.000e+00 time: 0.32
  | CTM step 2 conv: 1.000e+00 time: 0.35
  | CTM step 3 conv: 1.000e+00 time: 0.37
  | CTM step 4 conv: 1.000e+00 time: 0.37
  | CTM step 5 conv: 1.136e-03 time: 0.37
  | CTM step 6 conv: 3.673e-04 time: 0.36
  | CTM step 7 conv: 1.212e-04 time: 0.37
  | CTM step 8 conv: 4.044e-05 time: 0.36
  | CTM step 9 conv: 1.358e-05 time: 0.4
  | CTM step 10 conv: 4.574e-06 time: 0.43
  | CTM step 11 conv: 1.543e-06 time: 0.36
Performing CTM
  | CTM step 1 conv: 1.000e+00 time: 0.46
  | CTM step 2 conv: 5.937e-08 time: 0.62
  | CTM step 3 conv: 2.005e-08 time: 0.55
Energies: 0.4144551490320021 -4.6780581144934e-11
Norm: 0.13328447823059467
========== 
Finished basis vector 6/63 

Starting simulation of basis vector 7/63
Performing CTM pre-steps without tracking
  | CTM step 1 conv: 1.000e+00 time: 0.33
  | CTM step 2 conv: 1.000e+00 time: 0.36
  | CTM step 3 conv: 1.000e+00 time: 0.36
  | CTM step 4 conv: 1.000e+00 time: 0.38
  | CTM step 5 conv: 1.136e-03 time: 0.37
  | CTM step 6 conv: 3.673e-04 time: 0.37
  | CTM step 7 conv: 1.212e-04 time: 0.36
  | CTM step 8 conv: 4.044e-05 time: 0.36
  | CTM step 9 conv: 1.358e-05 time: 0.36
  | CTM step 10 conv: 4.574e-06 time: 0.36
  | CTM step 11 conv: 1.543e-06 time: 0.36
Performing CTM
  | CTM step 1 conv: 1.000e+00 time: 0.49
  | CTM step 2 conv: 5.937e-08 time: 0.56
  | CTM step 3 conv: 2.005e-08 time: 0.55
Energies: 0.3632339968134055 -4.6780581144934e-11
Norm: 0.14848586623334584
========== 
Finished basis vector 7/63 

Starting simulation of basis vector 8/63
Performing CTM pre-steps without tracking
  | CTM step 1 conv: 1.000e+00 time: 0.32
  | CTM step 2 conv: 1.000e+00 time: 0.35
  | CTM step 3 conv: 1.000e+00 time: 0.42
  | CTM step 4 conv: 1.000e+00 time: 0.37
  | CTM step 5 conv: 1.136e-03 time: 0.36
  | CTM step 6 conv: 3.673e-04 time: 0.36
  | CTM step 7 conv: 1.212e-04 time: 0.36
  | CTM step 8 conv: 4.044e-05 time: 0.36
  | CTM step 9 conv: 1.358e-05 time: 0.36
  | CTM step 10 conv: 4.574e-06 time: 0.41
  | CTM step 11 conv: 1.543e-06 time: 0.36
Performing CTM
  | CTM step 1 conv: 1.000e+00 time: 0.46
  | CTM step 2 conv: 5.937e-08 time: 0.54
  | CTM step 3 conv: 2.005e-08 time: 0.54
Energies: 0.7384248355131993 -4.6780581144934e-11
Norm: 0.2505364481878111
========== 
Finished basis vector 8/63 

Starting simulation of basis vector 9/63
Performing CTM pre-steps without tracking
  | CTM step 1 conv: 1.000e+00 time: 0.32
  | CTM step 2 conv: 1.000e+00 time: 0.35
  | CTM step 3 conv: 1.000e+00 time: 0.36
  | CTM step 4 conv: 1.000e+00 time: 0.37
  | CTM step 5 conv: 1.136e-03 time: 0.36
  | CTM step 6 conv: 3.673e-04 time: 0.36
  | CTM step 7 conv: 1.212e-04 time: 0.36
  | CTM step 8 conv: 4.044e-05 time: 0.36
  | CTM step 9 conv: 1.358e-05 time: 0.36
  | CTM step 10 conv: 4.574e-06 time: 0.36
  | CTM step 11 conv: 1.543e-06 time: 0.36
Performing CTM
  | CTM step 1 conv: 1.000e+00 time: 0.46
  | CTM step 2 conv: 5.937e-08 time: 0.54
  | CTM step 3 conv: 2.005e-08 time: 0.54
Energies: 0.7241363649633721 -4.6780581144934e-11
Norm: 0.24980123149985142
========== 
Finished basis vector 9/63 

Starting simulation of basis vector 10/63
Performing CTM pre-steps without tracking
  | CTM step 1 conv: 1.000e+00 time: 0.31
  | CTM step 2 conv: 1.000e+00 time: 0.35
  | CTM step 3 conv: 1.000e+00 time: 0.35
  | CTM step 4 conv: 1.000e+00 time: 0.36
  | CTM step 5 conv: 1.136e-03 time: 0.36
  | CTM step 6 conv: 3.673e-04 time: 0.36
  | CTM step 7 conv: 1.212e-04 time: 0.36
  | CTM step 8 conv: 4.044e-05 time: 0.36
  | CTM step 9 conv: 1.358e-05 time: 0.36
  | CTM step 10 conv: 4.574e-06 time: 0.36
  | CTM step 11 conv: 1.543e-06 time: 0.36
Performing CTM
  | CTM step 1 conv: 1.000e+00 time: 0.46
  | CTM step 2 conv: 5.937e-08 time: 0.54
  | CTM step 3 conv: 2.005e-08 time: 0.54
Energies: 0.14406251299945771 -4.6780581144934e-11
Norm: 0.04166219614730337
========== 
Finished basis vector 10/63 

Starting simulation of basis vector 11/63
Performing CTM pre-steps without tracking
  | CTM step 1 conv: 1.000e+00 time: 0.31
  | CTM step 2 conv: 1.000e+00 time: 0.34
  | CTM step 3 conv: 1.000e+00 time: 0.35
  | CTM step 4 conv: 1.000e+00 time: 0.36
  | CTM step 5 conv: 1.136e-03 time: 0.36
  | CTM step 6 conv: 3.673e-04 time: 0.36
  | CTM step 7 conv: 1.212e-04 time: 0.38
  | CTM step 8 conv: 4.044e-05 time: 0.36
  | CTM step 9 conv: 1.358e-05 time: 0.36
  | CTM step 10 conv: 4.574e-06 time: 0.36
  | CTM step 11 conv: 1.543e-06 time: 0.36
Performing CTM
  | CTM step 1 conv: 1.000e+00 time: 0.46
  | CTM step 2 conv: 5.937e-08 time: 0.54
  | CTM step 3 conv: 2.005e-08 time: 0.54
Energies: 0.13981460340834495 -4.6780581144934e-11
Norm: 0.04012436424173173
========== 
Finished basis vector 11/63 

Starting simulation of basis vector 12/63
Performing CTM pre-steps without tracking
  | CTM step 1 conv: 1.000e+00 time: 0.31
  | CTM step 2 conv: 1.000e+00 time: 0.34
  | CTM step 3 conv: 1.000e+00 time: 0.35
  | CTM step 4 conv: 1.000e+00 time: 0.36
  | CTM step 5 conv: 1.136e-03 time: 0.35
  | CTM step 6 conv: 3.673e-04 time: 0.37
  | CTM step 7 conv: 1.212e-04 time: 0.42
  | CTM step 8 conv: 4.044e-05 time: 0.36
  | CTM step 9 conv: 1.358e-05 time: 0.36
  | CTM step 10 conv: 4.574e-06 time: 0.36
  | CTM step 11 conv: 1.543e-06 time: 0.36
Performing CTM
  | CTM step 1 conv: 1.000e+00 time: 0.46
  | CTM step 2 conv: 5.937e-08 time: 0.54
  | CTM step 3 conv: 2.005e-08 time: 0.54
Energies: 0.879792213442733 -4.6780581144934e-11
Norm: 0.284345536063622
========== 
Finished basis vector 12/63 

Starting simulation of basis vector 13/63
Performing CTM pre-steps without tracking
  | CTM step 1 conv: 1.000e+00 time: 0.31
  | CTM step 2 conv: 1.000e+00 time: 0.35
  | CTM step 3 conv: 1.000e+00 time: 0.35
  | CTM step 4 conv: 1.000e+00 time: 0.36
  | CTM step 5 conv: 1.136e-03 time: 0.36
  | CTM step 6 conv: 3.673e-04 time: 0.36
  | CTM step 7 conv: 1.212e-04 time: 0.36
  | CTM step 8 conv: 4.044e-05 time: 0.36
  | CTM step 9 conv: 1.358e-05 time: 0.36
  | CTM step 10 conv: 4.574e-06 time: 0.36
  | CTM step 11 conv: 1.543e-06 time: 0.36
Performing CTM
  | CTM step 1 conv: 1.000e+00 time: 0.46
  | CTM step 2 conv: 5.937e-08 time: 0.56
  | CTM step 3 conv: 2.005e-08 time: 0.58
Energies: 0.7973461808621822 -4.6780581144934e-11
Norm: 0.27022159911792343
========== 
Finished basis vector 13/63 

Starting simulation of basis vector 14/63
Performing CTM pre-steps without tracking
  | CTM step 1 conv: 1.000e+00 time: 0.31
  | CTM step 2 conv: 1.000e+00 time: 0.35
  | CTM step 3 conv: 1.000e+00 time: 0.35
  | CTM step 4 conv: 1.000e+00 time: 0.36
  | CTM step 5 conv: 1.136e-03 time: 0.36
  | CTM step 6 conv: 3.673e-04 time: 0.36
  | CTM step 7 conv: 1.212e-04 time: 0.36
  | CTM step 8 conv: 4.044e-05 time: 0.36
  | CTM step 9 conv: 1.358e-05 time: 0.36
  | CTM step 10 conv: 4.574e-06 time: 0.36
  | CTM step 11 conv: 1.543e-06 time: 0.36
Performing CTM
  | CTM step 1 conv: 1.000e+00 time: 0.46
  | CTM step 2 conv: 5.937e-08 time: 0.54
  | CTM step 3 conv: 2.005e-08 time: 0.54
Energies: 0.16492402690506713 -4.6780581144934e-11
Norm: 0.04739066933766667
========== 
Finished basis vector 14/63 

Starting simulation of basis vector 15/63
Performing CTM pre-steps without tracking
  | CTM step 1 conv: 1.000e+00 time: 0.32
  | CTM step 2 conv: 1.000e+00 time: 0.35
  | CTM step 3 conv: 1.000e+00 time: 0.36
  | CTM step 4 conv: 1.000e+00 time: 0.36
  | CTM step 5 conv: 1.136e-03 time: 0.36
  | CTM step 6 conv: 3.673e-04 time: 0.36
  | CTM step 7 conv: 1.212e-04 time: 0.36
  | CTM step 8 conv: 4.044e-05 time: 0.36
  | CTM step 9 conv: 1.358e-05 time: 0.36
  | CTM step 10 conv: 4.574e-06 time: 0.36
  | CTM step 11 conv: 1.543e-06 time: 0.36
Performing CTM
  | CTM step 1 conv: 1.000e+00 time: 0.46
  | CTM step 2 conv: 5.937e-08 time: 0.54
  | CTM step 3 conv: 2.005e-08 time: 0.54
Energies: 0.15561120798656214 -4.6780581144934e-11
Norm: 0.04477973509150493
========== 
Finished basis vector 15/63 

Starting simulation of basis vector 16/63
Performing CTM pre-steps without tracking
  | CTM step 1 conv: 1.000e+00 time: 0.31
  | CTM step 2 conv: 1.000e+00 time: 0.35
  | CTM step 3 conv: 1.000e+00 time: 0.35
  | CTM step 4 conv: 1.000e+00 time: 0.36
  | CTM step 5 conv: 1.136e-03 time: 0.36
  | CTM step 6 conv: 3.673e-04 time: 0.36
  | CTM step 7 conv: 1.212e-04 time: 0.36
  | CTM step 8 conv: 4.044e-05 time: 0.36
  | CTM step 9 conv: 1.358e-05 time: 0.36
  | CTM step 10 conv: 4.574e-06 time: 0.36
  | CTM step 11 conv: 1.543e-06 time: 0.36
Performing CTM
  | CTM step 1 conv: 1.000e+00 time: 0.46
  | CTM step 2 conv: 5.937e-08 time: 0.58
  | CTM step 3 conv: 2.005e-08 time: 0.54
Energies: 1.0002376134919508 -4.6780581144934e-11
Norm: 1.3139042055915116
========== 
Finished basis vector 16/63 

Starting simulation of basis vector 17/63
Performing CTM pre-steps without tracking
  | CTM step 1 conv: 1.000e+00 time: 0.32
  | CTM step 2 conv: 1.000e+00 time: 0.35
  | CTM step 3 conv: 1.000e+00 time: 0.36
  | CTM step 4 conv: 1.000e+00 time: 0.36
  | CTM step 5 conv: 1.136e-03 time: 0.36
  | CTM step 6 conv: 3.673e-04 time: 0.36
  | CTM step 7 conv: 1.212e-04 time: 0.36
  | CTM step 8 conv: 4.044e-05 time: 0.36
  | CTM step 9 conv: 1.358e-05 time: 0.36
  | CTM step 10 conv: 4.574e-06 time: 0.36
  | CTM step 11 conv: 1.543e-06 time: 0.36
Performing CTM
  | CTM step 1 conv: 1.000e+00 time: 0.46
  | CTM step 2 conv: 5.937e-08 time: 0.54
  | CTM step 3 conv: 2.005e-08 time: 0.54
Energies: 0.7399154006405073 -4.6780581144934e-11
Norm: 0.6277537787415336
========== 
Finished basis vector 17/63 

Starting simulation of basis vector 18/63
Performing CTM pre-steps without tracking
  | CTM step 1 conv: 1.000e+00 time: 0.31
  | CTM step 2 conv: 1.000e+00 time: 0.35
  | CTM step 3 conv: 1.000e+00 time: 0.36
  | CTM step 4 conv: 1.000e+00 time: 0.36
  | CTM step 5 conv: 1.136e-03 time: 0.36
  | CTM step 6 conv: 3.673e-04 time: 0.36
  | CTM step 7 conv: 1.212e-04 time: 0.36
  | CTM step 8 conv: 4.044e-05 time: 0.35
  | CTM step 9 conv: 1.358e-05 time: 0.36
  | CTM step 10 conv: 4.574e-06 time: 0.36
  | CTM step 11 conv: 1.543e-06 time: 0.36
Performing CTM
  | CTM step 1 conv: 1.000e+00 time: 0.46
  | CTM step 2 conv: 5.937e-08 time: 0.54
  | CTM step 3 conv: 2.005e-08 time: 0.54
Energies: 0.396198951461872 -4.6780581144934e-11
Norm: 0.18830206185978104
========== 
Finished basis vector 18/63 

Starting simulation of basis vector 19/63
Performing CTM pre-steps without tracking
  | CTM step 1 conv: 1.000e+00 time: 0.32
  | CTM step 2 conv: 1.000e+00 time: 0.35
  | CTM step 3 conv: 1.000e+00 time: 0.35
  | CTM step 4 conv: 1.000e+00 time: 0.36
  | CTM step 5 conv: 1.136e-03 time: 0.36
  | CTM step 6 conv: 3.673e-04 time: 0.36
  | CTM step 7 conv: 1.212e-04 time: 0.36
  | CTM step 8 conv: 4.044e-05 time: 0.36
  | CTM step 9 conv: 1.358e-05 time: 0.36
  | CTM step 10 conv: 4.574e-06 time: 0.36
  | CTM step 11 conv: 1.543e-06 time: 0.44
Performing CTM
  | CTM step 1 conv: 1.000e+00 time: 0.46
  | CTM step 2 conv: 5.937e-08 time: 0.54
  | CTM step 3 conv: 2.005e-08 time: 0.54
Energies: 0.25593551262465253 -4.6780581144934e-11
Norm: 0.11535280783160819
========== 
Finished basis vector 19/63 

Starting simulation of basis vector 20/63
Performing CTM pre-steps without tracking
  | CTM step 1 conv: 1.000e+00 time: 0.31
  | CTM step 2 conv: 1.000e+00 time: 0.34
  | CTM step 3 conv: 1.000e+00 time: 0.35
  | CTM step 4 conv: 1.000e+00 time: 0.36
  | CTM step 5 conv: 1.136e-03 time: 0.36
  | CTM step 6 conv: 3.673e-04 time: 0.36
  | CTM step 7 conv: 1.212e-04 time: 0.36
  | CTM step 8 conv: 4.044e-05 time: 0.36
  | CTM step 9 conv: 1.358e-05 time: 0.36
  | CTM step 10 conv: 4.574e-06 time: 0.36
  | CTM step 11 conv: 1.543e-06 time: 0.36
Performing CTM
  | CTM step 1 conv: 1.000e+00 time: 0.46
  | CTM step 2 conv: 5.937e-08 time: 0.54
  | CTM step 3 conv: 2.005e-08 time: 0.54
Energies: 0.8414458704902454 -4.6780581144934e-11
Norm: 1.1298425857956667
========== 
Finished basis vector 20/63 

Starting simulation of basis vector 21/63
Performing CTM pre-steps without tracking
  | CTM step 1 conv: 1.000e+00 time: 0.31
  | CTM step 2 conv: 1.000e+00 time: 0.34
  | CTM step 3 conv: 1.000e+00 time: 0.36
  | CTM step 4 conv: 1.000e+00 time: 0.36
  | CTM step 5 conv: 1.136e-03 time: 0.36
  | CTM step 6 conv: 3.673e-04 time: 0.36
  | CTM step 7 conv: 1.212e-04 time: 0.36
  | CTM step 8 conv: 4.044e-05 time: 0.36
  | CTM step 9 conv: 1.358e-05 time: 0.37
  | CTM step 10 conv: 4.574e-06 time: 0.36
  | CTM step 11 conv: 1.543e-06 time: 0.36
Performing CTM
  | CTM step 1 conv: 1.000e+00 time: 0.46
  | CTM step 2 conv: 5.937e-08 time: 0.54
  | CTM step 3 conv: 2.005e-08 time: 0.54
Energies: 0.7739769197369029 -4.6780581144934e-11
Norm: 0.5644934890060591
========== 
Finished basis vector 21/63 

Starting simulation of basis vector 22/63
Performing CTM pre-steps without tracking
  | CTM step 1 conv: 1.000e+00 time: 0.31
  | CTM step 2 conv: 1.000e+00 time: 0.34
  | CTM step 3 conv: 1.000e+00 time: 0.36
  | CTM step 4 conv: 1.000e+00 time: 0.38
  | CTM step 5 conv: 1.136e-03 time: 0.36
  | CTM step 6 conv: 3.673e-04 time: 0.36
  | CTM step 7 conv: 1.212e-04 time: 0.36
  | CTM step 8 conv: 4.044e-05 time: 0.36
  | CTM step 9 conv: 1.358e-05 time: 0.36
  | CTM step 10 conv: 4.574e-06 time: 0.36
  | CTM step 11 conv: 1.543e-06 time: 0.36
Performing CTM
  | CTM step 1 conv: 1.000e+00 time: 0.46
  | CTM step 2 conv: 5.937e-08 time: 0.54
  | CTM step 3 conv: 2.005e-08 time: 0.54
Energies: 0.31746619224748773 -4.6780581144934e-11
Norm: 0.17624441452733355
========== 
Finished basis vector 22/63 

Starting simulation of basis vector 23/63
Performing CTM pre-steps without tracking
  | CTM step 1 conv: 1.000e+00 time: 0.31
  | CTM step 2 conv: 1.000e+00 time: 0.35
  | CTM step 3 conv: 1.000e+00 time: 0.35
  | CTM step 4 conv: 1.000e+00 time: 0.36
  | CTM step 5 conv: 1.136e-03 time: 0.36
  | CTM step 6 conv: 3.673e-04 time: 0.36
  | CTM step 7 conv: 1.212e-04 time: 0.36
  | CTM step 8 conv: 4.044e-05 time: 0.36
  | CTM step 9 conv: 1.358e-05 time: 0.36
  | CTM step 10 conv: 4.574e-06 time: 0.36
  | CTM step 11 conv: 1.543e-06 time: 0.36
Performing CTM
  | CTM step 1 conv: 1.000e+00 time: 0.46
  | CTM step 2 conv: 5.937e-08 time: 0.54
  | CTM step 3 conv: 2.005e-08 time: 0.58
Energies: 0.26044977570786654 -4.6780581144934e-11
Norm: 0.12627333566662338
========== 
Finished basis vector 23/63 

Starting simulation of basis vector 24/63
Performing CTM pre-steps without tracking
  | CTM step 1 conv: 1.000e+00 time: 0.31
  | CTM step 2 conv: 1.000e+00 time: 0.35
  | CTM step 3 conv: 1.000e+00 time: 0.36
  | CTM step 4 conv: 1.000e+00 time: 0.36
  | CTM step 5 conv: 1.136e-03 time: 0.36
  | CTM step 6 conv: 3.673e-04 time: 0.36
  | CTM step 7 conv: 1.212e-04 time: 0.36
  | CTM step 8 conv: 4.044e-05 time: 0.36
  | CTM step 9 conv: 1.358e-05 time: 0.36
  | CTM step 10 conv: 4.574e-06 time: 0.36
  | CTM step 11 conv: 1.543e-06 time: 0.36
Performing CTM
  | CTM step 1 conv: 1.000e+00 time: 0.46
  | CTM step 2 conv: 5.937e-08 time: 0.54
  | CTM step 3 conv: 2.005e-08 time: 0.54
Energies: 0.6870418694452556 -4.6780581144934e-11
Norm: 0.2559401740576658
========== 
Finished basis vector 24/63 

Starting simulation of basis vector 25/63
Performing CTM pre-steps without tracking
  | CTM step 1 conv: 1.000e+00 time: 0.31
  | CTM step 2 conv: 1.000e+00 time: 0.35
  | CTM step 3 conv: 1.000e+00 time: 0.35
  | CTM step 4 conv: 1.000e+00 time: 0.36
  | CTM step 5 conv: 1.136e-03 time: 0.36
  | CTM step 6 conv: 3.673e-04 time: 0.36
  | CTM step 7 conv: 1.212e-04 time: 0.36
  | CTM step 8 conv: 4.044e-05 time: 0.36
  | CTM step 9 conv: 1.358e-05 time: 0.36
  | CTM step 10 conv: 4.574e-06 time: 0.36
  | CTM step 11 conv: 1.543e-06 time: 0.36
Performing CTM
  | CTM step 1 conv: 1.000e+00 time: 0.47
  | CTM step 2 conv: 5.937e-08 time: 0.54
  | CTM step 3 conv: 2.005e-08 time: 0.54
Energies: 0.5347055182245617 -4.6780581144934e-11
Norm: 0.23051860546370523
========== 
Finished basis vector 25/63 

Starting simulation of basis vector 26/63
Performing CTM pre-steps without tracking
  | CTM step 1 conv: 1.000e+00 time: 0.31
  | CTM step 2 conv: 1.000e+00 time: 0.35
  | CTM step 3 conv: 1.000e+00 time: 0.35
  | CTM step 4 conv: 1.000e+00 time: 0.36
  | CTM step 5 conv: 1.136e-03 time: 0.36
  | CTM step 6 conv: 3.673e-04 time: 0.36
  | CTM step 7 conv: 1.212e-04 time: 0.59
  | CTM step 8 conv: 4.044e-05 time: 0.39
  | CTM step 9 conv: 1.358e-05 time: 0.36
  | CTM step 10 conv: 4.574e-06 time: 0.36
  | CTM step 11 conv: 1.543e-06 time: 0.36
Performing CTM
  | CTM step 1 conv: 1.000e+00 time: 0.46
  | CTM step 2 conv: 5.937e-08 time: 0.59
  | CTM step 3 conv: 2.005e-08 time: 0.55
Energies: 0.11253625001383794 -4.6780581144934e-11
Norm: 0.04244549781758654
========== 
Finished basis vector 26/63 

Starting simulation of basis vector 27/63
Performing CTM pre-steps without tracking
  | CTM step 1 conv: 1.000e+00 time: 0.32
  | CTM step 2 conv: 1.000e+00 time: 0.35
  | CTM step 3 conv: 1.000e+00 time: 0.36
  | CTM step 4 conv: 1.000e+00 time: 0.36
  | CTM step 5 conv: 1.136e-03 time: 0.36
  | CTM step 6 conv: 3.673e-04 time: 0.36
  | CTM step 7 conv: 1.212e-04 time: 0.36
  | CTM step 8 conv: 4.044e-05 time: 0.36
  | CTM step 9 conv: 1.358e-05 time: 0.36
  | CTM step 10 conv: 4.574e-06 time: 0.36
  | CTM step 11 conv: 1.543e-06 time: 0.36
Performing CTM
  | CTM step 1 conv: 1.000e+00 time: 0.46
  | CTM step 2 conv: 5.937e-08 time: 0.54
  | CTM step 3 conv: 2.005e-08 time: 0.54
Energies: 0.10523237167744603 -4.6780581144934e-11
Norm: 0.04013078861196737
========== 
Finished basis vector 27/63 

Starting simulation of basis vector 28/63
Performing CTM pre-steps without tracking
  | CTM step 1 conv: 1.000e+00 time: 0.32
  | CTM step 2 conv: 1.000e+00 time: 0.35
  | CTM step 3 conv: 1.000e+00 time: 0.36
  | CTM step 4 conv: 1.000e+00 time: 0.36
  | CTM step 5 conv: 1.136e-03 time: 0.36
  | CTM step 6 conv: 3.673e-04 time: 0.36
  | CTM step 7 conv: 1.212e-04 time: 0.36
  | CTM step 8 conv: 4.044e-05 time: 0.36
  | CTM step 9 conv: 1.358e-05 time: 0.36
  | CTM step 10 conv: 4.574e-06 time: 0.36
  | CTM step 11 conv: 1.543e-06 time: 0.36
Performing CTM
  | CTM step 1 conv: 1.000e+00 time: 0.46
  | CTM step 2 conv: 5.937e-08 time: 0.54
  | CTM step 3 conv: 2.005e-08 time: 0.54
Energies: 0.626763043582196 -4.6780581144934e-11
Norm: 0.27321348698404413
========== 
Finished basis vector 28/63 

Starting simulation of basis vector 29/63
Performing CTM pre-steps without tracking
  | CTM step 1 conv: 1.000e+00 time: 0.32
  | CTM step 2 conv: 1.000e+00 time: 0.35
  | CTM step 3 conv: 1.000e+00 time: 0.36
  | CTM step 4 conv: 1.000e+00 time: 0.36
  | CTM step 5 conv: 1.136e-03 time: 0.36
  | CTM step 6 conv: 3.673e-04 time: 0.36
  | CTM step 7 conv: 1.212e-04 time: 0.36
  | CTM step 8 conv: 4.044e-05 time: 0.36
  | CTM step 9 conv: 1.358e-05 time: 0.36
  | CTM step 10 conv: 4.574e-06 time: 0.36
  | CTM step 11 conv: 1.543e-06 time: 0.36
Performing CTM
  | CTM step 1 conv: 1.000e+00 time: 0.46
  | CTM step 2 conv: 5.937e-08 time: 0.54
  | CTM step 3 conv: 2.005e-08 time: 0.54
Energies: 0.5469635170335398 -4.6780581144934e-11
Norm: 0.2518221221144318
========== 
Finished basis vector 29/63 

Starting simulation of basis vector 30/63
Performing CTM pre-steps without tracking
  | CTM step 1 conv: 1.000e+00 time: 0.32
  | CTM step 2 conv: 1.000e+00 time: 0.35
  | CTM step 3 conv: 1.000e+00 time: 0.36
  | CTM step 4 conv: 1.000e+00 time: 0.36
  | CTM step 5 conv: 1.136e-03 time: 0.36
  | CTM step 6 conv: 3.673e-04 time: 0.36
  | CTM step 7 conv: 1.212e-04 time: 0.36
  | CTM step 8 conv: 4.044e-05 time: 0.36
  | CTM step 9 conv: 1.358e-05 time: 0.36
  | CTM step 10 conv: 4.574e-06 time: 0.36
  | CTM step 11 conv: 1.543e-06 time: 0.36
Performing CTM
  | CTM step 1 conv: 1.000e+00 time: 0.46
  | CTM step 2 conv: 5.937e-08 time: 0.54
  | CTM step 3 conv: 2.005e-08 time: 0.54
Energies: 0.11561394538062197 -4.6780581144934e-11
Norm: 0.04628167463218225
========== 
Finished basis vector 30/63 

Starting simulation of basis vector 31/63
Performing CTM pre-steps without tracking
  | CTM step 1 conv: 1.000e+00 time: 0.32
  | CTM step 2 conv: 1.000e+00 time: 0.35
  | CTM step 3 conv: 1.000e+00 time: 0.36
  | CTM step 4 conv: 1.000e+00 time: 0.36
  | CTM step 5 conv: 1.136e-03 time: 0.36
  | CTM step 6 conv: 3.673e-04 time: 0.36
  | CTM step 7 conv: 1.212e-04 time: 0.36
  | CTM step 8 conv: 4.044e-05 time: 0.36
  | CTM step 9 conv: 1.358e-05 time: 0.36
  | CTM step 10 conv: 4.574e-06 time: 0.36
  | CTM step 11 conv: 1.543e-06 time: 0.36
Performing CTM
  | CTM step 1 conv: 1.000e+00 time: 0.46
  | CTM step 2 conv: 5.937e-08 time: 0.54
  | CTM step 3 conv: 2.005e-08 time: 0.54
Energies: 0.11069331554338058 -4.6780581144934e-11
Norm: 0.043692146876495745
========== 
Finished basis vector 31/63 

Starting simulation of basis vector 32/63
Performing CTM pre-steps without tracking
  | CTM step 1 conv: 1.000e+00 time: 0.32
  | CTM step 2 conv: 1.000e+00 time: 0.35
  | CTM step 3 conv: 1.000e+00 time: 0.36
  | CTM step 4 conv: 1.000e+00 time: 0.36
  | CTM step 5 conv: 1.136e-03 time: 0.36
  | CTM step 6 conv: 3.673e-04 time: 0.36
  | CTM step 7 conv: 1.212e-04 time: 0.36
  | CTM step 8 conv: 4.044e-05 time: 0.36
  | CTM step 9 conv: 1.358e-05 time: 0.36
  | CTM step 10 conv: 4.574e-06 time: 0.36
  | CTM step 11 conv: 1.543e-06 time: 0.36
Performing CTM
  | CTM step 1 conv: 1.000e+00 time: 0.46
  | CTM step 2 conv: 5.937e-08 time: 0.55
  | CTM step 3 conv: 2.005e-08 time: 0.55
Energies: 0.8844839750836666 -4.6780581144934e-11
Norm: 0.6277953128281162
========== 
Finished basis vector 32/63 

Starting simulation of basis vector 33/63
Performing CTM pre-steps without tracking
  | CTM step 1 conv: 1.000e+00 time: 0.32
  | CTM step 2 conv: 1.000e+00 time: 0.35
  | CTM step 3 conv: 1.000e+00 time: 0.36
  | CTM step 4 conv: 1.000e+00 time: 0.36
  | CTM step 5 conv: 1.136e-03 time: 0.36
  | CTM step 6 conv: 3.673e-04 time: 0.36
  | CTM step 7 conv: 1.212e-04 time: 0.36
  | CTM step 8 conv: 4.044e-05 time: 0.36
  | CTM step 9 conv: 1.358e-05 time: 0.36
  | CTM step 10 conv: 4.574e-06 time: 0.36
  | CTM step 11 conv: 1.543e-06 time: 0.36
Performing CTM
  | CTM step 1 conv: 1.000e+00 time: 0.46
  | CTM step 2 conv: 5.937e-08 time: 0.54
  | CTM step 3 conv: 2.005e-08 time: 0.58
Energies: 0.9748251006356892 -4.6780581144934e-11
Norm: 0.8227349078470615
========== 
Finished basis vector 33/63 

Starting simulation of basis vector 34/63
Performing CTM pre-steps without tracking
  | CTM step 1 conv: 1.000e+00 time: 0.32
  | CTM step 2 conv: 1.000e+00 time: 0.35
  | CTM step 3 conv: 1.000e+00 time: 0.36
  | CTM step 4 conv: 1.000e+00 time: 0.36
  | CTM step 5 conv: 1.136e-03 time: 0.36
  | CTM step 6 conv: 3.673e-04 time: 0.36
  | CTM step 7 conv: 1.212e-04 time: 0.36
  | CTM step 8 conv: 4.044e-05 time: 0.36
  | CTM step 9 conv: 1.358e-05 time: 0.36
  | CTM step 10 conv: 4.574e-06 time: 0.36
  | CTM step 11 conv: 1.543e-06 time: 0.36
Performing CTM
  | CTM step 1 conv: 1.000e+00 time: 0.46
  | CTM step 2 conv: 5.937e-08 time: 0.54
  | CTM step 3 conv: 2.005e-08 time: 0.54
Energies: 0.26478244420451746 -4.6780581144934e-11
Norm: 0.12413607913821893
========== 
Finished basis vector 34/63 

Starting simulation of basis vector 35/63
Performing CTM pre-steps without tracking
  | CTM step 1 conv: 1.000e+00 time: 0.32
  | CTM step 2 conv: 1.000e+00 time: 0.35
  | CTM step 3 conv: 1.000e+00 time: 0.36
  | CTM step 4 conv: 1.000e+00 time: 0.36
  | CTM step 5 conv: 1.136e-03 time: 0.36
  | CTM step 6 conv: 3.673e-04 time: 0.37
  | CTM step 7 conv: 1.212e-04 time: 0.36
  | CTM step 8 conv: 4.044e-05 time: 0.36
  | CTM step 9 conv: 1.358e-05 time: 0.36
  | CTM step 10 conv: 4.574e-06 time: 0.36
  | CTM step 11 conv: 1.543e-06 time: 0.36
Performing CTM
  | CTM step 1 conv: 1.000e+00 time: 0.46
  | CTM step 2 conv: 5.937e-08 time: 0.55
  | CTM step 3 conv: 2.005e-08 time: 0.54
Energies: 0.29775182380000187 -4.6780581144934e-11
Norm: 0.14156320592740992
========== 
Finished basis vector 35/63 

Starting simulation of basis vector 36/63
Performing CTM pre-steps without tracking
  | CTM step 1 conv: 1.000e+00 time: 0.32
  | CTM step 2 conv: 1.000e+00 time: 0.35
  | CTM step 3 conv: 1.000e+00 time: 0.36
  | CTM step 4 conv: 1.000e+00 time: 0.36
  | CTM step 5 conv: 1.136e-03 time: 0.36
  | CTM step 6 conv: 3.673e-04 time: 0.36
  | CTM step 7 conv: 1.212e-04 time: 0.36
  | CTM step 8 conv: 4.044e-05 time: 0.36
  | CTM step 9 conv: 1.358e-05 time: 0.38
  | CTM step 10 conv: 4.574e-06 time: 0.36
  | CTM step 11 conv: 1.543e-06 time: 0.36
Performing CTM
  | CTM step 1 conv: 1.000e+00 time: 0.46
  | CTM step 2 conv: 5.937e-08 time: 0.58
  | CTM step 3 conv: 2.005e-08 time: 0.54
Energies: 0.9729190368808247 -4.6780581144934e-11
Norm: 1.0406641860466668
========== 
Finished basis vector 36/63 

Starting simulation of basis vector 37/63
Performing CTM pre-steps without tracking
  | CTM step 1 conv: 1.000e+00 time: 0.32
  | CTM step 2 conv: 1.000e+00 time: 0.35
  | CTM step 3 conv: 1.000e+00 time: 0.36
  | CTM step 4 conv: 1.000e+00 time: 0.36
  | CTM step 5 conv: 1.136e-03 time: 0.36
  | CTM step 6 conv: 3.673e-04 time: 0.36
  | CTM step 7 conv: 1.212e-04 time: 0.36
  | CTM step 8 conv: 4.044e-05 time: 0.36
  | CTM step 9 conv: 1.358e-05 time: 0.36
  | CTM step 10 conv: 4.574e-06 time: 0.36
  | CTM step 11 conv: 1.543e-06 time: 0.36
Performing CTM
  | CTM step 1 conv: 1.000e+00 time: 0.46
  | CTM step 2 conv: 5.937e-08 time: 0.54
  | CTM step 3 conv: 2.005e-08 time: 0.54
Energies: 1.103468291992808 -4.6780581144934e-11
Norm: 1.453666255582341
========== 
Finished basis vector 37/63 

Starting simulation of basis vector 38/63
Performing CTM pre-steps without tracking
  | CTM step 1 conv: 1.000e+00 time: 0.32
  | CTM step 2 conv: 1.000e+00 time: 0.35
  | CTM step 3 conv: 1.000e+00 time: 0.36
  | CTM step 4 conv: 1.000e+00 time: 0.36
  | CTM step 5 conv: 1.136e-03 time: 0.37
  | CTM step 6 conv: 3.673e-04 time: 0.36
  | CTM step 7 conv: 1.212e-04 time: 0.36
  | CTM step 8 conv: 4.044e-05 time: 0.36
  | CTM step 9 conv: 1.358e-05 time: 0.36
  | CTM step 10 conv: 4.574e-06 time: 0.36
  | CTM step 11 conv: 1.543e-06 time: 0.36
Performing CTM
  | CTM step 1 conv: 1.000e+00 time: 0.46
  | CTM step 2 conv: 5.937e-08 time: 0.54
  | CTM step 3 conv: 2.005e-08 time: 0.54
Energies: 0.31185399990494056 -4.6780581144934e-11
Norm: 0.1603805100735946
========== 
Finished basis vector 38/63 

Starting simulation of basis vector 39/63
Performing CTM pre-steps without tracking
  | CTM step 1 conv: 1.000e+00 time: 0.32
  | CTM step 2 conv: 1.000e+00 time: 0.35
  | CTM step 3 conv: 1.000e+00 time: 0.37
  | CTM step 4 conv: 1.000e+00 time: 0.36
  | CTM step 5 conv: 1.136e-03 time: 0.36
  | CTM step 6 conv: 3.673e-04 time: 0.37
  | CTM step 7 conv: 1.212e-04 time: 0.36
  | CTM step 8 conv: 4.044e-05 time: 0.36
  | CTM step 9 conv: 1.358e-05 time: 0.36
  | CTM step 10 conv: 4.574e-06 time: 0.36
  | CTM step 11 conv: 1.543e-06 time: 0.36
Performing CTM
  | CTM step 1 conv: 1.000e+00 time: 0.46
  | CTM step 2 conv: 5.937e-08 time: 0.55
  | CTM step 3 conv: 2.005e-08 time: 0.54
Energies: 0.4396416712712705 -4.6780581144934e-11
Norm: 0.20566604341607542
========== 
Finished basis vector 39/63 

Starting simulation of basis vector 40/63
Performing CTM pre-steps without tracking
  | CTM step 1 conv: 1.000e+00 time: 0.31
  | CTM step 2 conv: 1.000e+00 time: 0.35
  | CTM step 3 conv: 1.000e+00 time: 0.35
  | CTM step 4 conv: 1.000e+00 time: 0.36
  | CTM step 5 conv: 1.136e-03 time: 0.36
  | CTM step 6 conv: 3.673e-04 time: 0.36
  | CTM step 7 conv: 1.212e-04 time: 0.36
  | CTM step 8 conv: 4.044e-05 time: 0.36
  | CTM step 9 conv: 1.358e-05 time: 0.36
  | CTM step 10 conv: 4.574e-06 time: 0.36
  | CTM step 11 conv: 1.543e-06 time: 0.4
Performing CTM
  | CTM step 1 conv: 1.000e+00 time: 0.46
  | CTM step 2 conv: 5.937e-08 time: 0.54
  | CTM step 3 conv: 2.005e-08 time: 0.54
Energies: 0.5048393377355938 -4.6780581144934e-11
Norm: 0.23514750711371524
========== 
Finished basis vector 40/63 

Starting simulation of basis vector 41/63
Performing CTM pre-steps without tracking
  | CTM step 1 conv: 1.000e+00 time: 0.31
  | CTM step 2 conv: 1.000e+00 time: 0.34
  | CTM step 3 conv: 1.000e+00 time: 0.35
  | CTM step 4 conv: 1.000e+00 time: 0.36
  | CTM step 5 conv: 1.136e-03 time: 0.36
  | CTM step 6 conv: 3.673e-04 time: 0.36
  | CTM step 7 conv: 1.212e-04 time: 0.36
  | CTM step 8 conv: 4.044e-05 time: 0.36
  | CTM step 9 conv: 1.358e-05 time: 0.36
  | CTM step 10 conv: 4.574e-06 time: 0.36
  | CTM step 11 conv: 1.543e-06 time: 0.36
Performing CTM
  | CTM step 1 conv: 1.000e+00 time: 0.46
  | CTM step 2 conv: 5.937e-08 time: 0.54
  | CTM step 3 conv: 2.005e-08 time: 0.54
Energies: 0.5317530330376665 -4.6780581144934e-11
Norm: 0.2319619861923386
========== 
Finished basis vector 41/63 

Starting simulation of basis vector 42/63
Performing CTM pre-steps without tracking
  | CTM step 1 conv: 1.000e+00 time: 0.32
  | CTM step 2 conv: 1.000e+00 time: 0.35
  | CTM step 3 conv: 1.000e+00 time: 0.36
  | CTM step 4 conv: 1.000e+00 time: 0.36
  | CTM step 5 conv: 1.136e-03 time: 0.36
  | CTM step 6 conv: 3.673e-04 time: 0.36
  | CTM step 7 conv: 1.212e-04 time: 0.36
  | CTM step 8 conv: 4.044e-05 time: 0.36
  | CTM step 9 conv: 1.358e-05 time: 0.36
  | CTM step 10 conv: 4.574e-06 time: 0.36
  | CTM step 11 conv: 1.543e-06 time: 0.36
Performing CTM
  | CTM step 1 conv: 1.000e+00 time: 0.46
  | CTM step 2 conv: 5.937e-08 time: 0.55
  | CTM step 3 conv: 2.005e-08 time: 0.54
Energies: 0.10352970017439089 -4.6780581144934e-11
Norm: 0.040440736135815634
========== 
Finished basis vector 42/63 

Starting simulation of basis vector 43/63
Performing CTM pre-steps without tracking
  | CTM step 1 conv: 1.000e+00 time: 0.31
  | CTM step 2 conv: 1.000e+00 time: 0.34
  | CTM step 3 conv: 1.000e+00 time: 0.35
  | CTM step 4 conv: 1.000e+00 time: 0.36
  | CTM step 5 conv: 1.136e-03 time: 0.36
  | CTM step 6 conv: 3.673e-04 time: 0.36
  | CTM step 7 conv: 1.212e-04 time: 0.36
  | CTM step 8 conv: 4.044e-05 time: 0.36
  | CTM step 9 conv: 1.358e-05 time: 0.35
  | CTM step 10 conv: 4.574e-06 time: 0.36
  | CTM step 11 conv: 1.543e-06 time: 0.36
Performing CTM
  | CTM step 1 conv: 1.000e+00 time: 0.46
  | CTM step 2 conv: 5.937e-08 time: 0.54
  | CTM step 3 conv: 2.005e-08 time: 0.58
Energies: 0.099820581512018 -4.6780581144934e-11
Norm: 0.039660660704442637
========== 
Finished basis vector 43/63 

Starting simulation of basis vector 44/63
Performing CTM pre-steps without tracking
  | CTM step 1 conv: 1.000e+00 time: 0.32
  | CTM step 2 conv: 1.000e+00 time: 0.35
  | CTM step 3 conv: 1.000e+00 time: 0.36
  | CTM step 4 conv: 1.000e+00 time: 0.36
  | CTM step 5 conv: 1.136e-03 time: 0.36
  | CTM step 6 conv: 3.673e-04 time: 0.36
  | CTM step 7 conv: 1.212e-04 time: 0.36
  | CTM step 8 conv: 4.044e-05 time: 0.36
  | CTM step 9 conv: 1.358e-05 time: 0.36
  | CTM step 10 conv: 4.574e-06 time: 0.36
  | CTM step 11 conv: 1.543e-06 time: 0.36
Performing CTM
  | CTM step 1 conv: 1.000e+00 time: 0.46
  | CTM step 2 conv: 5.937e-08 time: 0.54
  | CTM step 3 conv: 2.005e-08 time: 0.54
Energies: 0.6034373763116712 -4.6780581144934e-11
Norm: 0.27105132953633926
========== 
Finished basis vector 44/63 

Starting simulation of basis vector 45/63
Performing CTM pre-steps without tracking
  | CTM step 1 conv: 1.000e+00 time: 0.32
  | CTM step 2 conv: 1.000e+00 time: 0.35
  | CTM step 3 conv: 1.000e+00 time: 0.35
  | CTM step 4 conv: 1.000e+00 time: 0.36
  | CTM step 5 conv: 1.136e-03 time: 0.36
  | CTM step 6 conv: 3.673e-04 time: 0.36
  | CTM step 7 conv: 1.212e-04 time: 0.36
  | CTM step 8 conv: 4.044e-05 time: 0.36
  | CTM step 9 conv: 1.358e-05 time: 0.36
  | CTM step 10 conv: 4.574e-06 time: 0.36
  | CTM step 11 conv: 1.543e-06 time: 0.36
Performing CTM
  | CTM step 1 conv: 1.000e+00 time: 0.46
  | CTM step 2 conv: 5.937e-08 time: 0.54
  | CTM step 3 conv: 2.005e-08 time: 0.54
Energies: 0.7215569215490278 -4.6780581144934e-11
Norm: 0.28016835122617406
========== 
Finished basis vector 45/63 

Starting simulation of basis vector 46/63
Performing CTM pre-steps without tracking
  | CTM step 1 conv: 1.000e+00 time: 0.31
  | CTM step 2 conv: 1.000e+00 time: 0.35
  | CTM step 3 conv: 1.000e+00 time: 0.39
  | CTM step 4 conv: 1.000e+00 time: 0.36
  | CTM step 5 conv: 1.136e-03 time: 0.36
  | CTM step 6 conv: 3.673e-04 time: 0.36
  | CTM step 7 conv: 1.212e-04 time: 0.36
  | CTM step 8 conv: 4.044e-05 time: 0.41
  | CTM step 9 conv: 1.358e-05 time: 0.36
  | CTM step 10 conv: 4.574e-06 time: 0.36
  | CTM step 11 conv: 1.543e-06 time: 0.36
Performing CTM
  | CTM step 1 conv: 1.000e+00 time: 0.46
  | CTM step 2 conv: 5.937e-08 time: 0.58
  | CTM step 3 conv: 2.005e-08 time: 0.54
Energies: 0.12050674948294415 -4.6780581144934e-11
Norm: 0.046806854514587805
========== 
Finished basis vector 46/63 

Starting simulation of basis vector 47/63
Performing CTM pre-steps without tracking
  | CTM step 1 conv: 1.000e+00 time: 0.31
  | CTM step 2 conv: 1.000e+00 time: 0.34
  | CTM step 3 conv: 1.000e+00 time: 0.35
  | CTM step 4 conv: 1.000e+00 time: 0.36
  | CTM step 5 conv: 1.136e-03 time: 0.36
  | CTM step 6 conv: 3.673e-04 time: 0.36
  | CTM step 7 conv: 1.212e-04 time: 0.36
  | CTM step 8 conv: 4.044e-05 time: 0.36
  | CTM step 9 conv: 1.358e-05 time: 0.35
  | CTM step 10 conv: 4.574e-06 time: 0.36
  | CTM step 11 conv: 1.543e-06 time: 0.36
Performing CTM
  | CTM step 1 conv: 1.000e+00 time: 0.47
  | CTM step 2 conv: 5.937e-08 time: 0.54
  | CTM step 3 conv: 2.005e-08 time: 0.54
Energies: 0.11895461459427359 -4.6780581144934e-11
Norm: 0.04630878524477675
========== 
Finished basis vector 47/63 

Starting simulation of basis vector 48/63
Performing CTM pre-steps without tracking
  | CTM step 1 conv: 1.000e+00 time: 0.32
  | CTM step 2 conv: 1.000e+00 time: 0.35
  | CTM step 3 conv: 1.000e+00 time: 0.35
  | CTM step 4 conv: 1.000e+00 time: 0.36
  | CTM step 5 conv: 1.136e-03 time: 0.36
  | CTM step 6 conv: 3.673e-04 time: 0.36
  | CTM step 7 conv: 1.212e-04 time: 0.36
  | CTM step 8 conv: 4.044e-05 time: 0.36
  | CTM step 9 conv: 1.358e-05 time: 0.36
  | CTM step 10 conv: 4.574e-06 time: 0.36
  | CTM step 11 conv: 1.543e-06 time: 0.36
Performing CTM
  | CTM step 1 conv: 1.000e+00 time: 0.46
  | CTM step 2 conv: 5.937e-08 time: 0.54
  | CTM step 3 conv: 2.005e-08 time: 0.54
Energies: 1.354735210011226 -4.6780581144934e-11
Norm: 0.8555432308603261
========== 
Finished basis vector 48/63 

Starting simulation of basis vector 49/63
Performing CTM pre-steps without tracking
  | CTM step 1 conv: 1.000e+00 time: 0.31
  | CTM step 2 conv: 1.000e+00 time: 0.35
  | CTM step 3 conv: 1.000e+00 time: 0.35
  | CTM step 4 conv: 1.000e+00 time: 0.36
  | CTM step 5 conv: 1.136e-03 time: 0.36
  | CTM step 6 conv: 3.673e-04 time: 0.36
  | CTM step 7 conv: 1.212e-04 time: 0.36
  | CTM step 8 conv: 4.044e-05 time: 0.36
  | CTM step 9 conv: 1.358e-05 time: 0.36
  | CTM step 10 conv: 4.574e-06 time: 0.36
  | CTM step 11 conv: 1.543e-06 time: 0.36
Performing CTM
  | CTM step 1 conv: 1.000e+00 time: 0.48
  | CTM step 2 conv: 5.937e-08 time: 0.54
  | CTM step 3 conv: 2.005e-08 time: 0.54
Energies: 1.2393936810689823 -4.6780581144934e-11
Norm: 0.6580736412583742
========== 
Finished basis vector 49/63 

Starting simulation of basis vector 50/63
Performing CTM pre-steps without tracking
  | CTM step 1 conv: 1.000e+00 time: 0.31
  | CTM step 2 conv: 1.000e+00 time: 0.34
  | CTM step 3 conv: 1.000e+00 time: 0.36
  | CTM step 4 conv: 1.000e+00 time: 0.36
  | CTM step 5 conv: 1.136e-03 time: 0.36
  | CTM step 6 conv: 3.673e-04 time: 0.36
  | CTM step 7 conv: 1.212e-04 time: 0.36
  | CTM step 8 conv: 4.044e-05 time: 0.36
  | CTM step 9 conv: 1.358e-05 time: 0.36
  | CTM step 10 conv: 4.574e-06 time: 0.36
  | CTM step 11 conv: 1.543e-06 time: 0.36
Performing CTM
  | CTM step 1 conv: 1.000e+00 time: 0.46
  | CTM step 2 conv: 5.937e-08 time: 0.54
  | CTM step 3 conv: 2.005e-08 time: 0.54
Energies: 0.3382560644255579 -4.6780581144934e-11
Norm: 0.14543685903893658
========== 
Finished basis vector 50/63 

Starting simulation of basis vector 51/63
Performing CTM pre-steps without tracking
  | CTM step 1 conv: 1.000e+00 time: 0.31
  | CTM step 2 conv: 1.000e+00 time: 0.35
  | CTM step 3 conv: 1.000e+00 time: 0.35
  | CTM step 4 conv: 1.000e+00 time: 0.36
  | CTM step 5 conv: 1.136e-03 time: 0.36
  | CTM step 6 conv: 3.673e-04 time: 0.36
  | CTM step 7 conv: 1.212e-04 time: 0.36
  | CTM step 8 conv: 4.044e-05 time: 0.36
  | CTM step 9 conv: 1.358e-05 time: 0.36
  | CTM step 10 conv: 4.574e-06 time: 0.36
  | CTM step 11 conv: 1.543e-06 time: 0.36
Performing CTM
  | CTM step 1 conv: 1.000e+00 time: 0.46
  | CTM step 2 conv: 5.937e-08 time: 0.54
  | CTM step 3 conv: 2.005e-08 time: 0.54
Energies: 0.36661473589634364 -4.6780581144934e-11
Norm: 0.12239754392428982
========== 
Finished basis vector 51/63 

Starting simulation of basis vector 52/63
Performing CTM pre-steps without tracking
  | CTM step 1 conv: 1.000e+00 time: 0.32
  | CTM step 2 conv: 1.000e+00 time: 0.35
  | CTM step 3 conv: 1.000e+00 time: 0.36
  | CTM step 4 conv: 1.000e+00 time: 0.36
  | CTM step 5 conv: 1.136e-03 time: 0.36
  | CTM step 6 conv: 3.673e-04 time: 0.36
  | CTM step 7 conv: 1.212e-04 time: 0.36
  | CTM step 8 conv: 4.044e-05 time: 0.36
  | CTM step 9 conv: 1.358e-05 time: 0.36
  | CTM step 10 conv: 4.574e-06 time: 0.36
  | CTM step 11 conv: 1.543e-06 time: 0.36
Performing CTM
  | CTM step 1 conv: 1.000e+00 time: 0.46
  | CTM step 2 conv: 5.937e-08 time: 0.54
  | CTM step 3 conv: 2.005e-08 time: 0.54
Energies: 1.9258316274288472 -4.6780581144934e-11
Norm: 1.2026487353702449
========== 
Finished basis vector 52/63 

Starting simulation of basis vector 53/63
Performing CTM pre-steps without tracking
  | CTM step 1 conv: 1.000e+00 time: 0.31
  | CTM step 2 conv: 1.000e+00 time: 0.34
  | CTM step 3 conv: 1.000e+00 time: 0.35
  | CTM step 4 conv: 1.000e+00 time: 0.35
  | CTM step 5 conv: 1.136e-03 time: 0.35
  | CTM step 6 conv: 3.673e-04 time: 0.36
  | CTM step 7 conv: 1.212e-04 time: 0.35
  | CTM step 8 conv: 4.044e-05 time: 0.35
  | CTM step 9 conv: 1.358e-05 time: 0.36
  | CTM step 10 conv: 4.574e-06 time: 0.36
  | CTM step 11 conv: 1.543e-06 time: 0.36
Performing CTM
  | CTM step 1 conv: 1.000e+00 time: 0.46
  | CTM step 2 conv: 5.937e-08 time: 0.54
  | CTM step 3 conv: 2.005e-08 time: 0.58
Energies: 1.4990032010119894 -4.6780581144934e-11
Norm: 0.9251337485085818
========== 
Finished basis vector 53/63 

Starting simulation of basis vector 54/63
Performing CTM pre-steps without tracking
  | CTM step 1 conv: 1.000e+00 time: 0.31
  | CTM step 2 conv: 1.000e+00 time: 0.35
  | CTM step 3 conv: 1.000e+00 time: 0.35
  | CTM step 4 conv: 1.000e+00 time: 0.36
  | CTM step 5 conv: 1.136e-03 time: 0.36
  | CTM step 6 conv: 3.673e-04 time: 0.36
  | CTM step 7 conv: 1.212e-04 time: 0.36
  | CTM step 8 conv: 4.044e-05 time: 0.36
  | CTM step 9 conv: 1.358e-05 time: 0.36
  | CTM step 10 conv: 4.574e-06 time: 0.36
  | CTM step 11 conv: 1.543e-06 time: 0.36
Performing CTM
  | CTM step 1 conv: 1.000e+00 time: 0.46
  | CTM step 2 conv: 5.937e-08 time: 0.56
  | CTM step 3 conv: 2.005e-08 time: 0.54
Energies: 0.4260666803353943 -4.6780581144934e-11
Norm: 0.18911228563279314
========== 
Finished basis vector 54/63 

Starting simulation of basis vector 55/63
Performing CTM pre-steps without tracking
  | CTM step 1 conv: 1.000e+00 time: 0.32
  | CTM step 2 conv: 1.000e+00 time: 0.35
  | CTM step 3 conv: 1.000e+00 time: 0.35
  | CTM step 4 conv: 1.000e+00 time: 0.36
  | CTM step 5 conv: 1.136e-03 time: 0.36
  | CTM step 6 conv: 3.673e-04 time: 0.36
  | CTM step 7 conv: 1.212e-04 time: 0.36
  | CTM step 8 conv: 4.044e-05 time: 0.36
  | CTM step 9 conv: 1.358e-05 time: 0.36
  | CTM step 10 conv: 4.574e-06 time: 0.36
  | CTM step 11 conv: 1.543e-06 time: 0.36
Performing CTM
  | CTM step 1 conv: 1.000e+00 time: 0.46
  | CTM step 2 conv: 5.937e-08 time: 0.54
  | CTM step 3 conv: 2.005e-08 time: 0.54
Energies: 0.37757773768380853 -4.6780581144934e-11
Norm: 0.15306991603017056
========== 
Finished basis vector 55/63 

Starting simulation of basis vector 56/63
Performing CTM pre-steps without tracking
  | CTM step 1 conv: 1.000e+00 time: 0.31
  | CTM step 2 conv: 1.000e+00 time: 0.35
  | CTM step 3 conv: 1.000e+00 time: 0.36
  | CTM step 4 conv: 1.000e+00 time: 0.36
  | CTM step 5 conv: 1.136e-03 time: 0.36
  | CTM step 6 conv: 3.673e-04 time: 0.36
  | CTM step 7 conv: 1.212e-04 time: 0.36
  | CTM step 8 conv: 4.044e-05 time: 0.36
  | CTM step 9 conv: 1.358e-05 time: 0.36
  | CTM step 10 conv: 4.574e-06 time: 0.36
  | CTM step 11 conv: 1.543e-06 time: 0.36
Performing CTM
  | CTM step 1 conv: 1.000e+00 time: 0.46
  | CTM step 2 conv: 5.937e-08 time: 0.58
  | CTM step 3 conv: 2.005e-08 time: 0.54
Energies: 0.7365340427224538 -4.6780581144934e-11
Norm: 0.2512613222522129
========== 
Finished basis vector 56/63 

Starting simulation of basis vector 57/63
Performing CTM pre-steps without tracking
  | CTM step 1 conv: 1.000e+00 time: 0.31
  | CTM step 2 conv: 1.000e+00 time: 0.34
  | CTM step 3 conv: 1.000e+00 time: 0.35
  | CTM step 4 conv: 1.000e+00 time: 0.43
  | CTM step 5 conv: 1.136e-03 time: 0.36
  | CTM step 6 conv: 3.673e-04 time: 0.36
  | CTM step 7 conv: 1.212e-04 time: 0.36
  | CTM step 8 conv: 4.044e-05 time: 0.36
  | CTM step 9 conv: 1.358e-05 time: 0.36
  | CTM step 10 conv: 4.574e-06 time: 0.36
  | CTM step 11 conv: 1.543e-06 time: 0.36
Performing CTM
  | CTM step 1 conv: 1.000e+00 time: 0.46
  | CTM step 2 conv: 5.937e-08 time: 0.54
  | CTM step 3 conv: 2.005e-08 time: 0.54
Energies: 0.7617923450730633 -4.6780581144934e-11
Norm: 0.24659966718014137
========== 
Finished basis vector 57/63 

Starting simulation of basis vector 58/63
Performing CTM pre-steps without tracking
  | CTM step 1 conv: 1.000e+00 time: 0.31
  | CTM step 2 conv: 1.000e+00 time: 0.34
  | CTM step 3 conv: 1.000e+00 time: 0.35
  | CTM step 4 conv: 1.000e+00 time: 0.36
  | CTM step 5 conv: 1.136e-03 time: 0.36
  | CTM step 6 conv: 3.673e-04 time: 0.36
  | CTM step 7 conv: 1.212e-04 time: 0.36
  | CTM step 8 conv: 4.044e-05 time: 0.36
  | CTM step 9 conv: 1.358e-05 time: 0.36
  | CTM step 10 conv: 4.574e-06 time: 0.36
  | CTM step 11 conv: 1.543e-06 time: 0.36
Performing CTM
  | CTM step 1 conv: 1.000e+00 time: 0.46
  | CTM step 2 conv: 5.937e-08 time: 0.54
  | CTM step 3 conv: 2.005e-08 time: 0.54
Energies: 0.14438468688390294 -4.6780581144934e-11
Norm: 0.041374374624307785
========== 
Finished basis vector 58/63 

Starting simulation of basis vector 59/63
Performing CTM pre-steps without tracking
  | CTM step 1 conv: 1.000e+00 time: 0.31
  | CTM step 2 conv: 1.000e+00 time: 0.35
  | CTM step 3 conv: 1.000e+00 time: 0.35
  | CTM step 4 conv: 1.000e+00 time: 0.36
  | CTM step 5 conv: 1.136e-03 time: 0.36
  | CTM step 6 conv: 3.673e-04 time: 0.36
  | CTM step 7 conv: 1.212e-04 time: 0.36
  | CTM step 8 conv: 4.044e-05 time: 0.36
  | CTM step 9 conv: 1.358e-05 time: 0.36
  | CTM step 10 conv: 4.574e-06 time: 0.36
  | CTM step 11 conv: 1.543e-06 time: 0.36
Performing CTM
  | CTM step 1 conv: 1.000e+00 time: 0.46
  | CTM step 2 conv: 5.937e-08 time: 0.54
  | CTM step 3 conv: 2.005e-08 time: 0.54
Energies: 0.1431986624755236 -4.6780581144934e-11
Norm: 0.041107058856190606
========== 
Finished basis vector 59/63 

Starting simulation of basis vector 60/63
Performing CTM pre-steps without tracking
  | CTM step 1 conv: 1.000e+00 time: 0.31
  | CTM step 2 conv: 1.000e+00 time: 0.34
  | CTM step 3 conv: 1.000e+00 time: 0.35
  | CTM step 4 conv: 1.000e+00 time: 0.36
  | CTM step 5 conv: 1.136e-03 time: 0.36
  | CTM step 6 conv: 3.673e-04 time: 0.36
  | CTM step 7 conv: 1.212e-04 time: 0.36
  | CTM step 8 conv: 4.044e-05 time: 0.36
  | CTM step 9 conv: 1.358e-05 time: 0.36
  | CTM step 10 conv: 4.574e-06 time: 0.36
  | CTM step 11 conv: 1.543e-06 time: 0.36
Performing CTM
  | CTM step 1 conv: 1.000e+00 time: 0.46
  | CTM step 2 conv: 5.937e-08 time: 0.54
  | CTM step 3 conv: 2.005e-08 time: 0.54
Energies: 0.8324535195328937 -4.6780581144934e-11
Norm: 0.29336260330626834
========== 
Finished basis vector 60/63 

Starting simulation of basis vector 61/63
Performing CTM pre-steps without tracking
  | CTM step 1 conv: 1.000e+00 time: 0.31
  | CTM step 2 conv: 1.000e+00 time: 0.34
  | CTM step 3 conv: 1.000e+00 time: 0.35
  | CTM step 4 conv: 1.000e+00 time: 0.36
  | CTM step 5 conv: 1.136e-03 time: 0.36
  | CTM step 6 conv: 3.673e-04 time: 0.36
  | CTM step 7 conv: 1.212e-04 time: 0.36
  | CTM step 8 conv: 4.044e-05 time: 0.36
  | CTM step 9 conv: 1.358e-05 time: 0.36
  | CTM step 10 conv: 4.574e-06 time: 0.36
  | CTM step 11 conv: 1.543e-06 time: 0.36
Performing CTM
  | CTM step 1 conv: 1.000e+00 time: 0.46
  | CTM step 2 conv: 5.937e-08 time: 0.54
  | CTM step 3 conv: 2.005e-08 time: 0.54
Energies: 0.806657644528816 -4.6780581144934e-11
Norm: 0.28251449272373286
========== 
Finished basis vector 61/63 

Starting simulation of basis vector 62/63
Performing CTM pre-steps without tracking
  | CTM step 1 conv: 1.000e+00 time: 0.31
  | CTM step 2 conv: 1.000e+00 time: 0.34
  | CTM step 3 conv: 1.000e+00 time: 0.35
  | CTM step 4 conv: 1.000e+00 time: 0.36
  | CTM step 5 conv: 1.136e-03 time: 0.35
  | CTM step 6 conv: 3.673e-04 time: 0.36
  | CTM step 7 conv: 1.212e-04 time: 0.36
  | CTM step 8 conv: 4.044e-05 time: 0.35
  | CTM step 9 conv: 1.358e-05 time: 0.36
  | CTM step 10 conv: 4.574e-06 time: 0.36
  | CTM step 11 conv: 1.543e-06 time: 0.36
Performing CTM
  | CTM step 1 conv: 1.000e+00 time: 0.46
  | CTM step 2 conv: 5.937e-08 time: 0.54
  | CTM step 3 conv: 2.005e-08 time: 0.54
Energies: 0.16084214817756193 -4.6780581144934e-11
Norm: 0.046690644605149156
========== 
Finished basis vector 62/63 

Starting simulation of basis vector 63/63
Performing CTM pre-steps without tracking
  | CTM step 1 conv: 1.000e+00 time: 0.31
  | CTM step 2 conv: 1.000e+00 time: 0.34
  | CTM step 3 conv: 1.000e+00 time: 0.35
  | CTM step 4 conv: 1.000e+00 time: 0.35
  | CTM step 5 conv: 1.136e-03 time: 0.35
  | CTM step 6 conv: 3.673e-04 time: 0.36
  | CTM step 7 conv: 1.212e-04 time: 0.36
  | CTM step 8 conv: 4.044e-05 time: 0.36
  | CTM step 9 conv: 1.358e-05 time: 0.35
  | CTM step 10 conv: 4.574e-06 time: 0.35
  | CTM step 11 conv: 1.543e-06 time: 0.35
Performing CTM
  | CTM step 1 conv: 1.000e+00 time: 0.46
  | CTM step 2 conv: 5.937e-08 time: 0.54
  | CTM step 3 conv: 2.005e-08 time: 0.58
Energies: 0.15574592523994968 -4.6780581144934e-11
Norm: 0.046126124767026225
========== 
Finished basis vector 63/63 

[[3.52457324+1.90321998e-01j 0.20042124+1.95968758e-01j
  1.03744979-1.83258231e-02j ... 0.14235497+2.81587037e-01j
  0.03913957-2.38419444e-04j 0.0788928 +3.37179457e-03j]
 [0.20081544+1.29428095e-02j 0.6425629 +2.83802478e-02j
  0.23352896-1.73254075e-02j ... 0.10996371+1.42305138e-01j
  0.02768843+3.00697995e-02j 0.03861993+1.72142652e-02j]
 [0.97398303+1.40479135e-01j 0.21829036+7.82040973e-02j
  0.74688481-6.84836442e-03j ... 0.14413055+2.34460101e-01j
  0.03936605+3.39441573e-02j 0.05839284+2.40862305e-02j]
 ...
 [0.27418063+5.56203295e-02j 0.13828183-7.55629111e-02j
  0.13186264-2.05491010e-01j ... 1.61239061-2.45132406e-02j
  0.15701216+9.66209275e-03j 0.43902288-4.71534577e-02j]
 [0.07351674+1.22775260e-03j 0.03773439-3.46127185e-02j
  0.03391662-4.64048239e-02j ... 0.16837145-3.91028827e-02j
  0.32658635-1.86401886e-03j 0.11789522-1.11806040e-02j]
 [0.09772941+2.91510248e-02j 0.04077196-1.70845892e-02j
  0.04303049-5.14471892e-02j ... 0.4634443 -9.67334923e-03j
  0.12298477-2.58810249e-04j 0.31995085-1.32183812e-02j]]
[[1.00980187+1.95298639e-08j 0.09916892+1.72333263e-02j
  0.28512639-6.64579662e-04j ... 0.06252287+3.36497483e-02j
  0.02274435+3.45158513e-03j 0.02558213+5.13785888e-03j]
 [0.09916894-1.72333053e-02j 0.12088799+3.83238783e-10j
  0.06244941-4.38603291e-03j ... 0.02947501+2.50218171e-02j
  0.00955653+6.40674985e-03j 0.00878313+5.70040478e-03j]
 [0.28512638+6.64600084e-04j 0.06244941+4.38603478e-03j
  0.15693554+5.03505377e-09j ... 0.03516596+3.88650085e-02j
  0.01074299+8.73272718e-03j 0.01094884+9.00727151e-03j]
 ...
 [0.06252287-3.36497541e-02j 0.02947501-2.50218163e-02j
  0.03516596-3.88650110e-02j ... 0.28251449+1.22631595e-09j
  0.03563639+3.92876599e-03j 0.07799983+5.26235781e-04j]
 [0.02274435-3.45158618e-03j 0.00955653-6.40674923e-03j
  0.01074299-8.73272716e-03j ... 0.03563639-3.92876534e-03j
  0.04669064+2.01366947e-10j 0.02106188-6.01152675e-04j]
 [0.02558212-5.13786054e-03j 0.00878313-5.70040492e-03j
  0.01094884-9.00727253e-03j ... 0.07799983-5.26236357e-04j
  0.02106188+6.01152758e-04j 0.04612612-3.84533741e-10j]]
Done
Saved to /share/home/tanyi/ad-peps/simulations/exci/11_honeycomb_D2_X30/24_0.66667_0.0.npz
