No GPU/TPU found, falling back to CPU. (Set TF_CPP_MIN_LOG_LEVEL=0 and rerun for more info.)
Namespace(version=False, sim_mode='exci', config_file='honeycomb_exci.yaml', momentum_ix=14, evaluate=False, init=False)
Running excited-state sim
honeycomb_exci.yaml
/share/home/tanyi/ad-peps/examples/honeycomb_exci.yaml
/share/home/tanyi/ad-peps/examples/honeycomb_exci.yaml
D: 2
chi: 30
ctm_conv_tol: 1.0e-06
ctm_max_iter: 20
ctm_min_iter: 4
disp_level: 1
flush_output: true
model: honeycomb
model_params:
  Jx: 0.15
  Jy: 0.15
momentum_path: Bril1
out_prefix: '015'
pattern:
- - 0
  - 0
- - 0
  - 0
resume: true

Starting simulation of basis vector 1/63
Performing CTM pre-steps without tracking
  | CTM step 1 conv: 1.000e+00 time: 2.67
  | CTM step 2 conv: 5.122e-01 time: 3.49
  | CTM step 3 conv: 9.443e-05 time: 2.97
  | CTM step 4 conv: 1.191e-05 time: 0.35
  | CTM step 5 conv: 1.047e-06 time: 0.35
Performing CTM
  | CTM step 1 conv: 1.000e+00 time: 1.0
  | CTM step 2 conv: 5.422e-10 time: 0.65
  | CTM step 3 conv: 4.291e-11 time: 0.53
Energies: 0.28815658061966193 2.7714906069820327e-14
Norm: 0.25209078772598453
========== 
Finished basis vector 1/63 

Starting simulation of basis vector 2/63
Performing CTM pre-steps without tracking
  | CTM step 1 conv: 1.000e+00 time: 0.32
  | CTM step 2 conv: 5.122e-01 time: 0.35
  | CTM step 3 conv: 9.443e-05 time: 0.35
  | CTM step 4 conv: 1.191e-05 time: 0.36
  | CTM step 5 conv: 1.047e-06 time: 0.35
Performing CTM
  | CTM step 1 conv: 1.000e+00 time: 0.45
  | CTM step 2 conv: 5.422e-10 time: 0.53
  | CTM step 3 conv: 4.291e-11 time: 0.53
Energies: 0.04009558553858391 2.7714906069820327e-14
Norm: 0.020673134076405548
========== 
Finished basis vector 2/63 

Starting simulation of basis vector 3/63
Performing CTM pre-steps without tracking
  | CTM step 1 conv: 1.000e+00 time: 0.32
  | CTM step 2 conv: 5.122e-01 time: 0.35
  | CTM step 3 conv: 9.443e-05 time: 0.35
  | CTM step 4 conv: 1.191e-05 time: 0.34
  | CTM step 5 conv: 1.047e-06 time: 0.34
Performing CTM
  | CTM step 1 conv: 1.000e+00 time: 0.44
  | CTM step 2 conv: 5.422e-10 time: 0.52
  | CTM step 3 conv: 4.291e-11 time: 0.52
Energies: 0.010799150917372671 2.7714906069820327e-14
Norm: 0.00527857238735124
========== 
Finished basis vector 3/63 

Starting simulation of basis vector 4/63
Performing CTM pre-steps without tracking
  | CTM step 1 conv: 1.000e+00 time: 0.32
  | CTM step 2 conv: 5.122e-01 time: 0.34
  | CTM step 3 conv: 9.443e-05 time: 0.35
  | CTM step 4 conv: 1.191e-05 time: 0.34
  | CTM step 5 conv: 1.047e-06 time: 0.34
Performing CTM
  | CTM step 1 conv: 1.000e+00 time: 0.44
  | CTM step 2 conv: 5.422e-10 time: 0.55
  | CTM step 3 conv: 4.291e-11 time: 0.52
Energies: 0.38406100898035966 2.7714906069820327e-14
Norm: 0.3292013416281825
========== 
Finished basis vector 4/63 

Starting simulation of basis vector 5/63
Performing CTM pre-steps without tracking
  | CTM step 1 conv: 1.000e+00 time: 0.31
  | CTM step 2 conv: 5.122e-01 time: 0.34
  | CTM step 3 conv: 9.443e-05 time: 0.34
  | CTM step 4 conv: 1.191e-05 time: 0.34
  | CTM step 5 conv: 1.047e-06 time: 0.34
Performing CTM
  | CTM step 1 conv: 1.000e+00 time: 0.44
  | CTM step 2 conv: 5.422e-10 time: 0.52
  | CTM step 3 conv: 4.291e-11 time: 0.52
Energies: 0.1060466084749718 2.7714906069820327e-14
Norm: 0.08336421854357291
========== 
Finished basis vector 5/63 

Starting simulation of basis vector 6/63
Performing CTM pre-steps without tracking
  | CTM step 1 conv: 1.000e+00 time: 0.32
  | CTM step 2 conv: 5.122e-01 time: 0.35
  | CTM step 3 conv: 9.443e-05 time: 0.35
  | CTM step 4 conv: 1.191e-05 time: 0.34
  | CTM step 5 conv: 1.047e-06 time: 0.34
Performing CTM
  | CTM step 1 conv: 1.000e+00 time: 0.44
  | CTM step 2 conv: 5.422e-10 time: 0.52
  | CTM step 3 conv: 4.291e-11 time: 0.52
Energies: 0.013865890229285706 2.7714906069820327e-14
Norm: 0.0066906739364840035
========== 
Finished basis vector 6/63 

Starting simulation of basis vector 7/63
Performing CTM pre-steps without tracking
  | CTM step 1 conv: 1.000e+00 time: 0.31
  | CTM step 2 conv: 5.122e-01 time: 0.34
  | CTM step 3 conv: 9.443e-05 time: 0.34
  | CTM step 4 conv: 1.191e-05 time: 0.34
  | CTM step 5 conv: 1.047e-06 time: 0.34
Performing CTM
  | CTM step 1 conv: 1.000e+00 time: 0.44
  | CTM step 2 conv: 5.422e-10 time: 0.52
  | CTM step 3 conv: 4.291e-11 time: 0.52
Energies: 0.0037220988412832723 2.7714906069820327e-14
Norm: 0.0017082112701936342
========== 
Finished basis vector 7/63 

Starting simulation of basis vector 8/63
Performing CTM pre-steps without tracking
  | CTM step 1 conv: 1.000e+00 time: 0.31
  | CTM step 2 conv: 5.122e-01 time: 0.34
  | CTM step 3 conv: 9.443e-05 time: 0.34
  | CTM step 4 conv: 1.191e-05 time: 0.34
  | CTM step 5 conv: 1.047e-06 time: 0.34
Performing CTM
  | CTM step 1 conv: 1.000e+00 time: 0.44
  | CTM step 2 conv: 5.422e-10 time: 0.52
  | CTM step 3 conv: 4.291e-11 time: 0.55
Energies: 0.16088416277709247 2.7714906069820327e-14
Norm: 0.08400232705576559
========== 
Finished basis vector 8/63 

Starting simulation of basis vector 9/63
Performing CTM pre-steps without tracking
  | CTM step 1 conv: 1.000e+00 time: 0.31
  | CTM step 2 conv: 5.122e-01 time: 0.34
  | CTM step 3 conv: 9.443e-05 time: 0.35
  | CTM step 4 conv: 1.191e-05 time: 0.35
  | CTM step 5 conv: 1.047e-06 time: 0.34
Performing CTM
  | CTM step 1 conv: 1.000e+00 time: 0.44
  | CTM step 2 conv: 5.422e-10 time: 0.52
  | CTM step 3 conv: 4.291e-11 time: 0.52
Energies: 0.04349255292200664 2.7714906069820327e-14
Norm: 0.0215363252400102
========== 
Finished basis vector 9/63 

Starting simulation of basis vector 10/63
Performing CTM pre-steps without tracking
  | CTM step 1 conv: 1.000e+00 time: 0.31
  | CTM step 2 conv: 5.122e-01 time: 0.34
  | CTM step 3 conv: 9.443e-05 time: 0.34
  | CTM step 4 conv: 1.191e-05 time: 0.35
  | CTM step 5 conv: 1.047e-06 time: 0.35
Performing CTM
  | CTM step 1 conv: 1.000e+00 time: 0.44
  | CTM step 2 conv: 5.422e-10 time: 0.52
  | CTM step 3 conv: 4.291e-11 time: 0.52
Energies: 0.004935744312246972 2.7714906069820327e-14
Norm: 0.001756440459725139
========== 
Finished basis vector 10/63 

Starting simulation of basis vector 11/63
Performing CTM pre-steps without tracking
  | CTM step 1 conv: 1.000e+00 time: 0.32
  | CTM step 2 conv: 5.122e-01 time: 0.34
  | CTM step 3 conv: 9.443e-05 time: 0.34
  | CTM step 4 conv: 1.191e-05 time: 0.34
  | CTM step 5 conv: 1.047e-06 time: 0.34
Performing CTM
  | CTM step 1 conv: 1.000e+00 time: 0.44
  | CTM step 2 conv: 5.422e-10 time: 0.52
  | CTM step 3 conv: 4.291e-11 time: 0.55
Energies: 0.0013098998071570766 2.7714906069820327e-14
Norm: 0.00044924613733243653
========== 
Finished basis vector 11/63 

Starting simulation of basis vector 12/63
Performing CTM pre-steps without tracking
  | CTM step 1 conv: 1.000e+00 time: 0.31
  | CTM step 2 conv: 5.122e-01 time: 0.34
  | CTM step 3 conv: 9.443e-05 time: 0.34
  | CTM step 4 conv: 1.191e-05 time: 0.34
  | CTM step 5 conv: 1.047e-06 time: 0.34
Performing CTM
  | CTM step 1 conv: 1.000e+00 time: 0.44
  | CTM step 2 conv: 5.422e-10 time: 0.52
  | CTM step 3 conv: 4.291e-11 time: 0.52
Energies: 0.05588071977294952 2.7714906069820327e-14
Norm: 0.027303076331798484
========== 
Finished basis vector 12/63 

Starting simulation of basis vector 13/63
Performing CTM pre-steps without tracking
  | CTM step 1 conv: 1.000e+00 time: 0.32
  | CTM step 2 conv: 5.122e-01 time: 0.34
  | CTM step 3 conv: 9.443e-05 time: 0.35
  | CTM step 4 conv: 1.191e-05 time: 0.35
  | CTM step 5 conv: 1.047e-06 time: 0.35
Performing CTM
  | CTM step 1 conv: 1.000e+00 time: 0.44
  | CTM step 2 conv: 5.422e-10 time: 0.52
  | CTM step 3 conv: 4.291e-11 time: 0.52
Energies: 0.015046527796094845 2.7714906069820327e-14
Norm: 0.006996908324048975
========== 
Finished basis vector 13/63 

Starting simulation of basis vector 14/63
Performing CTM pre-steps without tracking
  | CTM step 1 conv: 1.000e+00 time: 0.31
  | CTM step 2 conv: 5.122e-01 time: 0.34
  | CTM step 3 conv: 9.443e-05 time: 0.34
  | CTM step 4 conv: 1.191e-05 time: 0.34
  | CTM step 5 conv: 1.047e-06 time: 0.34
Performing CTM
  | CTM step 1 conv: 1.000e+00 time: 0.47
  | CTM step 2 conv: 5.422e-10 time: 0.52
  | CTM step 3 conv: 4.291e-11 time: 0.52
Energies: 0.0016726109488541493 2.7714906069820327e-14
Norm: 0.0005680637468743658
========== 
Finished basis vector 14/63 

Starting simulation of basis vector 15/63
Performing CTM pre-steps without tracking
  | CTM step 1 conv: 1.000e+00 time: 0.31
  | CTM step 2 conv: 5.122e-01 time: 0.34
  | CTM step 3 conv: 9.443e-05 time: 0.34
  | CTM step 4 conv: 1.191e-05 time: 0.34
  | CTM step 5 conv: 1.047e-06 time: 0.34
Performing CTM
  | CTM step 1 conv: 1.000e+00 time: 0.44
  | CTM step 2 conv: 5.422e-10 time: 0.52
  | CTM step 3 conv: 4.291e-11 time: 0.52
Energies: 0.00044313568195705603 2.7714906069820327e-14
Norm: 0.00014527612347475013
========== 
Finished basis vector 15/63 

Starting simulation of basis vector 16/63
Performing CTM pre-steps without tracking
  | CTM step 1 conv: 1.000e+00 time: 0.31
  | CTM step 2 conv: 5.122e-01 time: 0.34
  | CTM step 3 conv: 9.443e-05 time: 0.34
  | CTM step 4 conv: 1.191e-05 time: 0.34
  | CTM step 5 conv: 1.047e-06 time: 0.34
Performing CTM
  | CTM step 1 conv: 1.000e+00 time: 0.44
  | CTM step 2 conv: 5.422e-10 time: 0.52
  | CTM step 3 conv: 4.291e-11 time: 0.52
Energies: 0.5732919637813181 2.7714906069820327e-14
Norm: 0.7126902201049862
========== 
Finished basis vector 16/63 

Starting simulation of basis vector 17/63
Performing CTM pre-steps without tracking
  | CTM step 1 conv: 1.000e+00 time: 0.31
  | CTM step 2 conv: 5.122e-01 time: 0.34
  | CTM step 3 conv: 9.443e-05 time: 0.34
  | CTM step 4 conv: 1.191e-05 time: 0.34
  | CTM step 5 conv: 1.047e-06 time: 0.34
Performing CTM
  | CTM step 1 conv: 1.000e+00 time: 0.44
  | CTM step 2 conv: 5.422e-10 time: 0.52
  | CTM step 3 conv: 4.291e-11 time: 0.52
Energies: 0.15000977664438275 2.7714906069820327e-14
Norm: 0.1719792145454361
========== 
Finished basis vector 17/63 

Starting simulation of basis vector 18/63
Performing CTM pre-steps without tracking
  | CTM step 1 conv: 1.000e+00 time: 0.31
  | CTM step 2 conv: 5.122e-01 time: 0.34
  | CTM step 3 conv: 9.443e-05 time: 0.34
  | CTM step 4 conv: 1.191e-05 time: 0.34
  | CTM step 5 conv: 1.047e-06 time: 0.34
Performing CTM
  | CTM step 1 conv: 1.000e+00 time: 0.44
  | CTM step 2 conv: 5.422e-10 time: 0.52
  | CTM step 3 conv: 4.291e-11 time: 0.55
Energies: 0.020635032643772734 2.7714906069820327e-14
Norm: 0.019912713758843313
========== 
Finished basis vector 18/63 

Starting simulation of basis vector 19/63
Performing CTM pre-steps without tracking
  | CTM step 1 conv: 1.000e+00 time: 0.31
  | CTM step 2 conv: 5.122e-01 time: 0.34
  | CTM step 3 conv: 9.443e-05 time: 0.34
  | CTM step 4 conv: 1.191e-05 time: 0.34
  | CTM step 5 conv: 1.047e-06 time: 0.34
Performing CTM
  | CTM step 1 conv: 1.000e+00 time: 0.44
  | CTM step 2 conv: 5.422e-10 time: 0.52
  | CTM step 3 conv: 4.291e-11 time: 0.52
Energies: 0.005123599014063279 2.7714906069820327e-14
Norm: 0.004429306871113198
========== 
Finished basis vector 19/63 

Starting simulation of basis vector 20/63
Performing CTM pre-steps without tracking
  | CTM step 1 conv: 1.000e+00 time: 0.31
  | CTM step 2 conv: 5.122e-01 time: 0.34
  | CTM step 3 conv: 9.443e-05 time: 0.34
  | CTM step 4 conv: 1.191e-05 time: 0.34
  | CTM step 5 conv: 1.047e-06 time: 0.35
Performing CTM
  | CTM step 1 conv: 1.000e+00 time: 0.44
  | CTM step 2 conv: 5.422e-10 time: 0.52
  | CTM step 3 conv: 4.291e-11 time: 0.52
Energies: 0.20957651619651374 2.7714906069820327e-14
Norm: 0.22616218090811396
========== 
Finished basis vector 20/63 

Starting simulation of basis vector 21/63
Performing CTM pre-steps without tracking
  | CTM step 1 conv: 1.000e+00 time: 0.31
  | CTM step 2 conv: 5.122e-01 time: 0.34
  | CTM step 3 conv: 9.443e-05 time: 0.34
  | CTM step 4 conv: 1.191e-05 time: 0.34
  | CTM step 5 conv: 1.047e-06 time: 0.34
Performing CTM
  | CTM step 1 conv: 1.000e+00 time: 0.44
  | CTM step 2 conv: 5.422e-10 time: 0.55
  | CTM step 3 conv: 4.291e-11 time: 0.52
Energies: 0.07240893026037001 2.7714906069820327e-14
Norm: 0.07257808873640978
========== 
Finished basis vector 21/63 

Starting simulation of basis vector 22/63
Performing CTM pre-steps without tracking
  | CTM step 1 conv: 1.000e+00 time: 0.31
  | CTM step 2 conv: 5.122e-01 time: 0.34
  | CTM step 3 conv: 9.443e-05 time: 0.35
  | CTM step 4 conv: 1.191e-05 time: 0.34
  | CTM step 5 conv: 1.047e-06 time: 0.34
Performing CTM
  | CTM step 1 conv: 1.000e+00 time: 0.44
  | CTM step 2 conv: 5.422e-10 time: 0.52
  | CTM step 3 conv: 4.291e-11 time: 0.52
Energies: 0.007513166076662315 2.7714906069820327e-14
Norm: 0.006440397685572314
========== 
Finished basis vector 22/63 

Starting simulation of basis vector 23/63
Performing CTM pre-steps without tracking
  | CTM step 1 conv: 1.000e+00 time: 0.31
  | CTM step 2 conv: 5.122e-01 time: 0.34
  | CTM step 3 conv: 9.443e-05 time: 0.34
  | CTM step 4 conv: 1.191e-05 time: 0.34
  | CTM step 5 conv: 1.047e-06 time: 0.34
Performing CTM
  | CTM step 1 conv: 1.000e+00 time: 0.44
  | CTM step 2 conv: 5.422e-10 time: 0.52
  | CTM step 3 conv: 4.291e-11 time: 0.52
Energies: 0.0019308290645952937 2.7714906069820327e-14
Norm: 0.0014898810476850653
========== 
Finished basis vector 23/63 

Starting simulation of basis vector 24/63
Performing CTM pre-steps without tracking
  | CTM step 1 conv: 1.000e+00 time: 0.31
  | CTM step 2 conv: 5.122e-01 time: 0.34
  | CTM step 3 conv: 9.443e-05 time: 0.35
  | CTM step 4 conv: 1.191e-05 time: 0.34
  | CTM step 5 conv: 1.047e-06 time: 0.34
Performing CTM
  | CTM step 1 conv: 1.000e+00 time: 0.44
  | CTM step 2 conv: 5.422e-10 time: 0.55
  | CTM step 3 conv: 4.291e-11 time: 0.52
Energies: 0.08175585167737241 2.7714906069820327e-14
Norm: 0.07731256666336137
========== 
Finished basis vector 24/63 

Starting simulation of basis vector 25/63
Performing CTM pre-steps without tracking
  | CTM step 1 conv: 1.000e+00 time: 0.31
  | CTM step 2 conv: 5.122e-01 time: 0.34
  | CTM step 3 conv: 9.443e-05 time: 0.34
  | CTM step 4 conv: 1.191e-05 time: 0.34
  | CTM step 5 conv: 1.047e-06 time: 0.34
Performing CTM
  | CTM step 1 conv: 1.000e+00 time: 0.44
  | CTM step 2 conv: 5.422e-10 time: 0.52
  | CTM step 3 conv: 4.291e-11 time: 0.52
Energies: 0.022965170380722454 2.7714906069820327e-14
Norm: 0.019809989241082678
========== 
Finished basis vector 25/63 

Starting simulation of basis vector 26/63
Performing CTM pre-steps without tracking
  | CTM step 1 conv: 1.000e+00 time: 0.31
  | CTM step 2 conv: 5.122e-01 time: 0.34
  | CTM step 3 conv: 9.443e-05 time: 0.34
  | CTM step 4 conv: 1.191e-05 time: 0.34
  | CTM step 5 conv: 1.047e-06 time: 0.34
Performing CTM
  | CTM step 1 conv: 1.000e+00 time: 0.43
  | CTM step 2 conv: 5.422e-10 time: 0.52
  | CTM step 3 conv: 4.291e-11 time: 0.52
Energies: 0.003362792510030863 2.7714906069820327e-14
Norm: 0.0019145709232105124
========== 
Finished basis vector 26/63 

Starting simulation of basis vector 27/63
Performing CTM pre-steps without tracking
  | CTM step 1 conv: 1.000e+00 time: 0.31
  | CTM step 2 conv: 5.122e-01 time: 0.34
  | CTM step 3 conv: 9.443e-05 time: 0.34
  | CTM step 4 conv: 1.191e-05 time: 0.34
  | CTM step 5 conv: 1.047e-06 time: 0.34
Performing CTM
  | CTM step 1 conv: 1.000e+00 time: 0.43
  | CTM step 2 conv: 5.422e-10 time: 0.52
  | CTM step 3 conv: 4.291e-11 time: 0.52
Energies: 0.0008928725968149762 2.7714906069820327e-14
Norm: 0.00047696343680795575
========== 
Finished basis vector 27/63 

Starting simulation of basis vector 28/63
Performing CTM pre-steps without tracking
  | CTM step 1 conv: 1.000e+00 time: 0.31
  | CTM step 2 conv: 5.122e-01 time: 0.34
  | CTM step 3 conv: 9.443e-05 time: 0.34
  | CTM step 4 conv: 1.191e-05 time: 0.34
  | CTM step 5 conv: 1.047e-06 time: 0.34
Performing CTM
  | CTM step 1 conv: 1.000e+00 time: 0.44
  | CTM step 2 conv: 5.422e-10 time: 0.52
  | CTM step 3 conv: 4.291e-11 time: 0.54
Energies: 0.034777293549911256 2.7714906069820327e-14
Norm: 0.029978781203942
========== 
Finished basis vector 28/63 

Starting simulation of basis vector 29/63
Performing CTM pre-steps without tracking
  | CTM step 1 conv: 1.000e+00 time: 0.31
  | CTM step 2 conv: 5.122e-01 time: 0.34
  | CTM step 3 conv: 9.443e-05 time: 0.34
  | CTM step 4 conv: 1.191e-05 time: 0.34
  | CTM step 5 conv: 1.047e-06 time: 0.34
Performing CTM
  | CTM step 1 conv: 1.000e+00 time: 0.44
  | CTM step 2 conv: 5.422e-10 time: 0.52
  | CTM step 3 conv: 4.291e-11 time: 0.52
Energies: 0.009625137582343995 2.7714906069820327e-14
Norm: 0.0077361858100848165
========== 
Finished basis vector 29/63 

Starting simulation of basis vector 30/63
Performing CTM pre-steps without tracking
  | CTM step 1 conv: 1.000e+00 time: 0.31
  | CTM step 2 conv: 5.122e-01 time: 0.34
  | CTM step 3 conv: 9.443e-05 time: 0.34
  | CTM step 4 conv: 1.191e-05 time: 0.34
  | CTM step 5 conv: 1.047e-06 time: 0.34
Performing CTM
  | CTM step 1 conv: 1.000e+00 time: 0.43
  | CTM step 2 conv: 5.422e-10 time: 0.52
  | CTM step 3 conv: 4.291e-11 time: 0.51
Energies: 0.001159150406313658 2.7714906069820327e-14
Norm: 0.0006171308210082292
========== 
Finished basis vector 30/63 

Starting simulation of basis vector 31/63
Performing CTM pre-steps without tracking
  | CTM step 1 conv: 1.000e+00 time: 0.31
  | CTM step 2 conv: 5.122e-01 time: 0.34
  | CTM step 3 conv: 9.443e-05 time: 0.34
  | CTM step 4 conv: 1.191e-05 time: 0.34
  | CTM step 5 conv: 1.047e-06 time: 0.34
Performing CTM
  | CTM step 1 conv: 1.000e+00 time: 0.44
  | CTM step 2 conv: 5.422e-10 time: 0.55
  | CTM step 3 conv: 4.291e-11 time: 0.52
Energies: 0.0003117271132217317 2.7714906069820327e-14
Norm: 0.00015637169624293612
========== 
Finished basis vector 31/63 

Starting simulation of basis vector 32/63
Performing CTM pre-steps without tracking
  | CTM step 1 conv: 1.000e+00 time: 0.31
  | CTM step 2 conv: 5.122e-01 time: 0.34
  | CTM step 3 conv: 9.443e-05 time: 0.34
  | CTM step 4 conv: 1.191e-05 time: 0.34
  | CTM step 5 conv: 1.047e-06 time: 0.34
Performing CTM
  | CTM step 1 conv: 1.000e+00 time: 0.43
  | CTM step 2 conv: 5.422e-10 time: 0.51
  | CTM step 3 conv: 4.291e-11 time: 0.51
Energies: 0.11816674899773814 2.7714906069820327e-14
Norm: 0.9526801018859536
========== 
Finished basis vector 32/63 

Starting simulation of basis vector 33/63
Performing CTM pre-steps without tracking
  | CTM step 1 conv: 1.000e+00 time: 0.31
  | CTM step 2 conv: 5.122e-01 time: 0.34
  | CTM step 3 conv: 9.443e-05 time: 0.34
  | CTM step 4 conv: 1.191e-05 time: 0.34
  | CTM step 5 conv: 1.047e-06 time: 0.34
Performing CTM
  | CTM step 1 conv: 1.000e+00 time: 0.44
  | CTM step 2 conv: 5.422e-10 time: 0.51
  | CTM step 3 conv: 4.291e-11 time: 0.51
Energies: 0.04878235075961448 2.7714906069820327e-14
Norm: 0.24187996145701773
========== 
Finished basis vector 33/63 

Starting simulation of basis vector 34/63
Performing CTM pre-steps without tracking
  | CTM step 1 conv: 1.000e+00 time: 0.31
  | CTM step 2 conv: 5.122e-01 time: 0.34
  | CTM step 3 conv: 9.443e-05 time: 0.34
  | CTM step 4 conv: 1.191e-05 time: 0.34
  | CTM step 5 conv: 1.047e-06 time: 0.34
Performing CTM
  | CTM step 1 conv: 1.000e+00 time: 0.46
  | CTM step 2 conv: 5.422e-10 time: 0.51
  | CTM step 3 conv: 4.291e-11 time: 0.51
Energies: 0.019357480530112894 2.7714906069820327e-14
Norm: 0.020405797395012054
========== 
Finished basis vector 34/63 

Starting simulation of basis vector 35/63
Performing CTM pre-steps without tracking
  | CTM step 1 conv: 1.000e+00 time: 0.31
  | CTM step 2 conv: 5.122e-01 time: 0.34
  | CTM step 3 conv: 9.443e-05 time: 0.34
  | CTM step 4 conv: 1.191e-05 time: 0.34
  | CTM step 5 conv: 1.047e-06 time: 0.34
Performing CTM
  | CTM step 1 conv: 1.000e+00 time: 0.44
  | CTM step 2 conv: 5.422e-10 time: 0.52
  | CTM step 3 conv: 4.291e-11 time: 0.51
Energies: 0.005392172956840873 2.7714906069820327e-14
Norm: 0.005107650897737002
========== 
Finished basis vector 35/63 

Starting simulation of basis vector 36/63
Performing CTM pre-steps without tracking
  | CTM step 1 conv: 1.000e+00 time: 0.31
  | CTM step 2 conv: 5.122e-01 time: 0.34
  | CTM step 3 conv: 9.443e-05 time: 0.34
  | CTM step 4 conv: 1.191e-05 time: 0.34
  | CTM step 5 conv: 1.047e-06 time: 0.34
Performing CTM
  | CTM step 1 conv: 1.000e+00 time: 0.44
  | CTM step 2 conv: 5.422e-10 time: 0.51
  | CTM step 3 conv: 4.291e-11 time: 0.51
Energies: 0.07597303835069438 2.7714906069820327e-14
Norm: 0.30721823956733224
========== 
Finished basis vector 36/63 

Starting simulation of basis vector 37/63
Performing CTM pre-steps without tracking
  | CTM step 1 conv: 1.000e+00 time: 0.31
  | CTM step 2 conv: 5.122e-01 time: 0.34
  | CTM step 3 conv: 9.443e-05 time: 0.34
  | CTM step 4 conv: 1.191e-05 time: 0.34
  | CTM step 5 conv: 1.047e-06 time: 0.34
Performing CTM
  | CTM step 1 conv: 1.000e+00 time: 0.43
  | CTM step 2 conv: 5.422e-10 time: 0.51
  | CTM step 3 conv: 4.291e-11 time: 0.51
Energies: 0.028779302460756814 2.7714906069820327e-14
Norm: 0.08099559069239756
========== 
Finished basis vector 37/63 

Starting simulation of basis vector 38/63
Performing CTM pre-steps without tracking
  | CTM step 1 conv: 1.000e+00 time: 0.31
  | CTM step 2 conv: 5.122e-01 time: 0.34
  | CTM step 3 conv: 9.443e-05 time: 0.34
  | CTM step 4 conv: 1.191e-05 time: 0.34
  | CTM step 5 conv: 1.047e-06 time: 0.34
Performing CTM
  | CTM step 1 conv: 1.000e+00 time: 0.43
  | CTM step 2 conv: 5.422e-10 time: 0.51
  | CTM step 3 conv: 4.291e-11 time: 0.54
Energies: 0.007155322713585364 2.7714906069820327e-14
Norm: 0.0066009963112375215
========== 
Finished basis vector 38/63 

Starting simulation of basis vector 39/63
Performing CTM pre-steps without tracking
  | CTM step 1 conv: 1.000e+00 time: 0.31
  | CTM step 2 conv: 5.122e-01 time: 0.34
  | CTM step 3 conv: 9.443e-05 time: 0.34
  | CTM step 4 conv: 1.191e-05 time: 0.34
  | CTM step 5 conv: 1.047e-06 time: 0.34
Performing CTM
  | CTM step 1 conv: 1.000e+00 time: 0.43
  | CTM step 2 conv: 5.422e-10 time: 0.51
  | CTM step 3 conv: 4.291e-11 time: 0.51
Energies: 0.0019824328582568086 2.7714906069820327e-14
Norm: 0.0016613486180378917
========== 
Finished basis vector 39/63 

Starting simulation of basis vector 40/63
Performing CTM pre-steps without tracking
  | CTM step 1 conv: 1.000e+00 time: 0.31
  | CTM step 2 conv: 5.122e-01 time: 0.34
  | CTM step 3 conv: 9.443e-05 time: 0.34
  | CTM step 4 conv: 1.191e-05 time: 0.34
  | CTM step 5 conv: 1.047e-06 time: 0.34
Performing CTM
  | CTM step 1 conv: 1.000e+00 time: 0.43
  | CTM step 2 conv: 5.422e-10 time: 0.51
  | CTM step 3 conv: 4.291e-11 time: 0.51
Energies: 0.07697100705680451 2.7714906069820327e-14
Norm: 0.08398793228923766
========== 
Finished basis vector 40/63 

Starting simulation of basis vector 41/63
Performing CTM pre-steps without tracking
  | CTM step 1 conv: 1.000e+00 time: 0.31
  | CTM step 2 conv: 5.122e-01 time: 0.34
  | CTM step 3 conv: 9.443e-05 time: 0.34
  | CTM step 4 conv: 1.191e-05 time: 0.34
  | CTM step 5 conv: 1.047e-06 time: 0.34
Performing CTM
  | CTM step 1 conv: 1.000e+00 time: 0.43
  | CTM step 2 conv: 5.422e-10 time: 0.54
  | CTM step 3 conv: 4.291e-11 time: 0.51
Energies: 0.021915407912885092 2.7714906069820327e-14
Norm: 0.02148909387230945
========== 
Finished basis vector 41/63 

Starting simulation of basis vector 42/63
Performing CTM pre-steps without tracking
  | CTM step 1 conv: 1.000e+00 time: 0.31
  | CTM step 2 conv: 5.122e-01 time: 0.34
  | CTM step 3 conv: 9.443e-05 time: 0.34
  | CTM step 4 conv: 1.191e-05 time: 0.34
  | CTM step 5 conv: 1.047e-06 time: 0.34
Performing CTM
  | CTM step 1 conv: 1.000e+00 time: 0.44
  | CTM step 2 conv: 5.422e-10 time: 0.52
  | CTM step 3 conv: 4.291e-11 time: 0.52
Energies: 0.0032072155497762044 2.7714906069820327e-14
Norm: 0.0017826088360063822
========== 
Finished basis vector 42/63 

Starting simulation of basis vector 43/63
Performing CTM pre-steps without tracking
  | CTM step 1 conv: 1.000e+00 time: 0.31
  | CTM step 2 conv: 5.122e-01 time: 0.34
  | CTM step 3 conv: 9.443e-05 time: 0.34
  | CTM step 4 conv: 1.191e-05 time: 0.34
  | CTM step 5 conv: 1.047e-06 time: 0.34
Performing CTM
  | CTM step 1 conv: 1.000e+00 time: 0.43
  | CTM step 2 conv: 5.422e-10 time: 0.51
  | CTM step 3 conv: 4.291e-11 time: 0.51
Energies: 0.0008653162938722931 2.7714906069820327e-14
Norm: 0.00045383675042787993
========== 
Finished basis vector 43/63 

Starting simulation of basis vector 44/63
Performing CTM pre-steps without tracking
  | CTM step 1 conv: 1.000e+00 time: 0.31
  | CTM step 2 conv: 5.122e-01 time: 0.34
  | CTM step 3 conv: 9.443e-05 time: 0.34
  | CTM step 4 conv: 1.191e-05 time: 0.34
  | CTM step 5 conv: 1.047e-06 time: 0.34
Performing CTM
  | CTM step 1 conv: 1.000e+00 time: 0.43
  | CTM step 2 conv: 5.422e-10 time: 0.54
  | CTM step 3 conv: 4.291e-11 time: 0.52
Energies: 0.029347864495347903 2.7714906069820327e-14
Norm: 0.028009835043294528
========== 
Finished basis vector 44/63 

Starting simulation of basis vector 45/63
Performing CTM pre-steps without tracking
  | CTM step 1 conv: 1.000e+00 time: 0.31
  | CTM step 2 conv: 5.122e-01 time: 0.34
  | CTM step 3 conv: 9.443e-05 time: 0.34
  | CTM step 4 conv: 1.191e-05 time: 0.34
  | CTM step 5 conv: 1.047e-06 time: 0.34
Performing CTM
  | CTM step 1 conv: 1.000e+00 time: 0.43
  | CTM step 2 conv: 5.422e-10 time: 0.51
  | CTM step 3 conv: 4.291e-11 time: 0.51
Energies: 0.0082418623830905 2.7714906069820327e-14
Norm: 0.00717347377436368
========== 
Finished basis vector 45/63 

Starting simulation of basis vector 46/63
Performing CTM pre-steps without tracking
  | CTM step 1 conv: 1.000e+00 time: 0.31
  | CTM step 2 conv: 5.122e-01 time: 0.34
  | CTM step 3 conv: 9.443e-05 time: 0.34
  | CTM step 4 conv: 1.191e-05 time: 0.34
  | CTM step 5 conv: 1.047e-06 time: 0.34
Performing CTM
  | CTM step 1 conv: 1.000e+00 time: 0.43
  | CTM step 2 conv: 5.422e-10 time: 0.51
  | CTM step 3 conv: 4.291e-11 time: 0.51
Energies: 0.0011129460375964985 2.7714906069820327e-14
Norm: 0.0005762120464554636
========== 
Finished basis vector 46/63 

Starting simulation of basis vector 47/63
Performing CTM pre-steps without tracking
  | CTM step 1 conv: 1.000e+00 time: 0.31
  | CTM step 2 conv: 5.122e-01 time: 0.34
  | CTM step 3 conv: 9.443e-05 time: 0.34
  | CTM step 4 conv: 1.191e-05 time: 0.34
  | CTM step 5 conv: 1.047e-06 time: 0.34
Performing CTM
  | CTM step 1 conv: 1.000e+00 time: 0.43
  | CTM step 2 conv: 5.422e-10 time: 0.52
  | CTM step 3 conv: 4.291e-11 time: 0.51
Energies: 0.00029997416101862904 2.7714906069820327e-14
Norm: 0.0001471242221900259
========== 
Finished basis vector 47/63 

Starting simulation of basis vector 48/63
Performing CTM pre-steps without tracking
  | CTM step 1 conv: 1.000e+00 time: 0.31
  | CTM step 2 conv: 5.122e-01 time: 0.34
  | CTM step 3 conv: 9.443e-05 time: 0.34
  | CTM step 4 conv: 1.191e-05 time: 0.34
  | CTM step 5 conv: 1.047e-06 time: 0.34
Performing CTM
  | CTM step 1 conv: 1.000e+00 time: 0.43
  | CTM step 2 conv: 5.422e-10 time: 0.51
  | CTM step 3 conv: 4.291e-11 time: 0.54
Energies: 1.0331093892336902 2.7714906069820327e-14
Norm: 0.9972628658484219
========== 
Finished basis vector 48/63 

Starting simulation of basis vector 49/63
Performing CTM pre-steps without tracking
  | CTM step 1 conv: 1.000e+00 time: 0.31
  | CTM step 2 conv: 5.122e-01 time: 0.34
  | CTM step 3 conv: 9.443e-05 time: 0.34
  | CTM step 4 conv: 1.191e-05 time: 0.34
  | CTM step 5 conv: 1.047e-06 time: 0.34
Performing CTM
  | CTM step 1 conv: 1.000e+00 time: 0.43
  | CTM step 2 conv: 5.422e-10 time: 0.51
  | CTM step 3 conv: 4.291e-11 time: 0.51
Energies: 0.29137947683012183 2.7714906069820327e-14
Norm: 0.2552258116192381
========== 
Finished basis vector 49/63 

Starting simulation of basis vector 50/63
Performing CTM pre-steps without tracking
  | CTM step 1 conv: 1.000e+00 time: 0.31
  | CTM step 2 conv: 5.122e-01 time: 0.34
  | CTM step 3 conv: 9.443e-05 time: 0.34
  | CTM step 4 conv: 1.191e-05 time: 0.34
  | CTM step 5 conv: 1.047e-06 time: 0.34
Performing CTM
  | CTM step 1 conv: 1.000e+00 time: 0.43
  | CTM step 2 conv: 5.422e-10 time: 0.51
  | CTM step 3 conv: 4.291e-11 time: 0.51
Energies: 0.040062683962989544 2.7714906069820327e-14
Norm: 0.020585014766275195
========== 
Finished basis vector 50/63 

Starting simulation of basis vector 51/63
Performing CTM pre-steps without tracking
  | CTM step 1 conv: 1.000e+00 time: 0.31
  | CTM step 2 conv: 5.122e-01 time: 0.34
  | CTM step 3 conv: 9.443e-05 time: 0.34
  | CTM step 4 conv: 1.191e-05 time: 0.34
  | CTM step 5 conv: 1.047e-06 time: 0.34
Performing CTM
  | CTM step 1 conv: 1.000e+00 time: 0.43
  | CTM step 2 conv: 5.422e-10 time: 0.55
  | CTM step 3 conv: 4.291e-11 time: 0.51
Energies: 0.010801576561849154 2.7714906069820327e-14
Norm: 0.005265815834142736
========== 
Finished basis vector 51/63 

Starting simulation of basis vector 52/63
Performing CTM pre-steps without tracking
  | CTM step 1 conv: 1.000e+00 time: 0.31
  | CTM step 2 conv: 5.122e-01 time: 0.34
  | CTM step 3 conv: 9.443e-05 time: 0.34
  | CTM step 4 conv: 1.191e-05 time: 0.34
  | CTM step 5 conv: 1.047e-06 time: 0.34
Performing CTM
  | CTM step 1 conv: 1.000e+00 time: 0.44
  | CTM step 2 conv: 5.422e-10 time: 0.52
  | CTM step 3 conv: 4.291e-11 time: 0.51
Energies: 0.3774885545885896 2.7714906069820327e-14
Norm: 0.3226180923685381
========== 
Finished basis vector 52/63 

Starting simulation of basis vector 53/63
Performing CTM pre-steps without tracking
  | CTM step 1 conv: 1.000e+00 time: 0.31
  | CTM step 2 conv: 5.122e-01 time: 0.34
  | CTM step 3 conv: 9.443e-05 time: 0.34
  | CTM step 4 conv: 1.191e-05 time: 0.34
  | CTM step 5 conv: 1.047e-06 time: 0.34
Performing CTM
  | CTM step 1 conv: 1.000e+00 time: 0.44
  | CTM step 2 conv: 5.422e-10 time: 0.52
  | CTM step 3 conv: 4.291e-11 time: 0.52
Energies: 0.10525925564484731 2.7714906069820327e-14
Norm: 0.08251938123941843
========== 
Finished basis vector 53/63 

Starting simulation of basis vector 54/63
Performing CTM pre-steps without tracking
  | CTM step 1 conv: 1.000e+00 time: 0.31
  | CTM step 2 conv: 5.122e-01 time: 0.34
  | CTM step 3 conv: 9.443e-05 time: 0.34
  | CTM step 4 conv: 1.191e-05 time: 0.34
  | CTM step 5 conv: 1.047e-06 time: 0.34
Performing CTM
  | CTM step 1 conv: 1.000e+00 time: 0.46
  | CTM step 2 conv: 5.422e-10 time: 0.51
  | CTM step 3 conv: 4.291e-11 time: 0.52
Energies: 0.013842335508138605 2.7714906069820327e-14
Norm: 0.006648651734681526
========== 
Finished basis vector 54/63 

Starting simulation of basis vector 55/63
Performing CTM pre-steps without tracking
  | CTM step 1 conv: 1.000e+00 time: 0.31
  | CTM step 2 conv: 5.122e-01 time: 0.34
  | CTM step 3 conv: 9.443e-05 time: 0.34
  | CTM step 4 conv: 1.191e-05 time: 0.34
  | CTM step 5 conv: 1.047e-06 time: 0.34
Performing CTM
  | CTM step 1 conv: 1.000e+00 time: 0.43
  | CTM step 2 conv: 5.422e-10 time: 0.51
  | CTM step 3 conv: 4.291e-11 time: 0.51
Energies: 0.003720329225773313 2.7714906069820327e-14
Norm: 0.0017015481127960386
========== 
Finished basis vector 55/63 

Starting simulation of basis vector 56/63
Performing CTM pre-steps without tracking
  | CTM step 1 conv: 1.000e+00 time: 0.31
  | CTM step 2 conv: 5.122e-01 time: 0.34
  | CTM step 3 conv: 9.443e-05 time: 0.34
  | CTM step 4 conv: 1.191e-05 time: 0.34
  | CTM step 5 conv: 1.047e-06 time: 0.34
Performing CTM
  | CTM step 1 conv: 1.000e+00 time: 0.43
  | CTM step 2 conv: 5.422e-10 time: 0.51
  | CTM step 3 conv: 4.291e-11 time: 0.51
Energies: 0.16224170905913143 2.7714906069820327e-14
Norm: 0.08551405696578529
========== 
Finished basis vector 56/63 

Starting simulation of basis vector 57/63
Performing CTM pre-steps without tracking
  | CTM step 1 conv: 1.000e+00 time: 0.31
  | CTM step 2 conv: 5.122e-01 time: 0.34
  | CTM step 3 conv: 9.443e-05 time: 0.34
  | CTM step 4 conv: 1.191e-05 time: 0.34
  | CTM step 5 conv: 1.047e-06 time: 0.34
Performing CTM
  | CTM step 1 conv: 1.000e+00 time: 0.44
  | CTM step 2 conv: 5.422e-10 time: 0.51
  | CTM step 3 conv: 4.291e-11 time: 0.51
Energies: 0.043786224524638706 2.7714906069820327e-14
Norm: 0.021868122708732514
========== 
Finished basis vector 57/63 

Starting simulation of basis vector 58/63
Performing CTM pre-steps without tracking
  | CTM step 1 conv: 1.000e+00 time: 0.31
  | CTM step 2 conv: 5.122e-01 time: 0.34
  | CTM step 3 conv: 9.443e-05 time: 0.34
  | CTM step 4 conv: 1.191e-05 time: 0.34
  | CTM step 5 conv: 1.047e-06 time: 0.34
Performing CTM
  | CTM step 1 conv: 1.000e+00 time: 0.43
  | CTM step 2 conv: 5.422e-10 time: 0.51
  | CTM step 3 conv: 4.291e-11 time: 0.55
Energies: 0.004937630238559878 2.7714906069820327e-14
Norm: 0.0017576904790753934
========== 
Finished basis vector 58/63 

Starting simulation of basis vector 59/63
Performing CTM pre-steps without tracking
  | CTM step 1 conv: 1.000e+00 time: 0.31
  | CTM step 2 conv: 5.122e-01 time: 0.34
  | CTM step 3 conv: 9.443e-05 time: 0.34
  | CTM step 4 conv: 1.191e-05 time: 0.34
  | CTM step 5 conv: 1.047e-06 time: 0.34
Performing CTM
  | CTM step 1 conv: 1.000e+00 time: 0.43
  | CTM step 2 conv: 5.422e-10 time: 0.52
  | CTM step 3 conv: 4.291e-11 time: 0.51
Energies: 0.0013103477564095126 2.7714906069820327e-14
Norm: 0.0004496733053838365
========== 
Finished basis vector 59/63 

Starting simulation of basis vector 60/63
Performing CTM pre-steps without tracking
  | CTM step 1 conv: 1.000e+00 time: 0.31
  | CTM step 2 conv: 5.122e-01 time: 0.34
  | CTM step 3 conv: 9.443e-05 time: 0.34
  | CTM step 4 conv: 1.191e-05 time: 0.34
  | CTM step 5 conv: 1.047e-06 time: 0.34
Performing CTM
  | CTM step 1 conv: 1.000e+00 time: 0.43
  | CTM step 2 conv: 5.422e-10 time: 0.51
  | CTM step 3 conv: 4.291e-11 time: 0.51
Energies: 0.056187567159749235 2.7714906069820327e-14
Norm: 0.027661213172267347
========== 
Finished basis vector 60/63 

Starting simulation of basis vector 61/63
Performing CTM pre-steps without tracking
  | CTM step 1 conv: 1.000e+00 time: 0.31
  | CTM step 2 conv: 5.122e-01 time: 0.34
  | CTM step 3 conv: 9.443e-05 time: 0.34
  | CTM step 4 conv: 1.191e-05 time: 0.34
  | CTM step 5 conv: 1.047e-06 time: 0.34
Performing CTM
  | CTM step 1 conv: 1.000e+00 time: 0.43
  | CTM step 2 conv: 5.422e-10 time: 0.54
  | CTM step 3 conv: 4.291e-11 time: 0.51
Energies: 0.015110708852700713 2.7714906069820327e-14
Norm: 0.007072724224738356
========== 
Finished basis vector 61/63 

Starting simulation of basis vector 62/63
Performing CTM pre-steps without tracking
  | CTM step 1 conv: 1.000e+00 time: 0.31
  | CTM step 2 conv: 5.122e-01 time: 0.34
  | CTM step 3 conv: 9.443e-05 time: 0.34
  | CTM step 4 conv: 1.191e-05 time: 0.34
  | CTM step 5 conv: 1.047e-06 time: 0.34
Performing CTM
  | CTM step 1 conv: 1.000e+00 time: 0.43
  | CTM step 2 conv: 5.422e-10 time: 0.51
  | CTM step 3 conv: 4.291e-11 time: 0.52
Energies: 0.0016729966423385686 2.7714906069820327e-14
Norm: 0.0005683475613584652
========== 
Finished basis vector 62/63 

Starting simulation of basis vector 63/63
Performing CTM pre-steps without tracking
  | CTM step 1 conv: 1.000e+00 time: 0.31
  | CTM step 2 conv: 5.122e-01 time: 0.34
  | CTM step 3 conv: 9.443e-05 time: 0.34
  | CTM step 4 conv: 1.191e-05 time: 0.34
  | CTM step 5 conv: 1.047e-06 time: 0.34
Performing CTM
  | CTM step 1 conv: 1.000e+00 time: 0.44
  | CTM step 2 conv: 5.422e-10 time: 0.51
  | CTM step 3 conv: 4.291e-11 time: 0.52
Energies: 0.00044324022270652544 2.7714906069820327e-14
Norm: 0.00014539124229040625
========== 
Finished basis vector 63/63 

[[ 5.76314986e-01-7.12644235e-06j  3.97751092e-02+1.26592927e-04j
   2.51183618e-02-1.19916859e-03j ... -5.55743374e-04+8.35361655e-04j
   1.35073464e-04-3.54603883e-04j  7.89898832e-05-6.55638770e-05j]
 [ 3.97698668e-02-1.35793849e-04j  8.01888061e-02+3.20871218e-06j
   3.59510611e-02-1.07902043e-04j ... -6.90695957e-05+5.21109776e-03j
   1.56777566e-05+3.89148095e-04j  1.05125071e-05+1.95336285e-04j]
 [ 2.51156766e-02+1.19450414e-03j  3.59510479e-02+1.11279973e-04j
   2.15975132e-02+8.87485826e-07j ... -2.84181518e-05+2.53467324e-03j
   6.80670003e-06+1.90332526e-04j  4.62337888e-06+9.54632245e-05j]
 ...
 [-5.60842165e-04-8.37409425e-04j -6.74347051e-05-5.21232864e-03j
  -2.75907923e-05-2.53544441e-03j ...  3.02207528e-02+1.82880043e-07j
   2.10347934e-03-6.81847944e-04j  1.25902231e-03-3.16008516e-04j]
 [ 1.34064169e-04+3.53194101e-04j  1.56197508e-05-3.88151213e-04j
   6.79448242e-06-1.89827499e-04j ...  2.10318082e-03+6.81600374e-04j
   3.34589583e-03+6.64934142e-08j  1.51147971e-03+9.36314150e-07j]
 [ 7.85479443e-05+6.49398895e-05j  1.04771604e-05-1.94881688e-04j
   4.61497272e-06-9.52337959e-05j ...  1.25887419e-03+3.15911214e-04j
   1.51147990e-03-8.74376274e-07j  8.86460477e-04+1.45064451e-08j]]
[[ 2.52090788e-01-7.67292498e-09j  1.91481868e-02-3.07568715e-05j
   1.06124816e-02-5.01932814e-04j ... -2.62741210e-04+1.00441586e-03j
   7.08703384e-05-5.93822198e-05j  3.79699596e-05+4.98552371e-06j]
 [ 1.91481870e-02+3.07560899e-05j  2.06731341e-02-1.85590196e-11j
   9.46870847e-03-4.15080994e-05j ... -2.14871969e-05+1.37357501e-03j
   6.90534103e-06+9.94192395e-05j  3.73311963e-06+5.02886844e-05j]
 [ 1.06124816e-02+5.01932555e-04j  9.46870838e-03+4.15080833e-05j
   5.27857239e-03-2.04681587e-11j ... -9.29874165e-06+6.67424945e-04j
   3.13934082e-06+4.86504827e-05j  1.68455314e-06+2.45814165e-05j]
 ...
 [-2.62735357e-04-1.00441600e-03j -2.14865606e-05-1.37357503e-03j
  -9.29835297e-06-6.67424940e-04j ...  7.07272422e-03+7.84178750e-11j
   5.17943842e-04-1.64120104e-04j  2.89034705e-04-7.48638587e-05j]
 [ 7.08708701e-05+5.93823178e-05j  6.90536926e-06-9.94192245e-05j
   3.13942700e-06-4.86504913e-05j ...  5.17943762e-04+1.64120113e-04j
   5.68347561e-04-9.18097906e-14j  2.60446874e-04+3.01104433e-07j]
 [ 3.79702087e-05-4.98547425e-06j  3.73313152e-06-5.02886782e-05j
   1.68457784e-06-2.45814203e-05j ...  2.89034677e-04+7.48638622e-05j
   2.60446871e-04-3.01105286e-07j  1.45391242e-04-1.70301716e-13j]]
Done
Saved to /share/home/tanyi/ad-peps/simulations/exci/015_honeycomb_D2_X30/14_0.5_0.5.npz
