No GPU/TPU found, falling back to CPU. (Set TF_CPP_MIN_LOG_LEVEL=0 and rerun for more info.)
Namespace(version=False, sim_mode='exci', config_file='honeycomb_exci.yaml', momentum_ix=9, evaluate=False, init=False)
Running excited-state sim
honeycomb_exci.yaml
/share/home/tanyi/ad-peps/examples/honeycomb_exci.yaml
/share/home/tanyi/ad-peps/examples/honeycomb_exci.yaml
D: 2
chi: 30
ctm_conv_tol: 1.0e-06
ctm_max_iter: 20
ctm_min_iter: 4
disp_level: 1
flush_output: true
model: honeycomb
model_params:
  Jx: 0.15
  Jy: 0.15
momentum_path: Bril1
out_prefix: '015'
pattern:
- - 0
  - 0
- - 0
  - 0
resume: true

Starting simulation of basis vector 1/63
Performing CTM pre-steps without tracking
  | CTM step 1 conv: 1.000e+00 time: 2.67
  | CTM step 2 conv: 5.122e-01 time: 3.49
  | CTM step 3 conv: 9.443e-05 time: 2.98
  | CTM step 4 conv: 1.191e-05 time: 0.35
  | CTM step 5 conv: 1.047e-06 time: 0.35
Performing CTM
  | CTM step 1 conv: 1.000e+00 time: 1.0
  | CTM step 2 conv: 5.422e-10 time: 0.65
  | CTM step 3 conv: 4.291e-11 time: 0.53
Energies: 0.29911658782677075 2.7714906069820327e-14
Norm: 0.24845096740277986
========== 
Finished basis vector 1/63 

Starting simulation of basis vector 2/63
Performing CTM pre-steps without tracking
  | CTM step 1 conv: 1.000e+00 time: 0.32
  | CTM step 2 conv: 5.122e-01 time: 0.35
  | CTM step 3 conv: 9.443e-05 time: 0.35
  | CTM step 4 conv: 1.191e-05 time: 0.36
  | CTM step 5 conv: 1.047e-06 time: 0.35
Performing CTM
  | CTM step 1 conv: 1.000e+00 time: 0.45
  | CTM step 2 conv: 5.422e-10 time: 0.53
  | CTM step 3 conv: 4.291e-11 time: 0.53
Energies: 0.040394356703529276 2.7714906069820327e-14
Norm: 0.020759402172649065
========== 
Finished basis vector 2/63 

Starting simulation of basis vector 3/63
Performing CTM pre-steps without tracking
  | CTM step 1 conv: 1.000e+00 time: 0.32
  | CTM step 2 conv: 5.122e-01 time: 0.35
  | CTM step 3 conv: 9.443e-05 time: 0.35
  | CTM step 4 conv: 1.191e-05 time: 0.34
  | CTM step 5 conv: 1.047e-06 time: 0.34
Performing CTM
  | CTM step 1 conv: 1.000e+00 time: 0.44
  | CTM step 2 conv: 5.422e-10 time: 0.52
  | CTM step 3 conv: 4.291e-11 time: 0.52
Energies: 0.010845315032868452 2.7714906069820327e-14
Norm: 0.005290499462043124
========== 
Finished basis vector 3/63 

Starting simulation of basis vector 4/63
Performing CTM pre-steps without tracking
  | CTM step 1 conv: 1.000e+00 time: 0.31
  | CTM step 2 conv: 5.122e-01 time: 0.34
  | CTM step 3 conv: 9.443e-05 time: 0.34
  | CTM step 4 conv: 1.191e-05 time: 0.34
  | CTM step 5 conv: 1.047e-06 time: 0.34
Performing CTM
  | CTM step 1 conv: 1.000e+00 time: 0.44
  | CTM step 2 conv: 5.422e-10 time: 0.56
  | CTM step 3 conv: 4.291e-11 time: 0.52
Energies: 0.3982394020347143 2.7714906069820327e-14
Norm: 0.3245017517937417
========== 
Finished basis vector 4/63 

Starting simulation of basis vector 5/63
Performing CTM pre-steps without tracking
  | CTM step 1 conv: 1.000e+00 time: 0.31
  | CTM step 2 conv: 5.122e-01 time: 0.34
  | CTM step 3 conv: 9.443e-05 time: 0.35
  | CTM step 4 conv: 1.191e-05 time: 0.34
  | CTM step 5 conv: 1.047e-06 time: 0.34
Performing CTM
  | CTM step 1 conv: 1.000e+00 time: 0.44
  | CTM step 2 conv: 5.422e-10 time: 0.52
  | CTM step 3 conv: 4.291e-11 time: 0.52
Energies: 0.12355680564606145 2.7714906069820327e-14
Norm: 0.08908119883825047
========== 
Finished basis vector 5/63 

Starting simulation of basis vector 6/63
Performing CTM pre-steps without tracking
  | CTM step 1 conv: 1.000e+00 time: 0.31
  | CTM step 2 conv: 5.122e-01 time: 0.35
  | CTM step 3 conv: 9.443e-05 time: 0.35
  | CTM step 4 conv: 1.191e-05 time: 0.35
  | CTM step 5 conv: 1.047e-06 time: 0.35
Performing CTM
  | CTM step 1 conv: 1.000e+00 time: 0.44
  | CTM step 2 conv: 5.422e-10 time: 0.52
  | CTM step 3 conv: 4.291e-11 time: 0.52
Energies: 0.013876370159610796 2.7714906069820327e-14
Norm: 0.006663775696626221
========== 
Finished basis vector 6/63 

Starting simulation of basis vector 7/63
Performing CTM pre-steps without tracking
  | CTM step 1 conv: 1.000e+00 time: 0.31
  | CTM step 2 conv: 5.122e-01 time: 0.34
  | CTM step 3 conv: 9.443e-05 time: 0.34
  | CTM step 4 conv: 1.191e-05 time: 0.34
  | CTM step 5 conv: 1.047e-06 time: 0.34
Performing CTM
  | CTM step 1 conv: 1.000e+00 time: 0.44
  | CTM step 2 conv: 5.422e-10 time: 0.53
  | CTM step 3 conv: 4.291e-11 time: 0.52
Energies: 0.0037459942042610897 2.7714906069820327e-14
Norm: 0.0017129795623342242
========== 
Finished basis vector 7/63 

Starting simulation of basis vector 8/63
Performing CTM pre-steps without tracking
  | CTM step 1 conv: 1.000e+00 time: 0.31
  | CTM step 2 conv: 5.122e-01 time: 0.34
  | CTM step 3 conv: 9.443e-05 time: 0.34
  | CTM step 4 conv: 1.191e-05 time: 0.34
  | CTM step 5 conv: 1.047e-06 time: 0.34
Performing CTM
  | CTM step 1 conv: 1.000e+00 time: 0.44
  | CTM step 2 conv: 5.422e-10 time: 0.52
  | CTM step 3 conv: 4.291e-11 time: 0.56
Energies: 0.16255239394751142 2.7714906069820327e-14
Norm: 0.08425810347619724
========== 
Finished basis vector 8/63 

Starting simulation of basis vector 9/63
Performing CTM pre-steps without tracking
  | CTM step 1 conv: 1.000e+00 time: 0.31
  | CTM step 2 conv: 5.122e-01 time: 0.34
  | CTM step 3 conv: 9.443e-05 time: 0.34
  | CTM step 4 conv: 1.191e-05 time: 0.34
  | CTM step 5 conv: 1.047e-06 time: 0.34
Performing CTM
  | CTM step 1 conv: 1.000e+00 time: 0.44
  | CTM step 2 conv: 5.422e-10 time: 0.52
  | CTM step 3 conv: 4.291e-11 time: 0.52
Energies: 0.04388598698617931 2.7714906069820327e-14
Norm: 0.021656232307406986
========== 
Finished basis vector 9/63 

Starting simulation of basis vector 10/63
Performing CTM pre-steps without tracking
  | CTM step 1 conv: 1.000e+00 time: 0.31
  | CTM step 2 conv: 5.122e-01 time: 0.34
  | CTM step 3 conv: 9.443e-05 time: 0.34
  | CTM step 4 conv: 1.191e-05 time: 0.35
  | CTM step 5 conv: 1.047e-06 time: 0.35
Performing CTM
  | CTM step 1 conv: 1.000e+00 time: 0.44
  | CTM step 2 conv: 5.422e-10 time: 0.53
  | CTM step 3 conv: 4.291e-11 time: 0.52
Energies: 0.005154098299392635 2.7714906069820327e-14
Norm: 0.0018687275761946668
========== 
Finished basis vector 10/63 

Starting simulation of basis vector 11/63
Performing CTM pre-steps without tracking
  | CTM step 1 conv: 1.000e+00 time: 0.31
  | CTM step 2 conv: 5.122e-01 time: 0.34
  | CTM step 3 conv: 9.443e-05 time: 0.34
  | CTM step 4 conv: 1.191e-05 time: 0.35
  | CTM step 5 conv: 1.047e-06 time: 0.34
Performing CTM
  | CTM step 1 conv: 1.000e+00 time: 0.44
  | CTM step 2 conv: 5.422e-10 time: 0.52
  | CTM step 3 conv: 4.291e-11 time: 0.55
Energies: 0.0013593055330181885 2.7714906069820327e-14
Norm: 0.0004750231391225824
========== 
Finished basis vector 11/63 

Starting simulation of basis vector 12/63
Performing CTM pre-steps without tracking
  | CTM step 1 conv: 1.000e+00 time: 0.31
  | CTM step 2 conv: 5.122e-01 time: 0.34
  | CTM step 3 conv: 9.443e-05 time: 0.34
  | CTM step 4 conv: 1.191e-05 time: 0.34
  | CTM step 5 conv: 1.047e-06 time: 0.34
Performing CTM
  | CTM step 1 conv: 1.000e+00 time: 0.44
  | CTM step 2 conv: 5.422e-10 time: 0.52
  | CTM step 3 conv: 4.291e-11 time: 0.52
Energies: 0.05617633002426702 2.7714906069820327e-14
Norm: 0.027339016363122054
========== 
Finished basis vector 12/63 

Starting simulation of basis vector 13/63
Performing CTM pre-steps without tracking
  | CTM step 1 conv: 1.000e+00 time: 0.32
  | CTM step 2 conv: 5.122e-01 time: 0.34
  | CTM step 3 conv: 9.443e-05 time: 0.35
  | CTM step 4 conv: 1.191e-05 time: 0.34
  | CTM step 5 conv: 1.047e-06 time: 0.34
Performing CTM
  | CTM step 1 conv: 1.000e+00 time: 0.44
  | CTM step 2 conv: 5.422e-10 time: 0.52
  | CTM step 3 conv: 4.291e-11 time: 0.52
Energies: 0.01530398727567843 2.7714906069820327e-14
Norm: 0.007107928884301788
========== 
Finished basis vector 13/63 

Starting simulation of basis vector 14/63
Performing CTM pre-steps without tracking
  | CTM step 1 conv: 1.000e+00 time: 0.31
  | CTM step 2 conv: 5.122e-01 time: 0.34
  | CTM step 3 conv: 9.443e-05 time: 0.34
  | CTM step 4 conv: 1.191e-05 time: 0.34
  | CTM step 5 conv: 1.047e-06 time: 0.34
Performing CTM
  | CTM step 1 conv: 1.000e+00 time: 0.47
  | CTM step 2 conv: 5.422e-10 time: 0.52
  | CTM step 3 conv: 4.291e-11 time: 0.52
Energies: 0.0017322756619734844 2.7714906069820327e-14
Norm: 0.0005989530424740289
========== 
Finished basis vector 14/63 

Starting simulation of basis vector 15/63
Performing CTM pre-steps without tracking
  | CTM step 1 conv: 1.000e+00 time: 0.31
  | CTM step 2 conv: 5.122e-01 time: 0.34
  | CTM step 3 conv: 9.443e-05 time: 0.34
  | CTM step 4 conv: 1.191e-05 time: 0.34
  | CTM step 5 conv: 1.047e-06 time: 0.34
Performing CTM
  | CTM step 1 conv: 1.000e+00 time: 0.44
  | CTM step 2 conv: 5.422e-10 time: 0.52
  | CTM step 3 conv: 4.291e-11 time: 0.52
Energies: 0.00045691945167442564 2.7714906069820327e-14
Norm: 0.00015252434714539575
========== 
Finished basis vector 15/63 

Starting simulation of basis vector 16/63
Performing CTM pre-steps without tracking
  | CTM step 1 conv: 1.000e+00 time: 0.31
  | CTM step 2 conv: 5.122e-01 time: 0.34
  | CTM step 3 conv: 9.443e-05 time: 0.34
  | CTM step 4 conv: 1.191e-05 time: 0.34
  | CTM step 5 conv: 1.047e-06 time: 0.34
Performing CTM
  | CTM step 1 conv: 1.000e+00 time: 0.44
  | CTM step 2 conv: 5.422e-10 time: 0.52
  | CTM step 3 conv: 4.291e-11 time: 0.52
Energies: 0.6627190521835624 2.7714906069820327e-14
Norm: 0.7254570485487063
========== 
Finished basis vector 16/63 

Starting simulation of basis vector 17/63
Performing CTM pre-steps without tracking
  | CTM step 1 conv: 1.000e+00 time: 0.31
  | CTM step 2 conv: 5.122e-01 time: 0.34
  | CTM step 3 conv: 9.443e-05 time: 0.34
  | CTM step 4 conv: 1.191e-05 time: 0.34
  | CTM step 5 conv: 1.047e-06 time: 0.34
Performing CTM
  | CTM step 1 conv: 1.000e+00 time: 0.44
  | CTM step 2 conv: 5.422e-10 time: 0.52
  | CTM step 3 conv: 4.291e-11 time: 0.52
Energies: 0.0691237253937054 2.7714906069820327e-14
Norm: 0.08799365632678699
========== 
Finished basis vector 17/63 

Starting simulation of basis vector 18/63
Performing CTM pre-steps without tracking
  | CTM step 1 conv: 1.000e+00 time: 0.31
  | CTM step 2 conv: 5.122e-01 time: 0.34
  | CTM step 3 conv: 9.443e-05 time: 0.34
  | CTM step 4 conv: 1.191e-05 time: 0.34
  | CTM step 5 conv: 1.047e-06 time: 0.34
Performing CTM
  | CTM step 1 conv: 1.000e+00 time: 0.44
  | CTM step 2 conv: 5.422e-10 time: 0.52
  | CTM step 3 conv: 4.291e-11 time: 0.56
Energies: 0.013093138003278715 2.7714906069820327e-14
Norm: 0.01245044309557788
========== 
Finished basis vector 18/63 

Starting simulation of basis vector 19/63
Performing CTM pre-steps without tracking
  | CTM step 1 conv: 1.000e+00 time: 0.31
  | CTM step 2 conv: 5.122e-01 time: 0.34
  | CTM step 3 conv: 9.443e-05 time: 0.34
  | CTM step 4 conv: 1.191e-05 time: 0.34
  | CTM step 5 conv: 1.047e-06 time: 0.34
Performing CTM
  | CTM step 1 conv: 1.000e+00 time: 0.44
  | CTM step 2 conv: 5.422e-10 time: 0.52
  | CTM step 3 conv: 4.291e-11 time: 0.52
Energies: 0.004530596325962006 2.7714906069820327e-14
Norm: 0.0038721570710323694
========== 
Finished basis vector 19/63 

Starting simulation of basis vector 20/63
Performing CTM pre-steps without tracking
  | CTM step 1 conv: 1.000e+00 time: 0.31
  | CTM step 2 conv: 5.122e-01 time: 0.34
  | CTM step 3 conv: 9.443e-05 time: 0.34
  | CTM step 4 conv: 1.191e-05 time: 0.34
  | CTM step 5 conv: 1.047e-06 time: 0.34
Performing CTM
  | CTM step 1 conv: 1.000e+00 time: 0.44
  | CTM step 2 conv: 5.422e-10 time: 0.52
  | CTM step 3 conv: 4.291e-11 time: 0.52
Energies: 0.3173220946124571 2.7714906069820327e-14
Norm: 0.32194024141347055
========== 
Finished basis vector 20/63 

Starting simulation of basis vector 21/63
Performing CTM pre-steps without tracking
  | CTM step 1 conv: 1.000e+00 time: 0.31
  | CTM step 2 conv: 5.122e-01 time: 0.34
  | CTM step 3 conv: 9.443e-05 time: 0.34
  | CTM step 4 conv: 1.191e-05 time: 0.34
  | CTM step 5 conv: 1.047e-06 time: 0.34
Performing CTM
  | CTM step 1 conv: 1.000e+00 time: 0.44
  | CTM step 2 conv: 5.422e-10 time: 0.55
  | CTM step 3 conv: 4.291e-11 time: 0.52
Energies: 0.038189979593557175 2.7714906069820327e-14
Norm: 0.040769918808959124
========== 
Finished basis vector 21/63 

Starting simulation of basis vector 22/63
Performing CTM pre-steps without tracking
  | CTM step 1 conv: 1.000e+00 time: 0.31
  | CTM step 2 conv: 5.122e-01 time: 0.34
  | CTM step 3 conv: 9.443e-05 time: 0.34
  | CTM step 4 conv: 1.191e-05 time: 0.34
  | CTM step 5 conv: 1.047e-06 time: 0.34
Performing CTM
  | CTM step 1 conv: 1.000e+00 time: 0.44
  | CTM step 2 conv: 5.422e-10 time: 0.52
  | CTM step 3 conv: 4.291e-11 time: 0.52
Energies: 0.0055615345219801205 2.7714906069820327e-14
Norm: 0.004512020383883346
========== 
Finished basis vector 22/63 

Starting simulation of basis vector 23/63
Performing CTM pre-steps without tracking
  | CTM step 1 conv: 1.000e+00 time: 0.31
  | CTM step 2 conv: 5.122e-01 time: 0.34
  | CTM step 3 conv: 9.443e-05 time: 0.34
  | CTM step 4 conv: 1.191e-05 time: 0.34
  | CTM step 5 conv: 1.047e-06 time: 0.34
Performing CTM
  | CTM step 1 conv: 1.000e+00 time: 0.44
  | CTM step 2 conv: 5.422e-10 time: 0.52
  | CTM step 3 conv: 4.291e-11 time: 0.52
Energies: 0.0017473140755771025 2.7714906069820327e-14
Norm: 0.0013223613378194731
========== 
Finished basis vector 23/63 

Starting simulation of basis vector 24/63
Performing CTM pre-steps without tracking
  | CTM step 1 conv: 1.000e+00 time: 0.31
  | CTM step 2 conv: 5.122e-01 time: 0.34
  | CTM step 3 conv: 9.443e-05 time: 0.34
  | CTM step 4 conv: 1.191e-05 time: 0.35
  | CTM step 5 conv: 1.047e-06 time: 0.34
Performing CTM
  | CTM step 1 conv: 1.000e+00 time: 0.44
  | CTM step 2 conv: 5.422e-10 time: 0.55
  | CTM step 3 conv: 4.291e-11 time: 0.52
Energies: 0.09999240278764407 2.7714906069820327e-14
Norm: 0.09422372686706472
========== 
Finished basis vector 24/63 

Starting simulation of basis vector 25/63
Performing CTM pre-steps without tracking
  | CTM step 1 conv: 1.000e+00 time: 0.31
  | CTM step 2 conv: 5.122e-01 time: 0.34
  | CTM step 3 conv: 9.443e-05 time: 0.34
  | CTM step 4 conv: 1.191e-05 time: 0.34
  | CTM step 5 conv: 1.047e-06 time: 0.34
Performing CTM
  | CTM step 1 conv: 1.000e+00 time: 0.44
  | CTM step 2 conv: 5.422e-10 time: 0.52
  | CTM step 3 conv: 4.291e-11 time: 0.52
Energies: 0.0261230240941799 2.7714906069820327e-14
Norm: 0.022792327361117002
========== 
Finished basis vector 25/63 

Starting simulation of basis vector 26/63
Performing CTM pre-steps without tracking
  | CTM step 1 conv: 1.000e+00 time: 0.31
  | CTM step 2 conv: 5.122e-01 time: 0.34
  | CTM step 3 conv: 9.443e-05 time: 0.34
  | CTM step 4 conv: 1.191e-05 time: 0.34
  | CTM step 5 conv: 1.047e-06 time: 0.34
Performing CTM
  | CTM step 1 conv: 1.000e+00 time: 0.44
  | CTM step 2 conv: 5.422e-10 time: 0.52
  | CTM step 3 conv: 4.291e-11 time: 0.52
Energies: 0.002965791248933836 2.7714906069820327e-14
Norm: 0.001531439671596802
========== 
Finished basis vector 26/63 

Starting simulation of basis vector 27/63
Performing CTM pre-steps without tracking
  | CTM step 1 conv: 1.000e+00 time: 0.31
  | CTM step 2 conv: 5.122e-01 time: 0.34
  | CTM step 3 conv: 9.443e-05 time: 0.34
  | CTM step 4 conv: 1.191e-05 time: 0.34
  | CTM step 5 conv: 1.047e-06 time: 0.35
Performing CTM
  | CTM step 1 conv: 1.000e+00 time: 0.44
  | CTM step 2 conv: 5.422e-10 time: 0.52
  | CTM step 3 conv: 4.291e-11 time: 0.52
Energies: 0.0008190192782725358 2.7714906069820327e-14
Norm: 0.00040402284637566446
========== 
Finished basis vector 27/63 

Starting simulation of basis vector 28/63
Performing CTM pre-steps without tracking
  | CTM step 1 conv: 1.000e+00 time: 0.31
  | CTM step 2 conv: 5.122e-01 time: 0.34
  | CTM step 3 conv: 9.443e-05 time: 0.34
  | CTM step 4 conv: 1.191e-05 time: 0.34
  | CTM step 5 conv: 1.047e-06 time: 0.34
Performing CTM
  | CTM step 1 conv: 1.000e+00 time: 0.44
  | CTM step 2 conv: 5.422e-10 time: 0.52
  | CTM step 3 conv: 4.291e-11 time: 0.55
Energies: 0.03142787234777526 2.7714906069820327e-14
Norm: 0.026336026702331584
========== 
Finished basis vector 28/63 

Starting simulation of basis vector 29/63
Performing CTM pre-steps without tracking
  | CTM step 1 conv: 1.000e+00 time: 0.31
  | CTM step 2 conv: 5.122e-01 time: 0.34
  | CTM step 3 conv: 9.443e-05 time: 0.34
  | CTM step 4 conv: 1.191e-05 time: 0.34
  | CTM step 5 conv: 1.047e-06 time: 0.34
Performing CTM
  | CTM step 1 conv: 1.000e+00 time: 0.44
  | CTM step 2 conv: 5.422e-10 time: 0.52
  | CTM step 3 conv: 4.291e-11 time: 0.52
Energies: 0.008234177060784935 2.7714906069820327e-14
Norm: 0.006341119116799189
========== 
Finished basis vector 29/63 

Starting simulation of basis vector 30/63
Performing CTM pre-steps without tracking
  | CTM step 1 conv: 1.000e+00 time: 0.31
  | CTM step 2 conv: 5.122e-01 time: 0.34
  | CTM step 3 conv: 9.443e-05 time: 0.34
  | CTM step 4 conv: 1.191e-05 time: 0.34
  | CTM step 5 conv: 1.047e-06 time: 0.34
Performing CTM
  | CTM step 1 conv: 1.000e+00 time: 0.44
  | CTM step 2 conv: 5.422e-10 time: 0.52
  | CTM step 3 conv: 4.291e-11 time: 0.52
Energies: 0.0010429246993190699 2.7714906069820327e-14
Norm: 0.0005013476327544848
========== 
Finished basis vector 30/63 

Starting simulation of basis vector 31/63
Performing CTM pre-steps without tracking
  | CTM step 1 conv: 1.000e+00 time: 0.31
  | CTM step 2 conv: 5.122e-01 time: 0.34
  | CTM step 3 conv: 9.443e-05 time: 0.34
  | CTM step 4 conv: 1.191e-05 time: 0.34
  | CTM step 5 conv: 1.047e-06 time: 0.34
Performing CTM
  | CTM step 1 conv: 1.000e+00 time: 0.44
  | CTM step 2 conv: 5.422e-10 time: 0.55
  | CTM step 3 conv: 4.291e-11 time: 0.52
Energies: 0.0002819143741665251 2.7714906069820327e-14
Norm: 0.00012976197931098449
========== 
Finished basis vector 31/63 

Starting simulation of basis vector 32/63
Performing CTM pre-steps without tracking
  | CTM step 1 conv: 1.000e+00 time: 0.31
  | CTM step 2 conv: 5.122e-01 time: 0.34
  | CTM step 3 conv: 9.443e-05 time: 0.34
  | CTM step 4 conv: 1.191e-05 time: 0.34
  | CTM step 5 conv: 1.047e-06 time: 0.34
Performing CTM
  | CTM step 1 conv: 1.000e+00 time: 0.44
  | CTM step 2 conv: 5.422e-10 time: 0.52
  | CTM step 3 conv: 4.291e-11 time: 0.52
Energies: 0.13280769831964145 2.7714906069820327e-14
Norm: 0.9542404403756812
========== 
Finished basis vector 32/63 

Starting simulation of basis vector 33/63
Performing CTM pre-steps without tracking
  | CTM step 1 conv: 1.000e+00 time: 0.31
  | CTM step 2 conv: 5.122e-01 time: 0.34
  | CTM step 3 conv: 9.443e-05 time: 0.34
  | CTM step 4 conv: 1.191e-05 time: 0.34
  | CTM step 5 conv: 1.047e-06 time: 0.34
Performing CTM
  | CTM step 1 conv: 1.000e+00 time: 0.44
  | CTM step 2 conv: 5.422e-10 time: 0.52
  | CTM step 3 conv: 4.291e-11 time: 0.52
Energies: 0.035653145101270406 2.7714906069820327e-14
Norm: 0.2268823430506994
========== 
Finished basis vector 33/63 

Starting simulation of basis vector 34/63
Performing CTM pre-steps without tracking
  | CTM step 1 conv: 1.000e+00 time: 0.31
  | CTM step 2 conv: 5.122e-01 time: 0.34
  | CTM step 3 conv: 9.443e-05 time: 0.34
  | CTM step 4 conv: 1.191e-05 time: 0.34
  | CTM step 5 conv: 1.047e-06 time: 0.34
Performing CTM
  | CTM step 1 conv: 1.000e+00 time: 0.46
  | CTM step 2 conv: 5.422e-10 time: 0.52
  | CTM step 3 conv: 4.291e-11 time: 0.52
Energies: 0.01812745377776789 2.7714906069820327e-14
Norm: 0.018510678499628317
========== 
Finished basis vector 34/63 

Starting simulation of basis vector 35/63
Performing CTM pre-steps without tracking
  | CTM step 1 conv: 1.000e+00 time: 0.31
  | CTM step 2 conv: 5.122e-01 time: 0.34
  | CTM step 3 conv: 9.443e-05 time: 0.35
  | CTM step 4 conv: 1.191e-05 time: 0.34
  | CTM step 5 conv: 1.047e-06 time: 0.34
Performing CTM
  | CTM step 1 conv: 1.000e+00 time: 0.44
  | CTM step 2 conv: 5.422e-10 time: 0.52
  | CTM step 3 conv: 4.291e-11 time: 0.52
Energies: 0.005291135627403191 2.7714906069820327e-14
Norm: 0.004802451264405135
========== 
Finished basis vector 35/63 

Starting simulation of basis vector 36/63
Performing CTM pre-steps without tracking
  | CTM step 1 conv: 1.000e+00 time: 0.31
  | CTM step 2 conv: 5.122e-01 time: 0.34
  | CTM step 3 conv: 9.443e-05 time: 0.34
  | CTM step 4 conv: 1.191e-05 time: 0.34
  | CTM step 5 conv: 1.047e-06 time: 0.34
Performing CTM
  | CTM step 1 conv: 1.000e+00 time: 0.44
  | CTM step 2 conv: 5.422e-10 time: 0.52
  | CTM step 3 conv: 4.291e-11 time: 0.52
Energies: 0.0936456873109418 2.7714906069820327e-14
Norm: 0.3210713755562778
========== 
Finished basis vector 36/63 

Starting simulation of basis vector 37/63
Performing CTM pre-steps without tracking
  | CTM step 1 conv: 1.000e+00 time: 0.31
  | CTM step 2 conv: 5.122e-01 time: 0.34
  | CTM step 3 conv: 9.443e-05 time: 0.34
  | CTM step 4 conv: 1.191e-05 time: 0.34
  | CTM step 5 conv: 1.047e-06 time: 0.34
Performing CTM
  | CTM step 1 conv: 1.000e+00 time: 0.43
  | CTM step 2 conv: 5.422e-10 time: 0.52
  | CTM step 3 conv: 4.291e-11 time: 0.52
Energies: 0.023126217446266875 2.7714906069820327e-14
Norm: 0.07504700114258615
========== 
Finished basis vector 37/63 

Starting simulation of basis vector 38/63
Performing CTM pre-steps without tracking
  | CTM step 1 conv: 1.000e+00 time: 0.31
  | CTM step 2 conv: 5.122e-01 time: 0.34
  | CTM step 3 conv: 9.443e-05 time: 0.34
  | CTM step 4 conv: 1.191e-05 time: 0.34
  | CTM step 5 conv: 1.047e-06 time: 0.34
Performing CTM
  | CTM step 1 conv: 1.000e+00 time: 0.44
  | CTM step 2 conv: 5.422e-10 time: 0.52
  | CTM step 3 conv: 4.291e-11 time: 0.55
Energies: 0.006833096592523229 2.7714906069820327e-14
Norm: 0.006090777625350489
========== 
Finished basis vector 38/63 

Starting simulation of basis vector 39/63
Performing CTM pre-steps without tracking
  | CTM step 1 conv: 1.000e+00 time: 0.31
  | CTM step 2 conv: 5.122e-01 time: 0.34
  | CTM step 3 conv: 9.443e-05 time: 0.34
  | CTM step 4 conv: 1.191e-05 time: 0.34
  | CTM step 5 conv: 1.047e-06 time: 0.34
Performing CTM
  | CTM step 1 conv: 1.000e+00 time: 0.43
  | CTM step 2 conv: 5.422e-10 time: 0.52
  | CTM step 3 conv: 4.291e-11 time: 0.52
Energies: 0.0019506985906102055 2.7714906069820327e-14
Norm: 0.0015733108628609657
========== 
Finished basis vector 39/63 

Starting simulation of basis vector 40/63
Performing CTM pre-steps without tracking
  | CTM step 1 conv: 1.000e+00 time: 0.31
  | CTM step 2 conv: 5.122e-01 time: 0.34
  | CTM step 3 conv: 9.443e-05 time: 0.34
  | CTM step 4 conv: 1.191e-05 time: 0.34
  | CTM step 5 conv: 1.047e-06 time: 0.34
Performing CTM
  | CTM step 1 conv: 1.000e+00 time: 0.44
  | CTM step 2 conv: 5.422e-10 time: 0.52
  | CTM step 3 conv: 4.291e-11 time: 0.52
Energies: 0.07999617255535044 2.7714906069820327e-14
Norm: 0.08366959817717466
========== 
Finished basis vector 40/63 

Starting simulation of basis vector 41/63
Performing CTM pre-steps without tracking
  | CTM step 1 conv: 1.000e+00 time: 0.31
  | CTM step 2 conv: 5.122e-01 time: 0.34
  | CTM step 3 conv: 9.443e-05 time: 0.34
  | CTM step 4 conv: 1.191e-05 time: 0.34
  | CTM step 5 conv: 1.047e-06 time: 0.34
Performing CTM
  | CTM step 1 conv: 1.000e+00 time: 0.44
  | CTM step 2 conv: 5.422e-10 time: 0.55
  | CTM step 3 conv: 4.291e-11 time: 0.52
Energies: 0.022403020600918467 2.7714906069820327e-14
Norm: 0.02123145914015749
========== 
Finished basis vector 41/63 

Starting simulation of basis vector 42/63
Performing CTM pre-steps without tracking
  | CTM step 1 conv: 1.000e+00 time: 0.31
  | CTM step 2 conv: 5.122e-01 time: 0.34
  | CTM step 3 conv: 9.443e-05 time: 0.34
  | CTM step 4 conv: 1.191e-05 time: 0.34
  | CTM step 5 conv: 1.047e-06 time: 0.34
Performing CTM
  | CTM step 1 conv: 1.000e+00 time: 0.44
  | CTM step 2 conv: 5.422e-10 time: 0.52
  | CTM step 3 conv: 4.291e-11 time: 0.52
Energies: 0.0031415522397009576 2.7714906069820327e-14
Norm: 0.0016951408613837436
========== 
Finished basis vector 42/63 

Starting simulation of basis vector 43/63
Performing CTM pre-steps without tracking
  | CTM step 1 conv: 1.000e+00 time: 0.31
  | CTM step 2 conv: 5.122e-01 time: 0.34
  | CTM step 3 conv: 9.443e-05 time: 0.34
  | CTM step 4 conv: 1.191e-05 time: 0.34
  | CTM step 5 conv: 1.047e-06 time: 0.34
Performing CTM
  | CTM step 1 conv: 1.000e+00 time: 0.44
  | CTM step 2 conv: 5.422e-10 time: 0.52
  | CTM step 3 conv: 4.291e-11 time: 0.52
Energies: 0.0008526976251515507 2.7714906069820327e-14
Norm: 0.0004351816684144599
========== 
Finished basis vector 43/63 

Starting simulation of basis vector 44/63
Performing CTM pre-steps without tracking
  | CTM step 1 conv: 1.000e+00 time: 0.31
  | CTM step 2 conv: 5.122e-01 time: 0.34
  | CTM step 3 conv: 9.443e-05 time: 0.34
  | CTM step 4 conv: 1.191e-05 time: 0.34
  | CTM step 5 conv: 1.047e-06 time: 0.34
Performing CTM
  | CTM step 1 conv: 1.000e+00 time: 0.44
  | CTM step 2 conv: 5.422e-10 time: 0.55
  | CTM step 3 conv: 4.291e-11 time: 0.52
Energies: 0.02882625324099869 2.7714906069820327e-14
Norm: 0.02694446251332245
========== 
Finished basis vector 44/63 

Starting simulation of basis vector 45/63
Performing CTM pre-steps without tracking
  | CTM step 1 conv: 1.000e+00 time: 0.31
  | CTM step 2 conv: 5.122e-01 time: 0.34
  | CTM step 3 conv: 9.443e-05 time: 0.34
  | CTM step 4 conv: 1.191e-05 time: 0.34
  | CTM step 5 conv: 1.047e-06 time: 0.34
Performing CTM
  | CTM step 1 conv: 1.000e+00 time: 0.44
  | CTM step 2 conv: 5.422e-10 time: 0.52
  | CTM step 3 conv: 4.291e-11 time: 0.52
Energies: 0.008012606041095004 2.7714906069820327e-14
Norm: 0.006832083006242155
========== 
Finished basis vector 45/63 

Starting simulation of basis vector 46/63
Performing CTM pre-steps without tracking
  | CTM step 1 conv: 1.000e+00 time: 0.31
  | CTM step 2 conv: 5.122e-01 time: 0.34
  | CTM step 3 conv: 9.443e-05 time: 0.34
  | CTM step 4 conv: 1.191e-05 time: 0.34
  | CTM step 5 conv: 1.047e-06 time: 0.34
Performing CTM
  | CTM step 1 conv: 1.000e+00 time: 0.44
  | CTM step 2 conv: 5.422e-10 time: 0.52
  | CTM step 3 conv: 4.291e-11 time: 0.52
Energies: 0.0010937537070897965 2.7714906069820327e-14
Norm: 0.0005514872247764004
========== 
Finished basis vector 46/63 

Starting simulation of basis vector 47/63
Performing CTM pre-steps without tracking
  | CTM step 1 conv: 1.000e+00 time: 0.31
  | CTM step 2 conv: 5.122e-01 time: 0.34
  | CTM step 3 conv: 9.443e-05 time: 0.34
  | CTM step 4 conv: 1.191e-05 time: 0.34
  | CTM step 5 conv: 1.047e-06 time: 0.34
Performing CTM
  | CTM step 1 conv: 1.000e+00 time: 0.44
  | CTM step 2 conv: 5.422e-10 time: 0.52
  | CTM step 3 conv: 4.291e-11 time: 0.52
Energies: 0.0002949983845544441 2.7714906069820327e-14
Norm: 0.0001412197007723055
========== 
Finished basis vector 47/63 

Starting simulation of basis vector 48/63
Performing CTM pre-steps without tracking
  | CTM step 1 conv: 1.000e+00 time: 0.31
  | CTM step 2 conv: 5.122e-01 time: 0.34
  | CTM step 3 conv: 9.443e-05 time: 0.34
  | CTM step 4 conv: 1.191e-05 time: 0.34
  | CTM step 5 conv: 1.047e-06 time: 0.34
Performing CTM
  | CTM step 1 conv: 1.000e+00 time: 0.44
  | CTM step 2 conv: 5.422e-10 time: 0.52
  | CTM step 3 conv: 4.291e-11 time: 0.55
Energies: 1.1388036089492295 2.7714906069820327e-14
Norm: 1.0079234141514979
========== 
Finished basis vector 48/63 

Starting simulation of basis vector 49/63
Performing CTM pre-steps without tracking
  | CTM step 1 conv: 1.000e+00 time: 0.31
  | CTM step 2 conv: 5.122e-01 time: 0.34
  | CTM step 3 conv: 9.443e-05 time: 0.34
  | CTM step 4 conv: 1.191e-05 time: 0.34
  | CTM step 5 conv: 1.047e-06 time: 0.34
Performing CTM
  | CTM step 1 conv: 1.000e+00 time: 0.44
  | CTM step 2 conv: 5.422e-10 time: 0.52
  | CTM step 3 conv: 4.291e-11 time: 0.52
Energies: 0.3028115398889461 2.7714906069820327e-14
Norm: 0.2515873756603808
========== 
Finished basis vector 49/63 

Starting simulation of basis vector 50/63
Performing CTM pre-steps without tracking
  | CTM step 1 conv: 1.000e+00 time: 0.31
  | CTM step 2 conv: 5.122e-01 time: 0.34
  | CTM step 3 conv: 9.443e-05 time: 0.34
  | CTM step 4 conv: 1.191e-05 time: 0.34
  | CTM step 5 conv: 1.047e-06 time: 0.34
Performing CTM
  | CTM step 1 conv: 1.000e+00 time: 0.44
  | CTM step 2 conv: 5.422e-10 time: 0.52
  | CTM step 3 conv: 4.291e-11 time: 0.52
Energies: 0.04038227688780728 2.7714906069820327e-14
Norm: 0.02067711504718482
========== 
Finished basis vector 50/63 

Starting simulation of basis vector 51/63
Performing CTM pre-steps without tracking
  | CTM step 1 conv: 1.000e+00 time: 0.31
  | CTM step 2 conv: 5.122e-01 time: 0.34
  | CTM step 3 conv: 9.443e-05 time: 0.34
  | CTM step 4 conv: 1.191e-05 time: 0.34
  | CTM step 5 conv: 1.047e-06 time: 0.34
Performing CTM
  | CTM step 1 conv: 1.000e+00 time: 0.44
  | CTM step 2 conv: 5.422e-10 time: 0.55
  | CTM step 3 conv: 4.291e-11 time: 0.52
Energies: 0.010863653221796266 2.7714906069820327e-14
Norm: 0.005273163154033422
========== 
Finished basis vector 51/63 

Starting simulation of basis vector 52/63
Performing CTM pre-steps without tracking
  | CTM step 1 conv: 1.000e+00 time: 0.31
  | CTM step 2 conv: 5.122e-01 time: 0.34
  | CTM step 3 conv: 9.443e-05 time: 0.34
  | CTM step 4 conv: 1.191e-05 time: 0.34
  | CTM step 5 conv: 1.047e-06 time: 0.34
Performing CTM
  | CTM step 1 conv: 1.000e+00 time: 0.44
  | CTM step 2 conv: 5.422e-10 time: 0.52
  | CTM step 3 conv: 4.291e-11 time: 0.52
Energies: 0.3911017306579302 2.7714906069820327e-14
Norm: 0.31805585057181374
========== 
Finished basis vector 52/63 

Starting simulation of basis vector 53/63
Performing CTM pre-steps without tracking
  | CTM step 1 conv: 1.000e+00 time: 0.31
  | CTM step 2 conv: 5.122e-01 time: 0.34
  | CTM step 3 conv: 9.443e-05 time: 0.34
  | CTM step 4 conv: 1.191e-05 time: 0.34
  | CTM step 5 conv: 1.047e-06 time: 0.34
Performing CTM
  | CTM step 1 conv: 1.000e+00 time: 0.44
  | CTM step 2 conv: 5.422e-10 time: 0.52
  | CTM step 3 conv: 4.291e-11 time: 0.52
Energies: 0.12276640707279249 2.7714906069820327e-14
Norm: 0.08827831572279228
========== 
Finished basis vector 53/63 

Starting simulation of basis vector 54/63
Performing CTM pre-steps without tracking
  | CTM step 1 conv: 1.000e+00 time: 0.31
  | CTM step 2 conv: 5.122e-01 time: 0.34
  | CTM step 3 conv: 9.443e-05 time: 0.34
  | CTM step 4 conv: 1.191e-05 time: 0.34
  | CTM step 5 conv: 1.047e-06 time: 0.34
Performing CTM
  | CTM step 1 conv: 1.000e+00 time: 0.46
  | CTM step 2 conv: 5.422e-10 time: 0.52
  | CTM step 3 conv: 4.291e-11 time: 0.52
Energies: 0.013871868445687212 2.7714906069820327e-14
Norm: 0.006633052597008327
========== 
Finished basis vector 54/63 

Starting simulation of basis vector 55/63
Performing CTM pre-steps without tracking
  | CTM step 1 conv: 1.000e+00 time: 0.31
  | CTM step 2 conv: 5.122e-01 time: 0.34
  | CTM step 3 conv: 9.443e-05 time: 0.34
  | CTM step 4 conv: 1.191e-05 time: 0.34
  | CTM step 5 conv: 1.047e-06 time: 0.34
Performing CTM
  | CTM step 1 conv: 1.000e+00 time: 0.44
  | CTM step 2 conv: 5.422e-10 time: 0.52
  | CTM step 3 conv: 4.291e-11 time: 0.52
Energies: 0.003749765626095169 2.7714906069820327e-14
Norm: 0.0017060395319446263
========== 
Finished basis vector 55/63 

Starting simulation of basis vector 56/63
Performing CTM pre-steps without tracking
  | CTM step 1 conv: 1.000e+00 time: 0.31
  | CTM step 2 conv: 5.122e-01 time: 0.34
  | CTM step 3 conv: 9.443e-05 time: 0.34
  | CTM step 4 conv: 1.191e-05 time: 0.34
  | CTM step 5 conv: 1.047e-06 time: 0.34
Performing CTM
  | CTM step 1 conv: 1.000e+00 time: 0.44
  | CTM step 2 conv: 5.422e-10 time: 0.52
  | CTM step 3 conv: 4.291e-11 time: 0.52
Energies: 0.16383111743879963 2.7714906069820327e-14
Norm: 0.08582240312893563
========== 
Finished basis vector 56/63 

Starting simulation of basis vector 57/63
Performing CTM pre-steps without tracking
  | CTM step 1 conv: 1.000e+00 time: 0.31
  | CTM step 2 conv: 5.122e-01 time: 0.34
  | CTM step 3 conv: 9.443e-05 time: 0.34
  | CTM step 4 conv: 1.191e-05 time: 0.34
  | CTM step 5 conv: 1.047e-06 time: 0.34
Performing CTM
  | CTM step 1 conv: 1.000e+00 time: 0.44
  | CTM step 2 conv: 5.422e-10 time: 0.52
  | CTM step 3 conv: 4.291e-11 time: 0.52
Energies: 0.044180227365387556 2.7714906069820327e-14
Norm: 0.022005888020104312
========== 
Finished basis vector 57/63 

Starting simulation of basis vector 58/63
Performing CTM pre-steps without tracking
  | CTM step 1 conv: 1.000e+00 time: 0.31
  | CTM step 2 conv: 5.122e-01 time: 0.34
  | CTM step 3 conv: 9.443e-05 time: 0.34
  | CTM step 4 conv: 1.191e-05 time: 0.34
  | CTM step 5 conv: 1.047e-06 time: 0.34
Performing CTM
  | CTM step 1 conv: 1.000e+00 time: 0.44
  | CTM step 2 conv: 5.422e-10 time: 0.52
  | CTM step 3 conv: 4.291e-11 time: 0.55
Energies: 0.0051556510221303226 2.7714906069820327e-14
Norm: 0.001871222171633037
========== 
Finished basis vector 58/63 

Starting simulation of basis vector 59/63
Performing CTM pre-steps without tracking
  | CTM step 1 conv: 1.000e+00 time: 0.31
  | CTM step 2 conv: 5.122e-01 time: 0.34
  | CTM step 3 conv: 9.443e-05 time: 0.34
  | CTM step 4 conv: 1.191e-05 time: 0.34
  | CTM step 5 conv: 1.047e-06 time: 0.34
Performing CTM
  | CTM step 1 conv: 1.000e+00 time: 0.44
  | CTM step 2 conv: 5.422e-10 time: 0.52
  | CTM step 3 conv: 4.291e-11 time: 0.52
Energies: 0.0013600683717678156 2.7714906069820327e-14
Norm: 0.000475431815499995
========== 
Finished basis vector 59/63 

Starting simulation of basis vector 60/63
Performing CTM pre-steps without tracking
  | CTM step 1 conv: 1.000e+00 time: 0.31
  | CTM step 2 conv: 5.122e-01 time: 0.34
  | CTM step 3 conv: 9.443e-05 time: 0.34
  | CTM step 4 conv: 1.191e-05 time: 0.34
  | CTM step 5 conv: 1.047e-06 time: 0.34
Performing CTM
  | CTM step 1 conv: 1.000e+00 time: 0.44
  | CTM step 2 conv: 5.422e-10 time: 0.52
  | CTM step 3 conv: 4.291e-11 time: 0.52
Energies: 0.056455944398601035 2.7714906069820327e-14
Norm: 0.027650539884145255
========== 
Finished basis vector 60/63 

Starting simulation of basis vector 61/63
Performing CTM pre-steps without tracking
  | CTM step 1 conv: 1.000e+00 time: 0.31
  | CTM step 2 conv: 5.122e-01 time: 0.34
  | CTM step 3 conv: 9.443e-05 time: 0.34
  | CTM step 4 conv: 1.191e-05 time: 0.34
  | CTM step 5 conv: 1.047e-06 time: 0.34
Performing CTM
  | CTM step 1 conv: 1.000e+00 time: 0.44
  | CTM step 2 conv: 5.422e-10 time: 0.55
  | CTM step 3 conv: 4.291e-11 time: 0.52
Energies: 0.015366112444874756 2.7714906069820327e-14
Norm: 0.007177414760309531
========== 
Finished basis vector 61/63 

Starting simulation of basis vector 62/63
Performing CTM pre-steps without tracking
  | CTM step 1 conv: 1.000e+00 time: 0.31
  | CTM step 2 conv: 5.122e-01 time: 0.34
  | CTM step 3 conv: 9.443e-05 time: 0.34
  | CTM step 4 conv: 1.191e-05 time: 0.34
  | CTM step 5 conv: 1.047e-06 time: 0.34
Performing CTM
  | CTM step 1 conv: 1.000e+00 time: 0.44
  | CTM step 2 conv: 5.422e-10 time: 0.52
  | CTM step 3 conv: 4.291e-11 time: 0.52
Energies: 0.001733533901253712 2.7714906069820327e-14
Norm: 0.0005992939450576907
========== 
Finished basis vector 62/63 

Starting simulation of basis vector 63/63
Performing CTM pre-steps without tracking
  | CTM step 1 conv: 1.000e+00 time: 0.31
  | CTM step 2 conv: 5.122e-01 time: 0.34
  | CTM step 3 conv: 9.443e-05 time: 0.34
  | CTM step 4 conv: 1.191e-05 time: 0.34
  | CTM step 5 conv: 1.047e-06 time: 0.34
Performing CTM
  | CTM step 1 conv: 1.000e+00 time: 0.44
  | CTM step 2 conv: 5.422e-10 time: 0.52
  | CTM step 3 conv: 4.291e-11 time: 0.52
Energies: 0.000457399556316641 2.7714906069820327e-14
Norm: 0.00015256997749714594
========== 
Finished basis vector 63/63 

[[5.98230731e-01+3.34631025e-06j 4.40740992e-02+4.83011842e-04j
  2.66882957e-02-8.10725532e-05j ... 6.82025033e-04+5.60928952e-04j
  7.12181883e-04-3.36891463e-05j 3.56058610e-04-2.42458867e-06j]
 [4.40843272e-02-4.85607506e-04j 8.07953085e-02+3.84687403e-07j
  3.61958684e-02-2.66069967e-05j ... 5.37454144e-03+1.69797673e-05j
  5.04650480e-04-5.11973095e-06j 2.42527142e-04-1.77068182e-06j]
 [2.66932162e-02+8.03142942e-05j 3.61961245e-02+2.67150961e-05j
  2.16923040e-02-3.54726574e-08j ... 2.53441593e-03+2.17278037e-05j
  2.37470777e-04-1.29071062e-06j 1.14029808e-04-2.91449964e-07j]
 ...
 [6.85762487e-04-5.62679436e-04j 5.37218243e-03-1.58193057e-05j
  2.53312262e-03-2.11269535e-05j ... 3.07328544e-02-7.59147973e-08j
  2.85889958e-03-2.35938503e-06j 1.62793947e-03+1.39463455e-06j]
 [7.13739540e-04+3.34694180e-05j 5.04786809e-04+5.16686679e-06j
  2.37489852e-04+1.28837647e-06j ... 2.85938325e-03+2.49782465e-06j
  3.46728549e-03+1.51073541e-09j 1.57018989e-03+2.07474111e-07j]
 [3.56796931e-04+2.25206386e-06j 2.42585742e-04+1.83213593e-06j
  1.14035012e-04+3.08738854e-07j ... 1.62816485e-03-1.33229270e-06j
  1.57018825e-03-2.01857866e-07j 9.14847801e-04+2.34702269e-09j]]
[[2.48450967e-01+9.63928642e-09j 1.95429467e-02+1.20743703e-04j
  1.06930100e-02-4.28958002e-05j ... 1.09062828e-04+2.81239472e-04j
  3.32281898e-04+1.70940262e-06j 1.52930154e-04+2.05545743e-06j]
 [1.95429463e-02-1.20741800e-04j 2.07594022e-02+8.49984987e-11j
  9.50222548e-03-8.23152559e-06j ... 1.33254273e-03+1.74898768e-05j
  1.37202189e-04-3.73107226e-07j 6.51149504e-05-8.62697136e-08j]
 [1.06930098e-02+4.28965007e-05j 9.50222541e-03+8.23161430e-06j
  5.29049946e-03+7.10870761e-11j ... 6.32920270e-04+1.10138970e-05j
  6.50292277e-05+1.09557943e-07j 3.08535311e-05+9.16995589e-08j]
 ...
 [1.09067083e-04-2.81239354e-04j 1.33254318e-03-1.74899568e-05j
  6.32920550e-04-1.10139901e-05j ... 7.17741476e-03-2.31914822e-10j
  7.09573451e-04-4.57160728e-07j 3.82680072e-04+4.74433871e-07j]
 [3.32282196e-04-1.70939561e-06j 1.37202202e-04+3.73088033e-07j
  6.50292881e-05-1.09526971e-07j ... 7.09573395e-04+4.57061802e-07j
  5.99293945e-04-2.34270045e-12j 2.75360628e-04+5.51626897e-08j]
 [1.52930297e-04-2.05542239e-06j 6.51149569e-05+8.62657546e-08j
  3.08535487e-05-9.16855595e-08j ... 3.82680053e-04-4.74474753e-07j
  2.75360626e-04-5.51626739e-08j 1.52569977e-04+1.40526260e-13j]]
Done
Saved to /share/home/tanyi/ad-peps/simulations/exci/015_honeycomb_D2_X30/9_1.0_0.88889.npz
