No GPU/TPU found, falling back to CPU. (Set TF_CPP_MIN_LOG_LEVEL=0 and rerun for more info.)
Namespace(version=False, sim_mode='exci', config_file='honeycomb_exci.yaml', momentum_ix=12, evaluate=False, init=False)
Running excited-state sim
honeycomb_exci.yaml
/share/home/tanyi/ad-peps/examples/honeycomb_exci.yaml
/share/home/tanyi/ad-peps/examples/honeycomb_exci.yaml
D: 2
chi: 30
ctm_conv_tol: 1.0e-06
ctm_max_iter: 20
ctm_min_iter: 4
disp_level: 1
flush_output: true
model: honeycomb
model_params:
  Jx: 0.15
  Jy: 0.15
momentum_path: Bril1
out_prefix: '015'
pattern:
- - 0
  - 0
- - 0
  - 0
resume: true

Starting simulation of basis vector 1/63
Performing CTM pre-steps without tracking
  | CTM step 1 conv: 1.000e+00 time: 2.67
  | CTM step 2 conv: 5.122e-01 time: 3.48
  | CTM step 3 conv: 9.443e-05 time: 2.97
  | CTM step 4 conv: 1.191e-05 time: 0.35
  | CTM step 5 conv: 1.047e-06 time: 0.34
Performing CTM
  | CTM step 1 conv: 1.000e+00 time: 1.0
  | CTM step 2 conv: 5.422e-10 time: 0.65
  | CTM step 3 conv: 4.291e-11 time: 0.52
Energies: 0.2961229312575807 2.7714906069820327e-14
Norm: 0.24915376267255068
========== 
Finished basis vector 1/63 

Starting simulation of basis vector 2/63
Performing CTM pre-steps without tracking
  | CTM step 1 conv: 1.000e+00 time: 0.32
  | CTM step 2 conv: 5.122e-01 time: 0.35
  | CTM step 3 conv: 9.443e-05 time: 0.35
  | CTM step 4 conv: 1.191e-05 time: 0.35
  | CTM step 5 conv: 1.047e-06 time: 0.35
Performing CTM
  | CTM step 1 conv: 1.000e+00 time: 0.45
  | CTM step 2 conv: 5.422e-10 time: 0.52
  | CTM step 3 conv: 4.291e-11 time: 0.52
Energies: 0.04031947596219537 2.7714906069820327e-14
Norm: 0.02073451317347295
========== 
Finished basis vector 2/63 

Starting simulation of basis vector 3/63
Performing CTM pre-steps without tracking
  | CTM step 1 conv: 1.000e+00 time: 0.32
  | CTM step 2 conv: 5.122e-01 time: 0.35
  | CTM step 3 conv: 9.443e-05 time: 0.34
  | CTM step 4 conv: 1.191e-05 time: 0.34
  | CTM step 5 conv: 1.047e-06 time: 0.34
Performing CTM
  | CTM step 1 conv: 1.000e+00 time: 0.44
  | CTM step 2 conv: 5.422e-10 time: 0.52
  | CTM step 3 conv: 4.291e-11 time: 0.52
Energies: 0.010833120147052207 2.7714906069820327e-14
Norm: 0.005285898019727376
========== 
Finished basis vector 3/63 

Starting simulation of basis vector 4/63
Performing CTM pre-steps without tracking
  | CTM step 1 conv: 1.000e+00 time: 0.31
  | CTM step 2 conv: 5.122e-01 time: 0.34
  | CTM step 3 conv: 9.443e-05 time: 0.34
  | CTM step 4 conv: 1.191e-05 time: 0.34
  | CTM step 5 conv: 1.047e-06 time: 0.34
Performing CTM
  | CTM step 1 conv: 1.000e+00 time: 0.44
  | CTM step 2 conv: 5.422e-10 time: 0.55
  | CTM step 3 conv: 4.291e-11 time: 0.52
Energies: 0.3943916973600139 2.7714906069820327e-14
Norm: 0.3254126312380854
========== 
Finished basis vector 4/63 

Starting simulation of basis vector 5/63
Performing CTM pre-steps without tracking
  | CTM step 1 conv: 1.000e+00 time: 0.31
  | CTM step 2 conv: 5.122e-01 time: 0.34
  | CTM step 3 conv: 9.443e-05 time: 0.34
  | CTM step 4 conv: 1.191e-05 time: 0.34
  | CTM step 5 conv: 1.047e-06 time: 0.34
Performing CTM
  | CTM step 1 conv: 1.000e+00 time: 0.44
  | CTM step 2 conv: 5.422e-10 time: 0.52
  | CTM step 3 conv: 4.291e-11 time: 0.52
Energies: 0.1191570813929467 2.7714906069820327e-14
Norm: 0.08760804395988021
========== 
Finished basis vector 5/63 

Starting simulation of basis vector 6/63
Performing CTM pre-steps without tracking
  | CTM step 1 conv: 1.000e+00 time: 0.31
  | CTM step 2 conv: 5.122e-01 time: 0.35
  | CTM step 3 conv: 9.443e-05 time: 0.34
  | CTM step 4 conv: 1.191e-05 time: 0.34
  | CTM step 5 conv: 1.047e-06 time: 0.34
Performing CTM
  | CTM step 1 conv: 1.000e+00 time: 0.44
  | CTM step 2 conv: 5.422e-10 time: 0.52
  | CTM step 3 conv: 4.291e-11 time: 0.52
Energies: 0.013875935746636207 2.7714906069820327e-14
Norm: 0.006670902070255111
========== 
Finished basis vector 6/63 

Starting simulation of basis vector 7/63
Performing CTM pre-steps without tracking
  | CTM step 1 conv: 1.000e+00 time: 0.31
  | CTM step 2 conv: 5.122e-01 time: 0.34
  | CTM step 3 conv: 9.443e-05 time: 0.34
  | CTM step 4 conv: 1.191e-05 time: 0.34
  | CTM step 5 conv: 1.047e-06 time: 0.34
Performing CTM
  | CTM step 1 conv: 1.000e+00 time: 0.44
  | CTM step 2 conv: 5.422e-10 time: 0.52
  | CTM step 3 conv: 4.291e-11 time: 0.52
Energies: 0.003740324698516601 2.7714906069820327e-14
Norm: 0.0017116114527082405
========== 
Finished basis vector 7/63 

Starting simulation of basis vector 8/63
Performing CTM pre-steps without tracking
  | CTM step 1 conv: 1.000e+00 time: 0.31
  | CTM step 2 conv: 5.122e-01 time: 0.34
  | CTM step 3 conv: 9.443e-05 time: 0.34
  | CTM step 4 conv: 1.191e-05 time: 0.34
  | CTM step 5 conv: 1.047e-06 time: 0.34
Performing CTM
  | CTM step 1 conv: 1.000e+00 time: 0.44
  | CTM step 2 conv: 5.422e-10 time: 0.52
  | CTM step 3 conv: 4.291e-11 time: 0.55
Energies: 0.16214621490028322 2.7714906069820327e-14
Norm: 0.08417856660396242
========== 
Finished basis vector 8/63 

Starting simulation of basis vector 9/63
Performing CTM pre-steps without tracking
  | CTM step 1 conv: 1.000e+00 time: 0.31
  | CTM step 2 conv: 5.122e-01 time: 0.34
  | CTM step 3 conv: 9.443e-05 time: 0.34
  | CTM step 4 conv: 1.191e-05 time: 0.34
  | CTM step 5 conv: 1.047e-06 time: 0.34
Performing CTM
  | CTM step 1 conv: 1.000e+00 time: 0.44
  | CTM step 2 conv: 5.422e-10 time: 0.52
  | CTM step 3 conv: 4.291e-11 time: 0.52
Energies: 0.04378601903498086 2.7714906069820327e-14
Norm: 0.021625545628201813
========== 
Finished basis vector 9/63 

Starting simulation of basis vector 10/63
Performing CTM pre-steps without tracking
  | CTM step 1 conv: 1.000e+00 time: 0.31
  | CTM step 2 conv: 5.122e-01 time: 0.34
  | CTM step 3 conv: 9.443e-05 time: 0.34
  | CTM step 4 conv: 1.191e-05 time: 0.34
  | CTM step 5 conv: 1.047e-06 time: 0.35
Performing CTM
  | CTM step 1 conv: 1.000e+00 time: 0.44
  | CTM step 2 conv: 5.422e-10 time: 0.52
  | CTM step 3 conv: 4.291e-11 time: 0.52
Energies: 0.005090363163805212 2.7714906069820327e-14
Norm: 0.0018359286966435674
========== 
Finished basis vector 10/63 

Starting simulation of basis vector 11/63
Performing CTM pre-steps without tracking
  | CTM step 1 conv: 1.000e+00 time: 0.31
  | CTM step 2 conv: 5.122e-01 time: 0.34
  | CTM step 3 conv: 9.443e-05 time: 0.34
  | CTM step 4 conv: 1.191e-05 time: 0.34
  | CTM step 5 conv: 1.047e-06 time: 0.34
Performing CTM
  | CTM step 1 conv: 1.000e+00 time: 0.44
  | CTM step 2 conv: 5.422e-10 time: 0.52
  | CTM step 3 conv: 4.291e-11 time: 0.55
Energies: 0.001344893445612993 2.7714906069820327e-14
Norm: 0.0004674921224885166
========== 
Finished basis vector 11/63 

Starting simulation of basis vector 12/63
Performing CTM pre-steps without tracking
  | CTM step 1 conv: 1.000e+00 time: 0.31
  | CTM step 2 conv: 5.122e-01 time: 0.34
  | CTM step 3 conv: 9.443e-05 time: 0.34
  | CTM step 4 conv: 1.191e-05 time: 0.34
  | CTM step 5 conv: 1.047e-06 time: 0.34
Performing CTM
  | CTM step 1 conv: 1.000e+00 time: 0.44
  | CTM step 2 conv: 5.422e-10 time: 0.52
  | CTM step 3 conv: 4.291e-11 time: 0.52
Energies: 0.05609448899308877 2.7714906069820327e-14
Norm: 0.027314673166747995
========== 
Finished basis vector 12/63 

Starting simulation of basis vector 13/63
Performing CTM pre-steps without tracking
  | CTM step 1 conv: 1.000e+00 time: 0.31
  | CTM step 2 conv: 5.122e-01 time: 0.34
  | CTM step 3 conv: 9.443e-05 time: 0.34
  | CTM step 4 conv: 1.191e-05 time: 0.35
  | CTM step 5 conv: 1.047e-06 time: 0.34
Performing CTM
  | CTM step 1 conv: 1.000e+00 time: 0.44
  | CTM step 2 conv: 5.422e-10 time: 0.52
  | CTM step 3 conv: 4.291e-11 time: 0.52
Energies: 0.015237529746979596 2.7714906069820327e-14
Norm: 0.007078310602877707
========== 
Finished basis vector 13/63 

Starting simulation of basis vector 14/63
Performing CTM pre-steps without tracking
  | CTM step 1 conv: 1.000e+00 time: 0.31
  | CTM step 2 conv: 5.122e-01 time: 0.34
  | CTM step 3 conv: 9.443e-05 time: 0.34
  | CTM step 4 conv: 1.191e-05 time: 0.34
  | CTM step 5 conv: 1.047e-06 time: 0.34
Performing CTM
  | CTM step 1 conv: 1.000e+00 time: 0.47
  | CTM step 2 conv: 5.422e-10 time: 0.52
  | CTM step 3 conv: 4.291e-11 time: 0.52
Energies: 0.0017148474352558167 2.7714906069820327e-14
Norm: 0.0005899021548678744
========== 
Finished basis vector 14/63 

Starting simulation of basis vector 15/63
Performing CTM pre-steps without tracking
  | CTM step 1 conv: 1.000e+00 time: 0.31
  | CTM step 2 conv: 5.122e-01 time: 0.34
  | CTM step 3 conv: 9.443e-05 time: 0.34
  | CTM step 4 conv: 1.191e-05 time: 0.34
  | CTM step 5 conv: 1.047e-06 time: 0.34
Performing CTM
  | CTM step 1 conv: 1.000e+00 time: 0.44
  | CTM step 2 conv: 5.422e-10 time: 0.52
  | CTM step 3 conv: 4.291e-11 time: 0.52
Energies: 0.0004529028317981867 2.7714906069820327e-14
Norm: 0.00015040044233084407
========== 
Finished basis vector 15/63 

Starting simulation of basis vector 16/63
Performing CTM pre-steps without tracking
  | CTM step 1 conv: 1.000e+00 time: 0.31
  | CTM step 2 conv: 5.122e-01 time: 0.34
  | CTM step 3 conv: 9.443e-05 time: 0.34
  | CTM step 4 conv: 1.191e-05 time: 0.34
  | CTM step 5 conv: 1.047e-06 time: 0.34
Performing CTM
  | CTM step 1 conv: 1.000e+00 time: 0.44
  | CTM step 2 conv: 5.422e-10 time: 0.52
  | CTM step 3 conv: 4.291e-11 time: 0.52
Energies: 0.6393663323186936 2.7714906069820327e-14
Norm: 0.7262192425224934
========== 
Finished basis vector 16/63 

Starting simulation of basis vector 17/63
Performing CTM pre-steps without tracking
  | CTM step 1 conv: 1.000e+00 time: 0.31
  | CTM step 2 conv: 5.122e-01 time: 0.34
  | CTM step 3 conv: 9.443e-05 time: 0.34
  | CTM step 4 conv: 1.191e-05 time: 0.34
  | CTM step 5 conv: 1.047e-06 time: 0.34
Performing CTM
  | CTM step 1 conv: 1.000e+00 time: 0.44
  | CTM step 2 conv: 5.422e-10 time: 0.52
  | CTM step 3 conv: 4.291e-11 time: 0.52
Energies: 0.08732676844946463 2.7714906069820327e-14
Norm: 0.10514399057242729
========== 
Finished basis vector 17/63 

Starting simulation of basis vector 18/63
Performing CTM pre-steps without tracking
  | CTM step 1 conv: 1.000e+00 time: 0.31
  | CTM step 2 conv: 5.122e-01 time: 0.34
  | CTM step 3 conv: 9.443e-05 time: 0.34
  | CTM step 4 conv: 1.191e-05 time: 0.34
  | CTM step 5 conv: 1.047e-06 time: 0.34
Performing CTM
  | CTM step 1 conv: 1.000e+00 time: 0.44
  | CTM step 2 conv: 5.422e-10 time: 0.52
  | CTM step 3 conv: 4.291e-11 time: 0.55
Energies: 0.015509096987633761 2.7714906069820327e-14
Norm: 0.014603856256166633
========== 
Finished basis vector 18/63 

Starting simulation of basis vector 19/63
Performing CTM pre-steps without tracking
  | CTM step 1 conv: 1.000e+00 time: 0.31
  | CTM step 2 conv: 5.122e-01 time: 0.34
  | CTM step 3 conv: 9.443e-05 time: 0.35
  | CTM step 4 conv: 1.191e-05 time: 0.34
  | CTM step 5 conv: 1.047e-06 time: 0.34
Performing CTM
  | CTM step 1 conv: 1.000e+00 time: 0.44
  | CTM step 2 conv: 5.422e-10 time: 0.52
  | CTM step 3 conv: 4.291e-11 time: 0.52
Energies: 0.004502394726197549 2.7714906069820327e-14
Norm: 0.0038511092716949995
========== 
Finished basis vector 19/63 

Starting simulation of basis vector 20/63
Performing CTM pre-steps without tracking
  | CTM step 1 conv: 1.000e+00 time: 0.31
  | CTM step 2 conv: 5.122e-01 time: 0.34
  | CTM step 3 conv: 9.443e-05 time: 0.34
  | CTM step 4 conv: 1.191e-05 time: 0.34
  | CTM step 5 conv: 1.047e-06 time: 0.34
Performing CTM
  | CTM step 1 conv: 1.000e+00 time: 0.44
  | CTM step 2 conv: 5.422e-10 time: 0.52
  | CTM step 3 conv: 4.291e-11 time: 0.52
Energies: 0.2893261451450598 2.7714906069820327e-14
Norm: 0.29546752161804135
========== 
Finished basis vector 20/63 

Starting simulation of basis vector 21/63
Performing CTM pre-steps without tracking
  | CTM step 1 conv: 1.000e+00 time: 0.31
  | CTM step 2 conv: 5.122e-01 time: 0.34
  | CTM step 3 conv: 9.443e-05 time: 0.34
  | CTM step 4 conv: 1.191e-05 time: 0.34
  | CTM step 5 conv: 1.047e-06 time: 0.34
Performing CTM
  | CTM step 1 conv: 1.000e+00 time: 0.44
  | CTM step 2 conv: 5.422e-10 time: 0.55
  | CTM step 3 conv: 4.291e-11 time: 0.52
Energies: 0.04950393828079229 2.7714906069820327e-14
Norm: 0.050684463045750576
========== 
Finished basis vector 21/63 

Starting simulation of basis vector 22/63
Performing CTM pre-steps without tracking
  | CTM step 1 conv: 1.000e+00 time: 0.31
  | CTM step 2 conv: 5.122e-01 time: 0.34
  | CTM step 3 conv: 9.443e-05 time: 0.34
  | CTM step 4 conv: 1.191e-05 time: 0.34
  | CTM step 5 conv: 1.047e-06 time: 0.34
Performing CTM
  | CTM step 1 conv: 1.000e+00 time: 0.44
  | CTM step 2 conv: 5.422e-10 time: 0.52
  | CTM step 3 conv: 4.291e-11 time: 0.52
Energies: 0.006197404286063104 2.7714906069820327e-14
Norm: 0.0050682525545277055
========== 
Finished basis vector 22/63 

Starting simulation of basis vector 23/63
Performing CTM pre-steps without tracking
  | CTM step 1 conv: 1.000e+00 time: 0.31
  | CTM step 2 conv: 5.122e-01 time: 0.34
  | CTM step 3 conv: 9.443e-05 time: 0.34
  | CTM step 4 conv: 1.191e-05 time: 0.34
  | CTM step 5 conv: 1.047e-06 time: 0.34
Performing CTM
  | CTM step 1 conv: 1.000e+00 time: 0.43
  | CTM step 2 conv: 5.422e-10 time: 0.51
  | CTM step 3 conv: 4.291e-11 time: 0.51
Energies: 0.0017503597371580464 2.7714906069820327e-14
Norm: 0.001324470062001433
========== 
Finished basis vector 23/63 

Starting simulation of basis vector 24/63
Performing CTM pre-steps without tracking
  | CTM step 1 conv: 1.000e+00 time: 0.31
  | CTM step 2 conv: 5.122e-01 time: 0.34
  | CTM step 3 conv: 9.443e-05 time: 0.34
  | CTM step 4 conv: 1.191e-05 time: 0.34
  | CTM step 5 conv: 1.047e-06 time: 0.34
Performing CTM
  | CTM step 1 conv: 1.000e+00 time: 0.44
  | CTM step 2 conv: 5.422e-10 time: 0.55
  | CTM step 3 conv: 4.291e-11 time: 0.52
Energies: 0.09397214782687238 2.7714906069820327e-14
Norm: 0.08848786075676936
========== 
Finished basis vector 24/63 

Starting simulation of basis vector 25/63
Performing CTM pre-steps without tracking
  | CTM step 1 conv: 1.000e+00 time: 0.31
  | CTM step 2 conv: 5.122e-01 time: 0.34
  | CTM step 3 conv: 9.443e-05 time: 0.34
  | CTM step 4 conv: 1.191e-05 time: 0.34
  | CTM step 5 conv: 1.047e-06 time: 0.34
Performing CTM
  | CTM step 1 conv: 1.000e+00 time: 0.43
  | CTM step 2 conv: 5.422e-10 time: 0.52
  | CTM step 3 conv: 4.291e-11 time: 0.51
Energies: 0.024966548738519022 2.7714906069820327e-14
Norm: 0.021651221223876017
========== 
Finished basis vector 25/63 

Starting simulation of basis vector 26/63
Performing CTM pre-steps without tracking
  | CTM step 1 conv: 1.000e+00 time: 0.31
  | CTM step 2 conv: 5.122e-01 time: 0.34
  | CTM step 3 conv: 9.443e-05 time: 0.34
  | CTM step 4 conv: 1.191e-05 time: 0.34
  | CTM step 5 conv: 1.047e-06 time: 0.34
Performing CTM
  | CTM step 1 conv: 1.000e+00 time: 0.43
  | CTM step 2 conv: 5.422e-10 time: 0.51
  | CTM step 3 conv: 4.291e-11 time: 0.51
Energies: 0.0031311040325488733 2.7714906069820327e-14
Norm: 0.001691567803707266
========== 
Finished basis vector 26/63 

Starting simulation of basis vector 27/63
Performing CTM pre-steps without tracking
  | CTM step 1 conv: 1.000e+00 time: 0.31
  | CTM step 2 conv: 5.122e-01 time: 0.34
  | CTM step 3 conv: 9.443e-05 time: 0.34
  | CTM step 4 conv: 1.191e-05 time: 0.34
  | CTM step 5 conv: 1.047e-06 time: 0.34
Performing CTM
  | CTM step 1 conv: 1.000e+00 time: 0.43
  | CTM step 2 conv: 5.422e-10 time: 0.52
  | CTM step 3 conv: 4.291e-11 time: 0.52
Energies: 0.0008483263939551683 2.7714906069820327e-14
Norm: 0.00043402293837225327
========== 
Finished basis vector 27/63 

Starting simulation of basis vector 28/63
Performing CTM pre-steps without tracking
  | CTM step 1 conv: 1.000e+00 time: 0.31
  | CTM step 2 conv: 5.122e-01 time: 0.34
  | CTM step 3 conv: 9.443e-05 time: 0.34
  | CTM step 4 conv: 1.191e-05 time: 0.34
  | CTM step 5 conv: 1.047e-06 time: 0.34
Performing CTM
  | CTM step 1 conv: 1.000e+00 time: 0.43
  | CTM step 2 conv: 5.422e-10 time: 0.51
  | CTM step 3 conv: 4.291e-11 time: 0.54
Energies: 0.03400362094164386 2.7714906069820327e-14
Norm: 0.028394851596580867
========== 
Finished basis vector 28/63 

Starting simulation of basis vector 29/63
Performing CTM pre-steps without tracking
  | CTM step 1 conv: 1.000e+00 time: 0.31
  | CTM step 2 conv: 5.122e-01 time: 0.34
  | CTM step 3 conv: 9.443e-05 time: 0.34
  | CTM step 4 conv: 1.191e-05 time: 0.34
  | CTM step 5 conv: 1.047e-06 time: 0.34
Performing CTM
  | CTM step 1 conv: 1.000e+00 time: 0.43
  | CTM step 2 conv: 5.422e-10 time: 0.51
  | CTM step 3 conv: 4.291e-11 time: 0.51
Energies: 0.00900967799192394 2.7714906069820327e-14
Norm: 0.006979923678068688
========== 
Finished basis vector 29/63 

Starting simulation of basis vector 30/63
Performing CTM pre-steps without tracking
  | CTM step 1 conv: 1.000e+00 time: 0.31
  | CTM step 2 conv: 5.122e-01 time: 0.34
  | CTM step 3 conv: 9.443e-05 time: 0.34
  | CTM step 4 conv: 1.191e-05 time: 0.34
  | CTM step 5 conv: 1.047e-06 time: 0.34
Performing CTM
  | CTM step 1 conv: 1.000e+00 time: 0.43
  | CTM step 2 conv: 5.422e-10 time: 0.51
  | CTM step 3 conv: 4.291e-11 time: 0.51
Energies: 0.001091993487049765 2.7714906069820327e-14
Norm: 0.0005497713483486865
========== 
Finished basis vector 30/63 

Starting simulation of basis vector 31/63
Performing CTM pre-steps without tracking
  | CTM step 1 conv: 1.000e+00 time: 0.31
  | CTM step 2 conv: 5.122e-01 time: 0.34
  | CTM step 3 conv: 9.443e-05 time: 0.34
  | CTM step 4 conv: 1.191e-05 time: 0.34
  | CTM step 5 conv: 1.047e-06 time: 0.34
Performing CTM
  | CTM step 1 conv: 1.000e+00 time: 0.44
  | CTM step 2 conv: 5.422e-10 time: 0.54
  | CTM step 3 conv: 4.291e-11 time: 0.51
Energies: 0.00029455280469140553 2.7714906069820327e-14
Norm: 0.0001409765102824901
========== 
Finished basis vector 31/63 

Starting simulation of basis vector 32/63
Performing CTM pre-steps without tracking
  | CTM step 1 conv: 1.000e+00 time: 0.31
  | CTM step 2 conv: 5.122e-01 time: 0.34
  | CTM step 3 conv: 9.443e-05 time: 0.34
  | CTM step 4 conv: 1.191e-05 time: 0.34
  | CTM step 5 conv: 1.047e-06 time: 0.34
Performing CTM
  | CTM step 1 conv: 1.000e+00 time: 0.43
  | CTM step 2 conv: 5.422e-10 time: 0.52
  | CTM step 3 conv: 4.291e-11 time: 0.51
Energies: 0.12899762874912665 2.7714906069820327e-14
Norm: 0.9544864505041194
========== 
Finished basis vector 32/63 

Starting simulation of basis vector 33/63
Performing CTM pre-steps without tracking
  | CTM step 1 conv: 1.000e+00 time: 0.31
  | CTM step 2 conv: 5.122e-01 time: 0.34
  | CTM step 3 conv: 9.443e-05 time: 0.34
  | CTM step 4 conv: 1.191e-05 time: 0.34
  | CTM step 5 conv: 1.047e-06 time: 0.34
Performing CTM
  | CTM step 1 conv: 1.000e+00 time: 0.43
  | CTM step 2 conv: 5.422e-10 time: 0.52
  | CTM step 3 conv: 4.291e-11 time: 0.52
Energies: 0.038588414970869025 2.7714906069820327e-14
Norm: 0.2299713573998808
========== 
Finished basis vector 33/63 

Starting simulation of basis vector 34/63
Performing CTM pre-steps without tracking
  | CTM step 1 conv: 1.000e+00 time: 0.31
  | CTM step 2 conv: 5.122e-01 time: 0.34
  | CTM step 3 conv: 9.443e-05 time: 0.34
  | CTM step 4 conv: 1.191e-05 time: 0.34
  | CTM step 5 conv: 1.047e-06 time: 0.34
Performing CTM
  | CTM step 1 conv: 1.000e+00 time: 0.46
  | CTM step 2 conv: 5.422e-10 time: 0.51
  | CTM step 3 conv: 4.291e-11 time: 0.52
Energies: 0.018522252060644607 2.7714906069820327e-14
Norm: 0.019048868415069795
========== 
Finished basis vector 34/63 

Starting simulation of basis vector 35/63
Performing CTM pre-steps without tracking
  | CTM step 1 conv: 1.000e+00 time: 0.31
  | CTM step 2 conv: 5.122e-01 time: 0.34
  | CTM step 3 conv: 9.443e-05 time: 0.34
  | CTM step 4 conv: 1.191e-05 time: 0.34
  | CTM step 5 conv: 1.047e-06 time: 0.34
Performing CTM
  | CTM step 1 conv: 1.000e+00 time: 0.43
  | CTM step 2 conv: 5.422e-10 time: 0.52
  | CTM step 3 conv: 4.291e-11 time: 0.52
Energies: 0.005287986107878282 2.7714906069820327e-14
Norm: 0.004856593847562307
========== 
Finished basis vector 35/63 

Starting simulation of basis vector 36/63
Performing CTM pre-steps without tracking
  | CTM step 1 conv: 1.000e+00 time: 0.31
  | CTM step 2 conv: 5.122e-01 time: 0.34
  | CTM step 3 conv: 9.443e-05 time: 0.34
  | CTM step 4 conv: 1.191e-05 time: 0.34
  | CTM step 5 conv: 1.047e-06 time: 0.34
Performing CTM
  | CTM step 1 conv: 1.000e+00 time: 0.43
  | CTM step 2 conv: 5.422e-10 time: 0.51
  | CTM step 3 conv: 4.291e-11 time: 0.51
Energies: 0.08902883069964876 2.7714906069820327e-14
Norm: 0.31716426688895427
========== 
Finished basis vector 36/63 

Starting simulation of basis vector 37/63
Performing CTM pre-steps without tracking
  | CTM step 1 conv: 1.000e+00 time: 0.31
  | CTM step 2 conv: 5.122e-01 time: 0.34
  | CTM step 3 conv: 9.443e-05 time: 0.34
  | CTM step 4 conv: 1.191e-05 time: 0.34
  | CTM step 5 conv: 1.047e-06 time: 0.34
Performing CTM
  | CTM step 1 conv: 1.000e+00 time: 0.43
  | CTM step 2 conv: 5.422e-10 time: 0.51
  | CTM step 3 conv: 4.291e-11 time: 0.51
Energies: 0.025002042734724807 2.7714906069820327e-14
Norm: 0.07684442932219979
========== 
Finished basis vector 37/63 

Starting simulation of basis vector 38/63
Performing CTM pre-steps without tracking
  | CTM step 1 conv: 1.000e+00 time: 0.31
  | CTM step 2 conv: 5.122e-01 time: 0.34
  | CTM step 3 conv: 9.443e-05 time: 0.34
  | CTM step 4 conv: 1.191e-05 time: 0.34
  | CTM step 5 conv: 1.047e-06 time: 0.34
Performing CTM
  | CTM step 1 conv: 1.000e+00 time: 0.43
  | CTM step 2 conv: 5.422e-10 time: 0.51
  | CTM step 3 conv: 4.291e-11 time: 0.54
Energies: 0.006936530706478485 2.7714906069820327e-14
Norm: 0.00623542099432802
========== 
Finished basis vector 38/63 

Starting simulation of basis vector 39/63
Performing CTM pre-steps without tracking
  | CTM step 1 conv: 1.000e+00 time: 0.31
  | CTM step 2 conv: 5.122e-01 time: 0.34
  | CTM step 3 conv: 9.443e-05 time: 0.34
  | CTM step 4 conv: 1.191e-05 time: 0.34
  | CTM step 5 conv: 1.047e-06 time: 0.34
Performing CTM
  | CTM step 1 conv: 1.000e+00 time: 0.43
  | CTM step 2 conv: 5.422e-10 time: 0.51
  | CTM step 3 conv: 4.291e-11 time: 0.51
Energies: 0.0019513575369209618 2.7714906069820327e-14
Norm: 0.0015898234783403595
========== 
Finished basis vector 39/63 

Starting simulation of basis vector 40/63
Performing CTM pre-steps without tracking
  | CTM step 1 conv: 1.000e+00 time: 0.31
  | CTM step 2 conv: 5.122e-01 time: 0.34
  | CTM step 3 conv: 9.443e-05 time: 0.34
  | CTM step 4 conv: 1.191e-05 time: 0.34
  | CTM step 5 conv: 1.047e-06 time: 0.34
Performing CTM
  | CTM step 1 conv: 1.000e+00 time: 0.43
  | CTM step 2 conv: 5.422e-10 time: 0.52
  | CTM step 3 conv: 4.291e-11 time: 0.52
Energies: 0.07899503096478551 2.7714906069820327e-14
Norm: 0.08356980869632256
========== 
Finished basis vector 40/63 

Starting simulation of basis vector 41/63
Performing CTM pre-steps without tracking
  | CTM step 1 conv: 1.000e+00 time: 0.31
  | CTM step 2 conv: 5.122e-01 time: 0.34
  | CTM step 3 conv: 9.443e-05 time: 0.34
  | CTM step 4 conv: 1.191e-05 time: 0.34
  | CTM step 5 conv: 1.047e-06 time: 0.34
Performing CTM
  | CTM step 1 conv: 1.000e+00 time: 0.43
  | CTM step 2 conv: 5.422e-10 time: 0.54
  | CTM step 3 conv: 4.291e-11 time: 0.51
Energies: 0.022225570455376036 2.7714906069820327e-14
Norm: 0.021247117913387716
========== 
Finished basis vector 41/63 

Starting simulation of basis vector 42/63
Performing CTM pre-steps without tracking
  | CTM step 1 conv: 1.000e+00 time: 0.31
  | CTM step 2 conv: 5.122e-01 time: 0.34
  | CTM step 3 conv: 9.443e-05 time: 0.34
  | CTM step 4 conv: 1.191e-05 time: 0.34
  | CTM step 5 conv: 1.047e-06 time: 0.34
Performing CTM
  | CTM step 1 conv: 1.000e+00 time: 0.43
  | CTM step 2 conv: 5.422e-10 time: 0.51
  | CTM step 3 conv: 4.291e-11 time: 0.51
Energies: 0.003169085950107858 2.7714906069820327e-14
Norm: 0.0017284137445068679
========== 
Finished basis vector 42/63 

Starting simulation of basis vector 43/63
Performing CTM pre-steps without tracking
  | CTM step 1 conv: 1.000e+00 time: 0.31
  | CTM step 2 conv: 5.122e-01 time: 0.34
  | CTM step 3 conv: 9.443e-05 time: 0.34
  | CTM step 4 conv: 1.191e-05 time: 0.34
  | CTM step 5 conv: 1.047e-06 time: 0.34
Performing CTM
  | CTM step 1 conv: 1.000e+00 time: 0.44
  | CTM step 2 conv: 5.422e-10 time: 0.51
  | CTM step 3 conv: 4.291e-11 time: 0.51
Energies: 0.0008577181665012927 2.7714906069820327e-14
Norm: 0.00044199171980836236
========== 
Finished basis vector 43/63 

Starting simulation of basis vector 44/63
Performing CTM pre-steps without tracking
  | CTM step 1 conv: 1.000e+00 time: 0.31
  | CTM step 2 conv: 5.122e-01 time: 0.34
  | CTM step 3 conv: 9.443e-05 time: 0.34
  | CTM step 4 conv: 1.191e-05 time: 0.34
  | CTM step 5 conv: 1.047e-06 time: 0.34
Performing CTM
  | CTM step 1 conv: 1.000e+00 time: 0.43
  | CTM step 2 conv: 5.422e-10 time: 0.54
  | CTM step 3 conv: 4.291e-11 time: 0.51
Energies: 0.02923757779343969 2.7714906069820327e-14
Norm: 0.02741760298968019
========== 
Finished basis vector 44/63 

Starting simulation of basis vector 45/63
Performing CTM pre-steps without tracking
  | CTM step 1 conv: 1.000e+00 time: 0.31
  | CTM step 2 conv: 5.122e-01 time: 0.34
  | CTM step 3 conv: 9.443e-05 time: 0.34
  | CTM step 4 conv: 1.191e-05 time: 0.34
  | CTM step 5 conv: 1.047e-06 time: 0.34
Performing CTM
  | CTM step 1 conv: 1.000e+00 time: 0.43
  | CTM step 2 conv: 5.422e-10 time: 0.52
  | CTM step 3 conv: 4.291e-11 time: 0.51
Energies: 0.0081406866309866 2.7714906069820327e-14
Norm: 0.006968768039070716
========== 
Finished basis vector 45/63 

Starting simulation of basis vector 46/63
Performing CTM pre-steps without tracking
  | CTM step 1 conv: 1.000e+00 time: 0.31
  | CTM step 2 conv: 5.122e-01 time: 0.34
  | CTM step 3 conv: 9.443e-05 time: 0.34
  | CTM step 4 conv: 1.191e-05 time: 0.34
  | CTM step 5 conv: 1.047e-06 time: 0.34
Performing CTM
  | CTM step 1 conv: 1.000e+00 time: 0.43
  | CTM step 2 conv: 5.422e-10 time: 0.51
  | CTM step 3 conv: 4.291e-11 time: 0.51
Energies: 0.001101920837697853 2.7714906069820327e-14
Norm: 0.0005610930898551461
========== 
Finished basis vector 46/63 

Starting simulation of basis vector 47/63
Performing CTM pre-steps without tracking
  | CTM step 1 conv: 1.000e+00 time: 0.31
  | CTM step 2 conv: 5.122e-01 time: 0.34
  | CTM step 3 conv: 9.443e-05 time: 0.34
  | CTM step 4 conv: 1.191e-05 time: 0.34
  | CTM step 5 conv: 1.047e-06 time: 0.34
Performing CTM
  | CTM step 1 conv: 1.000e+00 time: 0.43
  | CTM step 2 conv: 5.422e-10 time: 0.51
  | CTM step 3 conv: 4.291e-11 time: 0.51
Energies: 0.0002971180945381242 2.7714906069820327e-14
Norm: 0.00014350024249312732
========== 
Finished basis vector 47/63 

Starting simulation of basis vector 48/63
Performing CTM pre-steps without tracking
  | CTM step 1 conv: 1.000e+00 time: 0.31
  | CTM step 2 conv: 5.122e-01 time: 0.34
  | CTM step 3 conv: 9.443e-05 time: 0.34
  | CTM step 4 conv: 1.191e-05 time: 0.34
  | CTM step 5 conv: 1.047e-06 time: 0.34
Performing CTM
  | CTM step 1 conv: 1.000e+00 time: 0.43
  | CTM step 2 conv: 5.422e-10 time: 0.51
  | CTM step 3 conv: 4.291e-11 time: 0.54
Energies: 1.1114056255739448 2.7714906069820327e-14
Norm: 1.0044018907086072
========== 
Finished basis vector 48/63 

Starting simulation of basis vector 49/63
Performing CTM pre-steps without tracking
  | CTM step 1 conv: 1.000e+00 time: 0.31
  | CTM step 2 conv: 5.122e-01 time: 0.34
  | CTM step 3 conv: 9.443e-05 time: 0.34
  | CTM step 4 conv: 1.191e-05 time: 0.34
  | CTM step 5 conv: 1.047e-06 time: 0.34
Performing CTM
  | CTM step 1 conv: 1.000e+00 time: 0.43
  | CTM step 2 conv: 5.422e-10 time: 0.51
  | CTM step 3 conv: 4.291e-11 time: 0.52
Energies: 0.299715738209263 2.7714906069820327e-14
Norm: 0.25229313058861497
========== 
Finished basis vector 49/63 

Starting simulation of basis vector 50/63
Performing CTM pre-steps without tracking
  | CTM step 1 conv: 1.000e+00 time: 0.31
  | CTM step 2 conv: 5.122e-01 time: 0.34
  | CTM step 3 conv: 9.443e-05 time: 0.34
  | CTM step 4 conv: 1.191e-05 time: 0.34
  | CTM step 5 conv: 1.047e-06 time: 0.34
Performing CTM
  | CTM step 1 conv: 1.000e+00 time: 0.43
  | CTM step 2 conv: 5.422e-10 time: 0.52
  | CTM step 3 conv: 4.291e-11 time: 0.51
Energies: 0.040331558698386595 2.7714906069820327e-14
Norm: 0.020650621712049736
========== 
Finished basis vector 50/63 

Starting simulation of basis vector 51/63
Performing CTM pre-steps without tracking
  | CTM step 1 conv: 1.000e+00 time: 0.31
  | CTM step 2 conv: 5.122e-01 time: 0.34
  | CTM step 3 conv: 9.443e-05 time: 0.34
  | CTM step 4 conv: 1.191e-05 time: 0.34
  | CTM step 5 conv: 1.047e-06 time: 0.34
Performing CTM
  | CTM step 1 conv: 1.000e+00 time: 0.43
  | CTM step 2 conv: 5.422e-10 time: 0.54
  | CTM step 3 conv: 4.291e-11 time: 0.51
Energies: 0.010855985846644446 2.7714906069820327e-14
Norm: 0.005271266178100054
========== 
Finished basis vector 51/63 

Starting simulation of basis vector 52/63
Performing CTM pre-steps without tracking
  | CTM step 1 conv: 1.000e+00 time: 0.31
  | CTM step 2 conv: 5.122e-01 time: 0.34
  | CTM step 3 conv: 9.443e-05 time: 0.34
  | CTM step 4 conv: 1.191e-05 time: 0.34
  | CTM step 5 conv: 1.047e-06 time: 0.34
Performing CTM
  | CTM step 1 conv: 1.000e+00 time: 0.43
  | CTM step 2 conv: 5.422e-10 time: 0.51
  | CTM step 3 conv: 4.291e-11 time: 0.51
Energies: 0.38737836581547425 2.7714906069820327e-14
Norm: 0.3189368762568633
========== 
Finished basis vector 52/63 

Starting simulation of basis vector 53/63
Performing CTM pre-steps without tracking
  | CTM step 1 conv: 1.000e+00 time: 0.31
  | CTM step 2 conv: 5.122e-01 time: 0.34
  | CTM step 3 conv: 9.443e-05 time: 0.34
  | CTM step 4 conv: 1.191e-05 time: 0.34
  | CTM step 5 conv: 1.047e-06 time: 0.34
Performing CTM
  | CTM step 1 conv: 1.000e+00 time: 0.43
  | CTM step 2 conv: 5.422e-10 time: 0.51
  | CTM step 3 conv: 4.291e-11 time: 0.51
Energies: 0.11836655726285386 2.7714906069820327e-14
Norm: 0.08679721975492691
========== 
Finished basis vector 53/63 

Starting simulation of basis vector 54/63
Performing CTM pre-steps without tracking
  | CTM step 1 conv: 1.000e+00 time: 0.31
  | CTM step 2 conv: 5.122e-01 time: 0.34
  | CTM step 3 conv: 9.443e-05 time: 0.34
  | CTM step 4 conv: 1.191e-05 time: 0.34
  | CTM step 5 conv: 1.047e-06 time: 0.34
Performing CTM
  | CTM step 1 conv: 1.000e+00 time: 0.46
  | CTM step 2 conv: 5.422e-10 time: 0.51
  | CTM step 3 conv: 4.291e-11 time: 0.52
Energies: 0.013873723187516913 2.7714906069820327e-14
Norm: 0.006634786640453422
========== 
Finished basis vector 54/63 

Starting simulation of basis vector 55/63
Performing CTM pre-steps without tracking
  | CTM step 1 conv: 1.000e+00 time: 0.31
  | CTM step 2 conv: 5.122e-01 time: 0.34
  | CTM step 3 conv: 9.443e-05 time: 0.34
  | CTM step 4 conv: 1.191e-05 time: 0.34
  | CTM step 5 conv: 1.047e-06 time: 0.34
Performing CTM
  | CTM step 1 conv: 1.000e+00 time: 0.43
  | CTM step 2 conv: 5.422e-10 time: 0.51
  | CTM step 3 conv: 4.291e-11 time: 0.51
Energies: 0.0037451293381600293 2.7714906069820327e-14
Norm: 0.0017048322627533112
========== 
Finished basis vector 55/63 

Starting simulation of basis vector 56/63
Performing CTM pre-steps without tracking
  | CTM step 1 conv: 1.000e+00 time: 0.31
  | CTM step 2 conv: 5.122e-01 time: 0.34
  | CTM step 3 conv: 9.443e-05 time: 0.34
  | CTM step 4 conv: 1.191e-05 time: 0.34
  | CTM step 5 conv: 1.047e-06 time: 0.34
Performing CTM
  | CTM step 1 conv: 1.000e+00 time: 0.43
  | CTM step 2 conv: 5.422e-10 time: 0.51
  | CTM step 3 conv: 4.291e-11 time: 0.51
Energies: 0.16340725276178164 2.7714906069820327e-14
Norm: 0.08572382258748405
========== 
Finished basis vector 56/63 

Starting simulation of basis vector 57/63
Performing CTM pre-steps without tracking
  | CTM step 1 conv: 1.000e+00 time: 0.31
  | CTM step 2 conv: 5.122e-01 time: 0.34
  | CTM step 3 conv: 9.443e-05 time: 0.34
  | CTM step 4 conv: 1.191e-05 time: 0.34
  | CTM step 5 conv: 1.047e-06 time: 0.34
Performing CTM
  | CTM step 1 conv: 1.000e+00 time: 0.44
  | CTM step 2 conv: 5.422e-10 time: 0.51
  | CTM step 3 conv: 4.291e-11 time: 0.52
Energies: 0.044067126134241436 2.7714906069820327e-14
Norm: 0.02196172439853495
========== 
Finished basis vector 57/63 

Starting simulation of basis vector 58/63
Performing CTM pre-steps without tracking
  | CTM step 1 conv: 1.000e+00 time: 0.31
  | CTM step 2 conv: 5.122e-01 time: 0.34
  | CTM step 3 conv: 9.443e-05 time: 0.34
  | CTM step 4 conv: 1.191e-05 time: 0.34
  | CTM step 5 conv: 1.047e-06 time: 0.34
Performing CTM
  | CTM step 1 conv: 1.000e+00 time: 0.43
  | CTM step 2 conv: 5.422e-10 time: 0.52
  | CTM step 3 conv: 4.291e-11 time: 0.55
Energies: 0.0050922799435169554 2.7714906069820327e-14
Norm: 0.0018380236676547306
========== 
Finished basis vector 58/63 

Starting simulation of basis vector 59/63
Performing CTM pre-steps without tracking
  | CTM step 1 conv: 1.000e+00 time: 0.31
  | CTM step 2 conv: 5.122e-01 time: 0.34
  | CTM step 3 conv: 9.443e-05 time: 0.34
  | CTM step 4 conv: 1.191e-05 time: 0.34
  | CTM step 5 conv: 1.047e-06 time: 0.34
Performing CTM
  | CTM step 1 conv: 1.000e+00 time: 0.43
  | CTM step 2 conv: 5.422e-10 time: 0.52
  | CTM step 3 conv: 4.291e-11 time: 0.51
Energies: 0.0013456260728455032 2.7714906069820327e-14
Norm: 0.0004679336629951719
========== 
Finished basis vector 59/63 

Starting simulation of basis vector 60/63
Performing CTM pre-steps without tracking
  | CTM step 1 conv: 1.000e+00 time: 0.31
  | CTM step 2 conv: 5.122e-01 time: 0.34
  | CTM step 3 conv: 9.443e-05 time: 0.34
  | CTM step 4 conv: 1.191e-05 time: 0.34
  | CTM step 5 conv: 1.047e-06 time: 0.34
Performing CTM
  | CTM step 1 conv: 1.000e+00 time: 0.44
  | CTM step 2 conv: 5.422e-10 time: 0.51
  | CTM step 3 conv: 4.291e-11 time: 0.51
Energies: 0.05638720530896906 2.7714906069820327e-14
Norm: 0.02765418121860776
========== 
Finished basis vector 60/63 

Starting simulation of basis vector 61/63
Performing CTM pre-steps without tracking
  | CTM step 1 conv: 1.000e+00 time: 0.31
  | CTM step 2 conv: 5.122e-01 time: 0.34
  | CTM step 3 conv: 9.443e-05 time: 0.34
  | CTM step 4 conv: 1.191e-05 time: 0.34
  | CTM step 5 conv: 1.047e-06 time: 0.34
Performing CTM
  | CTM step 1 conv: 1.000e+00 time: 0.43
  | CTM step 2 conv: 5.422e-10 time: 0.54
  | CTM step 3 conv: 4.291e-11 time: 0.51
Energies: 0.015299825154426355 2.7714906069820327e-14
Norm: 0.007150174821609582
========== 
Finished basis vector 61/63 

Starting simulation of basis vector 62/63
Performing CTM pre-steps without tracking
  | CTM step 1 conv: 1.000e+00 time: 0.31
  | CTM step 2 conv: 5.122e-01 time: 0.34
  | CTM step 3 conv: 9.443e-05 time: 0.34
  | CTM step 4 conv: 1.191e-05 time: 0.34
  | CTM step 5 conv: 1.047e-06 time: 0.34
Performing CTM
  | CTM step 1 conv: 1.000e+00 time: 0.43
  | CTM step 2 conv: 5.422e-10 time: 0.51
  | CTM step 3 conv: 4.291e-11 time: 0.51
Energies: 0.001715934519223992 2.7714906069820327e-14
Norm: 0.0005902393046756747
========== 
Finished basis vector 62/63 

Starting simulation of basis vector 63/63
Performing CTM pre-steps without tracking
  | CTM step 1 conv: 1.000e+00 time: 0.31
  | CTM step 2 conv: 5.122e-01 time: 0.34
  | CTM step 3 conv: 9.443e-05 time: 0.34
  | CTM step 4 conv: 1.191e-05 time: 0.34
  | CTM step 5 conv: 1.047e-06 time: 0.34
Performing CTM
  | CTM step 1 conv: 1.000e+00 time: 0.43
  | CTM step 2 conv: 5.422e-10 time: 0.51
  | CTM step 3 conv: 4.291e-11 time: 0.52
Energies: 0.00045329672410068073 2.7714906069820327e-14
Norm: 0.000150482437958967
========== 
Finished basis vector 63/63 

[[5.92239406e-01-3.57264951e-06j 4.28922256e-02+7.57800048e-05j
  2.62281153e-02-8.64544939e-04j ... 2.76826104e-04+5.51263496e-04j
  5.42376185e-04-2.82914925e-04j 2.77592512e-04-6.29444675e-05j]
 [4.28899458e-02-7.48794161e-05j 8.06357399e-02-2.06440465e-06j
  3.61296841e-02-7.95244660e-05j ... 3.78264611e-03+3.68228726e-03j
  3.62741531e-04+2.73019028e-04j 1.75978681e-04+1.35622295e-04j]
 [2.62274817e-02+8.65371241e-04j 3.61294377e-02+7.76117949e-05j
  2.16656829e-02-4.28657338e-07j ... 1.78373690e-03+1.79123380e-03j
  1.70331335e-04+1.33855788e-04j 8.25532640e-05+6.64328562e-05j]
 ...
 [2.73624415e-04-5.51367677e-04j 3.78344181e-03-3.68324658e-03j
  1.78416581e-03-1.79173357e-03j ... 3.05989036e-02+1.97949518e-07j
  2.63854942e-03-4.81528214e-04j 1.52062210e-03-2.23044406e-04j]
 [5.42157129e-04+2.83379061e-04j 3.62629482e-04-2.73578257e-04j
  1.70319860e-04-1.34105084e-04j ... 2.63835384e-03+4.81419076e-04j
  3.43180807e-03-3.56704291e-08j 1.55304998e-03+7.13432281e-07j]
 [2.77432612e-04+6.31388420e-05j 1.75945821e-04-1.35882030e-04j
  8.25590620e-05-6.65513364e-05j ... 1.52052059e-03+2.22998594e-04j
  1.55305359e-03-7.47621848e-07j 9.06574002e-04-8.04689632e-09j]]
[[2.49153763e-01+5.91753710e-09j 1.94053287e-02-3.65940757e-05j
  1.06472768e-02-3.45540834e-04j ... 1.28386622e-05+6.92491791e-04j
  2.59393690e-04-4.03503794e-05j 1.20814294e-04+3.57991435e-06j]
 [1.94053283e-02+3.65954461e-05j 2.07345132e-02+6.74807068e-11j
  9.49127454e-03-2.70819735e-05j ... 9.40750819e-04+9.63648225e-04j
  9.95759544e-05+7.02360739e-05j 4.73803721e-05+3.54590453e-05j]
 [1.06472770e-02+3.45541452e-04j 9.49127465e-03+2.70820383e-05j
  5.28589802e-03+2.59004787e-11j ... 4.46750912e-04+4.68453819e-04j
  4.71019254e-05+3.45987811e-05j 2.23962353e-05+1.74285397e-05j]
 ...
 [1.28323773e-05-6.92491927e-04j 9.40750135e-04-9.63648257e-04j
  4.46750498e-04-4.68453846e-04j ... 7.15017482e-03-3.73948520e-11j
  6.53989941e-04-1.15965440e-04j 3.55606523e-04-5.29526265e-05j]
 [2.59393436e-04+4.03503832e-05j 9.95759326e-05-7.02360717e-05j
  4.71018527e-05-3.45987723e-05j ... 6.53989999e-04+1.15965436e-04j
  5.90239305e-04+1.87566951e-13j 2.71008795e-04+2.32372694e-07j]
 [1.20814157e-04-3.57992064e-06j 4.73803595e-05-3.54590438e-05j
  2.23962148e-05-1.74285358e-05j ... 3.55606539e-04+5.29526257e-05j
  2.71008799e-04-2.32371732e-07j 1.50482438e-04+2.95499769e-13j]]
Done
Saved to /share/home/tanyi/ad-peps/simulations/exci/015_honeycomb_D2_X30/12_0.75_0.75.npz
