No GPU/TPU found, falling back to CPU. (Set TF_CPP_MIN_LOG_LEVEL=0 and rerun for more info.)
Namespace(version=False, sim_mode='exci', config_file='honeycomb_exci.yaml', momentum_ix=1, evaluate=False, init=False)
Running excited-state sim
honeycomb_exci.yaml
/share/home/tanyi/ad-peps/examples/honeycomb_exci.yaml
/share/home/tanyi/ad-peps/examples/honeycomb_exci.yaml
D: 2
chi: 30
ctm_conv_tol: 1.0e-06
ctm_max_iter: 20
ctm_min_iter: 4
disp_level: 1
flush_output: true
model: honeycomb
model_params:
  Jx: 0.15
  Jy: 0.15
momentum_path: Bril1
out_prefix: '015'
pattern:
- - 0
  - 0
- - 0
  - 0
resume: true

Starting simulation of basis vector 1/63
Performing CTM pre-steps without tracking
  | CTM step 1 conv: 1.000e+00 time: 2.67
  | CTM step 2 conv: 5.122e-01 time: 3.48
  | CTM step 3 conv: 9.443e-05 time: 3.0
  | CTM step 4 conv: 1.191e-05 time: 0.36
  | CTM step 5 conv: 1.047e-06 time: 0.35
Performing CTM
  | CTM step 1 conv: 1.000e+00 time: 0.99
  | CTM step 2 conv: 5.422e-10 time: 0.65
  | CTM step 3 conv: 4.291e-11 time: 0.54
Energies: 0.29850752843861383 2.7714906069820327e-14
Norm: 0.257808198723448
========== 
Finished basis vector 1/63 

Starting simulation of basis vector 2/63
Performing CTM pre-steps without tracking
  | CTM step 1 conv: 1.000e+00 time: 0.32
  | CTM step 2 conv: 5.122e-01 time: 0.35
  | CTM step 3 conv: 9.443e-05 time: 0.36
  | CTM step 4 conv: 1.191e-05 time: 0.35
  | CTM step 5 conv: 1.047e-06 time: 0.35
Performing CTM
  | CTM step 1 conv: 1.000e+00 time: 0.45
  | CTM step 2 conv: 5.422e-10 time: 0.53
  | CTM step 3 conv: 4.291e-11 time: 0.53
Energies: 0.04034846878175917 2.7714906069820327e-14
Norm: 0.02073112898167312
========== 
Finished basis vector 2/63 

Starting simulation of basis vector 3/63
Performing CTM pre-steps without tracking
  | CTM step 1 conv: 1.000e+00 time: 0.32
  | CTM step 2 conv: 5.122e-01 time: 0.35
  | CTM step 3 conv: 9.443e-05 time: 0.35
  | CTM step 4 conv: 1.191e-05 time: 0.35
  | CTM step 5 conv: 1.047e-06 time: 0.35
Performing CTM
  | CTM step 1 conv: 1.000e+00 time: 0.44
  | CTM step 2 conv: 5.422e-10 time: 0.53
  | CTM step 3 conv: 4.291e-11 time: 0.52
Energies: 0.010911743695542798 2.7714906069820327e-14
Norm: 0.005331015996740479
========== 
Finished basis vector 3/63 

Starting simulation of basis vector 4/63
Performing CTM pre-steps without tracking
  | CTM step 1 conv: 1.000e+00 time: 0.32
  | CTM step 2 conv: 5.122e-01 time: 0.34
  | CTM step 3 conv: 9.443e-05 time: 0.34
  | CTM step 4 conv: 1.191e-05 time: 0.34
  | CTM step 5 conv: 1.047e-06 time: 0.34
Performing CTM
  | CTM step 1 conv: 1.000e+00 time: 0.44
  | CTM step 2 conv: 5.422e-10 time: 0.56
  | CTM step 3 conv: 4.291e-11 time: 0.52
Energies: 0.39664824080051664 2.7714906069820327e-14
Norm: 0.33643930919777665
========== 
Finished basis vector 4/63 

Starting simulation of basis vector 5/63
Performing CTM pre-steps without tracking
  | CTM step 1 conv: 1.000e+00 time: 0.32
  | CTM step 2 conv: 5.122e-01 time: 0.34
  | CTM step 3 conv: 9.443e-05 time: 0.34
  | CTM step 4 conv: 1.191e-05 time: 0.34
  | CTM step 5 conv: 1.047e-06 time: 0.34
Performing CTM
  | CTM step 1 conv: 1.000e+00 time: 0.44
  | CTM step 2 conv: 5.422e-10 time: 0.52
  | CTM step 3 conv: 4.291e-11 time: 0.52
Energies: 0.09366971459441958 2.7714906069820327e-14
Norm: 0.07784516075946575
========== 
Finished basis vector 5/63 

Starting simulation of basis vector 6/63
Performing CTM pre-steps without tracking
  | CTM step 1 conv: 1.000e+00 time: 0.32
  | CTM step 2 conv: 5.122e-01 time: 0.35
  | CTM step 3 conv: 9.443e-05 time: 0.35
  | CTM step 4 conv: 1.191e-05 time: 0.34
  | CTM step 5 conv: 1.047e-06 time: 0.34
Performing CTM
  | CTM step 1 conv: 1.000e+00 time: 0.44
  | CTM step 2 conv: 5.422e-10 time: 0.52
  | CTM step 3 conv: 4.291e-11 time: 0.52
Energies: 0.013887951613115056 2.7714906069820327e-14
Norm: 0.006660072118853475
========== 
Finished basis vector 6/63 

Starting simulation of basis vector 7/63
Performing CTM pre-steps without tracking
  | CTM step 1 conv: 1.000e+00 time: 0.32
  | CTM step 2 conv: 5.122e-01 time: 0.34
  | CTM step 3 conv: 9.443e-05 time: 0.34
  | CTM step 4 conv: 1.191e-05 time: 0.35
  | CTM step 5 conv: 1.047e-06 time: 0.34
Performing CTM
  | CTM step 1 conv: 1.000e+00 time: 0.44
  | CTM step 2 conv: 5.422e-10 time: 0.53
  | CTM step 3 conv: 4.291e-11 time: 0.52
Energies: 0.0037134281475378157 2.7714906069820327e-14
Norm: 0.0016987350517002169
========== 
Finished basis vector 7/63 

Starting simulation of basis vector 8/63
Performing CTM pre-steps without tracking
  | CTM step 1 conv: 1.000e+00 time: 0.31
  | CTM step 2 conv: 5.122e-01 time: 0.34
  | CTM step 3 conv: 9.443e-05 time: 0.34
  | CTM step 4 conv: 1.191e-05 time: 0.34
  | CTM step 5 conv: 1.047e-06 time: 0.34
Performing CTM
  | CTM step 1 conv: 1.000e+00 time: 0.45
  | CTM step 2 conv: 5.422e-10 time: 0.53
  | CTM step 3 conv: 4.291e-11 time: 0.56
Energies: 0.16258529269624883 2.7714906069820327e-14
Norm: 0.08428027996724533
========== 
Finished basis vector 8/63 

Starting simulation of basis vector 9/63
Performing CTM pre-steps without tracking
  | CTM step 1 conv: 1.000e+00 time: 0.32
  | CTM step 2 conv: 5.122e-01 time: 0.35
  | CTM step 3 conv: 9.443e-05 time: 0.35
  | CTM step 4 conv: 1.191e-05 time: 0.35
  | CTM step 5 conv: 1.047e-06 time: 0.35
Performing CTM
  | CTM step 1 conv: 1.000e+00 time: 0.44
  | CTM step 2 conv: 5.422e-10 time: 0.52
  | CTM step 3 conv: 4.291e-11 time: 0.52
Energies: 0.043817221248365276 2.7714906069820327e-14
Norm: 0.021438905435591585
========== 
Finished basis vector 9/63 

Starting simulation of basis vector 10/63
Performing CTM pre-steps without tracking
  | CTM step 1 conv: 1.000e+00 time: 0.32
  | CTM step 2 conv: 5.122e-01 time: 0.35
  | CTM step 3 conv: 9.443e-05 time: 0.36
  | CTM step 4 conv: 1.191e-05 time: 0.35
  | CTM step 5 conv: 1.047e-06 time: 0.35
Performing CTM
  | CTM step 1 conv: 1.000e+00 time: 0.45
  | CTM step 2 conv: 5.422e-10 time: 0.53
  | CTM step 3 conv: 4.291e-11 time: 0.53
Energies: 0.005165462698729365 2.7714906069820327e-14
Norm: 0.0018687361130159499
========== 
Finished basis vector 10/63 

Starting simulation of basis vector 11/63
Performing CTM pre-steps without tracking
  | CTM step 1 conv: 1.000e+00 time: 0.32
  | CTM step 2 conv: 5.122e-01 time: 0.35
  | CTM step 3 conv: 9.443e-05 time: 0.35
  | CTM step 4 conv: 1.191e-05 time: 0.35
  | CTM step 5 conv: 1.047e-06 time: 0.35
Performing CTM
  | CTM step 1 conv: 1.000e+00 time: 0.44
  | CTM step 2 conv: 5.422e-10 time: 0.53
  | CTM step 3 conv: 4.291e-11 time: 0.55
Energies: 0.0013622061084171003 2.7714906069820327e-14
Norm: 0.00047487879854498706
========== 
Finished basis vector 11/63 

Starting simulation of basis vector 12/63
Performing CTM pre-steps without tracking
  | CTM step 1 conv: 1.000e+00 time: 0.32
  | CTM step 2 conv: 5.122e-01 time: 0.35
  | CTM step 3 conv: 9.443e-05 time: 0.35
  | CTM step 4 conv: 1.191e-05 time: 0.35
  | CTM step 5 conv: 1.047e-06 time: 0.35
Performing CTM
  | CTM step 1 conv: 1.000e+00 time: 0.44
  | CTM step 2 conv: 5.422e-10 time: 0.52
  | CTM step 3 conv: 4.291e-11 time: 0.52
Energies: 0.05678988628407794 2.7714906069820327e-14
Norm: 0.02765550729103261
========== 
Finished basis vector 12/63 

Starting simulation of basis vector 13/63
Performing CTM pre-steps without tracking
  | CTM step 1 conv: 1.000e+00 time: 0.32
  | CTM step 2 conv: 5.122e-01 time: 0.35
  | CTM step 3 conv: 9.443e-05 time: 0.35
  | CTM step 4 conv: 1.191e-05 time: 0.35
  | CTM step 5 conv: 1.047e-06 time: 0.35
Performing CTM
  | CTM step 1 conv: 1.000e+00 time: 0.44
  | CTM step 2 conv: 5.422e-10 time: 0.52
  | CTM step 3 conv: 4.291e-11 time: 0.52
Energies: 0.015028032410108437 2.7714906069820327e-14
Norm: 0.006933342627242252
========== 
Finished basis vector 13/63 

Starting simulation of basis vector 14/63
Performing CTM pre-steps without tracking
  | CTM step 1 conv: 1.000e+00 time: 0.31
  | CTM step 2 conv: 5.122e-01 time: 0.34
  | CTM step 3 conv: 9.443e-05 time: 0.34
  | CTM step 4 conv: 1.191e-05 time: 0.34
  | CTM step 5 conv: 1.047e-06 time: 0.34
Performing CTM
  | CTM step 1 conv: 1.000e+00 time: 0.48
  | CTM step 2 conv: 5.422e-10 time: 0.52
  | CTM step 3 conv: 4.291e-11 time: 0.52
Energies: 0.0017359570924022835 2.7714906069820327e-14
Norm: 0.0005992241396842694
========== 
Finished basis vector 14/63 

Starting simulation of basis vector 15/63
Performing CTM pre-steps without tracking
  | CTM step 1 conv: 1.000e+00 time: 0.32
  | CTM step 2 conv: 5.122e-01 time: 0.35
  | CTM step 3 conv: 9.443e-05 time: 0.35
  | CTM step 4 conv: 1.191e-05 time: 0.35
  | CTM step 5 conv: 1.047e-06 time: 0.35
Performing CTM
  | CTM step 1 conv: 1.000e+00 time: 0.44
  | CTM step 2 conv: 5.422e-10 time: 0.52
  | CTM step 3 conv: 4.291e-11 time: 0.52
Energies: 0.00045732317009055713 2.7714906069820327e-14
Norm: 0.00015225686184641753
========== 
Finished basis vector 15/63 

Starting simulation of basis vector 16/63
Performing CTM pre-steps without tracking
  | CTM step 1 conv: 1.000e+00 time: 0.31
  | CTM step 2 conv: 5.122e-01 time: 0.34
  | CTM step 3 conv: 9.443e-05 time: 0.34
  | CTM step 4 conv: 1.191e-05 time: 0.34
  | CTM step 5 conv: 1.047e-06 time: 0.34
Performing CTM
  | CTM step 1 conv: 1.000e+00 time: 0.44
  | CTM step 2 conv: 5.422e-10 time: 0.52
  | CTM step 3 conv: 4.291e-11 time: 0.52
Energies: 0.49072671672896856 2.7714906069820327e-14
Norm: 0.6304555760639854
========== 
Finished basis vector 16/63 

Starting simulation of basis vector 17/63
Performing CTM pre-steps without tracking
  | CTM step 1 conv: 1.000e+00 time: 0.32
  | CTM step 2 conv: 5.122e-01 time: 0.34
  | CTM step 3 conv: 9.443e-05 time: 0.34
  | CTM step 4 conv: 1.191e-05 time: 0.34
  | CTM step 5 conv: 1.047e-06 time: 0.34
Performing CTM
  | CTM step 1 conv: 1.000e+00 time: 0.44
  | CTM step 2 conv: 5.422e-10 time: 0.53
  | CTM step 3 conv: 4.291e-11 time: 0.52
Energies: 0.2827249703929934 2.7714906069820327e-14
Norm: 0.32347938010701716
========== 
Finished basis vector 17/63 

Starting simulation of basis vector 18/63
Performing CTM pre-steps without tracking
  | CTM step 1 conv: 1.000e+00 time: 0.31
  | CTM step 2 conv: 5.122e-01 time: 0.34
  | CTM step 3 conv: 9.443e-05 time: 0.34
  | CTM step 4 conv: 1.191e-05 time: 0.34
  | CTM step 5 conv: 1.047e-06 time: 0.34
Performing CTM
  | CTM step 1 conv: 1.000e+00 time: 0.45
  | CTM step 2 conv: 5.422e-10 time: 0.54
  | CTM step 3 conv: 4.291e-11 time: 0.56
Energies: 0.014350239452598522 2.7714906069820327e-14
Norm: 0.013346473356605212
========== 
Finished basis vector 18/63 

Starting simulation of basis vector 19/63
Performing CTM pre-steps without tracking
  | CTM step 1 conv: 1.000e+00 time: 0.32
  | CTM step 2 conv: 5.122e-01 time: 0.35
  | CTM step 3 conv: 9.443e-05 time: 0.35
  | CTM step 4 conv: 1.191e-05 time: 0.35
  | CTM step 5 conv: 1.047e-06 time: 0.35
Performing CTM
  | CTM step 1 conv: 1.000e+00 time: 0.44
  | CTM step 2 conv: 5.422e-10 time: 0.52
  | CTM step 3 conv: 4.291e-11 time: 0.52
Energies: 0.0039072779925002745 2.7714906069820327e-14
Norm: 0.0031760942880351816
========== 
Finished basis vector 19/63 

Starting simulation of basis vector 20/63
Performing CTM pre-steps without tracking
  | CTM step 1 conv: 1.000e+00 time: 0.32
  | CTM step 2 conv: 5.122e-01 time: 0.35
  | CTM step 3 conv: 9.443e-05 time: 0.35
  | CTM step 4 conv: 1.191e-05 time: 0.35
  | CTM step 5 conv: 1.047e-06 time: 0.35
Performing CTM
  | CTM step 1 conv: 1.000e+00 time: 0.44
  | CTM step 2 conv: 5.422e-10 time: 0.52
  | CTM step 3 conv: 4.291e-11 time: 0.52
Energies: 0.14107191898140198 2.7714906069820327e-14
Norm: 0.15581293641246458
========== 
Finished basis vector 20/63 

Starting simulation of basis vector 21/63
Performing CTM pre-steps without tracking
  | CTM step 1 conv: 1.000e+00 time: 0.32
  | CTM step 2 conv: 5.122e-01 time: 0.34
  | CTM step 3 conv: 9.443e-05 time: 0.34
  | CTM step 4 conv: 1.191e-05 time: 0.34
  | CTM step 5 conv: 1.047e-06 time: 0.34
Performing CTM
  | CTM step 1 conv: 1.000e+00 time: 0.44
  | CTM step 2 conv: 5.422e-10 time: 0.55
  | CTM step 3 conv: 4.291e-11 time: 0.52
Energies: 0.06694272042690746 2.7714906069820327e-14
Norm: 0.06762666982362366
========== 
Finished basis vector 21/63 

Starting simulation of basis vector 22/63
Performing CTM pre-steps without tracking
  | CTM step 1 conv: 1.000e+00 time: 0.31
  | CTM step 2 conv: 5.122e-01 time: 0.34
  | CTM step 3 conv: 9.443e-05 time: 0.35
  | CTM step 4 conv: 1.191e-05 time: 0.34
  | CTM step 5 conv: 1.047e-06 time: 0.34
Performing CTM
  | CTM step 1 conv: 1.000e+00 time: 0.44
  | CTM step 2 conv: 5.422e-10 time: 0.52
  | CTM step 3 conv: 4.291e-11 time: 0.52
Energies: 0.0055168783701364755 2.7714906069820327e-14
Norm: 0.004548766135972326
========== 
Finished basis vector 22/63 

Starting simulation of basis vector 23/63
Performing CTM pre-steps without tracking
  | CTM step 1 conv: 1.000e+00 time: 0.32
  | CTM step 2 conv: 5.122e-01 time: 0.35
  | CTM step 3 conv: 9.443e-05 time: 0.35
  | CTM step 4 conv: 1.191e-05 time: 0.35
  | CTM step 5 conv: 1.047e-06 time: 0.35
Performing CTM
  | CTM step 1 conv: 1.000e+00 time: 0.44
  | CTM step 2 conv: 5.422e-10 time: 0.52
  | CTM step 3 conv: 4.291e-11 time: 0.52
Energies: 0.0014877190816726142 2.7714906069820327e-14
Norm: 0.0010708446108385226
========== 
Finished basis vector 23/63 

Starting simulation of basis vector 24/63
Performing CTM pre-steps without tracking
  | CTM step 1 conv: 1.000e+00 time: 0.32
  | CTM step 2 conv: 5.122e-01 time: 0.35
  | CTM step 3 conv: 9.443e-05 time: 0.35
  | CTM step 4 conv: 1.191e-05 time: 0.35
  | CTM step 5 conv: 1.047e-06 time: 0.35
Performing CTM
  | CTM step 1 conv: 1.000e+00 time: 0.44
  | CTM step 2 conv: 5.422e-10 time: 0.56
  | CTM step 3 conv: 4.291e-11 time: 0.53
Energies: 0.09410480966092409 2.7714906069820327e-14
Norm: 0.08571050531529165
========== 
Finished basis vector 24/63 

Starting simulation of basis vector 25/63
Performing CTM pre-steps without tracking
  | CTM step 1 conv: 1.000e+00 time: 0.32
  | CTM step 2 conv: 5.122e-01 time: 0.35
  | CTM step 3 conv: 9.443e-05 time: 0.35
  | CTM step 4 conv: 1.191e-05 time: 0.35
  | CTM step 5 conv: 1.047e-06 time: 0.35
Performing CTM
  | CTM step 1 conv: 1.000e+00 time: 0.44
  | CTM step 2 conv: 5.422e-10 time: 0.52
  | CTM step 3 conv: 4.291e-11 time: 0.52
Energies: 0.02809242084945504 2.7714906069820327e-14
Norm: 0.023506062875440766
========== 
Finished basis vector 25/63 

Starting simulation of basis vector 26/63
Performing CTM pre-steps without tracking
  | CTM step 1 conv: 1.000e+00 time: 0.31
  | CTM step 2 conv: 5.122e-01 time: 0.34
  | CTM step 3 conv: 9.443e-05 time: 0.34
  | CTM step 4 conv: 1.191e-05 time: 0.34
  | CTM step 5 conv: 1.047e-06 time: 0.34
Performing CTM
  | CTM step 1 conv: 1.000e+00 time: 0.44
  | CTM step 2 conv: 5.422e-10 time: 0.52
  | CTM step 3 conv: 4.291e-11 time: 0.52
Energies: 0.0029569494076752663 2.7714906069820327e-14
Norm: 0.001532299847028678
========== 
Finished basis vector 26/63 

Starting simulation of basis vector 27/63
Performing CTM pre-steps without tracking
  | CTM step 1 conv: 1.000e+00 time: 0.31
  | CTM step 2 conv: 5.122e-01 time: 0.34
  | CTM step 3 conv: 9.443e-05 time: 0.35
  | CTM step 4 conv: 1.191e-05 time: 0.34
  | CTM step 5 conv: 1.047e-06 time: 0.34
Performing CTM
  | CTM step 1 conv: 1.000e+00 time: 0.44
  | CTM step 2 conv: 5.422e-10 time: 0.52
  | CTM step 3 conv: 4.291e-11 time: 0.52
Energies: 0.0008037344661418727 2.7714906069820327e-14
Norm: 0.00039224977558411506
========== 
Finished basis vector 27/63 

Starting simulation of basis vector 28/63
Performing CTM pre-steps without tracking
  | CTM step 1 conv: 1.000e+00 time: 0.31
  | CTM step 2 conv: 5.122e-01 time: 0.34
  | CTM step 3 conv: 9.443e-05 time: 0.34
  | CTM step 4 conv: 1.191e-05 time: 0.34
  | CTM step 5 conv: 1.047e-06 time: 0.34
Performing CTM
  | CTM step 1 conv: 1.000e+00 time: 0.44
  | CTM step 2 conv: 5.422e-10 time: 0.52
  | CTM step 3 conv: 4.291e-11 time: 0.55
Energies: 0.03785554784204427 2.7714906069820327e-14
Norm: 0.03196659665369285
========== 
Finished basis vector 28/63 

Starting simulation of basis vector 29/63
Performing CTM pre-steps without tracking
  | CTM step 1 conv: 1.000e+00 time: 0.32
  | CTM step 2 conv: 5.122e-01 time: 0.35
  | CTM step 3 conv: 9.443e-05 time: 0.35
  | CTM step 4 conv: 1.191e-05 time: 0.35
  | CTM step 5 conv: 1.047e-06 time: 0.35
Performing CTM
  | CTM step 1 conv: 1.000e+00 time: 0.44
  | CTM step 2 conv: 5.422e-10 time: 0.52
  | CTM step 3 conv: 4.291e-11 time: 0.52
Energies: 0.010642569271589734 2.7714906069820327e-14
Norm: 0.008306881080171996
========== 
Finished basis vector 29/63 

Starting simulation of basis vector 30/63
Performing CTM pre-steps without tracking
  | CTM step 1 conv: 1.000e+00 time: 0.31
  | CTM step 2 conv: 5.122e-01 time: 0.34
  | CTM step 3 conv: 9.443e-05 time: 0.35
  | CTM step 4 conv: 1.191e-05 time: 0.35
  | CTM step 5 conv: 1.047e-06 time: 0.34
Performing CTM
  | CTM step 1 conv: 1.000e+00 time: 0.44
  | CTM step 2 conv: 5.422e-10 time: 0.52
  | CTM step 3 conv: 4.291e-11 time: 0.52
Energies: 0.0010435860935939802 2.7714906069820327e-14
Norm: 0.0005102830780384459
========== 
Finished basis vector 30/63 

Starting simulation of basis vector 31/63
Performing CTM pre-steps without tracking
  | CTM step 1 conv: 1.000e+00 time: 0.32
  | CTM step 2 conv: 5.122e-01 time: 0.34
  | CTM step 3 conv: 9.443e-05 time: 0.35
  | CTM step 4 conv: 1.191e-05 time: 0.35
  | CTM step 5 conv: 1.047e-06 time: 0.35
Performing CTM
  | CTM step 1 conv: 1.000e+00 time: 0.44
  | CTM step 2 conv: 5.422e-10 time: 0.55
  | CTM step 3 conv: 4.291e-11 time: 0.52
Energies: 0.0002858236629291311 2.7714906069820327e-14
Norm: 0.0001321110881942333
========== 
Finished basis vector 31/63 

Starting simulation of basis vector 32/63
Performing CTM pre-steps without tracking
  | CTM step 1 conv: 1.000e+00 time: 0.31
  | CTM step 2 conv: 5.122e-01 time: 0.34
  | CTM step 3 conv: 9.443e-05 time: 0.34
  | CTM step 4 conv: 1.191e-05 time: 0.34
  | CTM step 5 conv: 1.047e-06 time: 0.34
Performing CTM
  | CTM step 1 conv: 1.000e+00 time: 0.44
  | CTM step 2 conv: 5.422e-10 time: 0.52
  | CTM step 3 conv: 4.291e-11 time: 0.52
Energies: 0.10423430651077703 2.7714906069820327e-14
Norm: 0.9401321733317938
========== 
Finished basis vector 32/63 

Starting simulation of basis vector 33/63
Performing CTM pre-steps without tracking
  | CTM step 1 conv: 1.000e+00 time: 0.32
  | CTM step 2 conv: 5.122e-01 time: 0.34
  | CTM step 3 conv: 9.443e-05 time: 0.35
  | CTM step 4 conv: 1.191e-05 time: 0.35
  | CTM step 5 conv: 1.047e-06 time: 0.34
Performing CTM
  | CTM step 1 conv: 1.000e+00 time: 0.44
  | CTM step 2 conv: 5.422e-10 time: 0.52
  | CTM step 3 conv: 4.291e-11 time: 0.52
Energies: 0.07043931695752889 2.7714906069820327e-14
Norm: 0.2685121290197055
========== 
Finished basis vector 33/63 

Starting simulation of basis vector 34/63
Performing CTM pre-steps without tracking
  | CTM step 1 conv: 1.000e+00 time: 0.31
  | CTM step 2 conv: 5.122e-01 time: 0.34
  | CTM step 3 conv: 9.443e-05 time: 0.35
  | CTM step 4 conv: 1.191e-05 time: 0.34
  | CTM step 5 conv: 1.047e-06 time: 0.34
Performing CTM
  | CTM step 1 conv: 1.000e+00 time: 0.47
  | CTM step 2 conv: 5.422e-10 time: 0.52
  | CTM step 3 conv: 4.291e-11 time: 0.52
Energies: 0.01824820708241503 2.7714906069820327e-14
Norm: 0.018608208045679763
========== 
Finished basis vector 34/63 

Starting simulation of basis vector 35/63
Performing CTM pre-steps without tracking
  | CTM step 1 conv: 1.000e+00 time: 0.32
  | CTM step 2 conv: 5.122e-01 time: 0.35
  | CTM step 3 conv: 9.443e-05 time: 0.35
  | CTM step 4 conv: 1.191e-05 time: 0.35
  | CTM step 5 conv: 1.047e-06 time: 0.35
Performing CTM
  | CTM step 1 conv: 1.000e+00 time: 0.44
  | CTM step 2 conv: 5.422e-10 time: 0.53
  | CTM step 3 conv: 4.291e-11 time: 0.53
Energies: 0.005172687865732458 2.7714906069820327e-14
Norm: 0.00474501926437198
========== 
Finished basis vector 35/63 

Starting simulation of basis vector 36/63
Performing CTM pre-steps without tracking
  | CTM step 1 conv: 1.000e+00 time: 0.32
  | CTM step 2 conv: 5.122e-01 time: 0.34
  | CTM step 3 conv: 9.443e-05 time: 0.34
  | CTM step 4 conv: 1.191e-05 time: 0.34
  | CTM step 5 conv: 1.047e-06 time: 0.34
Performing CTM
  | CTM step 1 conv: 1.000e+00 time: 0.44
  | CTM step 2 conv: 5.422e-10 time: 0.52
  | CTM step 3 conv: 4.291e-11 time: 0.52
Energies: 0.06489833919684021 2.7714906069820327e-14
Norm: 0.29772226540372515
========== 
Finished basis vector 36/63 

Starting simulation of basis vector 37/63
Performing CTM pre-steps without tracking
  | CTM step 1 conv: 1.000e+00 time: 0.32
  | CTM step 2 conv: 5.122e-01 time: 0.35
  | CTM step 3 conv: 9.443e-05 time: 0.35
  | CTM step 4 conv: 1.191e-05 time: 0.35
  | CTM step 5 conv: 1.047e-06 time: 0.35
Performing CTM
  | CTM step 1 conv: 1.000e+00 time: 0.44
  | CTM step 2 conv: 5.422e-10 time: 0.52
  | CTM step 3 conv: 4.291e-11 time: 0.52
Energies: 0.027868104865144967 2.7714906069820327e-14
Norm: 0.08104974033082112
========== 
Finished basis vector 37/63 

Starting simulation of basis vector 38/63
Performing CTM pre-steps without tracking
  | CTM step 1 conv: 1.000e+00 time: 0.32
  | CTM step 2 conv: 5.122e-01 time: 0.34
  | CTM step 3 conv: 9.443e-05 time: 0.35
  | CTM step 4 conv: 1.191e-05 time: 0.35
  | CTM step 5 conv: 1.047e-06 time: 0.35
Performing CTM
  | CTM step 1 conv: 1.000e+00 time: 0.44
  | CTM step 2 conv: 5.422e-10 time: 0.52
  | CTM step 3 conv: 4.291e-11 time: 0.56
Energies: 0.006863662665102962 2.7714906069820327e-14
Norm: 0.0060886094749826964
========== 
Finished basis vector 38/63 

Starting simulation of basis vector 39/63
Performing CTM pre-steps without tracking
  | CTM step 1 conv: 1.000e+00 time: 0.32
  | CTM step 2 conv: 5.122e-01 time: 0.35
  | CTM step 3 conv: 9.443e-05 time: 0.35
  | CTM step 4 conv: 1.191e-05 time: 0.35
  | CTM step 5 conv: 1.047e-06 time: 0.35
Performing CTM
  | CTM step 1 conv: 1.000e+00 time: 0.44
  | CTM step 2 conv: 5.422e-10 time: 0.52
  | CTM step 3 conv: 4.291e-11 time: 0.52
Energies: 0.0019199451981086455 2.7714906069820327e-14
Norm: 0.001549301995636931
========== 
Finished basis vector 39/63 

Starting simulation of basis vector 40/63
Performing CTM pre-steps without tracking
  | CTM step 1 conv: 1.000e+00 time: 0.31
  | CTM step 2 conv: 5.122e-01 time: 0.34
  | CTM step 3 conv: 9.443e-05 time: 0.35
  | CTM step 4 conv: 1.191e-05 time: 0.35
  | CTM step 5 conv: 1.047e-06 time: 0.35
Performing CTM
  | CTM step 1 conv: 1.000e+00 time: 0.44
  | CTM step 2 conv: 5.422e-10 time: 0.52
  | CTM step 3 conv: 4.291e-11 time: 0.52
Energies: 0.0790009041968461 2.7714906069820327e-14
Norm: 0.08263852567789572
========== 
Finished basis vector 40/63 

Starting simulation of basis vector 41/63
Performing CTM pre-steps without tracking
  | CTM step 1 conv: 1.000e+00 time: 0.32
  | CTM step 2 conv: 5.122e-01 time: 0.35
  | CTM step 3 conv: 9.443e-05 time: 0.35
  | CTM step 4 conv: 1.191e-05 time: 0.34
  | CTM step 5 conv: 1.047e-06 time: 0.35
Performing CTM
  | CTM step 1 conv: 1.000e+00 time: 0.44
  | CTM step 2 conv: 5.422e-10 time: 0.56
  | CTM step 3 conv: 4.291e-11 time: 0.52
Energies: 0.02250422808683033 2.7714906069820327e-14
Norm: 0.02148450328434621
========== 
Finished basis vector 41/63 

Starting simulation of basis vector 42/63
Performing CTM pre-steps without tracking
  | CTM step 1 conv: 1.000e+00 time: 0.31
  | CTM step 2 conv: 5.122e-01 time: 0.35
  | CTM step 3 conv: 9.443e-05 time: 0.35
  | CTM step 4 conv: 1.191e-05 time: 0.35
  | CTM step 5 conv: 1.047e-06 time: 0.35
Performing CTM
  | CTM step 1 conv: 1.000e+00 time: 0.44
  | CTM step 2 conv: 5.422e-10 time: 0.52
  | CTM step 3 conv: 4.291e-11 time: 0.52
Energies: 0.0031380115118540067 2.7714906069820327e-14
Norm: 0.001695308922676757
========== 
Finished basis vector 42/63 

Starting simulation of basis vector 43/63
Performing CTM pre-steps without tracking
  | CTM step 1 conv: 1.000e+00 time: 0.32
  | CTM step 2 conv: 5.122e-01 time: 0.35
  | CTM step 3 conv: 9.443e-05 time: 0.35
  | CTM step 4 conv: 1.191e-05 time: 0.35
  | CTM step 5 conv: 1.047e-06 time: 0.35
Performing CTM
  | CTM step 1 conv: 1.000e+00 time: 0.44
  | CTM step 2 conv: 5.422e-10 time: 0.52
  | CTM step 3 conv: 4.291e-11 time: 0.52
Energies: 0.0008493767684355083 2.7714906069820327e-14
Norm: 0.00043406243031025594
========== 
Finished basis vector 43/63 

Starting simulation of basis vector 44/63
Performing CTM pre-steps without tracking
  | CTM step 1 conv: 1.000e+00 time: 0.31
  | CTM step 2 conv: 5.122e-01 time: 0.34
  | CTM step 3 conv: 9.443e-05 time: 0.35
  | CTM step 4 conv: 1.191e-05 time: 0.35
  | CTM step 5 conv: 1.047e-06 time: 0.35
Performing CTM
  | CTM step 1 conv: 1.000e+00 time: 0.44
  | CTM step 2 conv: 5.422e-10 time: 0.55
  | CTM step 3 conv: 4.291e-11 time: 0.52
Energies: 0.02985651669557479 2.7714906069820327e-14
Norm: 0.027540266311776505
========== 
Finished basis vector 44/63 

Starting simulation of basis vector 45/63
Performing CTM pre-steps without tracking
  | CTM step 1 conv: 1.000e+00 time: 0.32
  | CTM step 2 conv: 5.122e-01 time: 0.34
  | CTM step 3 conv: 9.443e-05 time: 0.34
  | CTM step 4 conv: 1.191e-05 time: 0.34
  | CTM step 5 conv: 1.047e-06 time: 0.34
Performing CTM
  | CTM step 1 conv: 1.000e+00 time: 0.44
  | CTM step 2 conv: 5.422e-10 time: 0.52
  | CTM step 3 conv: 4.291e-11 time: 0.53
Energies: 0.00834897318882944 2.7714906069820327e-14
Norm: 0.00709064840497904
========== 
Finished basis vector 45/63 

Starting simulation of basis vector 46/63
Performing CTM pre-steps without tracking
  | CTM step 1 conv: 1.000e+00 time: 0.32
  | CTM step 2 conv: 5.122e-01 time: 0.35
  | CTM step 3 conv: 9.443e-05 time: 0.35
  | CTM step 4 conv: 1.191e-05 time: 0.35
  | CTM step 5 conv: 1.047e-06 time: 0.35
Performing CTM
  | CTM step 1 conv: 1.000e+00 time: 0.45
  | CTM step 2 conv: 5.422e-10 time: 0.52
  | CTM step 3 conv: 4.291e-11 time: 0.52
Energies: 0.0010939969558050387 2.7714906069820327e-14
Norm: 0.0005523092204724377
========== 
Finished basis vector 46/63 

Starting simulation of basis vector 47/63
Performing CTM pre-steps without tracking
  | CTM step 1 conv: 1.000e+00 time: 0.31
  | CTM step 2 conv: 5.122e-01 time: 0.34
  | CTM step 3 conv: 9.443e-05 time: 0.34
  | CTM step 4 conv: 1.191e-05 time: 0.34
  | CTM step 5 conv: 1.047e-06 time: 0.34
Performing CTM
  | CTM step 1 conv: 1.000e+00 time: 0.44
  | CTM step 2 conv: 5.422e-10 time: 0.52
  | CTM step 3 conv: 4.291e-11 time: 0.52
Energies: 0.0002956188237695095 2.7714906069820327e-14
Norm: 0.0001416426949534759
========== 
Finished basis vector 47/63 

Starting simulation of basis vector 48/63
Performing CTM pre-steps without tracking
  | CTM step 1 conv: 1.000e+00 time: 0.32
  | CTM step 2 conv: 5.122e-01 time: 0.35
  | CTM step 3 conv: 9.443e-05 time: 0.35
  | CTM step 4 conv: 1.191e-05 time: 0.35
  | CTM step 5 conv: 1.047e-06 time: 0.35
Performing CTM
  | CTM step 1 conv: 1.000e+00 time: 0.44
  | CTM step 2 conv: 5.422e-10 time: 0.52
  | CTM step 3 conv: 4.291e-11 time: 0.56
Energies: 1.017883594504146 2.7714906069820327e-14
Norm: 0.9942867721011286
========== 
Finished basis vector 48/63 

Starting simulation of basis vector 49/63
Performing CTM pre-steps without tracking
  | CTM step 1 conv: 1.000e+00 time: 0.32
  | CTM step 2 conv: 5.122e-01 time: 0.34
  | CTM step 3 conv: 9.443e-05 time: 0.35
  | CTM step 4 conv: 1.191e-05 time: 0.35
  | CTM step 5 conv: 1.047e-06 time: 0.35
Performing CTM
  | CTM step 1 conv: 1.000e+00 time: 0.44
  | CTM step 2 conv: 5.422e-10 time: 0.52
  | CTM step 3 conv: 4.291e-11 time: 0.52
Energies: 0.3020174116347648 2.7714906069820327e-14
Norm: 0.2606338073696672
========== 
Finished basis vector 49/63 

Starting simulation of basis vector 50/63
Performing CTM pre-steps without tracking
  | CTM step 1 conv: 1.000e+00 time: 0.32
  | CTM step 2 conv: 5.122e-01 time: 0.34
  | CTM step 3 conv: 9.443e-05 time: 0.34
  | CTM step 4 conv: 1.191e-05 time: 0.34
  | CTM step 5 conv: 1.047e-06 time: 0.34
Performing CTM
  | CTM step 1 conv: 1.000e+00 time: 0.44
  | CTM step 2 conv: 5.422e-10 time: 0.52
  | CTM step 3 conv: 4.291e-11 time: 0.52
Energies: 0.0412105412466537 2.7714906069820327e-14
Norm: 0.020601634529745214
========== 
Finished basis vector 50/63 

Starting simulation of basis vector 51/63
Performing CTM pre-steps without tracking
  | CTM step 1 conv: 1.000e+00 time: 0.31
  | CTM step 2 conv: 5.122e-01 time: 0.35
  | CTM step 3 conv: 9.443e-05 time: 0.35
  | CTM step 4 conv: 1.191e-05 time: 0.35
  | CTM step 5 conv: 1.047e-06 time: 0.35
Performing CTM
  | CTM step 1 conv: 1.000e+00 time: 0.44
  | CTM step 2 conv: 5.422e-10 time: 0.56
  | CTM step 3 conv: 4.291e-11 time: 0.52
Energies: 0.011026649045310657 2.7714906069820327e-14
Norm: 0.0052501909624104014
========== 
Finished basis vector 51/63 

Starting simulation of basis vector 52/63
Performing CTM pre-steps without tracking
  | CTM step 1 conv: 1.000e+00 time: 0.31
  | CTM step 2 conv: 5.122e-01 time: 0.34
  | CTM step 3 conv: 9.443e-05 time: 0.35
  | CTM step 4 conv: 1.191e-05 time: 0.35
  | CTM step 5 conv: 1.047e-06 time: 0.34
Performing CTM
  | CTM step 1 conv: 1.000e+00 time: 0.44
  | CTM step 2 conv: 5.422e-10 time: 0.52
  | CTM step 3 conv: 4.291e-11 time: 0.52
Energies: 0.3897168001445635 2.7714906069820327e-14
Norm: 0.32995937214621357
========== 
Finished basis vector 52/63 

Starting simulation of basis vector 53/63
Performing CTM pre-steps without tracking
  | CTM step 1 conv: 1.000e+00 time: 0.32
  | CTM step 2 conv: 5.122e-01 time: 0.35
  | CTM step 3 conv: 9.443e-05 time: 0.35
  | CTM step 4 conv: 1.191e-05 time: 0.35
  | CTM step 5 conv: 1.047e-06 time: 0.35
Performing CTM
  | CTM step 1 conv: 1.000e+00 time: 0.44
  | CTM step 2 conv: 5.422e-10 time: 0.52
  | CTM step 3 conv: 4.291e-11 time: 0.52
Energies: 0.09288698997717054 2.7714906069820327e-14
Norm: 0.07691799729819089
========== 
Finished basis vector 53/63 

Starting simulation of basis vector 54/63
Performing CTM pre-steps without tracking
  | CTM step 1 conv: 1.000e+00 time: 0.31
  | CTM step 2 conv: 5.122e-01 time: 0.34
  | CTM step 3 conv: 9.443e-05 time: 0.35
  | CTM step 4 conv: 1.191e-05 time: 0.34
  | CTM step 5 conv: 1.047e-06 time: 0.34
Performing CTM
  | CTM step 1 conv: 1.000e+00 time: 0.47
  | CTM step 2 conv: 5.422e-10 time: 0.52
  | CTM step 3 conv: 4.291e-11 time: 0.53
Energies: 0.014258215814110173 2.7714906069820327e-14
Norm: 0.0067309325736944585
========== 
Finished basis vector 54/63 

Starting simulation of basis vector 55/63
Performing CTM pre-steps without tracking
  | CTM step 1 conv: 1.000e+00 time: 0.32
  | CTM step 2 conv: 5.122e-01 time: 0.35
  | CTM step 3 conv: 9.443e-05 time: 0.35
  | CTM step 4 conv: 1.191e-05 time: 0.35
  | CTM step 5 conv: 1.047e-06 time: 0.35
Performing CTM
  | CTM step 1 conv: 1.000e+00 time: 0.44
  | CTM step 2 conv: 5.422e-10 time: 0.53
  | CTM step 3 conv: 4.291e-11 time: 0.52
Energies: 0.003775288957855725 2.7714906069820327e-14
Norm: 0.001700259979322211
========== 
Finished basis vector 55/63 

Starting simulation of basis vector 56/63
Performing CTM pre-steps without tracking
  | CTM step 1 conv: 1.000e+00 time: 0.32
  | CTM step 2 conv: 5.122e-01 time: 0.35
  | CTM step 3 conv: 9.443e-05 time: 0.35
  | CTM step 4 conv: 1.191e-05 time: 0.35
  | CTM step 5 conv: 1.047e-06 time: 0.35
Performing CTM
  | CTM step 1 conv: 1.000e+00 time: 0.44
  | CTM step 2 conv: 5.422e-10 time: 0.54
  | CTM step 3 conv: 4.291e-11 time: 0.53
Energies: 0.16269239702599497 2.7714906069820327e-14
Norm: 0.08575541553598909
========== 
Finished basis vector 56/63 

Starting simulation of basis vector 57/63
Performing CTM pre-steps without tracking
  | CTM step 1 conv: 1.000e+00 time: 0.32
  | CTM step 2 conv: 5.122e-01 time: 0.35
  | CTM step 3 conv: 9.443e-05 time: 0.35
  | CTM step 4 conv: 1.191e-05 time: 0.35
  | CTM step 5 conv: 1.047e-06 time: 0.35
Performing CTM
  | CTM step 1 conv: 1.000e+00 time: 0.44
  | CTM step 2 conv: 5.422e-10 time: 0.52
  | CTM step 3 conv: 4.291e-11 time: 0.52
Energies: 0.044281406548225766 2.7714906069820327e-14
Norm: 0.022205190331157247
========== 
Finished basis vector 57/63 

Starting simulation of basis vector 58/63
Performing CTM pre-steps without tracking
  | CTM step 1 conv: 1.000e+00 time: 0.31
  | CTM step 2 conv: 5.122e-01 time: 0.34
  | CTM step 3 conv: 9.443e-05 time: 0.34
  | CTM step 4 conv: 1.191e-05 time: 0.34
  | CTM step 5 conv: 1.047e-06 time: 0.34
Performing CTM
  | CTM step 1 conv: 1.000e+00 time: 0.44
  | CTM step 2 conv: 5.422e-10 time: 0.52
  | CTM step 3 conv: 4.291e-11 time: 0.55
Energies: 0.005174059557043548 2.7714906069820327e-14
Norm: 0.001870344192397676
========== 
Finished basis vector 58/63 

Starting simulation of basis vector 59/63
Performing CTM pre-steps without tracking
  | CTM step 1 conv: 1.000e+00 time: 0.32
  | CTM step 2 conv: 5.122e-01 time: 0.35
  | CTM step 3 conv: 9.443e-05 time: 0.35
  | CTM step 4 conv: 1.191e-05 time: 0.35
  | CTM step 5 conv: 1.047e-06 time: 0.35
Performing CTM
  | CTM step 1 conv: 1.000e+00 time: 0.44
  | CTM step 2 conv: 5.422e-10 time: 0.53
  | CTM step 3 conv: 4.291e-11 time: 0.52
Energies: 0.001364031044409862 2.7714906069820327e-14
Norm: 0.000475324560879856
========== 
Finished basis vector 59/63 

Starting simulation of basis vector 60/63
Performing CTM pre-steps without tracking
  | CTM step 1 conv: 1.000e+00 time: 0.32
  | CTM step 2 conv: 5.122e-01 time: 0.35
  | CTM step 3 conv: 9.443e-05 time: 0.35
  | CTM step 4 conv: 1.191e-05 time: 0.35
  | CTM step 5 conv: 1.047e-06 time: 0.35
Performing CTM
  | CTM step 1 conv: 1.000e+00 time: 0.44
  | CTM step 2 conv: 5.422e-10 time: 0.52
  | CTM step 3 conv: 4.291e-11 time: 0.53
Energies: 0.0562690883272401 2.7714906069820327e-14
Norm: 0.027606827691328543
========== 
Finished basis vector 60/63 

Starting simulation of basis vector 61/63
Performing CTM pre-steps without tracking
  | CTM step 1 conv: 1.000e+00 time: 0.32
  | CTM step 2 conv: 5.122e-01 time: 0.34
  | CTM step 3 conv: 9.443e-05 time: 0.35
  | CTM step 4 conv: 1.191e-05 time: 0.35
  | CTM step 5 conv: 1.047e-06 time: 0.35
Performing CTM
  | CTM step 1 conv: 1.000e+00 time: 0.44
  | CTM step 2 conv: 5.422e-10 time: 0.55
  | CTM step 3 conv: 4.291e-11 time: 0.52
Energies: 0.015040438009764663 2.7714906069820327e-14
Norm: 0.007045452106080634
========== 
Finished basis vector 61/63 

Starting simulation of basis vector 62/63
Performing CTM pre-steps without tracking
  | CTM step 1 conv: 1.000e+00 time: 0.32
  | CTM step 2 conv: 5.122e-01 time: 0.35
  | CTM step 3 conv: 9.443e-05 time: 0.35
  | CTM step 4 conv: 1.191e-05 time: 0.35
  | CTM step 5 conv: 1.047e-06 time: 0.35
Performing CTM
  | CTM step 1 conv: 1.000e+00 time: 0.44
  | CTM step 2 conv: 5.422e-10 time: 0.52
  | CTM step 3 conv: 4.291e-11 time: 0.52
Energies: 0.0017399589085688389 2.7714906069820327e-14
Norm: 0.0006002038660037516
========== 
Finished basis vector 62/63 

Starting simulation of basis vector 63/63
Performing CTM pre-steps without tracking
  | CTM step 1 conv: 1.000e+00 time: 0.32
  | CTM step 2 conv: 5.122e-01 time: 0.34
  | CTM step 3 conv: 9.443e-05 time: 0.35
  | CTM step 4 conv: 1.191e-05 time: 0.34
  | CTM step 5 conv: 1.047e-06 time: 0.35
Performing CTM
  | CTM step 1 conv: 1.000e+00 time: 0.44
  | CTM step 2 conv: 5.422e-10 time: 0.52
  | CTM step 3 conv: 4.291e-11 time: 0.52
Energies: 0.00045827687953825947 2.7714906069820327e-14
Norm: 0.00015252014331923735
========== 
Finished basis vector 63/63 

[[5.97015736e-01-2.51611899e-19j 4.18038568e-02+9.26833290e-20j
  2.73345628e-02+9.80025980e-21j ... 2.68094851e-03-7.49743099e-20j
  1.19037034e-03+1.71307208e-20j 5.06619096e-04+1.52307478e-20j]
 [4.14139625e-02+1.65545140e-19j 8.05377377e-02+2.31433028e-19j
  3.62280062e-02+1.12683505e-19j ... 5.32710501e-03+5.92802521e-19j
  5.56414906e-04+7.62009298e-20j 2.62519450e-04+3.62246014e-20j]
 [2.71435721e-02+1.13677447e-19j 3.62287183e-02+1.20435848e-19j
  2.17821960e-02+5.87337115e-20j ... 2.59592908e-03+2.84609834e-19j
  2.69971781e-04+3.78382580e-20j 1.27436616e-04+1.79863667e-20j]
 ...
 [2.62583026e-03+1.23278092e-19j 5.37971822e-03-5.37564409e-19j
  2.62420309e-03-2.55216122e-19j ... 3.00704269e-02-2.23951082e-20j
  2.85345113e-03-7.36350622e-20j 1.61177548e-03-3.53771554e-20j]
 [1.13465749e-03+3.28902576e-20j 5.52325067e-04-1.03478535e-20j
  2.68247217e-04-4.14215642e-21j ... 2.84159513e-03+7.57230128e-20j
  3.47446152e-03+4.44777282e-21j 1.57248405e-03+1.98736330e-21j]
 [4.80872354e-04+9.01018010e-21j 2.60215092e-04-6.63649167e-21j
  1.26454461e-04-2.81950816e-21j ... 1.60637228e-03+3.57767633e-20j
  1.57247022e-03+1.91470197e-21j 9.15369036e-04+8.50613672e-22j]]
[[ 2.57808199e-01+3.87940593e-24j  1.97306801e-02-4.80626572e-20j
   1.13751094e-02-4.27428695e-20j ... -3.98164898e-04+1.30143282e-20j
   3.53755673e-04-8.19495181e-21j  1.55368943e-04-4.76735765e-22j]
 [ 1.97306799e-02+4.80633344e-20j  2.07311290e-02+2.72209979e-26j
   9.53767519e-03-1.78841444e-21j ...  1.23169686e-03+1.60125844e-19j
   1.33900949e-04+1.22323963e-20j  6.29137998e-05+6.13859736e-21j]
 [ 1.13751090e-02+4.27431818e-20j  9.53767508e-03+1.78845095e-21j
   5.33101600e-03+3.03656324e-26j ...  6.00687098e-04+7.68394910e-20j
   6.50964719e-05+5.90919885e-21j  3.06086253e-05+2.96930854e-21j]
 ...
 [-3.98158599e-04-1.30143233e-20j  1.23169753e-03-1.60125878e-19j
   6.00687520e-04-7.68395267e-20j ...  7.04545211e-03-1.05696017e-25j
   7.08617961e-04-1.99263539e-20j  3.78747675e-04-9.36376120e-21j]
 [ 3.53756015e-04+8.19495362e-21j  1.33900972e-04-1.22324028e-20j
   6.50965558e-05-5.90918672e-21j ...  7.08617890e-04+1.99263125e-20j
   6.00203866e-04-1.41480622e-27j  2.75527150e-04+2.07879185e-23j]
 [ 1.55369106e-04+4.76745093e-22j  6.29138109e-05-6.13859844e-21j
   3.06086489e-05-2.96930309e-21j ...  3.78747652e-04+9.36374457e-21j
   2.75527146e-04-2.07881570e-23j  1.52520143e-04+5.09353456e-29j]]
Done
Saved to /share/home/tanyi/ad-peps/simulations/exci/015_honeycomb_D2_X30/1_1.0_0.0.npz
