No GPU/TPU found, falling back to CPU. (Set TF_CPP_MIN_LOG_LEVEL=0 and rerun for more info.)
Namespace(version=False, sim_mode='exci', config_file='honeycomb_exci.yaml', momentum_ix=13, evaluate=False, init=False)
Running excited-state sim
honeycomb_exci.yaml
/share/home/tanyi/ad-peps/examples/honeycomb_exci.yaml
/share/home/tanyi/ad-peps/examples/honeycomb_exci.yaml
D: 2
chi: 30
ctm_conv_tol: 1.0e-06
ctm_max_iter: 20
ctm_min_iter: 4
disp_level: 1
flush_output: true
model: honeycomb
model_params:
  Jx: 0.15
  Jy: 0.15
momentum_path: Bril1
out_prefix: '015'
pattern:
- - 0
  - 0
- - 0
  - 0
resume: true

Starting simulation of basis vector 1/63
Performing CTM pre-steps without tracking
  | CTM step 1 conv: 1.000e+00 time: 2.67
  | CTM step 2 conv: 5.122e-01 time: 3.49
  | CTM step 3 conv: 9.443e-05 time: 2.97
  | CTM step 4 conv: 1.191e-05 time: 0.35
  | CTM step 5 conv: 1.047e-06 time: 0.35
Performing CTM
  | CTM step 1 conv: 1.000e+00 time: 1.0
  | CTM step 2 conv: 5.422e-10 time: 0.65
  | CTM step 3 conv: 4.291e-11 time: 0.53
Energies: 0.29260750615522124 2.7714906069820327e-14
Norm: 0.25038366797810857
========== 
Finished basis vector 1/63 

Starting simulation of basis vector 2/63
Performing CTM pre-steps without tracking
  | CTM step 1 conv: 1.000e+00 time: 0.32
  | CTM step 2 conv: 5.122e-01 time: 0.35
  | CTM step 3 conv: 9.443e-05 time: 0.35
  | CTM step 4 conv: 1.191e-05 time: 0.35
  | CTM step 5 conv: 1.047e-06 time: 0.35
Performing CTM
  | CTM step 1 conv: 1.000e+00 time: 0.44
  | CTM step 2 conv: 5.422e-10 time: 0.52
  | CTM step 3 conv: 4.291e-11 time: 0.52
Energies: 0.04022141512471741 2.7714906069820327e-14
Norm: 0.020706087213343098
========== 
Finished basis vector 2/63 

Starting simulation of basis vector 3/63
Performing CTM pre-steps without tracking
  | CTM step 1 conv: 1.000e+00 time: 0.31
  | CTM step 2 conv: 5.122e-01 time: 0.34
  | CTM step 3 conv: 9.443e-05 time: 0.34
  | CTM step 4 conv: 1.191e-05 time: 0.34
  | CTM step 5 conv: 1.047e-06 time: 0.34
Performing CTM
  | CTM step 1 conv: 1.000e+00 time: 0.44
  | CTM step 2 conv: 5.422e-10 time: 0.52
  | CTM step 3 conv: 4.291e-11 time: 0.52
Energies: 0.010818886440317636 2.7714906069820327e-14
Norm: 0.005282311486395962
========== 
Finished basis vector 3/63 

Starting simulation of basis vector 4/63
Performing CTM pre-steps without tracking
  | CTM step 1 conv: 1.000e+00 time: 0.31
  | CTM step 2 conv: 5.122e-01 time: 0.34
  | CTM step 3 conv: 9.443e-05 time: 0.34
  | CTM step 4 conv: 1.191e-05 time: 0.34
  | CTM step 5 conv: 1.047e-06 time: 0.34
Performing CTM
  | CTM step 1 conv: 1.000e+00 time: 0.44
  | CTM step 2 conv: 5.422e-10 time: 0.55
  | CTM step 3 conv: 4.291e-11 time: 0.52
Energies: 0.38981361657071023 2.7714906069820327e-14
Norm: 0.32699857717097347
========== 
Finished basis vector 4/63 

Starting simulation of basis vector 5/63
Performing CTM pre-steps without tracking
  | CTM step 1 conv: 1.000e+00 time: 0.31
  | CTM step 2 conv: 5.122e-01 time: 0.34
  | CTM step 3 conv: 9.443e-05 time: 0.35
  | CTM step 4 conv: 1.191e-05 time: 0.34
  | CTM step 5 conv: 1.047e-06 time: 0.34
Performing CTM
  | CTM step 1 conv: 1.000e+00 time: 0.44
  | CTM step 2 conv: 5.422e-10 time: 0.52
  | CTM step 3 conv: 4.291e-11 time: 0.52
Energies: 0.11318269605857446 2.7714906069820327e-14
Norm: 0.08562512918505454
========== 
Finished basis vector 5/63 

Starting simulation of basis vector 6/63
Performing CTM pre-steps without tracking
  | CTM step 1 conv: 1.000e+00 time: 0.31
  | CTM step 2 conv: 5.122e-01 time: 0.34
  | CTM step 3 conv: 9.443e-05 time: 0.34
  | CTM step 4 conv: 1.191e-05 time: 0.34
  | CTM step 5 conv: 1.047e-06 time: 0.34
Performing CTM
  | CTM step 1 conv: 1.000e+00 time: 0.44
  | CTM step 2 conv: 5.422e-10 time: 0.52
  | CTM step 3 conv: 4.291e-11 time: 0.52
Energies: 0.01387326821817082 2.7714906069820327e-14
Norm: 0.006679437828173871
========== 
Finished basis vector 6/63 

Starting simulation of basis vector 7/63
Performing CTM pre-steps without tracking
  | CTM step 1 conv: 1.000e+00 time: 0.31
  | CTM step 2 conv: 5.122e-01 time: 0.34
  | CTM step 3 conv: 9.443e-05 time: 0.34
  | CTM step 4 conv: 1.191e-05 time: 0.35
  | CTM step 5 conv: 1.047e-06 time: 0.34
Performing CTM
  | CTM step 1 conv: 1.000e+00 time: 0.44
  | CTM step 2 conv: 5.422e-10 time: 0.52
  | CTM step 3 conv: 4.291e-11 time: 0.52
Energies: 0.0037324523196578018 2.7714906069820327e-14
Norm: 0.0017098553552871967
========== 
Finished basis vector 7/63 

Starting simulation of basis vector 8/63
Performing CTM pre-steps without tracking
  | CTM step 1 conv: 1.000e+00 time: 0.31
  | CTM step 2 conv: 5.122e-01 time: 0.34
  | CTM step 3 conv: 9.443e-05 time: 0.34
  | CTM step 4 conv: 1.191e-05 time: 0.34
  | CTM step 5 conv: 1.047e-06 time: 0.34
Performing CTM
  | CTM step 1 conv: 1.000e+00 time: 0.44
  | CTM step 2 conv: 5.422e-10 time: 0.52
  | CTM step 3 conv: 4.291e-11 time: 0.55
Energies: 0.16160031091047128 2.7714906069820327e-14
Norm: 0.08409399041221378
========== 
Finished basis vector 8/63 

Starting simulation of basis vector 9/63
Performing CTM pre-steps without tracking
  | CTM step 1 conv: 1.000e+00 time: 0.31
  | CTM step 2 conv: 5.122e-01 time: 0.34
  | CTM step 3 conv: 9.443e-05 time: 0.34
  | CTM step 4 conv: 1.191e-05 time: 0.34
  | CTM step 5 conv: 1.047e-06 time: 0.34
Performing CTM
  | CTM step 1 conv: 1.000e+00 time: 0.44
  | CTM step 2 conv: 5.422e-10 time: 0.52
  | CTM step 3 conv: 4.291e-11 time: 0.52
Energies: 0.043659069275645265 2.7714906069820327e-14
Norm: 0.021584875385192145
========== 
Finished basis vector 9/63 

Starting simulation of basis vector 10/63
Performing CTM pre-steps without tracking
  | CTM step 1 conv: 1.000e+00 time: 0.31
  | CTM step 2 conv: 5.122e-01 time: 0.34
  | CTM step 3 conv: 9.443e-05 time: 0.34
  | CTM step 4 conv: 1.191e-05 time: 0.34
  | CTM step 5 conv: 1.047e-06 time: 0.34
Performing CTM
  | CTM step 1 conv: 1.000e+00 time: 0.44
  | CTM step 2 conv: 5.422e-10 time: 0.52
  | CTM step 3 conv: 4.291e-11 time: 0.52
Energies: 0.005019537851442201 2.7714906069820327e-14
Norm: 0.0017995016880073486
========== 
Finished basis vector 10/63 

Starting simulation of basis vector 11/63
Performing CTM pre-steps without tracking
  | CTM step 1 conv: 1.000e+00 time: 0.32
  | CTM step 2 conv: 5.122e-01 time: 0.34
  | CTM step 3 conv: 9.443e-05 time: 0.35
  | CTM step 4 conv: 1.191e-05 time: 0.34
  | CTM step 5 conv: 1.047e-06 time: 0.34
Performing CTM
  | CTM step 1 conv: 1.000e+00 time: 0.44
  | CTM step 2 conv: 5.422e-10 time: 0.53
  | CTM step 3 conv: 4.291e-11 time: 0.55
Energies: 0.0013288814965327245 2.7714906069820327e-14
Norm: 0.000459128086702403
========== 
Finished basis vector 11/63 

Starting simulation of basis vector 12/63
Performing CTM pre-steps without tracking
  | CTM step 1 conv: 1.000e+00 time: 0.31
  | CTM step 2 conv: 5.122e-01 time: 0.34
  | CTM step 3 conv: 9.443e-05 time: 0.34
  | CTM step 4 conv: 1.191e-05 time: 0.34
  | CTM step 5 conv: 1.047e-06 time: 0.34
Performing CTM
  | CTM step 1 conv: 1.000e+00 time: 0.44
  | CTM step 2 conv: 5.422e-10 time: 0.52
  | CTM step 3 conv: 4.291e-11 time: 0.52
Energies: 0.0560079913377973 2.7714906069820327e-14
Norm: 0.027304186743157197
========== 
Finished basis vector 12/63 

Starting simulation of basis vector 13/63
Performing CTM pre-steps without tracking
  | CTM step 1 conv: 1.000e+00 time: 0.31
  | CTM step 2 conv: 5.122e-01 time: 0.34
  | CTM step 3 conv: 9.443e-05 time: 0.35
  | CTM step 4 conv: 1.191e-05 time: 0.35
  | CTM step 5 conv: 1.047e-06 time: 0.34
Performing CTM
  | CTM step 1 conv: 1.000e+00 time: 0.44
  | CTM step 2 conv: 5.422e-10 time: 0.52
  | CTM step 3 conv: 4.291e-11 time: 0.52
Energies: 0.015152868657180706 2.7714906069820327e-14
Norm: 0.007040552469340851
========== 
Finished basis vector 13/63 

Starting simulation of basis vector 14/63
Performing CTM pre-steps without tracking
  | CTM step 1 conv: 1.000e+00 time: 0.31
  | CTM step 2 conv: 5.122e-01 time: 0.34
  | CTM step 3 conv: 9.443e-05 time: 0.34
  | CTM step 4 conv: 1.191e-05 time: 0.34
  | CTM step 5 conv: 1.047e-06 time: 0.34
Performing CTM
  | CTM step 1 conv: 1.000e+00 time: 0.47
  | CTM step 2 conv: 5.422e-10 time: 0.52
  | CTM step 3 conv: 4.291e-11 time: 0.52
Energies: 0.0016955234726046251 2.7714906069820327e-14
Norm: 0.0005798792046246106
========== 
Finished basis vector 14/63 

Starting simulation of basis vector 15/63
Performing CTM pre-steps without tracking
  | CTM step 1 conv: 1.000e+00 time: 0.31
  | CTM step 2 conv: 5.122e-01 time: 0.35
  | CTM step 3 conv: 9.443e-05 time: 0.34
  | CTM step 4 conv: 1.191e-05 time: 0.34
  | CTM step 5 conv: 1.047e-06 time: 0.34
Performing CTM
  | CTM step 1 conv: 1.000e+00 time: 0.44
  | CTM step 2 conv: 5.422e-10 time: 0.52
  | CTM step 3 conv: 4.291e-11 time: 0.52
Energies: 0.0004484364675965897 2.7714906069820327e-14
Norm: 0.0001480443486232191
========== 
Finished basis vector 15/63 

Starting simulation of basis vector 16/63
Performing CTM pre-steps without tracking
  | CTM step 1 conv: 1.000e+00 time: 0.31
  | CTM step 2 conv: 5.122e-01 time: 0.34
  | CTM step 3 conv: 9.443e-05 time: 0.34
  | CTM step 4 conv: 1.191e-05 time: 0.34
  | CTM step 5 conv: 1.047e-06 time: 0.34
Performing CTM
  | CTM step 1 conv: 1.000e+00 time: 0.44
  | CTM step 2 conv: 5.422e-10 time: 0.52
  | CTM step 3 conv: 4.291e-11 time: 0.52
Energies: 0.6097091870492861 2.7714906069820327e-14
Norm: 0.7228842990943423
========== 
Finished basis vector 16/63 

Starting simulation of basis vector 17/63
Performing CTM pre-steps without tracking
  | CTM step 1 conv: 1.000e+00 time: 0.31
  | CTM step 2 conv: 5.122e-01 time: 0.34
  | CTM step 3 conv: 9.443e-05 time: 0.34
  | CTM step 4 conv: 1.191e-05 time: 0.34
  | CTM step 5 conv: 1.047e-06 time: 0.34
Performing CTM
  | CTM step 1 conv: 1.000e+00 time: 0.44
  | CTM step 2 conv: 5.422e-10 time: 0.52
  | CTM step 3 conv: 4.291e-11 time: 0.52
Energies: 0.11441363806265924 2.7714906069820327e-14
Norm: 0.13262143490337586
========== 
Finished basis vector 17/63 

Starting simulation of basis vector 18/63
Performing CTM pre-steps without tracking
  | CTM step 1 conv: 1.000e+00 time: 0.31
  | CTM step 2 conv: 5.122e-01 time: 0.34
  | CTM step 3 conv: 9.443e-05 time: 0.34
  | CTM step 4 conv: 1.191e-05 time: 0.34
  | CTM step 5 conv: 1.047e-06 time: 0.34
Performing CTM
  | CTM step 1 conv: 1.000e+00 time: 0.44
  | CTM step 2 conv: 5.422e-10 time: 0.52
  | CTM step 3 conv: 4.291e-11 time: 0.55
Energies: 0.018010650923781804 2.7714906069820327e-14
Norm: 0.017033360973617434
========== 
Finished basis vector 18/63 

Starting simulation of basis vector 19/63
Performing CTM pre-steps without tracking
  | CTM step 1 conv: 1.000e+00 time: 0.31
  | CTM step 2 conv: 5.122e-01 time: 0.34
  | CTM step 3 conv: 9.443e-05 time: 0.34
  | CTM step 4 conv: 1.191e-05 time: 0.34
  | CTM step 5 conv: 1.047e-06 time: 0.34
Performing CTM
  | CTM step 1 conv: 1.000e+00 time: 0.44
  | CTM step 2 conv: 5.422e-10 time: 0.52
  | CTM step 3 conv: 4.291e-11 time: 0.52
Energies: 0.004654880167448991 2.7714906069820327e-14
Norm: 0.003982552422749844
========== 
Finished basis vector 19/63 

Starting simulation of basis vector 20/63
Performing CTM pre-steps without tracking
  | CTM step 1 conv: 1.000e+00 time: 0.31
  | CTM step 2 conv: 5.122e-01 time: 0.34
  | CTM step 3 conv: 9.443e-05 time: 0.34
  | CTM step 4 conv: 1.191e-05 time: 0.34
  | CTM step 5 conv: 1.047e-06 time: 0.34
Performing CTM
  | CTM step 1 conv: 1.000e+00 time: 0.44
  | CTM step 2 conv: 5.422e-10 time: 0.52
  | CTM step 3 conv: 4.291e-11 time: 0.52
Energies: 0.2513839536850855 2.7714906069820327e-14
Norm: 0.261629326557426
========== 
Finished basis vector 20/63 

Starting simulation of basis vector 21/63
Performing CTM pre-steps without tracking
  | CTM step 1 conv: 1.000e+00 time: 0.31
  | CTM step 2 conv: 5.122e-01 time: 0.34
  | CTM step 3 conv: 9.443e-05 time: 0.34
  | CTM step 4 conv: 1.191e-05 time: 0.34
  | CTM step 5 conv: 1.047e-06 time: 0.34
Performing CTM
  | CTM step 1 conv: 1.000e+00 time: 0.43
  | CTM step 2 conv: 5.422e-10 time: 0.54
  | CTM step 3 conv: 4.291e-11 time: 0.52
Energies: 0.06241969931144751 2.7714906069820327e-14
Norm: 0.06250409675582985
========== 
Finished basis vector 21/63 

Starting simulation of basis vector 22/63
Performing CTM pre-steps without tracking
  | CTM step 1 conv: 1.000e+00 time: 0.31
  | CTM step 2 conv: 5.122e-01 time: 0.34
  | CTM step 3 conv: 9.443e-05 time: 0.34
  | CTM step 4 conv: 1.191e-05 time: 0.34
  | CTM step 5 conv: 1.047e-06 time: 0.34
Performing CTM
  | CTM step 1 conv: 1.000e+00 time: 0.44
  | CTM step 2 conv: 5.422e-10 time: 0.52
  | CTM step 3 conv: 4.291e-11 time: 0.52
Energies: 0.0068397833293719675 2.7714906069820327e-14
Norm: 0.0056917383270881396
========== 
Finished basis vector 22/63 

Starting simulation of basis vector 23/63
Performing CTM pre-steps without tracking
  | CTM step 1 conv: 1.000e+00 time: 0.31
  | CTM step 2 conv: 5.122e-01 time: 0.34
  | CTM step 3 conv: 9.443e-05 time: 0.34
  | CTM step 4 conv: 1.191e-05 time: 0.34
  | CTM step 5 conv: 1.047e-06 time: 0.34
Performing CTM
  | CTM step 1 conv: 1.000e+00 time: 0.43
  | CTM step 2 conv: 5.422e-10 time: 0.52
  | CTM step 3 conv: 4.291e-11 time: 0.52
Energies: 0.0018009195461374805 2.7714906069820327e-14
Norm: 0.0013673169982474764
========== 
Finished basis vector 23/63 

Starting simulation of basis vector 24/63
Performing CTM pre-steps without tracking
  | CTM step 1 conv: 1.000e+00 time: 0.31
  | CTM step 2 conv: 5.122e-01 time: 0.34
  | CTM step 3 conv: 9.443e-05 time: 0.34
  | CTM step 4 conv: 1.191e-05 time: 0.34
  | CTM step 5 conv: 1.047e-06 time: 0.34
Performing CTM
  | CTM step 1 conv: 1.000e+00 time: 0.44
  | CTM step 2 conv: 5.422e-10 time: 0.54
  | CTM step 3 conv: 4.291e-11 time: 0.52
Energies: 0.08788399542797587 2.7714906069820327e-14
Norm: 0.08273819830756829
========== 
Finished basis vector 24/63 

Starting simulation of basis vector 25/63
Performing CTM pre-steps without tracking
  | CTM step 1 conv: 1.000e+00 time: 0.31
  | CTM step 2 conv: 5.122e-01 time: 0.34
  | CTM step 3 conv: 9.443e-05 time: 0.34
  | CTM step 4 conv: 1.191e-05 time: 0.34
  | CTM step 5 conv: 1.047e-06 time: 0.34
Performing CTM
  | CTM step 1 conv: 1.000e+00 time: 0.43
  | CTM step 2 conv: 5.422e-10 time: 0.52
  | CTM step 3 conv: 4.291e-11 time: 0.52
Energies: 0.023918851994869296 2.7714906069820327e-14
Norm: 0.02062345411061533
========== 
Finished basis vector 25/63 

Starting simulation of basis vector 26/63
Performing CTM pre-steps without tracking
  | CTM step 1 conv: 1.000e+00 time: 0.31
  | CTM step 2 conv: 5.122e-01 time: 0.34
  | CTM step 3 conv: 9.443e-05 time: 0.34
  | CTM step 4 conv: 1.191e-05 time: 0.34
  | CTM step 5 conv: 1.047e-06 time: 0.34
Performing CTM
  | CTM step 1 conv: 1.000e+00 time: 0.43
  | CTM step 2 conv: 5.422e-10 time: 0.52
  | CTM step 3 conv: 4.291e-11 time: 0.51
Energies: 0.00327106554889953 2.7714906069820327e-14
Norm: 0.0018262285081292761
========== 
Finished basis vector 26/63 

Starting simulation of basis vector 27/63
Performing CTM pre-steps without tracking
  | CTM step 1 conv: 1.000e+00 time: 0.31
  | CTM step 2 conv: 5.122e-01 time: 0.34
  | CTM step 3 conv: 9.443e-05 time: 0.34
  | CTM step 4 conv: 1.191e-05 time: 0.34
  | CTM step 5 conv: 1.047e-06 time: 0.34
Performing CTM
  | CTM step 1 conv: 1.000e+00 time: 0.43
  | CTM step 2 conv: 5.422e-10 time: 0.52
  | CTM step 3 conv: 4.291e-11 time: 0.51
Energies: 0.0008741015524246995 2.7714906069820327e-14
Norm: 0.00045941465553268413
========== 
Finished basis vector 27/63 

Starting simulation of basis vector 28/63
Performing CTM pre-steps without tracking
  | CTM step 1 conv: 1.000e+00 time: 0.31
  | CTM step 2 conv: 5.122e-01 time: 0.34
  | CTM step 3 conv: 9.443e-05 time: 0.34
  | CTM step 4 conv: 1.191e-05 time: 0.34
  | CTM step 5 conv: 1.047e-06 time: 0.34
Performing CTM
  | CTM step 1 conv: 1.000e+00 time: 0.43
  | CTM step 2 conv: 5.422e-10 time: 0.52
  | CTM step 3 conv: 4.291e-11 time: 0.54
Energies: 0.03540429941787815 2.7714906069820327e-14
Norm: 0.02984730148435436
========== 
Finished basis vector 28/63 

Starting simulation of basis vector 29/63
Performing CTM pre-steps without tracking
  | CTM step 1 conv: 1.000e+00 time: 0.31
  | CTM step 2 conv: 5.122e-01 time: 0.34
  | CTM step 3 conv: 9.443e-05 time: 0.34
  | CTM step 4 conv: 1.191e-05 time: 0.34
  | CTM step 5 conv: 1.047e-06 time: 0.34
Performing CTM
  | CTM step 1 conv: 1.000e+00 time: 0.43
  | CTM step 2 conv: 5.422e-10 time: 0.51
  | CTM step 3 conv: 4.291e-11 time: 0.51
Energies: 0.009561261769210128 2.7714906069820327e-14
Norm: 0.007516901754954441
========== 
Finished basis vector 29/63 

Starting simulation of basis vector 30/63
Performing CTM pre-steps without tracking
  | CTM step 1 conv: 1.000e+00 time: 0.31
  | CTM step 2 conv: 5.122e-01 time: 0.34
  | CTM step 3 conv: 9.443e-05 time: 0.34
  | CTM step 4 conv: 1.191e-05 time: 0.34
  | CTM step 5 conv: 1.047e-06 time: 0.34
Performing CTM
  | CTM step 1 conv: 1.000e+00 time: 0.44
  | CTM step 2 conv: 5.422e-10 time: 0.52
  | CTM step 3 conv: 4.291e-11 time: 0.52
Energies: 0.0011330412905333465 2.7714906069820327e-14
Norm: 0.0005905975603435192
========== 
Finished basis vector 30/63 

Starting simulation of basis vector 31/63
Performing CTM pre-steps without tracking
  | CTM step 1 conv: 1.000e+00 time: 0.31
  | CTM step 2 conv: 5.122e-01 time: 0.34
  | CTM step 3 conv: 9.443e-05 time: 0.34
  | CTM step 4 conv: 1.191e-05 time: 0.34
  | CTM step 5 conv: 1.047e-06 time: 0.34
Performing CTM
  | CTM step 1 conv: 1.000e+00 time: 0.43
  | CTM step 2 conv: 5.422e-10 time: 0.55
  | CTM step 3 conv: 4.291e-11 time: 0.52
Energies: 0.0003051164738875475 2.7714906069820327e-14
Norm: 0.00015036143190306058
========== 
Finished basis vector 31/63 

Starting simulation of basis vector 32/63
Performing CTM pre-steps without tracking
  | CTM step 1 conv: 1.000e+00 time: 0.31
  | CTM step 2 conv: 5.122e-01 time: 0.34
  | CTM step 3 conv: 9.443e-05 time: 0.34
  | CTM step 4 conv: 1.191e-05 time: 0.34
  | CTM step 5 conv: 1.047e-06 time: 0.34
Performing CTM
  | CTM step 1 conv: 1.000e+00 time: 0.43
  | CTM step 2 conv: 5.422e-10 time: 0.51
  | CTM step 3 conv: 4.291e-11 time: 0.52
Energies: 0.124142112632241 2.7714906069820327e-14
Norm: 0.9541234057887193
========== 
Finished basis vector 32/63 

Starting simulation of basis vector 33/63
Performing CTM pre-steps without tracking
  | CTM step 1 conv: 1.000e+00 time: 0.31
  | CTM step 2 conv: 5.122e-01 time: 0.34
  | CTM step 3 conv: 9.443e-05 time: 0.34
  | CTM step 4 conv: 1.191e-05 time: 0.34
  | CTM step 5 conv: 1.047e-06 time: 0.34
Performing CTM
  | CTM step 1 conv: 1.000e+00 time: 0.43
  | CTM step 2 conv: 5.422e-10 time: 0.52
  | CTM step 3 conv: 4.291e-11 time: 0.51
Energies: 0.04298532433862366 2.7714906069820327e-14
Norm: 0.23489343152301306
========== 
Finished basis vector 33/63 

Starting simulation of basis vector 34/63
Performing CTM pre-steps without tracking
  | CTM step 1 conv: 1.000e+00 time: 0.31
  | CTM step 2 conv: 5.122e-01 time: 0.34
  | CTM step 3 conv: 9.443e-05 time: 0.34
  | CTM step 4 conv: 1.191e-05 time: 0.34
  | CTM step 5 conv: 1.047e-06 time: 0.34
Performing CTM
  | CTM step 1 conv: 1.000e+00 time: 0.46
  | CTM step 2 conv: 5.422e-10 time: 0.51
  | CTM step 3 conv: 4.291e-11 time: 0.52
Energies: 0.01892955014993571 2.7714906069820327e-14
Norm: 0.019662258369087835
========== 
Finished basis vector 34/63 

Starting simulation of basis vector 35/63
Performing CTM pre-steps without tracking
  | CTM step 1 conv: 1.000e+00 time: 0.31
  | CTM step 2 conv: 5.122e-01 time: 0.34
  | CTM step 3 conv: 9.443e-05 time: 0.34
  | CTM step 4 conv: 1.191e-05 time: 0.34
  | CTM step 5 conv: 1.047e-06 time: 0.34
Performing CTM
  | CTM step 1 conv: 1.000e+00 time: 0.44
  | CTM step 2 conv: 5.422e-10 time: 0.51
  | CTM step 3 conv: 4.291e-11 time: 0.51
Energies: 0.005314414559230438 2.7714906069820327e-14
Norm: 0.0049472082912103595
========== 
Finished basis vector 35/63 

Starting simulation of basis vector 36/63
Performing CTM pre-steps without tracking
  | CTM step 1 conv: 1.000e+00 time: 0.31
  | CTM step 2 conv: 5.122e-01 time: 0.34
  | CTM step 3 conv: 9.443e-05 time: 0.34
  | CTM step 4 conv: 1.191e-05 time: 0.34
  | CTM step 5 conv: 1.047e-06 time: 0.34
Performing CTM
  | CTM step 1 conv: 1.000e+00 time: 0.43
  | CTM step 2 conv: 5.422e-10 time: 0.51
  | CTM step 3 conv: 4.291e-11 time: 0.52
Energies: 0.08280833898485743 2.7714906069820327e-14
Norm: 0.3122408928445491
========== 
Finished basis vector 36/63 

Starting simulation of basis vector 37/63
Performing CTM pre-steps without tracking
  | CTM step 1 conv: 1.000e+00 time: 0.31
  | CTM step 2 conv: 5.122e-01 time: 0.34
  | CTM step 3 conv: 9.443e-05 time: 0.34
  | CTM step 4 conv: 1.191e-05 time: 0.34
  | CTM step 5 conv: 1.047e-06 time: 0.34
Performing CTM
  | CTM step 1 conv: 1.000e+00 time: 0.44
  | CTM step 2 conv: 5.422e-10 time: 0.52
  | CTM step 3 conv: 4.291e-11 time: 0.52
Energies: 0.027138428517515606 2.7714906069820327e-14
Norm: 0.07903134198473695
========== 
Finished basis vector 37/63 

Starting simulation of basis vector 38/63
Performing CTM pre-steps without tracking
  | CTM step 1 conv: 1.000e+00 time: 0.31
  | CTM step 2 conv: 5.122e-01 time: 0.34
  | CTM step 3 conv: 9.443e-05 time: 0.34
  | CTM step 4 conv: 1.191e-05 time: 0.34
  | CTM step 5 conv: 1.047e-06 time: 0.34
Performing CTM
  | CTM step 1 conv: 1.000e+00 time: 0.44
  | CTM step 2 conv: 5.422e-10 time: 0.52
  | CTM step 3 conv: 4.291e-11 time: 0.55
Energies: 0.007042610221763328 2.7714906069820327e-14
Norm: 0.006399842905481894
========== 
Finished basis vector 38/63 

Starting simulation of basis vector 39/63
Performing CTM pre-steps without tracking
  | CTM step 1 conv: 1.000e+00 time: 0.31
  | CTM step 2 conv: 5.122e-01 time: 0.34
  | CTM step 3 conv: 9.443e-05 time: 0.34
  | CTM step 4 conv: 1.191e-05 time: 0.34
  | CTM step 5 conv: 1.047e-06 time: 0.34
Performing CTM
  | CTM step 1 conv: 1.000e+00 time: 0.43
  | CTM step 2 conv: 5.422e-10 time: 0.52
  | CTM step 3 conv: 4.291e-11 time: 0.52
Energies: 0.0019603150564143747 2.7714906069820327e-14
Norm: 0.001616398003934175
========== 
Finished basis vector 39/63 

Starting simulation of basis vector 40/63
Performing CTM pre-steps without tracking
  | CTM step 1 conv: 1.000e+00 time: 0.31
  | CTM step 2 conv: 5.122e-01 time: 0.34
  | CTM step 3 conv: 9.443e-05 time: 0.34
  | CTM step 4 conv: 1.191e-05 time: 0.34
  | CTM step 5 conv: 1.047e-06 time: 0.34
Performing CTM
  | CTM step 1 conv: 1.000e+00 time: 0.44
  | CTM step 2 conv: 5.422e-10 time: 0.52
  | CTM step 3 conv: 4.291e-11 time: 0.52
Energies: 0.07798623838162407 2.7714906069820327e-14
Norm: 0.08362147475971332
========== 
Finished basis vector 40/63 

Starting simulation of basis vector 41/63
Performing CTM pre-steps without tracking
  | CTM step 1 conv: 1.000e+00 time: 0.31
  | CTM step 2 conv: 5.122e-01 time: 0.34
  | CTM step 3 conv: 9.443e-05 time: 0.34
  | CTM step 4 conv: 1.191e-05 time: 0.34
  | CTM step 5 conv: 1.047e-06 time: 0.34
Performing CTM
  | CTM step 1 conv: 1.000e+00 time: 0.43
  | CTM step 2 conv: 5.422e-10 time: 0.56
  | CTM step 3 conv: 4.291e-11 time: 0.51
Energies: 0.022062314599443897 2.7714906069820327e-14
Norm: 0.021319387300559905
========== 
Finished basis vector 41/63 

Starting simulation of basis vector 42/63
Performing CTM pre-steps without tracking
  | CTM step 1 conv: 1.000e+00 time: 0.31
  | CTM step 2 conv: 5.122e-01 time: 0.34
  | CTM step 3 conv: 9.443e-05 time: 0.34
  | CTM step 4 conv: 1.191e-05 time: 0.34
  | CTM step 5 conv: 1.047e-06 time: 0.34
Performing CTM
  | CTM step 1 conv: 1.000e+00 time: 0.44
  | CTM step 2 conv: 5.422e-10 time: 0.52
  | CTM step 3 conv: 4.291e-11 time: 0.52
Energies: 0.0031922724375849634 2.7714906069820327e-14
Norm: 0.001758453057081783
========== 
Finished basis vector 42/63 

Starting simulation of basis vector 43/63
Performing CTM pre-steps without tracking
  | CTM step 1 conv: 1.000e+00 time: 0.31
  | CTM step 2 conv: 5.122e-01 time: 0.34
  | CTM step 3 conv: 9.443e-05 time: 0.34
  | CTM step 4 conv: 1.191e-05 time: 0.34
  | CTM step 5 conv: 1.047e-06 time: 0.34
Performing CTM
  | CTM step 1 conv: 1.000e+00 time: 0.43
  | CTM step 2 conv: 5.422e-10 time: 0.52
  | CTM step 3 conv: 4.291e-11 time: 0.51
Energies: 0.0008621196496130432 2.7714906069820327e-14
Norm: 0.00044832427449277833
========== 
Finished basis vector 43/63 

Starting simulation of basis vector 44/63
Performing CTM pre-steps without tracking
  | CTM step 1 conv: 1.000e+00 time: 0.31
  | CTM step 2 conv: 5.122e-01 time: 0.34
  | CTM step 3 conv: 9.443e-05 time: 0.34
  | CTM step 4 conv: 1.191e-05 time: 0.34
  | CTM step 5 conv: 1.047e-06 time: 0.34
Performing CTM
  | CTM step 1 conv: 1.000e+00 time: 0.44
  | CTM step 2 conv: 5.422e-10 time: 0.54
  | CTM step 3 conv: 4.291e-11 time: 0.52
Energies: 0.02945682255624053 2.7714906069820327e-14
Norm: 0.027803446990342758
========== 
Finished basis vector 44/63 

Starting simulation of basis vector 45/63
Performing CTM pre-steps without tracking
  | CTM step 1 conv: 1.000e+00 time: 0.31
  | CTM step 2 conv: 5.122e-01 time: 0.34
  | CTM step 3 conv: 9.443e-05 time: 0.34
  | CTM step 4 conv: 1.191e-05 time: 0.34
  | CTM step 5 conv: 1.047e-06 time: 0.34
Performing CTM
  | CTM step 1 conv: 1.000e+00 time: 0.44
  | CTM step 2 conv: 5.422e-10 time: 0.52
  | CTM step 3 conv: 4.291e-11 time: 0.52
Energies: 0.008230842610570228 2.7714906069820327e-14
Norm: 0.0070924026404027354
========== 
Finished basis vector 45/63 

Starting simulation of basis vector 46/63
Performing CTM pre-steps without tracking
  | CTM step 1 conv: 1.000e+00 time: 0.31
  | CTM step 2 conv: 5.122e-01 time: 0.34
  | CTM step 3 conv: 9.443e-05 time: 0.34
  | CTM step 4 conv: 1.191e-05 time: 0.34
  | CTM step 5 conv: 1.047e-06 time: 0.34
Performing CTM
  | CTM step 1 conv: 1.000e+00 time: 0.44
  | CTM step 2 conv: 5.422e-10 time: 0.52
  | CTM step 3 conv: 4.291e-11 time: 0.52
Energies: 0.0011087206485562867 2.7714906069820327e-14
Norm: 0.0005696404518007206
========== 
Finished basis vector 46/63 

Starting simulation of basis vector 47/63
Performing CTM pre-steps without tracking
  | CTM step 1 conv: 1.000e+00 time: 0.31
  | CTM step 2 conv: 5.122e-01 time: 0.34
  | CTM step 3 conv: 9.443e-05 time: 0.34
  | CTM step 4 conv: 1.191e-05 time: 0.34
  | CTM step 5 conv: 1.047e-06 time: 0.34
Performing CTM
  | CTM step 1 conv: 1.000e+00 time: 0.44
  | CTM step 2 conv: 5.422e-10 time: 0.52
  | CTM step 3 conv: 4.291e-11 time: 0.52
Energies: 0.00029888412731426473 2.7714906069820327e-14
Norm: 0.00014553758402133766
========== 
Finished basis vector 47/63 

Starting simulation of basis vector 48/63
Performing CTM pre-steps without tracking
  | CTM step 1 conv: 1.000e+00 time: 0.31
  | CTM step 2 conv: 5.122e-01 time: 0.34
  | CTM step 3 conv: 9.443e-05 time: 0.34
  | CTM step 4 conv: 1.191e-05 time: 0.34
  | CTM step 5 conv: 1.047e-06 time: 0.34
Performing CTM
  | CTM step 1 conv: 1.000e+00 time: 0.44
  | CTM step 2 conv: 5.422e-10 time: 0.52
  | CTM step 3 conv: 4.291e-11 time: 0.55
Energies: 1.0760711724666336 2.7714906069820327e-14
Norm: 1.0005962628778402
========== 
Finished basis vector 48/63 

Starting simulation of basis vector 49/63
Performing CTM pre-steps without tracking
  | CTM step 1 conv: 1.000e+00 time: 0.31
  | CTM step 2 conv: 5.122e-01 time: 0.34
  | CTM step 3 conv: 9.443e-05 time: 0.34
  | CTM step 4 conv: 1.191e-05 time: 0.34
  | CTM step 5 conv: 1.047e-06 time: 0.34
Performing CTM
  | CTM step 1 conv: 1.000e+00 time: 0.43
  | CTM step 2 conv: 5.422e-10 time: 0.52
  | CTM step 3 conv: 4.291e-11 time: 0.51
Energies: 0.2960785086210228 2.7714906069820327e-14
Norm: 0.2535189460910305
========== 
Finished basis vector 49/63 

Starting simulation of basis vector 50/63
Performing CTM pre-steps without tracking
  | CTM step 1 conv: 1.000e+00 time: 0.31
  | CTM step 2 conv: 5.122e-01 time: 0.34
  | CTM step 3 conv: 9.443e-05 time: 0.34
  | CTM step 4 conv: 1.191e-05 time: 0.34
  | CTM step 5 conv: 1.047e-06 time: 0.34
Performing CTM
  | CTM step 1 conv: 1.000e+00 time: 0.43
  | CTM step 2 conv: 5.422e-10 time: 0.52
  | CTM step 3 conv: 4.291e-11 time: 0.52
Energies: 0.04023901684717042 2.7714906069820327e-14
Norm: 0.020619861698686303
========== 
Finished basis vector 50/63 

Starting simulation of basis vector 51/63
Performing CTM pre-steps without tracking
  | CTM step 1 conv: 1.000e+00 time: 0.31
  | CTM step 2 conv: 5.122e-01 time: 0.34
  | CTM step 3 conv: 9.443e-05 time: 0.34
  | CTM step 4 conv: 1.191e-05 time: 0.34
  | CTM step 5 conv: 1.047e-06 time: 0.34
Performing CTM
  | CTM step 1 conv: 1.000e+00 time: 0.43
  | CTM step 2 conv: 5.422e-10 time: 0.54
  | CTM step 3 conv: 4.291e-11 time: 0.52
Energies: 0.010836415485611314 2.7714906069820327e-14
Norm: 0.0052686094672623985
========== 
Finished basis vector 51/63 

Starting simulation of basis vector 52/63
Performing CTM pre-steps without tracking
  | CTM step 1 conv: 1.000e+00 time: 0.31
  | CTM step 2 conv: 5.122e-01 time: 0.34
  | CTM step 3 conv: 9.443e-05 time: 0.34
  | CTM step 4 conv: 1.191e-05 time: 0.34
  | CTM step 5 conv: 1.047e-06 time: 0.34
Performing CTM
  | CTM step 1 conv: 1.000e+00 time: 0.43
  | CTM step 2 conv: 5.422e-10 time: 0.52
  | CTM step 3 conv: 4.291e-11 time: 0.52
Energies: 0.3830143486853438 2.7714906069820327e-14
Norm: 0.3204794948287792
========== 
Finished basis vector 52/63 

Starting simulation of basis vector 53/63
Performing CTM pre-steps without tracking
  | CTM step 1 conv: 1.000e+00 time: 0.31
  | CTM step 2 conv: 5.122e-01 time: 0.34
  | CTM step 3 conv: 9.443e-05 time: 0.34
  | CTM step 4 conv: 1.191e-05 time: 0.34
  | CTM step 5 conv: 1.047e-06 time: 0.34
Performing CTM
  | CTM step 1 conv: 1.000e+00 time: 0.44
  | CTM step 2 conv: 5.422e-10 time: 0.52
  | CTM step 3 conv: 4.291e-11 time: 0.52
Energies: 0.11241348403449827 2.7714906069820327e-14
Norm: 0.08479987995597629
========== 
Finished basis vector 53/63 

Starting simulation of basis vector 54/63
Performing CTM pre-steps without tracking
  | CTM step 1 conv: 1.000e+00 time: 0.31
  | CTM step 2 conv: 5.122e-01 time: 0.34
  | CTM step 3 conv: 9.443e-05 time: 0.34
  | CTM step 4 conv: 1.191e-05 time: 0.34
  | CTM step 5 conv: 1.047e-06 time: 0.34
Performing CTM
  | CTM step 1 conv: 1.000e+00 time: 0.46
  | CTM step 2 conv: 5.422e-10 time: 0.52
  | CTM step 3 conv: 4.291e-11 time: 0.52
Energies: 0.013867444652577325 2.7714906069820327e-14
Norm: 0.006640454634461555
========== 
Finished basis vector 54/63 

Starting simulation of basis vector 55/63
Performing CTM pre-steps without tracking
  | CTM step 1 conv: 1.000e+00 time: 0.31
  | CTM step 2 conv: 5.122e-01 time: 0.34
  | CTM step 3 conv: 9.443e-05 time: 0.34
  | CTM step 4 conv: 1.191e-05 time: 0.34
  | CTM step 5 conv: 1.047e-06 time: 0.34
Performing CTM
  | CTM step 1 conv: 1.000e+00 time: 0.43
  | CTM step 2 conv: 5.422e-10 time: 0.52
  | CTM step 3 conv: 4.291e-11 time: 0.52
Energies: 0.0037353073704668926 2.7714906069820327e-14
Norm: 0.0017032987463255632
========== 
Finished basis vector 55/63 

Starting simulation of basis vector 56/63
Performing CTM pre-steps without tracking
  | CTM step 1 conv: 1.000e+00 time: 0.31
  | CTM step 2 conv: 5.122e-01 time: 0.34
  | CTM step 3 conv: 9.443e-05 time: 0.34
  | CTM step 4 conv: 1.191e-05 time: 0.34
  | CTM step 5 conv: 1.047e-06 time: 0.34
Performing CTM
  | CTM step 1 conv: 1.000e+00 time: 0.44
  | CTM step 2 conv: 5.422e-10 time: 0.52
  | CTM step 3 conv: 4.291e-11 time: 0.52
Energies: 0.16288474715586349 2.7714906069820327e-14
Norm: 0.08562019804575159
========== 
Finished basis vector 56/63 

Starting simulation of basis vector 57/63
Performing CTM pre-steps without tracking
  | CTM step 1 conv: 1.000e+00 time: 0.31
  | CTM step 2 conv: 5.122e-01 time: 0.34
  | CTM step 3 conv: 9.443e-05 time: 0.34
  | CTM step 4 conv: 1.191e-05 time: 0.34
  | CTM step 5 conv: 1.047e-06 time: 0.34
Performing CTM
  | CTM step 1 conv: 1.000e+00 time: 0.44
  | CTM step 2 conv: 5.422e-10 time: 0.52
  | CTM step 3 conv: 4.291e-11 time: 0.52
Energies: 0.04393852797265691 2.7714906069820327e-14
Norm: 0.021918760122080865
========== 
Finished basis vector 57/63 

Starting simulation of basis vector 58/63
Performing CTM pre-steps without tracking
  | CTM step 1 conv: 1.000e+00 time: 0.31
  | CTM step 2 conv: 5.122e-01 time: 0.34
  | CTM step 3 conv: 9.443e-05 time: 0.34
  | CTM step 4 conv: 1.191e-05 time: 0.34
  | CTM step 5 conv: 1.047e-06 time: 0.34
Performing CTM
  | CTM step 1 conv: 1.000e+00 time: 0.44
  | CTM step 2 conv: 5.422e-10 time: 0.52
  | CTM step 3 conv: 4.291e-11 time: 0.55
Energies: 0.005021695972867221 2.7714906069820327e-14
Norm: 0.0018011750672852977
========== 
Finished basis vector 58/63 

Starting simulation of basis vector 59/63
Performing CTM pre-steps without tracking
  | CTM step 1 conv: 1.000e+00 time: 0.31
  | CTM step 2 conv: 5.122e-01 time: 0.34
  | CTM step 3 conv: 9.443e-05 time: 0.34
  | CTM step 4 conv: 1.191e-05 time: 0.34
  | CTM step 5 conv: 1.047e-06 time: 0.34
Performing CTM
  | CTM step 1 conv: 1.000e+00 time: 0.44
  | CTM step 2 conv: 5.422e-10 time: 0.52
  | CTM step 3 conv: 4.291e-11 time: 0.52
Energies: 0.00132950252071551 2.7714906069820327e-14
Norm: 0.0004595814594812342
========== 
Finished basis vector 59/63 

Starting simulation of basis vector 60/63
Performing CTM pre-steps without tracking
  | CTM step 1 conv: 1.000e+00 time: 0.31
  | CTM step 2 conv: 5.122e-01 time: 0.34
  | CTM step 3 conv: 9.443e-05 time: 0.34
  | CTM step 4 conv: 1.191e-05 time: 0.34
  | CTM step 5 conv: 1.047e-06 time: 0.34
Performing CTM
  | CTM step 1 conv: 1.000e+00 time: 0.43
  | CTM step 2 conv: 5.422e-10 time: 0.52
  | CTM step 3 conv: 4.291e-11 time: 0.52
Energies: 0.05629964937573356 2.7714906069820327e-14
Norm: 0.027657224618465166
========== 
Finished basis vector 60/63 

Starting simulation of basis vector 61/63
Performing CTM pre-steps without tracking
  | CTM step 1 conv: 1.000e+00 time: 0.31
  | CTM step 2 conv: 5.122e-01 time: 0.34
  | CTM step 3 conv: 9.443e-05 time: 0.34
  | CTM step 4 conv: 1.191e-05 time: 0.34
  | CTM step 5 conv: 1.047e-06 time: 0.34
Performing CTM
  | CTM step 1 conv: 1.000e+00 time: 0.43
  | CTM step 2 conv: 5.422e-10 time: 0.55
  | CTM step 3 conv: 4.291e-11 time: 0.52
Energies: 0.01521320145928314 2.7714906069820327e-14
Norm: 0.007114963215609459
========== 
Finished basis vector 61/63 

Starting simulation of basis vector 62/63
Performing CTM pre-steps without tracking
  | CTM step 1 conv: 1.000e+00 time: 0.31
  | CTM step 2 conv: 5.122e-01 time: 0.34
  | CTM step 3 conv: 9.443e-05 time: 0.34
  | CTM step 4 conv: 1.191e-05 time: 0.34
  | CTM step 5 conv: 1.047e-06 time: 0.34
Performing CTM
  | CTM step 1 conv: 1.000e+00 time: 0.44
  | CTM step 2 conv: 5.422e-10 time: 0.52
  | CTM step 3 conv: 4.291e-11 time: 0.52
Energies: 0.0016963337753223367 2.7714906069820327e-14
Norm: 0.0005802080275039319
========== 
Finished basis vector 62/63 

Starting simulation of basis vector 63/63
Performing CTM pre-steps without tracking
  | CTM step 1 conv: 1.000e+00 time: 0.31
  | CTM step 2 conv: 5.122e-01 time: 0.34
  | CTM step 3 conv: 9.443e-05 time: 0.34
  | CTM step 4 conv: 1.191e-05 time: 0.34
  | CTM step 5 conv: 1.047e-06 time: 0.34
Performing CTM
  | CTM step 1 conv: 1.000e+00 time: 0.44
  | CTM step 2 conv: 5.422e-10 time: 0.52
  | CTM step 3 conv: 4.291e-11 time: 0.52
Energies: 0.00044869971556231057 2.7714906069820327e-14
Norm: 0.0001481547498071931
========== 
Finished basis vector 63/63 

[[ 5.85210663e-01-1.52977815e-06j  4.14797808e-02+1.02385026e-04j
   2.57279212e-02-1.12328346e-03j ... -1.05810706e-04+7.44850098e-04j
   3.61406812e-04-3.51980375e-04j  1.90155943e-04-7.30224024e-05j]
 [ 4.14723346e-02-1.11636939e-04j  8.04359375e-02+1.62771340e-06j
   3.60505259e-02-1.01043383e-04j ...  2.01498800e-03+4.81270090e-03j
   2.04531855e-04+3.58368170e-04j  1.00925327e-04+1.78852943e-04j]
 [ 2.57242442e-02+1.11879361e-03j  3.60502949e-02+1.02810298e-04j
   2.16359769e-02+4.75257278e-07j ...  9.52505083e-04+2.34103322e-03j
   9.58325708e-05+1.75495956e-04j  4.72258864e-05+8.75137023e-05j]
 ...
 [-1.10198956e-04-7.44812559e-04j  2.01688407e-03-4.81482624e-03j
   9.53548931e-04-2.34221468e-03j ...  3.04256820e-02+2.55858790e-07j
   2.39307585e-03-6.29662552e-04j  1.40059326e-03-2.91727214e-04j]
 [ 3.60013093e-04+3.50659725e-04j  2.04361436e-04-3.57812606e-04j
   9.57912646e-05-1.75214211e-04j ...  2.39264872e-03+6.29294041e-04j
   3.39245560e-03+3.61863554e-08j  1.53399919e-03+9.19329495e-07j]
 [ 1.89508056e-04+7.24205640e-05j  1.00863319e-04-1.78592067e-04j
   4.72162965e-05-8.73813327e-05j ...  1.40039146e-03+2.91571921e-04j
   1.53400218e-03-8.83886313e-07j  8.97353908e-04+8.64479088e-09j]]
[[ 2.50383668e-01-1.84918915e-08j  1.92748968e-02-3.88131361e-05j
   1.06253764e-02-4.56518544e-04j ... -1.10837926e-04+9.14940014e-04j
   1.75778072e-04-5.36416942e-05j  8.38709284e-05+4.65225550e-06j]
 [ 1.92748967e-02+3.88104313e-05j  2.07060872e-02-9.31412761e-11j
   9.48057528e-03-3.66992233e-05j ...  5.01028692e-04+1.26356950e-03j
   5.73680526e-05+9.18196751e-05j  2.74789402e-05+4.63946870e-05j]
 [ 1.06253764e-02+4.56517433e-04j  9.48057530e-03+3.66991029e-05j
   5.28231149e-03-1.15565670e-10j ...  2.38353002e-04+6.14133058e-04j
   2.70681666e-05+4.51045018e-05j  1.29456403e-05+2.27505415e-05j]
 ...
 [-1.10839211e-04-9.14940147e-04j  5.01028563e-04-1.26356939e-03j
   2.38352938e-04-6.14132926e-04j ...  7.11496322e-03+4.01800827e-10j
   5.91881197e-04-1.51589355e-04j  3.25224030e-04-6.91881654e-05j]
 [ 1.75778007e-04+5.36417822e-05j  5.73680445e-05-9.18196392e-05j
   2.70681550e-05-4.51045489e-05j ...  5.91881207e-04+1.51589504e-04j
   5.80208028e-04+4.26779946e-12j  2.66173485e-04+2.92595352e-07j]
 [ 8.38708758e-05-4.65224500e-06j  2.74789342e-05-4.63946774e-05j
   1.29456372e-05-2.27505622e-05j ...  3.25224033e-04+6.91882255e-05j
   2.66173486e-04-2.92595307e-07j  1.48154750e-04-2.97283883e-13j]]
Done
Saved to /share/home/tanyi/ad-peps/simulations/exci/015_honeycomb_D2_X30/13_0.625_0.625.npz
