No GPU/TPU found, falling back to CPU. (Set TF_CPP_MIN_LOG_LEVEL=0 and rerun for more info.)
Namespace(version=False, sim_mode='exci', config_file='honey_brick_exci.yaml', momentum_ix=0, evaluate=False, init=True)
Running excited-state sim
honey_brick_exci.yaml
/share/home/tanyi/ad-peps/examples/honey_brick_exci.yaml
/share/home/tanyi/ad-peps/simulations/exci/11_honey_brick_D2_X30.base.npz
  | CTM step 1 conv: 1.231e-02 time: 2.27 obj: -0.374444
  | CTM step 2 conv: 1.909e-03 time: 2.39 obj: -0.372535
  | CTM step 3 conv: 3.536e-04 time: 5.42 obj: -0.372181
  | CTM step 4 conv: 7.230e-05 time: 6.15 obj: -0.372109
  | CTM step 5 conv: 1.401e-05 time: 3.59 obj: -0.372095
  | CTM step 6 conv: 2.740e-06 time: 3.18 obj: -0.372092
  | CTM step 7 conv: 5.145e-07 time: 2.19 obj: -0.372092
  | CTM step 8 conv: 1.016e-07 time: 1.61 obj: -0.372091
  | CTM step 9 conv: 1.851e-08 time: 1.02 obj: -0.372091
  | CTM step 10 conv: 3.758e-09 time: 0.65 obj: -0.372091
  | CTM step 11 conv: 6.415e-10 time: 0.56 obj: -0.372091
  | CTM step 12 conv: 1.387e-10 time: 0.56 obj: -0.372091
  | CTM step 13 conv: 2.028e-11 time: 0.55 obj: -0.372091
  | CTM step 14 conv: 5.096e-12 time: 0.55 obj: -0.372091
GS norm 7.090500653659308
GS norm 0.9999999999999998
Substracting -0.18604570208716176 from Hamiltonian
Preparing orthonormal basis
Saving base to /share/home/tanyi/ad-peps/simulations/exci/11_honey_brick_D2_X30.base.npz
