No GPU/TPU found, falling back to CPU. (Set TF_CPP_MIN_LOG_LEVEL=0 and rerun for more info.)
Namespace(version=False, sim_mode='exci', config_file='honey_brick_exci.yaml', momentum_ix=6, evaluate=False, init=False)
Running excited-state sim
honey_brick_exci.yaml
/share/home/tanyi/ad-peps/examples/honey_brick_exci.yaml
/share/home/tanyi/ad-peps/examples/honey_brick_exci.yaml
D: 2
chi: 30
ctm_conv_tol: 1.0e-06
ctm_max_iter: 20
ctm_min_iter: 4
disp_level: 1
flush_output: true
model: honey_brick
model_params:
  Jx: 1
  Jy: 1
momentum_path: Bril1
out_prefix: 11
pattern:
- - 0
  - 1
- - 1
  - 0
resume: true

Starting simulation of basis vector 1/62
Performing CTM pre-steps without tracking
  | CTM step 1 conv: 1.000e+00 time: 2.92
  | CTM step 2 conv: 1.000e+00 time: 3.54
  | CTM step 3 conv: 1.000e+00 time: 8.19
  | CTM step 4 conv: 1.000e+00 time: 9.66
  | CTM step 5 conv: 1.000e+00 time: 6.23
  | CTM step 6 conv: 1.000e+00 time: 4.85
  | CTM step 7 conv: 4.826e-06 time: 3.32
  | CTM step 8 conv: 1.003e-05 time: 2.44
  | CTM step 9 conv: 1.567e-06 time: 1.5
  | CTM step 10 conv: 1.015e-06 time: 0.71
Performing CTM
  | CTM step 1 conv: 1.000e+00 time: 1.96
  | CTM step 2 conv: 1.468e-08 time: 1.24
  | CTM step 3 conv: 7.189e-09 time: 1.1
Energies: 0.05062916525052308 0.0
Norm: 0.02531446054957721
========== 
Finished basis vector 1/62 

Starting simulation of basis vector 2/62
Performing CTM pre-steps without tracking
  | CTM step 1 conv: 1.000e+00 time: 0.59
  | CTM step 2 conv: 1.000e+00 time: 0.66
  | CTM step 3 conv: 1.000e+00 time: 0.78
  | CTM step 4 conv: 1.000e+00 time: 0.79
  | CTM step 5 conv: 1.000e+00 time: 0.74
  | CTM step 6 conv: 1.000e+00 time: 0.76
  | CTM step 7 conv: 4.826e-06 time: 0.74
  | CTM step 8 conv: 1.003e-05 time: 0.72
  | CTM step 9 conv: 1.567e-06 time: 0.71
  | CTM step 10 conv: 1.015e-06 time: 0.71
Performing CTM
  | CTM step 1 conv: 1.000e+00 time: 0.91
  | CTM step 2 conv: 1.468e-08 time: 1.08
  | CTM step 3 conv: 7.189e-09 time: 1.07
Energies: 0.12570717768566864 0.0
Norm: 0.07291798283415327
========== 
Finished basis vector 2/62 

Starting simulation of basis vector 3/62
Performing CTM pre-steps without tracking
  | CTM step 1 conv: 1.000e+00 time: 0.58
  | CTM step 2 conv: 1.000e+00 time: 0.65
  | CTM step 3 conv: 1.000e+00 time: 0.7
  | CTM step 4 conv: 1.000e+00 time: 0.73
  | CTM step 5 conv: 1.000e+00 time: 0.72
  | CTM step 6 conv: 1.000e+00 time: 0.71
  | CTM step 7 conv: 4.826e-06 time: 0.71
  | CTM step 8 conv: 1.003e-05 time: 0.7
  | CTM step 9 conv: 1.567e-06 time: 0.7
  | CTM step 10 conv: 1.015e-06 time: 0.7
Performing CTM
  | CTM step 1 conv: 1.000e+00 time: 0.91
  | CTM step 2 conv: 1.468e-08 time: 1.07
  | CTM step 3 conv: 7.189e-09 time: 1.07
Energies: 0.22415456811853796 0.0
Norm: 0.02071770587705996
========== 
Finished basis vector 3/62 

Starting simulation of basis vector 4/62
Performing CTM pre-steps without tracking
  | CTM step 1 conv: 1.000e+00 time: 0.57
  | CTM step 2 conv: 1.000e+00 time: 0.64
  | CTM step 3 conv: 1.000e+00 time: 0.67
  | CTM step 4 conv: 1.000e+00 time: 0.79
  | CTM step 5 conv: 1.000e+00 time: 0.82
  | CTM step 6 conv: 1.000e+00 time: 0.71
  | CTM step 7 conv: 4.826e-06 time: 0.71
  | CTM step 8 conv: 1.003e-05 time: 0.71
  | CTM step 9 conv: 1.567e-06 time: 0.71
  | CTM step 10 conv: 1.015e-06 time: 0.71
Performing CTM
  | CTM step 1 conv: 1.000e+00 time: 0.91
  | CTM step 2 conv: 1.468e-08 time: 1.07
  | CTM step 3 conv: 7.189e-09 time: 1.07
Energies: 0.20358855610183646 0.0
Norm: 0.18110842561448157
========== 
Finished basis vector 4/62 

Starting simulation of basis vector 5/62
Performing CTM pre-steps without tracking
  | CTM step 1 conv: 1.000e+00 time: 0.58
  | CTM step 2 conv: 1.000e+00 time: 0.64
  | CTM step 3 conv: 1.000e+00 time: 0.68
  | CTM step 4 conv: 1.000e+00 time: 0.71
  | CTM step 5 conv: 1.000e+00 time: 0.73
  | CTM step 6 conv: 1.000e+00 time: 0.76
  | CTM step 7 conv: 4.826e-06 time: 0.75
  | CTM step 8 conv: 1.003e-05 time: 0.71
  | CTM step 9 conv: 1.567e-06 time: 0.7
  | CTM step 10 conv: 1.015e-06 time: 0.7
Performing CTM
  | CTM step 1 conv: 1.000e+00 time: 0.91
  | CTM step 2 conv: 1.468e-08 time: 1.07
  | CTM step 3 conv: 7.189e-09 time: 1.06
Energies: 0.09981386383751989 0.0
Norm: 0.0678751391042286
========== 
Finished basis vector 5/62 

Starting simulation of basis vector 6/62
Performing CTM pre-steps without tracking
  | CTM step 1 conv: 1.000e+00 time: 0.58
  | CTM step 2 conv: 1.000e+00 time: 0.64
  | CTM step 3 conv: 1.000e+00 time: 0.68
  | CTM step 4 conv: 1.000e+00 time: 0.76
  | CTM step 5 conv: 1.000e+00 time: 0.74
  | CTM step 6 conv: 1.000e+00 time: 0.72
  | CTM step 7 conv: 4.826e-06 time: 0.73
  | CTM step 8 conv: 1.003e-05 time: 0.7
  | CTM step 9 conv: 1.567e-06 time: 0.7
  | CTM step 10 conv: 1.015e-06 time: 0.71
Performing CTM
  | CTM step 1 conv: 1.000e+00 time: 0.91
  | CTM step 2 conv: 1.468e-08 time: 1.07
  | CTM step 3 conv: 7.189e-09 time: 1.07
Energies: 0.18333061716808352 0.0
Norm: 0.0716267901184076
========== 
Finished basis vector 6/62 

Starting simulation of basis vector 7/62
Performing CTM pre-steps without tracking
  | CTM step 1 conv: 1.000e+00 time: 0.58
  | CTM step 2 conv: 1.000e+00 time: 0.64
  | CTM step 3 conv: 1.000e+00 time: 0.68
  | CTM step 4 conv: 1.000e+00 time: 0.83
  | CTM step 5 conv: 1.000e+00 time: 0.75
  | CTM step 6 conv: 1.000e+00 time: 0.71
  | CTM step 7 conv: 4.826e-06 time: 0.71
  | CTM step 8 conv: 1.003e-05 time: 0.71
  | CTM step 9 conv: 1.567e-06 time: 0.71
  | CTM step 10 conv: 1.015e-06 time: 0.71
Performing CTM
  | CTM step 1 conv: 1.000e+00 time: 0.92
  | CTM step 2 conv: 1.468e-08 time: 1.22
  | CTM step 3 conv: 7.189e-09 time: 1.07
Energies: 0.03374847599207964 0.0
Norm: 0.05611326762231452
========== 
Finished basis vector 7/62 

Starting simulation of basis vector 8/62
Performing CTM pre-steps without tracking
  | CTM step 1 conv: 1.000e+00 time: 0.58
  | CTM step 2 conv: 1.000e+00 time: 0.64
  | CTM step 3 conv: 1.000e+00 time: 0.67
  | CTM step 4 conv: 1.000e+00 time: 0.82
  | CTM step 5 conv: 1.000e+00 time: 0.71
  | CTM step 6 conv: 1.000e+00 time: 0.71
  | CTM step 7 conv: 4.826e-06 time: 0.71
  | CTM step 8 conv: 1.003e-05 time: 0.7
  | CTM step 9 conv: 1.567e-06 time: 0.7
  | CTM step 10 conv: 1.015e-06 time: 0.7
Performing CTM
  | CTM step 1 conv: 1.000e+00 time: 0.91
  | CTM step 2 conv: 1.468e-08 time: 1.07
  | CTM step 3 conv: 7.189e-09 time: 1.07
Energies: 0.11149734954050583 0.0
Norm: 0.07385672874046056
========== 
Finished basis vector 8/62 

Starting simulation of basis vector 9/62
Performing CTM pre-steps without tracking
  | CTM step 1 conv: 1.000e+00 time: 0.59
  | CTM step 2 conv: 1.000e+00 time: 0.64
  | CTM step 3 conv: 1.000e+00 time: 0.68
  | CTM step 4 conv: 1.000e+00 time: 0.78
  | CTM step 5 conv: 1.000e+00 time: 0.72
  | CTM step 6 conv: 1.000e+00 time: 0.71
  | CTM step 7 conv: 4.826e-06 time: 0.71
  | CTM step 8 conv: 1.003e-05 time: 0.71
  | CTM step 9 conv: 1.567e-06 time: 0.7
  | CTM step 10 conv: 1.015e-06 time: 0.7
Performing CTM
  | CTM step 1 conv: 1.000e+00 time: 0.91
  | CTM step 2 conv: 1.468e-08 time: 1.08
  | CTM step 3 conv: 7.189e-09 time: 1.07
Energies: 0.05195722635210864 0.0
Norm: 0.028006297756837745
========== 
Finished basis vector 9/62 

Starting simulation of basis vector 10/62
Performing CTM pre-steps without tracking
  | CTM step 1 conv: 1.000e+00 time: 0.58
  | CTM step 2 conv: 1.000e+00 time: 0.64
  | CTM step 3 conv: 1.000e+00 time: 0.68
  | CTM step 4 conv: 1.000e+00 time: 0.7
  | CTM step 5 conv: 1.000e+00 time: 0.71
  | CTM step 6 conv: 1.000e+00 time: 0.71
  | CTM step 7 conv: 4.826e-06 time: 0.7
  | CTM step 8 conv: 1.003e-05 time: 0.7
  | CTM step 9 conv: 1.567e-06 time: 0.71
  | CTM step 10 conv: 1.015e-06 time: 0.7
Performing CTM
  | CTM step 1 conv: 1.000e+00 time: 0.91
  | CTM step 2 conv: 1.468e-08 time: 1.07
  | CTM step 3 conv: 7.189e-09 time: 1.06
Energies: 0.18045879745754245 0.0
Norm: 0.10533238622808824
========== 
Finished basis vector 10/62 

Starting simulation of basis vector 11/62
Performing CTM pre-steps without tracking
  | CTM step 1 conv: 1.000e+00 time: 0.57
  | CTM step 2 conv: 1.000e+00 time: 0.64
  | CTM step 3 conv: 1.000e+00 time: 0.67
  | CTM step 4 conv: 1.000e+00 time: 0.82
  | CTM step 5 conv: 1.000e+00 time: 0.71
  | CTM step 6 conv: 1.000e+00 time: 0.71
  | CTM step 7 conv: 4.826e-06 time: 0.75
  | CTM step 8 conv: 1.003e-05 time: 0.7
  | CTM step 9 conv: 1.567e-06 time: 0.7
  | CTM step 10 conv: 1.015e-06 time: 0.7
Performing CTM
  | CTM step 1 conv: 1.000e+00 time: 0.9
  | CTM step 2 conv: 1.468e-08 time: 1.07
  | CTM step 3 conv: 7.189e-09 time: 1.06
Energies: 0.2982819140996289 0.0
Norm: 0.028141135005123816
========== 
Finished basis vector 11/62 

Starting simulation of basis vector 12/62
Performing CTM pre-steps without tracking
  | CTM step 1 conv: 1.000e+00 time: 0.57
  | CTM step 2 conv: 1.000e+00 time: 0.63
  | CTM step 3 conv: 1.000e+00 time: 0.67
  | CTM step 4 conv: 1.000e+00 time: 0.82
  | CTM step 5 conv: 1.000e+00 time: 0.72
  | CTM step 6 conv: 1.000e+00 time: 0.71
  | CTM step 7 conv: 4.826e-06 time: 0.71
  | CTM step 8 conv: 1.003e-05 time: 0.7
  | CTM step 9 conv: 1.567e-06 time: 0.71
  | CTM step 10 conv: 1.015e-06 time: 0.71
Performing CTM
  | CTM step 1 conv: 1.000e+00 time: 0.9
  | CTM step 2 conv: 1.468e-08 time: 1.07
  | CTM step 3 conv: 7.189e-09 time: 1.06
Energies: 0.18422222409422062 0.0
Norm: 0.1944795974579778
========== 
Finished basis vector 12/62 

Starting simulation of basis vector 13/62
Performing CTM pre-steps without tracking
  | CTM step 1 conv: 1.000e+00 time: 0.58
  | CTM step 2 conv: 1.000e+00 time: 0.64
  | CTM step 3 conv: 1.000e+00 time: 0.67
  | CTM step 4 conv: 1.000e+00 time: 0.71
  | CTM step 5 conv: 1.000e+00 time: 0.7
  | CTM step 6 conv: 1.000e+00 time: 0.7
  | CTM step 7 conv: 4.826e-06 time: 0.75
  | CTM step 8 conv: 1.003e-05 time: 0.71
  | CTM step 9 conv: 1.567e-06 time: 0.71
  | CTM step 10 conv: 1.015e-06 time: 0.73
Performing CTM
  | CTM step 1 conv: 1.000e+00 time: 0.92
  | CTM step 2 conv: 1.468e-08 time: 1.09
  | CTM step 3 conv: 7.189e-09 time: 1.1
Energies: 0.09644789648905538 0.0
Norm: 0.07382347961737692
========== 
Finished basis vector 13/62 

Starting simulation of basis vector 14/62
Performing CTM pre-steps without tracking
  | CTM step 1 conv: 1.000e+00 time: 0.58
  | CTM step 2 conv: 1.000e+00 time: 0.64
  | CTM step 3 conv: 1.000e+00 time: 0.68
  | CTM step 4 conv: 1.000e+00 time: 0.77
  | CTM step 5 conv: 1.000e+00 time: 0.73
  | CTM step 6 conv: 1.000e+00 time: 0.72
  | CTM step 7 conv: 4.826e-06 time: 0.72
  | CTM step 8 conv: 1.003e-05 time: 0.71
  | CTM step 9 conv: 1.567e-06 time: 0.71
  | CTM step 10 conv: 1.015e-06 time: 0.71
Performing CTM
  | CTM step 1 conv: 1.000e+00 time: 0.92
  | CTM step 2 conv: 1.468e-08 time: 1.09
  | CTM step 3 conv: 7.189e-09 time: 1.08
Energies: 0.4465566510766674 0.0
Norm: 0.16602585769137332
========== 
Finished basis vector 14/62 

Starting simulation of basis vector 15/62
Performing CTM pre-steps without tracking
  | CTM step 1 conv: 1.000e+00 time: 0.58
  | CTM step 2 conv: 1.000e+00 time: 0.64
  | CTM step 3 conv: 1.000e+00 time: 0.68
  | CTM step 4 conv: 1.000e+00 time: 0.77
  | CTM step 5 conv: 1.000e+00 time: 0.79
  | CTM step 6 conv: 1.000e+00 time: 0.71
  | CTM step 7 conv: 4.826e-06 time: 0.71
  | CTM step 8 conv: 1.003e-05 time: 0.71
  | CTM step 9 conv: 1.567e-06 time: 0.71
  | CTM step 10 conv: 1.015e-06 time: 0.71
Performing CTM
  | CTM step 1 conv: 1.000e+00 time: 0.92
  | CTM step 2 conv: 1.468e-08 time: 1.09
  | CTM step 3 conv: 7.189e-09 time: 1.08
Energies: 0.08095832944830361 0.0
Norm: 0.09348346114494889
========== 
Finished basis vector 15/62 

Starting simulation of basis vector 16/62
Performing CTM pre-steps without tracking
  | CTM step 1 conv: 1.000e+00 time: 0.58
  | CTM step 2 conv: 1.000e+00 time: 0.64
  | CTM step 3 conv: 1.000e+00 time: 0.68
  | CTM step 4 conv: 1.000e+00 time: 0.78
  | CTM step 5 conv: 1.000e+00 time: 0.75
  | CTM step 6 conv: 1.000e+00 time: 0.71
  | CTM step 7 conv: 4.826e-06 time: 0.7
  | CTM step 8 conv: 1.003e-05 time: 0.7
  | CTM step 9 conv: 1.567e-06 time: 0.7
  | CTM step 10 conv: 1.015e-06 time: 0.7
Performing CTM
  | CTM step 1 conv: 1.000e+00 time: 0.91
  | CTM step 2 conv: 1.468e-08 time: 1.07
  | CTM step 3 conv: 7.189e-09 time: 1.07
Energies: 0.15577224677099943 0.0
Norm: 0.0686840214775062
========== 
Finished basis vector 16/62 

Starting simulation of basis vector 17/62
Performing CTM pre-steps without tracking
  | CTM step 1 conv: 1.000e+00 time: 0.57
  | CTM step 2 conv: 1.000e+00 time: 0.64
  | CTM step 3 conv: 1.000e+00 time: 0.67
  | CTM step 4 conv: 1.000e+00 time: 0.82
  | CTM step 5 conv: 1.000e+00 time: 0.71
  | CTM step 6 conv: 1.000e+00 time: 0.75
  | CTM step 7 conv: 4.826e-06 time: 0.7
  | CTM step 8 conv: 1.003e-05 time: 0.7
  | CTM step 9 conv: 1.567e-06 time: 0.78
  | CTM step 10 conv: 1.015e-06 time: 0.71
Performing CTM
  | CTM step 1 conv: 1.000e+00 time: 0.91
  | CTM step 2 conv: 1.468e-08 time: 1.08
  | CTM step 3 conv: 7.189e-09 time: 1.07
Energies: 0.08449112132421077 0.0
Norm: 0.02451275442283195
========== 
Finished basis vector 17/62 

Starting simulation of basis vector 18/62
Performing CTM pre-steps without tracking
  | CTM step 1 conv: 1.000e+00 time: 0.58
  | CTM step 2 conv: 1.000e+00 time: 0.64
  | CTM step 3 conv: 1.000e+00 time: 0.68
  | CTM step 4 conv: 1.000e+00 time: 0.77
  | CTM step 5 conv: 1.000e+00 time: 0.76
  | CTM step 6 conv: 1.000e+00 time: 0.72
  | CTM step 7 conv: 4.826e-06 time: 0.71
  | CTM step 8 conv: 1.003e-05 time: 0.71
  | CTM step 9 conv: 1.567e-06 time: 0.71
  | CTM step 10 conv: 1.015e-06 time: 0.71
Performing CTM
  | CTM step 1 conv: 1.000e+00 time: 0.91
  | CTM step 2 conv: 1.468e-08 time: 1.08
  | CTM step 3 conv: 7.189e-09 time: 1.08
Energies: 0.30352776658599545 0.0
Norm: 0.19448812012384045
========== 
Finished basis vector 18/62 

Starting simulation of basis vector 19/62
Performing CTM pre-steps without tracking
  | CTM step 1 conv: 1.000e+00 time: 0.58
  | CTM step 2 conv: 1.000e+00 time: 0.64
  | CTM step 3 conv: 1.000e+00 time: 0.68
  | CTM step 4 conv: 1.000e+00 time: 0.74
  | CTM step 5 conv: 1.000e+00 time: 0.76
  | CTM step 6 conv: 1.000e+00 time: 0.71
  | CTM step 7 conv: 4.826e-06 time: 0.71
  | CTM step 8 conv: 1.003e-05 time: 0.7
  | CTM step 9 conv: 1.567e-06 time: 0.7
  | CTM step 10 conv: 1.015e-06 time: 0.7
Performing CTM
  | CTM step 1 conv: 1.000e+00 time: 0.91
  | CTM step 2 conv: 1.468e-08 time: 1.08
  | CTM step 3 conv: 7.189e-09 time: 1.07
Energies: 0.15506021867130304 0.0
Norm: 0.07473549164434182
========== 
Finished basis vector 19/62 

Starting simulation of basis vector 20/62
Performing CTM pre-steps without tracking
  | CTM step 1 conv: 1.000e+00 time: 0.57
  | CTM step 2 conv: 1.000e+00 time: 0.63
  | CTM step 3 conv: 1.000e+00 time: 0.67
  | CTM step 4 conv: 1.000e+00 time: 0.81
  | CTM step 5 conv: 1.000e+00 time: 0.79
  | CTM step 6 conv: 1.000e+00 time: 0.71
  | CTM step 7 conv: 4.826e-06 time: 0.71
  | CTM step 8 conv: 1.003e-05 time: 0.7
  | CTM step 9 conv: 1.567e-06 time: 0.7
  | CTM step 10 conv: 1.015e-06 time: 0.7
Performing CTM
  | CTM step 1 conv: 1.000e+00 time: 0.9
  | CTM step 2 conv: 1.468e-08 time: 1.07
  | CTM step 3 conv: 7.189e-09 time: 1.06
Energies: 0.3521982360979017 0.0
Norm: 0.18743688762788716
========== 
Finished basis vector 20/62 

Starting simulation of basis vector 21/62
Performing CTM pre-steps without tracking
  | CTM step 1 conv: 1.000e+00 time: 0.57
  | CTM step 2 conv: 1.000e+00 time: 0.63
  | CTM step 3 conv: 1.000e+00 time: 0.67
  | CTM step 4 conv: 1.000e+00 time: 0.81
  | CTM step 5 conv: 1.000e+00 time: 0.71
  | CTM step 6 conv: 1.000e+00 time: 0.71
  | CTM step 7 conv: 4.826e-06 time: 0.71
  | CTM step 8 conv: 1.003e-05 time: 0.71
  | CTM step 9 conv: 1.567e-06 time: 0.7
  | CTM step 10 conv: 1.015e-06 time: 0.7
Performing CTM
  | CTM step 1 conv: 1.000e+00 time: 0.91
  | CTM step 2 conv: 1.468e-08 time: 1.08
  | CTM step 3 conv: 7.189e-09 time: 1.07
Energies: 0.14598933135763303 0.0
Norm: 0.06942828478591703
========== 
Finished basis vector 21/62 

Starting simulation of basis vector 22/62
Performing CTM pre-steps without tracking
  | CTM step 1 conv: 1.000e+00 time: 0.57
  | CTM step 2 conv: 1.000e+00 time: 0.63
  | CTM step 3 conv: 1.000e+00 time: 0.76
  | CTM step 4 conv: 1.000e+00 time: 0.73
  | CTM step 5 conv: 1.000e+00 time: 0.88
  | CTM step 6 conv: 1.000e+00 time: 0.71
  | CTM step 7 conv: 4.826e-06 time: 0.7
  | CTM step 8 conv: 1.003e-05 time: 0.7
  | CTM step 9 conv: 1.567e-06 time: 0.7
  | CTM step 10 conv: 1.015e-06 time: 0.7
Performing CTM
  | CTM step 1 conv: 1.000e+00 time: 0.9
  | CTM step 2 conv: 1.468e-08 time: 1.07
  | CTM step 3 conv: 7.189e-09 time: 1.09
Energies: 0.5242757237332683 0.0
Norm: 0.5140595745773029
========== 
Finished basis vector 22/62 

Starting simulation of basis vector 23/62
Performing CTM pre-steps without tracking
  | CTM step 1 conv: 1.000e+00 time: 0.58
  | CTM step 2 conv: 1.000e+00 time: 0.64
  | CTM step 3 conv: 1.000e+00 time: 0.67
  | CTM step 4 conv: 1.000e+00 time: 0.82
  | CTM step 5 conv: 1.000e+00 time: 0.76
  | CTM step 6 conv: 1.000e+00 time: 0.71
  | CTM step 7 conv: 4.826e-06 time: 0.8
  | CTM step 8 conv: 1.003e-05 time: 0.71
  | CTM step 9 conv: 1.567e-06 time: 0.71
  | CTM step 10 conv: 1.015e-06 time: 0.7
Performing CTM
  | CTM step 1 conv: 1.000e+00 time: 0.91
  | CTM step 2 conv: 1.468e-08 time: 1.08
  | CTM step 3 conv: 7.189e-09 time: 1.07
Energies: 0.2738005527950511 0.0
Norm: 0.19753885714064714
========== 
Finished basis vector 23/62 

Starting simulation of basis vector 24/62
Performing CTM pre-steps without tracking
  | CTM step 1 conv: 1.000e+00 time: 0.58
  | CTM step 2 conv: 1.000e+00 time: 0.64
  | CTM step 3 conv: 1.000e+00 time: 0.68
  | CTM step 4 conv: 1.000e+00 time: 0.71
  | CTM step 5 conv: 1.000e+00 time: 0.72
  | CTM step 6 conv: 1.000e+00 time: 0.71
  | CTM step 7 conv: 4.826e-06 time: 0.71
  | CTM step 8 conv: 1.003e-05 time: 0.71
  | CTM step 9 conv: 1.567e-06 time: 0.71
  | CTM step 10 conv: 1.015e-06 time: 0.71
Performing CTM
  | CTM step 1 conv: 1.000e+00 time: 0.91
  | CTM step 2 conv: 1.468e-08 time: 1.08
  | CTM step 3 conv: 7.189e-09 time: 1.07
Energies: 0.16255379403609505 0.0
Norm: 0.07628308610332285
========== 
Finished basis vector 24/62 

Starting simulation of basis vector 25/62
Performing CTM pre-steps without tracking
  | CTM step 1 conv: 1.000e+00 time: 0.58
  | CTM step 2 conv: 1.000e+00 time: 0.64
  | CTM step 3 conv: 1.000e+00 time: 0.67
  | CTM step 4 conv: 1.000e+00 time: 0.82
  | CTM step 5 conv: 1.000e+00 time: 0.71
  | CTM step 6 conv: 1.000e+00 time: 0.71
  | CTM step 7 conv: 4.826e-06 time: 0.7
  | CTM step 8 conv: 1.003e-05 time: 0.74
  | CTM step 9 conv: 1.567e-06 time: 0.7
  | CTM step 10 conv: 1.015e-06 time: 0.7
Performing CTM
  | CTM step 1 conv: 1.000e+00 time: 0.91
  | CTM step 2 conv: 1.468e-08 time: 1.08
  | CTM step 3 conv: 7.189e-09 time: 1.07
Energies: 0.09225116421578372 0.0
Norm: 0.02734776963484164
========== 
Finished basis vector 25/62 

Starting simulation of basis vector 26/62
Performing CTM pre-steps without tracking
  | CTM step 1 conv: 1.000e+00 time: 0.58
  | CTM step 2 conv: 1.000e+00 time: 0.65
  | CTM step 3 conv: 1.000e+00 time: 0.69
  | CTM step 4 conv: 1.000e+00 time: 0.73
  | CTM step 5 conv: 1.000e+00 time: 0.72
  | CTM step 6 conv: 1.000e+00 time: 0.72
  | CTM step 7 conv: 4.826e-06 time: 0.71
  | CTM step 8 conv: 1.003e-05 time: 0.71
  | CTM step 9 conv: 1.567e-06 time: 0.71
  | CTM step 10 conv: 1.015e-06 time: 0.7
Performing CTM
  | CTM step 1 conv: 1.000e+00 time: 0.92
  | CTM step 2 conv: 1.468e-08 time: 1.09
  | CTM step 3 conv: 7.189e-09 time: 1.08
Energies: 0.30322794580082046 0.0
Norm: 0.214927495183067
========== 
Finished basis vector 26/62 

Starting simulation of basis vector 27/62
Performing CTM pre-steps without tracking
  | CTM step 1 conv: 1.000e+00 time: 0.57
  | CTM step 2 conv: 1.000e+00 time: 0.64
  | CTM step 3 conv: 1.000e+00 time: 0.67
  | CTM step 4 conv: 1.000e+00 time: 0.76
  | CTM step 5 conv: 1.000e+00 time: 0.71
  | CTM step 6 conv: 1.000e+00 time: 0.71
  | CTM step 7 conv: 4.826e-06 time: 0.71
  | CTM step 8 conv: 1.003e-05 time: 0.7
  | CTM step 9 conv: 1.567e-06 time: 0.7
  | CTM step 10 conv: 1.015e-06 time: 0.7
Performing CTM
  | CTM step 1 conv: 1.000e+00 time: 0.91
  | CTM step 2 conv: 1.468e-08 time: 1.07
  | CTM step 3 conv: 7.189e-09 time: 1.07
Energies: 0.16894263518748032 0.0
Norm: 0.08398330919739543
========== 
Finished basis vector 27/62 

Starting simulation of basis vector 28/62
Performing CTM pre-steps without tracking
  | CTM step 1 conv: 1.000e+00 time: 0.57
  | CTM step 2 conv: 1.000e+00 time: 0.64
  | CTM step 3 conv: 1.000e+00 time: 0.67
  | CTM step 4 conv: 1.000e+00 time: 0.71
  | CTM step 5 conv: 1.000e+00 time: 0.72
  | CTM step 6 conv: 1.000e+00 time: 0.72
  | CTM step 7 conv: 4.826e-06 time: 0.72
  | CTM step 8 conv: 1.003e-05 time: 0.75
  | CTM step 9 conv: 1.567e-06 time: 0.7
  | CTM step 10 conv: 1.015e-06 time: 0.7
Performing CTM
  | CTM step 1 conv: 1.000e+00 time: 0.91
  | CTM step 2 conv: 1.468e-08 time: 1.07
  | CTM step 3 conv: 7.189e-09 time: 1.06
Energies: 0.37922610155948355 0.0
Norm: 0.20436599367420225
========== 
Finished basis vector 28/62 

Starting simulation of basis vector 29/62
Performing CTM pre-steps without tracking
  | CTM step 1 conv: 1.000e+00 time: 0.58
  | CTM step 2 conv: 1.000e+00 time: 0.64
  | CTM step 3 conv: 1.000e+00 time: 0.67
  | CTM step 4 conv: 1.000e+00 time: 0.71
  | CTM step 5 conv: 1.000e+00 time: 0.71
  | CTM step 6 conv: 1.000e+00 time: 0.75
  | CTM step 7 conv: 4.826e-06 time: 0.74
  | CTM step 8 conv: 1.003e-05 time: 0.7
  | CTM step 9 conv: 1.567e-06 time: 0.7
  | CTM step 10 conv: 1.015e-06 time: 0.71
Performing CTM
  | CTM step 1 conv: 1.000e+00 time: 0.9
  | CTM step 2 conv: 1.468e-08 time: 1.07
  | CTM step 3 conv: 7.189e-09 time: 1.06
Energies: 0.15243269272960358 0.0
Norm: 0.07703264371997533
========== 
Finished basis vector 29/62 

Starting simulation of basis vector 30/62
Performing CTM pre-steps without tracking
  | CTM step 1 conv: 1.000e+00 time: 0.58
  | CTM step 2 conv: 1.000e+00 time: 0.64
  | CTM step 3 conv: 1.000e+00 time: 0.67
  | CTM step 4 conv: 1.000e+00 time: 0.7
  | CTM step 5 conv: 1.000e+00 time: 0.76
  | CTM step 6 conv: 1.000e+00 time: 0.8
  | CTM step 7 conv: 4.826e-06 time: 0.7
  | CTM step 8 conv: 1.003e-05 time: 0.7
  | CTM step 9 conv: 1.567e-06 time: 0.7
  | CTM step 10 conv: 1.015e-06 time: 0.7
Performing CTM
  | CTM step 1 conv: 1.000e+00 time: 0.9
  | CTM step 2 conv: 1.468e-08 time: 1.07
  | CTM step 3 conv: 7.189e-09 time: 1.06
Energies: 0.5242571401997935 0.0
Norm: 0.5645489050796498
========== 
Finished basis vector 30/62 

Starting simulation of basis vector 31/62
Performing CTM pre-steps without tracking
  | CTM step 1 conv: 1.000e+00 time: 0.57
  | CTM step 2 conv: 1.000e+00 time: 0.63
  | CTM step 3 conv: 1.000e+00 time: 0.66
  | CTM step 4 conv: 1.000e+00 time: 0.81
  | CTM step 5 conv: 1.000e+00 time: 0.71
  | CTM step 6 conv: 1.000e+00 time: 0.72
  | CTM step 7 conv: 4.826e-06 time: 0.72
  | CTM step 8 conv: 1.003e-05 time: 0.7
  | CTM step 9 conv: 1.567e-06 time: 0.73
  | CTM step 10 conv: 1.015e-06 time: 0.7
Performing CTM
  | CTM step 1 conv: 1.000e+00 time: 0.9
  | CTM step 2 conv: 1.468e-08 time: 1.07
  | CTM step 3 conv: 7.189e-09 time: 1.06
Energies: 0.26833835609279966 0.0
Norm: 0.21810955637654103
========== 
Finished basis vector 31/62 

Starting simulation of basis vector 32/62
Performing CTM pre-steps without tracking
  | CTM step 1 conv: 1.000e+00 time: 0.57
  | CTM step 2 conv: 1.000e+00 time: 0.63
  | CTM step 3 conv: 1.000e+00 time: 0.68
  | CTM step 4 conv: 1.000e+00 time: 0.71
  | CTM step 5 conv: 1.000e+00 time: 0.7
  | CTM step 6 conv: 1.000e+00 time: 0.7
  | CTM step 7 conv: 4.826e-06 time: 0.7
  | CTM step 8 conv: 1.003e-05 time: 0.7
  | CTM step 9 conv: 1.567e-06 time: 0.7
  | CTM step 10 conv: 1.015e-06 time: 0.7
Performing CTM
  | CTM step 1 conv: 1.000e+00 time: 0.91
  | CTM step 2 conv: 1.468e-08 time: 1.07
  | CTM step 3 conv: 7.189e-09 time: 1.06
Energies: 0.14680259276868535 0.0
Norm: 0.0861273712028193
========== 
Finished basis vector 32/62 

Starting simulation of basis vector 33/62
Performing CTM pre-steps without tracking
  | CTM step 1 conv: 1.000e+00 time: 0.57
  | CTM step 2 conv: 1.000e+00 time: 0.63
  | CTM step 3 conv: 1.000e+00 time: 0.67
  | CTM step 4 conv: 1.000e+00 time: 0.7
  | CTM step 5 conv: 1.000e+00 time: 0.71
  | CTM step 6 conv: 1.000e+00 time: 0.71
  | CTM step 7 conv: 4.826e-06 time: 0.7
  | CTM step 8 conv: 1.003e-05 time: 0.7
  | CTM step 9 conv: 1.567e-06 time: 0.7
  | CTM step 10 conv: 1.015e-06 time: 0.7
Performing CTM
  | CTM step 1 conv: 1.000e+00 time: 0.9
  | CTM step 2 conv: 1.468e-08 time: 1.07
  | CTM step 3 conv: 7.189e-09 time: 1.06
Energies: 0.061259289213202006 0.0
Norm: 0.03557107042486383
========== 
Finished basis vector 33/62 

Starting simulation of basis vector 34/62
Performing CTM pre-steps without tracking
  | CTM step 1 conv: 1.000e+00 time: 0.58
  | CTM step 2 conv: 1.000e+00 time: 0.65
  | CTM step 3 conv: 1.000e+00 time: 0.68
  | CTM step 4 conv: 1.000e+00 time: 0.72
  | CTM step 5 conv: 1.000e+00 time: 0.73
  | CTM step 6 conv: 1.000e+00 time: 0.72
  | CTM step 7 conv: 4.826e-06 time: 0.72
  | CTM step 8 conv: 1.003e-05 time: 0.71
  | CTM step 9 conv: 1.567e-06 time: 0.81
  | CTM step 10 conv: 1.015e-06 time: 0.7
Performing CTM
  | CTM step 1 conv: 1.000e+00 time: 0.91
  | CTM step 2 conv: 1.468e-08 time: 1.08
  | CTM step 3 conv: 7.189e-09 time: 1.09
Energies: 0.22324082513474242 0.0
Norm: 0.14983546538719147
========== 
Finished basis vector 34/62 

Starting simulation of basis vector 35/62
Performing CTM pre-steps without tracking
  | CTM step 1 conv: 1.000e+00 time: 0.57
  | CTM step 2 conv: 1.000e+00 time: 0.64
  | CTM step 3 conv: 1.000e+00 time: 0.68
  | CTM step 4 conv: 1.000e+00 time: 0.72
  | CTM step 5 conv: 1.000e+00 time: 0.71
  | CTM step 6 conv: 1.000e+00 time: 0.78
  | CTM step 7 conv: 4.826e-06 time: 0.7
  | CTM step 8 conv: 1.003e-05 time: 0.7
  | CTM step 9 conv: 1.567e-06 time: 0.7
  | CTM step 10 conv: 1.015e-06 time: 0.7
Performing CTM
  | CTM step 1 conv: 1.000e+00 time: 0.91
  | CTM step 2 conv: 1.468e-08 time: 1.07
  | CTM step 3 conv: 7.189e-09 time: 1.07
Energies: 0.012017327831154473 0.0
Norm: 0.00431673064259159
========== 
Finished basis vector 35/62 

Starting simulation of basis vector 36/62
Performing CTM pre-steps without tracking
  | CTM step 1 conv: 1.000e+00 time: 0.58
  | CTM step 2 conv: 1.000e+00 time: 0.64
  | CTM step 3 conv: 1.000e+00 time: 0.67
  | CTM step 4 conv: 1.000e+00 time: 0.74
  | CTM step 5 conv: 1.000e+00 time: 0.72
  | CTM step 6 conv: 1.000e+00 time: 0.71
  | CTM step 7 conv: 4.826e-06 time: 0.7
  | CTM step 8 conv: 1.003e-05 time: 0.7
  | CTM step 9 conv: 1.567e-06 time: 0.7
  | CTM step 10 conv: 1.015e-06 time: 0.7
Performing CTM
  | CTM step 1 conv: 1.000e+00 time: 0.91
  | CTM step 2 conv: 1.468e-08 time: 1.08
  | CTM step 3 conv: 7.189e-09 time: 1.07
Energies: 0.036944337164033225 0.0
Norm: 0.018791721114705735
========== 
Finished basis vector 36/62 

Starting simulation of basis vector 37/62
Performing CTM pre-steps without tracking
  | CTM step 1 conv: 1.000e+00 time: 0.57
  | CTM step 2 conv: 1.000e+00 time: 0.65
  | CTM step 3 conv: 1.000e+00 time: 0.68
  | CTM step 4 conv: 1.000e+00 time: 0.71
  | CTM step 5 conv: 1.000e+00 time: 0.77
  | CTM step 6 conv: 1.000e+00 time: 0.71
  | CTM step 7 conv: 4.826e-06 time: 0.71
  | CTM step 8 conv: 1.003e-05 time: 0.72
  | CTM step 9 conv: 1.567e-06 time: 0.7
  | CTM step 10 conv: 1.015e-06 time: 0.7
Performing CTM
  | CTM step 1 conv: 1.000e+00 time: 0.91
  | CTM step 2 conv: 1.468e-08 time: 1.1
  | CTM step 3 conv: 7.189e-09 time: 1.07
Energies: 0.017000287775211897 0.0
Norm: 0.007553151091291722
========== 
Finished basis vector 37/62 

Starting simulation of basis vector 38/62
Performing CTM pre-steps without tracking
  | CTM step 1 conv: 1.000e+00 time: 0.57
  | CTM step 2 conv: 1.000e+00 time: 0.64
  | CTM step 3 conv: 1.000e+00 time: 0.68
  | CTM step 4 conv: 1.000e+00 time: 0.7
  | CTM step 5 conv: 1.000e+00 time: 0.7
  | CTM step 6 conv: 1.000e+00 time: 0.7
  | CTM step 7 conv: 4.826e-06 time: 0.71
  | CTM step 8 conv: 1.003e-05 time: 0.7
  | CTM step 9 conv: 1.567e-06 time: 0.73
  | CTM step 10 conv: 1.015e-06 time: 0.71
Performing CTM
  | CTM step 1 conv: 1.000e+00 time: 0.92
  | CTM step 2 conv: 1.468e-08 time: 1.08
  | CTM step 3 conv: 7.189e-09 time: 1.07
Energies: 0.0591873679948538 0.0
Norm: 0.0323363347129271
========== 
Finished basis vector 38/62 

Starting simulation of basis vector 39/62
Performing CTM pre-steps without tracking
  | CTM step 1 conv: 1.000e+00 time: 0.58
  | CTM step 2 conv: 1.000e+00 time: 0.71
  | CTM step 3 conv: 1.000e+00 time: 0.67
  | CTM step 4 conv: 1.000e+00 time: 0.75
  | CTM step 5 conv: 1.000e+00 time: 0.72
  | CTM step 6 conv: 1.000e+00 time: 0.71
  | CTM step 7 conv: 4.826e-06 time: 0.71
  | CTM step 8 conv: 1.003e-05 time: 0.71
  | CTM step 9 conv: 1.567e-06 time: 0.71
  | CTM step 10 conv: 1.015e-06 time: 0.7
Performing CTM
  | CTM step 1 conv: 1.000e+00 time: 0.91
  | CTM step 2 conv: 1.468e-08 time: 1.08
  | CTM step 3 conv: 7.189e-09 time: 1.07
Energies: 0.10682113896875034 0.0
Norm: 0.08304442467746949
========== 
Finished basis vector 39/62 

Starting simulation of basis vector 40/62
Performing CTM pre-steps without tracking
  | CTM step 1 conv: 1.000e+00 time: 0.58
  | CTM step 2 conv: 1.000e+00 time: 0.65
  | CTM step 3 conv: 1.000e+00 time: 0.68
  | CTM step 4 conv: 1.000e+00 time: 0.71
  | CTM step 5 conv: 1.000e+00 time: 0.71
  | CTM step 6 conv: 1.000e+00 time: 0.71
  | CTM step 7 conv: 4.826e-06 time: 0.7
  | CTM step 8 conv: 1.003e-05 time: 0.71
  | CTM step 9 conv: 1.567e-06 time: 0.71
  | CTM step 10 conv: 1.015e-06 time: 0.79
Performing CTM
  | CTM step 1 conv: 1.000e+00 time: 0.94
  | CTM step 2 conv: 1.468e-08 time: 1.08
  | CTM step 3 conv: 7.189e-09 time: 1.08
Energies: 0.3660248942654931 0.0
Norm: 0.3418560716916881
========== 
Finished basis vector 40/62 

Starting simulation of basis vector 41/62
Performing CTM pre-steps without tracking
  | CTM step 1 conv: 1.000e+00 time: 0.58
  | CTM step 2 conv: 1.000e+00 time: 0.64
  | CTM step 3 conv: 1.000e+00 time: 0.68
  | CTM step 4 conv: 1.000e+00 time: 0.83
  | CTM step 5 conv: 1.000e+00 time: 0.73
  | CTM step 6 conv: 1.000e+00 time: 0.71
  | CTM step 7 conv: 4.826e-06 time: 0.78
  | CTM step 8 conv: 1.003e-05 time: 0.71
  | CTM step 9 conv: 1.567e-06 time: 0.75
  | CTM step 10 conv: 1.015e-06 time: 0.71
Performing CTM
  | CTM step 1 conv: 1.000e+00 time: 0.92
  | CTM step 2 conv: 1.468e-08 time: 1.08
  | CTM step 3 conv: 7.189e-09 time: 1.09
Energies: 0.1604573870827677 0.0
Norm: 0.14123666287169484
========== 
Finished basis vector 41/62 

Starting simulation of basis vector 42/62
Performing CTM pre-steps without tracking
  | CTM step 1 conv: 1.000e+00 time: 0.57
  | CTM step 2 conv: 1.000e+00 time: 0.64
  | CTM step 3 conv: 1.000e+00 time: 0.68
  | CTM step 4 conv: 1.000e+00 time: 0.73
  | CTM step 5 conv: 1.000e+00 time: 0.75
  | CTM step 6 conv: 1.000e+00 time: 0.72
  | CTM step 7 conv: 4.826e-06 time: 0.71
  | CTM step 8 conv: 1.003e-05 time: 0.72
  | CTM step 9 conv: 1.567e-06 time: 0.71
  | CTM step 10 conv: 1.015e-06 time: 0.7
Performing CTM
  | CTM step 1 conv: 1.000e+00 time: 1.01
  | CTM step 2 conv: 1.468e-08 time: 1.08
  | CTM step 3 conv: 7.189e-09 time: 1.07
Energies: 0.5343636686606388 0.0
Norm: 0.5803048988714139
========== 
Finished basis vector 42/62 

Starting simulation of basis vector 43/62
Performing CTM pre-steps without tracking
  | CTM step 1 conv: 1.000e+00 time: 0.58
  | CTM step 2 conv: 1.000e+00 time: 0.64
  | CTM step 3 conv: 1.000e+00 time: 0.74
  | CTM step 4 conv: 1.000e+00 time: 0.73
  | CTM step 5 conv: 1.000e+00 time: 0.76
  | CTM step 6 conv: 1.000e+00 time: 0.73
  | CTM step 7 conv: 4.826e-06 time: 0.73
  | CTM step 8 conv: 1.003e-05 time: 0.7
  | CTM step 9 conv: 1.567e-06 time: 0.7
  | CTM step 10 conv: 1.015e-06 time: 0.7
Performing CTM
  | CTM step 1 conv: 1.000e+00 time: 0.9
  | CTM step 2 conv: 1.468e-08 time: 1.07
  | CTM step 3 conv: 7.189e-09 time: 1.06
Energies: 0.03333066619437908 0.0
Norm: 0.018266838900189663
========== 
Finished basis vector 43/62 

Starting simulation of basis vector 44/62
Performing CTM pre-steps without tracking
  | CTM step 1 conv: 1.000e+00 time: 0.57
  | CTM step 2 conv: 1.000e+00 time: 0.65
  | CTM step 3 conv: 1.000e+00 time: 0.68
  | CTM step 4 conv: 1.000e+00 time: 0.71
  | CTM step 5 conv: 1.000e+00 time: 0.71
  | CTM step 6 conv: 1.000e+00 time: 0.7
  | CTM step 7 conv: 4.826e-06 time: 0.71
  | CTM step 8 conv: 1.003e-05 time: 0.72
  | CTM step 9 conv: 1.567e-06 time: 0.72
  | CTM step 10 conv: 1.015e-06 time: 0.71
Performing CTM
  | CTM step 1 conv: 1.000e+00 time: 0.91
  | CTM step 2 conv: 1.468e-08 time: 1.08
  | CTM step 3 conv: 7.189e-09 time: 1.14
Energies: 0.10625684787006273 0.0
Norm: 0.07594472967283371
========== 
Finished basis vector 44/62 

Starting simulation of basis vector 45/62
Performing CTM pre-steps without tracking
  | CTM step 1 conv: 1.000e+00 time: 0.57
  | CTM step 2 conv: 1.000e+00 time: 0.64
  | CTM step 3 conv: 1.000e+00 time: 0.68
  | CTM step 4 conv: 1.000e+00 time: 0.76
  | CTM step 5 conv: 1.000e+00 time: 0.72
  | CTM step 6 conv: 1.000e+00 time: 0.75
  | CTM step 7 conv: 4.826e-06 time: 0.71
  | CTM step 8 conv: 1.003e-05 time: 0.73
  | CTM step 9 conv: 1.567e-06 time: 0.71
  | CTM step 10 conv: 1.015e-06 time: 0.71
Performing CTM
  | CTM step 1 conv: 1.000e+00 time: 0.92
  | CTM step 2 conv: 1.468e-08 time: 1.09
  | CTM step 3 conv: 7.189e-09 time: 1.11
Energies: 0.048847069584549985 0.0
Norm: 0.031222007481033688
========== 
Finished basis vector 45/62 

Starting simulation of basis vector 46/62
Performing CTM pre-steps without tracking
  | CTM step 1 conv: 1.000e+00 time: 0.58
  | CTM step 2 conv: 1.000e+00 time: 0.64
  | CTM step 3 conv: 1.000e+00 time: 0.67
  | CTM step 4 conv: 1.000e+00 time: 0.71
  | CTM step 5 conv: 1.000e+00 time: 0.75
  | CTM step 6 conv: 1.000e+00 time: 0.71
  | CTM step 7 conv: 4.826e-06 time: 0.73
  | CTM step 8 conv: 1.003e-05 time: 0.7
  | CTM step 9 conv: 1.567e-06 time: 0.7
  | CTM step 10 conv: 1.015e-06 time: 0.74
Performing CTM
  | CTM step 1 conv: 1.000e+00 time: 0.91
  | CTM step 2 conv: 1.468e-08 time: 1.08
  | CTM step 3 conv: 7.189e-09 time: 1.07
Energies: 0.15859559423170655 0.0
Norm: 0.12832589549226225
========== 
Finished basis vector 46/62 

Starting simulation of basis vector 47/62
Performing CTM pre-steps without tracking
  | CTM step 1 conv: 1.000e+00 time: 0.57
  | CTM step 2 conv: 1.000e+00 time: 0.64
  | CTM step 3 conv: 1.000e+00 time: 0.67
  | CTM step 4 conv: 1.000e+00 time: 0.82
  | CTM step 5 conv: 1.000e+00 time: 0.71
  | CTM step 6 conv: 1.000e+00 time: 0.71
  | CTM step 7 conv: 4.826e-06 time: 0.71
  | CTM step 8 conv: 1.003e-05 time: 0.7
  | CTM step 9 conv: 1.567e-06 time: 0.7
  | CTM step 10 conv: 1.015e-06 time: 0.7
Performing CTM
  | CTM step 1 conv: 1.000e+00 time: 0.91
  | CTM step 2 conv: 1.468e-08 time: 1.07
  | CTM step 3 conv: 7.189e-09 time: 1.07
Energies: 0.03670352506052288 0.0
Norm: 0.02427298596924303
========== 
Finished basis vector 47/62 

Starting simulation of basis vector 48/62
Performing CTM pre-steps without tracking
  | CTM step 1 conv: 1.000e+00 time: 0.57
  | CTM step 2 conv: 1.000e+00 time: 0.63
  | CTM step 3 conv: 1.000e+00 time: 0.67
  | CTM step 4 conv: 1.000e+00 time: 0.83
  | CTM step 5 conv: 1.000e+00 time: 0.72
  | CTM step 6 conv: 1.000e+00 time: 0.72
  | CTM step 7 conv: 4.826e-06 time: 0.73
  | CTM step 8 conv: 1.003e-05 time: 0.7
  | CTM step 9 conv: 1.567e-06 time: 0.7
  | CTM step 10 conv: 1.015e-06 time: 0.7
Performing CTM
  | CTM step 1 conv: 1.000e+00 time: 0.98
  | CTM step 2 conv: 1.468e-08 time: 1.09
  | CTM step 3 conv: 7.189e-09 time: 1.07
Energies: 0.14639137558389992 0.0
Norm: 0.10384518973001683
========== 
Finished basis vector 48/62 

Starting simulation of basis vector 49/62
Performing CTM pre-steps without tracking
  | CTM step 1 conv: 1.000e+00 time: 0.58
  | CTM step 2 conv: 1.000e+00 time: 0.64
  | CTM step 3 conv: 1.000e+00 time: 0.67
  | CTM step 4 conv: 1.000e+00 time: 0.7
  | CTM step 5 conv: 1.000e+00 time: 0.7
  | CTM step 6 conv: 1.000e+00 time: 0.7
  | CTM step 7 conv: 4.826e-06 time: 0.71
  | CTM step 8 conv: 1.003e-05 time: 0.7
  | CTM step 9 conv: 1.567e-06 time: 0.7
  | CTM step 10 conv: 1.015e-06 time: 0.7
Performing CTM
  | CTM step 1 conv: 1.000e+00 time: 0.92
  | CTM step 2 conv: 1.468e-08 time: 1.08
  | CTM step 3 conv: 7.189e-09 time: 1.08
Energies: 0.012982526290457042 0.0
Norm: 0.014267232468200358
========== 
Finished basis vector 49/62 

Starting simulation of basis vector 50/62
Performing CTM pre-steps without tracking
  | CTM step 1 conv: 1.000e+00 time: 0.58
  | CTM step 2 conv: 1.000e+00 time: 0.64
  | CTM step 3 conv: 1.000e+00 time: 0.68
  | CTM step 4 conv: 1.000e+00 time: 0.71
  | CTM step 5 conv: 1.000e+00 time: 0.74
  | CTM step 6 conv: 1.000e+00 time: 0.74
  | CTM step 7 conv: 4.826e-06 time: 0.73
  | CTM step 8 conv: 1.003e-05 time: 0.77
  | CTM step 9 conv: 1.567e-06 time: 0.74
  | CTM step 10 conv: 1.015e-06 time: 0.74
Performing CTM
  | CTM step 1 conv: 1.000e+00 time: 0.91
  | CTM step 2 conv: 1.468e-08 time: 1.1
  | CTM step 3 conv: 7.189e-09 time: 1.08
Energies: 0.03297173455228908 0.0
Norm: 0.05487903594905998
========== 
Finished basis vector 50/62 

Starting simulation of basis vector 51/62
Performing CTM pre-steps without tracking
  | CTM step 1 conv: 1.000e+00 time: 0.58
  | CTM step 2 conv: 1.000e+00 time: 0.65
  | CTM step 3 conv: 1.000e+00 time: 0.78
  | CTM step 4 conv: 1.000e+00 time: 0.72
  | CTM step 5 conv: 1.000e+00 time: 0.72
  | CTM step 6 conv: 1.000e+00 time: 0.72
  | CTM step 7 conv: 4.826e-06 time: 0.71
  | CTM step 8 conv: 1.003e-05 time: 0.73
  | CTM step 9 conv: 1.567e-06 time: 0.71
  | CTM step 10 conv: 1.015e-06 time: 0.71
Performing CTM
  | CTM step 1 conv: 1.000e+00 time: 0.92
  | CTM step 2 conv: 1.468e-08 time: 1.09
  | CTM step 3 conv: 7.189e-09 time: 1.12
Energies: 0.010522576534658212 0.0
Norm: 0.004999399303869807
========== 
Finished basis vector 51/62 

Starting simulation of basis vector 52/62
Performing CTM pre-steps without tracking
  | CTM step 1 conv: 1.000e+00 time: 0.58
  | CTM step 2 conv: 1.000e+00 time: 0.64
  | CTM step 3 conv: 1.000e+00 time: 0.68
  | CTM step 4 conv: 1.000e+00 time: 0.79
  | CTM step 5 conv: 1.000e+00 time: 0.7
  | CTM step 6 conv: 1.000e+00 time: 0.71
  | CTM step 7 conv: 4.826e-06 time: 0.74
  | CTM step 8 conv: 1.003e-05 time: 0.74
  | CTM step 9 conv: 1.567e-06 time: 0.71
  | CTM step 10 conv: 1.015e-06 time: 0.71
Performing CTM
  | CTM step 1 conv: 1.000e+00 time: 0.96
  | CTM step 2 conv: 1.468e-08 time: 1.08
  | CTM step 3 conv: 7.189e-09 time: 1.08
Energies: 0.03494278551661045 0.0
Norm: 0.021863646462058066
========== 
Finished basis vector 52/62 

Starting simulation of basis vector 53/62
Performing CTM pre-steps without tracking
  | CTM step 1 conv: 1.000e+00 time: 0.57
  | CTM step 2 conv: 1.000e+00 time: 0.63
  | CTM step 3 conv: 1.000e+00 time: 0.67
  | CTM step 4 conv: 1.000e+00 time: 0.83
  | CTM step 5 conv: 1.000e+00 time: 0.72
  | CTM step 6 conv: 1.000e+00 time: 0.71
  | CTM step 7 conv: 4.826e-06 time: 0.71
  | CTM step 8 conv: 1.003e-05 time: 0.74
  | CTM step 9 conv: 1.567e-06 time: 0.74
  | CTM step 10 conv: 1.015e-06 time: 0.71
Performing CTM
  | CTM step 1 conv: 1.000e+00 time: 0.91
  | CTM step 2 conv: 1.468e-08 time: 1.08
  | CTM step 3 conv: 7.189e-09 time: 1.07
Energies: 0.008632444180117771 0.0
Norm: 0.0032901678378274464
========== 
Finished basis vector 53/62 

Starting simulation of basis vector 54/62
Performing CTM pre-steps without tracking
  | CTM step 1 conv: 1.000e+00 time: 0.58
  | CTM step 2 conv: 1.000e+00 time: 0.64
  | CTM step 3 conv: 1.000e+00 time: 0.68
  | CTM step 4 conv: 1.000e+00 time: 0.71
  | CTM step 5 conv: 1.000e+00 time: 0.71
  | CTM step 6 conv: 1.000e+00 time: 0.72
  | CTM step 7 conv: 4.826e-06 time: 0.71
  | CTM step 8 conv: 1.003e-05 time: 0.71
  | CTM step 9 conv: 1.567e-06 time: 0.71
  | CTM step 10 conv: 1.015e-06 time: 0.71
Performing CTM
  | CTM step 1 conv: 1.000e+00 time: 0.92
  | CTM step 2 conv: 1.468e-08 time: 1.09
  | CTM step 3 conv: 7.189e-09 time: 1.08
Energies: 0.016430348285426666 0.0
Norm: 0.014027727835434186
========== 
Finished basis vector 54/62 

Starting simulation of basis vector 55/62
Performing CTM pre-steps without tracking
  | CTM step 1 conv: 1.000e+00 time: 0.58
  | CTM step 2 conv: 1.000e+00 time: 0.64
  | CTM step 3 conv: 1.000e+00 time: 0.68
  | CTM step 4 conv: 1.000e+00 time: 0.75
  | CTM step 5 conv: 1.000e+00 time: 0.72
  | CTM step 6 conv: 1.000e+00 time: 0.75
  | CTM step 7 conv: 4.826e-06 time: 0.74
  | CTM step 8 conv: 1.003e-05 time: 0.7
  | CTM step 9 conv: 1.567e-06 time: 0.72
  | CTM step 10 conv: 1.015e-06 time: 0.75
Performing CTM
  | CTM step 1 conv: 1.000e+00 time: 0.91
  | CTM step 2 conv: 1.468e-08 time: 1.08
  | CTM step 3 conv: 7.189e-09 time: 1.07
Energies: 0.02701172248124717 0.0
Norm: 0.029507537258263012
========== 
Finished basis vector 55/62 

Starting simulation of basis vector 56/62
Performing CTM pre-steps without tracking
  | CTM step 1 conv: 1.000e+00 time: 0.57
  | CTM step 2 conv: 1.000e+00 time: 0.63
  | CTM step 3 conv: 1.000e+00 time: 0.67
  | CTM step 4 conv: 1.000e+00 time: 0.71
  | CTM step 5 conv: 1.000e+00 time: 0.71
  | CTM step 6 conv: 1.000e+00 time: 0.71
  | CTM step 7 conv: 4.826e-06 time: 0.7
  | CTM step 8 conv: 1.003e-05 time: 0.7
  | CTM step 9 conv: 1.567e-06 time: 0.7
  | CTM step 10 conv: 1.015e-06 time: 0.7
Performing CTM
  | CTM step 1 conv: 1.000e+00 time: 0.9
  | CTM step 2 conv: 1.468e-08 time: 1.09
  | CTM step 3 conv: 7.189e-09 time: 1.07
Energies: 0.09965036467701438 0.0
Norm: 0.10567350889611422
========== 
Finished basis vector 56/62 

Starting simulation of basis vector 57/62
Performing CTM pre-steps without tracking
  | CTM step 1 conv: 1.000e+00 time: 0.57
  | CTM step 2 conv: 1.000e+00 time: 0.63
  | CTM step 3 conv: 1.000e+00 time: 0.67
  | CTM step 4 conv: 1.000e+00 time: 0.7
  | CTM step 5 conv: 1.000e+00 time: 0.69
  | CTM step 6 conv: 1.000e+00 time: 0.7
  | CTM step 7 conv: 4.826e-06 time: 0.69
  | CTM step 8 conv: 1.003e-05 time: 0.69
  | CTM step 9 conv: 1.567e-06 time: 0.69
  | CTM step 10 conv: 1.015e-06 time: 0.78
Performing CTM
  | CTM step 1 conv: 1.000e+00 time: 0.92
  | CTM step 2 conv: 1.468e-08 time: 1.09
  | CTM step 3 conv: 7.189e-09 time: 1.08
Energies: 0.05306513822752468 0.0
Norm: 0.04091696042288722
========== 
Finished basis vector 57/62 

Starting simulation of basis vector 58/62
Performing CTM pre-steps without tracking
  | CTM step 1 conv: 1.000e+00 time: 0.58
  | CTM step 2 conv: 1.000e+00 time: 0.64
  | CTM step 3 conv: 1.000e+00 time: 0.68
  | CTM step 4 conv: 1.000e+00 time: 0.79
  | CTM step 5 conv: 1.000e+00 time: 0.73
  | CTM step 6 conv: 1.000e+00 time: 0.72
  | CTM step 7 conv: 4.826e-06 time: 0.72
  | CTM step 8 conv: 1.003e-05 time: 0.72
  | CTM step 9 conv: 1.567e-06 time: 0.72
  | CTM step 10 conv: 1.015e-06 time: 0.73
Performing CTM
  | CTM step 1 conv: 1.000e+00 time: 0.91
  | CTM step 2 conv: 1.468e-08 time: 1.08
  | CTM step 3 conv: 7.189e-09 time: 1.07
Energies: 0.20601266317070532 0.0
Norm: 0.13498562054542468
========== 
Finished basis vector 58/62 

Starting simulation of basis vector 59/62
Performing CTM pre-steps without tracking
  | CTM step 1 conv: 1.000e+00 time: 0.57
  | CTM step 2 conv: 1.000e+00 time: 0.63
  | CTM step 3 conv: 1.000e+00 time: 0.67
  | CTM step 4 conv: 1.000e+00 time: 0.82
  | CTM step 5 conv: 1.000e+00 time: 0.71
  | CTM step 6 conv: 1.000e+00 time: 0.7
  | CTM step 7 conv: 4.826e-06 time: 0.71
  | CTM step 8 conv: 1.003e-05 time: 0.76
  | CTM step 9 conv: 1.567e-06 time: 0.71
  | CTM step 10 conv: 1.015e-06 time: 0.7
Performing CTM
  | CTM step 1 conv: 1.000e+00 time: 0.91
  | CTM step 2 conv: 1.468e-08 time: 1.07
  | CTM step 3 conv: 7.189e-09 time: 1.07
Energies: 0.03151755098127318 0.0
Norm: 0.006274384822860531
========== 
Finished basis vector 59/62 

Starting simulation of basis vector 60/62
Performing CTM pre-steps without tracking
  | CTM step 1 conv: 1.000e+00 time: 0.57
  | CTM step 2 conv: 1.000e+00 time: 0.65
  | CTM step 3 conv: 1.000e+00 time: 0.68
  | CTM step 4 conv: 1.000e+00 time: 0.86
  | CTM step 5 conv: 1.000e+00 time: 0.71
  | CTM step 6 conv: 1.000e+00 time: 0.79
  | CTM step 7 conv: 4.826e-06 time: 0.76
  | CTM step 8 conv: 1.003e-05 time: 0.72
  | CTM step 9 conv: 1.567e-06 time: 0.71
  | CTM step 10 conv: 1.015e-06 time: 0.71
Performing CTM
  | CTM step 1 conv: 1.000e+00 time: 0.93
  | CTM step 2 conv: 1.468e-08 time: 1.1
  | CTM step 3 conv: 7.189e-09 time: 1.09
Energies: 0.03425482158312443 0.0
Norm: 0.029875689642499655
========== 
Finished basis vector 60/62 

Starting simulation of basis vector 61/62
Performing CTM pre-steps without tracking
  | CTM step 1 conv: 1.000e+00 time: 0.57
  | CTM step 2 conv: 1.000e+00 time: 0.63
  | CTM step 3 conv: 1.000e+00 time: 0.67
  | CTM step 4 conv: 1.000e+00 time: 0.71
  | CTM step 5 conv: 1.000e+00 time: 0.71
  | CTM step 6 conv: 1.000e+00 time: 0.74
  | CTM step 7 conv: 4.826e-06 time: 0.7
  | CTM step 8 conv: 1.003e-05 time: 0.7
  | CTM step 9 conv: 1.567e-06 time: 0.7
  | CTM step 10 conv: 1.015e-06 time: 0.7
Performing CTM
  | CTM step 1 conv: 1.000e+00 time: 0.9
  | CTM step 2 conv: 1.468e-08 time: 1.07
  | CTM step 3 conv: 7.189e-09 time: 1.06
Energies: 0.06286462257879916 0.0
Norm: 0.008466991142984078
========== 
Finished basis vector 61/62 

Starting simulation of basis vector 62/62
Performing CTM pre-steps without tracking
  | CTM step 1 conv: 1.000e+00 time: 0.57
  | CTM step 2 conv: 1.000e+00 time: 0.63
  | CTM step 3 conv: 1.000e+00 time: 0.67
  | CTM step 4 conv: 1.000e+00 time: 0.81
  | CTM step 5 conv: 1.000e+00 time: 0.71
  | CTM step 6 conv: 1.000e+00 time: 0.71
  | CTM step 7 conv: 4.826e-06 time: 0.71
  | CTM step 8 conv: 1.003e-05 time: 0.7
  | CTM step 9 conv: 1.567e-06 time: 0.7
  | CTM step 10 conv: 1.015e-06 time: 0.7
Performing CTM
  | CTM step 1 conv: 1.000e+00 time: 0.92
  | CTM step 2 conv: 1.468e-08 time: 1.09
  | CTM step 3 conv: 7.189e-09 time: 1.08
Energies: 0.062440682735547925 0.0
Norm: 0.043215272767232984
========== 
Finished basis vector 62/62 

[[ 0.09982576-6.41605975e-06j -0.0160648 -2.10811660e-03j
  -0.01932216-9.42026943e-05j ... -0.00169632-1.27242392e-03j
   0.00172991+4.06256797e-04j -0.00236345-1.84196285e-03j]
 [-0.01445009-1.86361575e-04j  0.50301461-1.37021456e-01j
   0.08666998-6.80961670e-02j ...  0.12925264-4.95435020e-02j
  -0.00422127+2.84885951e-02j  0.20125066-7.77450327e-02j]
 [-0.0185183 -5.56826972e-04j  0.1027028 -1.00686776e-01j
   0.06370013-1.95786160e-02j ...  0.00918806-4.56973197e-02j
   0.01095856+6.16527757e-03j  0.01918022-6.64919074e-02j]
 ...
 [-0.00197976-2.19402481e-04j  0.13243922-9.50134887e-02j
  -0.00522019-2.75796039e-02j ...  0.11696038-3.66646197e-02j
   0.01952942+9.03808584e-03j  0.04532104-5.37752430e-02j]
 [ 0.0017615 -3.10755856e-05j -0.02071801+7.77518745e-02j
   0.01059181+1.42721213e-02j ...  0.0092481 +3.23610092e-02j
   0.01115322-2.63271601e-03j -0.03846232+4.51054768e-02j]
 [-0.00271211-3.08294548e-04j  0.21172215-1.34978895e-01j
   0.00210797-3.92949622e-02j ...  0.04504722-5.22060893e-02j
  -0.0234905 +1.40960644e-02j  0.17942035-7.65851670e-02j]]
[[ 0.05062892+2.23453224e-10j  0.00891973-1.54919770e-03j
   0.00194102-1.85893714e-04j ... -0.00325974-6.48256360e-05j
   0.0023687 +2.53395876e-04j -0.00473644-8.94372473e-05j]
 [ 0.00891972+1.54919732e-03j  0.14583597-2.55315919e-09j
   0.05210071+1.31821224e-02j ...  0.0310966 +7.87888245e-03j
  -0.00499434-9.89535220e-03j  0.03747091+8.54778151e-03j]
 [ 0.00194101+1.85897731e-04j  0.05210071-1.31821220e-02j
   0.04143541+1.42577249e-09j ...  0.00770075-5.02461655e-03j
  -0.00273394-5.03949486e-04j  0.00646636-7.24547562e-03j]
 ...
 [-0.00325976+6.48327824e-05j  0.03109663-7.87885598e-03j
   0.00770077+5.02463350e-03j ...  0.05975138+4.65249827e-08j
   0.01421225-3.36220967e-03j -0.01947087+8.27004571e-04j]
 [ 0.00236872-2.53406450e-04j -0.00499433+9.89535131e-03j
  -0.00273394+5.03952923e-04j ...  0.01421234+3.36221941e-03j
   0.01693398-2.50835291e-09j -0.03266783+4.09983617e-03j]
 [-0.00473646+8.94471238e-05j  0.03747092-8.54776958e-03j
   0.00646639+7.24546959e-03j ... -0.01947094-8.26971629e-04j
  -0.03266779-4.09980134e-03j  0.08643055-5.00368604e-08j]]
Done
Saved to /share/home/tanyi/ad-peps/simulations/exci/11_honey_brick_D2_X30/6_1.0_0.55556.npz
