No GPU/TPU found, falling back to CPU. (Set TF_CPP_MIN_LOG_LEVEL=0 and rerun for more info.)
Namespace(version=False, sim_mode='exci', config_file='honey_brick_exci.yaml', momentum_ix=20, evaluate=False, init=False)
Running excited-state sim
honey_brick_exci.yaml
/share/home/tanyi/ad-peps/examples/honey_brick_exci.yaml
/share/home/tanyi/ad-peps/examples/honey_brick_exci.yaml
D: 2
chi: 30
ctm_conv_tol: 1.0e-06
ctm_max_iter: 20
ctm_min_iter: 4
disp_level: 1
flush_output: true
model: honey_brick
model_params:
  Jx: 1
  Jy: 1
momentum_path: Bril1
out_prefix: 11
pattern:
- - 0
  - 1
- - 1
  - 0
resume: true

Starting simulation of basis vector 1/62
Performing CTM pre-steps without tracking
  | CTM step 1 conv: 1.000e+00 time: 2.93
  | CTM step 2 conv: 1.000e+00 time: 3.59
  | CTM step 3 conv: 1.000e+00 time: 8.33
  | CTM step 4 conv: 1.000e+00 time: 9.63
  | CTM step 5 conv: 1.000e+00 time: 6.02
  | CTM step 6 conv: 1.000e+00 time: 4.88
  | CTM step 7 conv: 4.826e-06 time: 3.33
  | CTM step 8 conv: 1.003e-05 time: 2.39
  | CTM step 9 conv: 1.567e-06 time: 1.49
  | CTM step 10 conv: 1.015e-06 time: 0.87
Performing CTM
  | CTM step 1 conv: 1.000e+00 time: 1.98
  | CTM step 2 conv: 1.468e-08 time: 1.34
  | CTM step 3 conv: 7.189e-09 time: 1.08
Energies: 0.05262753127634312 0.0
Norm: 0.02502620499359145
========== 
Finished basis vector 1/62 

Starting simulation of basis vector 2/62
Performing CTM pre-steps without tracking
  | CTM step 1 conv: 1.000e+00 time: 0.59
  | CTM step 2 conv: 1.000e+00 time: 0.65
  | CTM step 3 conv: 1.000e+00 time: 0.68
  | CTM step 4 conv: 1.000e+00 time: 0.73
  | CTM step 5 conv: 1.000e+00 time: 0.73
  | CTM step 6 conv: 1.000e+00 time: 0.72
  | CTM step 7 conv: 4.826e-06 time: 0.72
  | CTM step 8 conv: 1.003e-05 time: 0.71
  | CTM step 9 conv: 1.567e-06 time: 0.71
  | CTM step 10 conv: 1.015e-06 time: 0.71
Performing CTM
  | CTM step 1 conv: 1.000e+00 time: 0.91
  | CTM step 2 conv: 1.468e-08 time: 1.14
  | CTM step 3 conv: 7.189e-09 time: 1.2
Energies: 0.13469620702534213 0.0
Norm: 0.07691694361871251
========== 
Finished basis vector 2/62 

Starting simulation of basis vector 3/62
Performing CTM pre-steps without tracking
  | CTM step 1 conv: 1.000e+00 time: 0.58
  | CTM step 2 conv: 1.000e+00 time: 0.66
  | CTM step 3 conv: 1.000e+00 time: 0.68
  | CTM step 4 conv: 1.000e+00 time: 0.72
  | CTM step 5 conv: 1.000e+00 time: 0.74
  | CTM step 6 conv: 1.000e+00 time: 0.72
  | CTM step 7 conv: 4.826e-06 time: 0.74
  | CTM step 8 conv: 1.003e-05 time: 0.7
  | CTM step 9 conv: 1.567e-06 time: 0.7
  | CTM step 10 conv: 1.015e-06 time: 0.7
Performing CTM
  | CTM step 1 conv: 1.000e+00 time: 0.9
  | CTM step 2 conv: 1.468e-08 time: 1.07
  | CTM step 3 conv: 7.189e-09 time: 1.06
Energies: 0.09313727320595389 0.0
Norm: 0.05312158240922564
========== 
Finished basis vector 3/62 

Starting simulation of basis vector 4/62
Performing CTM pre-steps without tracking
  | CTM step 1 conv: 1.000e+00 time: 0.57
  | CTM step 2 conv: 1.000e+00 time: 0.63
  | CTM step 3 conv: 1.000e+00 time: 0.67
  | CTM step 4 conv: 1.000e+00 time: 0.7
  | CTM step 5 conv: 1.000e+00 time: 0.71
  | CTM step 6 conv: 1.000e+00 time: 0.7
  | CTM step 7 conv: 4.826e-06 time: 0.7
  | CTM step 8 conv: 1.003e-05 time: 0.7
  | CTM step 9 conv: 1.567e-06 time: 0.7
  | CTM step 10 conv: 1.015e-06 time: 0.69
Performing CTM
  | CTM step 1 conv: 1.000e+00 time: 0.9
  | CTM step 2 conv: 1.468e-08 time: 1.06
  | CTM step 3 conv: 7.189e-09 time: 1.06
Energies: 0.22976672147074328 0.0
Norm: 0.17794758684130152
========== 
Finished basis vector 4/62 

Starting simulation of basis vector 5/62
Performing CTM pre-steps without tracking
  | CTM step 1 conv: 1.000e+00 time: 0.57
  | CTM step 2 conv: 1.000e+00 time: 0.64
  | CTM step 3 conv: 1.000e+00 time: 0.67
  | CTM step 4 conv: 1.000e+00 time: 0.73
  | CTM step 5 conv: 1.000e+00 time: 0.72
  | CTM step 6 conv: 1.000e+00 time: 0.74
  | CTM step 7 conv: 4.826e-06 time: 0.71
  | CTM step 8 conv: 1.003e-05 time: 0.71
  | CTM step 9 conv: 1.567e-06 time: 0.74
  | CTM step 10 conv: 1.015e-06 time: 0.71
Performing CTM
  | CTM step 1 conv: 1.000e+00 time: 0.94
  | CTM step 2 conv: 1.468e-08 time: 1.09
  | CTM step 3 conv: 7.189e-09 time: 1.09
Energies: 0.10759990757662408 0.0
Norm: 0.06681736317266905
========== 
Finished basis vector 5/62 

Starting simulation of basis vector 6/62
Performing CTM pre-steps without tracking
  | CTM step 1 conv: 1.000e+00 time: 0.58
  | CTM step 2 conv: 1.000e+00 time: 0.65
  | CTM step 3 conv: 1.000e+00 time: 0.69
  | CTM step 4 conv: 1.000e+00 time: 0.73
  | CTM step 5 conv: 1.000e+00 time: 0.73
  | CTM step 6 conv: 1.000e+00 time: 0.71
  | CTM step 7 conv: 4.826e-06 time: 0.8
  | CTM step 8 conv: 1.003e-05 time: 0.7
  | CTM step 9 conv: 1.567e-06 time: 0.7
  | CTM step 10 conv: 1.015e-06 time: 0.7
Performing CTM
  | CTM step 1 conv: 1.000e+00 time: 0.97
  | CTM step 2 conv: 1.468e-08 time: 1.07
  | CTM step 3 conv: 7.189e-09 time: 1.07
Energies: 0.17617764442753625 0.0
Norm: 0.13798419428745748
========== 
Finished basis vector 6/62 

Starting simulation of basis vector 7/62
Performing CTM pre-steps without tracking
  | CTM step 1 conv: 1.000e+00 time: 0.58
  | CTM step 2 conv: 1.000e+00 time: 0.64
  | CTM step 3 conv: 1.000e+00 time: 0.68
  | CTM step 4 conv: 1.000e+00 time: 0.71
  | CTM step 5 conv: 1.000e+00 time: 0.71
  | CTM step 6 conv: 1.000e+00 time: 0.72
  | CTM step 7 conv: 4.826e-06 time: 0.72
  | CTM step 8 conv: 1.003e-05 time: 0.71
  | CTM step 9 conv: 1.567e-06 time: 0.71
  | CTM step 10 conv: 1.015e-06 time: 0.71
Performing CTM
  | CTM step 1 conv: 1.000e+00 time: 0.92
  | CTM step 2 conv: 1.468e-08 time: 1.09
  | CTM step 3 conv: 7.189e-09 time: 1.08
Energies: 0.0933263851919115 0.0
Norm: 0.059217697724196224
========== 
Finished basis vector 7/62 

Starting simulation of basis vector 8/62
Performing CTM pre-steps without tracking
  | CTM step 1 conv: 1.000e+00 time: 0.58
  | CTM step 2 conv: 1.000e+00 time: 0.64
  | CTM step 3 conv: 1.000e+00 time: 0.68
  | CTM step 4 conv: 1.000e+00 time: 0.8
  | CTM step 5 conv: 1.000e+00 time: 0.73
  | CTM step 6 conv: 1.000e+00 time: 0.74
  | CTM step 7 conv: 4.826e-06 time: 0.73
  | CTM step 8 conv: 1.003e-05 time: 0.71
  | CTM step 9 conv: 1.567e-06 time: 0.71
  | CTM step 10 conv: 1.015e-06 time: 0.71
Performing CTM
  | CTM step 1 conv: 1.000e+00 time: 0.91
  | CTM step 2 conv: 1.468e-08 time: 1.08
  | CTM step 3 conv: 7.189e-09 time: 1.07
Energies: 0.12495173807572968 0.0
Norm: 0.07478933324785922
========== 
Finished basis vector 8/62 

Starting simulation of basis vector 9/62
Performing CTM pre-steps without tracking
  | CTM step 1 conv: 1.000e+00 time: 0.58
  | CTM step 2 conv: 1.000e+00 time: 0.64
  | CTM step 3 conv: 1.000e+00 time: 0.68
  | CTM step 4 conv: 1.000e+00 time: 0.74
  | CTM step 5 conv: 1.000e+00 time: 0.84
  | CTM step 6 conv: 1.000e+00 time: 0.75
  | CTM step 7 conv: 4.826e-06 time: 0.72
  | CTM step 8 conv: 1.003e-05 time: 0.71
  | CTM step 9 conv: 1.567e-06 time: 0.71
  | CTM step 10 conv: 1.015e-06 time: 0.71
Performing CTM
  | CTM step 1 conv: 1.000e+00 time: 0.93
  | CTM step 2 conv: 1.468e-08 time: 1.2
  | CTM step 3 conv: 7.189e-09 time: 1.09
Energies: 0.056136975259141186 0.0
Norm: 0.028344957798794163
========== 
Finished basis vector 9/62 

Starting simulation of basis vector 10/62
Performing CTM pre-steps without tracking
  | CTM step 1 conv: 1.000e+00 time: 0.58
  | CTM step 2 conv: 1.000e+00 time: 0.64
  | CTM step 3 conv: 1.000e+00 time: 0.68
  | CTM step 4 conv: 1.000e+00 time: 0.72
  | CTM step 5 conv: 1.000e+00 time: 0.72
  | CTM step 6 conv: 1.000e+00 time: 0.72
  | CTM step 7 conv: 4.826e-06 time: 0.81
  | CTM step 8 conv: 1.003e-05 time: 0.78
  | CTM step 9 conv: 1.567e-06 time: 0.7
  | CTM step 10 conv: 1.015e-06 time: 0.7
Performing CTM
  | CTM step 1 conv: 1.000e+00 time: 0.91
  | CTM step 2 conv: 1.468e-08 time: 1.08
  | CTM step 3 conv: 7.189e-09 time: 1.13
Energies: 0.139138212870479 0.0
Norm: 0.07141083221453863
========== 
Finished basis vector 10/62 

Starting simulation of basis vector 11/62
Performing CTM pre-steps without tracking
  | CTM step 1 conv: 1.000e+00 time: 0.58
  | CTM step 2 conv: 1.000e+00 time: 0.65
  | CTM step 3 conv: 1.000e+00 time: 0.69
  | CTM step 4 conv: 1.000e+00 time: 0.73
  | CTM step 5 conv: 1.000e+00 time: 0.73
  | CTM step 6 conv: 1.000e+00 time: 0.72
  | CTM step 7 conv: 4.826e-06 time: 0.71
  | CTM step 8 conv: 1.003e-05 time: 0.7
  | CTM step 9 conv: 1.567e-06 time: 0.7
  | CTM step 10 conv: 1.015e-06 time: 0.7
Performing CTM
  | CTM step 1 conv: 1.000e+00 time: 0.91
  | CTM step 2 conv: 1.468e-08 time: 1.08
  | CTM step 3 conv: 7.189e-09 time: 1.08
Energies: 0.10863682686329068 0.0
Norm: 0.058335481609270476
========== 
Finished basis vector 11/62 

Starting simulation of basis vector 12/62
Performing CTM pre-steps without tracking
  | CTM step 1 conv: 1.000e+00 time: 0.58
  | CTM step 2 conv: 1.000e+00 time: 0.64
  | CTM step 3 conv: 1.000e+00 time: 0.68
  | CTM step 4 conv: 1.000e+00 time: 0.71
  | CTM step 5 conv: 1.000e+00 time: 0.75
  | CTM step 6 conv: 1.000e+00 time: 0.7
  | CTM step 7 conv: 4.826e-06 time: 0.7
  | CTM step 8 conv: 1.003e-05 time: 0.7
  | CTM step 9 conv: 1.567e-06 time: 0.69
  | CTM step 10 conv: 1.015e-06 time: 0.71
Performing CTM
  | CTM step 1 conv: 1.000e+00 time: 0.9
  | CTM step 2 conv: 1.468e-08 time: 1.07
  | CTM step 3 conv: 7.189e-09 time: 1.07
Energies: 0.2334931173913546 0.0
Norm: 0.19757344454335832
========== 
Finished basis vector 12/62 

Starting simulation of basis vector 13/62
Performing CTM pre-steps without tracking
  | CTM step 1 conv: 1.000e+00 time: 0.58
  | CTM step 2 conv: 1.000e+00 time: 0.64
  | CTM step 3 conv: 1.000e+00 time: 0.68
  | CTM step 4 conv: 1.000e+00 time: 0.73
  | CTM step 5 conv: 1.000e+00 time: 0.75
  | CTM step 6 conv: 1.000e+00 time: 0.76
  | CTM step 7 conv: 4.826e-06 time: 0.7
  | CTM step 8 conv: 1.003e-05 time: 0.73
  | CTM step 9 conv: 1.567e-06 time: 0.7
  | CTM step 10 conv: 1.015e-06 time: 0.76
Performing CTM
  | CTM step 1 conv: 1.000e+00 time: 0.9
  | CTM step 2 conv: 1.468e-08 time: 1.07
  | CTM step 3 conv: 7.189e-09 time: 1.06
Energies: 0.11189587672943846 0.0
Norm: 0.07489760428674964
========== 
Finished basis vector 13/62 

Starting simulation of basis vector 14/62
Performing CTM pre-steps without tracking
  | CTM step 1 conv: 1.000e+00 time: 0.57
  | CTM step 2 conv: 1.000e+00 time: 0.64
  | CTM step 3 conv: 1.000e+00 time: 0.69
  | CTM step 4 conv: 1.000e+00 time: 0.74
  | CTM step 5 conv: 1.000e+00 time: 0.75
  | CTM step 6 conv: 1.000e+00 time: 0.71
  | CTM step 7 conv: 4.826e-06 time: 0.74
  | CTM step 8 conv: 1.003e-05 time: 0.81
  | CTM step 9 conv: 1.567e-06 time: 0.82
  | CTM step 10 conv: 1.015e-06 time: 0.7
Performing CTM
  | CTM step 1 conv: 1.000e+00 time: 0.91
  | CTM step 2 conv: 1.468e-08 time: 1.08
  | CTM step 3 conv: 7.189e-09 time: 1.07
Energies: 0.14443058844030787 0.0
Norm: 0.12268324851330444
========== 
Finished basis vector 14/62 

Starting simulation of basis vector 15/62
Performing CTM pre-steps without tracking
  | CTM step 1 conv: 1.000e+00 time: 0.58
  | CTM step 2 conv: 1.000e+00 time: 0.64
  | CTM step 3 conv: 1.000e+00 time: 0.67
  | CTM step 4 conv: 1.000e+00 time: 0.82
  | CTM step 5 conv: 1.000e+00 time: 0.8
  | CTM step 6 conv: 1.000e+00 time: 0.71
  | CTM step 7 conv: 4.826e-06 time: 0.71
  | CTM step 8 conv: 1.003e-05 time: 0.7
  | CTM step 9 conv: 1.567e-06 time: 0.7
  | CTM step 10 conv: 1.015e-06 time: 0.7
Performing CTM
  | CTM step 1 conv: 1.000e+00 time: 0.93
  | CTM step 2 conv: 1.468e-08 time: 1.08
  | CTM step 3 conv: 7.189e-09 time: 1.07
Energies: 0.09428745296678676 0.0
Norm: 0.052180361676411255
========== 
Finished basis vector 15/62 

Starting simulation of basis vector 16/62
Performing CTM pre-steps without tracking
  | CTM step 1 conv: 1.000e+00 time: 0.57
  | CTM step 2 conv: 1.000e+00 time: 0.63
  | CTM step 3 conv: 1.000e+00 time: 0.67
  | CTM step 4 conv: 1.000e+00 time: 0.7
  | CTM step 5 conv: 1.000e+00 time: 0.7
  | CTM step 6 conv: 1.000e+00 time: 0.7
  | CTM step 7 conv: 4.826e-06 time: 0.79
  | CTM step 8 conv: 1.003e-05 time: 0.71
  | CTM step 9 conv: 1.567e-06 time: 0.71
  | CTM step 10 conv: 1.015e-06 time: 0.71
Performing CTM
  | CTM step 1 conv: 1.000e+00 time: 0.91
  | CTM step 2 conv: 1.468e-08 time: 1.08
  | CTM step 3 conv: 7.189e-09 time: 1.07
Energies: 0.1550201327377545 0.0
Norm: 0.06385365174889739
========== 
Finished basis vector 16/62 

Starting simulation of basis vector 17/62
Performing CTM pre-steps without tracking
  | CTM step 1 conv: 1.000e+00 time: 0.57
  | CTM step 2 conv: 1.000e+00 time: 0.63
  | CTM step 3 conv: 1.000e+00 time: 0.67
  | CTM step 4 conv: 1.000e+00 time: 0.89
  | CTM step 5 conv: 1.000e+00 time: 0.7
  | CTM step 6 conv: 1.000e+00 time: 0.7
  | CTM step 7 conv: 4.826e-06 time: 0.7
  | CTM step 8 conv: 1.003e-05 time: 0.7
  | CTM step 9 conv: 1.567e-06 time: 0.7
  | CTM step 10 conv: 1.015e-06 time: 0.7
Performing CTM
  | CTM step 1 conv: 1.000e+00 time: 0.92
  | CTM step 2 conv: 1.468e-08 time: 1.08
  | CTM step 3 conv: 7.189e-09 time: 1.07
Energies: 0.06922430320607131 0.0
Norm: 0.023037391023857795
========== 
Finished basis vector 17/62 

Starting simulation of basis vector 18/62
Performing CTM pre-steps without tracking
  | CTM step 1 conv: 1.000e+00 time: 0.57
  | CTM step 2 conv: 1.000e+00 time: 0.65
  | CTM step 3 conv: 1.000e+00 time: 0.68
  | CTM step 4 conv: 1.000e+00 time: 0.71
  | CTM step 5 conv: 1.000e+00 time: 0.71
  | CTM step 6 conv: 1.000e+00 time: 0.71
  | CTM step 7 conv: 4.826e-06 time: 0.7
  | CTM step 8 conv: 1.003e-05 time: 0.7
  | CTM step 9 conv: 1.567e-06 time: 0.7
  | CTM step 10 conv: 1.015e-06 time: 0.7
Performing CTM
  | CTM step 1 conv: 1.000e+00 time: 0.91
  | CTM step 2 conv: 1.468e-08 time: 1.08
  | CTM step 3 conv: 7.189e-09 time: 1.07
Energies: 0.3139067367950439 0.0
Norm: 0.18167131152751995
========== 
Finished basis vector 18/62 

Starting simulation of basis vector 19/62
Performing CTM pre-steps without tracking
  | CTM step 1 conv: 1.000e+00 time: 0.58
  | CTM step 2 conv: 1.000e+00 time: 0.64
  | CTM step 3 conv: 1.000e+00 time: 0.67
  | CTM step 4 conv: 1.000e+00 time: 0.71
  | CTM step 5 conv: 1.000e+00 time: 0.82
  | CTM step 6 conv: 1.000e+00 time: 0.71
  | CTM step 7 conv: 4.826e-06 time: 0.71
  | CTM step 8 conv: 1.003e-05 time: 0.71
  | CTM step 9 conv: 1.567e-06 time: 0.71
  | CTM step 10 conv: 1.015e-06 time: 0.7
Performing CTM
  | CTM step 1 conv: 1.000e+00 time: 0.91
  | CTM step 2 conv: 1.468e-08 time: 1.08
  | CTM step 3 conv: 7.189e-09 time: 1.07
Energies: 0.1484822413370015 0.0
Norm: 0.06976871000103253
========== 
Finished basis vector 19/62 

Starting simulation of basis vector 20/62
Performing CTM pre-steps without tracking
  | CTM step 1 conv: 1.000e+00 time: 0.57
  | CTM step 2 conv: 1.000e+00 time: 0.63
  | CTM step 3 conv: 1.000e+00 time: 0.67
  | CTM step 4 conv: 1.000e+00 time: 0.75
  | CTM step 5 conv: 1.000e+00 time: 0.72
  | CTM step 6 conv: 1.000e+00 time: 0.84
  | CTM step 7 conv: 4.826e-06 time: 0.71
  | CTM step 8 conv: 1.003e-05 time: 0.72
  | CTM step 9 conv: 1.567e-06 time: 0.72
  | CTM step 10 conv: 1.015e-06 time: 0.72
Performing CTM
  | CTM step 1 conv: 1.000e+00 time: 0.91
  | CTM step 2 conv: 1.468e-08 time: 1.08
  | CTM step 3 conv: 7.189e-09 time: 1.08
Energies: 0.3265715188301499 0.0
Norm: 0.2029671376442738
========== 
Finished basis vector 20/62 

Starting simulation of basis vector 21/62
Performing CTM pre-steps without tracking
  | CTM step 1 conv: 1.000e+00 time: 0.58
  | CTM step 2 conv: 1.000e+00 time: 0.64
  | CTM step 3 conv: 1.000e+00 time: 0.68
  | CTM step 4 conv: 1.000e+00 time: 0.77
  | CTM step 5 conv: 1.000e+00 time: 0.79
  | CTM step 6 conv: 1.000e+00 time: 0.71
  | CTM step 7 conv: 4.826e-06 time: 0.75
  | CTM step 8 conv: 1.003e-05 time: 0.71
  | CTM step 9 conv: 1.567e-06 time: 0.71
  | CTM step 10 conv: 1.015e-06 time: 0.71
Performing CTM
  | CTM step 1 conv: 1.000e+00 time: 0.92
  | CTM step 2 conv: 1.468e-08 time: 1.1
  | CTM step 3 conv: 7.189e-09 time: 1.09
Energies: 0.14513673112358738 0.0
Norm: 0.06649856687461088
========== 
Finished basis vector 21/62 

Starting simulation of basis vector 22/62
Performing CTM pre-steps without tracking
  | CTM step 1 conv: 1.000e+00 time: 0.57
  | CTM step 2 conv: 1.000e+00 time: 0.63
  | CTM step 3 conv: 1.000e+00 time: 0.67
  | CTM step 4 conv: 1.000e+00 time: 0.72
  | CTM step 5 conv: 1.000e+00 time: 0.74
  | CTM step 6 conv: 1.000e+00 time: 0.77
  | CTM step 7 conv: 4.826e-06 time: 0.74
  | CTM step 8 conv: 1.003e-05 time: 0.7
  | CTM step 9 conv: 1.567e-06 time: 0.7
  | CTM step 10 conv: 1.015e-06 time: 0.7
Performing CTM
  | CTM step 1 conv: 1.000e+00 time: 0.92
  | CTM step 2 conv: 1.468e-08 time: 1.08
  | CTM step 3 conv: 7.189e-09 time: 1.07
Energies: 0.5293175344648162 0.0
Norm: 0.4656521526123783
========== 
Finished basis vector 22/62 

Starting simulation of basis vector 23/62
Performing CTM pre-steps without tracking
  | CTM step 1 conv: 1.000e+00 time: 0.57
  | CTM step 2 conv: 1.000e+00 time: 0.64
  | CTM step 3 conv: 1.000e+00 time: 0.68
  | CTM step 4 conv: 1.000e+00 time: 0.72
  | CTM step 5 conv: 1.000e+00 time: 0.72
  | CTM step 6 conv: 1.000e+00 time: 0.71
  | CTM step 7 conv: 4.826e-06 time: 0.76
  | CTM step 8 conv: 1.003e-05 time: 0.71
  | CTM step 9 conv: 1.567e-06 time: 0.7
  | CTM step 10 conv: 1.015e-06 time: 0.7
Performing CTM
  | CTM step 1 conv: 1.000e+00 time: 0.92
  | CTM step 2 conv: 1.468e-08 time: 1.08
  | CTM step 3 conv: 7.189e-09 time: 1.07
Energies: 0.2846887687319981 0.0
Norm: 0.1826575652723674
========== 
Finished basis vector 23/62 

Starting simulation of basis vector 24/62
Performing CTM pre-steps without tracking
  | CTM step 1 conv: 1.000e+00 time: 0.58
  | CTM step 2 conv: 1.000e+00 time: 0.64
  | CTM step 3 conv: 1.000e+00 time: 0.67
  | CTM step 4 conv: 1.000e+00 time: 0.82
  | CTM step 5 conv: 1.000e+00 time: 0.71
  | CTM step 6 conv: 1.000e+00 time: 0.7
  | CTM step 7 conv: 4.826e-06 time: 0.74
  | CTM step 8 conv: 1.003e-05 time: 0.71
  | CTM step 9 conv: 1.567e-06 time: 0.71
  | CTM step 10 conv: 1.015e-06 time: 0.71
Performing CTM
  | CTM step 1 conv: 1.000e+00 time: 0.92
  | CTM step 2 conv: 1.468e-08 time: 1.09
  | CTM step 3 conv: 7.189e-09 time: 1.08
Energies: 0.16207441690433644 0.0
Norm: 0.07104948587689801
========== 
Finished basis vector 24/62 

Starting simulation of basis vector 25/62
Performing CTM pre-steps without tracking
  | CTM step 1 conv: 1.000e+00 time: 0.57
  | CTM step 2 conv: 1.000e+00 time: 0.64
  | CTM step 3 conv: 1.000e+00 time: 0.67
  | CTM step 4 conv: 1.000e+00 time: 0.71
  | CTM step 5 conv: 1.000e+00 time: 0.7
  | CTM step 6 conv: 1.000e+00 time: 0.71
  | CTM step 7 conv: 4.826e-06 time: 0.73
  | CTM step 8 conv: 1.003e-05 time: 0.75
  | CTM step 9 conv: 1.567e-06 time: 0.7
  | CTM step 10 conv: 1.015e-06 time: 0.7
Performing CTM
  | CTM step 1 conv: 1.000e+00 time: 0.91
  | CTM step 2 conv: 1.468e-08 time: 1.07
  | CTM step 3 conv: 7.189e-09 time: 1.06
Energies: 0.07235092464282333 0.0
Norm: 0.02560292606382824
========== 
Finished basis vector 25/62 

Starting simulation of basis vector 26/62
Performing CTM pre-steps without tracking
  | CTM step 1 conv: 1.000e+00 time: 0.57
  | CTM step 2 conv: 1.000e+00 time: 0.65
  | CTM step 3 conv: 1.000e+00 time: 0.68
  | CTM step 4 conv: 1.000e+00 time: 0.71
  | CTM step 5 conv: 1.000e+00 time: 0.71
  | CTM step 6 conv: 1.000e+00 time: 0.7
  | CTM step 7 conv: 4.826e-06 time: 0.7
  | CTM step 8 conv: 1.003e-05 time: 0.7
  | CTM step 9 conv: 1.567e-06 time: 0.7
  | CTM step 10 conv: 1.015e-06 time: 0.69
Performing CTM
  | CTM step 1 conv: 1.000e+00 time: 0.91
  | CTM step 2 conv: 1.468e-08 time: 1.08
  | CTM step 3 conv: 7.189e-09 time: 1.07
Energies: 0.3002760504259072 0.0
Norm: 0.1959430937987787
========== 
Finished basis vector 26/62 

Starting simulation of basis vector 27/62
Performing CTM pre-steps without tracking
  | CTM step 1 conv: 1.000e+00 time: 0.57
  | CTM step 2 conv: 1.000e+00 time: 0.63
  | CTM step 3 conv: 1.000e+00 time: 0.66
  | CTM step 4 conv: 1.000e+00 time: 0.71
  | CTM step 5 conv: 1.000e+00 time: 0.7
  | CTM step 6 conv: 1.000e+00 time: 0.71
  | CTM step 7 conv: 4.826e-06 time: 0.7
  | CTM step 8 conv: 1.003e-05 time: 0.7
  | CTM step 9 conv: 1.567e-06 time: 0.7
  | CTM step 10 conv: 1.015e-06 time: 0.71
Performing CTM
  | CTM step 1 conv: 1.000e+00 time: 0.96
  | CTM step 2 conv: 1.468e-08 time: 1.08
  | CTM step 3 conv: 7.189e-09 time: 1.07
Energies: 0.15755990863407376 0.0
Norm: 0.07897071582519405
========== 
Finished basis vector 27/62 

Starting simulation of basis vector 28/62
Performing CTM pre-steps without tracking
  | CTM step 1 conv: 1.000e+00 time: 0.57
  | CTM step 2 conv: 1.000e+00 time: 0.64
  | CTM step 3 conv: 1.000e+00 time: 0.67
  | CTM step 4 conv: 1.000e+00 time: 0.71
  | CTM step 5 conv: 1.000e+00 time: 0.76
  | CTM step 6 conv: 1.000e+00 time: 0.71
  | CTM step 7 conv: 4.826e-06 time: 0.7
  | CTM step 8 conv: 1.003e-05 time: 0.7
  | CTM step 9 conv: 1.567e-06 time: 0.7
  | CTM step 10 conv: 1.015e-06 time: 0.7
Performing CTM
  | CTM step 1 conv: 1.000e+00 time: 0.9
  | CTM step 2 conv: 1.468e-08 time: 1.07
  | CTM step 3 conv: 7.189e-09 time: 1.06
Energies: 0.3521936406131285 0.0
Norm: 0.22948831587644927
========== 
Finished basis vector 28/62 

Starting simulation of basis vector 29/62
Performing CTM pre-steps without tracking
  | CTM step 1 conv: 1.000e+00 time: 0.58
  | CTM step 2 conv: 1.000e+00 time: 0.65
  | CTM step 3 conv: 1.000e+00 time: 0.68
  | CTM step 4 conv: 1.000e+00 time: 0.71
  | CTM step 5 conv: 1.000e+00 time: 0.75
  | CTM step 6 conv: 1.000e+00 time: 0.71
  | CTM step 7 conv: 4.826e-06 time: 0.71
  | CTM step 8 conv: 1.003e-05 time: 0.7
  | CTM step 9 conv: 1.567e-06 time: 0.7
  | CTM step 10 conv: 1.015e-06 time: 0.7
Performing CTM
  | CTM step 1 conv: 1.000e+00 time: 0.9
  | CTM step 2 conv: 1.468e-08 time: 1.07
  | CTM step 3 conv: 7.189e-09 time: 1.06
Energies: 0.15397745151708486 0.0
Norm: 0.07444815149040614
========== 
Finished basis vector 29/62 

Starting simulation of basis vector 30/62
Performing CTM pre-steps without tracking
  | CTM step 1 conv: 1.000e+00 time: 0.57
  | CTM step 2 conv: 1.000e+00 time: 0.63
  | CTM step 3 conv: 1.000e+00 time: 0.67
  | CTM step 4 conv: 1.000e+00 time: 0.8
  | CTM step 5 conv: 1.000e+00 time: 0.71
  | CTM step 6 conv: 1.000e+00 time: 0.71
  | CTM step 7 conv: 4.826e-06 time: 0.7
  | CTM step 8 conv: 1.003e-05 time: 0.74
  | CTM step 9 conv: 1.567e-06 time: 0.7
  | CTM step 10 conv: 1.015e-06 time: 0.7
Performing CTM
  | CTM step 1 conv: 1.000e+00 time: 0.92
  | CTM step 2 conv: 1.468e-08 time: 1.08
  | CTM step 3 conv: 7.189e-09 time: 1.07
Energies: 0.500787658267388 0.0
Norm: 0.5283551933531184
========== 
Finished basis vector 30/62 

Starting simulation of basis vector 31/62
Performing CTM pre-steps without tracking
  | CTM step 1 conv: 1.000e+00 time: 0.57
  | CTM step 2 conv: 1.000e+00 time: 0.64
  | CTM step 3 conv: 1.000e+00 time: 0.67
  | CTM step 4 conv: 1.000e+00 time: 0.8
  | CTM step 5 conv: 1.000e+00 time: 0.72
  | CTM step 6 conv: 1.000e+00 time: 0.71
  | CTM step 7 conv: 4.826e-06 time: 0.7
  | CTM step 8 conv: 1.003e-05 time: 0.71
  | CTM step 9 conv: 1.567e-06 time: 0.71
  | CTM step 10 conv: 1.015e-06 time: 0.72
Performing CTM
  | CTM step 1 conv: 1.000e+00 time: 0.91
  | CTM step 2 conv: 1.468e-08 time: 1.08
  | CTM step 3 conv: 7.189e-09 time: 1.07
Energies: 0.26843298769130186 0.0
Norm: 0.1980768145704482
========== 
Finished basis vector 31/62 

Starting simulation of basis vector 32/62
Performing CTM pre-steps without tracking
  | CTM step 1 conv: 1.000e+00 time: 0.57
  | CTM step 2 conv: 1.000e+00 time: 0.64
  | CTM step 3 conv: 1.000e+00 time: 0.67
  | CTM step 4 conv: 1.000e+00 time: 0.72
  | CTM step 5 conv: 1.000e+00 time: 0.71
  | CTM step 6 conv: 1.000e+00 time: 0.7
  | CTM step 7 conv: 4.826e-06 time: 0.86
  | CTM step 8 conv: 1.003e-05 time: 0.71
  | CTM step 9 conv: 1.567e-06 time: 0.71
  | CTM step 10 conv: 1.015e-06 time: 0.71
Performing CTM
  | CTM step 1 conv: 1.000e+00 time: 0.91
  | CTM step 2 conv: 1.468e-08 time: 1.09
  | CTM step 3 conv: 7.189e-09 time: 1.08
Energies: 0.13734720748536278 0.0
Norm: 0.0946026944439846
========== 
Finished basis vector 32/62 

Starting simulation of basis vector 33/62
Performing CTM pre-steps without tracking
  | CTM step 1 conv: 1.000e+00 time: 0.58
  | CTM step 2 conv: 1.000e+00 time: 0.64
  | CTM step 3 conv: 1.000e+00 time: 0.68
  | CTM step 4 conv: 1.000e+00 time: 0.74
  | CTM step 5 conv: 1.000e+00 time: 0.77
  | CTM step 6 conv: 1.000e+00 time: 0.72
  | CTM step 7 conv: 4.826e-06 time: 0.7
  | CTM step 8 conv: 1.003e-05 time: 0.7
  | CTM step 9 conv: 1.567e-06 time: 0.73
  | CTM step 10 conv: 1.015e-06 time: 0.73
Performing CTM
  | CTM step 1 conv: 1.000e+00 time: 0.91
  | CTM step 2 conv: 1.468e-08 time: 1.07
  | CTM step 3 conv: 7.189e-09 time: 1.07
Energies: 0.05946881277566307 0.0
Norm: 0.0330165472929038
========== 
Finished basis vector 33/62 

Starting simulation of basis vector 34/62
Performing CTM pre-steps without tracking
  | CTM step 1 conv: 1.000e+00 time: 0.58
  | CTM step 2 conv: 1.000e+00 time: 0.65
  | CTM step 3 conv: 1.000e+00 time: 0.68
  | CTM step 4 conv: 1.000e+00 time: 0.71
  | CTM step 5 conv: 1.000e+00 time: 0.71
  | CTM step 6 conv: 1.000e+00 time: 0.71
  | CTM step 7 conv: 4.826e-06 time: 0.73
  | CTM step 8 conv: 1.003e-05 time: 0.74
  | CTM step 9 conv: 1.567e-06 time: 0.7
  | CTM step 10 conv: 1.015e-06 time: 0.7
Performing CTM
  | CTM step 1 conv: 1.000e+00 time: 0.91
  | CTM step 2 conv: 1.468e-08 time: 1.08
  | CTM step 3 conv: 7.189e-09 time: 1.08
Energies: 0.2146926802118232 0.0
Norm: 0.14158855327650813
========== 
Finished basis vector 34/62 

Starting simulation of basis vector 35/62
Performing CTM pre-steps without tracking
  | CTM step 1 conv: 1.000e+00 time: 0.57
  | CTM step 2 conv: 1.000e+00 time: 0.64
  | CTM step 3 conv: 1.000e+00 time: 0.68
  | CTM step 4 conv: 1.000e+00 time: 0.71
  | CTM step 5 conv: 1.000e+00 time: 0.72
  | CTM step 6 conv: 1.000e+00 time: 0.72
  | CTM step 7 conv: 4.826e-06 time: 0.7
  | CTM step 8 conv: 1.003e-05 time: 0.7
  | CTM step 9 conv: 1.567e-06 time: 0.7
  | CTM step 10 conv: 1.015e-06 time: 0.7
Performing CTM
  | CTM step 1 conv: 1.000e+00 time: 0.91
  | CTM step 2 conv: 1.468e-08 time: 1.08
  | CTM step 3 conv: 7.189e-09 time: 1.08
Energies: 0.009370912254454383 0.0
Norm: 0.003857763280860783
========== 
Finished basis vector 35/62 

Starting simulation of basis vector 36/62
Performing CTM pre-steps without tracking
  | CTM step 1 conv: 1.000e+00 time: 0.58
  | CTM step 2 conv: 1.000e+00 time: 0.64
  | CTM step 3 conv: 1.000e+00 time: 0.74
  | CTM step 4 conv: 1.000e+00 time: 0.85
  | CTM step 5 conv: 1.000e+00 time: 0.71
  | CTM step 6 conv: 1.000e+00 time: 0.7
  | CTM step 7 conv: 4.826e-06 time: 0.7
  | CTM step 8 conv: 1.003e-05 time: 0.7
  | CTM step 9 conv: 1.567e-06 time: 0.7
  | CTM step 10 conv: 1.015e-06 time: 0.7
Performing CTM
  | CTM step 1 conv: 1.000e+00 time: 0.9
  | CTM step 2 conv: 1.468e-08 time: 1.07
  | CTM step 3 conv: 7.189e-09 time: 1.06
Energies: 0.033170410554631546 0.0
Norm: 0.01672629325576918
========== 
Finished basis vector 36/62 

Starting simulation of basis vector 37/62
Performing CTM pre-steps without tracking
  | CTM step 1 conv: 1.000e+00 time: 0.58
  | CTM step 2 conv: 1.000e+00 time: 0.64
  | CTM step 3 conv: 1.000e+00 time: 0.67
  | CTM step 4 conv: 1.000e+00 time: 0.7
  | CTM step 5 conv: 1.000e+00 time: 0.79
  | CTM step 6 conv: 1.000e+00 time: 0.7
  | CTM step 7 conv: 4.826e-06 time: 0.7
  | CTM step 8 conv: 1.003e-05 time: 0.69
  | CTM step 9 conv: 1.567e-06 time: 0.7
  | CTM step 10 conv: 1.015e-06 time: 0.69
Performing CTM
  | CTM step 1 conv: 1.000e+00 time: 0.9
  | CTM step 2 conv: 1.468e-08 time: 1.07
  | CTM step 3 conv: 7.189e-09 time: 1.06
Energies: 0.015012432260910202 0.0
Norm: 0.006882515253103842
========== 
Finished basis vector 37/62 

Starting simulation of basis vector 38/62
Performing CTM pre-steps without tracking
  | CTM step 1 conv: 1.000e+00 time: 0.57
  | CTM step 2 conv: 1.000e+00 time: 0.63
  | CTM step 3 conv: 1.000e+00 time: 0.67
  | CTM step 4 conv: 1.000e+00 time: 0.8
  | CTM step 5 conv: 1.000e+00 time: 0.73
  | CTM step 6 conv: 1.000e+00 time: 0.71
  | CTM step 7 conv: 4.826e-06 time: 0.76
  | CTM step 8 conv: 1.003e-05 time: 0.72
  | CTM step 9 conv: 1.567e-06 time: 0.7
  | CTM step 10 conv: 1.015e-06 time: 0.7
Performing CTM
  | CTM step 1 conv: 1.000e+00 time: 0.91
  | CTM step 2 conv: 1.468e-08 time: 1.08
  | CTM step 3 conv: 7.189e-09 time: 1.07
Energies: 0.057339465755629204 0.0
Norm: 0.02991113676738135
========== 
Finished basis vector 38/62 

Starting simulation of basis vector 39/62
Performing CTM pre-steps without tracking
  | CTM step 1 conv: 1.000e+00 time: 0.57
  | CTM step 2 conv: 1.000e+00 time: 0.63
  | CTM step 3 conv: 1.000e+00 time: 0.67
  | CTM step 4 conv: 1.000e+00 time: 0.7
  | CTM step 5 conv: 1.000e+00 time: 0.74
  | CTM step 6 conv: 1.000e+00 time: 0.74
  | CTM step 7 conv: 4.826e-06 time: 0.71
  | CTM step 8 conv: 1.003e-05 time: 0.7
  | CTM step 9 conv: 1.567e-06 time: 0.7
  | CTM step 10 conv: 1.015e-06 time: 0.7
Performing CTM
  | CTM step 1 conv: 1.000e+00 time: 0.91
  | CTM step 2 conv: 1.468e-08 time: 1.07
  | CTM step 3 conv: 7.189e-09 time: 1.08
Energies: 0.10005578774950319 0.0
Norm: 0.07574684386686506
========== 
Finished basis vector 39/62 

Starting simulation of basis vector 40/62
Performing CTM pre-steps without tracking
  | CTM step 1 conv: 1.000e+00 time: 0.58
  | CTM step 2 conv: 1.000e+00 time: 0.65
  | CTM step 3 conv: 1.000e+00 time: 0.68
  | CTM step 4 conv: 1.000e+00 time: 0.72
  | CTM step 5 conv: 1.000e+00 time: 0.76
  | CTM step 6 conv: 1.000e+00 time: 0.78
  | CTM step 7 conv: 4.826e-06 time: 0.7
  | CTM step 8 conv: 1.003e-05 time: 0.7
  | CTM step 9 conv: 1.567e-06 time: 0.7
  | CTM step 10 conv: 1.015e-06 time: 0.7
Performing CTM
  | CTM step 1 conv: 1.000e+00 time: 0.91
  | CTM step 2 conv: 1.468e-08 time: 1.08
  | CTM step 3 conv: 7.189e-09 time: 1.07
Energies: 0.3419841693286614 0.0
Norm: 0.3230166119393114
========== 
Finished basis vector 40/62 

Starting simulation of basis vector 41/62
Performing CTM pre-steps without tracking
  | CTM step 1 conv: 1.000e+00 time: 0.57
  | CTM step 2 conv: 1.000e+00 time: 0.64
  | CTM step 3 conv: 1.000e+00 time: 0.68
  | CTM step 4 conv: 1.000e+00 time: 0.7
  | CTM step 5 conv: 1.000e+00 time: 0.71
  | CTM step 6 conv: 1.000e+00 time: 0.76
  | CTM step 7 conv: 4.826e-06 time: 0.75
  | CTM step 8 conv: 1.003e-05 time: 0.7
  | CTM step 9 conv: 1.567e-06 time: 0.7
  | CTM step 10 conv: 1.015e-06 time: 0.7
Performing CTM
  | CTM step 1 conv: 1.000e+00 time: 0.91
  | CTM step 2 conv: 1.468e-08 time: 1.07
  | CTM step 3 conv: 7.189e-09 time: 1.08
Energies: 0.16319917849946464 0.0
Norm: 0.12713588433773326
========== 
Finished basis vector 41/62 

Starting simulation of basis vector 42/62
Performing CTM pre-steps without tracking
  | CTM step 1 conv: 1.000e+00 time: 0.57
  | CTM step 2 conv: 1.000e+00 time: 0.64
  | CTM step 3 conv: 1.000e+00 time: 0.67
  | CTM step 4 conv: 1.000e+00 time: 0.71
  | CTM step 5 conv: 1.000e+00 time: 0.77
  | CTM step 6 conv: 1.000e+00 time: 0.71
  | CTM step 7 conv: 4.826e-06 time: 0.7
  | CTM step 8 conv: 1.003e-05 time: 0.7
  | CTM step 9 conv: 1.567e-06 time: 0.7
  | CTM step 10 conv: 1.015e-06 time: 0.74
Performing CTM
  | CTM step 1 conv: 1.000e+00 time: 0.9
  | CTM step 2 conv: 1.468e-08 time: 1.07
  | CTM step 3 conv: 7.189e-09 time: 1.06
Energies: 0.5430784658255341 0.0
Norm: 0.5251768214638494
========== 
Finished basis vector 42/62 

Starting simulation of basis vector 43/62
Performing CTM pre-steps without tracking
  | CTM step 1 conv: 1.000e+00 time: 0.57
  | CTM step 2 conv: 1.000e+00 time: 0.64
  | CTM step 3 conv: 1.000e+00 time: 0.68
  | CTM step 4 conv: 1.000e+00 time: 0.7
  | CTM step 5 conv: 1.000e+00 time: 0.7
  | CTM step 6 conv: 1.000e+00 time: 0.7
  | CTM step 7 conv: 4.826e-06 time: 0.72
  | CTM step 8 conv: 1.003e-05 time: 0.7
  | CTM step 9 conv: 1.567e-06 time: 0.69
  | CTM step 10 conv: 1.015e-06 time: 0.69
Performing CTM
  | CTM step 1 conv: 1.000e+00 time: 0.9
  | CTM step 2 conv: 1.468e-08 time: 1.07
  | CTM step 3 conv: 7.189e-09 time: 1.06
Energies: 0.02882548748093694 0.0
Norm: 0.016678154983057636
========== 
Finished basis vector 43/62 

Starting simulation of basis vector 44/62
Performing CTM pre-steps without tracking
  | CTM step 1 conv: 1.000e+00 time: 0.58
  | CTM step 2 conv: 1.000e+00 time: 0.64
  | CTM step 3 conv: 1.000e+00 time: 0.66
  | CTM step 4 conv: 1.000e+00 time: 0.73
  | CTM step 5 conv: 1.000e+00 time: 0.72
  | CTM step 6 conv: 1.000e+00 time: 0.74
  | CTM step 7 conv: 4.826e-06 time: 0.74
  | CTM step 8 conv: 1.003e-05 time: 0.74
  | CTM step 9 conv: 1.567e-06 time: 0.7
  | CTM step 10 conv: 1.015e-06 time: 0.71
Performing CTM
  | CTM step 1 conv: 1.000e+00 time: 0.91
  | CTM step 2 conv: 1.468e-08 time: 1.08
  | CTM step 3 conv: 7.189e-09 time: 1.07
Energies: 0.09937448348817313 0.0
Norm: 0.06895360241854914
========== 
Finished basis vector 44/62 

Starting simulation of basis vector 45/62
Performing CTM pre-steps without tracking
  | CTM step 1 conv: 1.000e+00 time: 0.58
  | CTM step 2 conv: 1.000e+00 time: 0.64
  | CTM step 3 conv: 1.000e+00 time: 0.68
  | CTM step 4 conv: 1.000e+00 time: 0.71
  | CTM step 5 conv: 1.000e+00 time: 0.72
  | CTM step 6 conv: 1.000e+00 time: 0.71
  | CTM step 7 conv: 4.826e-06 time: 0.72
  | CTM step 8 conv: 1.003e-05 time: 0.71
  | CTM step 9 conv: 1.567e-06 time: 0.7
  | CTM step 10 conv: 1.015e-06 time: 0.7
Performing CTM
  | CTM step 1 conv: 1.000e+00 time: 0.91
  | CTM step 2 conv: 1.468e-08 time: 1.08
  | CTM step 3 conv: 7.189e-09 time: 1.07
Energies: 0.04714821757950549 0.0
Norm: 0.028517117761873708
========== 
Finished basis vector 45/62 

Starting simulation of basis vector 46/62
Performing CTM pre-steps without tracking
  | CTM step 1 conv: 1.000e+00 time: 0.58
  | CTM step 2 conv: 1.000e+00 time: 0.64
  | CTM step 3 conv: 1.000e+00 time: 0.68
  | CTM step 4 conv: 1.000e+00 time: 0.72
  | CTM step 5 conv: 1.000e+00 time: 0.75
  | CTM step 6 conv: 1.000e+00 time: 0.71
  | CTM step 7 conv: 4.826e-06 time: 0.73
  | CTM step 8 conv: 1.003e-05 time: 0.71
  | CTM step 9 conv: 1.567e-06 time: 0.71
  | CTM step 10 conv: 1.015e-06 time: 0.71
Performing CTM
  | CTM step 1 conv: 1.000e+00 time: 0.92
  | CTM step 2 conv: 1.468e-08 time: 1.09
  | CTM step 3 conv: 7.189e-09 time: 1.08
Energies: 0.16094837163213427 0.0
Norm: 0.11567588514514295
========== 
Finished basis vector 46/62 

Starting simulation of basis vector 47/62
Performing CTM pre-steps without tracking
  | CTM step 1 conv: 1.000e+00 time: 0.58
  | CTM step 2 conv: 1.000e+00 time: 0.66
  | CTM step 3 conv: 1.000e+00 time: 0.69
  | CTM step 4 conv: 1.000e+00 time: 0.72
  | CTM step 5 conv: 1.000e+00 time: 0.72
  | CTM step 6 conv: 1.000e+00 time: 0.71
  | CTM step 7 conv: 4.826e-06 time: 0.71
  | CTM step 8 conv: 1.003e-05 time: 0.71
  | CTM step 9 conv: 1.567e-06 time: 0.71
  | CTM step 10 conv: 1.015e-06 time: 0.71
Performing CTM
  | CTM step 1 conv: 1.000e+00 time: 0.92
  | CTM step 2 conv: 1.468e-08 time: 1.12
  | CTM step 3 conv: 7.189e-09 time: 1.08
Energies: 0.025666874844900156 0.0
Norm: 0.017101041102347295
========== 
Finished basis vector 47/62 

Starting simulation of basis vector 48/62
Performing CTM pre-steps without tracking
  | CTM step 1 conv: 1.000e+00 time: 0.58
  | CTM step 2 conv: 1.000e+00 time: 0.65
  | CTM step 3 conv: 1.000e+00 time: 0.73
  | CTM step 4 conv: 1.000e+00 time: 0.72
  | CTM step 5 conv: 1.000e+00 time: 0.71
  | CTM step 6 conv: 1.000e+00 time: 0.71
  | CTM step 7 conv: 4.826e-06 time: 0.7
  | CTM step 8 conv: 1.003e-05 time: 0.71
  | CTM step 9 conv: 1.567e-06 time: 0.71
  | CTM step 10 conv: 1.015e-06 time: 0.89
Performing CTM
  | CTM step 1 conv: 1.000e+00 time: 0.92
  | CTM step 2 conv: 1.468e-08 time: 1.09
  | CTM step 3 conv: 7.189e-09 time: 1.08
Energies: 0.09626769391948198 0.0
Norm: 0.07085653067295612
========== 
Finished basis vector 48/62 

Starting simulation of basis vector 49/62
Performing CTM pre-steps without tracking
  | CTM step 1 conv: 1.000e+00 time: 0.58
  | CTM step 2 conv: 1.000e+00 time: 0.64
  | CTM step 3 conv: 1.000e+00 time: 0.67
  | CTM step 4 conv: 1.000e+00 time: 0.72
  | CTM step 5 conv: 1.000e+00 time: 0.72
  | CTM step 6 conv: 1.000e+00 time: 0.72
  | CTM step 7 conv: 4.826e-06 time: 0.71
  | CTM step 8 conv: 1.003e-05 time: 0.84
  | CTM step 9 conv: 1.567e-06 time: 0.71
  | CTM step 10 conv: 1.015e-06 time: 0.76
Performing CTM
  | CTM step 1 conv: 1.000e+00 time: 0.9
  | CTM step 2 conv: 1.468e-08 time: 1.07
  | CTM step 3 conv: 7.189e-09 time: 1.07
Energies: 0.030626393801803875 0.0
Norm: 0.022396657735985263
========== 
Finished basis vector 49/62 

Starting simulation of basis vector 50/62
Performing CTM pre-steps without tracking
  | CTM step 1 conv: 1.000e+00 time: 0.57
  | CTM step 2 conv: 1.000e+00 time: 0.63
  | CTM step 3 conv: 1.000e+00 time: 0.72
  | CTM step 4 conv: 1.000e+00 time: 0.75
  | CTM step 5 conv: 1.000e+00 time: 0.75
  | CTM step 6 conv: 1.000e+00 time: 0.72
  | CTM step 7 conv: 4.826e-06 time: 0.73
  | CTM step 8 conv: 1.003e-05 time: 0.71
  | CTM step 9 conv: 1.567e-06 time: 0.73
  | CTM step 10 conv: 1.015e-06 time: 0.72
Performing CTM
  | CTM step 1 conv: 1.000e+00 time: 0.92
  | CTM step 2 conv: 1.468e-08 time: 1.09
  | CTM step 3 conv: 7.189e-09 time: 1.08
Energies: 0.1127358830412728 0.0
Norm: 0.08988929301453584
========== 
Finished basis vector 50/62 

Starting simulation of basis vector 51/62
Performing CTM pre-steps without tracking
  | CTM step 1 conv: 1.000e+00 time: 0.58
  | CTM step 2 conv: 1.000e+00 time: 0.74
  | CTM step 3 conv: 1.000e+00 time: 0.68
  | CTM step 4 conv: 1.000e+00 time: 0.72
  | CTM step 5 conv: 1.000e+00 time: 0.72
  | CTM step 6 conv: 1.000e+00 time: 0.72
  | CTM step 7 conv: 4.826e-06 time: 0.72
  | CTM step 8 conv: 1.003e-05 time: 0.71
  | CTM step 9 conv: 1.567e-06 time: 0.72
  | CTM step 10 conv: 1.015e-06 time: 0.71
Performing CTM
  | CTM step 1 conv: 1.000e+00 time: 0.9
  | CTM step 2 conv: 1.468e-08 time: 1.09
  | CTM step 3 conv: 7.189e-09 time: 1.07
Energies: 0.00722383549811817 0.0
Norm: 0.004028832687246475
========== 
Finished basis vector 51/62 

Starting simulation of basis vector 52/62
Performing CTM pre-steps without tracking
  | CTM step 1 conv: 1.000e+00 time: 0.57
  | CTM step 2 conv: 1.000e+00 time: 0.64
  | CTM step 3 conv: 1.000e+00 time: 0.72
  | CTM step 4 conv: 1.000e+00 time: 0.71
  | CTM step 5 conv: 1.000e+00 time: 0.71
  | CTM step 6 conv: 1.000e+00 time: 0.71
  | CTM step 7 conv: 4.826e-06 time: 0.78
  | CTM step 8 conv: 1.003e-05 time: 0.7
  | CTM step 9 conv: 1.567e-06 time: 0.7
  | CTM step 10 conv: 1.015e-06 time: 0.7
Performing CTM
  | CTM step 1 conv: 1.000e+00 time: 0.9
  | CTM step 2 conv: 1.468e-08 time: 1.07
  | CTM step 3 conv: 7.189e-09 time: 1.06
Energies: 0.024898380329475334 0.0
Norm: 0.015739346712679774
========== 
Finished basis vector 52/62 

Starting simulation of basis vector 53/62
Performing CTM pre-steps without tracking
  | CTM step 1 conv: 1.000e+00 time: 0.57
  | CTM step 2 conv: 1.000e+00 time: 0.65
  | CTM step 3 conv: 1.000e+00 time: 0.84
  | CTM step 4 conv: 1.000e+00 time: 0.77
  | CTM step 5 conv: 1.000e+00 time: 0.75
  | CTM step 6 conv: 1.000e+00 time: 0.74
  | CTM step 7 conv: 4.826e-06 time: 0.77
  | CTM step 8 conv: 1.003e-05 time: 0.7
  | CTM step 9 conv: 1.567e-06 time: 0.74
  | CTM step 10 conv: 1.015e-06 time: 0.71
Performing CTM
  | CTM step 1 conv: 1.000e+00 time: 0.91
  | CTM step 2 conv: 1.468e-08 time: 1.08
  | CTM step 3 conv: 7.189e-09 time: 1.07
Energies: 0.009554712063582715 0.0
Norm: 0.005716316785235381
========== 
Finished basis vector 53/62 

Starting simulation of basis vector 54/62
Performing CTM pre-steps without tracking
  | CTM step 1 conv: 1.000e+00 time: 0.58
  | CTM step 2 conv: 1.000e+00 time: 0.64
  | CTM step 3 conv: 1.000e+00 time: 0.68
  | CTM step 4 conv: 1.000e+00 time: 0.77
  | CTM step 5 conv: 1.000e+00 time: 0.71
  | CTM step 6 conv: 1.000e+00 time: 0.7
  | CTM step 7 conv: 4.826e-06 time: 0.72
  | CTM step 8 conv: 1.003e-05 time: 0.72
  | CTM step 9 conv: 1.567e-06 time: 0.73
  | CTM step 10 conv: 1.015e-06 time: 0.71
Performing CTM
  | CTM step 1 conv: 1.000e+00 time: 0.93
  | CTM step 2 conv: 1.468e-08 time: 1.09
  | CTM step 3 conv: 7.189e-09 time: 1.08
Energies: 0.030417447242281348 0.0
Norm: 0.021151539657483794
========== 
Finished basis vector 54/62 

Starting simulation of basis vector 55/62
Performing CTM pre-steps without tracking
  | CTM step 1 conv: 1.000e+00 time: 0.59
  | CTM step 2 conv: 1.000e+00 time: 0.65
  | CTM step 3 conv: 1.000e+00 time: 0.69
  | CTM step 4 conv: 1.000e+00 time: 0.72
  | CTM step 5 conv: 1.000e+00 time: 0.72
  | CTM step 6 conv: 1.000e+00 time: 0.71
  | CTM step 7 conv: 4.826e-06 time: 0.74
  | CTM step 8 conv: 1.003e-05 time: 0.7
  | CTM step 9 conv: 1.567e-06 time: 0.7
  | CTM step 10 conv: 1.015e-06 time: 0.7
Performing CTM
  | CTM step 1 conv: 1.000e+00 time: 0.92
  | CTM step 2 conv: 1.468e-08 time: 1.09
  | CTM step 3 conv: 7.189e-09 time: 1.07
Energies: 0.056387882924969546 0.0
Norm: 0.03875679126685838
========== 
Finished basis vector 55/62 

Starting simulation of basis vector 56/62
Performing CTM pre-steps without tracking
  | CTM step 1 conv: 1.000e+00 time: 0.57
  | CTM step 2 conv: 1.000e+00 time: 0.64
  | CTM step 3 conv: 1.000e+00 time: 0.68
  | CTM step 4 conv: 1.000e+00 time: 0.71
  | CTM step 5 conv: 1.000e+00 time: 0.71
  | CTM step 6 conv: 1.000e+00 time: 0.75
  | CTM step 7 conv: 4.826e-06 time: 0.71
  | CTM step 8 conv: 1.003e-05 time: 0.71
  | CTM step 9 conv: 1.567e-06 time: 0.71
  | CTM step 10 conv: 1.015e-06 time: 0.71
Performing CTM
  | CTM step 1 conv: 1.000e+00 time: 0.98
  | CTM step 2 conv: 1.468e-08 time: 1.08
  | CTM step 3 conv: 7.189e-09 time: 1.08
Energies: 0.17198698907532428 0.0
Norm: 0.13708527361957049
========== 
Finished basis vector 56/62 

Starting simulation of basis vector 57/62
Performing CTM pre-steps without tracking
  | CTM step 1 conv: 1.000e+00 time: 0.58
  | CTM step 2 conv: 1.000e+00 time: 0.64
  | CTM step 3 conv: 1.000e+00 time: 0.68
  | CTM step 4 conv: 1.000e+00 time: 0.83
  | CTM step 5 conv: 1.000e+00 time: 0.72
  | CTM step 6 conv: 1.000e+00 time: 0.72
  | CTM step 7 conv: 4.826e-06 time: 0.72
  | CTM step 8 conv: 1.003e-05 time: 0.71
  | CTM step 9 conv: 1.567e-06 time: 0.71
  | CTM step 10 conv: 1.015e-06 time: 0.71
Performing CTM
  | CTM step 1 conv: 1.000e+00 time: 0.91
  | CTM step 2 conv: 1.468e-08 time: 1.08
  | CTM step 3 conv: 7.189e-09 time: 1.07
Energies: 0.03602031676892392 0.0
Norm: 0.03329326731255968
========== 
Finished basis vector 57/62 

Starting simulation of basis vector 58/62
Performing CTM pre-steps without tracking
  | CTM step 1 conv: 1.000e+00 time: 0.58
  | CTM step 2 conv: 1.000e+00 time: 0.64
  | CTM step 3 conv: 1.000e+00 time: 0.67
  | CTM step 4 conv: 1.000e+00 time: 0.71
  | CTM step 5 conv: 1.000e+00 time: 0.71
  | CTM step 6 conv: 1.000e+00 time: 0.71
  | CTM step 7 conv: 4.826e-06 time: 0.71
  | CTM step 8 conv: 1.003e-05 time: 0.7
  | CTM step 9 conv: 1.567e-06 time: 0.7
  | CTM step 10 conv: 1.015e-06 time: 0.7
Performing CTM
  | CTM step 1 conv: 1.000e+00 time: 0.92
  | CTM step 2 conv: 1.468e-08 time: 1.08
  | CTM step 3 conv: 7.189e-09 time: 1.09
Energies: 0.07983131655291498 0.0
Norm: 0.08656654471480252
========== 
Finished basis vector 58/62 

Starting simulation of basis vector 59/62
Performing CTM pre-steps without tracking
  | CTM step 1 conv: 1.000e+00 time: 0.58
  | CTM step 2 conv: 1.000e+00 time: 0.71
  | CTM step 3 conv: 1.000e+00 time: 0.68
  | CTM step 4 conv: 1.000e+00 time: 0.72
  | CTM step 5 conv: 1.000e+00 time: 0.73
  | CTM step 6 conv: 1.000e+00 time: 0.75
  | CTM step 7 conv: 4.826e-06 time: 0.78
  | CTM step 8 conv: 1.003e-05 time: 0.71
  | CTM step 9 conv: 1.567e-06 time: 0.71
  | CTM step 10 conv: 1.015e-06 time: 0.7
Performing CTM
  | CTM step 1 conv: 1.000e+00 time: 0.91
  | CTM step 2 conv: 1.468e-08 time: 1.08
  | CTM step 3 conv: 7.189e-09 time: 1.07
Energies: 0.026136374485953184 0.0
Norm: 0.013211464346493281
========== 
Finished basis vector 59/62 

Starting simulation of basis vector 60/62
Performing CTM pre-steps without tracking
  | CTM step 1 conv: 1.000e+00 time: 0.58
  | CTM step 2 conv: 1.000e+00 time: 0.65
  | CTM step 3 conv: 1.000e+00 time: 0.68
  | CTM step 4 conv: 1.000e+00 time: 0.76
  | CTM step 5 conv: 1.000e+00 time: 0.73
  | CTM step 6 conv: 1.000e+00 time: 0.72
  | CTM step 7 conv: 4.826e-06 time: 0.71
  | CTM step 8 conv: 1.003e-05 time: 0.71
  | CTM step 9 conv: 1.567e-06 time: 0.7
  | CTM step 10 conv: 1.015e-06 time: 0.74
Performing CTM
  | CTM step 1 conv: 1.000e+00 time: 0.91
  | CTM step 2 conv: 1.468e-08 time: 1.19
  | CTM step 3 conv: 7.189e-09 time: 1.09
Energies: 0.05912557379845662 0.0
Norm: 0.038483831296477124
========== 
Finished basis vector 60/62 

Starting simulation of basis vector 61/62
Performing CTM pre-steps without tracking
  | CTM step 1 conv: 1.000e+00 time: 0.58
  | CTM step 2 conv: 1.000e+00 time: 0.66
  | CTM step 3 conv: 1.000e+00 time: 0.69
  | CTM step 4 conv: 1.000e+00 time: 0.71
  | CTM step 5 conv: 1.000e+00 time: 0.72
  | CTM step 6 conv: 1.000e+00 time: 0.73
  | CTM step 7 conv: 4.826e-06 time: 0.71
  | CTM step 8 conv: 1.003e-05 time: 0.71
  | CTM step 9 conv: 1.567e-06 time: 0.7
  | CTM step 10 conv: 1.015e-06 time: 0.7
Performing CTM
  | CTM step 1 conv: 1.000e+00 time: 0.92
  | CTM step 2 conv: 1.468e-08 time: 1.08
  | CTM step 3 conv: 7.189e-09 time: 1.07
Energies: 0.03295472195812965 0.0
Norm: 0.01769962752451448
========== 
Finished basis vector 61/62 

Starting simulation of basis vector 62/62
Performing CTM pre-steps without tracking
  | CTM step 1 conv: 1.000e+00 time: 0.58
  | CTM step 2 conv: 1.000e+00 time: 0.64
  | CTM step 3 conv: 1.000e+00 time: 0.68
  | CTM step 4 conv: 1.000e+00 time: 0.71
  | CTM step 5 conv: 1.000e+00 time: 0.71
  | CTM step 6 conv: 1.000e+00 time: 0.72
  | CTM step 7 conv: 4.826e-06 time: 0.71
  | CTM step 8 conv: 1.003e-05 time: 0.7
  | CTM step 9 conv: 1.567e-06 time: 0.7
  | CTM step 10 conv: 1.015e-06 time: 0.71
Performing CTM
  | CTM step 1 conv: 1.000e+00 time: 1.0
  | CTM step 2 conv: 1.468e-08 time: 1.08
  | CTM step 3 conv: 7.189e-09 time: 1.07
Energies: 0.04544331113086475 0.0
Norm: 0.03884933658105125
========== 
Finished basis vector 62/62 

[[ 1.04475481e-01+9.67604766e-05j -4.38841274e-02-3.59469151e-02j
  -3.36791179e-02-2.19688711e-02j ...  5.62735462e-04-1.66034992e-03j
  -1.92486035e-04+1.18873775e-03j  1.36260634e-03-2.02777865e-03j]
 [-4.07623941e-02+4.00031479e-02j  2.66149028e-01+1.42724084e-02j
   1.77704754e-01+6.71913351e-03j ... -4.28179825e-02+3.90562493e-03j
   6.01590129e-02-7.99033264e-03j -4.55791987e-02+1.28511997e-02j]
 [-2.94585434e-02+2.74983390e-02j  1.65609906e-01+1.57848160e-02j
   2.00551558e-01+8.10186965e-03j ... -7.33271925e-02-3.65621270e-03j
   7.46635026e-02-8.46200657e-03j -7.83493591e-02+1.56034558e-02j]
 ...
 [-1.60220061e-03-2.33597136e-03j -1.88339961e-02-1.56703013e-02j
  -4.95438692e-02-1.02092433e-02j ...  1.16221922e-01+6.61899972e-03j
  -1.85896789e-02-5.57680498e-03j -1.04031743e-02+9.03897602e-03j]
 [ 2.68290956e-03+2.92904428e-03j  4.89771287e-02+9.06023395e-03j
   6.83869746e-02+7.38198176e-03j ... -3.09536981e-02+4.32956240e-03j
   6.60775808e-02-5.89399659e-03j -7.56643269e-02+1.20320740e-02j]
 [-2.40955746e-03-3.43137611e-03j -3.58411583e-02-1.05932491e-02j
  -7.41083628e-02-1.11594709e-02j ...  8.72643984e-03-7.00817688e-03j
  -7.99274748e-02+5.23477794e-03j  1.02395929e-01-1.09155990e-02j]]
[[ 0.05005241+1.89840789e-10j -0.0223162 -3.37088967e-02j
  -0.01472162-1.94586125e-02j ...  0.00149804-2.11571670e-03j
  -0.00095548+1.44697675e-03j  0.00217541-2.93835972e-03j]
 [-0.02231621+3.37089042e-02j  0.15383389-1.27735635e-09j
   0.10736596-4.45543921e-04j ... -0.02530584+1.09639820e-03j
   0.02893458-3.40895372e-03j -0.03146253+7.18937863e-03j]
 [-0.01472163+1.94586137e-02j  0.10736597+4.45538222e-04j
   0.10624316-2.52213592e-09j ... -0.03234543+1.73490331e-04j
   0.03545179-1.97264398e-03j -0.04290331+4.39659969e-03j]
 ...
 [ 0.00149805+2.11570108e-03j -0.02530588-1.09639401e-03j
  -0.03234544-1.73487386e-04j ...  0.07696766+3.54548695e-09j
  -0.00453062-8.23681541e-03j -0.01002832+1.68261011e-02j]
 [-0.0009555 -1.44696209e-03j  0.02893459+3.40892556e-03j
   0.0354518 +1.97262534e-03j ... -0.00453052+8.23679471e-03j
   0.03539926-8.87517363e-09j -0.04859162+1.76766021e-04j]
 [ 0.00217543+2.93833816e-03j -0.03146257-7.18935409e-03j
  -0.04290335-4.39657523e-03j ... -0.01002842-1.68260988e-02j
  -0.04859158-1.76743429e-04j  0.07769867-5.51028029e-09j]]
Done
Saved to /share/home/tanyi/ad-peps/simulations/exci/11_honey_brick_D2_X30/20_0.22222_0.0.npz
