No GPU/TPU found, falling back to CPU. (Set TF_CPP_MIN_LOG_LEVEL=0 and rerun for more info.)
Namespace(version=False, sim_mode='exci', config_file='honey_brick_exci.yaml', momentum_ix=7, evaluate=False, init=False)
Running excited-state sim
honey_brick_exci.yaml
/share/home/tanyi/ad-peps/examples/honey_brick_exci.yaml
/share/home/tanyi/ad-peps/examples/honey_brick_exci.yaml
D: 2
chi: 30
ctm_conv_tol: 1.0e-06
ctm_max_iter: 20
ctm_min_iter: 4
disp_level: 1
flush_output: true
model: honey_brick
model_params:
  Jx: 1
  Jy: 1
momentum_path: Bril1
out_prefix: 11
pattern:
- - 0
  - 1
- - 1
  - 0
resume: true

Starting simulation of basis vector 1/62
Performing CTM pre-steps without tracking
  | CTM step 1 conv: 1.000e+00 time: 2.92
  | CTM step 2 conv: 1.000e+00 time: 3.6
  | CTM step 3 conv: 1.000e+00 time: 8.2
  | CTM step 4 conv: 1.000e+00 time: 9.52
  | CTM step 5 conv: 1.000e+00 time: 6.11
  | CTM step 6 conv: 1.000e+00 time: 4.84
  | CTM step 7 conv: 4.826e-06 time: 3.35
  | CTM step 8 conv: 1.003e-05 time: 2.46
  | CTM step 9 conv: 1.567e-06 time: 1.51
  | CTM step 10 conv: 1.015e-06 time: 0.7
Performing CTM
  | CTM step 1 conv: 1.000e+00 time: 1.94
  | CTM step 2 conv: 1.468e-08 time: 1.26
  | CTM step 3 conv: 7.189e-09 time: 1.08
Energies: 0.050521240943138146 0.0
Norm: 0.025322895725765154
========== 
Finished basis vector 1/62 

Starting simulation of basis vector 2/62
Performing CTM pre-steps without tracking
  | CTM step 1 conv: 1.000e+00 time: 0.59
  | CTM step 2 conv: 1.000e+00 time: 0.67
  | CTM step 3 conv: 1.000e+00 time: 0.7
  | CTM step 4 conv: 1.000e+00 time: 0.73
  | CTM step 5 conv: 1.000e+00 time: 0.72
  | CTM step 6 conv: 1.000e+00 time: 0.72
  | CTM step 7 conv: 4.826e-06 time: 0.71
  | CTM step 8 conv: 1.003e-05 time: 0.71
  | CTM step 9 conv: 1.567e-06 time: 0.71
  | CTM step 10 conv: 1.015e-06 time: 0.71
Performing CTM
  | CTM step 1 conv: 1.000e+00 time: 0.92
  | CTM step 2 conv: 1.468e-08 time: 1.09
  | CTM step 3 conv: 7.189e-09 time: 1.08
Energies: 0.351507358963834 0.0
Norm: 0.07287586283544113
========== 
Finished basis vector 2/62 

Starting simulation of basis vector 3/62
Performing CTM pre-steps without tracking
  | CTM step 1 conv: 1.000e+00 time: 0.58
  | CTM step 2 conv: 1.000e+00 time: 0.64
  | CTM step 3 conv: 1.000e+00 time: 0.68
  | CTM step 4 conv: 1.000e+00 time: 0.74
  | CTM step 5 conv: 1.000e+00 time: 0.72
  | CTM step 6 conv: 1.000e+00 time: 0.76
  | CTM step 7 conv: 4.826e-06 time: 0.71
  | CTM step 8 conv: 1.003e-05 time: 0.7
  | CTM step 9 conv: 1.567e-06 time: 0.75
  | CTM step 10 conv: 1.015e-06 time: 0.72
Performing CTM
  | CTM step 1 conv: 1.000e+00 time: 0.91
  | CTM step 2 conv: 1.468e-08 time: 1.07
  | CTM step 3 conv: 7.189e-09 time: 1.07
Energies: 0.03611909951369641 0.0
Norm: 0.02703747932722331
========== 
Finished basis vector 3/62 

Starting simulation of basis vector 4/62
Performing CTM pre-steps without tracking
  | CTM step 1 conv: 1.000e+00 time: 0.59
  | CTM step 2 conv: 1.000e+00 time: 0.65
  | CTM step 3 conv: 1.000e+00 time: 0.68
  | CTM step 4 conv: 1.000e+00 time: 0.77
  | CTM step 5 conv: 1.000e+00 time: 0.84
  | CTM step 6 conv: 1.000e+00 time: 0.8
  | CTM step 7 conv: 4.826e-06 time: 0.76
  | CTM step 8 conv: 1.003e-05 time: 0.74
  | CTM step 9 conv: 1.567e-06 time: 0.72
  | CTM step 10 conv: 1.015e-06 time: 0.71
Performing CTM
  | CTM step 1 conv: 1.000e+00 time: 0.97
  | CTM step 2 conv: 1.468e-08 time: 1.14
  | CTM step 3 conv: 7.189e-09 time: 1.12
Energies: 0.2034843535851829 0.0
Norm: 0.18109204708658155
========== 
Finished basis vector 4/62 

Starting simulation of basis vector 5/62
Performing CTM pre-steps without tracking
  | CTM step 1 conv: 1.000e+00 time: 0.58
  | CTM step 2 conv: 1.000e+00 time: 0.64
  | CTM step 3 conv: 1.000e+00 time: 0.68
  | CTM step 4 conv: 1.000e+00 time: 0.71
  | CTM step 5 conv: 1.000e+00 time: 0.71
  | CTM step 6 conv: 1.000e+00 time: 0.78
  | CTM step 7 conv: 4.826e-06 time: 0.72
  | CTM step 8 conv: 1.003e-05 time: 0.7
  | CTM step 9 conv: 1.567e-06 time: 0.7
  | CTM step 10 conv: 1.015e-06 time: 0.7
Performing CTM
  | CTM step 1 conv: 1.000e+00 time: 0.9
  | CTM step 2 conv: 1.468e-08 time: 1.21
  | CTM step 3 conv: 7.189e-09 time: 1.06
Energies: 0.09983605526038808 0.0
Norm: 0.06787843607186018
========== 
Finished basis vector 5/62 

Starting simulation of basis vector 6/62
Performing CTM pre-steps without tracking
  | CTM step 1 conv: 1.000e+00 time: 0.57
  | CTM step 2 conv: 1.000e+00 time: 0.65
  | CTM step 3 conv: 1.000e+00 time: 0.69
  | CTM step 4 conv: 1.000e+00 time: 0.75
  | CTM step 5 conv: 1.000e+00 time: 0.76
  | CTM step 6 conv: 1.000e+00 time: 0.79
  | CTM step 7 conv: 4.826e-06 time: 0.73
  | CTM step 8 conv: 1.003e-05 time: 0.71
  | CTM step 9 conv: 1.567e-06 time: 0.77
  | CTM step 10 conv: 1.015e-06 time: 0.78
Performing CTM
  | CTM step 1 conv: 1.000e+00 time: 0.93
  | CTM step 2 conv: 1.468e-08 time: 1.12
  | CTM step 3 conv: 7.189e-09 time: 1.1
Energies: -0.03596037927199891 0.0
Norm: 0.0684658716026437
========== 
Finished basis vector 6/62 

Starting simulation of basis vector 7/62
Performing CTM pre-steps without tracking
  | CTM step 1 conv: 1.000e+00 time: 0.58
  | CTM step 2 conv: 1.000e+00 time: 0.68
  | CTM step 3 conv: 1.000e+00 time: 0.68
  | CTM step 4 conv: 1.000e+00 time: 0.74
  | CTM step 5 conv: 1.000e+00 time: 0.77
  | CTM step 6 conv: 1.000e+00 time: 0.76
  | CTM step 7 conv: 4.826e-06 time: 0.75
  | CTM step 8 conv: 1.003e-05 time: 0.71
  | CTM step 9 conv: 1.567e-06 time: 0.7
  | CTM step 10 conv: 1.015e-06 time: 0.7
Performing CTM
  | CTM step 1 conv: 1.000e+00 time: 0.9
  | CTM step 2 conv: 1.468e-08 time: 1.07
  | CTM step 3 conv: 7.189e-09 time: 1.06
Energies: 0.26352712079181284 0.0
Norm: 0.05456065088444065
========== 
Finished basis vector 7/62 

Starting simulation of basis vector 8/62
Performing CTM pre-steps without tracking
  | CTM step 1 conv: 1.000e+00 time: 0.58
  | CTM step 2 conv: 1.000e+00 time: 0.64
  | CTM step 3 conv: 1.000e+00 time: 0.68
  | CTM step 4 conv: 1.000e+00 time: 0.71
  | CTM step 5 conv: 1.000e+00 time: 0.71
  | CTM step 6 conv: 1.000e+00 time: 0.72
  | CTM step 7 conv: 4.826e-06 time: 0.71
  | CTM step 8 conv: 1.003e-05 time: 0.74
  | CTM step 9 conv: 1.567e-06 time: 0.71
  | CTM step 10 conv: 1.015e-06 time: 0.71
Performing CTM
  | CTM step 1 conv: 1.000e+00 time: 0.9
  | CTM step 2 conv: 1.468e-08 time: 1.07
  | CTM step 3 conv: 7.189e-09 time: 1.06
Energies: 0.11154496133171721 0.0
Norm: 0.07386559728012686
========== 
Finished basis vector 8/62 

Starting simulation of basis vector 9/62
Performing CTM pre-steps without tracking
  | CTM step 1 conv: 1.000e+00 time: 0.58
  | CTM step 2 conv: 1.000e+00 time: 0.64
  | CTM step 3 conv: 1.000e+00 time: 0.67
  | CTM step 4 conv: 1.000e+00 time: 0.7
  | CTM step 5 conv: 1.000e+00 time: 0.7
  | CTM step 6 conv: 1.000e+00 time: 0.7
  | CTM step 7 conv: 4.826e-06 time: 0.7
  | CTM step 8 conv: 1.003e-05 time: 0.74
  | CTM step 9 conv: 1.567e-06 time: 0.7
  | CTM step 10 conv: 1.015e-06 time: 0.72
Performing CTM
  | CTM step 1 conv: 1.000e+00 time: 0.91
  | CTM step 2 conv: 1.468e-08 time: 1.07
  | CTM step 3 conv: 7.189e-09 time: 1.07
Energies: 0.051844862355774124 0.0
Norm: 0.028017464404366133
========== 
Finished basis vector 9/62 

Starting simulation of basis vector 10/62
Performing CTM pre-steps without tracking
  | CTM step 1 conv: 1.000e+00 time: 0.57
  | CTM step 2 conv: 1.000e+00 time: 0.63
  | CTM step 3 conv: 1.000e+00 time: 0.67
  | CTM step 4 conv: 1.000e+00 time: 0.82
  | CTM step 5 conv: 1.000e+00 time: 0.71
  | CTM step 6 conv: 1.000e+00 time: 0.71
  | CTM step 7 conv: 4.826e-06 time: 0.71
  | CTM step 8 conv: 1.003e-05 time: 0.71
  | CTM step 9 conv: 1.567e-06 time: 0.7
  | CTM step 10 conv: 1.015e-06 time: 0.7
Performing CTM
  | CTM step 1 conv: 1.000e+00 time: 0.92
  | CTM step 2 conv: 1.468e-08 time: 1.08
  | CTM step 3 conv: 7.189e-09 time: 1.07
Energies: 0.48952210322506406 0.0
Norm: 0.10435637083141733
========== 
Finished basis vector 10/62 

Starting simulation of basis vector 11/62
Performing CTM pre-steps without tracking
  | CTM step 1 conv: 1.000e+00 time: 0.58
  | CTM step 2 conv: 1.000e+00 time: 0.64
  | CTM step 3 conv: 1.000e+00 time: 0.68
  | CTM step 4 conv: 1.000e+00 time: 0.71
  | CTM step 5 conv: 1.000e+00 time: 0.71
  | CTM step 6 conv: 1.000e+00 time: 0.71
  | CTM step 7 conv: 4.826e-06 time: 0.72
  | CTM step 8 conv: 1.003e-05 time: 0.81
  | CTM step 9 conv: 1.567e-06 time: 0.73
  | CTM step 10 conv: 1.015e-06 time: 0.72
Performing CTM
  | CTM step 1 conv: 1.000e+00 time: 0.95
  | CTM step 2 conv: 1.468e-08 time: 1.11
  | CTM step 3 conv: 7.189e-09 time: 1.1
Energies: 0.042468357503229415 0.0
Norm: 0.03589476416773668
========== 
Finished basis vector 11/62 

Starting simulation of basis vector 12/62
Performing CTM pre-steps without tracking
  | CTM step 1 conv: 1.000e+00 time: 0.58
  | CTM step 2 conv: 1.000e+00 time: 0.64
  | CTM step 3 conv: 1.000e+00 time: 0.68
  | CTM step 4 conv: 1.000e+00 time: 0.73
  | CTM step 5 conv: 1.000e+00 time: 0.73
  | CTM step 6 conv: 1.000e+00 time: 0.71
  | CTM step 7 conv: 4.826e-06 time: 0.7
  | CTM step 8 conv: 1.003e-05 time: 0.78
  | CTM step 9 conv: 1.567e-06 time: 0.7
  | CTM step 10 conv: 1.015e-06 time: 0.71
Performing CTM
  | CTM step 1 conv: 1.000e+00 time: 0.91
  | CTM step 2 conv: 1.468e-08 time: 1.07
  | CTM step 3 conv: 7.189e-09 time: 1.07
Energies: 0.18430409962635252 0.0
Norm: 0.1944595191143742
========== 
Finished basis vector 12/62 

Starting simulation of basis vector 13/62
Performing CTM pre-steps without tracking
  | CTM step 1 conv: 1.000e+00 time: 0.58
  | CTM step 2 conv: 1.000e+00 time: 0.64
  | CTM step 3 conv: 1.000e+00 time: 0.69
  | CTM step 4 conv: 1.000e+00 time: 0.72
  | CTM step 5 conv: 1.000e+00 time: 0.77
  | CTM step 6 conv: 1.000e+00 time: 0.76
  | CTM step 7 conv: 4.826e-06 time: 0.7
  | CTM step 8 conv: 1.003e-05 time: 0.74
  | CTM step 9 conv: 1.567e-06 time: 0.7
  | CTM step 10 conv: 1.015e-06 time: 0.87
Performing CTM
  | CTM step 1 conv: 1.000e+00 time: 0.92
  | CTM step 2 conv: 1.468e-08 time: 1.08
  | CTM step 3 conv: 7.189e-09 time: 1.16
Energies: 0.09657027301807819 0.0
Norm: 0.07382834535661136
========== 
Finished basis vector 13/62 

Starting simulation of basis vector 14/62
Performing CTM pre-steps without tracking
  | CTM step 1 conv: 1.000e+00 time: 0.58
  | CTM step 2 conv: 1.000e+00 time: 0.64
  | CTM step 3 conv: 1.000e+00 time: 0.68
  | CTM step 4 conv: 1.000e+00 time: 0.73
  | CTM step 5 conv: 1.000e+00 time: 0.73
  | CTM step 6 conv: 1.000e+00 time: 0.71
  | CTM step 7 conv: 4.826e-06 time: 0.7
  | CTM step 8 conv: 1.003e-05 time: 0.7
  | CTM step 9 conv: 1.567e-06 time: 0.72
  | CTM step 10 conv: 1.015e-06 time: 0.7
Performing CTM
  | CTM step 1 conv: 1.000e+00 time: 0.91
  | CTM step 2 conv: 1.468e-08 time: 1.07
  | CTM step 3 conv: 7.189e-09 time: 1.07
Energies: 0.13388009571388615 0.0
Norm: 0.16334334875117998
========== 
Finished basis vector 14/62 

Starting simulation of basis vector 15/62
Performing CTM pre-steps without tracking
  | CTM step 1 conv: 1.000e+00 time: 0.58
  | CTM step 2 conv: 1.000e+00 time: 0.64
  | CTM step 3 conv: 1.000e+00 time: 0.68
  | CTM step 4 conv: 1.000e+00 time: 0.83
  | CTM step 5 conv: 1.000e+00 time: 0.73
  | CTM step 6 conv: 1.000e+00 time: 0.75
  | CTM step 7 conv: 4.826e-06 time: 0.73
  | CTM step 8 conv: 1.003e-05 time: 0.74
  | CTM step 9 conv: 1.567e-06 time: 0.71
  | CTM step 10 conv: 1.015e-06 time: 0.71
Performing CTM
  | CTM step 1 conv: 1.000e+00 time: 0.92
  | CTM step 2 conv: 1.468e-08 time: 1.1
  | CTM step 3 conv: 7.189e-09 time: 1.1
Energies: 0.39564286486607925 0.0
Norm: 0.09080338192660868
========== 
Finished basis vector 15/62 

Starting simulation of basis vector 16/62
Performing CTM pre-steps without tracking
  | CTM step 1 conv: 1.000e+00 time: 0.58
  | CTM step 2 conv: 1.000e+00 time: 0.65
  | CTM step 3 conv: 1.000e+00 time: 0.79
  | CTM step 4 conv: 1.000e+00 time: 0.72
  | CTM step 5 conv: 1.000e+00 time: 0.71
  | CTM step 6 conv: 1.000e+00 time: 0.71
  | CTM step 7 conv: 4.826e-06 time: 0.7
  | CTM step 8 conv: 1.003e-05 time: 0.7
  | CTM step 9 conv: 1.567e-06 time: 0.7
  | CTM step 10 conv: 1.015e-06 time: 0.7
Performing CTM
  | CTM step 1 conv: 1.000e+00 time: 0.91
  | CTM step 2 conv: 1.468e-08 time: 1.07
  | CTM step 3 conv: 7.189e-09 time: 1.07
Energies: 0.17164267640576059 0.0
Norm: 0.0673102240161651
========== 
Finished basis vector 16/62 

Starting simulation of basis vector 17/62
Performing CTM pre-steps without tracking
  | CTM step 1 conv: 1.000e+00 time: 0.58
  | CTM step 2 conv: 1.000e+00 time: 0.64
  | CTM step 3 conv: 1.000e+00 time: 0.67
  | CTM step 4 conv: 1.000e+00 time: 0.82
  | CTM step 5 conv: 1.000e+00 time: 0.76
  | CTM step 6 conv: 1.000e+00 time: 0.71
  | CTM step 7 conv: 4.826e-06 time: 0.75
  | CTM step 8 conv: 1.003e-05 time: 0.71
  | CTM step 9 conv: 1.567e-06 time: 0.71
  | CTM step 10 conv: 1.015e-06 time: 0.71
Performing CTM
  | CTM step 1 conv: 1.000e+00 time: 0.91
  | CTM step 2 conv: 1.468e-08 time: 1.12
  | CTM step 3 conv: 7.189e-09 time: 1.07
Energies: 0.06997616531050932 0.0
Norm: 0.02354651655996729
========== 
Finished basis vector 17/62 

Starting simulation of basis vector 18/62
Performing CTM pre-steps without tracking
  | CTM step 1 conv: 1.000e+00 time: 0.57
  | CTM step 2 conv: 1.000e+00 time: 0.63
  | CTM step 3 conv: 1.000e+00 time: 0.72
  | CTM step 4 conv: 1.000e+00 time: 0.71
  | CTM step 5 conv: 1.000e+00 time: 0.76
  | CTM step 6 conv: 1.000e+00 time: 0.71
  | CTM step 7 conv: 4.826e-06 time: 0.7
  | CTM step 8 conv: 1.003e-05 time: 0.7
  | CTM step 9 conv: 1.567e-06 time: 0.7
  | CTM step 10 conv: 1.015e-06 time: 0.7
Performing CTM
  | CTM step 1 conv: 1.000e+00 time: 0.91
  | CTM step 2 conv: 1.468e-08 time: 1.08
  | CTM step 3 conv: 7.189e-09 time: 1.07
Energies: 0.3111516724074974 0.0
Norm: 0.19483959318088262
========== 
Finished basis vector 18/62 

Starting simulation of basis vector 19/62
Performing CTM pre-steps without tracking
  | CTM step 1 conv: 1.000e+00 time: 0.57
  | CTM step 2 conv: 1.000e+00 time: 0.64
  | CTM step 3 conv: 1.000e+00 time: 0.67
  | CTM step 4 conv: 1.000e+00 time: 0.72
  | CTM step 5 conv: 1.000e+00 time: 0.71
  | CTM step 6 conv: 1.000e+00 time: 0.71
  | CTM step 7 conv: 4.826e-06 time: 0.7
  | CTM step 8 conv: 1.003e-05 time: 0.7
  | CTM step 9 conv: 1.567e-06 time: 0.71
  | CTM step 10 conv: 1.015e-06 time: 0.71
Performing CTM
  | CTM step 1 conv: 1.000e+00 time: 0.91
  | CTM step 2 conv: 1.468e-08 time: 1.08
  | CTM step 3 conv: 7.189e-09 time: 1.11
Energies: 0.14660443017934144 0.0
Norm: 0.07391855780346694
========== 
Finished basis vector 19/62 

Starting simulation of basis vector 20/62
Performing CTM pre-steps without tracking
  | CTM step 1 conv: 1.000e+00 time: 0.58
  | CTM step 2 conv: 1.000e+00 time: 0.64
  | CTM step 3 conv: 1.000e+00 time: 0.68
  | CTM step 4 conv: 1.000e+00 time: 0.71
  | CTM step 5 conv: 1.000e+00 time: 0.71
  | CTM step 6 conv: 1.000e+00 time: 0.74
  | CTM step 7 conv: 4.826e-06 time: 0.71
  | CTM step 8 conv: 1.003e-05 time: 0.72
  | CTM step 9 conv: 1.567e-06 time: 0.83
  | CTM step 10 conv: 1.015e-06 time: 0.77
Performing CTM
  | CTM step 1 conv: 1.000e+00 time: 0.91
  | CTM step 2 conv: 1.468e-08 time: 1.07
  | CTM step 3 conv: 7.189e-09 time: 1.06
Energies: 0.40069244855127906 0.0
Norm: 0.19591039451141118
========== 
Finished basis vector 20/62 

Starting simulation of basis vector 21/62
Performing CTM pre-steps without tracking
  | CTM step 1 conv: 1.000e+00 time: 0.57
  | CTM step 2 conv: 1.000e+00 time: 0.63
  | CTM step 3 conv: 1.000e+00 time: 0.67
  | CTM step 4 conv: 1.000e+00 time: 0.7
  | CTM step 5 conv: 1.000e+00 time: 0.7
  | CTM step 6 conv: 1.000e+00 time: 0.7
  | CTM step 7 conv: 4.826e-06 time: 0.71
  | CTM step 8 conv: 1.003e-05 time: 0.79
  | CTM step 9 conv: 1.567e-06 time: 0.71
  | CTM step 10 conv: 1.015e-06 time: 0.71
Performing CTM
  | CTM step 1 conv: 1.000e+00 time: 0.91
  | CTM step 2 conv: 1.468e-08 time: 1.08
  | CTM step 3 conv: 7.189e-09 time: 1.09
Energies: 0.16430414291263018 0.0
Norm: 0.06907798494222255
========== 
Finished basis vector 21/62 

Starting simulation of basis vector 22/62
Performing CTM pre-steps without tracking
  | CTM step 1 conv: 1.000e+00 time: 0.58
  | CTM step 2 conv: 1.000e+00 time: 0.64
  | CTM step 3 conv: 1.000e+00 time: 0.67
  | CTM step 4 conv: 1.000e+00 time: 0.72
  | CTM step 5 conv: 1.000e+00 time: 0.71
  | CTM step 6 conv: 1.000e+00 time: 0.71
  | CTM step 7 conv: 4.826e-06 time: 0.78
  | CTM step 8 conv: 1.003e-05 time: 0.7
  | CTM step 9 conv: 1.567e-06 time: 0.7
  | CTM step 10 conv: 1.015e-06 time: 0.7
Performing CTM
  | CTM step 1 conv: 1.000e+00 time: 0.9
  | CTM step 2 conv: 1.468e-08 time: 1.07
  | CTM step 3 conv: 7.189e-09 time: 1.06
Energies: 0.5466209086881868 0.0
Norm: 0.5161384563267533
========== 
Finished basis vector 22/62 

Starting simulation of basis vector 23/62
Performing CTM pre-steps without tracking
  | CTM step 1 conv: 1.000e+00 time: 0.57
  | CTM step 2 conv: 1.000e+00 time: 0.63
  | CTM step 3 conv: 1.000e+00 time: 0.66
  | CTM step 4 conv: 1.000e+00 time: 0.7
  | CTM step 5 conv: 1.000e+00 time: 0.7
  | CTM step 6 conv: 1.000e+00 time: 0.74
  | CTM step 7 conv: 4.826e-06 time: 0.7
  | CTM step 8 conv: 1.003e-05 time: 0.7
  | CTM step 9 conv: 1.567e-06 time: 0.7
  | CTM step 10 conv: 1.015e-06 time: 0.7
Performing CTM
  | CTM step 1 conv: 1.000e+00 time: 0.91
  | CTM step 2 conv: 1.468e-08 time: 1.08
  | CTM step 3 conv: 7.189e-09 time: 1.07
Energies: 0.28322905463506753 0.0
Norm: 0.1981791642509697
========== 
Finished basis vector 23/62 

Starting simulation of basis vector 24/62
Performing CTM pre-steps without tracking
  | CTM step 1 conv: 1.000e+00 time: 0.57
  | CTM step 2 conv: 1.000e+00 time: 0.63
  | CTM step 3 conv: 1.000e+00 time: 0.67
  | CTM step 4 conv: 1.000e+00 time: 0.83
  | CTM step 5 conv: 1.000e+00 time: 0.71
  | CTM step 6 conv: 1.000e+00 time: 0.71
  | CTM step 7 conv: 4.826e-06 time: 0.71
  | CTM step 8 conv: 1.003e-05 time: 0.71
  | CTM step 9 conv: 1.567e-06 time: 0.71
  | CTM step 10 conv: 1.015e-06 time: 0.7
Performing CTM
  | CTM step 1 conv: 1.000e+00 time: 0.95
  | CTM step 2 conv: 1.468e-08 time: 1.08
  | CTM step 3 conv: 7.189e-09 time: 1.08
Energies: 0.1836506936607849 0.0
Norm: 0.07456617758790011
========== 
Finished basis vector 24/62 

Starting simulation of basis vector 25/62
Performing CTM pre-steps without tracking
  | CTM step 1 conv: 1.000e+00 time: 0.58
  | CTM step 2 conv: 1.000e+00 time: 0.64
  | CTM step 3 conv: 1.000e+00 time: 0.67
  | CTM step 4 conv: 1.000e+00 time: 0.81
  | CTM step 5 conv: 1.000e+00 time: 0.72
  | CTM step 6 conv: 1.000e+00 time: 0.71
  | CTM step 7 conv: 4.826e-06 time: 0.76
  | CTM step 8 conv: 1.003e-05 time: 0.71
  | CTM step 9 conv: 1.567e-06 time: 0.7
  | CTM step 10 conv: 1.015e-06 time: 0.7
Performing CTM
  | CTM step 1 conv: 1.000e+00 time: 0.91
  | CTM step 2 conv: 1.468e-08 time: 1.07
  | CTM step 3 conv: 7.189e-09 time: 1.07
Energies: 0.07371979171637189 0.0
Norm: 0.02606273608948716
========== 
Finished basis vector 25/62 

Starting simulation of basis vector 26/62
Performing CTM pre-steps without tracking
  | CTM step 1 conv: 1.000e+00 time: 0.57
  | CTM step 2 conv: 1.000e+00 time: 0.63
  | CTM step 3 conv: 1.000e+00 time: 0.67
  | CTM step 4 conv: 1.000e+00 time: 0.71
  | CTM step 5 conv: 1.000e+00 time: 0.73
  | CTM step 6 conv: 1.000e+00 time: 0.7
  | CTM step 7 conv: 4.826e-06 time: 0.7
  | CTM step 8 conv: 1.003e-05 time: 0.7
  | CTM step 9 conv: 1.567e-06 time: 0.69
  | CTM step 10 conv: 1.015e-06 time: 0.71
Performing CTM
  | CTM step 1 conv: 1.000e+00 time: 0.9
  | CTM step 2 conv: 1.468e-08 time: 1.07
  | CTM step 3 conv: 7.189e-09 time: 1.06
Energies: 0.3168823592539969 0.0
Norm: 0.21286980720845303
========== 
Finished basis vector 26/62 

Starting simulation of basis vector 27/62
Performing CTM pre-steps without tracking
  | CTM step 1 conv: 1.000e+00 time: 0.57
  | CTM step 2 conv: 1.000e+00 time: 0.63
  | CTM step 3 conv: 1.000e+00 time: 0.66
  | CTM step 4 conv: 1.000e+00 time: 0.74
  | CTM step 5 conv: 1.000e+00 time: 0.71
  | CTM step 6 conv: 1.000e+00 time: 0.7
  | CTM step 7 conv: 4.826e-06 time: 0.7
  | CTM step 8 conv: 1.003e-05 time: 0.72
  | CTM step 9 conv: 1.567e-06 time: 0.7
  | CTM step 10 conv: 1.015e-06 time: 0.7
Performing CTM
  | CTM step 1 conv: 1.000e+00 time: 0.92
  | CTM step 2 conv: 1.468e-08 time: 1.07
  | CTM step 3 conv: 7.189e-09 time: 1.1
Energies: 0.156924177927106 0.0
Norm: 0.0832386891128005
========== 
Finished basis vector 27/62 

Starting simulation of basis vector 28/62
Performing CTM pre-steps without tracking
  | CTM step 1 conv: 1.000e+00 time: 0.57
  | CTM step 2 conv: 1.000e+00 time: 0.63
  | CTM step 3 conv: 1.000e+00 time: 0.67
  | CTM step 4 conv: 1.000e+00 time: 0.7
  | CTM step 5 conv: 1.000e+00 time: 0.71
  | CTM step 6 conv: 1.000e+00 time: 0.71
  | CTM step 7 conv: 4.826e-06 time: 0.72
  | CTM step 8 conv: 1.003e-05 time: 0.71
  | CTM step 9 conv: 1.567e-06 time: 0.72
  | CTM step 10 conv: 1.015e-06 time: 0.7
Performing CTM
  | CTM step 1 conv: 1.000e+00 time: 0.9
  | CTM step 2 conv: 1.468e-08 time: 1.07
  | CTM step 3 conv: 7.189e-09 time: 1.06
Energies: 0.4392628770805871 0.0
Norm: 0.21549084319400857
========== 
Finished basis vector 28/62 

Starting simulation of basis vector 29/62
Performing CTM pre-steps without tracking
  | CTM step 1 conv: 1.000e+00 time: 0.57
  | CTM step 2 conv: 1.000e+00 time: 0.63
  | CTM step 3 conv: 1.000e+00 time: 0.67
  | CTM step 4 conv: 1.000e+00 time: 0.76
  | CTM step 5 conv: 1.000e+00 time: 0.71
  | CTM step 6 conv: 1.000e+00 time: 0.74
  | CTM step 7 conv: 4.826e-06 time: 0.73
  | CTM step 8 conv: 1.003e-05 time: 0.7
  | CTM step 9 conv: 1.567e-06 time: 0.7
  | CTM step 10 conv: 1.015e-06 time: 0.7
Performing CTM
  | CTM step 1 conv: 1.000e+00 time: 0.9
  | CTM step 2 conv: 1.468e-08 time: 1.07
  | CTM step 3 conv: 7.189e-09 time: 1.06
Energies: 0.17641139666829675 0.0
Norm: 0.07665078733290072
========== 
Finished basis vector 29/62 

Starting simulation of basis vector 30/62
Performing CTM pre-steps without tracking
  | CTM step 1 conv: 1.000e+00 time: 0.57
  | CTM step 2 conv: 1.000e+00 time: 0.63
  | CTM step 3 conv: 1.000e+00 time: 0.72
  | CTM step 4 conv: 1.000e+00 time: 0.7
  | CTM step 5 conv: 1.000e+00 time: 0.79
  | CTM step 6 conv: 1.000e+00 time: 0.71
  | CTM step 7 conv: 4.826e-06 time: 0.7
  | CTM step 8 conv: 1.003e-05 time: 0.7
  | CTM step 9 conv: 1.567e-06 time: 0.7
  | CTM step 10 conv: 1.015e-06 time: 0.7
Performing CTM
  | CTM step 1 conv: 1.000e+00 time: 0.9
  | CTM step 2 conv: 1.468e-08 time: 1.07
  | CTM step 3 conv: 7.189e-09 time: 1.06
Energies: 0.5641867116930364 0.0
Norm: 0.5747595248331667
========== 
Finished basis vector 30/62 

Starting simulation of basis vector 31/62
Performing CTM pre-steps without tracking
  | CTM step 1 conv: 1.000e+00 time: 0.57
  | CTM step 2 conv: 1.000e+00 time: 0.63
  | CTM step 3 conv: 1.000e+00 time: 0.66
  | CTM step 4 conv: 1.000e+00 time: 0.79
  | CTM step 5 conv: 1.000e+00 time: 0.71
  | CTM step 6 conv: 1.000e+00 time: 0.71
  | CTM step 7 conv: 4.826e-06 time: 0.79
  | CTM step 8 conv: 1.003e-05 time: 0.7
  | CTM step 9 conv: 1.567e-06 time: 0.7
  | CTM step 10 conv: 1.015e-06 time: 0.7
Performing CTM
  | CTM step 1 conv: 1.000e+00 time: 0.91
  | CTM step 2 conv: 1.468e-08 time: 1.08
  | CTM step 3 conv: 7.189e-09 time: 1.06
Energies: 0.28424500964070454 0.0
Norm: 0.21698303574232347
========== 
Finished basis vector 31/62 

Starting simulation of basis vector 32/62
Performing CTM pre-steps without tracking
  | CTM step 1 conv: 1.000e+00 time: 0.57
  | CTM step 2 conv: 1.000e+00 time: 0.63
  | CTM step 3 conv: 1.000e+00 time: 0.67
  | CTM step 4 conv: 1.000e+00 time: 0.7
  | CTM step 5 conv: 1.000e+00 time: 0.72
  | CTM step 6 conv: 1.000e+00 time: 0.7
  | CTM step 7 conv: 4.826e-06 time: 0.7
  | CTM step 8 conv: 1.003e-05 time: 0.7
  | CTM step 9 conv: 1.567e-06 time: 0.74
  | CTM step 10 conv: 1.015e-06 time: 0.7
Performing CTM
  | CTM step 1 conv: 1.000e+00 time: 0.91
  | CTM step 2 conv: 1.468e-08 time: 1.07
  | CTM step 3 conv: 7.189e-09 time: 1.07
Energies: 0.17523860847423256 0.0
Norm: 0.09032570919437898
========== 
Finished basis vector 32/62 

Starting simulation of basis vector 33/62
Performing CTM pre-steps without tracking
  | CTM step 1 conv: 1.000e+00 time: 0.57
  | CTM step 2 conv: 1.000e+00 time: 0.64
  | CTM step 3 conv: 1.000e+00 time: 0.68
  | CTM step 4 conv: 1.000e+00 time: 0.71
  | CTM step 5 conv: 1.000e+00 time: 0.7
  | CTM step 6 conv: 1.000e+00 time: 0.7
  | CTM step 7 conv: 4.826e-06 time: 0.69
  | CTM step 8 conv: 1.003e-05 time: 0.7
  | CTM step 9 conv: 1.567e-06 time: 0.69
  | CTM step 10 conv: 1.015e-06 time: 0.69
Performing CTM
  | CTM step 1 conv: 1.000e+00 time: 0.9
  | CTM step 2 conv: 1.468e-08 time: 1.07
  | CTM step 3 conv: 7.189e-09 time: 1.06
Energies: 0.06445082844979444 0.0
Norm: 0.03559861595795107
========== 
Finished basis vector 33/62 

Starting simulation of basis vector 34/62
Performing CTM pre-steps without tracking
  | CTM step 1 conv: 1.000e+00 time: 0.57
  | CTM step 2 conv: 1.000e+00 time: 0.63
  | CTM step 3 conv: 1.000e+00 time: 0.66
  | CTM step 4 conv: 1.000e+00 time: 0.69
  | CTM step 5 conv: 1.000e+00 time: 0.77
  | CTM step 6 conv: 1.000e+00 time: 0.71
  | CTM step 7 conv: 4.826e-06 time: 0.72
  | CTM step 8 conv: 1.003e-05 time: 0.7
  | CTM step 9 conv: 1.567e-06 time: 0.7
  | CTM step 10 conv: 1.015e-06 time: 0.71
Performing CTM
  | CTM step 1 conv: 1.000e+00 time: 0.91
  | CTM step 2 conv: 1.468e-08 time: 1.08
  | CTM step 3 conv: 7.189e-09 time: 1.07
Energies: 0.24134154155132403 0.0
Norm: 0.15094129095897812
========== 
Finished basis vector 34/62 

Starting simulation of basis vector 35/62
Performing CTM pre-steps without tracking
  | CTM step 1 conv: 1.000e+00 time: 0.57
  | CTM step 2 conv: 1.000e+00 time: 0.64
  | CTM step 3 conv: 1.000e+00 time: 0.67
  | CTM step 4 conv: 1.000e+00 time: 0.8
  | CTM step 5 conv: 1.000e+00 time: 0.72
  | CTM step 6 conv: 1.000e+00 time: 0.79
  | CTM step 7 conv: 4.826e-06 time: 0.74
  | CTM step 8 conv: 1.003e-05 time: 0.71
  | CTM step 9 conv: 1.567e-06 time: 0.71
  | CTM step 10 conv: 1.015e-06 time: 0.7
Performing CTM
  | CTM step 1 conv: 1.000e+00 time: 0.91
  | CTM step 2 conv: 1.468e-08 time: 1.07
  | CTM step 3 conv: 7.189e-09 time: 1.06
Energies: 0.009964619917598921 0.0
Norm: 0.004104558085083435
========== 
Finished basis vector 35/62 

Starting simulation of basis vector 36/62
Performing CTM pre-steps without tracking
  | CTM step 1 conv: 1.000e+00 time: 0.57
  | CTM step 2 conv: 1.000e+00 time: 0.63
  | CTM step 3 conv: 1.000e+00 time: 0.67
  | CTM step 4 conv: 1.000e+00 time: 0.83
  | CTM step 5 conv: 1.000e+00 time: 0.75
  | CTM step 6 conv: 1.000e+00 time: 0.71
  | CTM step 7 conv: 4.826e-06 time: 0.71
  | CTM step 8 conv: 1.003e-05 time: 0.72
  | CTM step 9 conv: 1.567e-06 time: 0.71
  | CTM step 10 conv: 1.015e-06 time: 0.74
Performing CTM
  | CTM step 1 conv: 1.000e+00 time: 0.91
  | CTM step 2 conv: 1.468e-08 time: 1.08
  | CTM step 3 conv: 7.189e-09 time: 1.07
Energies: 0.04041400624581393 0.0
Norm: 0.018243539525101694
========== 
Finished basis vector 36/62 

Starting simulation of basis vector 37/62
Performing CTM pre-steps without tracking
  | CTM step 1 conv: 1.000e+00 time: 0.57
  | CTM step 2 conv: 1.000e+00 time: 0.63
  | CTM step 3 conv: 1.000e+00 time: 0.67
  | CTM step 4 conv: 1.000e+00 time: 0.71
  | CTM step 5 conv: 1.000e+00 time: 0.79
  | CTM step 6 conv: 1.000e+00 time: 0.71
  | CTM step 7 conv: 4.826e-06 time: 0.74
  | CTM step 8 conv: 1.003e-05 time: 0.7
  | CTM step 9 conv: 1.567e-06 time: 0.7
  | CTM step 10 conv: 1.015e-06 time: 0.7
Performing CTM
  | CTM step 1 conv: 1.000e+00 time: 0.91
  | CTM step 2 conv: 1.468e-08 time: 1.08
  | CTM step 3 conv: 7.189e-09 time: 1.07
Energies: 0.015928797965311214 0.0
Norm: 0.00740118429948987
========== 
Finished basis vector 37/62 

Starting simulation of basis vector 38/62
Performing CTM pre-steps without tracking
  | CTM step 1 conv: 1.000e+00 time: 0.57
  | CTM step 2 conv: 1.000e+00 time: 0.64
  | CTM step 3 conv: 1.000e+00 time: 0.67
  | CTM step 4 conv: 1.000e+00 time: 0.82
  | CTM step 5 conv: 1.000e+00 time: 0.72
  | CTM step 6 conv: 1.000e+00 time: 0.72
  | CTM step 7 conv: 4.826e-06 time: 0.72
  | CTM step 8 conv: 1.003e-05 time: 0.71
  | CTM step 9 conv: 1.567e-06 time: 0.71
  | CTM step 10 conv: 1.015e-06 time: 0.71
Performing CTM
  | CTM step 1 conv: 1.000e+00 time: 0.92
  | CTM step 2 conv: 1.468e-08 time: 1.09
  | CTM step 3 conv: 7.189e-09 time: 1.08
Energies: 0.06193199161203311 0.0
Norm: 0.03227530430897577
========== 
Finished basis vector 38/62 

Starting simulation of basis vector 39/62
Performing CTM pre-steps without tracking
  | CTM step 1 conv: 1.000e+00 time: 0.57
  | CTM step 2 conv: 1.000e+00 time: 0.76
  | CTM step 3 conv: 1.000e+00 time: 0.68
  | CTM step 4 conv: 1.000e+00 time: 0.71
  | CTM step 5 conv: 1.000e+00 time: 0.71
  | CTM step 6 conv: 1.000e+00 time: 0.7
  | CTM step 7 conv: 4.826e-06 time: 0.7
  | CTM step 8 conv: 1.003e-05 time: 0.7
  | CTM step 9 conv: 1.567e-06 time: 0.7
  | CTM step 10 conv: 1.015e-06 time: 0.7
Performing CTM
  | CTM step 1 conv: 1.000e+00 time: 0.91
  | CTM step 2 conv: 1.468e-08 time: 1.07
  | CTM step 3 conv: 7.189e-09 time: 1.06
Energies: 0.11246798669211078 0.0
Norm: 0.08280674137106027
========== 
Finished basis vector 39/62 

Starting simulation of basis vector 40/62
Performing CTM pre-steps without tracking
  | CTM step 1 conv: 1.000e+00 time: 0.57
  | CTM step 2 conv: 1.000e+00 time: 0.63
  | CTM step 3 conv: 1.000e+00 time: 0.67
  | CTM step 4 conv: 1.000e+00 time: 0.82
  | CTM step 5 conv: 1.000e+00 time: 0.72
  | CTM step 6 conv: 1.000e+00 time: 0.71
  | CTM step 7 conv: 4.826e-06 time: 0.71
  | CTM step 8 conv: 1.003e-05 time: 0.7
  | CTM step 9 conv: 1.567e-06 time: 0.7
  | CTM step 10 conv: 1.015e-06 time: 0.7
Performing CTM
  | CTM step 1 conv: 1.000e+00 time: 0.91
  | CTM step 2 conv: 1.468e-08 time: 1.08
  | CTM step 3 conv: 7.189e-09 time: 1.07
Energies: 0.4084761319785777 0.0
Norm: 0.34619140864062103
========== 
Finished basis vector 40/62 

Starting simulation of basis vector 41/62
Performing CTM pre-steps without tracking
  | CTM step 1 conv: 1.000e+00 time: 0.57
  | CTM step 2 conv: 1.000e+00 time: 0.63
  | CTM step 3 conv: 1.000e+00 time: 0.67
  | CTM step 4 conv: 1.000e+00 time: 0.75
  | CTM step 5 conv: 1.000e+00 time: 0.77
  | CTM step 6 conv: 1.000e+00 time: 0.74
  | CTM step 7 conv: 4.826e-06 time: 0.7
  | CTM step 8 conv: 1.003e-05 time: 0.7
  | CTM step 9 conv: 1.567e-06 time: 0.7
  | CTM step 10 conv: 1.015e-06 time: 0.7
Performing CTM
  | CTM step 1 conv: 1.000e+00 time: 0.95
  | CTM step 2 conv: 1.468e-08 time: 1.08
  | CTM step 3 conv: 7.189e-09 time: 1.07
Energies: 0.16530308534964533 0.0
Norm: 0.1411921533714843
========== 
Finished basis vector 41/62 

Starting simulation of basis vector 42/62
Performing CTM pre-steps without tracking
  | CTM step 1 conv: 1.000e+00 time: 0.57
  | CTM step 2 conv: 1.000e+00 time: 0.63
  | CTM step 3 conv: 1.000e+00 time: 0.67
  | CTM step 4 conv: 1.000e+00 time: 0.76
  | CTM step 5 conv: 1.000e+00 time: 0.86
  | CTM step 6 conv: 1.000e+00 time: 0.76
  | CTM step 7 conv: 4.826e-06 time: 0.7
  | CTM step 8 conv: 1.003e-05 time: 0.76
  | CTM step 9 conv: 1.567e-06 time: 0.7
  | CTM step 10 conv: 1.015e-06 time: 0.7
Performing CTM
  | CTM step 1 conv: 1.000e+00 time: 0.91
  | CTM step 2 conv: 1.468e-08 time: 1.07
  | CTM step 3 conv: 7.189e-09 time: 1.07
Energies: 0.5668106375181559 0.0
Norm: 0.5841826290395756
========== 
Finished basis vector 42/62 

Starting simulation of basis vector 43/62
Performing CTM pre-steps without tracking
  | CTM step 1 conv: 1.000e+00 time: 0.57
  | CTM step 2 conv: 1.000e+00 time: 0.63
  | CTM step 3 conv: 1.000e+00 time: 0.67
  | CTM step 4 conv: 1.000e+00 time: 0.71
  | CTM step 5 conv: 1.000e+00 time: 0.71
  | CTM step 6 conv: 1.000e+00 time: 0.71
  | CTM step 7 conv: 4.826e-06 time: 0.73
  | CTM step 8 conv: 1.003e-05 time: 0.7
  | CTM step 9 conv: 1.567e-06 time: 0.7
  | CTM step 10 conv: 1.015e-06 time: 0.7
Performing CTM
  | CTM step 1 conv: 1.000e+00 time: 0.92
  | CTM step 2 conv: 1.468e-08 time: 1.09
  | CTM step 3 conv: 7.189e-09 time: 1.07
Energies: 0.030443321231481524 0.0
Norm: 0.017981623532519864
========== 
Finished basis vector 43/62 

Starting simulation of basis vector 44/62
Performing CTM pre-steps without tracking
  | CTM step 1 conv: 1.000e+00 time: 0.57
  | CTM step 2 conv: 1.000e+00 time: 0.65
  | CTM step 3 conv: 1.000e+00 time: 0.68
  | CTM step 4 conv: 1.000e+00 time: 0.71
  | CTM step 5 conv: 1.000e+00 time: 0.72
  | CTM step 6 conv: 1.000e+00 time: 0.73
  | CTM step 7 conv: 4.826e-06 time: 0.7
  | CTM step 8 conv: 1.003e-05 time: 0.7
  | CTM step 9 conv: 1.567e-06 time: 0.74
  | CTM step 10 conv: 1.015e-06 time: 0.72
Performing CTM
  | CTM step 1 conv: 1.000e+00 time: 0.91
  | CTM step 2 conv: 1.468e-08 time: 1.08
  | CTM step 3 conv: 7.189e-09 time: 1.08
Energies: 0.11102128187738058 0.0
Norm: 0.07545569701965268
========== 
Finished basis vector 44/62 

Starting simulation of basis vector 45/62
Performing CTM pre-steps without tracking
  | CTM step 1 conv: 1.000e+00 time: 0.57
  | CTM step 2 conv: 1.000e+00 time: 0.64
  | CTM step 3 conv: 1.000e+00 time: 0.75
  | CTM step 4 conv: 1.000e+00 time: 0.74
  | CTM step 5 conv: 1.000e+00 time: 0.78
  | CTM step 6 conv: 1.000e+00 time: 0.71
  | CTM step 7 conv: 4.826e-06 time: 0.7
  | CTM step 8 conv: 1.003e-05 time: 0.7
  | CTM step 9 conv: 1.567e-06 time: 0.7
  | CTM step 10 conv: 1.015e-06 time: 0.7
Performing CTM
  | CTM step 1 conv: 1.000e+00 time: 0.9
  | CTM step 2 conv: 1.468e-08 time: 1.07
  | CTM step 3 conv: 7.189e-09 time: 1.06
Energies: 0.04640140986954311 0.0
Norm: 0.031015343331911565
========== 
Finished basis vector 45/62 

Starting simulation of basis vector 46/62
Performing CTM pre-steps without tracking
  | CTM step 1 conv: 1.000e+00 time: 0.57
  | CTM step 2 conv: 1.000e+00 time: 0.65
  | CTM step 3 conv: 1.000e+00 time: 0.68
  | CTM step 4 conv: 1.000e+00 time: 0.75
  | CTM step 5 conv: 1.000e+00 time: 0.71
  | CTM step 6 conv: 1.000e+00 time: 0.76
  | CTM step 7 conv: 4.826e-06 time: 0.73
  | CTM step 8 conv: 1.003e-05 time: 0.75
  | CTM step 9 conv: 1.567e-06 time: 0.7
  | CTM step 10 conv: 1.015e-06 time: 0.74
Performing CTM
  | CTM step 1 conv: 1.000e+00 time: 0.91
  | CTM step 2 conv: 1.468e-08 time: 1.07
  | CTM step 3 conv: 7.189e-09 time: 1.07
Energies: 0.16271900110640658 0.0
Norm: 0.127939192728877
========== 
Finished basis vector 46/62 

Starting simulation of basis vector 47/62
Performing CTM pre-steps without tracking
  | CTM step 1 conv: 1.000e+00 time: 0.57
  | CTM step 2 conv: 1.000e+00 time: 0.63
  | CTM step 3 conv: 1.000e+00 time: 0.66
  | CTM step 4 conv: 1.000e+00 time: 0.8
  | CTM step 5 conv: 1.000e+00 time: 0.72
  | CTM step 6 conv: 1.000e+00 time: 0.71
  | CTM step 7 conv: 4.826e-06 time: 0.71
  | CTM step 8 conv: 1.003e-05 time: 0.71
  | CTM step 9 conv: 1.567e-06 time: 0.72
  | CTM step 10 conv: 1.015e-06 time: 0.7
Performing CTM
  | CTM step 1 conv: 1.000e+00 time: 0.91
  | CTM step 2 conv: 1.468e-08 time: 1.07
  | CTM step 3 conv: 7.189e-09 time: 1.06
Energies: 0.03895842901668323 0.0
Norm: 0.024391148063394544
========== 
Finished basis vector 47/62 

Starting simulation of basis vector 48/62
Performing CTM pre-steps without tracking
  | CTM step 1 conv: 1.000e+00 time: 0.57
  | CTM step 2 conv: 1.000e+00 time: 0.64
  | CTM step 3 conv: 1.000e+00 time: 0.67
  | CTM step 4 conv: 1.000e+00 time: 0.81
  | CTM step 5 conv: 1.000e+00 time: 0.73
  | CTM step 6 conv: 1.000e+00 time: 0.71
  | CTM step 7 conv: 4.826e-06 time: 0.7
  | CTM step 8 conv: 1.003e-05 time: 0.7
  | CTM step 9 conv: 1.567e-06 time: 0.7
  | CTM step 10 conv: 1.015e-06 time: 0.7
Performing CTM
  | CTM step 1 conv: 1.000e+00 time: 0.91
  | CTM step 2 conv: 1.468e-08 time: 1.08
  | CTM step 3 conv: 7.189e-09 time: 1.16
Energies: 0.14239968789576896 0.0
Norm: 0.10359997981160535
========== 
Finished basis vector 48/62 

Starting simulation of basis vector 49/62
Performing CTM pre-steps without tracking
  | CTM step 1 conv: 1.000e+00 time: 0.57
  | CTM step 2 conv: 1.000e+00 time: 0.64
  | CTM step 3 conv: 1.000e+00 time: 0.68
  | CTM step 4 conv: 1.000e+00 time: 0.71
  | CTM step 5 conv: 1.000e+00 time: 0.73
  | CTM step 6 conv: 1.000e+00 time: 0.78
  | CTM step 7 conv: 4.826e-06 time: 0.71
  | CTM step 8 conv: 1.003e-05 time: 0.71
  | CTM step 9 conv: 1.567e-06 time: 0.7
  | CTM step 10 conv: 1.015e-06 time: 0.71
Performing CTM
  | CTM step 1 conv: 1.000e+00 time: 0.9
  | CTM step 2 conv: 1.468e-08 time: 1.1
  | CTM step 3 conv: 7.189e-09 time: 1.06
Energies: 0.01880704005876288 0.0
Norm: 0.014489885312784426
========== 
Finished basis vector 49/62 

Starting simulation of basis vector 50/62
Performing CTM pre-steps without tracking
  | CTM step 1 conv: 1.000e+00 time: 0.57
  | CTM step 2 conv: 1.000e+00 time: 0.63
  | CTM step 3 conv: 1.000e+00 time: 0.66
  | CTM step 4 conv: 1.000e+00 time: 0.81
  | CTM step 5 conv: 1.000e+00 time: 0.7
  | CTM step 6 conv: 1.000e+00 time: 0.7
  | CTM step 7 conv: 4.826e-06 time: 0.74
  | CTM step 8 conv: 1.003e-05 time: 0.71
  | CTM step 9 conv: 1.567e-06 time: 0.7
  | CTM step 10 conv: 1.015e-06 time: 0.71
Performing CTM
  | CTM step 1 conv: 1.000e+00 time: 0.95
  | CTM step 2 conv: 1.468e-08 time: 1.08
  | CTM step 3 conv: 7.189e-09 time: 1.07
Energies: 0.028625192963672497 0.0
Norm: 0.05436176420738482
========== 
Finished basis vector 50/62 

Starting simulation of basis vector 51/62
Performing CTM pre-steps without tracking
  | CTM step 1 conv: 1.000e+00 time: 0.58
  | CTM step 2 conv: 1.000e+00 time: 0.64
  | CTM step 3 conv: 1.000e+00 time: 0.68
  | CTM step 4 conv: 1.000e+00 time: 0.79
  | CTM step 5 conv: 1.000e+00 time: 0.72
  | CTM step 6 conv: 1.000e+00 time: 0.71
  | CTM step 7 conv: 4.826e-06 time: 0.74
  | CTM step 8 conv: 1.003e-05 time: 0.71
  | CTM step 9 conv: 1.567e-06 time: 0.81
  | CTM step 10 conv: 1.015e-06 time: 0.71
Performing CTM
  | CTM step 1 conv: 1.000e+00 time: 0.92
  | CTM step 2 conv: 1.468e-08 time: 1.09
  | CTM step 3 conv: 7.189e-09 time: 1.07
Energies: 0.00904018775253429 0.0
Norm: 0.0050818442966229
========== 
Finished basis vector 51/62 

Starting simulation of basis vector 52/62
Performing CTM pre-steps without tracking
  | CTM step 1 conv: 1.000e+00 time: 0.57
  | CTM step 2 conv: 1.000e+00 time: 0.64
  | CTM step 3 conv: 1.000e+00 time: 0.69
  | CTM step 4 conv: 1.000e+00 time: 0.71
  | CTM step 5 conv: 1.000e+00 time: 0.71
  | CTM step 6 conv: 1.000e+00 time: 0.73
  | CTM step 7 conv: 4.826e-06 time: 0.71
  | CTM step 8 conv: 1.003e-05 time: 0.71
  | CTM step 9 conv: 1.567e-06 time: 0.7
  | CTM step 10 conv: 1.015e-06 time: 0.7
Performing CTM
  | CTM step 1 conv: 1.000e+00 time: 0.91
  | CTM step 2 conv: 1.468e-08 time: 1.08
  | CTM step 3 conv: 7.189e-09 time: 1.07
Energies: 0.03810174054810189 0.0
Norm: 0.021993826134354667
========== 
Finished basis vector 52/62 

Starting simulation of basis vector 53/62
Performing CTM pre-steps without tracking
  | CTM step 1 conv: 1.000e+00 time: 0.57
  | CTM step 2 conv: 1.000e+00 time: 0.64
  | CTM step 3 conv: 1.000e+00 time: 0.67
  | CTM step 4 conv: 1.000e+00 time: 0.82
  | CTM step 5 conv: 1.000e+00 time: 0.75
  | CTM step 6 conv: 1.000e+00 time: 0.73
  | CTM step 7 conv: 4.826e-06 time: 0.71
  | CTM step 8 conv: 1.003e-05 time: 0.71
  | CTM step 9 conv: 1.567e-06 time: 0.71
  | CTM step 10 conv: 1.015e-06 time: 0.71
Performing CTM
  | CTM step 1 conv: 1.000e+00 time: 0.91
  | CTM step 2 conv: 1.468e-08 time: 1.08
  | CTM step 3 conv: 7.189e-09 time: 1.08
Energies: 0.0057709897845143465 0.0
Norm: 0.0034677222001353604
========== 
Finished basis vector 53/62 

Starting simulation of basis vector 54/62
Performing CTM pre-steps without tracking
  | CTM step 1 conv: 1.000e+00 time: 0.57
  | CTM step 2 conv: 1.000e+00 time: 0.64
  | CTM step 3 conv: 1.000e+00 time: 0.68
  | CTM step 4 conv: 1.000e+00 time: 0.7
  | CTM step 5 conv: 1.000e+00 time: 0.71
  | CTM step 6 conv: 1.000e+00 time: 0.71
  | CTM step 7 conv: 4.826e-06 time: 0.71
  | CTM step 8 conv: 1.003e-05 time: 0.7
  | CTM step 9 conv: 1.567e-06 time: 0.7
  | CTM step 10 conv: 1.015e-06 time: 0.7
Performing CTM
  | CTM step 1 conv: 1.000e+00 time: 0.91
  | CTM step 2 conv: 1.468e-08 time: 1.14
  | CTM step 3 conv: 7.189e-09 time: 1.07
Energies: 0.023659641707728718 0.0
Norm: 0.014341775034954466
========== 
Finished basis vector 54/62 

Starting simulation of basis vector 55/62
Performing CTM pre-steps without tracking
  | CTM step 1 conv: 1.000e+00 time: 0.57
  | CTM step 2 conv: 1.000e+00 time: 0.63
  | CTM step 3 conv: 1.000e+00 time: 0.67
  | CTM step 4 conv: 1.000e+00 time: 0.76
  | CTM step 5 conv: 1.000e+00 time: 0.76
  | CTM step 6 conv: 1.000e+00 time: 0.71
  | CTM step 7 conv: 4.826e-06 time: 0.71
  | CTM step 8 conv: 1.003e-05 time: 0.71
  | CTM step 9 conv: 1.567e-06 time: 0.71
  | CTM step 10 conv: 1.015e-06 time: 0.71
Performing CTM
  | CTM step 1 conv: 1.000e+00 time: 0.91
  | CTM step 2 conv: 1.468e-08 time: 1.08
  | CTM step 3 conv: 7.189e-09 time: 1.07
Energies: 0.059882862379526 0.0
Norm: 0.030776703884512466
========== 
Finished basis vector 55/62 

Starting simulation of basis vector 56/62
Performing CTM pre-steps without tracking
  | CTM step 1 conv: 1.000e+00 time: 0.57
  | CTM step 2 conv: 1.000e+00 time: 0.63
  | CTM step 3 conv: 1.000e+00 time: 0.78
  | CTM step 4 conv: 1.000e+00 time: 0.71
  | CTM step 5 conv: 1.000e+00 time: 0.71
  | CTM step 6 conv: 1.000e+00 time: 0.71
  | CTM step 7 conv: 4.826e-06 time: 0.71
  | CTM step 8 conv: 1.003e-05 time: 0.7
  | CTM step 9 conv: 1.567e-06 time: 0.71
  | CTM step 10 conv: 1.015e-06 time: 0.71
Performing CTM
  | CTM step 1 conv: 1.000e+00 time: 0.92
  | CTM step 2 conv: 1.468e-08 time: 1.09
  | CTM step 3 conv: 7.189e-09 time: 1.08
Energies: 0.06214353675897488 0.0
Norm: 0.10254383500211967
========== 
Finished basis vector 56/62 

Starting simulation of basis vector 57/62
Performing CTM pre-steps without tracking
  | CTM step 1 conv: 1.000e+00 time: 0.57
  | CTM step 2 conv: 1.000e+00 time: 0.63
  | CTM step 3 conv: 1.000e+00 time: 0.75
  | CTM step 4 conv: 1.000e+00 time: 0.75
  | CTM step 5 conv: 1.000e+00 time: 0.72
  | CTM step 6 conv: 1.000e+00 time: 0.81
  | CTM step 7 conv: 4.826e-06 time: 0.7
  | CTM step 8 conv: 1.003e-05 time: 0.7
  | CTM step 9 conv: 1.567e-06 time: 0.7
  | CTM step 10 conv: 1.015e-06 time: 0.7
Performing CTM
  | CTM step 1 conv: 1.000e+00 time: 0.9
  | CTM step 2 conv: 1.468e-08 time: 1.07
  | CTM step 3 conv: 7.189e-09 time: 1.06
Energies: 0.12095952226923523 0.0
Norm: 0.04333528541664507
========== 
Finished basis vector 57/62 

Starting simulation of basis vector 58/62
Performing CTM pre-steps without tracking
  | CTM step 1 conv: 1.000e+00 time: 0.57
  | CTM step 2 conv: 1.000e+00 time: 0.64
  | CTM step 3 conv: 1.000e+00 time: 0.67
  | CTM step 4 conv: 1.000e+00 time: 0.8
  | CTM step 5 conv: 1.000e+00 time: 0.72
  | CTM step 6 conv: 1.000e+00 time: 0.7
  | CTM step 7 conv: 4.826e-06 time: 0.7
  | CTM step 8 conv: 1.003e-05 time: 0.7
  | CTM step 9 conv: 1.567e-06 time: 0.7
  | CTM step 10 conv: 1.015e-06 time: 0.69
Performing CTM
  | CTM step 1 conv: 1.000e+00 time: 0.91
  | CTM step 2 conv: 1.468e-08 time: 1.2
  | CTM step 3 conv: 7.189e-09 time: 1.07
Energies: 0.11785617244006641 0.0
Norm: 0.12834277516019416
========== 
Finished basis vector 58/62 

Starting simulation of basis vector 59/62
Performing CTM pre-steps without tracking
  | CTM step 1 conv: 1.000e+00 time: 0.57
  | CTM step 2 conv: 1.000e+00 time: 0.64
  | CTM step 3 conv: 1.000e+00 time: 0.67
  | CTM step 4 conv: 1.000e+00 time: 0.7
  | CTM step 5 conv: 1.000e+00 time: 0.7
  | CTM step 6 conv: 1.000e+00 time: 0.71
  | CTM step 7 conv: 4.826e-06 time: 0.71
  | CTM step 8 conv: 1.003e-05 time: 0.71
  | CTM step 9 conv: 1.567e-06 time: 0.71
  | CTM step 10 conv: 1.015e-06 time: 0.71
Performing CTM
  | CTM step 1 conv: 1.000e+00 time: 0.92
  | CTM step 2 conv: 1.468e-08 time: 1.08
  | CTM step 3 conv: 7.189e-09 time: 1.08
Energies: 0.013573181197906736 0.0
Norm: 0.007318862156071754
========== 
Finished basis vector 59/62 

Starting simulation of basis vector 60/62
Performing CTM pre-steps without tracking
  | CTM step 1 conv: 1.000e+00 time: 0.58
  | CTM step 2 conv: 1.000e+00 time: 0.64
  | CTM step 3 conv: 1.000e+00 time: 0.67
  | CTM step 4 conv: 1.000e+00 time: 0.71
  | CTM step 5 conv: 1.000e+00 time: 0.71
  | CTM step 6 conv: 1.000e+00 time: 0.71
  | CTM step 7 conv: 4.826e-06 time: 0.7
  | CTM step 8 conv: 1.003e-05 time: 0.7
  | CTM step 9 conv: 1.567e-06 time: 0.7
  | CTM step 10 conv: 1.015e-06 time: 0.7
Performing CTM
  | CTM step 1 conv: 1.000e+00 time: 0.91
  | CTM step 2 conv: 1.468e-08 time: 1.08
  | CTM step 3 conv: 7.189e-09 time: 1.07
Energies: 0.0780643381582038 0.0
Norm: 0.03168615631720305
========== 
Finished basis vector 60/62 

Starting simulation of basis vector 61/62
Performing CTM pre-steps without tracking
  | CTM step 1 conv: 1.000e+00 time: 0.57
  | CTM step 2 conv: 1.000e+00 time: 0.64
  | CTM step 3 conv: 1.000e+00 time: 0.67
  | CTM step 4 conv: 1.000e+00 time: 0.7
  | CTM step 5 conv: 1.000e+00 time: 0.74
  | CTM step 6 conv: 1.000e+00 time: 0.71
  | CTM step 7 conv: 4.826e-06 time: 0.7
  | CTM step 8 conv: 1.003e-05 time: 0.7
  | CTM step 9 conv: 1.567e-06 time: 0.7
  | CTM step 10 conv: 1.015e-06 time: 0.7
Performing CTM
  | CTM step 1 conv: 1.000e+00 time: 0.9
  | CTM step 2 conv: 1.468e-08 time: 1.07
  | CTM step 3 conv: 7.189e-09 time: 1.06
Energies: 0.02520818844662087 0.0
Norm: 0.010719310518467615
========== 
Finished basis vector 61/62 

Starting simulation of basis vector 62/62
Performing CTM pre-steps without tracking
  | CTM step 1 conv: 1.000e+00 time: 0.57
  | CTM step 2 conv: 1.000e+00 time: 0.63
  | CTM step 3 conv: 1.000e+00 time: 0.66
  | CTM step 4 conv: 1.000e+00 time: 0.82
  | CTM step 5 conv: 1.000e+00 time: 0.81
  | CTM step 6 conv: 1.000e+00 time: 0.79
  | CTM step 7 conv: 4.826e-06 time: 0.7
  | CTM step 8 conv: 1.003e-05 time: 0.7
  | CTM step 9 conv: 1.567e-06 time: 0.7
  | CTM step 10 conv: 1.015e-06 time: 0.7
Performing CTM
  | CTM step 1 conv: 1.000e+00 time: 0.91
  | CTM step 2 conv: 1.468e-08 time: 1.07
  | CTM step 3 conv: 7.189e-09 time: 1.06
Energies: 0.15090764472365215 0.0
Norm: 0.04742833899854504
========== 
Finished basis vector 62/62 

[[ 9.98597897e-02-1.36094088e-05j -1.53812757e-02-4.64816689e-03j
  -1.76489508e-02-5.88117975e-04j ... -5.15063802e-04-1.92781233e-03j
   4.53168815e-04+1.43557371e-04j -6.46929044e-04-2.78750730e-03j]
 [-1.36116445e-02+3.81009898e-03j  5.00630617e-01-5.19261450e-02j
   1.80433820e-01+1.20045380e-01j ...  1.49890445e-01-1.21960298e-02j
  -6.37194364e-02-7.80902382e-02j  2.33199241e-01-2.11976048e-02j]
 [-1.64421164e-02-1.34365490e-04j  1.75862453e-01-1.65183449e-01j
   1.71881407e-01-2.01246200e-03j ...  5.04354738e-02-8.10825555e-02j
  -5.17680428e-02-2.72357256e-03j  7.90797611e-02-1.17008663e-01j]
 ...
 [-3.26371078e-04+1.47442125e-03j  1.52566352e-01-5.86834913e-02j
   6.03360216e-02+5.60583592e-02j ...  1.38457798e-01-2.20317546e-02j
  -2.07576367e-02-3.83346945e-02j  7.56639868e-02-3.16428794e-02j]
 [ 2.65327711e-04-2.25445088e-04j -6.87145216e-02+1.11546136e-01j
  -5.89912969e-02+2.99570881e-03j ... -1.66089738e-02+5.26742287e-02j
   5.09071502e-02+2.33913897e-03j -7.57110869e-02+7.43500933e-02j]
 [-3.12704797e-04+2.15463021e-03j  2.41511639e-01-8.06215569e-02j
   9.69339682e-02+8.23885468e-02j ...  7.48829858e-02-3.25859405e-02j
  -8.13231508e-02-5.31958413e-02j  2.21480879e-01-4.68182781e-02j]]
[[ 0.05064579+3.15147889e-10j  0.00938657-1.66317694e-03j
   0.0025478 -1.71665126e-04j ... -0.00305756-2.37149679e-04j
   0.00226036+2.39547999e-04j -0.00445293-3.38164038e-04j]
 [ 0.00938656+1.66318494e-03j  0.14575173-6.37506337e-09j
   0.06234537+2.56729283e-02j ...  0.034731  +7.36538681e-03j
  -0.01157864-1.69369763e-02j  0.04231939+8.19394778e-03j]
 [ 0.0025478 +1.71671237e-04j  0.06234537-2.56729285e-02j
   0.05407496+7.93070231e-10j ...  0.01515627-1.15177539e-02j
  -0.01044815-1.88268825e-04j  0.01642886-1.65974329e-02j]
 ...
 [-0.00305756+2.37168431e-04j  0.03473101-7.36537471e-03j
   0.01515628+1.15177624e-02j ...  0.06337231+7.95314608e-08j
   0.00990721-7.03788234e-03j -0.0139362 +6.70099038e-04j]
 [ 0.00226037-2.39558964e-04j -0.01157863+1.69369972e-02j
  -0.01044815+1.88285838e-04j ...  0.00990725+7.03791731e-03j
   0.02143862+1.25640432e-09j -0.03900977+9.48723262e-03j]
 [-0.00445294+3.38190519e-04j  0.04231941-8.19395046e-03j
   0.01642888+1.65974088e-02j ... -0.01393622-6.70048676e-04j
  -0.03900974-9.48717703e-03j  0.09485668-9.37723683e-08j]]
Done
Saved to /share/home/tanyi/ad-peps/simulations/exci/11_honey_brick_D2_X30/7_1.0_0.66667.npz
