No GPU/TPU found, falling back to CPU. (Set TF_CPP_MIN_LOG_LEVEL=0 and rerun for more info.)
Namespace(version=False, sim_mode='exci', config_file='honey_brick_exci.yaml', momentum_ix=9, evaluate=False, init=False)
Running excited-state sim
honey_brick_exci.yaml
/share/home/tanyi/ad-peps/examples/honey_brick_exci.yaml
/share/home/tanyi/ad-peps/examples/honey_brick_exci.yaml
D: 2
chi: 30
ctm_conv_tol: 1.0e-06
ctm_max_iter: 20
ctm_min_iter: 4
disp_level: 1
flush_output: true
model: honey_brick
model_params:
  Jx: 1
  Jy: 1
momentum_path: Bril1
out_prefix: 11
pattern:
- - 0
  - 1
- - 1
  - 0
resume: true

Starting simulation of basis vector 1/62
Performing CTM pre-steps without tracking
  | CTM step 1 conv: 1.000e+00 time: 2.91
  | CTM step 2 conv: 1.000e+00 time: 3.53
  | CTM step 3 conv: 1.000e+00 time: 8.18
  | CTM step 4 conv: 1.000e+00 time: 9.65
  | CTM step 5 conv: 1.000e+00 time: 5.91
  | CTM step 6 conv: 1.000e+00 time: 4.72
  | CTM step 7 conv: 4.826e-06 time: 3.28
  | CTM step 8 conv: 1.003e-05 time: 2.45
  | CTM step 9 conv: 1.567e-06 time: 1.46
  | CTM step 10 conv: 1.015e-06 time: 0.69
Performing CTM
  | CTM step 1 conv: 1.000e+00 time: 1.92
  | CTM step 2 conv: 1.468e-08 time: 1.21
  | CTM step 3 conv: 7.189e-09 time: 1.06
Energies: 0.05061834355066552 0.0
Norm: 0.025339645232434385
========== 
Finished basis vector 1/62 

Starting simulation of basis vector 2/62
Performing CTM pre-steps without tracking
  | CTM step 1 conv: 1.000e+00 time: 0.59
  | CTM step 2 conv: 1.000e+00 time: 0.65
  | CTM step 3 conv: 1.000e+00 time: 0.71
  | CTM step 4 conv: 1.000e+00 time: 0.73
  | CTM step 5 conv: 1.000e+00 time: 0.72
  | CTM step 6 conv: 1.000e+00 time: 0.71
  | CTM step 7 conv: 4.826e-06 time: 0.71
  | CTM step 8 conv: 1.003e-05 time: 0.7
  | CTM step 9 conv: 1.567e-06 time: 0.7
  | CTM step 10 conv: 1.015e-06 time: 0.7
Performing CTM
  | CTM step 1 conv: 1.000e+00 time: 0.91
  | CTM step 2 conv: 1.468e-08 time: 1.08
  | CTM step 3 conv: 7.189e-09 time: 1.07
Energies: 0.03690396303364718 0.0
Norm: 0.06486373299060287
========== 
Finished basis vector 2/62 

Starting simulation of basis vector 3/62
Performing CTM pre-steps without tracking
  | CTM step 1 conv: 1.000e+00 time: 0.57
  | CTM step 2 conv: 1.000e+00 time: 0.64
  | CTM step 3 conv: 1.000e+00 time: 0.75
  | CTM step 4 conv: 1.000e+00 time: 0.72
  | CTM step 5 conv: 1.000e+00 time: 0.73
  | CTM step 6 conv: 1.000e+00 time: 0.71
  | CTM step 7 conv: 4.826e-06 time: 0.7
  | CTM step 8 conv: 1.003e-05 time: 0.69
  | CTM step 9 conv: 1.567e-06 time: 0.7
  | CTM step 10 conv: 1.015e-06 time: 0.69
Performing CTM
  | CTM step 1 conv: 1.000e+00 time: 0.89
  | CTM step 2 conv: 1.468e-08 time: 1.06
  | CTM step 3 conv: 7.189e-09 time: 1.05
Energies: 0.20789753034378133 0.0
Norm: 0.045670011556755846
========== 
Finished basis vector 3/62 

Starting simulation of basis vector 4/62
Performing CTM pre-steps without tracking
  | CTM step 1 conv: 1.000e+00 time: 0.56
  | CTM step 2 conv: 1.000e+00 time: 0.62
  | CTM step 3 conv: 1.000e+00 time: 0.66
  | CTM step 4 conv: 1.000e+00 time: 0.82
  | CTM step 5 conv: 1.000e+00 time: 0.81
  | CTM step 6 conv: 1.000e+00 time: 0.79
  | CTM step 7 conv: 4.826e-06 time: 0.81
  | CTM step 8 conv: 1.003e-05 time: 0.7
  | CTM step 9 conv: 1.567e-06 time: 0.72
  | CTM step 10 conv: 1.015e-06 time: 0.7
Performing CTM
  | CTM step 1 conv: 1.000e+00 time: 0.9
  | CTM step 2 conv: 1.468e-08 time: 1.13
  | CTM step 3 conv: 7.189e-09 time: 1.07
Energies: 0.2030499546742588 0.0
Norm: 0.18107308055241297
========== 
Finished basis vector 4/62 

Starting simulation of basis vector 5/62
Performing CTM pre-steps without tracking
  | CTM step 1 conv: 1.000e+00 time: 0.57
  | CTM step 2 conv: 1.000e+00 time: 0.64
  | CTM step 3 conv: 1.000e+00 time: 0.68
  | CTM step 4 conv: 1.000e+00 time: 0.74
  | CTM step 5 conv: 1.000e+00 time: 0.71
  | CTM step 6 conv: 1.000e+00 time: 0.7
  | CTM step 7 conv: 4.826e-06 time: 0.7
  | CTM step 8 conv: 1.003e-05 time: 0.7
  | CTM step 9 conv: 1.567e-06 time: 0.7
  | CTM step 10 conv: 1.015e-06 time: 0.7
Performing CTM
  | CTM step 1 conv: 1.000e+00 time: 0.92
  | CTM step 2 conv: 1.468e-08 time: 1.08
  | CTM step 3 conv: 7.189e-09 time: 1.07
Energies: 0.09965143619322747 0.0
Norm: 0.0678852128092297
========== 
Finished basis vector 5/62 

Starting simulation of basis vector 6/62
Performing CTM pre-steps without tracking
  | CTM step 1 conv: 1.000e+00 time: 0.57
  | CTM step 2 conv: 1.000e+00 time: 0.63
  | CTM step 3 conv: 1.000e+00 time: 0.66
  | CTM step 4 conv: 1.000e+00 time: 0.7
  | CTM step 5 conv: 1.000e+00 time: 0.7
  | CTM step 6 conv: 1.000e+00 time: 0.7
  | CTM step 7 conv: 4.826e-06 time: 0.73
  | CTM step 8 conv: 1.003e-05 time: 0.69
  | CTM step 9 conv: 1.567e-06 time: 0.69
  | CTM step 10 conv: 1.015e-06 time: 0.7
Performing CTM
  | CTM step 1 conv: 1.000e+00 time: 0.9
  | CTM step 2 conv: 1.468e-08 time: 1.06
  | CTM step 3 conv: 7.189e-09 time: 1.05
Energies: 0.09281838413310872 0.0
Norm: 0.07153438636726095
========== 
Finished basis vector 6/62 

Starting simulation of basis vector 7/62
Performing CTM pre-steps without tracking
  | CTM step 1 conv: 1.000e+00 time: 0.58
  | CTM step 2 conv: 1.000e+00 time: 0.63
  | CTM step 3 conv: 1.000e+00 time: 0.67
  | CTM step 4 conv: 1.000e+00 time: 0.72
  | CTM step 5 conv: 1.000e+00 time: 0.73
  | CTM step 6 conv: 1.000e+00 time: 0.71
  | CTM step 7 conv: 4.826e-06 time: 0.74
  | CTM step 8 conv: 1.003e-05 time: 0.7
  | CTM step 9 conv: 1.567e-06 time: 0.7
  | CTM step 10 conv: 1.015e-06 time: 0.7
Performing CTM
  | CTM step 1 conv: 1.000e+00 time: 0.9
  | CTM step 2 conv: 1.468e-08 time: 1.07
  | CTM step 3 conv: 7.189e-09 time: 1.06
Energies: -0.028766379975003975 0.0
Norm: 0.043949971151586414
========== 
Finished basis vector 7/62 

Starting simulation of basis vector 8/62
Performing CTM pre-steps without tracking
  | CTM step 1 conv: 1.000e+00 time: 0.57
  | CTM step 2 conv: 1.000e+00 time: 0.63
  | CTM step 3 conv: 1.000e+00 time: 0.66
  | CTM step 4 conv: 1.000e+00 time: 0.71
  | CTM step 5 conv: 1.000e+00 time: 0.7
  | CTM step 6 conv: 1.000e+00 time: 0.7
  | CTM step 7 conv: 4.826e-06 time: 0.73
  | CTM step 8 conv: 1.003e-05 time: 0.71
  | CTM step 9 conv: 1.567e-06 time: 0.69
  | CTM step 10 conv: 1.015e-06 time: 0.69
Performing CTM
  | CTM step 1 conv: 1.000e+00 time: 0.9
  | CTM step 2 conv: 1.468e-08 time: 1.07
  | CTM step 3 conv: 7.189e-09 time: 1.06
Energies: 0.11171551725947193 0.0
Norm: 0.07388321823480463
========== 
Finished basis vector 8/62 

Starting simulation of basis vector 9/62
Performing CTM pre-steps without tracking
  | CTM step 1 conv: 1.000e+00 time: 0.57
  | CTM step 2 conv: 1.000e+00 time: 0.63
  | CTM step 3 conv: 1.000e+00 time: 0.66
  | CTM step 4 conv: 1.000e+00 time: 0.83
  | CTM step 5 conv: 1.000e+00 time: 0.71
  | CTM step 6 conv: 1.000e+00 time: 0.78
  | CTM step 7 conv: 4.826e-06 time: 0.71
  | CTM step 8 conv: 1.003e-05 time: 0.7
  | CTM step 9 conv: 1.567e-06 time: 0.7
  | CTM step 10 conv: 1.015e-06 time: 0.7
Performing CTM
  | CTM step 1 conv: 1.000e+00 time: 0.9
  | CTM step 2 conv: 1.468e-08 time: 1.07
  | CTM step 3 conv: 7.189e-09 time: 1.06
Energies: 0.05205659645460248 0.0
Norm: 0.028039779007074335
========== 
Finished basis vector 9/62 

Starting simulation of basis vector 10/62
Performing CTM pre-steps without tracking
  | CTM step 1 conv: 1.000e+00 time: 0.57
  | CTM step 2 conv: 1.000e+00 time: 0.63
  | CTM step 3 conv: 1.000e+00 time: 0.66
  | CTM step 4 conv: 1.000e+00 time: 0.81
  | CTM step 5 conv: 1.000e+00 time: 0.75
  | CTM step 6 conv: 1.000e+00 time: 0.71
  | CTM step 7 conv: 4.826e-06 time: 0.7
  | CTM step 8 conv: 1.003e-05 time: 0.71
  | CTM step 9 conv: 1.567e-06 time: 0.7
  | CTM step 10 conv: 1.015e-06 time: 0.7
Performing CTM
  | CTM step 1 conv: 1.000e+00 time: 0.9
  | CTM step 2 conv: 1.468e-08 time: 1.06
  | CTM step 3 conv: 7.189e-09 time: 1.05
Energies: 0.05141749768243553 0.0
Norm: 0.09213394468353236
========== 
Finished basis vector 10/62 

Starting simulation of basis vector 11/62
Performing CTM pre-steps without tracking
  | CTM step 1 conv: 1.000e+00 time: 0.57
  | CTM step 2 conv: 1.000e+00 time: 0.63
  | CTM step 3 conv: 1.000e+00 time: 0.66
  | CTM step 4 conv: 1.000e+00 time: 0.7
  | CTM step 5 conv: 1.000e+00 time: 0.7
  | CTM step 6 conv: 1.000e+00 time: 0.7
  | CTM step 7 conv: 4.826e-06 time: 0.7
  | CTM step 8 conv: 1.003e-05 time: 0.69
  | CTM step 9 conv: 1.567e-06 time: 0.69
  | CTM step 10 conv: 1.015e-06 time: 0.69
Performing CTM
  | CTM step 1 conv: 1.000e+00 time: 0.89
  | CTM step 2 conv: 1.468e-08 time: 1.13
  | CTM step 3 conv: 7.189e-09 time: 1.05
Energies: 0.2700892126576626 0.0
Norm: 0.05990964611106104
========== 
Finished basis vector 11/62 

Starting simulation of basis vector 12/62
Performing CTM pre-steps without tracking
  | CTM step 1 conv: 1.000e+00 time: 0.57
  | CTM step 2 conv: 1.000e+00 time: 0.63
  | CTM step 3 conv: 1.000e+00 time: 0.66
  | CTM step 4 conv: 1.000e+00 time: 0.69
  | CTM step 5 conv: 1.000e+00 time: 0.69
  | CTM step 6 conv: 1.000e+00 time: 0.73
  | CTM step 7 conv: 4.826e-06 time: 0.7
  | CTM step 8 conv: 1.003e-05 time: 0.69
  | CTM step 9 conv: 1.567e-06 time: 0.69
  | CTM step 10 conv: 1.015e-06 time: 0.69
Performing CTM
  | CTM step 1 conv: 1.000e+00 time: 0.89
  | CTM step 2 conv: 1.468e-08 time: 1.06
  | CTM step 3 conv: 7.189e-09 time: 1.06
Energies: 0.184093747526056 0.0
Norm: 0.19443667654213256
========== 
Finished basis vector 12/62 

Starting simulation of basis vector 13/62
Performing CTM pre-steps without tracking
  | CTM step 1 conv: 1.000e+00 time: 0.57
  | CTM step 2 conv: 1.000e+00 time: 0.63
  | CTM step 3 conv: 1.000e+00 time: 0.66
  | CTM step 4 conv: 1.000e+00 time: 0.69
  | CTM step 5 conv: 1.000e+00 time: 0.75
  | CTM step 6 conv: 1.000e+00 time: 0.71
  | CTM step 7 conv: 4.826e-06 time: 0.7
  | CTM step 8 conv: 1.003e-05 time: 0.7
  | CTM step 9 conv: 1.567e-06 time: 0.74
  | CTM step 10 conv: 1.015e-06 time: 0.69
Performing CTM
  | CTM step 1 conv: 1.000e+00 time: 0.9
  | CTM step 2 conv: 1.468e-08 time: 1.06
  | CTM step 3 conv: 7.189e-09 time: 1.06
Energies: 0.09645191706594858 0.0
Norm: 0.0738376280494231
========== 
Finished basis vector 13/62 

Starting simulation of basis vector 14/62
Performing CTM pre-steps without tracking
  | CTM step 1 conv: 1.000e+00 time: 0.56
  | CTM step 2 conv: 1.000e+00 time: 0.63
  | CTM step 3 conv: 1.000e+00 time: 0.66
  | CTM step 4 conv: 1.000e+00 time: 0.69
  | CTM step 5 conv: 1.000e+00 time: 0.7
  | CTM step 6 conv: 1.000e+00 time: 0.7
  | CTM step 7 conv: 4.826e-06 time: 0.7
  | CTM step 8 conv: 1.003e-05 time: 0.69
  | CTM step 9 conv: 1.567e-06 time: 0.69
  | CTM step 10 conv: 1.015e-06 time: 0.69
Performing CTM
  | CTM step 1 conv: 1.000e+00 time: 0.89
  | CTM step 2 conv: 1.468e-08 time: 1.06
  | CTM step 3 conv: 7.189e-09 time: 1.05
Energies: 0.31479908364785025 0.0
Norm: 0.17002404680370764
========== 
Finished basis vector 14/62 

Starting simulation of basis vector 15/62
Performing CTM pre-steps without tracking
  | CTM step 1 conv: 1.000e+00 time: 0.57
  | CTM step 2 conv: 1.000e+00 time: 0.62
  | CTM step 3 conv: 1.000e+00 time: 0.66
  | CTM step 4 conv: 1.000e+00 time: 0.82
  | CTM step 5 conv: 1.000e+00 time: 0.71
  | CTM step 6 conv: 1.000e+00 time: 0.7
  | CTM step 7 conv: 4.826e-06 time: 0.7
  | CTM step 8 conv: 1.003e-05 time: 0.7
  | CTM step 9 conv: 1.567e-06 time: 0.7
  | CTM step 10 conv: 1.015e-06 time: 0.7
Performing CTM
  | CTM step 1 conv: 1.000e+00 time: 0.93
  | CTM step 2 conv: 1.468e-08 time: 1.06
  | CTM step 3 conv: 7.189e-09 time: 1.05
Energies: -0.006855449566912419 0.0
Norm: 0.07541613777871346
========== 
Finished basis vector 15/62 

Starting simulation of basis vector 16/62
Performing CTM pre-steps without tracking
  | CTM step 1 conv: 1.000e+00 time: 0.57
  | CTM step 2 conv: 1.000e+00 time: 0.62
  | CTM step 3 conv: 1.000e+00 time: 0.66
  | CTM step 4 conv: 1.000e+00 time: 0.76
  | CTM step 5 conv: 1.000e+00 time: 0.7
  | CTM step 6 conv: 1.000e+00 time: 0.75
  | CTM step 7 conv: 4.826e-06 time: 0.69
  | CTM step 8 conv: 1.003e-05 time: 0.69
  | CTM step 9 conv: 1.567e-06 time: 0.69
  | CTM step 10 conv: 1.015e-06 time: 0.69
Performing CTM
  | CTM step 1 conv: 1.000e+00 time: 0.89
  | CTM step 2 conv: 1.468e-08 time: 1.06
  | CTM step 3 conv: 7.189e-09 time: 1.05
Energies: 0.1528827193142499 0.0
Norm: 0.06458062600575135
========== 
Finished basis vector 16/62 

Starting simulation of basis vector 17/62
Performing CTM pre-steps without tracking
  | CTM step 1 conv: 1.000e+00 time: 0.56
  | CTM step 2 conv: 1.000e+00 time: 0.62
  | CTM step 3 conv: 1.000e+00 time: 0.66
  | CTM step 4 conv: 1.000e+00 time: 0.69
  | CTM step 5 conv: 1.000e+00 time: 0.69
  | CTM step 6 conv: 1.000e+00 time: 0.69
  | CTM step 7 conv: 4.826e-06 time: 0.73
  | CTM step 8 conv: 1.003e-05 time: 0.69
  | CTM step 9 conv: 1.567e-06 time: 0.69
  | CTM step 10 conv: 1.015e-06 time: 0.69
Performing CTM
  | CTM step 1 conv: 1.000e+00 time: 0.89
  | CTM step 2 conv: 1.468e-08 time: 1.06
  | CTM step 3 conv: 7.189e-09 time: 1.05
Energies: 0.06889209112964634 0.0
Norm: 0.022442904130283693
========== 
Finished basis vector 17/62 

Starting simulation of basis vector 18/62
Performing CTM pre-steps without tracking
  | CTM step 1 conv: 1.000e+00 time: 0.57
  | CTM step 2 conv: 1.000e+00 time: 0.63
  | CTM step 3 conv: 1.000e+00 time: 0.66
  | CTM step 4 conv: 1.000e+00 time: 0.7
  | CTM step 5 conv: 1.000e+00 time: 0.69
  | CTM step 6 conv: 1.000e+00 time: 0.69
  | CTM step 7 conv: 4.826e-06 time: 0.73
  | CTM step 8 conv: 1.003e-05 time: 0.7
  | CTM step 9 conv: 1.567e-06 time: 0.7
  | CTM step 10 conv: 1.015e-06 time: 0.7
Performing CTM
  | CTM step 1 conv: 1.000e+00 time: 0.9
  | CTM step 2 conv: 1.468e-08 time: 1.07
  | CTM step 3 conv: 7.189e-09 time: 1.06
Energies: 0.30306633653494686 0.0
Norm: 0.19500030181710357
========== 
Finished basis vector 18/62 

Starting simulation of basis vector 19/62
Performing CTM pre-steps without tracking
  | CTM step 1 conv: 1.000e+00 time: 0.57
  | CTM step 2 conv: 1.000e+00 time: 0.63
  | CTM step 3 conv: 1.000e+00 time: 0.67
  | CTM step 4 conv: 1.000e+00 time: 0.7
  | CTM step 5 conv: 1.000e+00 time: 0.7
  | CTM step 6 conv: 1.000e+00 time: 0.77
  | CTM step 7 conv: 4.826e-06 time: 0.71
  | CTM step 8 conv: 1.003e-05 time: 0.7
  | CTM step 9 conv: 1.567e-06 time: 0.7
  | CTM step 10 conv: 1.015e-06 time: 0.7
Performing CTM
  | CTM step 1 conv: 1.000e+00 time: 0.9
  | CTM step 2 conv: 1.468e-08 time: 1.06
  | CTM step 3 conv: 7.189e-09 time: 1.06
Energies: 0.14335836738987684 0.0
Norm: 0.07294353603843627
========== 
Finished basis vector 19/62 

Starting simulation of basis vector 20/62
Performing CTM pre-steps without tracking
  | CTM step 1 conv: 1.000e+00 time: 0.57
  | CTM step 2 conv: 1.000e+00 time: 0.63
  | CTM step 3 conv: 1.000e+00 time: 0.67
  | CTM step 4 conv: 1.000e+00 time: 0.7
  | CTM step 5 conv: 1.000e+00 time: 0.7
  | CTM step 6 conv: 1.000e+00 time: 0.72
  | CTM step 7 conv: 4.826e-06 time: 0.73
  | CTM step 8 conv: 1.003e-05 time: 0.69
  | CTM step 9 conv: 1.567e-06 time: 0.69
  | CTM step 10 conv: 1.015e-06 time: 0.69
Performing CTM
  | CTM step 1 conv: 1.000e+00 time: 0.89
  | CTM step 2 conv: 1.468e-08 time: 1.06
  | CTM step 3 conv: 7.189e-09 time: 1.05
Energies: 0.4264079788162043 0.0
Norm: 0.2134234187107196
========== 
Finished basis vector 20/62 

Starting simulation of basis vector 21/62
Performing CTM pre-steps without tracking
  | CTM step 1 conv: 1.000e+00 time: 0.56
  | CTM step 2 conv: 1.000e+00 time: 0.62
  | CTM step 3 conv: 1.000e+00 time: 0.66
  | CTM step 4 conv: 1.000e+00 time: 0.79
  | CTM step 5 conv: 1.000e+00 time: 0.72
  | CTM step 6 conv: 1.000e+00 time: 0.7
  | CTM step 7 conv: 4.826e-06 time: 0.73
  | CTM step 8 conv: 1.003e-05 time: 0.69
  | CTM step 9 conv: 1.567e-06 time: 0.69
  | CTM step 10 conv: 1.015e-06 time: 0.69
Performing CTM
  | CTM step 1 conv: 1.000e+00 time: 0.91
  | CTM step 2 conv: 1.468e-08 time: 1.09
  | CTM step 3 conv: 7.189e-09 time: 1.06
Energies: 0.15171975236993207 0.0
Norm: 0.06819617635622646
========== 
Finished basis vector 21/62 

Starting simulation of basis vector 22/62
Performing CTM pre-steps without tracking
  | CTM step 1 conv: 1.000e+00 time: 0.58
  | CTM step 2 conv: 1.000e+00 time: 0.63
  | CTM step 3 conv: 1.000e+00 time: 0.66
  | CTM step 4 conv: 1.000e+00 time: 0.82
  | CTM step 5 conv: 1.000e+00 time: 0.7
  | CTM step 6 conv: 1.000e+00 time: 0.7
  | CTM step 7 conv: 4.826e-06 time: 0.7
  | CTM step 8 conv: 1.003e-05 time: 0.7
  | CTM step 9 conv: 1.567e-06 time: 0.69
  | CTM step 10 conv: 1.015e-06 time: 0.7
Performing CTM
  | CTM step 1 conv: 1.000e+00 time: 0.89
  | CTM step 2 conv: 1.468e-08 time: 1.06
  | CTM step 3 conv: 7.189e-09 time: 1.06
Energies: 0.5374755370787909 0.0
Norm: 0.5216634069482406
========== 
Finished basis vector 22/62 

Starting simulation of basis vector 23/62
Performing CTM pre-steps without tracking
  | CTM step 1 conv: 1.000e+00 time: 0.56
  | CTM step 2 conv: 1.000e+00 time: 0.63
  | CTM step 3 conv: 1.000e+00 time: 0.67
  | CTM step 4 conv: 1.000e+00 time: 0.7
  | CTM step 5 conv: 1.000e+00 time: 0.71
  | CTM step 6 conv: 1.000e+00 time: 0.7
  | CTM step 7 conv: 4.826e-06 time: 0.7
  | CTM step 8 conv: 1.003e-05 time: 0.7
  | CTM step 9 conv: 1.567e-06 time: 0.7
  | CTM step 10 conv: 1.015e-06 time: 0.69
Performing CTM
  | CTM step 1 conv: 1.000e+00 time: 0.9
  | CTM step 2 conv: 1.468e-08 time: 1.06
  | CTM step 3 conv: 7.189e-09 time: 1.06
Energies: 0.27635238562846 0.0
Norm: 0.19890337705172156
========== 
Finished basis vector 23/62 

Starting simulation of basis vector 24/62
Performing CTM pre-steps without tracking
  | CTM step 1 conv: 1.000e+00 time: 0.57
  | CTM step 2 conv: 1.000e+00 time: 0.63
  | CTM step 3 conv: 1.000e+00 time: 0.66
  | CTM step 4 conv: 1.000e+00 time: 0.79
  | CTM step 5 conv: 1.000e+00 time: 0.73
  | CTM step 6 conv: 1.000e+00 time: 0.71
  | CTM step 7 conv: 4.826e-06 time: 0.79
  | CTM step 8 conv: 1.003e-05 time: 0.69
  | CTM step 9 conv: 1.567e-06 time: 0.69
  | CTM step 10 conv: 1.015e-06 time: 0.69
Performing CTM
  | CTM step 1 conv: 1.000e+00 time: 0.89
  | CTM step 2 conv: 1.468e-08 time: 1.06
  | CTM step 3 conv: 7.189e-09 time: 1.05
Energies: 0.1557521287553243 0.0
Norm: 0.07111580311524099
========== 
Finished basis vector 24/62 

Starting simulation of basis vector 25/62
Performing CTM pre-steps without tracking
  | CTM step 1 conv: 1.000e+00 time: 0.56
  | CTM step 2 conv: 1.000e+00 time: 0.68
  | CTM step 3 conv: 1.000e+00 time: 0.67
  | CTM step 4 conv: 1.000e+00 time: 0.7
  | CTM step 5 conv: 1.000e+00 time: 0.7
  | CTM step 6 conv: 1.000e+00 time: 0.71
  | CTM step 7 conv: 4.826e-06 time: 0.76
  | CTM step 8 conv: 1.003e-05 time: 0.69
  | CTM step 9 conv: 1.567e-06 time: 0.69
  | CTM step 10 conv: 1.015e-06 time: 0.69
Performing CTM
  | CTM step 1 conv: 1.000e+00 time: 0.89
  | CTM step 2 conv: 1.468e-08 time: 1.06
  | CTM step 3 conv: 7.189e-09 time: 1.05
Energies: 0.0706934419109615 0.0
Norm: 0.024588673196770404
========== 
Finished basis vector 25/62 

Starting simulation of basis vector 26/62
Performing CTM pre-steps without tracking
  | CTM step 1 conv: 1.000e+00 time: 0.56
  | CTM step 2 conv: 1.000e+00 time: 0.63
  | CTM step 3 conv: 1.000e+00 time: 0.66
  | CTM step 4 conv: 1.000e+00 time: 0.7
  | CTM step 5 conv: 1.000e+00 time: 0.7
  | CTM step 6 conv: 1.000e+00 time: 0.7
  | CTM step 7 conv: 4.826e-06 time: 0.69
  | CTM step 8 conv: 1.003e-05 time: 0.69
  | CTM step 9 conv: 1.567e-06 time: 0.69
  | CTM step 10 conv: 1.015e-06 time: 0.69
Performing CTM
  | CTM step 1 conv: 1.000e+00 time: 0.89
  | CTM step 2 conv: 1.468e-08 time: 1.06
  | CTM step 3 conv: 7.189e-09 time: 1.05
Energies: 0.29242945241781015 0.0
Norm: 0.20943253474115137
========== 
Finished basis vector 26/62 

Starting simulation of basis vector 27/62
Performing CTM pre-steps without tracking
  | CTM step 1 conv: 1.000e+00 time: 0.56
  | CTM step 2 conv: 1.000e+00 time: 0.62
  | CTM step 3 conv: 1.000e+00 time: 0.72
  | CTM step 4 conv: 1.000e+00 time: 0.69
  | CTM step 5 conv: 1.000e+00 time: 0.69
  | CTM step 6 conv: 1.000e+00 time: 0.69
  | CTM step 7 conv: 4.826e-06 time: 0.68
  | CTM step 8 conv: 1.003e-05 time: 0.72
  | CTM step 9 conv: 1.567e-06 time: 0.68
  | CTM step 10 conv: 1.015e-06 time: 0.68
Performing CTM
  | CTM step 1 conv: 1.000e+00 time: 0.89
  | CTM step 2 conv: 1.468e-08 time: 1.05
  | CTM step 3 conv: 7.189e-09 time: 1.08
Energies: 0.15551538252672126 0.0
Norm: 0.08240364662290728
========== 
Finished basis vector 27/62 

Starting simulation of basis vector 28/62
Performing CTM pre-steps without tracking
  | CTM step 1 conv: 1.000e+00 time: 0.56
  | CTM step 2 conv: 1.000e+00 time: 0.62
  | CTM step 3 conv: 1.000e+00 time: 0.65
  | CTM step 4 conv: 1.000e+00 time: 0.76
  | CTM step 5 conv: 1.000e+00 time: 0.69
  | CTM step 6 conv: 1.000e+00 time: 0.69
  | CTM step 7 conv: 4.826e-06 time: 0.69
  | CTM step 8 conv: 1.003e-05 time: 0.69
  | CTM step 9 conv: 1.567e-06 time: 0.69
  | CTM step 10 conv: 1.015e-06 time: 0.69
Performing CTM
  | CTM step 1 conv: 1.000e+00 time: 0.89
  | CTM step 2 conv: 1.468e-08 time: 1.05
  | CTM step 3 conv: 7.189e-09 time: 1.04
Energies: 0.46706825950412956 0.0
Norm: 0.23863574924832928
========== 
Finished basis vector 28/62 

Starting simulation of basis vector 29/62
Performing CTM pre-steps without tracking
  | CTM step 1 conv: 1.000e+00 time: 0.57
  | CTM step 2 conv: 1.000e+00 time: 0.63
  | CTM step 3 conv: 1.000e+00 time: 0.66
  | CTM step 4 conv: 1.000e+00 time: 0.69
  | CTM step 5 conv: 1.000e+00 time: 0.69
  | CTM step 6 conv: 1.000e+00 time: 0.69
  | CTM step 7 conv: 4.826e-06 time: 0.69
  | CTM step 8 conv: 1.003e-05 time: 0.7
  | CTM step 9 conv: 1.567e-06 time: 0.69
  | CTM step 10 conv: 1.015e-06 time: 0.7
Performing CTM
  | CTM step 1 conv: 1.000e+00 time: 0.89
  | CTM step 2 conv: 1.468e-08 time: 1.05
  | CTM step 3 conv: 7.189e-09 time: 1.05
Energies: 0.15802326970933311 0.0
Norm: 0.07561050195947606
========== 
Finished basis vector 29/62 

Starting simulation of basis vector 30/62
Performing CTM pre-steps without tracking
  | CTM step 1 conv: 1.000e+00 time: 0.56
  | CTM step 2 conv: 1.000e+00 time: 0.63
  | CTM step 3 conv: 1.000e+00 time: 0.65
  | CTM step 4 conv: 1.000e+00 time: 0.69
  | CTM step 5 conv: 1.000e+00 time: 0.69
  | CTM step 6 conv: 1.000e+00 time: 0.75
  | CTM step 7 conv: 4.826e-06 time: 0.69
  | CTM step 8 conv: 1.003e-05 time: 0.69
  | CTM step 9 conv: 1.567e-06 time: 0.69
  | CTM step 10 conv: 1.015e-06 time: 0.69
Performing CTM
  | CTM step 1 conv: 1.000e+00 time: 0.89
  | CTM step 2 conv: 1.468e-08 time: 1.05
  | CTM step 3 conv: 7.189e-09 time: 1.05
Energies: 0.5912277937820676 0.0
Norm: 0.5948371100252036
========== 
Finished basis vector 30/62 

Starting simulation of basis vector 31/62
Performing CTM pre-steps without tracking
  | CTM step 1 conv: 1.000e+00 time: 0.56
  | CTM step 2 conv: 1.000e+00 time: 0.63
  | CTM step 3 conv: 1.000e+00 time: 0.66
  | CTM step 4 conv: 1.000e+00 time: 0.8
  | CTM step 5 conv: 1.000e+00 time: 0.78
  | CTM step 6 conv: 1.000e+00 time: 0.7
  | CTM step 7 conv: 4.826e-06 time: 0.69
  | CTM step 8 conv: 1.003e-05 time: 0.69
  | CTM step 9 conv: 1.567e-06 time: 0.69
  | CTM step 10 conv: 1.015e-06 time: 0.69
Performing CTM
  | CTM step 1 conv: 1.000e+00 time: 0.9
  | CTM step 2 conv: 1.468e-08 time: 1.06
  | CTM step 3 conv: 7.189e-09 time: 1.06
Energies: 0.2676418297100227 0.0
Norm: 0.21523988207312422
========== 
Finished basis vector 31/62 

Starting simulation of basis vector 32/62
Performing CTM pre-steps without tracking
  | CTM step 1 conv: 1.000e+00 time: 0.56
  | CTM step 2 conv: 1.000e+00 time: 0.62
  | CTM step 3 conv: 1.000e+00 time: 0.75
  | CTM step 4 conv: 1.000e+00 time: 0.74
  | CTM step 5 conv: 1.000e+00 time: 0.76
  | CTM step 6 conv: 1.000e+00 time: 0.77
  | CTM step 7 conv: 4.826e-06 time: 0.7
  | CTM step 8 conv: 1.003e-05 time: 0.7
  | CTM step 9 conv: 1.567e-06 time: 0.7
  | CTM step 10 conv: 1.015e-06 time: 0.7
Performing CTM
  | CTM step 1 conv: 1.000e+00 time: 0.9
  | CTM step 2 conv: 1.468e-08 time: 1.07
  | CTM step 3 conv: 7.189e-09 time: 1.17
Energies: 0.17643624128800717 0.0
Norm: 0.09862208773215954
========== 
Finished basis vector 32/62 

Starting simulation of basis vector 33/62
Performing CTM pre-steps without tracking
  | CTM step 1 conv: 1.000e+00 time: 0.56
  | CTM step 2 conv: 1.000e+00 time: 0.62
  | CTM step 3 conv: 1.000e+00 time: 0.66
  | CTM step 4 conv: 1.000e+00 time: 0.69
  | CTM step 5 conv: 1.000e+00 time: 0.78
  | CTM step 6 conv: 1.000e+00 time: 0.69
  | CTM step 7 conv: 4.826e-06 time: 0.69
  | CTM step 8 conv: 1.003e-05 time: 0.68
  | CTM step 9 conv: 1.567e-06 time: 0.68
  | CTM step 10 conv: 1.015e-06 time: 0.68
Performing CTM
  | CTM step 1 conv: 1.000e+00 time: 0.88
  | CTM step 2 conv: 1.468e-08 time: 1.05
  | CTM step 3 conv: 7.189e-09 time: 1.05
Energies: 0.06168179176907773 0.0
Norm: 0.03547961629366569
========== 
Finished basis vector 33/62 

Starting simulation of basis vector 34/62
Performing CTM pre-steps without tracking
  | CTM step 1 conv: 1.000e+00 time: 0.57
  | CTM step 2 conv: 1.000e+00 time: 0.63
  | CTM step 3 conv: 1.000e+00 time: 0.66
  | CTM step 4 conv: 1.000e+00 time: 0.7
  | CTM step 5 conv: 1.000e+00 time: 0.91
  | CTM step 6 conv: 1.000e+00 time: 0.7
  | CTM step 7 conv: 4.826e-06 time: 0.84
  | CTM step 8 conv: 1.003e-05 time: 0.7
  | CTM step 9 conv: 1.567e-06 time: 0.7
  | CTM step 10 conv: 1.015e-06 time: 0.7
Performing CTM
  | CTM step 1 conv: 1.000e+00 time: 0.9
  | CTM step 2 conv: 1.468e-08 time: 1.06
  | CTM step 3 conv: 7.189e-09 time: 1.06
Energies: 0.24070244848711297 0.0
Norm: 0.1538271387524382
========== 
Finished basis vector 34/62 

Starting simulation of basis vector 35/62
Performing CTM pre-steps without tracking
  | CTM step 1 conv: 1.000e+00 time: 0.56
  | CTM step 2 conv: 1.000e+00 time: 0.62
  | CTM step 3 conv: 1.000e+00 time: 0.66
  | CTM step 4 conv: 1.000e+00 time: 0.69
  | CTM step 5 conv: 1.000e+00 time: 0.77
  | CTM step 6 conv: 1.000e+00 time: 0.7
  | CTM step 7 conv: 4.826e-06 time: 0.71
  | CTM step 8 conv: 1.003e-05 time: 0.69
  | CTM step 9 conv: 1.567e-06 time: 0.69
  | CTM step 10 conv: 1.015e-06 time: 0.69
Performing CTM
  | CTM step 1 conv: 1.000e+00 time: 0.9
  | CTM step 2 conv: 1.468e-08 time: 1.06
  | CTM step 3 conv: 7.189e-09 time: 1.06
Energies: 0.009201139864784519 0.0
Norm: 0.003801687596731733
========== 
Finished basis vector 35/62 

Starting simulation of basis vector 36/62
Performing CTM pre-steps without tracking
  | CTM step 1 conv: 1.000e+00 time: 0.56
  | CTM step 2 conv: 1.000e+00 time: 0.82
  | CTM step 3 conv: 1.000e+00 time: 0.66
  | CTM step 4 conv: 1.000e+00 time: 0.7
  | CTM step 5 conv: 1.000e+00 time: 0.69
  | CTM step 6 conv: 1.000e+00 time: 0.69
  | CTM step 7 conv: 4.826e-06 time: 0.68
  | CTM step 8 conv: 1.003e-05 time: 0.69
  | CTM step 9 conv: 1.567e-06 time: 0.68
  | CTM step 10 conv: 1.015e-06 time: 0.69
Performing CTM
  | CTM step 1 conv: 1.000e+00 time: 0.92
  | CTM step 2 conv: 1.468e-08 time: 1.07
  | CTM step 3 conv: 7.189e-09 time: 1.11
Energies: 0.032707120522855515 0.0
Norm: 0.01697653968353015
========== 
Finished basis vector 36/62 

Starting simulation of basis vector 37/62
Performing CTM pre-steps without tracking
  | CTM step 1 conv: 1.000e+00 time: 0.57
  | CTM step 2 conv: 1.000e+00 time: 0.77
  | CTM step 3 conv: 1.000e+00 time: 0.68
  | CTM step 4 conv: 1.000e+00 time: 0.7
  | CTM step 5 conv: 1.000e+00 time: 0.71
  | CTM step 6 conv: 1.000e+00 time: 0.7
  | CTM step 7 conv: 4.826e-06 time: 0.74
  | CTM step 8 conv: 1.003e-05 time: 0.69
  | CTM step 9 conv: 1.567e-06 time: 0.69
  | CTM step 10 conv: 1.015e-06 time: 0.69
Performing CTM
  | CTM step 1 conv: 1.000e+00 time: 0.89
  | CTM step 2 conv: 1.468e-08 time: 1.06
  | CTM step 3 conv: 7.189e-09 time: 1.04
Energies: 0.015007822344019317 0.0
Norm: 0.007187367186742318
========== 
Finished basis vector 37/62 

Starting simulation of basis vector 38/62
Performing CTM pre-steps without tracking
  | CTM step 1 conv: 1.000e+00 time: 0.56
  | CTM step 2 conv: 1.000e+00 time: 0.62
  | CTM step 3 conv: 1.000e+00 time: 0.66
  | CTM step 4 conv: 1.000e+00 time: 0.7
  | CTM step 5 conv: 1.000e+00 time: 0.7
  | CTM step 6 conv: 1.000e+00 time: 0.69
  | CTM step 7 conv: 4.826e-06 time: 0.88
  | CTM step 8 conv: 1.003e-05 time: 0.7
  | CTM step 9 conv: 1.567e-06 time: 0.7
  | CTM step 10 conv: 1.015e-06 time: 0.69
Performing CTM
  | CTM step 1 conv: 1.000e+00 time: 0.9
  | CTM step 2 conv: 1.468e-08 time: 1.06
  | CTM step 3 conv: 7.189e-09 time: 1.06
Energies: 0.058486394321708435 0.0
Norm: 0.03192303272497887
========== 
Finished basis vector 38/62 

Starting simulation of basis vector 39/62
Performing CTM pre-steps without tracking
  | CTM step 1 conv: 1.000e+00 time: 0.56
  | CTM step 2 conv: 1.000e+00 time: 0.63
  | CTM step 3 conv: 1.000e+00 time: 0.66
  | CTM step 4 conv: 1.000e+00 time: 0.78
  | CTM step 5 conv: 1.000e+00 time: 0.8
  | CTM step 6 conv: 1.000e+00 time: 0.69
  | CTM step 7 conv: 4.826e-06 time: 0.73
  | CTM step 8 conv: 1.003e-05 time: 0.68
  | CTM step 9 conv: 1.567e-06 time: 0.7
  | CTM step 10 conv: 1.015e-06 time: 0.7
Performing CTM
  | CTM step 1 conv: 1.000e+00 time: 0.9
  | CTM step 2 conv: 1.468e-08 time: 1.06
  | CTM step 3 conv: 7.189e-09 time: 1.07
Energies: 0.10647985963849216 0.0
Norm: 0.08206848145422396
========== 
Finished basis vector 39/62 

Starting simulation of basis vector 40/62
Performing CTM pre-steps without tracking
  | CTM step 1 conv: 1.000e+00 time: 0.56
  | CTM step 2 conv: 1.000e+00 time: 0.8
  | CTM step 3 conv: 1.000e+00 time: 0.66
  | CTM step 4 conv: 1.000e+00 time: 0.7
  | CTM step 5 conv: 1.000e+00 time: 0.71
  | CTM step 6 conv: 1.000e+00 time: 0.69
  | CTM step 7 conv: 4.826e-06 time: 0.7
  | CTM step 8 conv: 1.003e-05 time: 0.69
  | CTM step 9 conv: 1.567e-06 time: 0.69
  | CTM step 10 conv: 1.015e-06 time: 0.69
Performing CTM
  | CTM step 1 conv: 1.000e+00 time: 0.89
  | CTM step 2 conv: 1.468e-08 time: 1.05
  | CTM step 3 conv: 7.189e-09 time: 1.05
Energies: 0.41683626246936 0.0
Norm: 0.3551890120224746
========== 
Finished basis vector 40/62 

Starting simulation of basis vector 41/62
Performing CTM pre-steps without tracking
  | CTM step 1 conv: 1.000e+00 time: 0.56
  | CTM step 2 conv: 1.000e+00 time: 0.73
  | CTM step 3 conv: 1.000e+00 time: 0.66
  | CTM step 4 conv: 1.000e+00 time: 0.7
  | CTM step 5 conv: 1.000e+00 time: 0.71
  | CTM step 6 conv: 1.000e+00 time: 0.7
  | CTM step 7 conv: 4.826e-06 time: 0.7
  | CTM step 8 conv: 1.003e-05 time: 0.7
  | CTM step 9 conv: 1.567e-06 time: 0.7
  | CTM step 10 conv: 1.015e-06 time: 0.7
Performing CTM
  | CTM step 1 conv: 1.000e+00 time: 0.9
  | CTM step 2 conv: 1.468e-08 time: 1.07
  | CTM step 3 conv: 7.189e-09 time: 1.06
Energies: 0.15873595874528235 0.0
Norm: 0.1407757969395873
========== 
Finished basis vector 41/62 

Starting simulation of basis vector 42/62
Performing CTM pre-steps without tracking
  | CTM step 1 conv: 1.000e+00 time: 0.56
  | CTM step 2 conv: 1.000e+00 time: 0.62
  | CTM step 3 conv: 1.000e+00 time: 0.66
  | CTM step 4 conv: 1.000e+00 time: 0.77
  | CTM step 5 conv: 1.000e+00 time: 0.7
  | CTM step 6 conv: 1.000e+00 time: 0.7
  | CTM step 7 conv: 4.826e-06 time: 0.7
  | CTM step 8 conv: 1.003e-05 time: 0.69
  | CTM step 9 conv: 1.567e-06 time: 0.69
  | CTM step 10 conv: 1.015e-06 time: 0.73
Performing CTM
  | CTM step 1 conv: 1.000e+00 time: 0.89
  | CTM step 2 conv: 1.468e-08 time: 1.06
  | CTM step 3 conv: 7.189e-09 time: 1.06
Energies: 0.5634636929131673 0.0
Norm: 0.5922026042502269
========== 
Finished basis vector 42/62 

Starting simulation of basis vector 43/62
Performing CTM pre-steps without tracking
  | CTM step 1 conv: 1.000e+00 time: 0.57
  | CTM step 2 conv: 1.000e+00 time: 0.8
  | CTM step 3 conv: 1.000e+00 time: 0.66
  | CTM step 4 conv: 1.000e+00 time: 0.7
  | CTM step 5 conv: 1.000e+00 time: 0.69
  | CTM step 6 conv: 1.000e+00 time: 0.69
  | CTM step 7 conv: 4.826e-06 time: 0.69
  | CTM step 8 conv: 1.003e-05 time: 0.69
  | CTM step 9 conv: 1.567e-06 time: 0.69
  | CTM step 10 conv: 1.015e-06 time: 0.74
Performing CTM
  | CTM step 1 conv: 1.000e+00 time: 0.89
  | CTM step 2 conv: 1.468e-08 time: 1.06
  | CTM step 3 conv: 7.189e-09 time: 1.05
Energies: 0.02932844606840601 0.0
Norm: 0.01758233947563236
========== 
Finished basis vector 43/62 

Starting simulation of basis vector 44/62
Performing CTM pre-steps without tracking
  | CTM step 1 conv: 1.000e+00 time: 0.56
  | CTM step 2 conv: 1.000e+00 time: 0.62
  | CTM step 3 conv: 1.000e+00 time: 0.65
  | CTM step 4 conv: 1.000e+00 time: 0.68
  | CTM step 5 conv: 1.000e+00 time: 0.69
  | CTM step 6 conv: 1.000e+00 time: 0.79
  | CTM step 7 conv: 4.826e-06 time: 0.68
  | CTM step 8 conv: 1.003e-05 time: 0.68
  | CTM step 9 conv: 1.567e-06 time: 0.68
  | CTM step 10 conv: 1.015e-06 time: 0.68
Performing CTM
  | CTM step 1 conv: 1.000e+00 time: 0.89
  | CTM step 2 conv: 1.468e-08 time: 1.05
  | CTM step 3 conv: 7.189e-09 time: 1.04
Energies: 0.10315281410260457 0.0
Norm: 0.07414765224798225
========== 
Finished basis vector 44/62 

Starting simulation of basis vector 45/62
Performing CTM pre-steps without tracking
  | CTM step 1 conv: 1.000e+00 time: 0.56
  | CTM step 2 conv: 1.000e+00 time: 0.62
  | CTM step 3 conv: 1.000e+00 time: 0.65
  | CTM step 4 conv: 1.000e+00 time: 0.8
  | CTM step 5 conv: 1.000e+00 time: 0.69
  | CTM step 6 conv: 1.000e+00 time: 0.69
  | CTM step 7 conv: 4.826e-06 time: 0.69
  | CTM step 8 conv: 1.003e-05 time: 0.68
  | CTM step 9 conv: 1.567e-06 time: 0.79
  | CTM step 10 conv: 1.015e-06 time: 0.69
Performing CTM
  | CTM step 1 conv: 1.000e+00 time: 0.9
  | CTM step 2 conv: 1.468e-08 time: 1.06
  | CTM step 3 conv: 7.189e-09 time: 1.06
Energies: 0.04552039807024899 0.0
Norm: 0.03071575983627405
========== 
Finished basis vector 45/62 

Starting simulation of basis vector 46/62
Performing CTM pre-steps without tracking
  | CTM step 1 conv: 1.000e+00 time: 0.57
  | CTM step 2 conv: 1.000e+00 time: 0.63
  | CTM step 3 conv: 1.000e+00 time: 0.66
  | CTM step 4 conv: 1.000e+00 time: 0.78
  | CTM step 5 conv: 1.000e+00 time: 0.7
  | CTM step 6 conv: 1.000e+00 time: 0.77
  | CTM step 7 conv: 4.826e-06 time: 0.69
  | CTM step 8 conv: 1.003e-05 time: 0.69
  | CTM step 9 conv: 1.567e-06 time: 0.69
  | CTM step 10 conv: 1.015e-06 time: 0.69
Performing CTM
  | CTM step 1 conv: 1.000e+00 time: 0.89
  | CTM step 2 conv: 1.468e-08 time: 1.06
  | CTM step 3 conv: 7.189e-09 time: 1.05
Energies: 0.15500792787640272 0.0
Norm: 0.12685107973556053
========== 
Finished basis vector 46/62 

Starting simulation of basis vector 47/62
Performing CTM pre-steps without tracking
  | CTM step 1 conv: 1.000e+00 time: 0.56
  | CTM step 2 conv: 1.000e+00 time: 0.62
  | CTM step 3 conv: 1.000e+00 time: 0.65
  | CTM step 4 conv: 1.000e+00 time: 0.69
  | CTM step 5 conv: 1.000e+00 time: 0.69
  | CTM step 6 conv: 1.000e+00 time: 0.7
  | CTM step 7 conv: 4.826e-06 time: 0.73
  | CTM step 8 conv: 1.003e-05 time: 0.69
  | CTM step 9 conv: 1.567e-06 time: 0.69
  | CTM step 10 conv: 1.015e-06 time: 0.69
Performing CTM
  | CTM step 1 conv: 1.000e+00 time: 0.89
  | CTM step 2 conv: 1.468e-08 time: 1.06
  | CTM step 3 conv: 7.189e-09 time: 1.05
Energies: 0.035381228731161674 0.0
Norm: 0.024469904396507414
========== 
Finished basis vector 47/62 

Starting simulation of basis vector 48/62
Performing CTM pre-steps without tracking
  | CTM step 1 conv: 1.000e+00 time: 0.56
  | CTM step 2 conv: 1.000e+00 time: 0.62
  | CTM step 3 conv: 1.000e+00 time: 0.65
  | CTM step 4 conv: 1.000e+00 time: 0.69
  | CTM step 5 conv: 1.000e+00 time: 0.7
  | CTM step 6 conv: 1.000e+00 time: 0.81
  | CTM step 7 conv: 4.826e-06 time: 0.73
  | CTM step 8 conv: 1.003e-05 time: 0.68
  | CTM step 9 conv: 1.567e-06 time: 0.68
  | CTM step 10 conv: 1.015e-06 time: 0.68
Performing CTM
  | CTM step 1 conv: 1.000e+00 time: 0.88
  | CTM step 2 conv: 1.468e-08 time: 1.05
  | CTM step 3 conv: 7.189e-09 time: 1.05
Energies: 0.14157102358530604 0.0
Norm: 0.10329299583568011
========== 
Finished basis vector 48/62 

Starting simulation of basis vector 49/62
Performing CTM pre-steps without tracking
  | CTM step 1 conv: 1.000e+00 time: 0.56
  | CTM step 2 conv: 1.000e+00 time: 0.63
  | CTM step 3 conv: 1.000e+00 time: 0.65
  | CTM step 4 conv: 1.000e+00 time: 0.69
  | CTM step 5 conv: 1.000e+00 time: 0.69
  | CTM step 6 conv: 1.000e+00 time: 0.7
  | CTM step 7 conv: 4.826e-06 time: 0.72
  | CTM step 8 conv: 1.003e-05 time: 0.79
  | CTM step 9 conv: 1.567e-06 time: 0.73
  | CTM step 10 conv: 1.015e-06 time: 0.69
Performing CTM
  | CTM step 1 conv: 1.000e+00 time: 0.89
  | CTM step 2 conv: 1.468e-08 time: 1.06
  | CTM step 3 conv: 7.189e-09 time: 1.05
Energies: 0.012553983950658099 0.0
Norm: 0.014601430700999576
========== 
Finished basis vector 49/62 

Starting simulation of basis vector 50/62
Performing CTM pre-steps without tracking
  | CTM step 1 conv: 1.000e+00 time: 0.57
  | CTM step 2 conv: 1.000e+00 time: 0.63
  | CTM step 3 conv: 1.000e+00 time: 0.66
  | CTM step 4 conv: 1.000e+00 time: 0.79
  | CTM step 5 conv: 1.000e+00 time: 0.7
  | CTM step 6 conv: 1.000e+00 time: 0.69
  | CTM step 7 conv: 4.826e-06 time: 0.69
  | CTM step 8 conv: 1.003e-05 time: 0.69
  | CTM step 9 conv: 1.567e-06 time: 0.69
  | CTM step 10 conv: 1.015e-06 time: 0.69
Performing CTM
  | CTM step 1 conv: 1.000e+00 time: 0.89
  | CTM step 2 conv: 1.468e-08 time: 1.06
  | CTM step 3 conv: 7.189e-09 time: 1.06
Energies: 0.033795996620620716 0.0
Norm: 0.05373002986447817
========== 
Finished basis vector 50/62 

Starting simulation of basis vector 51/62
Performing CTM pre-steps without tracking
  | CTM step 1 conv: 1.000e+00 time: 0.57
  | CTM step 2 conv: 1.000e+00 time: 0.63
  | CTM step 3 conv: 1.000e+00 time: 0.66
  | CTM step 4 conv: 1.000e+00 time: 0.69
  | CTM step 5 conv: 1.000e+00 time: 0.7
  | CTM step 6 conv: 1.000e+00 time: 0.69
  | CTM step 7 conv: 4.826e-06 time: 0.72
  | CTM step 8 conv: 1.003e-05 time: 0.69
  | CTM step 9 conv: 1.567e-06 time: 0.68
  | CTM step 10 conv: 1.015e-06 time: 0.69
Performing CTM
  | CTM step 1 conv: 1.000e+00 time: 0.88
  | CTM step 2 conv: 1.468e-08 time: 1.05
  | CTM step 3 conv: 7.189e-09 time: 1.05
Energies: 0.01106068514473249 0.0
Norm: 0.005406274026380277
========== 
Finished basis vector 51/62 

Starting simulation of basis vector 52/62
Performing CTM pre-steps without tracking
  | CTM step 1 conv: 1.000e+00 time: 0.56
  | CTM step 2 conv: 1.000e+00 time: 0.62
  | CTM step 3 conv: 1.000e+00 time: 0.65
  | CTM step 4 conv: 1.000e+00 time: 0.79
  | CTM step 5 conv: 1.000e+00 time: 0.69
  | CTM step 6 conv: 1.000e+00 time: 0.69
  | CTM step 7 conv: 4.826e-06 time: 0.69
  | CTM step 8 conv: 1.003e-05 time: 0.68
  | CTM step 9 conv: 1.567e-06 time: 0.68
  | CTM step 10 conv: 1.015e-06 time: 0.68
Performing CTM
  | CTM step 1 conv: 1.000e+00 time: 0.88
  | CTM step 2 conv: 1.468e-08 time: 1.05
  | CTM step 3 conv: 7.189e-09 time: 1.04
Energies: 0.03315630673080716 0.0
Norm: 0.022052103453857882
========== 
Finished basis vector 52/62 

Starting simulation of basis vector 53/62
Performing CTM pre-steps without tracking
  | CTM step 1 conv: 1.000e+00 time: 0.56
  | CTM step 2 conv: 1.000e+00 time: 0.62
  | CTM step 3 conv: 1.000e+00 time: 0.65
  | CTM step 4 conv: 1.000e+00 time: 0.7
  | CTM step 5 conv: 1.000e+00 time: 0.69
  | CTM step 6 conv: 1.000e+00 time: 0.71
  | CTM step 7 conv: 4.826e-06 time: 0.68
  | CTM step 8 conv: 1.003e-05 time: 0.68
  | CTM step 9 conv: 1.567e-06 time: 0.68
  | CTM step 10 conv: 1.015e-06 time: 0.68
Performing CTM
  | CTM step 1 conv: 1.000e+00 time: 0.89
  | CTM step 2 conv: 1.468e-08 time: 1.05
  | CTM step 3 conv: 7.189e-09 time: 1.05
Energies: 0.010354129179933863 0.0
Norm: 0.004152628295889267
========== 
Finished basis vector 53/62 

Starting simulation of basis vector 54/62
Performing CTM pre-steps without tracking
  | CTM step 1 conv: 1.000e+00 time: 0.56
  | CTM step 2 conv: 1.000e+00 time: 0.62
  | CTM step 3 conv: 1.000e+00 time: 0.65
  | CTM step 4 conv: 1.000e+00 time: 0.7
  | CTM step 5 conv: 1.000e+00 time: 0.69
  | CTM step 6 conv: 1.000e+00 time: 0.69
  | CTM step 7 conv: 4.826e-06 time: 0.68
  | CTM step 8 conv: 1.003e-05 time: 0.68
  | CTM step 9 conv: 1.567e-06 time: 0.77
  | CTM step 10 conv: 1.015e-06 time: 0.86
Performing CTM
  | CTM step 1 conv: 1.000e+00 time: 0.9
  | CTM step 2 conv: 1.468e-08 time: 1.07
  | CTM step 3 conv: 7.189e-09 time: 1.06
Energies: 0.015321888202336376 0.0
Norm: 0.014540987133475953
========== 
Finished basis vector 54/62 

Starting simulation of basis vector 55/62
Performing CTM pre-steps without tracking
  | CTM step 1 conv: 1.000e+00 time: 0.57
  | CTM step 2 conv: 1.000e+00 time: 0.74
  | CTM step 3 conv: 1.000e+00 time: 0.66
  | CTM step 4 conv: 1.000e+00 time: 0.7
  | CTM step 5 conv: 1.000e+00 time: 0.69
  | CTM step 6 conv: 1.000e+00 time: 0.69
  | CTM step 7 conv: 4.826e-06 time: 0.72
  | CTM step 8 conv: 1.003e-05 time: 0.69
  | CTM step 9 conv: 1.567e-06 time: 0.69
  | CTM step 10 conv: 1.015e-06 time: 0.69
Performing CTM
  | CTM step 1 conv: 1.000e+00 time: 0.89
  | CTM step 2 conv: 1.468e-08 time: 1.06
  | CTM step 3 conv: 7.189e-09 time: 1.05
Energies: 0.021669998565521098 0.0
Norm: 0.03135846069871583
========== 
Finished basis vector 55/62 

Starting simulation of basis vector 56/62
Performing CTM pre-steps without tracking
  | CTM step 1 conv: 1.000e+00 time: 0.56
  | CTM step 2 conv: 1.000e+00 time: 0.73
  | CTM step 3 conv: 1.000e+00 time: 0.65
  | CTM step 4 conv: 1.000e+00 time: 0.69
  | CTM step 5 conv: 1.000e+00 time: 0.69
  | CTM step 6 conv: 1.000e+00 time: 0.68
  | CTM step 7 conv: 4.826e-06 time: 0.7
  | CTM step 8 conv: 1.003e-05 time: 0.7
  | CTM step 9 conv: 1.567e-06 time: 0.69
  | CTM step 10 conv: 1.015e-06 time: 0.73
Performing CTM
  | CTM step 1 conv: 1.000e+00 time: 0.89
  | CTM step 2 conv: 1.468e-08 time: 1.06
  | CTM step 3 conv: 7.189e-09 time: 1.05
Energies: 0.07331257019061077 0.0
Norm: 0.09881805000111663
========== 
Finished basis vector 56/62 

Starting simulation of basis vector 57/62
Performing CTM pre-steps without tracking
  | CTM step 1 conv: 1.000e+00 time: 0.56
  | CTM step 2 conv: 1.000e+00 time: 0.62
  | CTM step 3 conv: 1.000e+00 time: 0.65
  | CTM step 4 conv: 1.000e+00 time: 0.7
  | CTM step 5 conv: 1.000e+00 time: 0.7
  | CTM step 6 conv: 1.000e+00 time: 0.69
  | CTM step 7 conv: 4.826e-06 time: 0.68
  | CTM step 8 conv: 1.003e-05 time: 0.68
  | CTM step 9 conv: 1.567e-06 time: 0.68
  | CTM step 10 conv: 1.015e-06 time: 0.68
Performing CTM
  | CTM step 1 conv: 1.000e+00 time: 0.88
  | CTM step 2 conv: 1.468e-08 time: 1.05
  | CTM step 3 conv: 7.189e-09 time: 1.04
Energies: 0.035960848993357386 0.0
Norm: 0.044101598677942534
========== 
Finished basis vector 57/62 

Starting simulation of basis vector 58/62
Performing CTM pre-steps without tracking
  | CTM step 1 conv: 1.000e+00 time: 0.56
  | CTM step 2 conv: 1.000e+00 time: 0.63
  | CTM step 3 conv: 1.000e+00 time: 0.66
  | CTM step 4 conv: 1.000e+00 time: 0.69
  | CTM step 5 conv: 1.000e+00 time: 0.69
  | CTM step 6 conv: 1.000e+00 time: 0.73
  | CTM step 7 conv: 4.826e-06 time: 0.7
  | CTM step 8 conv: 1.003e-05 time: 0.68
  | CTM step 9 conv: 1.567e-06 time: 0.68
  | CTM step 10 conv: 1.015e-06 time: 0.68
Performing CTM
  | CTM step 1 conv: 1.000e+00 time: 0.9
  | CTM step 2 conv: 1.468e-08 time: 1.05
  | CTM step 3 conv: 7.189e-09 time: 1.05
Energies: 0.12717698273849098 0.0
Norm: 0.12075835928539418
========== 
Finished basis vector 58/62 

Starting simulation of basis vector 59/62
Performing CTM pre-steps without tracking
  | CTM step 1 conv: 1.000e+00 time: 0.56
  | CTM step 2 conv: 1.000e+00 time: 0.62
  | CTM step 3 conv: 1.000e+00 time: 0.65
  | CTM step 4 conv: 1.000e+00 time: 0.82
  | CTM step 5 conv: 1.000e+00 time: 0.69
  | CTM step 6 conv: 1.000e+00 time: 0.7
  | CTM step 7 conv: 4.826e-06 time: 0.69
  | CTM step 8 conv: 1.003e-05 time: 0.73
  | CTM step 9 conv: 1.567e-06 time: 0.69
  | CTM step 10 conv: 1.015e-06 time: 0.69
Performing CTM
  | CTM step 1 conv: 1.000e+00 time: 0.89
  | CTM step 2 conv: 1.468e-08 time: 1.05
  | CTM step 3 conv: 7.189e-09 time: 1.06
Energies: 0.04177822250009067 0.0
Norm: 0.011306854464313256
========== 
Finished basis vector 59/62 

Starting simulation of basis vector 60/62
Performing CTM pre-steps without tracking
  | CTM step 1 conv: 1.000e+00 time: 0.56
  | CTM step 2 conv: 1.000e+00 time: 0.62
  | CTM step 3 conv: 1.000e+00 time: 0.66
  | CTM step 4 conv: 1.000e+00 time: 0.69
  | CTM step 5 conv: 1.000e+00 time: 0.69
  | CTM step 6 conv: 1.000e+00 time: 0.69
  | CTM step 7 conv: 4.826e-06 time: 0.76
  | CTM step 8 conv: 1.003e-05 time: 0.68
  | CTM step 9 conv: 1.567e-06 time: 0.68
  | CTM step 10 conv: 1.015e-06 time: 0.68
Performing CTM
  | CTM step 1 conv: 1.000e+00 time: 0.88
  | CTM step 2 conv: 1.468e-08 time: 1.05
  | CTM step 3 conv: 7.189e-09 time: 1.04
Energies: 0.0242619660328518 0.0
Norm: 0.032510134835655034
========== 
Finished basis vector 60/62 

Starting simulation of basis vector 61/62
Performing CTM pre-steps without tracking
  | CTM step 1 conv: 1.000e+00 time: 0.56
  | CTM step 2 conv: 1.000e+00 time: 0.63
  | CTM step 3 conv: 1.000e+00 time: 0.65
  | CTM step 4 conv: 1.000e+00 time: 0.69
  | CTM step 5 conv: 1.000e+00 time: 0.68
  | CTM step 6 conv: 1.000e+00 time: 0.69
  | CTM step 7 conv: 4.826e-06 time: 0.69
  | CTM step 8 conv: 1.003e-05 time: 0.69
  | CTM step 9 conv: 1.567e-06 time: 0.68
  | CTM step 10 conv: 1.015e-06 time: 0.68
Performing CTM
  | CTM step 1 conv: 1.000e+00 time: 0.89
  | CTM step 2 conv: 1.468e-08 time: 1.05
  | CTM step 3 conv: 7.189e-09 time: 1.05
Energies: 0.08421187091555304 0.0
Norm: 0.019112171820509657
========== 
Finished basis vector 61/62 

Starting simulation of basis vector 62/62
Performing CTM pre-steps without tracking
  | CTM step 1 conv: 1.000e+00 time: 0.56
  | CTM step 2 conv: 1.000e+00 time: 0.62
  | CTM step 3 conv: 1.000e+00 time: 0.65
  | CTM step 4 conv: 1.000e+00 time: 0.76
  | CTM step 5 conv: 1.000e+00 time: 0.69
  | CTM step 6 conv: 1.000e+00 time: 0.69
  | CTM step 7 conv: 4.826e-06 time: 0.69
  | CTM step 8 conv: 1.003e-05 time: 0.68
  | CTM step 9 conv: 1.567e-06 time: 0.68
  | CTM step 10 conv: 1.015e-06 time: 0.68
Performing CTM
  | CTM step 1 conv: 1.000e+00 time: 0.89
  | CTM step 2 conv: 1.468e-08 time: 1.05
  | CTM step 3 conv: 7.189e-09 time: 1.05
Energies: 0.040733245874613244 0.0
Norm: 0.04970586266893523
========== 
Finished basis vector 62/62 

[[ 9.98807016e-02-2.03545115e-06j -1.41675317e-02-6.18183004e-04j
  -1.51623411e-02-7.68234036e-05j ...  9.46107479e-05+4.12183182e-04j
  -7.71276348e-04-4.94514740e-04j  3.40810510e-04+5.81816969e-04j]
 [-1.59912210e-02+1.50175601e-03j  2.71790647e-01+6.65551602e-02j
   2.15419194e-01+6.36180845e-02j ...  4.41251865e-02+3.86079590e-02j
  -9.88706600e-02-4.51238313e-02j  8.94416161e-02+5.58101800e-02j]
 [-1.63842418e-02+2.40834367e-05j  2.09810584e-01+2.33453677e-02j
   2.57868309e-01+8.89585685e-03j ...  7.79331673e-02+8.21171200e-03j
  -1.17962301e-01-5.50479927e-03j  1.24836652e-01+1.17708844e-02j]
 ...
 [ 1.63183447e-04+5.55125609e-04j  5.24627464e-02+3.39542347e-02j
   8.74955450e-02+3.29633296e-02j ...  9.62990417e-02+1.95045220e-02j
  -4.65239196e-02-2.42765920e-02j  1.57373343e-02+2.89555128e-02j]
 [-3.77303677e-04-1.50022057e-04j -9.21285745e-02-1.27024882e-02j
  -1.14924015e-01-5.45522409e-03j ... -3.61314319e-02-3.83808095e-03j
   9.53941398e-02+3.72214548e-03j -1.06194938e-01-6.13534889e-03j]
 [ 3.40420613e-04+8.22349617e-04j  9.47847891e-02+5.26162716e-02j
   1.33044074e-01+4.84662065e-02j ...  1.48387276e-02+2.62229080e-02j
  -1.19720433e-01-3.26735980e-02j  1.36160943e-01+3.89930041e-02j]]
[[ 0.05067929+1.07125521e-10j  0.01030246-8.74387957e-04j
   0.00381388-7.54780327e-05j ... -0.00255785-2.38392197e-04j
   0.00175442+1.08070743e-04j -0.00374282-3.42161308e-04j]
 [ 0.01030247+8.74396806e-04j  0.12972747-8.24276133e-09j
   0.0881314 +1.98372558e-02j ...  0.03172846+3.29886291e-03j
  -0.02925395-1.34147003e-02j  0.03749925+3.82499267e-03j]
 [ 0.00381389+7.54803074e-05j  0.0881314 -1.98372622e-02j
   0.09134002-2.43101281e-09j ...  0.03387964-1.03292053e-02j
  -0.03571079+1.33804602e-04j  0.0424157 -1.48862368e-02j]
 ...
 [-0.00255783+2.38405631e-04j  0.03172844-3.29887641e-03j
   0.03387963+1.03291961e-02j ...  0.06502027+4.35550975e-08j
  -0.00231933-6.72498392e-03j -0.01116545+2.36352375e-04j]
 [ 0.0017544 -1.08070981e-04j -0.02925396+1.34147286e-02j
  -0.03571078-1.33787829e-04j ... -0.00231941+6.72501779e-03j
   0.03822434+5.02891666e-09j -0.05675447+9.43508859e-03j]
 [-0.0037428 +3.42180621e-04j  0.03749923-3.82501217e-03j
   0.04241568+1.48862155e-02j ... -0.01116539-2.36330172e-04j
  -0.05675451-9.43506206e-03j  0.09941173-5.89238131e-08j]]
Done
Saved to /share/home/tanyi/ad-peps/simulations/exci/11_honey_brick_D2_X30/9_1.0_0.88889.npz
