No GPU/TPU found, falling back to CPU. (Set TF_CPP_MIN_LOG_LEVEL=0 and rerun for more info.)
Namespace(version=False, sim_mode='exci', config_file='honey_brick_exci.yaml', momentum_ix=27, evaluate=False, init=False)
Running excited-state sim
honey_brick_exci.yaml
/share/home/tanyi/ad-peps/examples/honey_brick_exci.yaml
/share/home/tanyi/ad-peps/examples/honey_brick_exci.yaml
D: 2
chi: 30
ctm_conv_tol: 1.0e-06
ctm_max_iter: 20
ctm_min_iter: 4
disp_level: 1
flush_output: true
model: honey_brick
model_params:
  Jx: 1
  Jy: 1
momentum_path: Bril1
out_prefix: 11
pattern:
- - 0
  - 1
- - 1
  - 0
resume: true

Starting simulation of basis vector 1/62
Performing CTM pre-steps without tracking
  | CTM step 1 conv: 1.000e+00 time: 2.92
  | CTM step 2 conv: 1.000e+00 time: 3.52
  | CTM step 3 conv: 1.000e+00 time: 8.36
  | CTM step 4 conv: 1.000e+00 time: 9.8
  | CTM step 5 conv: 1.000e+00 time: 6.09
  | CTM step 6 conv: 1.000e+00 time: 4.86
  | CTM step 7 conv: 4.826e-06 time: 3.34
  | CTM step 8 conv: 1.003e-05 time: 2.44
  | CTM step 9 conv: 1.567e-06 time: 1.49
  | CTM step 10 conv: 1.015e-06 time: 0.71
Performing CTM
  | CTM step 1 conv: 1.000e+00 time: 1.96
  | CTM step 2 conv: 1.468e-08 time: 1.26
  | CTM step 3 conv: 7.189e-09 time: 1.09
Energies: 0.05035430884151837 0.0
Norm: 0.025299275697624312
========== 
Finished basis vector 1/62 

Starting simulation of basis vector 2/62
Performing CTM pre-steps without tracking
  | CTM step 1 conv: 1.000e+00 time: 0.59
  | CTM step 2 conv: 1.000e+00 time: 0.66
  | CTM step 3 conv: 1.000e+00 time: 0.72
  | CTM step 4 conv: 1.000e+00 time: 0.73
  | CTM step 5 conv: 1.000e+00 time: 0.73
  | CTM step 6 conv: 1.000e+00 time: 0.73
  | CTM step 7 conv: 4.826e-06 time: 0.71
  | CTM step 8 conv: 1.003e-05 time: 0.74
  | CTM step 9 conv: 1.567e-06 time: 0.72
  | CTM step 10 conv: 1.015e-06 time: 0.76
Performing CTM
  | CTM step 1 conv: 1.000e+00 time: 0.92
  | CTM step 2 conv: 1.468e-08 time: 1.14
  | CTM step 3 conv: 7.189e-09 time: 1.08
Energies: 0.3258332051518442 0.0
Norm: 0.04614358601491467
========== 
Finished basis vector 2/62 

Starting simulation of basis vector 3/62
Performing CTM pre-steps without tracking
  | CTM step 1 conv: 1.000e+00 time: 0.6
  | CTM step 2 conv: 1.000e+00 time: 0.66
  | CTM step 3 conv: 1.000e+00 time: 0.69
  | CTM step 4 conv: 1.000e+00 time: 0.8
  | CTM step 5 conv: 1.000e+00 time: 0.73
  | CTM step 6 conv: 1.000e+00 time: 0.73
  | CTM step 7 conv: 4.826e-06 time: 0.77
  | CTM step 8 conv: 1.003e-05 time: 0.71
  | CTM step 9 conv: 1.567e-06 time: 0.71
  | CTM step 10 conv: 1.015e-06 time: 0.71
Performing CTM
  | CTM step 1 conv: 1.000e+00 time: 0.92
  | CTM step 2 conv: 1.468e-08 time: 1.1
  | CTM step 3 conv: 7.189e-09 time: 1.09
Energies: -0.3718372490241615 0.0
Norm: 0.029742227869264812
========== 
Finished basis vector 3/62 

Starting simulation of basis vector 4/62
Performing CTM pre-steps without tracking
  | CTM step 1 conv: 1.000e+00 time: 0.58
  | CTM step 2 conv: 1.000e+00 time: 0.65
  | CTM step 3 conv: 1.000e+00 time: 0.69
  | CTM step 4 conv: 1.000e+00 time: 0.72
  | CTM step 5 conv: 1.000e+00 time: 0.72
  | CTM step 6 conv: 1.000e+00 time: 0.75
  | CTM step 7 conv: 4.826e-06 time: 0.7
  | CTM step 8 conv: 1.003e-05 time: 0.7
  | CTM step 9 conv: 1.567e-06 time: 0.7
  | CTM step 10 conv: 1.015e-06 time: 0.7
Performing CTM
  | CTM step 1 conv: 1.000e+00 time: 0.91
  | CTM step 2 conv: 1.468e-08 time: 1.07
  | CTM step 3 conv: 7.189e-09 time: 1.07
Energies: 0.20366359198644357 0.0
Norm: 0.18118045354782572
========== 
Finished basis vector 4/62 

Starting simulation of basis vector 5/62
Performing CTM pre-steps without tracking
  | CTM step 1 conv: 1.000e+00 time: 0.58
  | CTM step 2 conv: 1.000e+00 time: 0.64
  | CTM step 3 conv: 1.000e+00 time: 0.7
  | CTM step 4 conv: 1.000e+00 time: 0.73
  | CTM step 5 conv: 1.000e+00 time: 0.72
  | CTM step 6 conv: 1.000e+00 time: 0.71
  | CTM step 7 conv: 4.826e-06 time: 0.71
  | CTM step 8 conv: 1.003e-05 time: 0.71
  | CTM step 9 conv: 1.567e-06 time: 0.7
  | CTM step 10 conv: 1.015e-06 time: 0.7
Performing CTM
  | CTM step 1 conv: 1.000e+00 time: 0.9
  | CTM step 2 conv: 1.468e-08 time: 1.07
  | CTM step 3 conv: 7.189e-09 time: 1.07
Energies: 0.0998556736131202 0.0
Norm: 0.06786652250673599
========== 
Finished basis vector 5/62 

Starting simulation of basis vector 6/62
Performing CTM pre-steps without tracking
  | CTM step 1 conv: 1.000e+00 time: 0.57
  | CTM step 2 conv: 1.000e+00 time: 0.64
  | CTM step 3 conv: 1.000e+00 time: 0.67
  | CTM step 4 conv: 1.000e+00 time: 0.83
  | CTM step 5 conv: 1.000e+00 time: 0.73
  | CTM step 6 conv: 1.000e+00 time: 0.72
  | CTM step 7 conv: 4.826e-06 time: 0.72
  | CTM step 8 conv: 1.003e-05 time: 0.86
  | CTM step 9 conv: 1.567e-06 time: 0.72
  | CTM step 10 conv: 1.015e-06 time: 0.72
Performing CTM
  | CTM step 1 conv: 1.000e+00 time: 0.92
  | CTM step 2 conv: 1.468e-08 time: 1.09
  | CTM step 3 conv: 7.189e-09 time: 1.17
Energies: -0.3257113686646864 0.0
Norm: 0.1089689594702571
========== 
Finished basis vector 6/62 

Starting simulation of basis vector 7/62
Performing CTM pre-steps without tracking
  | CTM step 1 conv: 1.000e+00 time: 0.59
  | CTM step 2 conv: 1.000e+00 time: 0.65
  | CTM step 3 conv: 1.000e+00 time: 0.69
  | CTM step 4 conv: 1.000e+00 time: 0.72
  | CTM step 5 conv: 1.000e+00 time: 0.72
  | CTM step 6 conv: 1.000e+00 time: 0.75
  | CTM step 7 conv: 4.826e-06 time: 0.72
  | CTM step 8 conv: 1.003e-05 time: 0.72
  | CTM step 9 conv: 1.567e-06 time: 0.74
  | CTM step 10 conv: 1.015e-06 time: 0.71
Performing CTM
  | CTM step 1 conv: 1.000e+00 time: 0.91
  | CTM step 2 conv: 1.468e-08 time: 1.08
  | CTM step 3 conv: 7.189e-09 time: 1.07
Energies: 0.34784587547551293 0.0
Norm: 0.033321018197976074
========== 
Finished basis vector 7/62 

Starting simulation of basis vector 8/62
Performing CTM pre-steps without tracking
  | CTM step 1 conv: 1.000e+00 time: 0.58
  | CTM step 2 conv: 1.000e+00 time: 0.65
  | CTM step 3 conv: 1.000e+00 time: 0.69
  | CTM step 4 conv: 1.000e+00 time: 0.74
  | CTM step 5 conv: 1.000e+00 time: 0.76
  | CTM step 6 conv: 1.000e+00 time: 0.72
  | CTM step 7 conv: 4.826e-06 time: 0.71
  | CTM step 8 conv: 1.003e-05 time: 0.71
  | CTM step 9 conv: 1.567e-06 time: 0.71
  | CTM step 10 conv: 1.015e-06 time: 0.71
Performing CTM
  | CTM step 1 conv: 1.000e+00 time: 0.92
  | CTM step 2 conv: 1.468e-08 time: 1.08
  | CTM step 3 conv: 7.189e-09 time: 1.18
Energies: 0.11140101520472045 0.0
Norm: 0.07383388969727664
========== 
Finished basis vector 8/62 

Starting simulation of basis vector 9/62
Performing CTM pre-steps without tracking
  | CTM step 1 conv: 1.000e+00 time: 0.59
  | CTM step 2 conv: 1.000e+00 time: 0.66
  | CTM step 3 conv: 1.000e+00 time: 0.7
  | CTM step 4 conv: 1.000e+00 time: 0.73
  | CTM step 5 conv: 1.000e+00 time: 0.72
  | CTM step 6 conv: 1.000e+00 time: 0.72
  | CTM step 7 conv: 4.826e-06 time: 0.71
  | CTM step 8 conv: 1.003e-05 time: 0.77
  | CTM step 9 conv: 1.567e-06 time: 0.74
  | CTM step 10 conv: 1.015e-06 time: 0.75
Performing CTM
  | CTM step 1 conv: 1.000e+00 time: 0.92
  | CTM step 2 conv: 1.468e-08 time: 1.09
  | CTM step 3 conv: 7.189e-09 time: 1.08
Energies: 0.05153548563450627 0.0
Norm: 0.027986631237536443
========== 
Finished basis vector 9/62 

Starting simulation of basis vector 10/62
Performing CTM pre-steps without tracking
  | CTM step 1 conv: 1.000e+00 time: 0.58
  | CTM step 2 conv: 1.000e+00 time: 0.64
  | CTM step 3 conv: 1.000e+00 time: 0.68
  | CTM step 4 conv: 1.000e+00 time: 0.72
  | CTM step 5 conv: 1.000e+00 time: 0.71
  | CTM step 6 conv: 1.000e+00 time: 0.75
  | CTM step 7 conv: 4.826e-06 time: 0.7
  | CTM step 8 conv: 1.003e-05 time: 0.79
  | CTM step 9 conv: 1.567e-06 time: 0.71
  | CTM step 10 conv: 1.015e-06 time: 0.71
Performing CTM
  | CTM step 1 conv: 1.000e+00 time: 0.91
  | CTM step 2 conv: 1.468e-08 time: 1.08
  | CTM step 3 conv: 7.189e-09 time: 1.13
Energies: 0.44046807868751214 0.0
Norm: 0.07207172178402982
========== 
Finished basis vector 10/62 

Starting simulation of basis vector 11/62
Performing CTM pre-steps without tracking
  | CTM step 1 conv: 1.000e+00 time: 0.58
  | CTM step 2 conv: 1.000e+00 time: 0.65
  | CTM step 3 conv: 1.000e+00 time: 0.69
  | CTM step 4 conv: 1.000e+00 time: 0.73
  | CTM step 5 conv: 1.000e+00 time: 0.72
  | CTM step 6 conv: 1.000e+00 time: 0.72
  | CTM step 7 conv: 4.826e-06 time: 0.71
  | CTM step 8 conv: 1.003e-05 time: 0.71
  | CTM step 9 conv: 1.567e-06 time: 0.72
  | CTM step 10 conv: 1.015e-06 time: 0.71
Performing CTM
  | CTM step 1 conv: 1.000e+00 time: 0.92
  | CTM step 2 conv: 1.468e-08 time: 1.08
  | CTM step 3 conv: 7.189e-09 time: 1.08
Energies: -0.5162022308168961 0.0
Norm: 0.04298790883311591
========== 
Finished basis vector 11/62 

Starting simulation of basis vector 12/62
Performing CTM pre-steps without tracking
  | CTM step 1 conv: 1.000e+00 time: 0.58
  | CTM step 2 conv: 1.000e+00 time: 0.64
  | CTM step 3 conv: 1.000e+00 time: 0.68
  | CTM step 4 conv: 1.000e+00 time: 0.72
  | CTM step 5 conv: 1.000e+00 time: 0.71
  | CTM step 6 conv: 1.000e+00 time: 0.71
  | CTM step 7 conv: 4.826e-06 time: 0.71
  | CTM step 8 conv: 1.003e-05 time: 0.71
  | CTM step 9 conv: 1.567e-06 time: 0.71
  | CTM step 10 conv: 1.015e-06 time: 0.71
Performing CTM
  | CTM step 1 conv: 1.000e+00 time: 0.91
  | CTM step 2 conv: 1.468e-08 time: 1.07
  | CTM step 3 conv: 7.189e-09 time: 1.07
Energies: 0.18426831769225593 0.0
Norm: 0.194569483890801
========== 
Finished basis vector 12/62 

Starting simulation of basis vector 13/62
Performing CTM pre-steps without tracking
  | CTM step 1 conv: 1.000e+00 time: 0.57
  | CTM step 2 conv: 1.000e+00 time: 0.64
  | CTM step 3 conv: 1.000e+00 time: 0.67
  | CTM step 4 conv: 1.000e+00 time: 0.74
  | CTM step 5 conv: 1.000e+00 time: 0.72
  | CTM step 6 conv: 1.000e+00 time: 0.82
  | CTM step 7 conv: 4.826e-06 time: 0.71
  | CTM step 8 conv: 1.003e-05 time: 0.77
  | CTM step 9 conv: 1.567e-06 time: 0.71
  | CTM step 10 conv: 1.015e-06 time: 0.71
Performing CTM
  | CTM step 1 conv: 1.000e+00 time: 0.91
  | CTM step 2 conv: 1.468e-08 time: 1.07
  | CTM step 3 conv: 7.189e-09 time: 1.07
Energies: 0.09647708610957828 0.0
Norm: 0.07380931496385788
========== 
Finished basis vector 13/62 

Starting simulation of basis vector 14/62
Performing CTM pre-steps without tracking
  | CTM step 1 conv: 1.000e+00 time: 0.57
  | CTM step 2 conv: 1.000e+00 time: 0.64
  | CTM step 3 conv: 1.000e+00 time: 0.67
  | CTM step 4 conv: 1.000e+00 time: 0.81
  | CTM step 5 conv: 1.000e+00 time: 0.72
  | CTM step 6 conv: 1.000e+00 time: 0.81
  | CTM step 7 conv: 4.826e-06 time: 0.71
  | CTM step 8 conv: 1.003e-05 time: 0.71
  | CTM step 9 conv: 1.567e-06 time: 0.71
  | CTM step 10 conv: 1.015e-06 time: 0.71
Performing CTM
  | CTM step 1 conv: 1.000e+00 time: 0.91
  | CTM step 2 conv: 1.468e-08 time: 1.08
  | CTM step 3 conv: 7.189e-09 time: 1.07
Energies: -0.3156267039809597 0.0
Norm: 0.21153638298881747
========== 
Finished basis vector 14/62 

Starting simulation of basis vector 15/62
Performing CTM pre-steps without tracking
  | CTM step 1 conv: 1.000e+00 time: 0.58
  | CTM step 2 conv: 1.000e+00 time: 0.64
  | CTM step 3 conv: 1.000e+00 time: 0.67
  | CTM step 4 conv: 1.000e+00 time: 0.72
  | CTM step 5 conv: 1.000e+00 time: 0.77
  | CTM step 6 conv: 1.000e+00 time: 0.75
  | CTM step 7 conv: 4.826e-06 time: 0.7
  | CTM step 8 conv: 1.003e-05 time: 0.7
  | CTM step 9 conv: 1.567e-06 time: 0.7
  | CTM step 10 conv: 1.015e-06 time: 0.7
Performing CTM
  | CTM step 1 conv: 1.000e+00 time: 0.91
  | CTM step 2 conv: 1.468e-08 time: 1.07
  | CTM step 3 conv: 7.189e-09 time: 1.08
Energies: 0.4955990748365915 0.0
Norm: 0.06418277944619097
========== 
Finished basis vector 15/62 

Starting simulation of basis vector 16/62
Performing CTM pre-steps without tracking
  | CTM step 1 conv: 1.000e+00 time: 0.57
  | CTM step 2 conv: 1.000e+00 time: 0.64
  | CTM step 3 conv: 1.000e+00 time: 0.67
  | CTM step 4 conv: 1.000e+00 time: 0.83
  | CTM step 5 conv: 1.000e+00 time: 0.72
  | CTM step 6 conv: 1.000e+00 time: 0.72
  | CTM step 7 conv: 4.826e-06 time: 0.72
  | CTM step 8 conv: 1.003e-05 time: 0.71
  | CTM step 9 conv: 1.567e-06 time: 0.72
  | CTM step 10 conv: 1.015e-06 time: 0.72
Performing CTM
  | CTM step 1 conv: 1.000e+00 time: 0.92
  | CTM step 2 conv: 1.468e-08 time: 1.09
  | CTM step 3 conv: 7.189e-09 time: 1.08
Energies: 0.15296141961087262 0.0
Norm: 0.07127219871743024
========== 
Finished basis vector 16/62 

Starting simulation of basis vector 17/62
Performing CTM pre-steps without tracking
  | CTM step 1 conv: 1.000e+00 time: 0.57
  | CTM step 2 conv: 1.000e+00 time: 0.64
  | CTM step 3 conv: 1.000e+00 time: 0.67
  | CTM step 4 conv: 1.000e+00 time: 0.7
  | CTM step 5 conv: 1.000e+00 time: 0.7
  | CTM step 6 conv: 1.000e+00 time: 0.79
  | CTM step 7 conv: 4.826e-06 time: 0.7
  | CTM step 8 conv: 1.003e-05 time: 0.7
  | CTM step 9 conv: 1.567e-06 time: 0.7
  | CTM step 10 conv: 1.015e-06 time: 0.7
Performing CTM
  | CTM step 1 conv: 1.000e+00 time: 0.91
  | CTM step 2 conv: 1.468e-08 time: 1.07
  | CTM step 3 conv: 7.189e-09 time: 1.06
Energies: 0.056153276572180166 0.0
Norm: 0.029035164797464267
========== 
Finished basis vector 17/62 

Starting simulation of basis vector 18/62
Performing CTM pre-steps without tracking
  | CTM step 1 conv: 1.000e+00 time: 0.57
  | CTM step 2 conv: 1.000e+00 time: 0.64
  | CTM step 3 conv: 1.000e+00 time: 0.67
  | CTM step 4 conv: 1.000e+00 time: 0.81
  | CTM step 5 conv: 1.000e+00 time: 0.7
  | CTM step 6 conv: 1.000e+00 time: 0.7
  | CTM step 7 conv: 4.826e-06 time: 0.7
  | CTM step 8 conv: 1.003e-05 time: 0.7
  | CTM step 9 conv: 1.567e-06 time: 0.7
  | CTM step 10 conv: 1.015e-06 time: 0.7
Performing CTM
  | CTM step 1 conv: 1.000e+00 time: 0.91
  | CTM step 2 conv: 1.468e-08 time: 1.09
  | CTM step 3 conv: 7.189e-09 time: 1.07
Energies: 0.31773432686525815 0.0
Norm: 0.19225246521882972
========== 
Finished basis vector 18/62 

Starting simulation of basis vector 19/62
Performing CTM pre-steps without tracking
  | CTM step 1 conv: 1.000e+00 time: 0.58
  | CTM step 2 conv: 1.000e+00 time: 0.65
  | CTM step 3 conv: 1.000e+00 time: 0.68
  | CTM step 4 conv: 1.000e+00 time: 0.71
  | CTM step 5 conv: 1.000e+00 time: 0.71
  | CTM step 6 conv: 1.000e+00 time: 0.71
  | CTM step 7 conv: 4.826e-06 time: 0.71
  | CTM step 8 conv: 1.003e-05 time: 0.7
  | CTM step 9 conv: 1.567e-06 time: 0.7
  | CTM step 10 conv: 1.015e-06 time: 0.71
Performing CTM
  | CTM step 1 conv: 1.000e+00 time: 0.91
  | CTM step 2 conv: 1.468e-08 time: 1.08
  | CTM step 3 conv: 7.189e-09 time: 1.07
Energies: 0.15483440968921203 0.0
Norm: 0.07832325308492052
========== 
Finished basis vector 19/62 

Starting simulation of basis vector 20/62
Performing CTM pre-steps without tracking
  | CTM step 1 conv: 1.000e+00 time: 0.58
  | CTM step 2 conv: 1.000e+00 time: 0.64
  | CTM step 3 conv: 1.000e+00 time: 0.67
  | CTM step 4 conv: 1.000e+00 time: 0.71
  | CTM step 5 conv: 1.000e+00 time: 0.75
  | CTM step 6 conv: 1.000e+00 time: 0.7
  | CTM step 7 conv: 4.826e-06 time: 0.7
  | CTM step 8 conv: 1.003e-05 time: 0.7
  | CTM step 9 conv: 1.567e-06 time: 0.7
  | CTM step 10 conv: 1.015e-06 time: 0.7
Performing CTM
  | CTM step 1 conv: 1.000e+00 time: 0.91
  | CTM step 2 conv: 1.468e-08 time: 1.08
  | CTM step 3 conv: 7.189e-09 time: 1.07
Energies: 0.2754329284603241 0.0
Norm: 0.17247957352746154
========== 
Finished basis vector 20/62 

Starting simulation of basis vector 21/62
Performing CTM pre-steps without tracking
  | CTM step 1 conv: 1.000e+00 time: 0.58
  | CTM step 2 conv: 1.000e+00 time: 0.64
  | CTM step 3 conv: 1.000e+00 time: 0.67
  | CTM step 4 conv: 1.000e+00 time: 0.81
  | CTM step 5 conv: 1.000e+00 time: 0.72
  | CTM step 6 conv: 1.000e+00 time: 0.71
  | CTM step 7 conv: 4.826e-06 time: 0.71
  | CTM step 8 conv: 1.003e-05 time: 0.71
  | CTM step 9 conv: 1.567e-06 time: 0.71
  | CTM step 10 conv: 1.015e-06 time: 0.74
Performing CTM
  | CTM step 1 conv: 1.000e+00 time: 1.01
  | CTM step 2 conv: 1.468e-08 time: 1.09
  | CTM step 3 conv: 7.189e-09 time: 1.08
Energies: 0.14146261472419308 0.0
Norm: 0.06937959821499054
========== 
Finished basis vector 21/62 

Starting simulation of basis vector 22/62
Performing CTM pre-steps without tracking
  | CTM step 1 conv: 1.000e+00 time: 0.58
  | CTM step 2 conv: 1.000e+00 time: 0.64
  | CTM step 3 conv: 1.000e+00 time: 0.68
  | CTM step 4 conv: 1.000e+00 time: 0.72
  | CTM step 5 conv: 1.000e+00 time: 0.72
  | CTM step 6 conv: 1.000e+00 time: 0.71
  | CTM step 7 conv: 4.826e-06 time: 0.71
  | CTM step 8 conv: 1.003e-05 time: 0.71
  | CTM step 9 conv: 1.567e-06 time: 0.71
  | CTM step 10 conv: 1.015e-06 time: 0.71
Performing CTM
  | CTM step 1 conv: 1.000e+00 time: 0.98
  | CTM step 2 conv: 1.468e-08 time: 1.09
  | CTM step 3 conv: 7.189e-09 time: 1.08
Energies: 0.61061494771673 0.0
Norm: 0.5140937671929879
========== 
Finished basis vector 22/62 

Starting simulation of basis vector 23/62
Performing CTM pre-steps without tracking
  | CTM step 1 conv: 1.000e+00 time: 0.58
  | CTM step 2 conv: 1.000e+00 time: 0.64
  | CTM step 3 conv: 1.000e+00 time: 0.68
  | CTM step 4 conv: 1.000e+00 time: 0.74
  | CTM step 5 conv: 1.000e+00 time: 0.79
  | CTM step 6 conv: 1.000e+00 time: 0.76
  | CTM step 7 conv: 4.826e-06 time: 0.7
  | CTM step 8 conv: 1.003e-05 time: 0.7
  | CTM step 9 conv: 1.567e-06 time: 0.7
  | CTM step 10 conv: 1.015e-06 time: 0.7
Performing CTM
  | CTM step 1 conv: 1.000e+00 time: 0.91
  | CTM step 2 conv: 1.468e-08 time: 1.07
  | CTM step 3 conv: 7.189e-09 time: 1.07
Energies: 0.2944759761160851 0.0
Norm: 0.19469070509582231
========== 
Finished basis vector 23/62 

Starting simulation of basis vector 24/62
Performing CTM pre-steps without tracking
  | CTM step 1 conv: 1.000e+00 time: 0.57
  | CTM step 2 conv: 1.000e+00 time: 0.64
  | CTM step 3 conv: 1.000e+00 time: 0.68
  | CTM step 4 conv: 1.000e+00 time: 0.74
  | CTM step 5 conv: 1.000e+00 time: 0.75
  | CTM step 6 conv: 1.000e+00 time: 0.72
  | CTM step 7 conv: 4.826e-06 time: 0.71
  | CTM step 8 conv: 1.003e-05 time: 0.71
  | CTM step 9 conv: 1.567e-06 time: 0.71
  | CTM step 10 conv: 1.015e-06 time: 0.71
Performing CTM
  | CTM step 1 conv: 1.000e+00 time: 0.91
  | CTM step 2 conv: 1.468e-08 time: 1.09
  | CTM step 3 conv: 7.189e-09 time: 1.08
Energies: 0.18553141411284813 0.0
Norm: 0.07939996341208087
========== 
Finished basis vector 24/62 

Starting simulation of basis vector 25/62
Performing CTM pre-steps without tracking
  | CTM step 1 conv: 1.000e+00 time: 0.58
  | CTM step 2 conv: 1.000e+00 time: 0.65
  | CTM step 3 conv: 1.000e+00 time: 0.69
  | CTM step 4 conv: 1.000e+00 time: 0.71
  | CTM step 5 conv: 1.000e+00 time: 0.76
  | CTM step 6 conv: 1.000e+00 time: 0.73
  | CTM step 7 conv: 4.826e-06 time: 0.72
  | CTM step 8 conv: 1.003e-05 time: 0.73
  | CTM step 9 conv: 1.567e-06 time: 0.72
  | CTM step 10 conv: 1.015e-06 time: 0.76
Performing CTM
  | CTM step 1 conv: 1.000e+00 time: 0.92
  | CTM step 2 conv: 1.468e-08 time: 1.09
  | CTM step 3 conv: 7.189e-09 time: 1.09
Energies: 0.06486494637829598 0.0
Norm: 0.03335023352771709
========== 
Finished basis vector 25/62 

Starting simulation of basis vector 26/62
Performing CTM pre-steps without tracking
  | CTM step 1 conv: 1.000e+00 time: 0.58
  | CTM step 2 conv: 1.000e+00 time: 0.65
  | CTM step 3 conv: 1.000e+00 time: 0.68
  | CTM step 4 conv: 1.000e+00 time: 0.72
  | CTM step 5 conv: 1.000e+00 time: 0.74
  | CTM step 6 conv: 1.000e+00 time: 0.72
  | CTM step 7 conv: 4.826e-06 time: 0.75
  | CTM step 8 conv: 1.003e-05 time: 0.71
  | CTM step 9 conv: 1.567e-06 time: 0.71
  | CTM step 10 conv: 1.015e-06 time: 0.71
Performing CTM
  | CTM step 1 conv: 1.000e+00 time: 0.92
  | CTM step 2 conv: 1.468e-08 time: 1.09
  | CTM step 3 conv: 7.189e-09 time: 1.08
Energies: 0.3270215416000255 0.0
Norm: 0.22079553373881747
========== 
Finished basis vector 26/62 

Starting simulation of basis vector 27/62
Performing CTM pre-steps without tracking
  | CTM step 1 conv: 1.000e+00 time: 0.58
  | CTM step 2 conv: 1.000e+00 time: 0.66
  | CTM step 3 conv: 1.000e+00 time: 0.69
  | CTM step 4 conv: 1.000e+00 time: 0.75
  | CTM step 5 conv: 1.000e+00 time: 0.75
  | CTM step 6 conv: 1.000e+00 time: 0.71
  | CTM step 7 conv: 4.826e-06 time: 0.71
  | CTM step 8 conv: 1.003e-05 time: 0.72
  | CTM step 9 conv: 1.567e-06 time: 0.7
  | CTM step 10 conv: 1.015e-06 time: 0.76
Performing CTM
  | CTM step 1 conv: 1.000e+00 time: 0.91
  | CTM step 2 conv: 1.468e-08 time: 1.08
  | CTM step 3 conv: 7.189e-09 time: 1.08
Energies: 0.1443422340005891 0.0
Norm: 0.08752223968773377
========== 
Finished basis vector 27/62 

Starting simulation of basis vector 28/62
Performing CTM pre-steps without tracking
  | CTM step 1 conv: 1.000e+00 time: 0.58
  | CTM step 2 conv: 1.000e+00 time: 0.64
  | CTM step 3 conv: 1.000e+00 time: 0.69
  | CTM step 4 conv: 1.000e+00 time: 0.84
  | CTM step 5 conv: 1.000e+00 time: 0.72
  | CTM step 6 conv: 1.000e+00 time: 0.71
  | CTM step 7 conv: 4.826e-06 time: 0.71
  | CTM step 8 conv: 1.003e-05 time: 0.7
  | CTM step 9 conv: 1.567e-06 time: 0.7
  | CTM step 10 conv: 1.015e-06 time: 0.7
Performing CTM
  | CTM step 1 conv: 1.000e+00 time: 0.92
  | CTM step 2 conv: 1.468e-08 time: 1.09
  | CTM step 3 conv: 7.189e-09 time: 1.08
Energies: 0.38226250371300274 0.0
Norm: 0.18515071232540267
========== 
Finished basis vector 28/62 

Starting simulation of basis vector 29/62
Performing CTM pre-steps without tracking
  | CTM step 1 conv: 1.000e+00 time: 0.58
  | CTM step 2 conv: 1.000e+00 time: 0.65
  | CTM step 3 conv: 1.000e+00 time: 0.67
  | CTM step 4 conv: 1.000e+00 time: 0.72
  | CTM step 5 conv: 1.000e+00 time: 0.73
  | CTM step 6 conv: 1.000e+00 time: 0.74
  | CTM step 7 conv: 4.826e-06 time: 0.71
  | CTM step 8 conv: 1.003e-05 time: 0.71
  | CTM step 9 conv: 1.567e-06 time: 0.7
  | CTM step 10 conv: 1.015e-06 time: 0.7
Performing CTM
  | CTM step 1 conv: 1.000e+00 time: 0.91
  | CTM step 2 conv: 1.468e-08 time: 1.07
  | CTM step 3 conv: 7.189e-09 time: 1.07
Energies: 0.17746276470148592 0.0
Norm: 0.07671284199710716
========== 
Finished basis vector 29/62 

Starting simulation of basis vector 30/62
Performing CTM pre-steps without tracking
  | CTM step 1 conv: 1.000e+00 time: 0.57
  | CTM step 2 conv: 1.000e+00 time: 0.64
  | CTM step 3 conv: 1.000e+00 time: 0.74
  | CTM step 4 conv: 1.000e+00 time: 0.75
  | CTM step 5 conv: 1.000e+00 time: 0.73
  | CTM step 6 conv: 1.000e+00 time: 0.72
  | CTM step 7 conv: 4.826e-06 time: 0.76
  | CTM step 8 conv: 1.003e-05 time: 0.7
  | CTM step 9 conv: 1.567e-06 time: 0.7
  | CTM step 10 conv: 1.015e-06 time: 0.7
Performing CTM
  | CTM step 1 conv: 1.000e+00 time: 0.9
  | CTM step 2 conv: 1.468e-08 time: 1.07
  | CTM step 3 conv: 7.189e-09 time: 1.06
Energies: 0.5131225271005491 0.0
Norm: 0.5436941892793853
========== 
Finished basis vector 30/62 

Starting simulation of basis vector 31/62
Performing CTM pre-steps without tracking
  | CTM step 1 conv: 1.000e+00 time: 0.57
  | CTM step 2 conv: 1.000e+00 time: 0.63
  | CTM step 3 conv: 1.000e+00 time: 0.79
  | CTM step 4 conv: 1.000e+00 time: 0.7
  | CTM step 5 conv: 1.000e+00 time: 0.7
  | CTM step 6 conv: 1.000e+00 time: 0.7
  | CTM step 7 conv: 4.826e-06 time: 0.7
  | CTM step 8 conv: 1.003e-05 time: 0.73
  | CTM step 9 conv: 1.567e-06 time: 0.7
  | CTM step 10 conv: 1.015e-06 time: 0.7
Performing CTM
  | CTM step 1 conv: 1.000e+00 time: 0.91
  | CTM step 2 conv: 1.468e-08 time: 1.08
  | CTM step 3 conv: 7.189e-09 time: 1.07
Energies: 0.2948496935739229 0.0
Norm: 0.22165286273013152
========== 
Finished basis vector 31/62 

Starting simulation of basis vector 32/62
Performing CTM pre-steps without tracking
  | CTM step 1 conv: 1.000e+00 time: 0.57
  | CTM step 2 conv: 1.000e+00 time: 0.64
  | CTM step 3 conv: 1.000e+00 time: 0.67
  | CTM step 4 conv: 1.000e+00 time: 0.83
  | CTM step 5 conv: 1.000e+00 time: 0.71
  | CTM step 6 conv: 1.000e+00 time: 0.75
  | CTM step 7 conv: 4.826e-06 time: 0.71
  | CTM step 8 conv: 1.003e-05 time: 0.72
  | CTM step 9 conv: 1.567e-06 time: 0.7
  | CTM step 10 conv: 1.015e-06 time: 0.7
Performing CTM
  | CTM step 1 conv: 1.000e+00 time: 0.91
  | CTM step 2 conv: 1.468e-08 time: 1.08
  | CTM step 3 conv: 7.189e-09 time: 1.07
Energies: 0.22639136364411572 0.0
Norm: 0.07760172927538832
========== 
Finished basis vector 32/62 

Starting simulation of basis vector 33/62
Performing CTM pre-steps without tracking
  | CTM step 1 conv: 1.000e+00 time: 0.58
  | CTM step 2 conv: 1.000e+00 time: 0.64
  | CTM step 3 conv: 1.000e+00 time: 0.68
  | CTM step 4 conv: 1.000e+00 time: 0.77
  | CTM step 5 conv: 1.000e+00 time: 0.74
  | CTM step 6 conv: 1.000e+00 time: 0.72
  | CTM step 7 conv: 4.826e-06 time: 0.72
  | CTM step 8 conv: 1.003e-05 time: 0.71
  | CTM step 9 conv: 1.567e-06 time: 0.71
  | CTM step 10 conv: 1.015e-06 time: 0.71
Performing CTM
  | CTM step 1 conv: 1.000e+00 time: 0.91
  | CTM step 2 conv: 1.468e-08 time: 1.08
  | CTM step 3 conv: 7.189e-09 time: 1.07
Energies: 0.04884835123559794 0.0
Norm: 0.03501398926115609
========== 
Finished basis vector 33/62 

Starting simulation of basis vector 34/62
Performing CTM pre-steps without tracking
  | CTM step 1 conv: 1.000e+00 time: 0.58
  | CTM step 2 conv: 1.000e+00 time: 0.64
  | CTM step 3 conv: 1.000e+00 time: 0.67
  | CTM step 4 conv: 1.000e+00 time: 0.83
  | CTM step 5 conv: 1.000e+00 time: 0.72
  | CTM step 6 conv: 1.000e+00 time: 0.82
  | CTM step 7 conv: 4.826e-06 time: 0.79
  | CTM step 8 conv: 1.003e-05 time: 0.71
  | CTM step 9 conv: 1.567e-06 time: 0.72
  | CTM step 10 conv: 1.015e-06 time: 0.71
Performing CTM
  | CTM step 1 conv: 1.000e+00 time: 0.92
  | CTM step 2 conv: 1.468e-08 time: 1.09
  | CTM step 3 conv: 7.189e-09 time: 1.08
Energies: 0.17884514784984606 0.0
Norm: 0.14960190154606565
========== 
Finished basis vector 34/62 

Starting simulation of basis vector 35/62
Performing CTM pre-steps without tracking
  | CTM step 1 conv: 1.000e+00 time: 0.59
  | CTM step 2 conv: 1.000e+00 time: 0.65
  | CTM step 3 conv: 1.000e+00 time: 0.69
  | CTM step 4 conv: 1.000e+00 time: 0.72
  | CTM step 5 conv: 1.000e+00 time: 0.71
  | CTM step 6 conv: 1.000e+00 time: 0.76
  | CTM step 7 conv: 4.826e-06 time: 0.72
  | CTM step 8 conv: 1.003e-05 time: 0.72
  | CTM step 9 conv: 1.567e-06 time: 0.71
  | CTM step 10 conv: 1.015e-06 time: 0.71
Performing CTM
  | CTM step 1 conv: 1.000e+00 time: 0.92
  | CTM step 2 conv: 1.468e-08 time: 1.09
  | CTM step 3 conv: 7.189e-09 time: 1.15
Energies: 0.01156727405649427 0.0
Norm: 0.004852620835061078
========== 
Finished basis vector 35/62 

Starting simulation of basis vector 36/62
Performing CTM pre-steps without tracking
  | CTM step 1 conv: 1.000e+00 time: 0.58
  | CTM step 2 conv: 1.000e+00 time: 0.65
  | CTM step 3 conv: 1.000e+00 time: 0.69
  | CTM step 4 conv: 1.000e+00 time: 0.72
  | CTM step 5 conv: 1.000e+00 time: 0.71
  | CTM step 6 conv: 1.000e+00 time: 0.71
  | CTM step 7 conv: 4.826e-06 time: 0.74
  | CTM step 8 conv: 1.003e-05 time: 0.75
  | CTM step 9 conv: 1.567e-06 time: 0.71
  | CTM step 10 conv: 1.015e-06 time: 0.7
Performing CTM
  | CTM step 1 conv: 1.000e+00 time: 0.91
  | CTM step 2 conv: 1.468e-08 time: 1.08
  | CTM step 3 conv: 7.189e-09 time: 1.08
Energies: 0.05592315335069986 0.0
Norm: 0.019308550774919064
========== 
Finished basis vector 36/62 

Starting simulation of basis vector 37/62
Performing CTM pre-steps without tracking
  | CTM step 1 conv: 1.000e+00 time: 0.58
  | CTM step 2 conv: 1.000e+00 time: 0.64
  | CTM step 3 conv: 1.000e+00 time: 0.68
  | CTM step 4 conv: 1.000e+00 time: 0.74
  | CTM step 5 conv: 1.000e+00 time: 0.71
  | CTM step 6 conv: 1.000e+00 time: 0.71
  | CTM step 7 conv: 4.826e-06 time: 0.7
  | CTM step 8 conv: 1.003e-05 time: 0.7
  | CTM step 9 conv: 1.567e-06 time: 0.7
  | CTM step 10 conv: 1.015e-06 time: 0.7
Performing CTM
  | CTM step 1 conv: 1.000e+00 time: 0.91
  | CTM step 2 conv: 1.468e-08 time: 1.07
  | CTM step 3 conv: 7.189e-09 time: 1.07
Energies: 0.013301280965721307 0.0
Norm: 0.007985582965799893
========== 
Finished basis vector 37/62 

Starting simulation of basis vector 38/62
Performing CTM pre-steps without tracking
  | CTM step 1 conv: 1.000e+00 time: 0.58
  | CTM step 2 conv: 1.000e+00 time: 0.64
  | CTM step 3 conv: 1.000e+00 time: 0.67
  | CTM step 4 conv: 1.000e+00 time: 0.81
  | CTM step 5 conv: 1.000e+00 time: 0.81
  | CTM step 6 conv: 1.000e+00 time: 0.72
  | CTM step 7 conv: 4.826e-06 time: 0.75
  | CTM step 8 conv: 1.003e-05 time: 0.72
  | CTM step 9 conv: 1.567e-06 time: 0.71
  | CTM step 10 conv: 1.015e-06 time: 0.71
Performing CTM
  | CTM step 1 conv: 1.000e+00 time: 0.92
  | CTM step 2 conv: 1.468e-08 time: 1.09
  | CTM step 3 conv: 7.189e-09 time: 1.08
Energies: 0.04840127833784691 0.0
Norm: 0.03178360249273197
========== 
Finished basis vector 38/62 

Starting simulation of basis vector 39/62
Performing CTM pre-steps without tracking
  | CTM step 1 conv: 1.000e+00 time: 0.58
  | CTM step 2 conv: 1.000e+00 time: 0.64
  | CTM step 3 conv: 1.000e+00 time: 0.68
  | CTM step 4 conv: 1.000e+00 time: 0.81
  | CTM step 5 conv: 1.000e+00 time: 0.81
  | CTM step 6 conv: 1.000e+00 time: 0.71
  | CTM step 7 conv: 4.826e-06 time: 0.75
  | CTM step 8 conv: 1.003e-05 time: 0.7
  | CTM step 9 conv: 1.567e-06 time: 0.7
  | CTM step 10 conv: 1.015e-06 time: 0.73
Performing CTM
  | CTM step 1 conv: 1.000e+00 time: 0.91
  | CTM step 2 conv: 1.468e-08 time: 1.08
  | CTM step 3 conv: 7.189e-09 time: 1.07
Energies: 0.07872169710507126 0.0
Norm: 0.0826064930345141
========== 
Finished basis vector 39/62 

Starting simulation of basis vector 40/62
Performing CTM pre-steps without tracking
  | CTM step 1 conv: 1.000e+00 time: 0.57
  | CTM step 2 conv: 1.000e+00 time: 0.64
  | CTM step 3 conv: 1.000e+00 time: 0.67
  | CTM step 4 conv: 1.000e+00 time: 0.75
  | CTM step 5 conv: 1.000e+00 time: 0.71
  | CTM step 6 conv: 1.000e+00 time: 0.71
  | CTM step 7 conv: 4.826e-06 time: 0.71
  | CTM step 8 conv: 1.003e-05 time: 0.72
  | CTM step 9 conv: 1.567e-06 time: 0.71
  | CTM step 10 conv: 1.015e-06 time: 0.71
Performing CTM
  | CTM step 1 conv: 1.000e+00 time: 0.92
  | CTM step 2 conv: 1.468e-08 time: 1.09
  | CTM step 3 conv: 7.189e-09 time: 1.08
Energies: 0.2437885009885079 0.0
Norm: 0.3343918818416285
========== 
Finished basis vector 40/62 

Starting simulation of basis vector 41/62
Performing CTM pre-steps without tracking
  | CTM step 1 conv: 1.000e+00 time: 0.58
  | CTM step 2 conv: 1.000e+00 time: 0.64
  | CTM step 3 conv: 1.000e+00 time: 0.68
  | CTM step 4 conv: 1.000e+00 time: 0.71
  | CTM step 5 conv: 1.000e+00 time: 0.72
  | CTM step 6 conv: 1.000e+00 time: 0.81
  | CTM step 7 conv: 4.826e-06 time: 0.72
  | CTM step 8 conv: 1.003e-05 time: 0.71
  | CTM step 9 conv: 1.567e-06 time: 0.71
  | CTM step 10 conv: 1.015e-06 time: 0.71
Performing CTM
  | CTM step 1 conv: 1.000e+00 time: 0.92
  | CTM step 2 conv: 1.468e-08 time: 1.09
  | CTM step 3 conv: 7.189e-09 time: 1.08
Energies: 0.18673157447502842 0.0
Norm: 0.1402536152063687
========== 
Finished basis vector 41/62 

Starting simulation of basis vector 42/62
Performing CTM pre-steps without tracking
  | CTM step 1 conv: 1.000e+00 time: 0.57
  | CTM step 2 conv: 1.000e+00 time: 0.64
  | CTM step 3 conv: 1.000e+00 time: 0.67
  | CTM step 4 conv: 1.000e+00 time: 0.8
  | CTM step 5 conv: 1.000e+00 time: 0.72
  | CTM step 6 conv: 1.000e+00 time: 0.71
  | CTM step 7 conv: 4.826e-06 time: 0.71
  | CTM step 8 conv: 1.003e-05 time: 0.71
  | CTM step 9 conv: 1.567e-06 time: 0.71
  | CTM step 10 conv: 1.015e-06 time: 0.71
Performing CTM
  | CTM step 1 conv: 1.000e+00 time: 0.91
  | CTM step 2 conv: 1.468e-08 time: 1.08
  | CTM step 3 conv: 7.189e-09 time: 1.07
Energies: 0.6506745297168628 0.0
Norm: 0.5735352792779695
========== 
Finished basis vector 42/62 

Starting simulation of basis vector 43/62
Performing CTM pre-steps without tracking
  | CTM step 1 conv: 1.000e+00 time: 0.59
  | CTM step 2 conv: 1.000e+00 time: 0.68
  | CTM step 3 conv: 1.000e+00 time: 0.85
  | CTM step 4 conv: 1.000e+00 time: 0.81
  | CTM step 5 conv: 1.000e+00 time: 0.74
  | CTM step 6 conv: 1.000e+00 time: 0.92
  | CTM step 7 conv: 4.826e-06 time: 0.7
  | CTM step 8 conv: 1.003e-05 time: 0.7
  | CTM step 9 conv: 1.567e-06 time: 0.7
  | CTM step 10 conv: 1.015e-06 time: 0.7
Performing CTM
  | CTM step 1 conv: 1.000e+00 time: 0.91
  | CTM step 2 conv: 1.468e-08 time: 1.07
  | CTM step 3 conv: 7.189e-09 time: 1.07
Energies: 0.0225605325802386 0.0
Norm: 0.01904631333554528
========== 
Finished basis vector 43/62 

Starting simulation of basis vector 44/62
Performing CTM pre-steps without tracking
  | CTM step 1 conv: 1.000e+00 time: 0.57
  | CTM step 2 conv: 1.000e+00 time: 0.64
  | CTM step 3 conv: 1.000e+00 time: 0.86
  | CTM step 4 conv: 1.000e+00 time: 0.71
  | CTM step 5 conv: 1.000e+00 time: 0.73
  | CTM step 6 conv: 1.000e+00 time: 0.72
  | CTM step 7 conv: 4.826e-06 time: 0.72
  | CTM step 8 conv: 1.003e-05 time: 0.72
  | CTM step 9 conv: 1.567e-06 time: 0.72
  | CTM step 10 conv: 1.015e-06 time: 0.72
Performing CTM
  | CTM step 1 conv: 1.000e+00 time: 0.92
  | CTM step 2 conv: 1.468e-08 time: 1.09
  | CTM step 3 conv: 7.189e-09 time: 1.08
Energies: 0.08321053678615131 0.0
Norm: 0.07581325596123767
========== 
Finished basis vector 44/62 

Starting simulation of basis vector 45/62
Performing CTM pre-steps without tracking
  | CTM step 1 conv: 1.000e+00 time: 0.58
  | CTM step 2 conv: 1.000e+00 time: 0.64
  | CTM step 3 conv: 1.000e+00 time: 0.68
  | CTM step 4 conv: 1.000e+00 time: 0.83
  | CTM step 5 conv: 1.000e+00 time: 0.72
  | CTM step 6 conv: 1.000e+00 time: 0.72
  | CTM step 7 conv: 4.826e-06 time: 0.72
  | CTM step 8 conv: 1.003e-05 time: 0.7
  | CTM step 9 conv: 1.567e-06 time: 0.7
  | CTM step 10 conv: 1.015e-06 time: 0.7
Performing CTM
  | CTM step 1 conv: 1.000e+00 time: 0.91
  | CTM step 2 conv: 1.468e-08 time: 1.07
  | CTM step 3 conv: 7.189e-09 time: 1.06
Energies: 0.04948328212450259 0.0
Norm: 0.031726594515841984
========== 
Finished basis vector 45/62 

Starting simulation of basis vector 46/62
Performing CTM pre-steps without tracking
  | CTM step 1 conv: 1.000e+00 time: 0.57
  | CTM step 2 conv: 1.000e+00 time: 0.64
  | CTM step 3 conv: 1.000e+00 time: 0.67
  | CTM step 4 conv: 1.000e+00 time: 0.83
  | CTM step 5 conv: 1.000e+00 time: 0.73
  | CTM step 6 conv: 1.000e+00 time: 0.72
  | CTM step 7 conv: 4.826e-06 time: 0.72
  | CTM step 8 conv: 1.003e-05 time: 0.72
  | CTM step 9 conv: 1.567e-06 time: 0.72
  | CTM step 10 conv: 1.015e-06 time: 0.72
Performing CTM
  | CTM step 1 conv: 1.000e+00 time: 0.92
  | CTM step 2 conv: 1.468e-08 time: 1.09
  | CTM step 3 conv: 7.189e-09 time: 1.07
Energies: 0.1829078917937661 0.0
Norm: 0.12801645539961495
========== 
Finished basis vector 46/62 

Starting simulation of basis vector 47/62
Performing CTM pre-steps without tracking
  | CTM step 1 conv: 1.000e+00 time: 0.58
  | CTM step 2 conv: 1.000e+00 time: 0.64
  | CTM step 3 conv: 1.000e+00 time: 0.67
  | CTM step 4 conv: 1.000e+00 time: 0.77
  | CTM step 5 conv: 1.000e+00 time: 0.81
  | CTM step 6 conv: 1.000e+00 time: 0.75
  | CTM step 7 conv: 4.826e-06 time: 0.86
  | CTM step 8 conv: 1.003e-05 time: 0.71
  | CTM step 9 conv: 1.567e-06 time: 0.71
  | CTM step 10 conv: 1.015e-06 time: 0.71
Performing CTM
  | CTM step 1 conv: 1.000e+00 time: 0.91
  | CTM step 2 conv: 1.468e-08 time: 1.08
  | CTM step 3 conv: 7.189e-09 time: 1.07
Energies: 0.03877826112215366 0.0
Norm: 0.02391903305585551
========== 
Finished basis vector 47/62 

Starting simulation of basis vector 48/62
Performing CTM pre-steps without tracking
  | CTM step 1 conv: 1.000e+00 time: 0.58
  | CTM step 2 conv: 1.000e+00 time: 0.64
  | CTM step 3 conv: 1.000e+00 time: 0.67
  | CTM step 4 conv: 1.000e+00 time: 0.81
  | CTM step 5 conv: 1.000e+00 time: 0.79
  | CTM step 6 conv: 1.000e+00 time: 0.81
  | CTM step 7 conv: 4.826e-06 time: 0.76
  | CTM step 8 conv: 1.003e-05 time: 0.73
  | CTM step 9 conv: 1.567e-06 time: 0.71
  | CTM step 10 conv: 1.015e-06 time: 0.71
Performing CTM
  | CTM step 1 conv: 1.000e+00 time: 0.91
  | CTM step 2 conv: 1.468e-08 time: 1.08
  | CTM step 3 conv: 7.189e-09 time: 1.07
Energies: 0.1390429430166904 0.0
Norm: 0.10437254590377514
========== 
Finished basis vector 48/62 

Starting simulation of basis vector 49/62
Performing CTM pre-steps without tracking
  | CTM step 1 conv: 1.000e+00 time: 0.58
  | CTM step 2 conv: 1.000e+00 time: 0.64
  | CTM step 3 conv: 1.000e+00 time: 0.67
  | CTM step 4 conv: 1.000e+00 time: 0.71
  | CTM step 5 conv: 1.000e+00 time: 0.71
  | CTM step 6 conv: 1.000e+00 time: 0.71
  | CTM step 7 conv: 4.826e-06 time: 0.71
  | CTM step 8 conv: 1.003e-05 time: 0.7
  | CTM step 9 conv: 1.567e-06 time: 0.7
  | CTM step 10 conv: 1.015e-06 time: 0.7
Performing CTM
  | CTM step 1 conv: 1.000e+00 time: 0.91
  | CTM step 2 conv: 1.468e-08 time: 1.08
  | CTM step 3 conv: 7.189e-09 time: 1.07
Energies: 0.019185346896611777 0.0
Norm: 0.013540859338377108
========== 
Finished basis vector 49/62 

Starting simulation of basis vector 50/62
Performing CTM pre-steps without tracking
  | CTM step 1 conv: 1.000e+00 time: 0.57
  | CTM step 2 conv: 1.000e+00 time: 0.64
  | CTM step 3 conv: 1.000e+00 time: 0.67
  | CTM step 4 conv: 1.000e+00 time: 0.72
  | CTM step 5 conv: 1.000e+00 time: 0.71
  | CTM step 6 conv: 1.000e+00 time: 0.71
  | CTM step 7 conv: 4.826e-06 time: 0.7
  | CTM step 8 conv: 1.003e-05 time: 0.7
  | CTM step 9 conv: 1.567e-06 time: 0.7
  | CTM step 10 conv: 1.015e-06 time: 0.7
Performing CTM
  | CTM step 1 conv: 1.000e+00 time: 0.91
  | CTM step 2 conv: 1.468e-08 time: 1.08
  | CTM step 3 conv: 7.189e-09 time: 1.07
Energies: 0.029234439742577223 0.0
Norm: 0.056069154194362196
========== 
Finished basis vector 50/62 

Starting simulation of basis vector 51/62
Performing CTM pre-steps without tracking
  | CTM step 1 conv: 1.000e+00 time: 0.58
  | CTM step 2 conv: 1.000e+00 time: 0.64
  | CTM step 3 conv: 1.000e+00 time: 0.68
  | CTM step 4 conv: 1.000e+00 time: 0.79
  | CTM step 5 conv: 1.000e+00 time: 0.72
  | CTM step 6 conv: 1.000e+00 time: 0.71
  | CTM step 7 conv: 4.826e-06 time: 0.71
  | CTM step 8 conv: 1.003e-05 time: 0.82
  | CTM step 9 conv: 1.567e-06 time: 0.72
  | CTM step 10 conv: 1.015e-06 time: 0.71
Performing CTM
  | CTM step 1 conv: 1.000e+00 time: 0.92
  | CTM step 2 conv: 1.468e-08 time: 1.09
  | CTM step 3 conv: 7.189e-09 time: 1.08
Energies: 0.0049937565895826486 0.0
Norm: 0.005017830814464392
========== 
Finished basis vector 51/62 

Starting simulation of basis vector 52/62
Performing CTM pre-steps without tracking
  | CTM step 1 conv: 1.000e+00 time: 0.58
  | CTM step 2 conv: 1.000e+00 time: 0.64
  | CTM step 3 conv: 1.000e+00 time: 0.67
  | CTM step 4 conv: 1.000e+00 time: 0.71
  | CTM step 5 conv: 1.000e+00 time: 0.75
  | CTM step 6 conv: 1.000e+00 time: 0.71
  | CTM step 7 conv: 4.826e-06 time: 0.71
  | CTM step 8 conv: 1.003e-05 time: 0.71
  | CTM step 9 conv: 1.567e-06 time: 0.71
  | CTM step 10 conv: 1.015e-06 time: 0.71
Performing CTM
  | CTM step 1 conv: 1.000e+00 time: 0.92
  | CTM step 2 conv: 1.468e-08 time: 1.09
  | CTM step 3 conv: 7.189e-09 time: 1.08
Energies: 0.03643074465234086 0.0
Norm: 0.02145223654704189
========== 
Finished basis vector 52/62 

Starting simulation of basis vector 53/62
Performing CTM pre-steps without tracking
  | CTM step 1 conv: 1.000e+00 time: 0.58
  | CTM step 2 conv: 1.000e+00 time: 0.64
  | CTM step 3 conv: 1.000e+00 time: 0.68
  | CTM step 4 conv: 1.000e+00 time: 0.82
  | CTM step 5 conv: 1.000e+00 time: 0.72
  | CTM step 6 conv: 1.000e+00 time: 0.72
  | CTM step 7 conv: 4.826e-06 time: 0.81
  | CTM step 8 conv: 1.003e-05 time: 0.7
  | CTM step 9 conv: 1.567e-06 time: 0.7
  | CTM step 10 conv: 1.015e-06 time: 0.87
Performing CTM
  | CTM step 1 conv: 1.000e+00 time: 0.91
  | CTM step 2 conv: 1.468e-08 time: 1.08
  | CTM step 3 conv: 7.189e-09 time: 1.07
Energies: -0.0027240065725326335 0.0
Norm: 0.0033034431190998004
========== 
Finished basis vector 53/62 

Starting simulation of basis vector 54/62
Performing CTM pre-steps without tracking
  | CTM step 1 conv: 1.000e+00 time: 0.57
  | CTM step 2 conv: 1.000e+00 time: 0.64
  | CTM step 3 conv: 1.000e+00 time: 0.69
  | CTM step 4 conv: 1.000e+00 time: 0.71
  | CTM step 5 conv: 1.000e+00 time: 0.73
  | CTM step 6 conv: 1.000e+00 time: 0.73
  | CTM step 7 conv: 4.826e-06 time: 0.7
  | CTM step 8 conv: 1.003e-05 time: 0.7
  | CTM step 9 conv: 1.567e-06 time: 0.7
  | CTM step 10 conv: 1.015e-06 time: 0.7
Performing CTM
  | CTM step 1 conv: 1.000e+00 time: 1.01
  | CTM step 2 conv: 1.468e-08 time: 1.07
  | CTM step 3 conv: 7.189e-09 time: 1.06
Energies: 0.020769482221553837 0.0
Norm: 0.01307353180866759
========== 
Finished basis vector 54/62 

Starting simulation of basis vector 55/62
Performing CTM pre-steps without tracking
  | CTM step 1 conv: 1.000e+00 time: 0.58
  | CTM step 2 conv: 1.000e+00 time: 0.64
  | CTM step 3 conv: 1.000e+00 time: 0.67
  | CTM step 4 conv: 1.000e+00 time: 0.85
  | CTM step 5 conv: 1.000e+00 time: 0.71
  | CTM step 6 conv: 1.000e+00 time: 0.75
  | CTM step 7 conv: 4.826e-06 time: 0.74
  | CTM step 8 conv: 1.003e-05 time: 0.8
  | CTM step 9 conv: 1.567e-06 time: 0.71
  | CTM step 10 conv: 1.015e-06 time: 0.7
Performing CTM
  | CTM step 1 conv: 1.000e+00 time: 0.92
  | CTM step 2 conv: 1.468e-08 time: 1.08
  | CTM step 3 conv: 7.189e-09 time: 1.07
Energies: 0.05678761477845895 0.0
Norm: 0.025264194761615136
========== 
Finished basis vector 55/62 

Starting simulation of basis vector 56/62
Performing CTM pre-steps without tracking
  | CTM step 1 conv: 1.000e+00 time: 0.58
  | CTM step 2 conv: 1.000e+00 time: 0.64
  | CTM step 3 conv: 1.000e+00 time: 0.67
  | CTM step 4 conv: 1.000e+00 time: 0.71
  | CTM step 5 conv: 1.000e+00 time: 0.71
  | CTM step 6 conv: 1.000e+00 time: 0.75
  | CTM step 7 conv: 4.826e-06 time: 0.75
  | CTM step 8 conv: 1.003e-05 time: 0.71
  | CTM step 9 conv: 1.567e-06 time: 0.71
  | CTM step 10 conv: 1.015e-06 time: 0.7
Performing CTM
  | CTM step 1 conv: 1.000e+00 time: 0.91
  | CTM step 2 conv: 1.468e-08 time: 1.08
  | CTM step 3 conv: 7.189e-09 time: 1.07
Energies: 0.03015112605485637 0.0
Norm: 0.11326300174189531
========== 
Finished basis vector 56/62 

Starting simulation of basis vector 57/62
Performing CTM pre-steps without tracking
  | CTM step 1 conv: 1.000e+00 time: 0.58
  | CTM step 2 conv: 1.000e+00 time: 0.64
  | CTM step 3 conv: 1.000e+00 time: 0.67
  | CTM step 4 conv: 1.000e+00 time: 0.81
  | CTM step 5 conv: 1.000e+00 time: 0.72
  | CTM step 6 conv: 1.000e+00 time: 0.71
  | CTM step 7 conv: 4.826e-06 time: 0.71
  | CTM step 8 conv: 1.003e-05 time: 0.71
  | CTM step 9 conv: 1.567e-06 time: 0.71
  | CTM step 10 conv: 1.015e-06 time: 0.71
Performing CTM
  | CTM step 1 conv: 1.000e+00 time: 0.91
  | CTM step 2 conv: 1.468e-08 time: 1.08
  | CTM step 3 conv: 7.189e-09 time: 1.07
Energies: 0.11527761432913097 0.0
Norm: 0.03237069941752848
========== 
Finished basis vector 57/62 

Starting simulation of basis vector 58/62
Performing CTM pre-steps without tracking
  | CTM step 1 conv: 1.000e+00 time: 0.57
  | CTM step 2 conv: 1.000e+00 time: 0.64
  | CTM step 3 conv: 1.000e+00 time: 0.86
  | CTM step 4 conv: 1.000e+00 time: 0.71
  | CTM step 5 conv: 1.000e+00 time: 0.72
  | CTM step 6 conv: 1.000e+00 time: 0.7
  | CTM step 7 conv: 4.826e-06 time: 0.71
  | CTM step 8 conv: 1.003e-05 time: 0.71
  | CTM step 9 conv: 1.567e-06 time: 0.71
  | CTM step 10 conv: 1.015e-06 time: 0.71
Performing CTM
  | CTM step 1 conv: 1.000e+00 time: 0.91
  | CTM step 2 conv: 1.468e-08 time: 1.08
  | CTM step 3 conv: 7.189e-09 time: 1.08
Energies: 0.10815650427948853 0.0
Norm: 0.15261033570943697
========== 
Finished basis vector 58/62 

Starting simulation of basis vector 59/62
Performing CTM pre-steps without tracking
  | CTM step 1 conv: 1.000e+00 time: 0.59
  | CTM step 2 conv: 1.000e+00 time: 0.65
  | CTM step 3 conv: 1.000e+00 time: 0.68
  | CTM step 4 conv: 1.000e+00 time: 0.8
  | CTM step 5 conv: 1.000e+00 time: 0.72
  | CTM step 6 conv: 1.000e+00 time: 0.71
  | CTM step 7 conv: 4.826e-06 time: 0.71
  | CTM step 8 conv: 1.003e-05 time: 0.71
  | CTM step 9 conv: 1.567e-06 time: 0.71
  | CTM step 10 conv: 1.015e-06 time: 0.71
Performing CTM
  | CTM step 1 conv: 1.000e+00 time: 0.95
  | CTM step 2 conv: 1.468e-08 time: 1.14
  | CTM step 3 conv: 7.189e-09 time: 1.13
Energies: -0.0375050186624164 0.0
Norm: 0.006208277104069179
========== 
Finished basis vector 59/62 

Starting simulation of basis vector 60/62
Performing CTM pre-steps without tracking
  | CTM step 1 conv: 1.000e+00 time: 0.57
  | CTM step 2 conv: 1.000e+00 time: 0.67
  | CTM step 3 conv: 1.000e+00 time: 0.69
  | CTM step 4 conv: 1.000e+00 time: 0.84
  | CTM step 5 conv: 1.000e+00 time: 0.72
  | CTM step 6 conv: 1.000e+00 time: 0.71
  | CTM step 7 conv: 4.826e-06 time: 0.76
  | CTM step 8 conv: 1.003e-05 time: 0.71
  | CTM step 9 conv: 1.567e-06 time: 0.72
  | CTM step 10 conv: 1.015e-06 time: 0.71
Performing CTM
  | CTM step 1 conv: 1.000e+00 time: 0.92
  | CTM step 2 conv: 1.468e-08 time: 1.09
  | CTM step 3 conv: 7.189e-09 time: 1.08
Energies: 0.058833799571484935 0.0
Norm: 0.023596239137150057
========== 
Finished basis vector 60/62 

Starting simulation of basis vector 61/62
Performing CTM pre-steps without tracking
  | CTM step 1 conv: 1.000e+00 time: 0.58
  | CTM step 2 conv: 1.000e+00 time: 0.64
  | CTM step 3 conv: 1.000e+00 time: 0.67
  | CTM step 4 conv: 1.000e+00 time: 0.71
  | CTM step 5 conv: 1.000e+00 time: 0.71
  | CTM step 6 conv: 1.000e+00 time: 0.71
  | CTM step 7 conv: 4.826e-06 time: 0.71
  | CTM step 8 conv: 1.003e-05 time: 0.7
  | CTM step 9 conv: 1.567e-06 time: 0.7
  | CTM step 10 conv: 1.015e-06 time: 0.7
Performing CTM
  | CTM step 1 conv: 1.000e+00 time: 0.91
  | CTM step 2 conv: 1.468e-08 time: 1.07
  | CTM step 3 conv: 7.189e-09 time: 1.07
Energies: -0.08368666555643547 0.0
Norm: 0.007878325570893173
========== 
Finished basis vector 61/62 

Starting simulation of basis vector 62/62
Performing CTM pre-steps without tracking
  | CTM step 1 conv: 1.000e+00 time: 0.57
  | CTM step 2 conv: 1.000e+00 time: 0.64
  | CTM step 3 conv: 1.000e+00 time: 0.67
  | CTM step 4 conv: 1.000e+00 time: 0.73
  | CTM step 5 conv: 1.000e+00 time: 0.71
  | CTM step 6 conv: 1.000e+00 time: 0.71
  | CTM step 7 conv: 4.826e-06 time: 0.7
  | CTM step 8 conv: 1.003e-05 time: 0.7
  | CTM step 9 conv: 1.567e-06 time: 0.7
  | CTM step 10 conv: 1.015e-06 time: 0.7
Performing CTM
  | CTM step 1 conv: 1.000e+00 time: 0.91
  | CTM step 2 conv: 1.468e-08 time: 1.07
  | CTM step 3 conv: 7.189e-09 time: 1.07
Energies: 0.1112262665213819 0.0
Norm: 0.02829328723306349
========== 
Finished basis vector 62/62 

[[ 9.98348262e-02+1.21969106e-20j -1.34207269e-02+8.71058180e-18j
  -1.95915688e-02+5.05553289e-18j ... -3.51669264e-03-3.02152845e-19j
   2.52456134e-03+3.20339975e-19j -5.13837498e-03-7.22020059e-19j]
 [-1.07863572e-02-6.64988953e-18j  2.21058088e-01-7.24054330e-18j
   2.56060959e-02-9.88962879e-18j ...  8.74927292e-03-9.63629857e-18j
   3.02000176e-02-1.22096825e-17j  4.67962368e-02+2.01504245e-17j]
 [-1.84032799e-02-2.78944252e-18j -6.34646874e-03-2.68539639e-18j
  -1.52527475e-02-6.59812615e-18j ... -5.60406653e-02-1.07649140e-17j
   5.89862185e-02-1.15019396e-17j -5.57421719e-02+1.90735581e-17j]
 ...
 [-2.94170406e-03-2.60733883e-19j  4.12771159e-02-4.30864897e-18j
  -7.42787448e-03-1.21806279e-18j ...  7.91057625e-02+5.28055364e-18j
   2.82569989e-02+5.28567443e-18j -1.06608298e-02-1.05002595e-17j]
 [ 2.31684871e-03+5.67382674e-19j  2.65857133e-02+1.11388503e-18j
   3.33476868e-02-1.02886607e-18j ...  3.17083205e-02-7.98398635e-18j
  -1.29110653e-02-5.72883797e-18j  9.09999350e-04+1.05807921e-17j]
 [-4.12284275e-03-3.70694068e-19j  7.77846578e-02-4.17868046e-18j
  -1.64643828e-04-5.57191991e-19j ... -7.23743213e-03+1.11432206e-17j
  -1.01017972e-02+5.24903718e-18j  1.02007135e-01-1.00312401e-17j]]
[[ 0.05059855+5.61050291e-25j  0.00800734+9.43701832e-18j
   0.00102574+5.24286058e-18j ... -0.00347998-4.61790692e-19j
   0.00197745+2.88945618e-19j -0.00502481-6.55628538e-19j]
 [ 0.00800735-9.43702344e-18j  0.09228717+2.97139783e-24j
   0.05174624-4.11459718e-20j ...  0.00421507+6.88713501e-19j
  -0.00033789-7.30740240e-19j  0.00033864+1.70481778e-18j]
 [ 0.00102574-5.24286078e-18j  0.05174623+4.11462010e-20j
   0.05948446-6.62637364e-25j ... -0.00088113+5.60336632e-19j
  -0.00545047-4.10831183e-19j -0.00286315+9.63238894e-19j]
 ...
 [-0.00347996+4.61777839e-19j  0.00421505-6.88718879e-19j
  -0.00088114-5.60329907e-19j ...  0.04719248-3.67623420e-23j
   0.01885262+2.15434437e-18j -0.03888202-4.50379869e-18j]
 [ 0.00197744-2.88941612e-19j -0.00033793+7.30728230e-19j
  -0.00545047+4.10828230e-19j ...  0.01885249-2.15429658e-18j
   0.01575665+2.27104067e-23j -0.02508311+7.38025406e-20j]
 [-0.00502477+6.55611084e-19j  0.00033868-1.70479275e-18j
  -0.00286316-9.63230432e-19j ... -0.0388819 +4.50376828e-18j
  -0.02508316-7.38583201e-20j  0.05658657+3.39448874e-23j]]
Done
Saved to /share/home/tanyi/ad-peps/simulations/exci/11_honey_brick_D2_X30/27_1.0_0.0.npz
