No GPU/TPU found, falling back to CPU. (Set TF_CPP_MIN_LOG_LEVEL=0 and rerun for more info.)
Namespace(version=False, sim_mode='exci', config_file='ising_D2_exci.yaml', momentum_ix=28, evaluate=False, init=False)
Running excited-state sim
ising_D2_exci.yaml
/share/home/tanyi/ad-peps/examples/ising_D2_exci.yaml
/share/home/tanyi/ad-peps/examples/ising_D2_exci.yaml
D: 2
chi: 30
ctm_conv_tol: 1.0e-06
ctm_max_iter: 20
ctm_min_iter: 4
disp_level: 1
flush_output: true
model: ising
model_params:
  h: 3
momentum_path: Bril1
out_prefix: null
pattern:
- - 0
  - 1
- - 1
  - 0
resume: true

Starting simulation of basis vector 1/62
Performing CTM pre-steps without tracking
  | CTM step 1 conv: 1.000e+00 time: 2.94
  | CTM step 2 conv: 1.000e+00 time: 6.01
  | CTM step 3 conv: 1.000e+00 time: 8.65
  | CTM step 4 conv: 1.556e-05 time: 5.07
  | CTM step 5 conv: 5.657e-06 time: 0.65
Performing CTM
  | CTM step 1 conv: 1.000e+00 time: 1.76
  | CTM step 2 conv: 1.427e-09 time: 1.26
  | CTM step 3 conv: 1.389e-10 time: 1.03
Energies: 0.010121205002536856 7.86804288374957e-14
Norm: 0.0015419964448217752
========== 
Finished basis vector 1/62 

Starting simulation of basis vector 2/62
Performing CTM pre-steps without tracking
  | CTM step 1 conv: 1.000e+00 time: 0.58
  | CTM step 2 conv: 1.000e+00 time: 0.65
  | CTM step 3 conv: 1.000e+00 time: 0.69
  | CTM step 4 conv: 1.556e-05 time: 0.67
  | CTM step 5 conv: 5.657e-06 time: 0.68
Performing CTM
  | CTM step 1 conv: 1.000e+00 time: 0.86
  | CTM step 2 conv: 1.427e-09 time: 1.03
  | CTM step 3 conv: 1.389e-10 time: 1.02
Energies: 0.009576313270718496 7.86804288374957e-14
Norm: 0.0014753319890698311
========== 
Finished basis vector 2/62 

Starting simulation of basis vector 3/62
Performing CTM pre-steps without tracking
  | CTM step 1 conv: 1.000e+00 time: 0.58
  | CTM step 2 conv: 1.000e+00 time: 0.65
  | CTM step 3 conv: 1.000e+00 time: 0.66
  | CTM step 4 conv: 1.556e-05 time: 0.65
  | CTM step 5 conv: 5.657e-06 time: 0.65
Performing CTM
  | CTM step 1 conv: 1.000e+00 time: 0.86
  | CTM step 2 conv: 1.427e-09 time: 1.02
  | CTM step 3 conv: 1.389e-10 time: 1.06
Energies: 0.0784326670273168 7.86804288374957e-14
Norm: 0.01271976384704202
========== 
Finished basis vector 3/62 

Starting simulation of basis vector 4/62
Performing CTM pre-steps without tracking
  | CTM step 1 conv: 1.000e+00 time: 0.58
  | CTM step 2 conv: 1.000e+00 time: 0.64
  | CTM step 3 conv: 1.000e+00 time: 0.65
  | CTM step 4 conv: 1.556e-05 time: 0.67
  | CTM step 5 conv: 5.657e-06 time: 0.66
Performing CTM
  | CTM step 1 conv: 1.000e+00 time: 0.95
  | CTM step 2 conv: 1.427e-09 time: 1.02
  | CTM step 3 conv: 1.389e-10 time: 1.02
Energies: 0.06914684477600805 7.86804288374957e-14
Norm: 0.01125036586754246
========== 
Finished basis vector 4/62 

Starting simulation of basis vector 5/62
Performing CTM pre-steps without tracking
  | CTM step 1 conv: 1.000e+00 time: 0.58
  | CTM step 2 conv: 1.000e+00 time: 0.64
  | CTM step 3 conv: 1.000e+00 time: 0.66
  | CTM step 4 conv: 1.556e-05 time: 0.66
  | CTM step 5 conv: 5.657e-06 time: 0.65
Performing CTM
  | CTM step 1 conv: 1.000e+00 time: 0.85
  | CTM step 2 conv: 1.427e-09 time: 1.02
  | CTM step 3 conv: 1.389e-10 time: 1.02
Energies: 0.01193943468048846 7.86804288374957e-14
Norm: 0.0018112602597679399
========== 
Finished basis vector 5/62 

Starting simulation of basis vector 6/62
Performing CTM pre-steps without tracking
  | CTM step 1 conv: 1.000e+00 time: 0.58
  | CTM step 2 conv: 1.000e+00 time: 0.64
  | CTM step 3 conv: 1.000e+00 time: 0.69
  | CTM step 4 conv: 1.556e-05 time: 0.66
  | CTM step 5 conv: 5.657e-06 time: 0.65
Performing CTM
  | CTM step 1 conv: 1.000e+00 time: 0.86
  | CTM step 2 conv: 1.427e-09 time: 1.02
  | CTM step 3 conv: 1.389e-10 time: 1.07
Energies: 0.07301100152443171 7.86804288374957e-14
Norm: 0.011793764810530624
========== 
Finished basis vector 6/62 

Starting simulation of basis vector 7/62
Performing CTM pre-steps without tracking
  | CTM step 1 conv: 1.000e+00 time: 0.58
  | CTM step 2 conv: 1.000e+00 time: 0.64
  | CTM step 3 conv: 1.000e+00 time: 0.66
  | CTM step 4 conv: 1.556e-05 time: 0.65
  | CTM step 5 conv: 5.657e-06 time: 0.65
Performing CTM
  | CTM step 1 conv: 1.000e+00 time: 0.89
  | CTM step 2 conv: 1.427e-09 time: 1.02
  | CTM step 3 conv: 1.389e-10 time: 1.01
Energies: 0.014188173706700068 7.86804288374957e-14
Norm: 0.002201881785680323
========== 
Finished basis vector 7/62 

Starting simulation of basis vector 8/62
Performing CTM pre-steps without tracking
  | CTM step 1 conv: 1.000e+00 time: 0.58
  | CTM step 2 conv: 1.000e+00 time: 0.64
  | CTM step 3 conv: 1.000e+00 time: 0.65
  | CTM step 4 conv: 1.556e-05 time: 0.66
  | CTM step 5 conv: 5.657e-06 time: 0.65
Performing CTM
  | CTM step 1 conv: 1.000e+00 time: 0.87
  | CTM step 2 conv: 1.427e-09 time: 1.02
  | CTM step 3 conv: 1.389e-10 time: 1.02
Energies: 0.027279137642716875 7.86804288374957e-14
Norm: 0.004392650074972911
========== 
Finished basis vector 8/62 

Starting simulation of basis vector 9/62
Performing CTM pre-steps without tracking
  | CTM step 1 conv: 1.000e+00 time: 0.58
  | CTM step 2 conv: 1.000e+00 time: 0.64
  | CTM step 3 conv: 1.000e+00 time: 0.65
  | CTM step 4 conv: 1.556e-05 time: 0.66
  | CTM step 5 conv: 5.657e-06 time: 0.65
Performing CTM
  | CTM step 1 conv: 1.000e+00 time: 0.85
  | CTM step 2 conv: 1.427e-09 time: 1.02
  | CTM step 3 conv: 1.389e-10 time: 1.06
Energies: 0.04413454635976727 7.86804288374957e-14
Norm: 0.00710775387965491
========== 
Finished basis vector 9/62 

Starting simulation of basis vector 10/62
Performing CTM pre-steps without tracking
  | CTM step 1 conv: 1.000e+00 time: 0.57
  | CTM step 2 conv: 1.000e+00 time: 0.63
  | CTM step 3 conv: 1.000e+00 time: 0.65
  | CTM step 4 conv: 1.556e-05 time: 0.65
  | CTM step 5 conv: 5.657e-06 time: 0.65
Performing CTM
  | CTM step 1 conv: 1.000e+00 time: 0.85
  | CTM step 2 conv: 1.427e-09 time: 1.02
  | CTM step 3 conv: 1.389e-10 time: 1.01
Energies: 0.12426172322418821 7.86804288374957e-14
Norm: 0.020307263654643762
========== 
Finished basis vector 10/62 

Starting simulation of basis vector 11/62
Performing CTM pre-steps without tracking
  | CTM step 1 conv: 1.000e+00 time: 0.58
  | CTM step 2 conv: 1.000e+00 time: 0.64
  | CTM step 3 conv: 1.000e+00 time: 0.65
  | CTM step 4 conv: 1.556e-05 time: 0.66
  | CTM step 5 conv: 5.657e-06 time: 0.65
Performing CTM
  | CTM step 1 conv: 1.000e+00 time: 0.85
  | CTM step 2 conv: 1.427e-09 time: 1.02
  | CTM step 3 conv: 1.389e-10 time: 1.01
Energies: 0.1542996942018236 7.86804288374957e-14
Norm: 0.025447835705195807
========== 
Finished basis vector 11/62 

Starting simulation of basis vector 12/62
Performing CTM pre-steps without tracking
  | CTM step 1 conv: 1.000e+00 time: 0.58
  | CTM step 2 conv: 1.000e+00 time: 0.64
  | CTM step 3 conv: 1.000e+00 time: 0.69
  | CTM step 4 conv: 1.556e-05 time: 0.66
  | CTM step 5 conv: 5.657e-06 time: 0.65
Performing CTM
  | CTM step 1 conv: 1.000e+00 time: 0.85
  | CTM step 2 conv: 1.427e-09 time: 1.02
  | CTM step 3 conv: 1.389e-10 time: 1.02
Energies: 0.025090983984250005 7.86804288374957e-14
Norm: 0.003953981500649247
========== 
Finished basis vector 12/62 

Starting simulation of basis vector 13/62
Performing CTM pre-steps without tracking
  | CTM step 1 conv: 1.000e+00 time: 0.57
  | CTM step 2 conv: 1.000e+00 time: 0.64
  | CTM step 3 conv: 1.000e+00 time: 0.66
  | CTM step 4 conv: 1.556e-05 time: 0.65
  | CTM step 5 conv: 5.657e-06 time: 0.65
Performing CTM
  | CTM step 1 conv: 1.000e+00 time: 0.85
  | CTM step 2 conv: 1.427e-09 time: 1.07
  | CTM step 3 conv: 1.389e-10 time: 1.03
Energies: 0.003969028486628948 7.86804288374957e-14
Norm: 0.0005737735827534757
========== 
Finished basis vector 13/62 

Starting simulation of basis vector 14/62
Performing CTM pre-steps without tracking
  | CTM step 1 conv: 1.000e+00 time: 0.58
  | CTM step 2 conv: 1.000e+00 time: 0.64
  | CTM step 3 conv: 1.000e+00 time: 0.69
  | CTM step 4 conv: 1.556e-05 time: 0.66
  | CTM step 5 conv: 5.657e-06 time: 0.65
Performing CTM
  | CTM step 1 conv: 1.000e+00 time: 0.85
  | CTM step 2 conv: 1.427e-09 time: 1.02
  | CTM step 3 conv: 1.389e-10 time: 1.01
Energies: 0.020123395417421468 7.86804288374957e-14
Norm: 0.0031696903194798507
========== 
Finished basis vector 14/62 

Starting simulation of basis vector 15/62
Performing CTM pre-steps without tracking
  | CTM step 1 conv: 1.000e+00 time: 0.58
  | CTM step 2 conv: 1.000e+00 time: 0.64
  | CTM step 3 conv: 1.000e+00 time: 0.66
  | CTM step 4 conv: 1.556e-05 time: 0.66
  | CTM step 5 conv: 5.657e-06 time: 0.66
Performing CTM
  | CTM step 1 conv: 1.000e+00 time: 0.85
  | CTM step 2 conv: 1.427e-09 time: 1.02
  | CTM step 3 conv: 1.389e-10 time: 1.02
Energies: 0.007251321745637571 7.86804288374957e-14
Norm: 0.0010361610007824493
========== 
Finished basis vector 15/62 

Starting simulation of basis vector 16/62
Performing CTM pre-steps without tracking
  | CTM step 1 conv: 1.000e+00 time: 0.58
  | CTM step 2 conv: 1.000e+00 time: 0.64
  | CTM step 3 conv: 1.000e+00 time: 0.65
  | CTM step 4 conv: 1.556e-05 time: 0.66
  | CTM step 5 conv: 5.657e-06 time: 0.65
Performing CTM
  | CTM step 1 conv: 1.000e+00 time: 0.86
  | CTM step 2 conv: 1.427e-09 time: 1.02
  | CTM step 3 conv: 1.389e-10 time: 1.06
Energies: 1.8941995861459784 7.86804288374957e-14
Norm: 0.3024034141849557
========== 
Finished basis vector 16/62 

Starting simulation of basis vector 17/62
Performing CTM pre-steps without tracking
  | CTM step 1 conv: 1.000e+00 time: 0.58
  | CTM step 2 conv: 1.000e+00 time: 0.65
  | CTM step 3 conv: 1.000e+00 time: 0.66
  | CTM step 4 conv: 1.556e-05 time: 0.66
  | CTM step 5 conv: 5.657e-06 time: 0.65
Performing CTM
  | CTM step 1 conv: 1.000e+00 time: 0.85
  | CTM step 2 conv: 1.427e-09 time: 1.02
  | CTM step 3 conv: 1.389e-10 time: 1.01
Energies: 0.5787006312118408 7.86804288374957e-14
Norm: 0.08933862211740282
========== 
Finished basis vector 17/62 

Starting simulation of basis vector 18/62
Performing CTM pre-steps without tracking
  | CTM step 1 conv: 1.000e+00 time: 0.57
  | CTM step 2 conv: 1.000e+00 time: 0.64
  | CTM step 3 conv: 1.000e+00 time: 0.65
  | CTM step 4 conv: 1.556e-05 time: 0.65
  | CTM step 5 conv: 5.657e-06 time: 0.65
Performing CTM
  | CTM step 1 conv: 1.000e+00 time: 0.87
  | CTM step 2 conv: 1.427e-09 time: 1.03
  | CTM step 3 conv: 1.389e-10 time: 1.02
Energies: 3.085623108240322 7.86804288374957e-14
Norm: 0.49765871743819107
========== 
Finished basis vector 18/62 

Starting simulation of basis vector 19/62
Performing CTM pre-steps without tracking
  | CTM step 1 conv: 1.000e+00 time: 0.58
  | CTM step 2 conv: 1.000e+00 time: 0.64
  | CTM step 3 conv: 1.000e+00 time: 0.65
  | CTM step 4 conv: 1.556e-05 time: 0.65
  | CTM step 5 conv: 5.657e-06 time: 0.65
Performing CTM
  | CTM step 1 conv: 1.000e+00 time: 0.85
  | CTM step 2 conv: 1.427e-09 time: 1.02
  | CTM step 3 conv: 1.389e-10 time: 1.01
Energies: 0.9445352275275791 7.86804288374957e-14
Norm: 0.14695268795235059
========== 
Finished basis vector 19/62 

Starting simulation of basis vector 20/62
Performing CTM pre-steps without tracking
  | CTM step 1 conv: 1.000e+00 time: 0.57
  | CTM step 2 conv: 1.000e+00 time: 0.63
  | CTM step 3 conv: 1.000e+00 time: 0.65
  | CTM step 4 conv: 1.556e-05 time: 0.65
  | CTM step 5 conv: 5.657e-06 time: 0.65
Performing CTM
  | CTM step 1 conv: 1.000e+00 time: 0.85
  | CTM step 2 conv: 1.427e-09 time: 1.06
  | CTM step 3 conv: 1.389e-10 time: 1.01
Energies: 0.2513197261214474 7.86804288374957e-14
Norm: 0.03478526760099784
========== 
Finished basis vector 20/62 

Starting simulation of basis vector 21/62
Performing CTM pre-steps without tracking
  | CTM step 1 conv: 1.000e+00 time: 0.57
  | CTM step 2 conv: 1.000e+00 time: 0.64
  | CTM step 3 conv: 1.000e+00 time: 0.65
  | CTM step 4 conv: 1.556e-05 time: 0.65
  | CTM step 5 conv: 5.657e-06 time: 0.65
Performing CTM
  | CTM step 1 conv: 1.000e+00 time: 0.85
  | CTM step 2 conv: 1.427e-09 time: 1.01
  | CTM step 3 conv: 1.389e-10 time: 1.01
Energies: 0.07568134318257225 7.86804288374957e-14
Norm: 0.010216558536462955
========== 
Finished basis vector 21/62 

Starting simulation of basis vector 22/62
Performing CTM pre-steps without tracking
  | CTM step 1 conv: 1.000e+00 time: 0.58
  | CTM step 2 conv: 1.000e+00 time: 0.64
  | CTM step 3 conv: 1.000e+00 time: 0.65
  | CTM step 4 conv: 1.556e-05 time: 0.66
  | CTM step 5 conv: 5.657e-06 time: 0.65
Performing CTM
  | CTM step 1 conv: 1.000e+00 time: 0.85
  | CTM step 2 conv: 1.427e-09 time: 1.01
  | CTM step 3 conv: 1.389e-10 time: 1.01
Energies: 0.3997551062623612 7.86804288374957e-14
Norm: 0.05570583570646639
========== 
Finished basis vector 22/62 

Starting simulation of basis vector 23/62
Performing CTM pre-steps without tracking
  | CTM step 1 conv: 1.000e+00 time: 0.58
  | CTM step 2 conv: 1.000e+00 time: 0.64
  | CTM step 3 conv: 1.000e+00 time: 0.66
  | CTM step 4 conv: 1.556e-05 time: 0.65
  | CTM step 5 conv: 5.657e-06 time: 0.65
Performing CTM
  | CTM step 1 conv: 1.000e+00 time: 0.85
  | CTM step 2 conv: 1.427e-09 time: 1.02
  | CTM step 3 conv: 1.389e-10 time: 1.07
Energies: 0.12036397201765192 7.86804288374957e-14
Norm: 0.01634279984579611
========== 
Finished basis vector 23/62 

Starting simulation of basis vector 24/62
Performing CTM pre-steps without tracking
  | CTM step 1 conv: 1.000e+00 time: 0.58
  | CTM step 2 conv: 1.000e+00 time: 0.64
  | CTM step 3 conv: 1.000e+00 time: 0.66
  | CTM step 4 conv: 1.556e-05 time: 0.66
  | CTM step 5 conv: 5.657e-06 time: 0.66
Performing CTM
  | CTM step 1 conv: 1.000e+00 time: 0.86
  | CTM step 2 conv: 1.427e-09 time: 1.02
  | CTM step 3 conv: 1.389e-10 time: 1.1
Energies: 1.4791779715337414 7.86804288374957e-14
Norm: 0.2360578181199694
========== 
Finished basis vector 24/62 

Starting simulation of basis vector 25/62
Performing CTM pre-steps without tracking
  | CTM step 1 conv: 1.000e+00 time: 0.58
  | CTM step 2 conv: 1.000e+00 time: 0.66
  | CTM step 3 conv: 1.000e+00 time: 0.67
  | CTM step 4 conv: 1.556e-05 time: 0.76
  | CTM step 5 conv: 5.657e-06 time: 0.77
Performing CTM
  | CTM step 1 conv: 1.000e+00 time: 0.86
  | CTM step 2 conv: 1.427e-09 time: 1.02
  | CTM step 3 conv: 1.389e-10 time: 1.03
Energies: 0.4526823425711278 7.86804288374957e-14
Norm: 0.06954002557307697
========== 
Finished basis vector 25/62 

Starting simulation of basis vector 26/62
Performing CTM pre-steps without tracking
  | CTM step 1 conv: 1.000e+00 time: 0.58
  | CTM step 2 conv: 1.000e+00 time: 0.76
  | CTM step 3 conv: 1.000e+00 time: 0.67
  | CTM step 4 conv: 1.556e-05 time: 0.66
  | CTM step 5 conv: 5.657e-06 time: 0.65
Performing CTM
  | CTM step 1 conv: 1.000e+00 time: 0.87
  | CTM step 2 conv: 1.427e-09 time: 1.03
  | CTM step 3 conv: 1.389e-10 time: 1.02
Energies: 2.420020122468115 7.86804288374957e-14
Norm: 0.3893215466120144
========== 
Finished basis vector 26/62 

Starting simulation of basis vector 27/62
Performing CTM pre-steps without tracking
  | CTM step 1 conv: 1.000e+00 time: 0.58
  | CTM step 2 conv: 1.000e+00 time: 0.64
  | CTM step 3 conv: 1.000e+00 time: 0.65
  | CTM step 4 conv: 1.556e-05 time: 0.65
  | CTM step 5 conv: 5.657e-06 time: 0.65
Performing CTM
  | CTM step 1 conv: 1.000e+00 time: 0.85
  | CTM step 2 conv: 1.427e-09 time: 1.07
  | CTM step 3 conv: 1.389e-10 time: 1.02
Energies: 0.7416028523347914 7.86804288374957e-14
Norm: 0.11461108970625282
========== 
Finished basis vector 27/62 

Starting simulation of basis vector 28/62
Performing CTM pre-steps without tracking
  | CTM step 1 conv: 1.000e+00 time: 0.58
  | CTM step 2 conv: 1.000e+00 time: 0.64
  | CTM step 3 conv: 1.000e+00 time: 0.65
  | CTM step 4 conv: 1.556e-05 time: 0.66
  | CTM step 5 conv: 5.657e-06 time: 0.65
Performing CTM
  | CTM step 1 conv: 1.000e+00 time: 0.86
  | CTM step 2 conv: 1.427e-09 time: 1.02
  | CTM step 3 conv: 1.389e-10 time: 1.02
Energies: 0.19389690185934652 7.86804288374957e-14
Norm: 0.026912699415068894
========== 
Finished basis vector 28/62 

Starting simulation of basis vector 29/62
Performing CTM pre-steps without tracking
  | CTM step 1 conv: 1.000e+00 time: 0.58
  | CTM step 2 conv: 1.000e+00 time: 0.64
  | CTM step 3 conv: 1.000e+00 time: 0.66
  | CTM step 4 conv: 1.556e-05 time: 0.66
  | CTM step 5 conv: 5.657e-06 time: 0.66
Performing CTM
  | CTM step 1 conv: 1.000e+00 time: 0.85
  | CTM step 2 conv: 1.427e-09 time: 1.09
  | CTM step 3 conv: 1.389e-10 time: 1.02
Energies: 0.0584393320069638 7.86804288374957e-14
Norm: 0.007880501084611656
========== 
Finished basis vector 29/62 

Starting simulation of basis vector 30/62
Performing CTM pre-steps without tracking
  | CTM step 1 conv: 1.000e+00 time: 0.58
  | CTM step 2 conv: 1.000e+00 time: 0.66
  | CTM step 3 conv: 1.000e+00 time: 0.67
  | CTM step 4 conv: 1.556e-05 time: 0.67
  | CTM step 5 conv: 5.657e-06 time: 0.65
Performing CTM
  | CTM step 1 conv: 1.000e+00 time: 0.86
  | CTM step 2 conv: 1.427e-09 time: 1.03
  | CTM step 3 conv: 1.389e-10 time: 1.08
Energies: 0.30917345224821324 7.86804288374957e-14
Norm: 0.0431609152156646
========== 
Finished basis vector 30/62 

Starting simulation of basis vector 31/62
Performing CTM pre-steps without tracking
  | CTM step 1 conv: 1.000e+00 time: 0.59
  | CTM step 2 conv: 1.000e+00 time: 0.66
  | CTM step 3 conv: 1.000e+00 time: 0.78
  | CTM step 4 conv: 1.556e-05 time: 0.7
  | CTM step 5 conv: 5.657e-06 time: 0.66
Performing CTM
  | CTM step 1 conv: 1.000e+00 time: 0.87
  | CTM step 2 conv: 1.427e-09 time: 1.03
  | CTM step 3 conv: 1.389e-10 time: 1.02
Energies: 0.09326822933434425 7.86804288374957e-14
Norm: 0.012630548670491175
========== 
Finished basis vector 31/62 

Starting simulation of basis vector 32/62
Performing CTM pre-steps without tracking
  | CTM step 1 conv: 1.000e+00 time: 0.59
  | CTM step 2 conv: 1.000e+00 time: 0.77
  | CTM step 3 conv: 1.000e+00 time: 0.67
  | CTM step 4 conv: 1.556e-05 time: 0.67
  | CTM step 5 conv: 5.657e-06 time: 0.67
Performing CTM
  | CTM step 1 conv: 1.000e+00 time: 0.9
  | CTM step 2 conv: 1.427e-09 time: 1.06
  | CTM step 3 conv: 1.389e-10 time: 1.03
Energies: 0.1853734383266 7.86804288374957e-14
Norm: 0.029872328350394578
========== 
Finished basis vector 32/62 

Starting simulation of basis vector 33/62
Performing CTM pre-steps without tracking
  | CTM step 1 conv: 1.000e+00 time: 0.58
  | CTM step 2 conv: 1.000e+00 time: 0.76
  | CTM step 3 conv: 1.000e+00 time: 0.74
  | CTM step 4 conv: 1.556e-05 time: 0.67
  | CTM step 5 conv: 5.657e-06 time: 0.66
Performing CTM
  | CTM step 1 conv: 1.000e+00 time: 0.88
  | CTM step 2 conv: 1.427e-09 time: 1.04
  | CTM step 3 conv: 1.389e-10 time: 1.03
Energies: 0.10553582993655962 7.86804288374957e-14
Norm: 0.01603965589881016
========== 
Finished basis vector 33/62 

Starting simulation of basis vector 34/62
Performing CTM pre-steps without tracking
  | CTM step 1 conv: 1.000e+00 time: 0.58
  | CTM step 2 conv: 1.000e+00 time: 0.65
  | CTM step 3 conv: 1.000e+00 time: 0.66
  | CTM step 4 conv: 1.556e-05 time: 0.66
  | CTM step 5 conv: 5.657e-06 time: 0.66
Performing CTM
  | CTM step 1 conv: 1.000e+00 time: 0.87
  | CTM step 2 conv: 1.427e-09 time: 1.08
  | CTM step 3 conv: 1.389e-10 time: 1.05
Energies: 0.08578861220646852 7.86804288374957e-14
Norm: 0.012414419134099828
========== 
Finished basis vector 34/62 

Starting simulation of basis vector 35/62
Performing CTM pre-steps without tracking
  | CTM step 1 conv: 1.000e+00 time: 0.58
  | CTM step 2 conv: 1.000e+00 time: 0.65
  | CTM step 3 conv: 1.000e+00 time: 0.66
  | CTM step 4 conv: 1.556e-05 time: 0.66
  | CTM step 5 conv: 5.657e-06 time: 0.66
Performing CTM
  | CTM step 1 conv: 1.000e+00 time: 0.87
  | CTM step 2 conv: 1.427e-09 time: 1.03
  | CTM step 3 conv: 1.389e-10 time: 1.03
Energies: 0.018657077800468387 7.86804288374957e-14
Norm: 0.00178869379070523
========== 
Finished basis vector 35/62 

Starting simulation of basis vector 36/62
Performing CTM pre-steps without tracking
  | CTM step 1 conv: 1.000e+00 time: 0.59
  | CTM step 2 conv: 1.000e+00 time: 0.65
  | CTM step 3 conv: 1.000e+00 time: 0.7
  | CTM step 4 conv: 1.556e-05 time: 0.67
  | CTM step 5 conv: 5.657e-06 time: 0.66
Performing CTM
  | CTM step 1 conv: 1.000e+00 time: 0.86
  | CTM step 2 conv: 1.427e-09 time: 1.03
  | CTM step 3 conv: 1.389e-10 time: 1.03
Energies: 0.04014837882971135 7.86804288374957e-14
Norm: 0.0052646809820688515
========== 
Finished basis vector 36/62 

Starting simulation of basis vector 37/62
Performing CTM pre-steps without tracking
  | CTM step 1 conv: 1.000e+00 time: 0.58
  | CTM step 2 conv: 1.000e+00 time: 0.64
  | CTM step 3 conv: 1.000e+00 time: 0.67
  | CTM step 4 conv: 1.556e-05 time: 0.66
  | CTM step 5 conv: 5.657e-06 time: 0.66
Performing CTM
  | CTM step 1 conv: 1.000e+00 time: 0.86
  | CTM step 2 conv: 1.427e-09 time: 1.03
  | CTM step 3 conv: 1.389e-10 time: 1.09
Energies: 0.06889288400866499 7.86804288374957e-14
Norm: 0.009219426212323365
========== 
Finished basis vector 37/62 

Starting simulation of basis vector 38/62
Performing CTM pre-steps without tracking
  | CTM step 1 conv: 1.000e+00 time: 0.58
  | CTM step 2 conv: 1.000e+00 time: 0.65
  | CTM step 3 conv: 1.000e+00 time: 0.66
  | CTM step 4 conv: 1.556e-05 time: 0.66
  | CTM step 5 conv: 5.657e-06 time: 0.66
Performing CTM
  | CTM step 1 conv: 1.000e+00 time: 0.91
  | CTM step 2 conv: 1.427e-09 time: 1.03
  | CTM step 3 conv: 1.389e-10 time: 1.03
Energies: 0.008367259703138705 7.86804288374957e-14
Norm: 0.0007301636916376953
========== 
Finished basis vector 38/62 

Starting simulation of basis vector 39/62
Performing CTM pre-steps without tracking
  | CTM step 1 conv: 1.000e+00 time: 0.58
  | CTM step 2 conv: 1.000e+00 time: 0.65
  | CTM step 3 conv: 1.000e+00 time: 0.66
  | CTM step 4 conv: 1.556e-05 time: 0.66
  | CTM step 5 conv: 5.657e-06 time: 0.66
Performing CTM
  | CTM step 1 conv: 1.000e+00 time: 0.86
  | CTM step 2 conv: 1.427e-09 time: 1.03
  | CTM step 3 conv: 1.389e-10 time: 1.02
Energies: 0.048679203241361435 7.86804288374957e-14
Norm: 0.006915737078767975
========== 
Finished basis vector 39/62 

Starting simulation of basis vector 40/62
Performing CTM pre-steps without tracking
  | CTM step 1 conv: 1.000e+00 time: 0.58
  | CTM step 2 conv: 1.000e+00 time: 0.64
  | CTM step 3 conv: 1.000e+00 time: 0.66
  | CTM step 4 conv: 1.556e-05 time: 0.66
  | CTM step 5 conv: 5.657e-06 time: 0.66
Performing CTM
  | CTM step 1 conv: 1.000e+00 time: 0.86
  | CTM step 2 conv: 1.427e-09 time: 1.03
  | CTM step 3 conv: 1.389e-10 time: 1.02
Energies: 0.1009157175229746 7.86804288374957e-14
Norm: 0.015125613384231849
========== 
Finished basis vector 40/62 

Starting simulation of basis vector 41/62
Performing CTM pre-steps without tracking
  | CTM step 1 conv: 1.000e+00 time: 0.58
  | CTM step 2 conv: 1.000e+00 time: 0.65
  | CTM step 3 conv: 1.000e+00 time: 0.66
  | CTM step 4 conv: 1.556e-05 time: 0.66
  | CTM step 5 conv: 5.657e-06 time: 0.66
Performing CTM
  | CTM step 1 conv: 1.000e+00 time: 0.87
  | CTM step 2 conv: 1.427e-09 time: 1.08
  | CTM step 3 conv: 1.389e-10 time: 1.05
Energies: 0.4674691388608493 7.86804288374957e-14
Norm: 0.07583532836483509
========== 
Finished basis vector 41/62 

Starting simulation of basis vector 42/62
Performing CTM pre-steps without tracking
  | CTM step 1 conv: 1.000e+00 time: 0.58
  | CTM step 2 conv: 1.000e+00 time: 0.64
  | CTM step 3 conv: 1.000e+00 time: 0.66
  | CTM step 4 conv: 1.556e-05 time: 0.66
  | CTM step 5 conv: 5.657e-06 time: 0.66
Performing CTM
  | CTM step 1 conv: 1.000e+00 time: 0.86
  | CTM step 2 conv: 1.427e-09 time: 1.03
  | CTM step 3 conv: 1.389e-10 time: 1.02
Energies: 0.018785544081790607 7.86804288374957e-14
Norm: 0.002452270548299447
========== 
Finished basis vector 42/62 

Starting simulation of basis vector 43/62
Performing CTM pre-steps without tracking
  | CTM step 1 conv: 1.000e+00 time: 0.58
  | CTM step 2 conv: 1.000e+00 time: 0.65
  | CTM step 3 conv: 1.000e+00 time: 0.66
  | CTM step 4 conv: 1.556e-05 time: 0.66
  | CTM step 5 conv: 5.657e-06 time: 0.66
Performing CTM
  | CTM step 1 conv: 1.000e+00 time: 0.86
  | CTM step 2 conv: 1.427e-09 time: 1.03
  | CTM step 3 conv: 1.389e-10 time: 1.02
Energies: 0.2639493779201141 7.86804288374957e-14
Norm: 0.04207296942613328
========== 
Finished basis vector 43/62 

Starting simulation of basis vector 44/62
Performing CTM pre-steps without tracking
  | CTM step 1 conv: 1.000e+00 time: 0.58
  | CTM step 2 conv: 1.000e+00 time: 0.81
  | CTM step 3 conv: 1.000e+00 time: 0.67
  | CTM step 4 conv: 1.556e-05 time: 0.66
  | CTM step 5 conv: 5.657e-06 time: 0.66
Performing CTM
  | CTM step 1 conv: 1.000e+00 time: 0.86
  | CTM step 2 conv: 1.427e-09 time: 1.03
  | CTM step 3 conv: 1.389e-10 time: 1.07
Energies: 0.05051121278169411 7.86804288374957e-14
Norm: 0.007719947696830338
========== 
Finished basis vector 44/62 

Starting simulation of basis vector 45/62
Performing CTM pre-steps without tracking
  | CTM step 1 conv: 1.000e+00 time: 0.58
  | CTM step 2 conv: 1.000e+00 time: 0.65
  | CTM step 3 conv: 1.000e+00 time: 0.66
  | CTM step 4 conv: 1.556e-05 time: 0.66
  | CTM step 5 conv: 5.657e-06 time: 0.66
Performing CTM
  | CTM step 1 conv: 1.000e+00 time: 0.86
  | CTM step 2 conv: 1.427e-09 time: 1.05
  | CTM step 3 conv: 1.389e-10 time: 1.06
Energies: 0.6670767134911806 7.86804288374957e-14
Norm: 0.10957779827671689
========== 
Finished basis vector 45/62 

Starting simulation of basis vector 46/62
Performing CTM pre-steps without tracking
  | CTM step 1 conv: 1.000e+00 time: 0.58
  | CTM step 2 conv: 1.000e+00 time: 0.64
  | CTM step 3 conv: 1.000e+00 time: 0.66
  | CTM step 4 conv: 1.556e-05 time: 0.66
  | CTM step 5 conv: 5.657e-06 time: 0.65
Performing CTM
  | CTM step 1 conv: 1.000e+00 time: 0.86
  | CTM step 2 conv: 1.427e-09 time: 1.03
  | CTM step 3 conv: 1.389e-10 time: 1.02
Energies: 0.09269365844459362 7.86804288374957e-14
Norm: 0.013890816595061509
========== 
Finished basis vector 46/62 

Starting simulation of basis vector 47/62
Performing CTM pre-steps without tracking
  | CTM step 1 conv: 1.000e+00 time: 0.58
  | CTM step 2 conv: 1.000e+00 time: 0.64
  | CTM step 3 conv: 1.000e+00 time: 0.67
  | CTM step 4 conv: 1.556e-05 time: 0.66
  | CTM step 5 conv: 5.657e-06 time: 0.65
Performing CTM
  | CTM step 1 conv: 1.000e+00 time: 0.86
  | CTM step 2 conv: 1.427e-09 time: 1.02
  | CTM step 3 conv: 1.389e-10 time: 1.02
Energies: 1.5720708078095076 7.86804288374957e-14
Norm: 0.22772709234584018
========== 
Finished basis vector 47/62 

Starting simulation of basis vector 48/62
Performing CTM pre-steps without tracking
  | CTM step 1 conv: 1.000e+00 time: 0.58
  | CTM step 2 conv: 1.000e+00 time: 0.64
  | CTM step 3 conv: 1.000e+00 time: 0.66
  | CTM step 4 conv: 1.556e-05 time: 0.66
  | CTM step 5 conv: 5.657e-06 time: 0.66
Performing CTM
  | CTM step 1 conv: 1.000e+00 time: 0.86
  | CTM step 2 conv: 1.427e-09 time: 1.07
  | CTM step 3 conv: 1.389e-10 time: 1.02
Energies: 0.5037666428526437 7.86804288374957e-14
Norm: 0.06788192748113522
========== 
Finished basis vector 48/62 

Starting simulation of basis vector 49/62
Performing CTM pre-steps without tracking
  | CTM step 1 conv: 1.000e+00 time: 0.58
  | CTM step 2 conv: 1.000e+00 time: 0.65
  | CTM step 3 conv: 1.000e+00 time: 0.67
  | CTM step 4 conv: 1.556e-05 time: 0.66
  | CTM step 5 conv: 5.657e-06 time: 0.66
Performing CTM
  | CTM step 1 conv: 1.000e+00 time: 0.86
  | CTM step 2 conv: 1.427e-09 time: 1.03
  | CTM step 3 conv: 1.389e-10 time: 1.02
Energies: 1.7502066099187115 7.86804288374957e-14
Norm: 0.25264829289959434
========== 
Finished basis vector 49/62 

Starting simulation of basis vector 50/62
Performing CTM pre-steps without tracking
  | CTM step 1 conv: 1.000e+00 time: 0.59
  | CTM step 2 conv: 1.000e+00 time: 0.65
  | CTM step 3 conv: 1.000e+00 time: 0.66
  | CTM step 4 conv: 1.556e-05 time: 0.66
  | CTM step 5 conv: 5.657e-06 time: 0.66
Performing CTM
  | CTM step 1 conv: 1.000e+00 time: 0.86
  | CTM step 2 conv: 1.427e-09 time: 1.12
  | CTM step 3 conv: 1.389e-10 time: 1.02
Energies: 0.5592870506303839 7.86804288374957e-14
Norm: 0.07547564717938508
========== 
Finished basis vector 50/62 

Starting simulation of basis vector 51/62
Performing CTM pre-steps without tracking
  | CTM step 1 conv: 1.000e+00 time: 0.58
  | CTM step 2 conv: 1.000e+00 time: 0.65
  | CTM step 3 conv: 1.000e+00 time: 0.66
  | CTM step 4 conv: 1.556e-05 time: 0.66
  | CTM step 5 conv: 5.657e-06 time: 0.66
Performing CTM
  | CTM step 1 conv: 1.000e+00 time: 0.87
  | CTM step 2 conv: 1.427e-09 time: 1.03
  | CTM step 3 conv: 1.389e-10 time: 1.08
Energies: 0.7318878478749891 7.86804288374957e-14
Norm: 0.09953681833476256
========== 
Finished basis vector 51/62 

Starting simulation of basis vector 52/62
Performing CTM pre-steps without tracking
  | CTM step 1 conv: 1.000e+00 time: 0.58
  | CTM step 2 conv: 1.000e+00 time: 0.64
  | CTM step 3 conv: 1.000e+00 time: 0.66
  | CTM step 4 conv: 1.556e-05 time: 0.66
  | CTM step 5 conv: 5.657e-06 time: 0.66
Performing CTM
  | CTM step 1 conv: 1.000e+00 time: 0.86
  | CTM step 2 conv: 1.427e-09 time: 1.03
  | CTM step 3 conv: 1.389e-10 time: 1.02
Energies: 0.23336544482078939 7.86804288374957e-14
Norm: 0.029666314426201438
========== 
Finished basis vector 52/62 

Starting simulation of basis vector 53/62
Performing CTM pre-steps without tracking
  | CTM step 1 conv: 1.000e+00 time: 0.58
  | CTM step 2 conv: 1.000e+00 time: 0.64
  | CTM step 3 conv: 1.000e+00 time: 0.66
  | CTM step 4 conv: 1.556e-05 time: 0.66
  | CTM step 5 conv: 5.657e-06 time: 0.66
Performing CTM
  | CTM step 1 conv: 1.000e+00 time: 0.86
  | CTM step 2 conv: 1.427e-09 time: 1.03
  | CTM step 3 conv: 1.389e-10 time: 1.02
Energies: 0.8152675784027206 7.86804288374957e-14
Norm: 0.11050996221606389
========== 
Finished basis vector 53/62 

Starting simulation of basis vector 54/62
Performing CTM pre-steps without tracking
  | CTM step 1 conv: 1.000e+00 time: 0.58
  | CTM step 2 conv: 1.000e+00 time: 0.65
  | CTM step 3 conv: 1.000e+00 time: 0.66
  | CTM step 4 conv: 1.556e-05 time: 0.66
  | CTM step 5 conv: 5.657e-06 time: 0.66
Performing CTM
  | CTM step 1 conv: 1.000e+00 time: 0.86
  | CTM step 2 conv: 1.427e-09 time: 1.03
  | CTM step 3 conv: 1.389e-10 time: 1.02
Energies: 0.2589752407835738 7.86804288374957e-14
Norm: 0.03298339784990355
========== 
Finished basis vector 54/62 

Starting simulation of basis vector 55/62
Performing CTM pre-steps without tracking
  | CTM step 1 conv: 1.000e+00 time: 0.58
  | CTM step 2 conv: 1.000e+00 time: 0.64
  | CTM step 3 conv: 1.000e+00 time: 0.66
  | CTM step 4 conv: 1.556e-05 time: 0.66
  | CTM step 5 conv: 5.657e-06 time: 0.65
Performing CTM
  | CTM step 1 conv: 1.000e+00 time: 0.86
  | CTM step 2 conv: 1.427e-09 time: 1.07
  | CTM step 3 conv: 1.389e-10 time: 1.02
Energies: 2.938041386333066 7.86804288374957e-14
Norm: 0.45369193667737356
========== 
Finished basis vector 55/62 

Starting simulation of basis vector 56/62
Performing CTM pre-steps without tracking
  | CTM step 1 conv: 1.000e+00 time: 0.58
  | CTM step 2 conv: 1.000e+00 time: 0.64
  | CTM step 3 conv: 1.000e+00 time: 0.65
  | CTM step 4 conv: 1.556e-05 time: 0.66
  | CTM step 5 conv: 5.657e-06 time: 0.65
Performing CTM
  | CTM step 1 conv: 1.000e+00 time: 0.86
  | CTM step 2 conv: 1.427e-09 time: 1.03
  | CTM step 3 conv: 1.389e-10 time: 1.02
Energies: 0.9476893401320066 7.86804288374957e-14
Norm: 0.13561604181709175
========== 
Finished basis vector 56/62 

Starting simulation of basis vector 57/62
Performing CTM pre-steps without tracking
  | CTM step 1 conv: 1.000e+00 time: 0.58
  | CTM step 2 conv: 1.000e+00 time: 0.65
  | CTM step 3 conv: 1.000e+00 time: 0.67
  | CTM step 4 conv: 1.556e-05 time: 0.67
  | CTM step 5 conv: 5.657e-06 time: 0.67
Performing CTM
  | CTM step 1 conv: 1.000e+00 time: 0.87
  | CTM step 2 conv: 1.427e-09 time: 1.04
  | CTM step 3 conv: 1.389e-10 time: 1.03
Energies: 3.280078207046123 7.86804288374957e-14
Norm: 0.5036625324710179
========== 
Finished basis vector 57/62 

Starting simulation of basis vector 58/62
Performing CTM pre-steps without tracking
  | CTM step 1 conv: 1.000e+00 time: 0.58
  | CTM step 2 conv: 1.000e+00 time: 0.65
  | CTM step 3 conv: 1.000e+00 time: 0.66
  | CTM step 4 conv: 1.556e-05 time: 0.66
  | CTM step 5 conv: 5.657e-06 time: 0.66
Performing CTM
  | CTM step 1 conv: 1.000e+00 time: 0.86
  | CTM step 2 conv: 1.427e-09 time: 1.03
  | CTM step 3 conv: 1.389e-10 time: 1.07
Energies: 1.053596253731094 7.86804288374957e-14
Norm: 0.15081555065694502
========== 
Finished basis vector 58/62 

Starting simulation of basis vector 59/62
Performing CTM pre-steps without tracking
  | CTM step 1 conv: 1.000e+00 time: 0.58
  | CTM step 2 conv: 1.000e+00 time: 0.64
  | CTM step 3 conv: 1.000e+00 time: 0.66
  | CTM step 4 conv: 1.556e-05 time: 0.66
  | CTM step 5 conv: 5.657e-06 time: 0.66
Performing CTM
  | CTM step 1 conv: 1.000e+00 time: 0.88
  | CTM step 2 conv: 1.427e-09 time: 1.05
  | CTM step 3 conv: 1.389e-10 time: 1.03
Energies: 1.3804210633793188 7.86804288374957e-14
Norm: 0.20074867904461538
========== 
Finished basis vector 59/62 

Starting simulation of basis vector 60/62
Performing CTM pre-steps without tracking
  | CTM step 1 conv: 1.000e+00 time: 0.58
  | CTM step 2 conv: 1.000e+00 time: 0.64
  | CTM step 3 conv: 1.000e+00 time: 0.66
  | CTM step 4 conv: 1.556e-05 time: 0.66
  | CTM step 5 conv: 5.657e-06 time: 0.66
Performing CTM
  | CTM step 1 conv: 1.000e+00 time: 0.86
  | CTM step 2 conv: 1.427e-09 time: 1.03
  | CTM step 3 conv: 1.389e-10 time: 1.02
Energies: 0.44265713432961956 7.86804288374957e-14
Norm: 0.05996140570290026
========== 
Finished basis vector 60/62 

Starting simulation of basis vector 61/62
Performing CTM pre-steps without tracking
  | CTM step 1 conv: 1.000e+00 time: 0.58
  | CTM step 2 conv: 1.000e+00 time: 0.64
  | CTM step 3 conv: 1.000e+00 time: 0.66
  | CTM step 4 conv: 1.556e-05 time: 0.66
  | CTM step 5 conv: 5.657e-06 time: 0.66
Performing CTM
  | CTM step 1 conv: 1.000e+00 time: 0.86
  | CTM step 2 conv: 1.427e-09 time: 1.03
  | CTM step 3 conv: 1.389e-10 time: 1.02
Energies: 1.5420433795366506 7.86804288374957e-14
Norm: 0.22304630967486694
========== 
Finished basis vector 61/62 

Starting simulation of basis vector 62/62
Performing CTM pre-steps without tracking
  | CTM step 1 conv: 1.000e+00 time: 0.58
  | CTM step 2 conv: 1.000e+00 time: 0.65
  | CTM step 3 conv: 1.000e+00 time: 0.66
  | CTM step 4 conv: 1.556e-05 time: 0.66
  | CTM step 5 conv: 5.657e-06 time: 0.66
Performing CTM
  | CTM step 1 conv: 1.000e+00 time: 0.86
  | CTM step 2 conv: 1.427e-09 time: 1.07
  | CTM step 3 conv: 1.389e-10 time: 1.02
Energies: 0.49270837409802803 7.86804288374957e-14
Norm: 0.06674952977241685
========== 
Finished basis vector 62/62 

[[ 0.02025119-1.16647572e-05j -0.00583251+7.65806509e-03j
  -0.0514876 -6.91419744e-03j ... -0.0763606 -6.02085707e-02j
   0.15718859+1.15504099e-01j -0.08074866-6.22137594e-02j]
 [-0.00580384-7.69305472e-03j  0.01918023-2.05853936e-05j
   0.02159617+2.47535111e-02j ...  0.01641803+6.32309347e-02j
  -0.02658948-1.27061626e-01j  0.01577262+6.68301887e-02j]
 [-0.0514789 +6.93219383e-03j  0.02165276-2.47213981e-02j
   0.15685276+1.76743297e-05j ...  0.25504112+1.41539071e-01j
  -0.52663692-2.80878929e-01j  0.27156847+1.48928300e-01j]
 ...
 [-0.07657796+5.84783000e-02j  0.0158442 -6.35022073e-02j
   0.25520429-1.40691166e-01j ...  0.88479982+1.48542397e-04j
  -1.30054652+5.07438454e-03j  0.82963445-1.39553993e-03j]
 [ 0.15709156-1.14939896e-01j -0.027251  +1.24612077e-01j
  -0.52731821+2.79561364e-01j ... -1.30081395-3.80052563e-03j
   3.08365733-1.71473585e-04j -1.56027299-1.70720131e-03j]
 [-0.08109543+6.12940358e-02j  0.01648963-6.66359411e-02j
   0.27246336-1.48238091e-01j ...  0.82967771+1.24163960e-03j
  -1.56007728+2.32848495e-03j  0.98508919-3.17491303e-05j]]
[[ 0.00308399+7.51920477e-10j -0.00100352+1.23744599e-03j
  -0.00836429-1.17326616e-03j ... -0.01288023-9.88298849e-03j
   0.02617412+1.93360608e-02j -0.01361068-1.02899094e-02j]
 [-0.00100351-1.23744161e-03j  0.00295066-3.60134091e-09j
   0.00354974+4.12889105e-03j ...  0.00246131+1.04054788e-02j
  -0.00431718-2.09014671e-02j  0.00245537+1.09964174e-02j]
 [-0.00836428+1.17327227e-03j  0.00354975-4.12890230e-03j
   0.02543953-1.18279236e-08j ...  0.04249785+2.32758670e-02j
  -0.0866565 -4.64711004e-02j  0.04508098+2.45095701e-02j]
 ...
 [-0.01288023+9.88298809e-03j  0.00246131-1.04054800e-02j
   0.04249784-2.32758689e-02j ...  0.11992281-1.57660697e-10j
  -0.2034223 +4.15522444e-04j  0.11858986-1.33888251e-04j]
 [ 0.02617412-1.93360572e-02j -0.00431717+2.09014738e-02j
  -0.0866565 +4.64710998e-02j ... -0.20342229-4.15522902e-04j
   0.44609262+1.59955363e-09j -0.22966862-1.65529809e-04j]
 [-0.01361069+1.02899073e-02j  0.00245537-1.09964213e-02j
   0.04508098-2.45095698e-02j ...  0.11858984+1.33888539e-04j
  -0.22966864+1.65528007e-04j  0.13349906+5.10141738e-10j]]
Done
Saved to /share/home/tanyi/ad-peps/simulations/exci/ising_D2_X30/28_0.875_0.125.npz
