No GPU/TPU found, falling back to CPU. (Set TF_CPP_MIN_LOG_LEVEL=0 and rerun for more info.)
Namespace(version=False, sim_mode='exci', config_file='ising_D2_exci.yaml', momentum_ix=30, evaluate=False, init=False)
Running excited-state sim
ising_D2_exci.yaml
/share/home/tanyi/ad-peps/examples/ising_D2_exci.yaml
/share/home/tanyi/ad-peps/examples/ising_D2_exci.yaml
D: 2
chi: 30
ctm_conv_tol: 1.0e-06
ctm_max_iter: 20
ctm_min_iter: 4
disp_level: 1
flush_output: true
model: ising
model_params:
  h: 3
momentum_path: Bril1
out_prefix: null
pattern:
- - 0
  - 1
- - 1
  - 0
resume: true

Starting simulation of basis vector 1/62
Performing CTM pre-steps without tracking
  | CTM step 1 conv: 1.000e+00 time: 2.93
  | CTM step 2 conv: 1.000e+00 time: 6.02
  | CTM step 3 conv: 1.000e+00 time: 8.45
  | CTM step 4 conv: 1.556e-05 time: 5.05
  | CTM step 5 conv: 5.657e-06 time: 0.66
Performing CTM
  | CTM step 1 conv: 1.000e+00 time: 1.77
  | CTM step 2 conv: 1.427e-09 time: 1.16
  | CTM step 3 conv: 1.389e-10 time: 1.03
Energies: 0.02040564674139653 7.86804288374957e-14
Norm: 0.003210312815138727
========== 
Finished basis vector 1/62 

Starting simulation of basis vector 2/62
Performing CTM pre-steps without tracking
  | CTM step 1 conv: 1.000e+00 time: 0.59
  | CTM step 2 conv: 1.000e+00 time: 0.68
  | CTM step 3 conv: 1.000e+00 time: 0.68
  | CTM step 4 conv: 1.556e-05 time: 0.67
  | CTM step 5 conv: 5.657e-06 time: 0.67
Performing CTM
  | CTM step 1 conv: 1.000e+00 time: 0.88
  | CTM step 2 conv: 1.427e-09 time: 1.04
  | CTM step 3 conv: 1.389e-10 time: 1.03
Energies: 0.02657964152849605 7.86804288374957e-14
Norm: 0.004237580898460071
========== 
Finished basis vector 2/62 

Starting simulation of basis vector 3/62
Performing CTM pre-steps without tracking
  | CTM step 1 conv: 1.000e+00 time: 0.59
  | CTM step 2 conv: 1.000e+00 time: 0.65
  | CTM step 3 conv: 1.000e+00 time: 0.67
  | CTM step 4 conv: 1.556e-05 time: 0.67
  | CTM step 5 conv: 5.657e-06 time: 0.66
Performing CTM
  | CTM step 1 conv: 1.000e+00 time: 0.87
  | CTM step 2 conv: 1.427e-09 time: 1.03
  | CTM step 3 conv: 1.389e-10 time: 1.08
Energies: 0.1114688579468123 7.86804288374957e-14
Norm: 0.018214678581533025
========== 
Finished basis vector 3/62 

Starting simulation of basis vector 4/62
Performing CTM pre-steps without tracking
  | CTM step 1 conv: 1.000e+00 time: 0.59
  | CTM step 2 conv: 1.000e+00 time: 0.65
  | CTM step 3 conv: 1.000e+00 time: 0.66
  | CTM step 4 conv: 1.556e-05 time: 0.66
  | CTM step 5 conv: 5.657e-06 time: 0.66
Performing CTM
  | CTM step 1 conv: 1.000e+00 time: 0.91
  | CTM step 2 conv: 1.427e-09 time: 1.03
  | CTM step 3 conv: 1.389e-10 time: 1.03
Energies: 0.03992652696121654 7.86804288374957e-14
Norm: 0.0063987528805123615
========== 
Finished basis vector 4/62 

Starting simulation of basis vector 5/62
Performing CTM pre-steps without tracking
  | CTM step 1 conv: 1.000e+00 time: 0.59
  | CTM step 2 conv: 1.000e+00 time: 0.66
  | CTM step 3 conv: 1.000e+00 time: 0.67
  | CTM step 4 conv: 1.556e-05 time: 0.67
  | CTM step 5 conv: 5.657e-06 time: 0.66
Performing CTM
  | CTM step 1 conv: 1.000e+00 time: 0.87
  | CTM step 2 conv: 1.427e-09 time: 1.03
  | CTM step 3 conv: 1.389e-10 time: 1.03
Energies: 0.02376450335732714 7.86804288374957e-14
Norm: 0.00379519814487625
========== 
Finished basis vector 5/62 

Starting simulation of basis vector 6/62
Performing CTM pre-steps without tracking
  | CTM step 1 conv: 1.000e+00 time: 0.59
  | CTM step 2 conv: 1.000e+00 time: 0.65
  | CTM step 3 conv: 1.000e+00 time: 0.67
  | CTM step 4 conv: 1.556e-05 time: 0.67
  | CTM step 5 conv: 5.657e-06 time: 0.66
Performing CTM
  | CTM step 1 conv: 1.000e+00 time: 0.87
  | CTM step 2 conv: 1.427e-09 time: 1.04
  | CTM step 3 conv: 1.389e-10 time: 1.08
Energies: 0.09632495694710205 7.86804288374957e-14
Norm: 0.015700936699815527
========== 
Finished basis vector 6/62 

Starting simulation of basis vector 7/62
Performing CTM pre-steps without tracking
  | CTM step 1 conv: 1.000e+00 time: 0.59
  | CTM step 2 conv: 1.000e+00 time: 0.65
  | CTM step 3 conv: 1.000e+00 time: 0.66
  | CTM step 4 conv: 1.556e-05 time: 0.67
  | CTM step 5 conv: 5.657e-06 time: 0.66
Performing CTM
  | CTM step 1 conv: 1.000e+00 time: 0.91
  | CTM step 2 conv: 1.427e-09 time: 1.03
  | CTM step 3 conv: 1.389e-10 time: 1.03
Energies: 0.05464890561982216 7.86804288374957e-14
Norm: 0.008874178771111277
========== 
Finished basis vector 7/62 

Starting simulation of basis vector 8/62
Performing CTM pre-steps without tracking
  | CTM step 1 conv: 1.000e+00 time: 0.59
  | CTM step 2 conv: 1.000e+00 time: 0.67
  | CTM step 3 conv: 1.000e+00 time: 0.68
  | CTM step 4 conv: 1.556e-05 time: 0.72
  | CTM step 5 conv: 5.657e-06 time: 0.66
Performing CTM
  | CTM step 1 conv: 1.000e+00 time: 0.87
  | CTM step 2 conv: 1.427e-09 time: 1.04
  | CTM step 3 conv: 1.389e-10 time: 1.03
Energies: 0.11600862218313163 7.86804288374957e-14
Norm: 0.01903362430313998
========== 
Finished basis vector 8/62 

Starting simulation of basis vector 9/62
Performing CTM pre-steps without tracking
  | CTM step 1 conv: 1.000e+00 time: 0.59
  | CTM step 2 conv: 1.000e+00 time: 0.65
  | CTM step 3 conv: 1.000e+00 time: 0.66
  | CTM step 4 conv: 1.556e-05 time: 0.66
  | CTM step 5 conv: 5.657e-06 time: 0.67
Performing CTM
  | CTM step 1 conv: 1.000e+00 time: 0.87
  | CTM step 2 conv: 1.427e-09 time: 1.05
  | CTM step 3 conv: 1.389e-10 time: 1.09
Energies: 0.010481166989104264 7.86804288374957e-14
Norm: 0.001591616692960985
========== 
Finished basis vector 9/62 

Starting simulation of basis vector 10/62
Performing CTM pre-steps without tracking
  | CTM step 1 conv: 1.000e+00 time: 0.59
  | CTM step 2 conv: 1.000e+00 time: 0.66
  | CTM step 3 conv: 1.000e+00 time: 0.67
  | CTM step 4 conv: 1.556e-05 time: 0.67
  | CTM step 5 conv: 5.657e-06 time: 0.77
Performing CTM
  | CTM step 1 conv: 1.000e+00 time: 0.86
  | CTM step 2 conv: 1.427e-09 time: 1.02
  | CTM step 3 conv: 1.389e-10 time: 1.03
Energies: 0.05910873353920367 7.86804288374957e-14
Norm: 0.009587579296537897
========== 
Finished basis vector 10/62 

Starting simulation of basis vector 11/62
Performing CTM pre-steps without tracking
  | CTM step 1 conv: 1.000e+00 time: 0.58
  | CTM step 2 conv: 1.000e+00 time: 0.65
  | CTM step 3 conv: 1.000e+00 time: 0.66
  | CTM step 4 conv: 1.556e-05 time: 0.66
  | CTM step 5 conv: 5.657e-06 time: 0.65
Performing CTM
  | CTM step 1 conv: 1.000e+00 time: 0.85
  | CTM step 2 conv: 1.427e-09 time: 1.02
  | CTM step 3 conv: 1.389e-10 time: 1.02
Energies: 0.04035768973451573 7.86804288374957e-14
Norm: 0.006553455262285503
========== 
Finished basis vector 11/62 

Starting simulation of basis vector 12/62
Performing CTM pre-steps without tracking
  | CTM step 1 conv: 1.000e+00 time: 0.58
  | CTM step 2 conv: 1.000e+00 time: 0.64
  | CTM step 3 conv: 1.000e+00 time: 0.67
  | CTM step 4 conv: 1.556e-05 time: 0.67
  | CTM step 5 conv: 5.657e-06 time: 0.66
Performing CTM
  | CTM step 1 conv: 1.000e+00 time: 0.85
  | CTM step 2 conv: 1.427e-09 time: 1.03
  | CTM step 3 conv: 1.389e-10 time: 1.07
Energies: 0.012367619189728452 7.86804288374957e-14
Norm: 0.0018635622290102934
========== 
Finished basis vector 12/62 

Starting simulation of basis vector 13/62
Performing CTM pre-steps without tracking
  | CTM step 1 conv: 1.000e+00 time: 0.58
  | CTM step 2 conv: 1.000e+00 time: 0.64
  | CTM step 3 conv: 1.000e+00 time: 0.66
  | CTM step 4 conv: 1.556e-05 time: 0.66
  | CTM step 5 conv: 5.657e-06 time: 0.65
Performing CTM
  | CTM step 1 conv: 1.000e+00 time: 0.86
  | CTM step 2 conv: 1.427e-09 time: 1.07
  | CTM step 3 conv: 1.389e-10 time: 1.03
Energies: 0.009753716955996132 7.86804288374957e-14
Norm: 0.001511547018766192
========== 
Finished basis vector 13/62 

Starting simulation of basis vector 14/62
Performing CTM pre-steps without tracking
  | CTM step 1 conv: 1.000e+00 time: 0.58
  | CTM step 2 conv: 1.000e+00 time: 0.65
  | CTM step 3 conv: 1.000e+00 time: 0.66
  | CTM step 4 conv: 1.556e-05 time: 0.66
  | CTM step 5 conv: 5.657e-06 time: 0.65
Performing CTM
  | CTM step 1 conv: 1.000e+00 time: 0.86
  | CTM step 2 conv: 1.427e-09 time: 1.02
  | CTM step 3 conv: 1.389e-10 time: 1.02
Energies: 0.031957498668252204 7.86804288374957e-14
Norm: 0.005093409178257232
========== 
Finished basis vector 14/62 

Starting simulation of basis vector 15/62
Performing CTM pre-steps without tracking
  | CTM step 1 conv: 1.000e+00 time: 0.58
  | CTM step 2 conv: 1.000e+00 time: 0.7
  | CTM step 3 conv: 1.000e+00 time: 0.66
  | CTM step 4 conv: 1.556e-05 time: 0.66
  | CTM step 5 conv: 5.657e-06 time: 0.66
Performing CTM
  | CTM step 1 conv: 1.000e+00 time: 0.86
  | CTM step 2 conv: 1.427e-09 time: 1.02
  | CTM step 3 conv: 1.389e-10 time: 1.01
Energies: 0.025095825901765526 7.86804288374957e-14
Norm: 0.004008292924125461
========== 
Finished basis vector 15/62 

Starting simulation of basis vector 16/62
Performing CTM pre-steps without tracking
  | CTM step 1 conv: 1.000e+00 time: 0.58
  | CTM step 2 conv: 1.000e+00 time: 0.64
  | CTM step 3 conv: 1.000e+00 time: 0.65
  | CTM step 4 conv: 1.556e-05 time: 0.66
  | CTM step 5 conv: 5.657e-06 time: 0.65
Performing CTM
  | CTM step 1 conv: 1.000e+00 time: 0.85
  | CTM step 2 conv: 1.427e-09 time: 1.14
  | CTM step 3 conv: 1.389e-10 time: 1.06
Energies: 1.8942722877557132 7.86804288374957e-14
Norm: 0.3024124460975186
========== 
Finished basis vector 16/62 

Starting simulation of basis vector 17/62
Performing CTM pre-steps without tracking
  | CTM step 1 conv: 1.000e+00 time: 0.58
  | CTM step 2 conv: 1.000e+00 time: 0.65
  | CTM step 3 conv: 1.000e+00 time: 0.67
  | CTM step 4 conv: 1.556e-05 time: 0.66
  | CTM step 5 conv: 5.657e-06 time: 0.66
Performing CTM
  | CTM step 1 conv: 1.000e+00 time: 0.86
  | CTM step 2 conv: 1.427e-09 time: 1.02
  | CTM step 3 conv: 1.389e-10 time: 1.02
Energies: 0.5788997220513359 7.86804288374957e-14
Norm: 0.08934674896899823
========== 
Finished basis vector 17/62 

Starting simulation of basis vector 18/62
Performing CTM pre-steps without tracking
  | CTM step 1 conv: 1.000e+00 time: 0.58
  | CTM step 2 conv: 1.000e+00 time: 0.64
  | CTM step 3 conv: 1.000e+00 time: 0.65
  | CTM step 4 conv: 1.556e-05 time: 0.66
  | CTM step 5 conv: 5.657e-06 time: 0.65
Performing CTM
  | CTM step 1 conv: 1.000e+00 time: 0.85
  | CTM step 2 conv: 1.427e-09 time: 1.02
  | CTM step 3 conv: 1.389e-10 time: 1.02
Energies: 3.0849274715163926 7.86804288374957e-14
Norm: 0.4976392972312666
========== 
Finished basis vector 18/62 

Starting simulation of basis vector 19/62
Performing CTM pre-steps without tracking
  | CTM step 1 conv: 1.000e+00 time: 0.58
  | CTM step 2 conv: 1.000e+00 time: 0.67
  | CTM step 3 conv: 1.000e+00 time: 0.66
  | CTM step 4 conv: 1.556e-05 time: 0.66
  | CTM step 5 conv: 5.657e-06 time: 0.66
Performing CTM
  | CTM step 1 conv: 1.000e+00 time: 0.86
  | CTM step 2 conv: 1.427e-09 time: 1.03
  | CTM step 3 conv: 1.389e-10 time: 1.04
Energies: 0.9444774648116296 7.86804288374957e-14
Norm: 0.14695738787410143
========== 
Finished basis vector 19/62 

Starting simulation of basis vector 20/62
Performing CTM pre-steps without tracking
  | CTM step 1 conv: 1.000e+00 time: 0.58
  | CTM step 2 conv: 1.000e+00 time: 0.64
  | CTM step 3 conv: 1.000e+00 time: 0.66
  | CTM step 4 conv: 1.556e-05 time: 0.66
  | CTM step 5 conv: 5.657e-06 time: 0.65
Performing CTM
  | CTM step 1 conv: 1.000e+00 time: 0.85
  | CTM step 2 conv: 1.427e-09 time: 1.07
  | CTM step 3 conv: 1.389e-10 time: 1.02
Energies: 0.25106446427377094 7.86804288374957e-14
Norm: 0.03477519067805304
========== 
Finished basis vector 20/62 

Starting simulation of basis vector 21/62
Performing CTM pre-steps without tracking
  | CTM step 1 conv: 1.000e+00 time: 0.58
  | CTM step 2 conv: 1.000e+00 time: 0.66
  | CTM step 3 conv: 1.000e+00 time: 0.66
  | CTM step 4 conv: 1.556e-05 time: 0.67
  | CTM step 5 conv: 5.657e-06 time: 0.66
Performing CTM
  | CTM step 1 conv: 1.000e+00 time: 0.86
  | CTM step 2 conv: 1.427e-09 time: 1.03
  | CTM step 3 conv: 1.389e-10 time: 1.02
Energies: 0.0755758563752103 7.86804288374957e-14
Norm: 0.010213746631401172
========== 
Finished basis vector 21/62 

Starting simulation of basis vector 22/62
Performing CTM pre-steps without tracking
  | CTM step 1 conv: 1.000e+00 time: 0.58
  | CTM step 2 conv: 1.000e+00 time: 0.65
  | CTM step 3 conv: 1.000e+00 time: 0.66
  | CTM step 4 conv: 1.556e-05 time: 0.66
  | CTM step 5 conv: 5.657e-06 time: 0.66
Performing CTM
  | CTM step 1 conv: 1.000e+00 time: 0.85
  | CTM step 2 conv: 1.427e-09 time: 1.02
  | CTM step 3 conv: 1.389e-10 time: 1.01
Energies: 0.3994212998969376 7.86804288374957e-14
Norm: 0.055717164576065556
========== 
Finished basis vector 22/62 

Starting simulation of basis vector 23/62
Performing CTM pre-steps without tracking
  | CTM step 1 conv: 1.000e+00 time: 0.58
  | CTM step 2 conv: 1.000e+00 time: 0.64
  | CTM step 3 conv: 1.000e+00 time: 0.65
  | CTM step 4 conv: 1.556e-05 time: 0.65
  | CTM step 5 conv: 5.657e-06 time: 0.65
Performing CTM
  | CTM step 1 conv: 1.000e+00 time: 0.85
  | CTM step 2 conv: 1.427e-09 time: 1.02
  | CTM step 3 conv: 1.389e-10 time: 1.06
Energies: 0.12020560840242878 7.86804288374957e-14
Norm: 0.016346237747626648
========== 
Finished basis vector 23/62 

Starting simulation of basis vector 24/62
Performing CTM pre-steps without tracking
  | CTM step 1 conv: 1.000e+00 time: 0.58
  | CTM step 2 conv: 1.000e+00 time: 0.64
  | CTM step 3 conv: 1.000e+00 time: 0.66
  | CTM step 4 conv: 1.556e-05 time: 0.66
  | CTM step 5 conv: 5.657e-06 time: 0.65
Performing CTM
  | CTM step 1 conv: 1.000e+00 time: 0.85
  | CTM step 2 conv: 1.427e-09 time: 1.04
  | CTM step 3 conv: 1.389e-10 time: 1.02
Energies: 1.4787066567501526 7.86804288374957e-14
Norm: 0.23607814547403652
========== 
Finished basis vector 24/62 

Starting simulation of basis vector 25/62
Performing CTM pre-steps without tracking
  | CTM step 1 conv: 1.000e+00 time: 0.58
  | CTM step 2 conv: 1.000e+00 time: 0.64
  | CTM step 3 conv: 1.000e+00 time: 0.66
  | CTM step 4 conv: 1.556e-05 time: 0.66
  | CTM step 5 conv: 5.657e-06 time: 0.65
Performing CTM
  | CTM step 1 conv: 1.000e+00 time: 0.85
  | CTM step 2 conv: 1.427e-09 time: 1.02
  | CTM step 3 conv: 1.389e-10 time: 1.02
Energies: 0.45264496915167385 7.86804288374957e-14
Norm: 0.06954106761465445
========== 
Finished basis vector 25/62 

Starting simulation of basis vector 26/62
Performing CTM pre-steps without tracking
  | CTM step 1 conv: 1.000e+00 time: 0.58
  | CTM step 2 conv: 1.000e+00 time: 0.64
  | CTM step 3 conv: 1.000e+00 time: 0.65
  | CTM step 4 conv: 1.556e-05 time: 0.66
  | CTM step 5 conv: 5.657e-06 time: 0.65
Performing CTM
  | CTM step 1 conv: 1.000e+00 time: 0.85
  | CTM step 2 conv: 1.427e-09 time: 1.02
  | CTM step 3 conv: 1.389e-10 time: 1.02
Energies: 2.4195585308716687 7.86804288374957e-14
Norm: 0.3893201147676841
========== 
Finished basis vector 26/62 

Starting simulation of basis vector 27/62
Performing CTM pre-steps without tracking
  | CTM step 1 conv: 1.000e+00 time: 0.58
  | CTM step 2 conv: 1.000e+00 time: 0.64
  | CTM step 3 conv: 1.000e+00 time: 0.65
  | CTM step 4 conv: 1.556e-05 time: 0.65
  | CTM step 5 conv: 5.657e-06 time: 0.65
Performing CTM
  | CTM step 1 conv: 1.000e+00 time: 0.85
  | CTM step 2 conv: 1.427e-09 time: 1.06
  | CTM step 3 conv: 1.389e-10 time: 1.01
Energies: 0.7415323101942402 7.86804288374957e-14
Norm: 0.1146047009158654
========== 
Finished basis vector 27/62 

Starting simulation of basis vector 28/62
Performing CTM pre-steps without tracking
  | CTM step 1 conv: 1.000e+00 time: 0.58
  | CTM step 2 conv: 1.000e+00 time: 0.64
  | CTM step 3 conv: 1.000e+00 time: 0.65
  | CTM step 4 conv: 1.556e-05 time: 0.65
  | CTM step 5 conv: 5.657e-06 time: 0.65
Performing CTM
  | CTM step 1 conv: 1.000e+00 time: 0.85
  | CTM step 2 conv: 1.427e-09 time: 1.02
  | CTM step 3 conv: 1.389e-10 time: 1.01
Energies: 0.19374626812811535 7.86804288374957e-14
Norm: 0.02690448822897992
========== 
Finished basis vector 28/62 

Starting simulation of basis vector 29/62
Performing CTM pre-steps without tracking
  | CTM step 1 conv: 1.000e+00 time: 0.58
  | CTM step 2 conv: 1.000e+00 time: 0.64
  | CTM step 3 conv: 1.000e+00 time: 0.66
  | CTM step 4 conv: 1.556e-05 time: 0.66
  | CTM step 5 conv: 5.657e-06 time: 0.66
Performing CTM
  | CTM step 1 conv: 1.000e+00 time: 0.87
  | CTM step 2 conv: 1.427e-09 time: 1.03
  | CTM step 3 conv: 1.389e-10 time: 1.02
Energies: 0.05837043107741269 7.86804288374957e-14
Norm: 0.007877604874487958
========== 
Finished basis vector 29/62 

Starting simulation of basis vector 30/62
Performing CTM pre-steps without tracking
  | CTM step 1 conv: 1.000e+00 time: 0.57
  | CTM step 2 conv: 1.000e+00 time: 0.64
  | CTM step 3 conv: 1.000e+00 time: 0.65
  | CTM step 4 conv: 1.556e-05 time: 0.66
  | CTM step 5 conv: 5.657e-06 time: 0.66
Performing CTM
  | CTM step 1 conv: 1.000e+00 time: 0.86
  | CTM step 2 conv: 1.427e-09 time: 1.02
  | CTM step 3 conv: 1.389e-10 time: 1.07
Energies: 0.30909210339437543 7.86804288374957e-14
Norm: 0.04317155715741226
========== 
Finished basis vector 30/62 

Starting simulation of basis vector 31/62
Performing CTM pre-steps without tracking
  | CTM step 1 conv: 1.000e+00 time: 0.58
  | CTM step 2 conv: 1.000e+00 time: 0.64
  | CTM step 3 conv: 1.000e+00 time: 0.66
  | CTM step 4 conv: 1.556e-05 time: 0.66
  | CTM step 5 conv: 5.657e-06 time: 0.66
Performing CTM
  | CTM step 1 conv: 1.000e+00 time: 0.85
  | CTM step 2 conv: 1.427e-09 time: 1.02
  | CTM step 3 conv: 1.389e-10 time: 1.02
Energies: 0.09318952761284924 7.86804288374957e-14
Norm: 0.012631766305374466
========== 
Finished basis vector 31/62 

Starting simulation of basis vector 32/62
Performing CTM pre-steps without tracking
  | CTM step 1 conv: 1.000e+00 time: 0.57
  | CTM step 2 conv: 1.000e+00 time: 0.64
  | CTM step 3 conv: 1.000e+00 time: 0.65
  | CTM step 4 conv: 1.556e-05 time: 0.65
  | CTM step 5 conv: 5.657e-06 time: 0.65
Performing CTM
  | CTM step 1 conv: 1.000e+00 time: 0.85
  | CTM step 2 conv: 1.427e-09 time: 1.02
  | CTM step 3 conv: 1.389e-10 time: 1.01
Energies: 0.04436730194532969 7.86804288374957e-14
Norm: 0.006329950988062223
========== 
Finished basis vector 32/62 

Starting simulation of basis vector 33/62
Performing CTM pre-steps without tracking
  | CTM step 1 conv: 1.000e+00 time: 0.58
  | CTM step 2 conv: 1.000e+00 time: 0.64
  | CTM step 3 conv: 1.000e+00 time: 0.65
  | CTM step 4 conv: 1.556e-05 time: 0.65
  | CTM step 5 conv: 5.657e-06 time: 0.65
Performing CTM
  | CTM step 1 conv: 1.000e+00 time: 0.85
  | CTM step 2 conv: 1.427e-09 time: 1.01
  | CTM step 3 conv: 1.389e-10 time: 1.01
Energies: 0.4649471579548583 7.86804288374957e-14
Norm: 0.07533010244138927
========== 
Finished basis vector 33/62 

Starting simulation of basis vector 34/62
Performing CTM pre-steps without tracking
  | CTM step 1 conv: 1.000e+00 time: 0.57
  | CTM step 2 conv: 1.000e+00 time: 0.64
  | CTM step 3 conv: 1.000e+00 time: 0.65
  | CTM step 4 conv: 1.556e-05 time: 0.66
  | CTM step 5 conv: 5.657e-06 time: 0.65
Performing CTM
  | CTM step 1 conv: 1.000e+00 time: 0.85
  | CTM step 2 conv: 1.427e-09 time: 1.07
  | CTM step 3 conv: 1.389e-10 time: 1.01
Energies: 0.053652651677577684 7.86804288374957e-14
Norm: 0.007330057541895737
========== 
Finished basis vector 34/62 

Starting simulation of basis vector 35/62
Performing CTM pre-steps without tracking
  | CTM step 1 conv: 1.000e+00 time: 0.58
  | CTM step 2 conv: 1.000e+00 time: 0.64
  | CTM step 3 conv: 1.000e+00 time: 0.65
  | CTM step 4 conv: 1.556e-05 time: 0.65
  | CTM step 5 conv: 5.657e-06 time: 0.65
Performing CTM
  | CTM step 1 conv: 1.000e+00 time: 0.85
  | CTM step 2 conv: 1.427e-09 time: 1.01
  | CTM step 3 conv: 1.389e-10 time: 1.01
Energies: 0.022307095008177527 7.86804288374957e-14
Norm: 0.002236457017250058
========== 
Finished basis vector 35/62 

Starting simulation of basis vector 36/62
Performing CTM pre-steps without tracking
  | CTM step 1 conv: 1.000e+00 time: 0.58
  | CTM step 2 conv: 1.000e+00 time: 0.64
  | CTM step 3 conv: 1.000e+00 time: 0.65
  | CTM step 4 conv: 1.556e-05 time: 0.65
  | CTM step 5 conv: 5.657e-06 time: 0.65
Performing CTM
  | CTM step 1 conv: 1.000e+00 time: 0.85
  | CTM step 2 conv: 1.427e-09 time: 1.01
  | CTM step 3 conv: 1.389e-10 time: 1.01
Energies: 0.03882007033298987 7.86804288374957e-14
Norm: 0.0053828661013012495
========== 
Finished basis vector 36/62 

Starting simulation of basis vector 37/62
Performing CTM pre-steps without tracking
  | CTM step 1 conv: 1.000e+00 time: 0.57
  | CTM step 2 conv: 1.000e+00 time: 0.66
  | CTM step 3 conv: 1.000e+00 time: 0.65
  | CTM step 4 conv: 1.556e-05 time: 0.65
  | CTM step 5 conv: 5.657e-06 time: 0.64
Performing CTM
  | CTM step 1 conv: 1.000e+00 time: 0.85
  | CTM step 2 conv: 1.427e-09 time: 1.01
  | CTM step 3 conv: 1.389e-10 time: 1.06
Energies: 0.05788375737703555 7.86804288374957e-14
Norm: 0.007687717278225804
========== 
Finished basis vector 37/62 

Starting simulation of basis vector 38/62
Performing CTM pre-steps without tracking
  | CTM step 1 conv: 1.000e+00 time: 0.57
  | CTM step 2 conv: 1.000e+00 time: 0.63
  | CTM step 3 conv: 1.000e+00 time: 0.65
  | CTM step 4 conv: 1.556e-05 time: 0.65
  | CTM step 5 conv: 5.657e-06 time: 0.74
Performing CTM
  | CTM step 1 conv: 1.000e+00 time: 0.84
  | CTM step 2 conv: 1.427e-09 time: 1.01
  | CTM step 3 conv: 1.389e-10 time: 1.01
Energies: 0.013726423744461268 7.86804288374957e-14
Norm: 0.0012271531882811102
========== 
Finished basis vector 38/62 

Starting simulation of basis vector 39/62
Performing CTM pre-steps without tracking
  | CTM step 1 conv: 1.000e+00 time: 0.57
  | CTM step 2 conv: 1.000e+00 time: 0.63
  | CTM step 3 conv: 1.000e+00 time: 0.64
  | CTM step 4 conv: 1.556e-05 time: 0.65
  | CTM step 5 conv: 5.657e-06 time: 0.64
Performing CTM
  | CTM step 1 conv: 1.000e+00 time: 0.84
  | CTM step 2 conv: 1.427e-09 time: 1.01
  | CTM step 3 conv: 1.389e-10 time: 1.01
Energies: 0.14929719623833748 7.86804288374957e-14
Norm: 0.023399351715190166
========== 
Finished basis vector 39/62 

Starting simulation of basis vector 40/62
Performing CTM pre-steps without tracking
  | CTM step 1 conv: 1.000e+00 time: 0.57
  | CTM step 2 conv: 1.000e+00 time: 0.63
  | CTM step 3 conv: 1.000e+00 time: 0.65
  | CTM step 4 conv: 1.556e-05 time: 0.65
  | CTM step 5 conv: 5.657e-06 time: 0.65
Performing CTM
  | CTM step 1 conv: 1.000e+00 time: 0.85
  | CTM step 2 conv: 1.427e-09 time: 1.02
  | CTM step 3 conv: 1.389e-10 time: 1.01
Energies: 0.23240795112191082 7.86804288374957e-14
Norm: 0.037335821278468184
========== 
Finished basis vector 40/62 

Starting simulation of basis vector 41/62
Performing CTM pre-steps without tracking
  | CTM step 1 conv: 1.000e+00 time: 0.57
  | CTM step 2 conv: 1.000e+00 time: 0.63
  | CTM step 3 conv: 1.000e+00 time: 0.65
  | CTM step 4 conv: 1.556e-05 time: 0.65
  | CTM step 5 conv: 5.657e-06 time: 0.65
Performing CTM
  | CTM step 1 conv: 1.000e+00 time: 0.85
  | CTM step 2 conv: 1.427e-09 time: 1.06
  | CTM step 3 conv: 1.389e-10 time: 1.04
Energies: 0.12052594731290456 7.86804288374957e-14
Norm: 0.018785770090713822
========== 
Finished basis vector 41/62 

Starting simulation of basis vector 42/62
Performing CTM pre-steps without tracking
  | CTM step 1 conv: 1.000e+00 time: 0.57
  | CTM step 2 conv: 1.000e+00 time: 0.64
  | CTM step 3 conv: 1.000e+00 time: 0.65
  | CTM step 4 conv: 1.556e-05 time: 0.65
  | CTM step 5 conv: 5.657e-06 time: 0.65
Performing CTM
  | CTM step 1 conv: 1.000e+00 time: 0.9
  | CTM step 2 conv: 1.427e-09 time: 1.01
  | CTM step 3 conv: 1.389e-10 time: 1.01
Energies: 0.05297649338385533 7.86804288374957e-14
Norm: 0.0076236980239085565
========== 
Finished basis vector 42/62 

Starting simulation of basis vector 43/62
Performing CTM pre-steps without tracking
  | CTM step 1 conv: 1.000e+00 time: 0.58
  | CTM step 2 conv: 1.000e+00 time: 0.64
  | CTM step 3 conv: 1.000e+00 time: 0.65
  | CTM step 4 conv: 1.556e-05 time: 0.7
  | CTM step 5 conv: 5.657e-06 time: 0.65
Performing CTM
  | CTM step 1 conv: 1.000e+00 time: 0.85
  | CTM step 2 conv: 1.427e-09 time: 1.01
  | CTM step 3 conv: 1.389e-10 time: 1.01
Energies: 0.3984404305399287 7.86804288374957e-14
Norm: 0.06445794590899741
========== 
Finished basis vector 43/62 

Starting simulation of basis vector 44/62
Performing CTM pre-steps without tracking
  | CTM step 1 conv: 1.000e+00 time: 0.58
  | CTM step 2 conv: 1.000e+00 time: 0.64
  | CTM step 3 conv: 1.000e+00 time: 0.76
  | CTM step 4 conv: 1.556e-05 time: 0.65
  | CTM step 5 conv: 5.657e-06 time: 0.65
Performing CTM
  | CTM step 1 conv: 1.000e+00 time: 0.84
  | CTM step 2 conv: 1.427e-09 time: 1.01
  | CTM step 3 conv: 1.389e-10 time: 1.05
Energies: 0.24414029490713646 7.86804288374957e-14
Norm: 0.03944555105093594
========== 
Finished basis vector 44/62 

Starting simulation of basis vector 45/62
Performing CTM pre-steps without tracking
  | CTM step 1 conv: 1.000e+00 time: 0.58
  | CTM step 2 conv: 1.000e+00 time: 0.64
  | CTM step 3 conv: 1.000e+00 time: 0.65
  | CTM step 4 conv: 1.556e-05 time: 0.65
  | CTM step 5 conv: 5.657e-06 time: 0.65
Performing CTM
  | CTM step 1 conv: 1.000e+00 time: 0.85
  | CTM step 2 conv: 1.427e-09 time: 1.01
  | CTM step 3 conv: 1.389e-10 time: 1.01
Energies: 0.19546729909889665 7.86804288374957e-14
Norm: 0.03129732256836781
========== 
Finished basis vector 45/62 

Starting simulation of basis vector 46/62
Performing CTM pre-steps without tracking
  | CTM step 1 conv: 1.000e+00 time: 0.57
  | CTM step 2 conv: 1.000e+00 time: 0.63
  | CTM step 3 conv: 1.000e+00 time: 0.64
  | CTM step 4 conv: 1.556e-05 time: 0.65
  | CTM step 5 conv: 5.657e-06 time: 0.64
Performing CTM
  | CTM step 1 conv: 1.000e+00 time: 0.84
  | CTM step 2 conv: 1.427e-09 time: 1.01
  | CTM step 3 conv: 1.389e-10 time: 1.01
Energies: 0.1268554307366413 7.86804288374957e-14
Norm: 0.019895812299396007
========== 
Finished basis vector 46/62 

Starting simulation of basis vector 47/62
Performing CTM pre-steps without tracking
  | CTM step 1 conv: 1.000e+00 time: 0.57
  | CTM step 2 conv: 1.000e+00 time: 0.64
  | CTM step 3 conv: 1.000e+00 time: 0.65
  | CTM step 4 conv: 1.556e-05 time: 0.65
  | CTM step 5 conv: 5.657e-06 time: 0.65
Performing CTM
  | CTM step 1 conv: 1.000e+00 time: 0.85
  | CTM step 2 conv: 1.427e-09 time: 1.01
  | CTM step 3 conv: 1.389e-10 time: 1.01
Energies: 1.568144223149601 7.86804288374957e-14
Norm: 0.22735945121724999
========== 
Finished basis vector 47/62 

Starting simulation of basis vector 48/62
Performing CTM pre-steps without tracking
  | CTM step 1 conv: 1.000e+00 time: 0.57
  | CTM step 2 conv: 1.000e+00 time: 0.63
  | CTM step 3 conv: 1.000e+00 time: 0.64
  | CTM step 4 conv: 1.556e-05 time: 0.65
  | CTM step 5 conv: 5.657e-06 time: 0.65
Performing CTM
  | CTM step 1 conv: 1.000e+00 time: 0.84
  | CTM step 2 conv: 1.427e-09 time: 1.05
  | CTM step 3 conv: 1.389e-10 time: 1.01
Energies: 0.5017157054325664 7.86804288374957e-14
Norm: 0.06777404137144996
========== 
Finished basis vector 48/62 

Starting simulation of basis vector 49/62
Performing CTM pre-steps without tracking
  | CTM step 1 conv: 1.000e+00 time: 0.57
  | CTM step 2 conv: 1.000e+00 time: 0.64
  | CTM step 3 conv: 1.000e+00 time: 0.65
  | CTM step 4 conv: 1.556e-05 time: 0.65
  | CTM step 5 conv: 5.657e-06 time: 0.65
Performing CTM
  | CTM step 1 conv: 1.000e+00 time: 0.84
  | CTM step 2 conv: 1.427e-09 time: 1.01
  | CTM step 3 conv: 1.389e-10 time: 1.01
Energies: 1.7543097004218797 7.86804288374957e-14
Norm: 0.253141783487144
========== 
Finished basis vector 49/62 

Starting simulation of basis vector 50/62
Performing CTM pre-steps without tracking
  | CTM step 1 conv: 1.000e+00 time: 0.58
  | CTM step 2 conv: 1.000e+00 time: 0.64
  | CTM step 3 conv: 1.000e+00 time: 0.65
  | CTM step 4 conv: 1.556e-05 time: 0.65
  | CTM step 5 conv: 5.657e-06 time: 0.65
Performing CTM
  | CTM step 1 conv: 1.000e+00 time: 0.84
  | CTM step 2 conv: 1.427e-09 time: 1.01
  | CTM step 3 conv: 1.389e-10 time: 1.01
Energies: 0.559451431058426 7.86804288374957e-14
Norm: 0.07559774183318435
========== 
Finished basis vector 50/62 

Starting simulation of basis vector 51/62
Performing CTM pre-steps without tracking
  | CTM step 1 conv: 1.000e+00 time: 0.58
  | CTM step 2 conv: 1.000e+00 time: 0.64
  | CTM step 3 conv: 1.000e+00 time: 0.65
  | CTM step 4 conv: 1.556e-05 time: 0.65
  | CTM step 5 conv: 5.657e-06 time: 0.65
Performing CTM
  | CTM step 1 conv: 1.000e+00 time: 0.84
  | CTM step 2 conv: 1.427e-09 time: 1.01
  | CTM step 3 conv: 1.389e-10 time: 1.05
Energies: 0.7326214889027833 7.86804288374957e-14
Norm: 0.09965602877491955
========== 
Finished basis vector 51/62 

Starting simulation of basis vector 52/62
Performing CTM pre-steps without tracking
  | CTM step 1 conv: 1.000e+00 time: 0.57
  | CTM step 2 conv: 1.000e+00 time: 0.63
  | CTM step 3 conv: 1.000e+00 time: 0.65
  | CTM step 4 conv: 1.556e-05 time: 0.65
  | CTM step 5 conv: 5.657e-06 time: 0.65
Performing CTM
  | CTM step 1 conv: 1.000e+00 time: 0.85
  | CTM step 2 conv: 1.427e-09 time: 1.01
  | CTM step 3 conv: 1.389e-10 time: 1.01
Energies: 0.23357255248841366 7.86804288374957e-14
Norm: 0.02974473966663761
========== 
Finished basis vector 52/62 

Starting simulation of basis vector 53/62
Performing CTM pre-steps without tracking
  | CTM step 1 conv: 1.000e+00 time: 0.57
  | CTM step 2 conv: 1.000e+00 time: 0.63
  | CTM step 3 conv: 1.000e+00 time: 0.64
  | CTM step 4 conv: 1.556e-05 time: 0.65
  | CTM step 5 conv: 5.657e-06 time: 0.64
Performing CTM
  | CTM step 1 conv: 1.000e+00 time: 0.85
  | CTM step 2 conv: 1.427e-09 time: 1.01
  | CTM step 3 conv: 1.389e-10 time: 1.01
Energies: 0.8136646383634931 7.86804288374957e-14
Norm: 0.11030201828106517
========== 
Finished basis vector 53/62 

Starting simulation of basis vector 54/62
Performing CTM pre-steps without tracking
  | CTM step 1 conv: 1.000e+00 time: 0.57
  | CTM step 2 conv: 1.000e+00 time: 0.63
  | CTM step 3 conv: 1.000e+00 time: 0.65
  | CTM step 4 conv: 1.556e-05 time: 0.65
  | CTM step 5 conv: 5.657e-06 time: 0.65
Performing CTM
  | CTM step 1 conv: 1.000e+00 time: 0.84
  | CTM step 2 conv: 1.427e-09 time: 1.01
  | CTM step 3 conv: 1.389e-10 time: 1.0
Energies: 0.25892385311093713 7.86804288374957e-14
Norm: 0.032997864818527387
========== 
Finished basis vector 54/62 

Starting simulation of basis vector 55/62
Performing CTM pre-steps without tracking
  | CTM step 1 conv: 1.000e+00 time: 0.57
  | CTM step 2 conv: 1.000e+00 time: 0.63
  | CTM step 3 conv: 1.000e+00 time: 0.66
  | CTM step 4 conv: 1.556e-05 time: 0.65
  | CTM step 5 conv: 5.657e-06 time: 0.64
Performing CTM
  | CTM step 1 conv: 1.000e+00 time: 0.85
  | CTM step 2 conv: 1.427e-09 time: 1.06
  | CTM step 3 conv: 1.389e-10 time: 1.01
Energies: 2.936622012813233 7.86804288374957e-14
Norm: 0.4535744242873672
========== 
Finished basis vector 55/62 

Starting simulation of basis vector 56/62
Performing CTM pre-steps without tracking
  | CTM step 1 conv: 1.000e+00 time: 0.57
  | CTM step 2 conv: 1.000e+00 time: 0.64
  | CTM step 3 conv: 1.000e+00 time: 0.65
  | CTM step 4 conv: 1.556e-05 time: 0.65
  | CTM step 5 conv: 5.657e-06 time: 0.65
Performing CTM
  | CTM step 1 conv: 1.000e+00 time: 0.85
  | CTM step 2 conv: 1.427e-09 time: 1.01
  | CTM step 3 conv: 1.389e-10 time: 1.01
Energies: 0.9466681690555497 7.86804288374957e-14
Norm: 0.1354637734562885
========== 
Finished basis vector 56/62 

Starting simulation of basis vector 57/62
Performing CTM pre-steps without tracking
  | CTM step 1 conv: 1.000e+00 time: 0.58
  | CTM step 2 conv: 1.000e+00 time: 0.64
  | CTM step 3 conv: 1.000e+00 time: 0.65
  | CTM step 4 conv: 1.556e-05 time: 0.65
  | CTM step 5 conv: 5.657e-06 time: 0.65
Performing CTM
  | CTM step 1 conv: 1.000e+00 time: 0.84
  | CTM step 2 conv: 1.427e-09 time: 1.01
  | CTM step 3 conv: 1.389e-10 time: 1.0
Energies: 3.279715972489596 7.86804288374957e-14
Norm: 0.5038788615999769
========== 
Finished basis vector 57/62 

Starting simulation of basis vector 58/62
Performing CTM pre-steps without tracking
  | CTM step 1 conv: 1.000e+00 time: 0.57
  | CTM step 2 conv: 1.000e+00 time: 0.63
  | CTM step 3 conv: 1.000e+00 time: 0.64
  | CTM step 4 conv: 1.556e-05 time: 0.64
  | CTM step 5 conv: 5.657e-06 time: 0.64
Performing CTM
  | CTM step 1 conv: 1.000e+00 time: 0.84
  | CTM step 2 conv: 1.427e-09 time: 1.01
  | CTM step 3 conv: 1.389e-10 time: 1.05
Energies: 1.0537659938112105 7.86804288374957e-14
Norm: 0.15077573046729476
========== 
Finished basis vector 58/62 

Starting simulation of basis vector 59/62
Performing CTM pre-steps without tracking
  | CTM step 1 conv: 1.000e+00 time: 0.57
  | CTM step 2 conv: 1.000e+00 time: 0.63
  | CTM step 3 conv: 1.000e+00 time: 0.65
  | CTM step 4 conv: 1.556e-05 time: 0.65
  | CTM step 5 conv: 5.657e-06 time: 0.65
Performing CTM
  | CTM step 1 conv: 1.000e+00 time: 0.85
  | CTM step 2 conv: 1.427e-09 time: 1.01
  | CTM step 3 conv: 1.389e-10 time: 1.01
Energies: 1.3842786514139815 7.86804288374957e-14
Norm: 0.2012865407138125
========== 
Finished basis vector 59/62 

Starting simulation of basis vector 60/62
Performing CTM pre-steps without tracking
  | CTM step 1 conv: 1.000e+00 time: 0.57
  | CTM step 2 conv: 1.000e+00 time: 0.64
  | CTM step 3 conv: 1.000e+00 time: 0.65
  | CTM step 4 conv: 1.556e-05 time: 0.65
  | CTM step 5 conv: 5.657e-06 time: 0.65
Performing CTM
  | CTM step 1 conv: 1.000e+00 time: 0.85
  | CTM step 2 conv: 1.427e-09 time: 1.01
  | CTM step 3 conv: 1.389e-10 time: 1.01
Energies: 0.44470742585017276 7.86804288374957e-14
Norm: 0.060190821429469014
========== 
Finished basis vector 60/62 

Starting simulation of basis vector 61/62
Performing CTM pre-steps without tracking
  | CTM step 1 conv: 1.000e+00 time: 0.58
  | CTM step 2 conv: 1.000e+00 time: 0.63
  | CTM step 3 conv: 1.000e+00 time: 0.65
  | CTM step 4 conv: 1.556e-05 time: 0.65
  | CTM step 5 conv: 5.657e-06 time: 0.65
Performing CTM
  | CTM step 1 conv: 1.000e+00 time: 0.84
  | CTM step 2 conv: 1.427e-09 time: 1.01
  | CTM step 3 conv: 1.389e-10 time: 1.01
Energies: 1.5347193841879443 7.86804288374957e-14
Norm: 0.22230437348846757
========== 
Finished basis vector 61/62 

Starting simulation of basis vector 62/62
Performing CTM pre-steps without tracking
  | CTM step 1 conv: 1.000e+00 time: 0.57
  | CTM step 2 conv: 1.000e+00 time: 0.63
  | CTM step 3 conv: 1.000e+00 time: 0.64
  | CTM step 4 conv: 1.556e-05 time: 0.65
  | CTM step 5 conv: 5.657e-06 time: 0.65
Performing CTM
  | CTM step 1 conv: 1.000e+00 time: 0.84
  | CTM step 2 conv: 1.427e-09 time: 1.05
  | CTM step 3 conv: 1.389e-10 time: 1.01
Energies: 0.49177074921143044 7.86804288374957e-14
Norm: 0.06662101875975694
========== 
Finished basis vector 62/62 

[[ 0.04081528+5.67359783e-06j -0.03659083+7.62249629e-03j
  -0.09090959-6.88315894e-03j ... -0.03166157-1.45042394e-01j
   0.06503602+2.78522958e-01j -0.03340985-1.49839741e-01j]
 [-0.03659247-7.61876333e-03j  0.05317195-1.02514812e-05j
   0.09027692+2.46393854e-02j ...  0.0069201 +1.52198832e-01j
  -0.01099448-3.06526222e-01j  0.00656574+1.60954212e-01j]
 [-0.09091375+6.88315706e-03j  0.09026372-2.46575378e-02j
   0.22295478-6.99499335e-06j ...  0.10556973+3.41096867e-01j
  -0.21783816-6.77197033e-01j  0.11226939+3.58705584e-01j]
 ...
 [-0.0316466 +1.44864467e-01j  0.00669235-1.52234416e-01j
   0.10543954-3.40999923e-01j ...  0.88947866-1.72441056e-05j
  -1.30255737+4.26511642e-03j  0.8315604 -1.33988757e-03j]
 [ 0.06440775-2.78396088e-01j -0.01064547+3.07068195e-01j
  -0.21729465+6.77279502e-01j ... -1.30252449-4.47924560e-03j
   3.06956812-2.12825267e-05j -1.5553515 -1.89111472e-03j]
 [-0.03318605+1.49724621e-01j  0.00615017-1.61167374e-01j
   0.1119109 -3.58705510e-01j ...  0.83154817+1.37030339e-03j
  -1.55536866+1.81790072e-03j  0.98363773+1.85192833e-06j]]
[[ 0.00642063+3.87412717e-09j -0.00599549+1.23065773e-03j
  -0.01486381-1.16898440e-03j ... -0.00533066-2.38042200e-02j
   0.01082309+4.65920359e-02j -0.00562497-2.47725960e-02j]
 [-0.0059955 -1.23064554e-03j  0.00847516+7.45305190e-09j
   0.01492823+4.11250389e-03j ...  0.00103685+2.50766536e-02j
  -0.00180357-5.04198697e-02j  0.00102622+2.64972964e-02j]
 [-0.01486382+1.16898518e-03j  0.01492821-4.11250968e-03j
   0.03642936-4.54078704e-09j ...  0.01758093+5.60882079e-02j
  -0.03583842-1.12006651e-01j  0.01863002+5.90232942e-02j]
 ...
 [-0.00533066+2.38042226e-02j  0.00103685-2.50766505e-02j
   0.01758092-5.60882093e-02j ...  0.12038164-1.68275056e-11j
  -0.20351792+4.15768675e-04j  0.11871006-1.34069076e-04j]
 [ 0.01082309-4.65920299e-02j -0.00180358+5.04198662e-02j
  -0.03583843+1.12006639e-01j ... -0.2035179 -4.15768803e-04j
   0.44460875+5.69808651e-10j -0.22904076-1.65463116e-04j]
 [-0.00562497+2.47725930e-02j  0.00102622-2.64972948e-02j
   0.01863002-5.90232881e-02j ...  0.11871004+1.34069075e-04j
  -0.22904078+1.65462647e-04j  0.13324204+9.46625215e-11j]]
Done
Saved to /share/home/tanyi/ad-peps/simulations/exci/ising_D2_X30/30_0.625_0.375.npz
