No GPU/TPU found, falling back to CPU. (Set TF_CPP_MIN_LOG_LEVEL=0 and rerun for more info.)
Namespace(version=False, sim_mode='exci', config_file='ising_D2_exci.yaml', momentum_ix=15, evaluate=False, init=False)
Running excited-state sim
ising_D2_exci.yaml
/share/home/tanyi/ad-peps/examples/ising_D2_exci.yaml
/share/home/tanyi/ad-peps/examples/ising_D2_exci.yaml
D: 2
chi: 30
ctm_conv_tol: 1.0e-06
ctm_max_iter: 20
ctm_min_iter: 4
disp_level: 1
flush_output: true
model: ising
model_params:
  h: 3
momentum_path: Bril1
out_prefix: null
pattern:
- - 0
  - 1
- - 1
  - 0
resume: true

Starting simulation of basis vector 1/62
Performing CTM pre-steps without tracking
  | CTM step 1 conv: 1.000e+00 time: 2.92
  | CTM step 2 conv: 1.000e+00 time: 6.05
  | CTM step 3 conv: 1.000e+00 time: 8.43
  | CTM step 4 conv: 1.556e-05 time: 5.28
  | CTM step 5 conv: 5.657e-06 time: 0.67
Performing CTM
  | CTM step 1 conv: 1.000e+00 time: 1.78
  | CTM step 2 conv: 1.427e-09 time: 1.17
  | CTM step 3 conv: 1.389e-10 time: 1.14
Energies: 0.03235045386721537 7.86804288374957e-14
Norm: 0.005204116795139052
========== 
Finished basis vector 1/62 

Starting simulation of basis vector 2/62
Performing CTM pre-steps without tracking
  | CTM step 1 conv: 1.000e+00 time: 0.6
  | CTM step 2 conv: 1.000e+00 time: 0.69
  | CTM step 3 conv: 1.000e+00 time: 0.78
  | CTM step 4 conv: 1.556e-05 time: 0.76
  | CTM step 5 conv: 5.657e-06 time: 0.68
Performing CTM
  | CTM step 1 conv: 1.000e+00 time: 0.89
  | CTM step 2 conv: 1.427e-09 time: 1.09
  | CTM step 3 conv: 1.389e-10 time: 1.08
Energies: 0.025181353612073794 7.86804288374957e-14
Norm: 0.0040502266502179095
========== 
Finished basis vector 2/62 

Starting simulation of basis vector 3/62
Performing CTM pre-steps without tracking
  | CTM step 1 conv: 1.000e+00 time: 0.58
  | CTM step 2 conv: 1.000e+00 time: 0.67
  | CTM step 3 conv: 1.000e+00 time: 0.67
  | CTM step 4 conv: 1.556e-05 time: 0.66
  | CTM step 5 conv: 5.657e-06 time: 0.65
Performing CTM
  | CTM step 1 conv: 1.000e+00 time: 0.87
  | CTM step 2 conv: 1.427e-09 time: 1.02
  | CTM step 3 conv: 1.389e-10 time: 1.07
Energies: 0.1091567337427006 7.86804288374957e-14
Norm: 0.017801716987629092
========== 
Finished basis vector 3/62 

Starting simulation of basis vector 4/62
Performing CTM pre-steps without tracking
  | CTM step 1 conv: 1.000e+00 time: 0.57
  | CTM step 2 conv: 1.000e+00 time: 0.74
  | CTM step 3 conv: 1.000e+00 time: 0.67
  | CTM step 4 conv: 1.556e-05 time: 0.68
  | CTM step 5 conv: 5.657e-06 time: 0.66
Performing CTM
  | CTM step 1 conv: 1.000e+00 time: 0.92
  | CTM step 2 conv: 1.427e-09 time: 1.04
  | CTM step 3 conv: 1.389e-10 time: 1.03
Energies: 0.034093778433910676 7.86804288374957e-14
Norm: 0.00555645422713969
========== 
Finished basis vector 4/62 

Starting simulation of basis vector 5/62
Performing CTM pre-steps without tracking
  | CTM step 1 conv: 1.000e+00 time: 0.58
  | CTM step 2 conv: 1.000e+00 time: 0.65
  | CTM step 3 conv: 1.000e+00 time: 0.69
  | CTM step 4 conv: 1.556e-05 time: 0.66
  | CTM step 5 conv: 5.657e-06 time: 0.65
Performing CTM
  | CTM step 1 conv: 1.000e+00 time: 0.86
  | CTM step 2 conv: 1.427e-09 time: 1.02
  | CTM step 3 conv: 1.389e-10 time: 1.01
Energies: 0.02279499355711751 7.86804288374957e-14
Norm: 0.003710172389907767
========== 
Finished basis vector 5/62 

Starting simulation of basis vector 6/62
Performing CTM pre-steps without tracking
  | CTM step 1 conv: 1.000e+00 time: 0.57
  | CTM step 2 conv: 1.000e+00 time: 0.65
  | CTM step 3 conv: 1.000e+00 time: 0.66
  | CTM step 4 conv: 1.556e-05 time: 0.66
  | CTM step 5 conv: 5.657e-06 time: 0.64
Performing CTM
  | CTM step 1 conv: 1.000e+00 time: 0.85
  | CTM step 2 conv: 1.427e-09 time: 1.02
  | CTM step 3 conv: 1.389e-10 time: 1.07
Energies: 0.10054137012524203 7.86804288374957e-14
Norm: 0.01670307915146645
========== 
Finished basis vector 6/62 

Starting simulation of basis vector 7/62
Performing CTM pre-steps without tracking
  | CTM step 1 conv: 1.000e+00 time: 0.58
  | CTM step 2 conv: 1.000e+00 time: 0.65
  | CTM step 3 conv: 1.000e+00 time: 0.67
  | CTM step 4 conv: 1.556e-05 time: 0.66
  | CTM step 5 conv: 5.657e-06 time: 0.65
Performing CTM
  | CTM step 1 conv: 1.000e+00 time: 0.91
  | CTM step 2 conv: 1.427e-09 time: 1.02
  | CTM step 3 conv: 1.389e-10 time: 1.01
Energies: 0.05530268602857106 7.86804288374957e-14
Norm: 0.009085458445229656
========== 
Finished basis vector 7/62 

Starting simulation of basis vector 8/62
Performing CTM pre-steps without tracking
  | CTM step 1 conv: 1.000e+00 time: 0.57
  | CTM step 2 conv: 1.000e+00 time: 0.64
  | CTM step 3 conv: 1.000e+00 time: 0.65
  | CTM step 4 conv: 1.556e-05 time: 0.65
  | CTM step 5 conv: 5.657e-06 time: 0.66
Performing CTM
  | CTM step 1 conv: 1.000e+00 time: 0.85
  | CTM step 2 conv: 1.427e-09 time: 1.01
  | CTM step 3 conv: 1.389e-10 time: 1.01
Energies: 0.11755559685329953 7.86804288374957e-14
Norm: 0.019516327492219702
========== 
Finished basis vector 8/62 

Starting simulation of basis vector 9/62
Performing CTM pre-steps without tracking
  | CTM step 1 conv: 1.000e+00 time: 0.57
  | CTM step 2 conv: 1.000e+00 time: 0.63
  | CTM step 3 conv: 1.000e+00 time: 0.65
  | CTM step 4 conv: 1.556e-05 time: 0.65
  | CTM step 5 conv: 5.657e-06 time: 0.64
Performing CTM
  | CTM step 1 conv: 1.000e+00 time: 0.93
  | CTM step 2 conv: 1.427e-09 time: 1.03
  | CTM step 3 conv: 1.389e-10 time: 1.07
Energies: 0.005504680918298668 7.86804288374957e-14
Norm: 0.0008258154730175172
========== 
Finished basis vector 9/62 

Starting simulation of basis vector 10/62
Performing CTM pre-steps without tracking
  | CTM step 1 conv: 1.000e+00 time: 0.58
  | CTM step 2 conv: 1.000e+00 time: 0.63
  | CTM step 3 conv: 1.000e+00 time: 0.65
  | CTM step 4 conv: 1.556e-05 time: 0.65
  | CTM step 5 conv: 5.657e-06 time: 0.65
Performing CTM
  | CTM step 1 conv: 1.000e+00 time: 0.86
  | CTM step 2 conv: 1.427e-09 time: 1.03
  | CTM step 3 conv: 1.389e-10 time: 1.02
Energies: 0.06496790671405936 7.86804288374957e-14
Norm: 0.01081439202662628
========== 
Finished basis vector 10/62 

Starting simulation of basis vector 11/62
Performing CTM pre-steps without tracking
  | CTM step 1 conv: 1.000e+00 time: 0.57
  | CTM step 2 conv: 1.000e+00 time: 0.64
  | CTM step 3 conv: 1.000e+00 time: 0.65
  | CTM step 4 conv: 1.556e-05 time: 0.65
  | CTM step 5 conv: 5.657e-06 time: 0.65
Performing CTM
  | CTM step 1 conv: 1.000e+00 time: 0.85
  | CTM step 2 conv: 1.427e-09 time: 1.03
  | CTM step 3 conv: 1.389e-10 time: 1.02
Energies: 0.016280037303609093 7.86804288374957e-14
Norm: 0.002463025140064076
========== 
Finished basis vector 11/62 

Starting simulation of basis vector 12/62
Performing CTM pre-steps without tracking
  | CTM step 1 conv: 1.000e+00 time: 0.57
  | CTM step 2 conv: 1.000e+00 time: 0.64
  | CTM step 3 conv: 1.000e+00 time: 0.65
  | CTM step 4 conv: 1.556e-05 time: 0.65
  | CTM step 5 conv: 5.657e-06 time: 0.65
Performing CTM
  | CTM step 1 conv: 1.000e+00 time: 0.85
  | CTM step 2 conv: 1.427e-09 time: 1.01
  | CTM step 3 conv: 1.389e-10 time: 1.01
Energies: 0.014744895993843592 7.86804288374957e-14
Norm: 0.002247509549149105
========== 
Finished basis vector 12/62 

Starting simulation of basis vector 13/62
Performing CTM pre-steps without tracking
  | CTM step 1 conv: 1.000e+00 time: 0.57
  | CTM step 2 conv: 1.000e+00 time: 0.63
  | CTM step 3 conv: 1.000e+00 time: 0.64
  | CTM step 4 conv: 1.556e-05 time: 0.65
  | CTM step 5 conv: 5.657e-06 time: 0.64
Performing CTM
  | CTM step 1 conv: 1.000e+00 time: 0.84
  | CTM step 2 conv: 1.427e-09 time: 1.05
  | CTM step 3 conv: 1.389e-10 time: 1.01
Energies: 0.00979140483682633 7.86804288374957e-14
Norm: 0.0015177800503958596
========== 
Finished basis vector 13/62 

Starting simulation of basis vector 14/62
Performing CTM pre-steps without tracking
  | CTM step 1 conv: 1.000e+00 time: 0.57
  | CTM step 2 conv: 1.000e+00 time: 0.63
  | CTM step 3 conv: 1.000e+00 time: 0.64
  | CTM step 4 conv: 1.556e-05 time: 0.65
  | CTM step 5 conv: 5.657e-06 time: 0.65
Performing CTM
  | CTM step 1 conv: 1.000e+00 time: 0.84
  | CTM step 2 conv: 1.427e-09 time: 1.01
  | CTM step 3 conv: 1.389e-10 time: 1.0
Energies: 0.04736256743916611 7.86804288374957e-14
Norm: 0.0076353718053868685
========== 
Finished basis vector 14/62 

Starting simulation of basis vector 15/62
Performing CTM pre-steps without tracking
  | CTM step 1 conv: 1.000e+00 time: 0.57
  | CTM step 2 conv: 1.000e+00 time: 0.64
  | CTM step 3 conv: 1.000e+00 time: 0.65
  | CTM step 4 conv: 1.556e-05 time: 0.65
  | CTM step 5 conv: 5.657e-06 time: 0.65
Performing CTM
  | CTM step 1 conv: 1.000e+00 time: 0.84
  | CTM step 2 conv: 1.427e-09 time: 1.01
  | CTM step 3 conv: 1.389e-10 time: 1.0
Energies: 0.026429802199736004 7.86804288374957e-14
Norm: 0.004249988779438551
========== 
Finished basis vector 15/62 

Starting simulation of basis vector 16/62
Performing CTM pre-steps without tracking
  | CTM step 1 conv: 1.000e+00 time: 0.57
  | CTM step 2 conv: 1.000e+00 time: 0.63
  | CTM step 3 conv: 1.000e+00 time: 0.65
  | CTM step 4 conv: 1.556e-05 time: 0.65
  | CTM step 5 conv: 5.657e-06 time: 0.65
Performing CTM
  | CTM step 1 conv: 1.000e+00 time: 0.84
  | CTM step 2 conv: 1.427e-09 time: 1.01
  | CTM step 3 conv: 1.389e-10 time: 1.05
Energies: 1.8926082326566185 7.86804288374957e-14
Norm: 0.3026996656280305
========== 
Finished basis vector 16/62 

Starting simulation of basis vector 17/62
Performing CTM pre-steps without tracking
  | CTM step 1 conv: 1.000e+00 time: 0.57
  | CTM step 2 conv: 1.000e+00 time: 0.63
  | CTM step 3 conv: 1.000e+00 time: 0.64
  | CTM step 4 conv: 1.556e-05 time: 0.65
  | CTM step 5 conv: 5.657e-06 time: 0.65
Performing CTM
  | CTM step 1 conv: 1.000e+00 time: 0.84
  | CTM step 2 conv: 1.427e-09 time: 1.03
  | CTM step 3 conv: 1.389e-10 time: 1.02
Energies: 0.5784514610720434 7.86804288374957e-14
Norm: 0.08943092118652914
========== 
Finished basis vector 17/62 

Starting simulation of basis vector 18/62
Performing CTM pre-steps without tracking
  | CTM step 1 conv: 1.000e+00 time: 0.57
  | CTM step 2 conv: 1.000e+00 time: 0.63
  | CTM step 3 conv: 1.000e+00 time: 0.65
  | CTM step 4 conv: 1.556e-05 time: 0.65
  | CTM step 5 conv: 5.657e-06 time: 0.65
Performing CTM
  | CTM step 1 conv: 1.000e+00 time: 0.84
  | CTM step 2 conv: 1.427e-09 time: 1.01
  | CTM step 3 conv: 1.389e-10 time: 1.01
Energies: 3.084970000043909 7.86804288374957e-14
Norm: 0.49829179922135863
========== 
Finished basis vector 18/62 

Starting simulation of basis vector 19/62
Performing CTM pre-steps without tracking
  | CTM step 1 conv: 1.000e+00 time: 0.57
  | CTM step 2 conv: 1.000e+00 time: 0.64
  | CTM step 3 conv: 1.000e+00 time: 0.64
  | CTM step 4 conv: 1.556e-05 time: 0.64
  | CTM step 5 conv: 5.657e-06 time: 0.64
Performing CTM
  | CTM step 1 conv: 1.000e+00 time: 0.84
  | CTM step 2 conv: 1.427e-09 time: 1.01
  | CTM step 3 conv: 1.389e-10 time: 1.01
Energies: 0.943609894258882 7.86804288374957e-14
Norm: 0.14709160026980103
========== 
Finished basis vector 19/62 

Starting simulation of basis vector 20/62
Performing CTM pre-steps without tracking
  | CTM step 1 conv: 1.000e+00 time: 0.57
  | CTM step 2 conv: 1.000e+00 time: 0.63
  | CTM step 3 conv: 1.000e+00 time: 0.64
  | CTM step 4 conv: 1.556e-05 time: 0.65
  | CTM step 5 conv: 5.657e-06 time: 0.64
Performing CTM
  | CTM step 1 conv: 1.000e+00 time: 0.84
  | CTM step 2 conv: 1.427e-09 time: 1.06
  | CTM step 3 conv: 1.389e-10 time: 1.0
Energies: 0.2503890082904784 7.86804288374957e-14
Norm: 0.03473618932090266
========== 
Finished basis vector 20/62 

Starting simulation of basis vector 21/62
Performing CTM pre-steps without tracking
  | CTM step 1 conv: 1.000e+00 time: 0.57
  | CTM step 2 conv: 1.000e+00 time: 0.64
  | CTM step 3 conv: 1.000e+00 time: 0.65
  | CTM step 4 conv: 1.556e-05 time: 0.64
  | CTM step 5 conv: 5.657e-06 time: 0.65
Performing CTM
  | CTM step 1 conv: 1.000e+00 time: 0.84
  | CTM step 2 conv: 1.427e-09 time: 1.01
  | CTM step 3 conv: 1.389e-10 time: 1.01
Energies: 0.07561193052246012 7.86804288374957e-14
Norm: 0.010216739592047075
========== 
Finished basis vector 21/62 

Starting simulation of basis vector 22/62
Performing CTM pre-steps without tracking
  | CTM step 1 conv: 1.000e+00 time: 0.57
  | CTM step 2 conv: 1.000e+00 time: 0.63
  | CTM step 3 conv: 1.000e+00 time: 0.65
  | CTM step 4 conv: 1.556e-05 time: 0.64
  | CTM step 5 conv: 5.657e-06 time: 0.64
Performing CTM
  | CTM step 1 conv: 1.000e+00 time: 0.84
  | CTM step 2 conv: 1.427e-09 time: 1.01
  | CTM step 3 conv: 1.389e-10 time: 1.0
Energies: 0.3985480973036758 7.86804288374957e-14
Norm: 0.0556826508143017
========== 
Finished basis vector 22/62 

Starting simulation of basis vector 23/62
Performing CTM pre-steps without tracking
  | CTM step 1 conv: 1.000e+00 time: 0.57
  | CTM step 2 conv: 1.000e+00 time: 0.63
  | CTM step 3 conv: 1.000e+00 time: 0.64
  | CTM step 4 conv: 1.556e-05 time: 0.64
  | CTM step 5 conv: 5.657e-06 time: 0.64
Performing CTM
  | CTM step 1 conv: 1.000e+00 time: 0.84
  | CTM step 2 conv: 1.427e-09 time: 1.0
  | CTM step 3 conv: 1.389e-10 time: 1.05
Energies: 0.12026890799789308 7.86804288374957e-14
Norm: 0.016355963893993512
========== 
Finished basis vector 23/62 

Starting simulation of basis vector 24/62
Performing CTM pre-steps without tracking
  | CTM step 1 conv: 1.000e+00 time: 0.57
  | CTM step 2 conv: 1.000e+00 time: 0.63
  | CTM step 3 conv: 1.000e+00 time: 0.64
  | CTM step 4 conv: 1.556e-05 time: 0.68
  | CTM step 5 conv: 5.657e-06 time: 0.64
Performing CTM
  | CTM step 1 conv: 1.000e+00 time: 0.84
  | CTM step 2 conv: 1.427e-09 time: 1.01
  | CTM step 3 conv: 1.389e-10 time: 1.0
Energies: 1.4776317504039296 7.86804288374957e-14
Norm: 0.2362867457998484
========== 
Finished basis vector 24/62 

Starting simulation of basis vector 25/62
Performing CTM pre-steps without tracking
  | CTM step 1 conv: 1.000e+00 time: 0.57
  | CTM step 2 conv: 1.000e+00 time: 0.63
  | CTM step 3 conv: 1.000e+00 time: 0.64
  | CTM step 4 conv: 1.556e-05 time: 0.64
  | CTM step 5 conv: 5.657e-06 time: 0.64
Performing CTM
  | CTM step 1 conv: 1.000e+00 time: 0.84
  | CTM step 2 conv: 1.427e-09 time: 1.0
  | CTM step 3 conv: 1.389e-10 time: 1.0
Energies: 0.4523758904805742 7.86804288374957e-14
Norm: 0.06958950691305046
========== 
Finished basis vector 25/62 

Starting simulation of basis vector 26/62
Performing CTM pre-steps without tracking
  | CTM step 1 conv: 1.000e+00 time: 0.57
  | CTM step 2 conv: 1.000e+00 time: 0.63
  | CTM step 3 conv: 1.000e+00 time: 0.64
  | CTM step 4 conv: 1.556e-05 time: 0.65
  | CTM step 5 conv: 5.657e-06 time: 0.64
Performing CTM
  | CTM step 1 conv: 1.000e+00 time: 0.84
  | CTM step 2 conv: 1.427e-09 time: 1.0
  | CTM step 3 conv: 1.389e-10 time: 1.0
Energies: 2.4165151924625885 7.86804288374957e-14
Norm: 0.3895888864917931
========== 
Finished basis vector 26/62 

Starting simulation of basis vector 27/62
Performing CTM pre-steps without tracking
  | CTM step 1 conv: 1.000e+00 time: 0.57
  | CTM step 2 conv: 1.000e+00 time: 0.63
  | CTM step 3 conv: 1.000e+00 time: 0.64
  | CTM step 4 conv: 1.556e-05 time: 0.64
  | CTM step 5 conv: 5.657e-06 time: 0.64
Performing CTM
  | CTM step 1 conv: 1.000e+00 time: 0.83
  | CTM step 2 conv: 1.427e-09 time: 1.04
  | CTM step 3 conv: 1.389e-10 time: 1.0
Energies: 0.7400733341668535 7.86804288374957e-14
Norm: 0.11462404547665968
========== 
Finished basis vector 27/62 

Starting simulation of basis vector 28/62
Performing CTM pre-steps without tracking
  | CTM step 1 conv: 1.000e+00 time: 0.56
  | CTM step 2 conv: 1.000e+00 time: 0.62
  | CTM step 3 conv: 1.000e+00 time: 0.64
  | CTM step 4 conv: 1.556e-05 time: 0.64
  | CTM step 5 conv: 5.657e-06 time: 0.64
Performing CTM
  | CTM step 1 conv: 1.000e+00 time: 0.84
  | CTM step 2 conv: 1.427e-09 time: 1.0
  | CTM step 3 conv: 1.389e-10 time: 1.0
Energies: 0.19393789955848864 7.86804288374957e-14
Norm: 0.02695662390547073
========== 
Finished basis vector 28/62 

Starting simulation of basis vector 29/62
Performing CTM pre-steps without tracking
  | CTM step 1 conv: 1.000e+00 time: 0.57
  | CTM step 2 conv: 1.000e+00 time: 0.67
  | CTM step 3 conv: 1.000e+00 time: 0.65
  | CTM step 4 conv: 1.556e-05 time: 0.65
  | CTM step 5 conv: 5.657e-06 time: 0.64
Performing CTM
  | CTM step 1 conv: 1.000e+00 time: 0.84
  | CTM step 2 conv: 1.427e-09 time: 1.0
  | CTM step 3 conv: 1.389e-10 time: 1.0
Energies: 0.05861944499484046 7.86804288374957e-14
Norm: 0.00790322253801781
========== 
Finished basis vector 29/62 

Starting simulation of basis vector 30/62
Performing CTM pre-steps without tracking
  | CTM step 1 conv: 1.000e+00 time: 0.56
  | CTM step 2 conv: 1.000e+00 time: 0.63
  | CTM step 3 conv: 1.000e+00 time: 0.64
  | CTM step 4 conv: 1.556e-05 time: 0.64
  | CTM step 5 conv: 5.657e-06 time: 0.64
Performing CTM
  | CTM step 1 conv: 1.000e+00 time: 0.84
  | CTM step 2 conv: 1.427e-09 time: 1.01
  | CTM step 3 conv: 1.389e-10 time: 1.04
Energies: 0.30930319600469663 7.86804288374957e-14
Norm: 0.04326172740903373
========== 
Finished basis vector 30/62 

Starting simulation of basis vector 31/62
Performing CTM pre-steps without tracking
  | CTM step 1 conv: 1.000e+00 time: 0.57
  | CTM step 2 conv: 1.000e+00 time: 0.63
  | CTM step 3 conv: 1.000e+00 time: 0.64
  | CTM step 4 conv: 1.556e-05 time: 0.64
  | CTM step 5 conv: 5.657e-06 time: 0.64
Performing CTM
  | CTM step 1 conv: 1.000e+00 time: 0.83
  | CTM step 2 conv: 1.427e-09 time: 1.0
  | CTM step 3 conv: 1.389e-10 time: 1.0
Energies: 0.09348575668057404 7.86804288374957e-14
Norm: 0.012670093139348507
========== 
Finished basis vector 31/62 

Starting simulation of basis vector 32/62
Performing CTM pre-steps without tracking
  | CTM step 1 conv: 1.000e+00 time: 0.56
  | CTM step 2 conv: 1.000e+00 time: 0.62
  | CTM step 3 conv: 1.000e+00 time: 0.64
  | CTM step 4 conv: 1.556e-05 time: 0.64
  | CTM step 5 conv: 5.657e-06 time: 0.64
Performing CTM
  | CTM step 1 conv: 1.000e+00 time: 0.84
  | CTM step 2 conv: 1.427e-09 time: 1.0
  | CTM step 3 conv: 1.389e-10 time: 1.0
Energies: 0.015041794124610569 7.86804288374957e-14
Norm: 0.0013989549273872221
========== 
Finished basis vector 32/62 

Starting simulation of basis vector 33/62
Performing CTM pre-steps without tracking
  | CTM step 1 conv: 1.000e+00 time: 0.57
  | CTM step 2 conv: 1.000e+00 time: 0.63
  | CTM step 3 conv: 1.000e+00 time: 0.64
  | CTM step 4 conv: 1.556e-05 time: 0.64
  | CTM step 5 conv: 5.657e-06 time: 0.64
Performing CTM
  | CTM step 1 conv: 1.000e+00 time: 0.84
  | CTM step 2 conv: 1.427e-09 time: 1.0
  | CTM step 3 conv: 1.389e-10 time: 1.0
Energies: 0.4694379725333235 7.86804288374957e-14
Norm: 0.07667749228606889
========== 
Finished basis vector 33/62 

Starting simulation of basis vector 34/62
Performing CTM pre-steps without tracking
  | CTM step 1 conv: 1.000e+00 time: 0.56
  | CTM step 2 conv: 1.000e+00 time: 0.63
  | CTM step 3 conv: 1.000e+00 time: 0.64
  | CTM step 4 conv: 1.556e-05 time: 0.64
  | CTM step 5 conv: 5.657e-06 time: 0.63
Performing CTM
  | CTM step 1 conv: 1.000e+00 time: 0.84
  | CTM step 2 conv: 1.427e-09 time: 1.07
  | CTM step 3 conv: 1.389e-10 time: 1.0
Energies: 0.046838950370928785 7.86804288374957e-14
Norm: 0.006358526492846628
========== 
Finished basis vector 34/62 

Starting simulation of basis vector 35/62
Performing CTM pre-steps without tracking
  | CTM step 1 conv: 1.000e+00 time: 0.57
  | CTM step 2 conv: 1.000e+00 time: 0.63
  | CTM step 3 conv: 1.000e+00 time: 0.64
  | CTM step 4 conv: 1.556e-05 time: 0.64
  | CTM step 5 conv: 5.657e-06 time: 0.64
Performing CTM
  | CTM step 1 conv: 1.000e+00 time: 0.84
  | CTM step 2 conv: 1.427e-09 time: 1.0
  | CTM step 3 conv: 1.389e-10 time: 1.01
Energies: 0.06450555085272129 7.86804288374957e-14
Norm: 0.00919592927491478
========== 
Finished basis vector 35/62 

Starting simulation of basis vector 36/62
Performing CTM pre-steps without tracking
  | CTM step 1 conv: 1.000e+00 time: 0.57
  | CTM step 2 conv: 1.000e+00 time: 0.63
  | CTM step 3 conv: 1.000e+00 time: 0.64
  | CTM step 4 conv: 1.556e-05 time: 0.64
  | CTM step 5 conv: 5.657e-06 time: 0.64
Performing CTM
  | CTM step 1 conv: 1.000e+00 time: 0.87
  | CTM step 2 conv: 1.427e-09 time: 1.01
  | CTM step 3 conv: 1.389e-10 time: 1.0
Energies: 0.03749568177523306 7.86804288374957e-14
Norm: 0.005383320388797996
========== 
Finished basis vector 36/62 

Starting simulation of basis vector 37/62
Performing CTM pre-steps without tracking
  | CTM step 1 conv: 1.000e+00 time: 0.57
  | CTM step 2 conv: 1.000e+00 time: 0.63
  | CTM step 3 conv: 1.000e+00 time: 0.64
  | CTM step 4 conv: 1.556e-05 time: 0.64
  | CTM step 5 conv: 5.657e-06 time: 0.64
Performing CTM
  | CTM step 1 conv: 1.000e+00 time: 0.95
  | CTM step 2 conv: 1.427e-09 time: 1.0
  | CTM step 3 conv: 1.389e-10 time: 1.05
Energies: 0.06504927425880414 7.86804288374957e-14
Norm: 0.009003745354448464
========== 
Finished basis vector 37/62 

Starting simulation of basis vector 38/62
Performing CTM pre-steps without tracking
  | CTM step 1 conv: 1.000e+00 time: 0.57
  | CTM step 2 conv: 1.000e+00 time: 0.63
  | CTM step 3 conv: 1.000e+00 time: 0.65
  | CTM step 4 conv: 1.556e-05 time: 0.65
  | CTM step 5 conv: 5.657e-06 time: 0.64
Performing CTM
  | CTM step 1 conv: 1.000e+00 time: 0.85
  | CTM step 2 conv: 1.427e-09 time: 1.0
  | CTM step 3 conv: 1.389e-10 time: 1.0
Energies: 0.015676914812566802 7.86804288374957e-14
Norm: 0.0014014556002384187
========== 
Finished basis vector 38/62 

Starting simulation of basis vector 39/62
Performing CTM pre-steps without tracking
  | CTM step 1 conv: 1.000e+00 time: 0.57
  | CTM step 2 conv: 1.000e+00 time: 0.63
  | CTM step 3 conv: 1.000e+00 time: 0.64
  | CTM step 4 conv: 1.556e-05 time: 0.64
  | CTM step 5 conv: 5.657e-06 time: 0.64
Performing CTM
  | CTM step 1 conv: 1.000e+00 time: 0.84
  | CTM step 2 conv: 1.427e-09 time: 1.0
  | CTM step 3 conv: 1.389e-10 time: 1.0
Energies: 0.15587345535000952 7.86804288374957e-14
Norm: 0.024575220082501494
========== 
Finished basis vector 39/62 

Starting simulation of basis vector 40/62
Performing CTM pre-steps without tracking
  | CTM step 1 conv: 1.000e+00 time: 0.57
  | CTM step 2 conv: 1.000e+00 time: 0.63
  | CTM step 3 conv: 1.000e+00 time: 0.65
  | CTM step 4 conv: 1.556e-05 time: 0.64
  | CTM step 5 conv: 5.657e-06 time: 0.64
Performing CTM
  | CTM step 1 conv: 1.000e+00 time: 0.84
  | CTM step 2 conv: 1.427e-09 time: 1.0
  | CTM step 3 conv: 1.389e-10 time: 1.0
Energies: 0.24836998989730752 7.86804288374957e-14
Norm: 0.04037658688210579
========== 
Finished basis vector 40/62 

Starting simulation of basis vector 41/62
Performing CTM pre-steps without tracking
  | CTM step 1 conv: 1.000e+00 time: 0.56
  | CTM step 2 conv: 1.000e+00 time: 0.63
  | CTM step 3 conv: 1.000e+00 time: 0.64
  | CTM step 4 conv: 1.556e-05 time: 0.64
  | CTM step 5 conv: 5.657e-06 time: 0.64
Performing CTM
  | CTM step 1 conv: 1.000e+00 time: 0.84
  | CTM step 2 conv: 1.427e-09 time: 1.05
  | CTM step 3 conv: 1.389e-10 time: 1.0
Energies: 0.13303385128384054 7.86804288374957e-14
Norm: 0.02119485216622545
========== 
Finished basis vector 41/62 

Starting simulation of basis vector 42/62
Performing CTM pre-steps without tracking
  | CTM step 1 conv: 1.000e+00 time: 0.57
  | CTM step 2 conv: 1.000e+00 time: 0.63
  | CTM step 3 conv: 1.000e+00 time: 0.64
  | CTM step 4 conv: 1.556e-05 time: 0.64
  | CTM step 5 conv: 5.657e-06 time: 0.64
Performing CTM
  | CTM step 1 conv: 1.000e+00 time: 0.84
  | CTM step 2 conv: 1.427e-09 time: 1.0
  | CTM step 3 conv: 1.389e-10 time: 1.0
Energies: 0.12923628060111492 7.86804288374957e-14
Norm: 0.019954262136350022
========== 
Finished basis vector 42/62 

Starting simulation of basis vector 43/62
Performing CTM pre-steps without tracking
  | CTM step 1 conv: 1.000e+00 time: 0.57
  | CTM step 2 conv: 1.000e+00 time: 0.63
  | CTM step 3 conv: 1.000e+00 time: 0.64
  | CTM step 4 conv: 1.556e-05 time: 0.64
  | CTM step 5 conv: 5.657e-06 time: 0.64
Performing CTM
  | CTM step 1 conv: 1.000e+00 time: 0.85
  | CTM step 2 conv: 1.427e-09 time: 1.01
  | CTM step 3 conv: 1.389e-10 time: 1.02
Energies: 0.37979463989153917 7.86804288374957e-14
Norm: 0.062024971685703326
========== 
Finished basis vector 43/62 

Starting simulation of basis vector 44/62
Performing CTM pre-steps without tracking
  | CTM step 1 conv: 1.000e+00 time: 0.57
  | CTM step 2 conv: 1.000e+00 time: 0.63
  | CTM step 3 conv: 1.000e+00 time: 0.64
  | CTM step 4 conv: 1.556e-05 time: 0.64
  | CTM step 5 conv: 5.657e-06 time: 0.64
Performing CTM
  | CTM step 1 conv: 1.000e+00 time: 0.84
  | CTM step 2 conv: 1.427e-09 time: 1.01
  | CTM step 3 conv: 1.389e-10 time: 1.05
Energies: 0.24833746249838473 7.86804288374957e-14
Norm: 0.04035925502008682
========== 
Finished basis vector 44/62 

Starting simulation of basis vector 45/62
Performing CTM pre-steps without tracking
  | CTM step 1 conv: 1.000e+00 time: 0.57
  | CTM step 2 conv: 1.000e+00 time: 0.63
  | CTM step 3 conv: 1.000e+00 time: 0.64
  | CTM step 4 conv: 1.556e-05 time: 0.64
  | CTM step 5 conv: 5.657e-06 time: 0.66
Performing CTM
  | CTM step 1 conv: 1.000e+00 time: 0.85
  | CTM step 2 conv: 1.427e-09 time: 1.01
  | CTM step 3 conv: 1.389e-10 time: 1.0
Energies: 0.08597597657692052 7.86804288374957e-14
Norm: 0.01306342149554542
========== 
Finished basis vector 45/62 

Starting simulation of basis vector 46/62
Performing CTM pre-steps without tracking
  | CTM step 1 conv: 1.000e+00 time: 0.56
  | CTM step 2 conv: 1.000e+00 time: 0.63
  | CTM step 3 conv: 1.000e+00 time: 0.64
  | CTM step 4 conv: 1.556e-05 time: 0.64
  | CTM step 5 conv: 5.657e-06 time: 0.64
Performing CTM
  | CTM step 1 conv: 1.000e+00 time: 0.84
  | CTM step 2 conv: 1.427e-09 time: 1.0
  | CTM step 3 conv: 1.389e-10 time: 1.0
Energies: 0.12407687492755687 7.86804288374957e-14
Norm: 0.019638782180703456
========== 
Finished basis vector 46/62 

Starting simulation of basis vector 47/62
Performing CTM pre-steps without tracking
  | CTM step 1 conv: 1.000e+00 time: 0.57
  | CTM step 2 conv: 1.000e+00 time: 0.63
  | CTM step 3 conv: 1.000e+00 time: 0.64
  | CTM step 4 conv: 1.556e-05 time: 0.64
  | CTM step 5 conv: 5.657e-06 time: 0.64
Performing CTM
  | CTM step 1 conv: 1.000e+00 time: 0.84
  | CTM step 2 conv: 1.427e-09 time: 1.0
  | CTM step 3 conv: 1.389e-10 time: 1.0
Energies: 1.5665644636784744 7.86804288374957e-14
Norm: 0.22749174586745752
========== 
Finished basis vector 47/62 

Starting simulation of basis vector 48/62
Performing CTM pre-steps without tracking
  | CTM step 1 conv: 1.000e+00 time: 0.56
  | CTM step 2 conv: 1.000e+00 time: 0.63
  | CTM step 3 conv: 1.000e+00 time: 0.64
  | CTM step 4 conv: 1.556e-05 time: 0.65
  | CTM step 5 conv: 5.657e-06 time: 0.64
Performing CTM
  | CTM step 1 conv: 1.000e+00 time: 0.84
  | CTM step 2 conv: 1.427e-09 time: 1.06
  | CTM step 3 conv: 1.389e-10 time: 1.0
Energies: 0.5011909601494309 7.86804288374957e-14
Norm: 0.06778675837327827
========== 
Finished basis vector 48/62 

Starting simulation of basis vector 49/62
Performing CTM pre-steps without tracking
  | CTM step 1 conv: 1.000e+00 time: 0.57
  | CTM step 2 conv: 1.000e+00 time: 0.63
  | CTM step 3 conv: 1.000e+00 time: 0.64
  | CTM step 4 conv: 1.556e-05 time: 0.7
  | CTM step 5 conv: 5.657e-06 time: 0.64
Performing CTM
  | CTM step 1 conv: 1.000e+00 time: 0.84
  | CTM step 2 conv: 1.427e-09 time: 1.01
  | CTM step 3 conv: 1.389e-10 time: 1.0
Energies: 1.7547717388349748 7.86804288374957e-14
Norm: 0.2533937363591969
========== 
Finished basis vector 49/62 

Starting simulation of basis vector 50/62
Performing CTM pre-steps without tracking
  | CTM step 1 conv: 1.000e+00 time: 0.57
  | CTM step 2 conv: 1.000e+00 time: 0.63
  | CTM step 3 conv: 1.000e+00 time: 0.64
  | CTM step 4 conv: 1.556e-05 time: 0.65
  | CTM step 5 conv: 5.657e-06 time: 0.64
Performing CTM
  | CTM step 1 conv: 1.000e+00 time: 0.84
  | CTM step 2 conv: 1.427e-09 time: 1.0
  | CTM step 3 conv: 1.389e-10 time: 1.0
Energies: 0.559545857968256 7.86804288374957e-14
Norm: 0.07567999124058726
========== 
Finished basis vector 50/62 

Starting simulation of basis vector 51/62
Performing CTM pre-steps without tracking
  | CTM step 1 conv: 1.000e+00 time: 0.57
  | CTM step 2 conv: 1.000e+00 time: 0.63
  | CTM step 3 conv: 1.000e+00 time: 0.64
  | CTM step 4 conv: 1.556e-05 time: 0.66
  | CTM step 5 conv: 5.657e-06 time: 0.64
Performing CTM
  | CTM step 1 conv: 1.000e+00 time: 0.84
  | CTM step 2 conv: 1.427e-09 time: 1.0
  | CTM step 3 conv: 1.389e-10 time: 1.05
Energies: 0.7323035427096981 7.86804288374957e-14
Norm: 0.09979817662532378
========== 
Finished basis vector 51/62 

Starting simulation of basis vector 52/62
Performing CTM pre-steps without tracking
  | CTM step 1 conv: 1.000e+00 time: 0.57
  | CTM step 2 conv: 1.000e+00 time: 0.63
  | CTM step 3 conv: 1.000e+00 time: 0.64
  | CTM step 4 conv: 1.556e-05 time: 0.64
  | CTM step 5 conv: 5.657e-06 time: 0.64
Performing CTM
  | CTM step 1 conv: 1.000e+00 time: 0.84
  | CTM step 2 conv: 1.427e-09 time: 1.0
  | CTM step 3 conv: 1.389e-10 time: 1.0
Energies: 0.23359074010725728 7.86804288374957e-14
Norm: 0.029772018560660075
========== 
Finished basis vector 52/62 

Starting simulation of basis vector 53/62
Performing CTM pre-steps without tracking
  | CTM step 1 conv: 1.000e+00 time: 0.57
  | CTM step 2 conv: 1.000e+00 time: 0.63
  | CTM step 3 conv: 1.000e+00 time: 0.64
  | CTM step 4 conv: 1.556e-05 time: 0.64
  | CTM step 5 conv: 5.657e-06 time: 0.64
Performing CTM
  | CTM step 1 conv: 1.000e+00 time: 0.84
  | CTM step 2 conv: 1.427e-09 time: 1.0
  | CTM step 3 conv: 1.389e-10 time: 1.0
Energies: 0.8131527362917668 7.86804288374957e-14
Norm: 0.11032747264334954
========== 
Finished basis vector 53/62 

Starting simulation of basis vector 54/62
Performing CTM pre-steps without tracking
  | CTM step 1 conv: 1.000e+00 time: 0.57
  | CTM step 2 conv: 1.000e+00 time: 0.63
  | CTM step 3 conv: 1.000e+00 time: 0.65
  | CTM step 4 conv: 1.556e-05 time: 0.65
  | CTM step 5 conv: 5.657e-06 time: 0.64
Performing CTM
  | CTM step 1 conv: 1.000e+00 time: 0.84
  | CTM step 2 conv: 1.427e-09 time: 1.0
  | CTM step 3 conv: 1.389e-10 time: 1.0
Energies: 0.25901804267506046 7.86804288374957e-14
Norm: 0.03301531988384437
========== 
Finished basis vector 54/62 

Starting simulation of basis vector 55/62
Performing CTM pre-steps without tracking
  | CTM step 1 conv: 1.000e+00 time: 0.56
  | CTM step 2 conv: 1.000e+00 time: 0.63
  | CTM step 3 conv: 1.000e+00 time: 0.71
  | CTM step 4 conv: 1.556e-05 time: 0.64
  | CTM step 5 conv: 5.657e-06 time: 0.64
Performing CTM
  | CTM step 1 conv: 1.000e+00 time: 0.84
  | CTM step 2 conv: 1.427e-09 time: 1.05
  | CTM step 3 conv: 1.389e-10 time: 1.0
Energies: 2.9350956799749426 7.86804288374957e-14
Norm: 0.4539164531009628
========== 
Finished basis vector 55/62 

Starting simulation of basis vector 56/62
Performing CTM pre-steps without tracking
  | CTM step 1 conv: 1.000e+00 time: 0.57
  | CTM step 2 conv: 1.000e+00 time: 0.63
  | CTM step 3 conv: 1.000e+00 time: 0.64
  | CTM step 4 conv: 1.556e-05 time: 0.64
  | CTM step 5 conv: 5.657e-06 time: 0.64
Performing CTM
  | CTM step 1 conv: 1.000e+00 time: 0.84
  | CTM step 2 conv: 1.427e-09 time: 1.0
  | CTM step 3 conv: 1.389e-10 time: 1.0
Energies: 0.946108253073537 7.86804288374957e-14
Norm: 0.13552223059241852
========== 
Finished basis vector 56/62 

Starting simulation of basis vector 57/62
Performing CTM pre-steps without tracking
  | CTM step 1 conv: 1.000e+00 time: 0.57
  | CTM step 2 conv: 1.000e+00 time: 0.64
  | CTM step 3 conv: 1.000e+00 time: 0.64
  | CTM step 4 conv: 1.556e-05 time: 0.64
  | CTM step 5 conv: 5.657e-06 time: 0.64
Performing CTM
  | CTM step 1 conv: 1.000e+00 time: 0.84
  | CTM step 2 conv: 1.427e-09 time: 1.01
  | CTM step 3 conv: 1.389e-10 time: 1.0
Energies: 3.2774757489969852 7.86804288374957e-14
Norm: 0.5044240837559146
========== 
Finished basis vector 57/62 

Starting simulation of basis vector 58/62
Performing CTM pre-steps without tracking
  | CTM step 1 conv: 1.000e+00 time: 0.56
  | CTM step 2 conv: 1.000e+00 time: 0.63
  | CTM step 3 conv: 1.000e+00 time: 0.64
  | CTM step 4 conv: 1.556e-05 time: 0.64
  | CTM step 5 conv: 5.657e-06 time: 0.64
Performing CTM
  | CTM step 1 conv: 1.000e+00 time: 0.84
  | CTM step 2 conv: 1.427e-09 time: 1.0
  | CTM step 3 conv: 1.389e-10 time: 1.05
Energies: 1.0533539376506649 7.86804288374957e-14
Norm: 0.150986572831132
========== 
Finished basis vector 58/62 

Starting simulation of basis vector 59/62
Performing CTM pre-steps without tracking
  | CTM step 1 conv: 1.000e+00 time: 0.57
  | CTM step 2 conv: 1.000e+00 time: 0.63
  | CTM step 3 conv: 1.000e+00 time: 0.64
  | CTM step 4 conv: 1.556e-05 time: 0.64
  | CTM step 5 conv: 5.657e-06 time: 0.64
Performing CTM
  | CTM step 1 conv: 1.000e+00 time: 0.84
  | CTM step 2 conv: 1.427e-09 time: 1.0
  | CTM step 3 conv: 1.389e-10 time: 1.01
Energies: 1.3845745568307324 7.86804288374957e-14
Norm: 0.2015633191282798
========== 
Finished basis vector 59/62 

Starting simulation of basis vector 60/62
Performing CTM pre-steps without tracking
  | CTM step 1 conv: 1.000e+00 time: 0.57
  | CTM step 2 conv: 1.000e+00 time: 0.63
  | CTM step 3 conv: 1.000e+00 time: 0.64
  | CTM step 4 conv: 1.556e-05 time: 0.64
  | CTM step 5 conv: 5.657e-06 time: 0.64
Performing CTM
  | CTM step 1 conv: 1.000e+00 time: 0.84
  | CTM step 2 conv: 1.427e-09 time: 1.01
  | CTM step 3 conv: 1.389e-10 time: 1.0
Energies: 0.4451714313938532 7.86804288374957e-14
Norm: 0.060257380983337515
========== 
Finished basis vector 60/62 

Starting simulation of basis vector 61/62
Performing CTM pre-steps without tracking
  | CTM step 1 conv: 1.000e+00 time: 0.57
  | CTM step 2 conv: 1.000e+00 time: 0.63
  | CTM step 3 conv: 1.000e+00 time: 0.65
  | CTM step 4 conv: 1.556e-05 time: 0.65
  | CTM step 5 conv: 5.657e-06 time: 0.64
Performing CTM
  | CTM step 1 conv: 1.000e+00 time: 0.84
  | CTM step 2 conv: 1.427e-09 time: 1.01
  | CTM step 3 conv: 1.389e-10 time: 1.0
Energies: 1.5326996471141205 7.86804288374957e-14
Norm: 0.22231243019053032
========== 
Finished basis vector 61/62 

Starting simulation of basis vector 62/62
Performing CTM pre-steps without tracking
  | CTM step 1 conv: 1.000e+00 time: 0.57
  | CTM step 2 conv: 1.000e+00 time: 0.63
  | CTM step 3 conv: 1.000e+00 time: 0.64
  | CTM step 4 conv: 1.556e-05 time: 0.64
  | CTM step 5 conv: 5.657e-06 time: 0.64
Performing CTM
  | CTM step 1 conv: 1.000e+00 time: 0.84
  | CTM step 2 conv: 1.427e-09 time: 1.05
  | CTM step 3 conv: 1.389e-10 time: 1.0
Energies: 0.4916702688414175 7.86804288374957e-14
Norm: 0.06664490602220903
========== 
Finished basis vector 62/62 

[[ 0.06470412+3.25491473e-06j -0.03152547+3.84056808e-02j
  -0.10463107+4.84359061e-02j ... -0.12159238-1.45380873e-01j
   0.24102147+2.79307643e-01j -0.12698609-1.50260648e-01j]
 [-0.03151677-3.84126254e-02j  0.05037824-9.26843563e-06j
   0.0845205 +3.87509174e-02j ... -0.02709739+1.52280027e-01j
   0.05286988-3.06737657e-01j -0.02878374+1.60947698e-01j]
 [-0.10462619-4.84386020e-02j  0.08452536-3.87654350e-02j
   0.21831799-5.41129939e-06j ...  0.09245934+3.41718021e-01j
  -0.18213203-6.78616611e-01j  0.09676878+3.59384518e-01j]
 ...
 [-0.12174058+1.45285568e-01j -0.02667361-1.52284900e-01j
   0.09291194-3.41731715e-01j ...  0.8901972 -9.58809916e-06j
  -1.30194082-1.32941963e-04j  0.83163037+1.87457868e-04j]
 [ 0.24106875-2.79331030e-01j  0.05282278+3.05732583e-01j
  -0.18241812+6.78445405e-01j ... -1.30195386+1.38598645e-04j
   3.06494591-4.46774678e-07j -1.55357944+2.07978720e-04j]
 [-0.12707039+1.50161887e-01j -0.02864321-1.60552763e-01j
   0.0970514 -3.59300490e-01j ...  0.83162454-1.48209810e-04j
  -1.55354557-1.99404536e-04j  0.98317943+2.22966194e-05j]]
[[ 0.01040823-2.61905474e-09j -0.00505533+6.52216523e-03j
  -0.01713141+8.03979057e-03j ... -0.02016121-2.38916713e-02j
   0.04024058+4.67714649e-02j -0.02112918-2.48643628e-02j]
 [-0.00505532-6.52217211e-03j  0.00810045+2.24480943e-09j
   0.01395669+6.69404959e-03j ... -0.00495881+2.52297082e-02j
   0.00980084-5.07320916e-02j -0.00522353+2.66451935e-02j]
 [-0.0171314 -8.03979148e-03j  0.01395671-6.69403402e-03j
   0.03560343+1.07868026e-08j ...  0.01519493+5.61732622e-02j
  -0.03026623-1.12190110e-01j  0.01596698+5.91072758e-02j]
 ...
 [-0.02016121+2.38916689e-02j -0.00495881-2.52297121e-02j
   0.01519494-5.61732626e-02j ...  0.12051476+8.23190527e-09j
  -0.20369116+1.67918918e-05j  0.11880323+2.53843673e-05j]
 [ 0.04024057-4.67714662e-02j  0.00980084+5.07321006e-02j
  -0.03026622+1.12190119e-01j ... -0.20369116-1.67627267e-05j
   0.44462486+4.98743519e-10j -0.22909191+1.88018222e-05j]
 [-0.02112918+2.48643633e-02j -0.00522353-2.66451982e-02j
   0.01596698-5.91072806e-02j ...  0.11880323-2.53885695e-05j
  -0.22909191-1.87780408e-05j  0.13328981-1.26476229e-08j]]
Done
Saved to /share/home/tanyi/ad-peps/simulations/exci/ising_D2_X30/15_0.375_0.375.npz
