No GPU/TPU found, falling back to CPU. (Set TF_CPP_MIN_LOG_LEVEL=0 and rerun for more info.)
Namespace(version=False, sim_mode='exci', config_file='ising_D2_exci.yaml', momentum_ix=12, evaluate=False, init=False)
Running excited-state sim
ising_D2_exci.yaml
/share/home/tanyi/ad-peps/examples/ising_D2_exci.yaml
/share/home/tanyi/ad-peps/examples/ising_D2_exci.yaml
D: 2
chi: 30
ctm_conv_tol: 1.0e-06
ctm_max_iter: 20
ctm_min_iter: 4
disp_level: 1
flush_output: true
model: ising
model_params:
  h: 3
momentum_path: Bril1
out_prefix: null
pattern:
- - 0
  - 1
- - 1
  - 0
resume: true

Starting simulation of basis vector 1/62
Performing CTM pre-steps without tracking
  | CTM step 1 conv: 1.000e+00 time: 2.93
  | CTM step 2 conv: 1.000e+00 time: 6.07
  | CTM step 3 conv: 1.000e+00 time: 8.46
  | CTM step 4 conv: 1.556e-05 time: 4.93
  | CTM step 5 conv: 5.657e-06 time: 0.66
Performing CTM
  | CTM step 1 conv: 1.000e+00 time: 1.76
  | CTM step 2 conv: 1.427e-09 time: 1.17
  | CTM step 3 conv: 1.389e-10 time: 1.03
Energies: 0.05649424441561718 7.86804288374957e-14
Norm: 0.00929263019719571
========== 
Finished basis vector 1/62 

Starting simulation of basis vector 2/62
Performing CTM pre-steps without tracking
  | CTM step 1 conv: 1.000e+00 time: 0.58
  | CTM step 2 conv: 1.000e+00 time: 0.66
  | CTM step 3 conv: 1.000e+00 time: 0.68
  | CTM step 4 conv: 1.556e-05 time: 0.67
  | CTM step 5 conv: 5.657e-06 time: 0.67
Performing CTM
  | CTM step 1 conv: 1.000e+00 time: 0.86
  | CTM step 2 conv: 1.427e-09 time: 1.03
  | CTM step 3 conv: 1.389e-10 time: 1.02
Energies: 0.016178071687759747 7.86804288374957e-14
Norm: 0.002554337224829706
========== 
Finished basis vector 2/62 

Starting simulation of basis vector 3/62
Performing CTM pre-steps without tracking
  | CTM step 1 conv: 1.000e+00 time: 0.58
  | CTM step 2 conv: 1.000e+00 time: 0.64
  | CTM step 3 conv: 1.000e+00 time: 0.65
  | CTM step 4 conv: 1.556e-05 time: 0.65
  | CTM step 5 conv: 5.657e-06 time: 0.65
Performing CTM
  | CTM step 1 conv: 1.000e+00 time: 0.86
  | CTM step 2 conv: 1.427e-09 time: 1.03
  | CTM step 3 conv: 1.389e-10 time: 1.09
Energies: 0.08664006235577273 7.86804288374957e-14
Norm: 0.014133655950070918
========== 
Finished basis vector 3/62 

Starting simulation of basis vector 4/62
Performing CTM pre-steps without tracking
  | CTM step 1 conv: 1.000e+00 time: 0.58
  | CTM step 2 conv: 1.000e+00 time: 0.65
  | CTM step 3 conv: 1.000e+00 time: 0.67
  | CTM step 4 conv: 1.556e-05 time: 0.66
  | CTM step 5 conv: 5.657e-06 time: 0.65
Performing CTM
  | CTM step 1 conv: 1.000e+00 time: 0.9
  | CTM step 2 conv: 1.427e-09 time: 1.02
  | CTM step 3 conv: 1.389e-10 time: 1.02
Energies: 0.03323835196668809 7.86804288374957e-14
Norm: 0.005657322636850059
========== 
Finished basis vector 4/62 

Starting simulation of basis vector 5/62
Performing CTM pre-steps without tracking
  | CTM step 1 conv: 1.000e+00 time: 0.58
  | CTM step 2 conv: 1.000e+00 time: 0.64
  | CTM step 3 conv: 1.000e+00 time: 0.66
  | CTM step 4 conv: 1.556e-05 time: 0.66
  | CTM step 5 conv: 5.657e-06 time: 0.66
Performing CTM
  | CTM step 1 conv: 1.000e+00 time: 0.85
  | CTM step 2 conv: 1.427e-09 time: 1.02
  | CTM step 3 conv: 1.389e-10 time: 1.03
Energies: 0.014449430649901143 7.86804288374957e-14
Norm: 0.002421452423073241
========== 
Finished basis vector 5/62 

Starting simulation of basis vector 6/62
Performing CTM pre-steps without tracking
  | CTM step 1 conv: 1.000e+00 time: 0.58
  | CTM step 2 conv: 1.000e+00 time: 0.65
  | CTM step 3 conv: 1.000e+00 time: 0.66
  | CTM step 4 conv: 1.556e-05 time: 0.67
  | CTM step 5 conv: 5.657e-06 time: 0.66
Performing CTM
  | CTM step 1 conv: 1.000e+00 time: 0.86
  | CTM step 2 conv: 1.427e-09 time: 1.03
  | CTM step 3 conv: 1.389e-10 time: 1.08
Energies: 0.09720643987865676 7.86804288374957e-14
Norm: 0.016730984106160966
========== 
Finished basis vector 6/62 

Starting simulation of basis vector 7/62
Performing CTM pre-steps without tracking
  | CTM step 1 conv: 1.000e+00 time: 0.58
  | CTM step 2 conv: 1.000e+00 time: 0.64
  | CTM step 3 conv: 1.000e+00 time: 0.67
  | CTM step 4 conv: 1.556e-05 time: 0.66
  | CTM step 5 conv: 5.657e-06 time: 0.67
Performing CTM
  | CTM step 1 conv: 1.000e+00 time: 0.9
  | CTM step 2 conv: 1.427e-09 time: 1.04
  | CTM step 3 conv: 1.389e-10 time: 1.02
Energies: 0.036450315502133755 7.86804288374957e-14
Norm: 0.006112989106309538
========== 
Finished basis vector 7/62 

Starting simulation of basis vector 8/62
Performing CTM pre-steps without tracking
  | CTM step 1 conv: 1.000e+00 time: 0.58
  | CTM step 2 conv: 1.000e+00 time: 0.64
  | CTM step 3 conv: 1.000e+00 time: 0.66
  | CTM step 4 conv: 1.556e-05 time: 0.66
  | CTM step 5 conv: 5.657e-06 time: 0.66
Performing CTM
  | CTM step 1 conv: 1.000e+00 time: 0.86
  | CTM step 2 conv: 1.427e-09 time: 1.03
  | CTM step 3 conv: 1.389e-10 time: 1.02
Energies: 0.0763376501738771 7.86804288374957e-14
Norm: 0.01300615203235354
========== 
Finished basis vector 8/62 

Starting simulation of basis vector 9/62
Performing CTM pre-steps without tracking
  | CTM step 1 conv: 1.000e+00 time: 0.58
  | CTM step 2 conv: 1.000e+00 time: 0.65
  | CTM step 3 conv: 1.000e+00 time: 0.66
  | CTM step 4 conv: 1.556e-05 time: 0.66
  | CTM step 5 conv: 5.657e-06 time: 0.65
Performing CTM
  | CTM step 1 conv: 1.000e+00 time: 0.87
  | CTM step 2 conv: 1.427e-09 time: 1.03
  | CTM step 3 conv: 1.389e-10 time: 1.07
Energies: 0.010236856160737646 7.86804288374957e-14
Norm: 0.0016314845275223833
========== 
Finished basis vector 9/62 

Starting simulation of basis vector 10/62
Performing CTM pre-steps without tracking
  | CTM step 1 conv: 1.000e+00 time: 0.58
  | CTM step 2 conv: 1.000e+00 time: 0.64
  | CTM step 3 conv: 1.000e+00 time: 0.66
  | CTM step 4 conv: 1.556e-05 time: 0.66
  | CTM step 5 conv: 5.657e-06 time: 0.65
Performing CTM
  | CTM step 1 conv: 1.000e+00 time: 0.85
  | CTM step 2 conv: 1.427e-09 time: 1.09
  | CTM step 3 conv: 1.389e-10 time: 1.01
Energies: 0.10858038283694398 7.86804288374957e-14
Norm: 0.01863012832622372
========== 
Finished basis vector 10/62 

Starting simulation of basis vector 11/62
Performing CTM pre-steps without tracking
  | CTM step 1 conv: 1.000e+00 time: 0.58
  | CTM step 2 conv: 1.000e+00 time: 0.67
  | CTM step 3 conv: 1.000e+00 time: 0.66
  | CTM step 4 conv: 1.556e-05 time: 0.66
  | CTM step 5 conv: 5.657e-06 time: 0.65
Performing CTM
  | CTM step 1 conv: 1.000e+00 time: 0.86
  | CTM step 2 conv: 1.427e-09 time: 1.02
  | CTM step 3 conv: 1.389e-10 time: 1.02
Energies: 0.013135683006682676 7.86804288374957e-14
Norm: 0.00182887075984995
========== 
Finished basis vector 11/62 

Starting simulation of basis vector 12/62
Performing CTM pre-steps without tracking
  | CTM step 1 conv: 1.000e+00 time: 0.58
  | CTM step 2 conv: 1.000e+00 time: 0.64
  | CTM step 3 conv: 1.000e+00 time: 0.65
  | CTM step 4 conv: 1.556e-05 time: 0.66
  | CTM step 5 conv: 5.657e-06 time: 0.65
Performing CTM
  | CTM step 1 conv: 1.000e+00 time: 0.86
  | CTM step 2 conv: 1.427e-09 time: 1.02
  | CTM step 3 conv: 1.389e-10 time: 1.01
Energies: 0.028711500330128967 7.86804288374957e-14
Norm: 0.004748063138516464
========== 
Finished basis vector 12/62 

Starting simulation of basis vector 13/62
Performing CTM pre-steps without tracking
  | CTM step 1 conv: 1.000e+00 time: 0.58
  | CTM step 2 conv: 1.000e+00 time: 0.64
  | CTM step 3 conv: 1.000e+00 time: 0.66
  | CTM step 4 conv: 1.556e-05 time: 0.66
  | CTM step 5 conv: 5.657e-06 time: 0.65
Performing CTM
  | CTM step 1 conv: 1.000e+00 time: 0.85
  | CTM step 2 conv: 1.427e-09 time: 1.06
  | CTM step 3 conv: 1.389e-10 time: 1.01
Energies: 0.0077403938679960265 7.86804288374957e-14
Norm: 0.0012061103561984434
========== 
Finished basis vector 13/62 

Starting simulation of basis vector 14/62
Performing CTM pre-steps without tracking
  | CTM step 1 conv: 1.000e+00 time: 0.58
  | CTM step 2 conv: 1.000e+00 time: 0.65
  | CTM step 3 conv: 1.000e+00 time: 0.67
  | CTM step 4 conv: 1.556e-05 time: 0.66
  | CTM step 5 conv: 5.657e-06 time: 0.65
Performing CTM
  | CTM step 1 conv: 1.000e+00 time: 0.86
  | CTM step 2 conv: 1.427e-09 time: 1.02
  | CTM step 3 conv: 1.389e-10 time: 1.02
Energies: 0.08155821026675493 7.86804288374957e-14
Norm: 0.013692920758385222
========== 
Finished basis vector 14/62 

Starting simulation of basis vector 15/62
Performing CTM pre-steps without tracking
  | CTM step 1 conv: 1.000e+00 time: 0.58
  | CTM step 2 conv: 1.000e+00 time: 0.64
  | CTM step 3 conv: 1.000e+00 time: 0.66
  | CTM step 4 conv: 1.556e-05 time: 0.66
  | CTM step 5 conv: 5.657e-06 time: 0.66
Performing CTM
  | CTM step 1 conv: 1.000e+00 time: 0.86
  | CTM step 2 conv: 1.427e-09 time: 1.04
  | CTM step 3 conv: 1.389e-10 time: 1.03
Energies: 0.021803503118014992 7.86804288374957e-14
Norm: 0.003580264886889086
========== 
Finished basis vector 15/62 

Starting simulation of basis vector 16/62
Performing CTM pre-steps without tracking
  | CTM step 1 conv: 1.000e+00 time: 0.58
  | CTM step 2 conv: 1.000e+00 time: 0.64
  | CTM step 3 conv: 1.000e+00 time: 0.65
  | CTM step 4 conv: 1.556e-05 time: 0.66
  | CTM step 5 conv: 5.657e-06 time: 0.71
Performing CTM
  | CTM step 1 conv: 1.000e+00 time: 0.94
  | CTM step 2 conv: 1.427e-09 time: 1.02
  | CTM step 3 conv: 1.389e-10 time: 1.06
Energies: 1.8877822692573076 7.86804288374957e-14
Norm: 0.30343465245370116
========== 
Finished basis vector 16/62 

Starting simulation of basis vector 17/62
Performing CTM pre-steps without tracking
  | CTM step 1 conv: 1.000e+00 time: 0.58
  | CTM step 2 conv: 1.000e+00 time: 0.64
  | CTM step 3 conv: 1.000e+00 time: 0.65
  | CTM step 4 conv: 1.556e-05 time: 0.66
  | CTM step 5 conv: 5.657e-06 time: 0.65
Performing CTM
  | CTM step 1 conv: 1.000e+00 time: 0.85
  | CTM step 2 conv: 1.427e-09 time: 1.02
  | CTM step 3 conv: 1.389e-10 time: 1.01
Energies: 0.5771641231760416 7.86804288374957e-14
Norm: 0.0896436165043433
========== 
Finished basis vector 17/62 

Starting simulation of basis vector 18/62
Performing CTM pre-steps without tracking
  | CTM step 1 conv: 1.000e+00 time: 0.57
  | CTM step 2 conv: 1.000e+00 time: 0.64
  | CTM step 3 conv: 1.000e+00 time: 0.65
  | CTM step 4 conv: 1.556e-05 time: 0.66
  | CTM step 5 conv: 5.657e-06 time: 0.69
Performing CTM
  | CTM step 1 conv: 1.000e+00 time: 0.86
  | CTM step 2 conv: 1.427e-09 time: 1.02
  | CTM step 3 conv: 1.389e-10 time: 1.02
Energies: 3.0838066152688994 7.86804288374957e-14
Norm: 0.4999522539360436
========== 
Finished basis vector 18/62 

Starting simulation of basis vector 19/62
Performing CTM pre-steps without tracking
  | CTM step 1 conv: 1.000e+00 time: 0.58
  | CTM step 2 conv: 1.000e+00 time: 0.64
  | CTM step 3 conv: 1.000e+00 time: 0.65
  | CTM step 4 conv: 1.556e-05 time: 0.65
  | CTM step 5 conv: 5.657e-06 time: 0.65
Performing CTM
  | CTM step 1 conv: 1.000e+00 time: 0.85
  | CTM step 2 conv: 1.427e-09 time: 1.02
  | CTM step 3 conv: 1.389e-10 time: 1.01
Energies: 0.9410836437726189 7.86804288374957e-14
Norm: 0.1474357013908726
========== 
Finished basis vector 19/62 

Starting simulation of basis vector 20/62
Performing CTM pre-steps without tracking
  | CTM step 1 conv: 1.000e+00 time: 0.58
  | CTM step 2 conv: 1.000e+00 time: 0.64
  | CTM step 3 conv: 1.000e+00 time: 0.65
  | CTM step 4 conv: 1.556e-05 time: 0.65
  | CTM step 5 conv: 5.657e-06 time: 0.65
Performing CTM
  | CTM step 1 conv: 1.000e+00 time: 0.85
  | CTM step 2 conv: 1.427e-09 time: 1.06
  | CTM step 3 conv: 1.389e-10 time: 1.03
Energies: 0.24837362815695924 7.86804288374957e-14
Norm: 0.03465056899255972
========== 
Finished basis vector 20/62 

Starting simulation of basis vector 21/62
Performing CTM pre-steps without tracking
  | CTM step 1 conv: 1.000e+00 time: 0.58
  | CTM step 2 conv: 1.000e+00 time: 0.64
  | CTM step 3 conv: 1.000e+00 time: 0.65
  | CTM step 4 conv: 1.556e-05 time: 0.65
  | CTM step 5 conv: 5.657e-06 time: 0.65
Performing CTM
  | CTM step 1 conv: 1.000e+00 time: 0.85
  | CTM step 2 conv: 1.427e-09 time: 1.01
  | CTM step 3 conv: 1.389e-10 time: 1.01
Energies: 0.07555669303024962 7.86804288374957e-14
Norm: 0.010226166721877789
========== 
Finished basis vector 21/62 

Starting simulation of basis vector 22/62
Performing CTM pre-steps without tracking
  | CTM step 1 conv: 1.000e+00 time: 0.58
  | CTM step 2 conv: 1.000e+00 time: 0.64
  | CTM step 3 conv: 1.000e+00 time: 0.65
  | CTM step 4 conv: 1.556e-05 time: 0.65
  | CTM step 5 conv: 5.657e-06 time: 0.65
Performing CTM
  | CTM step 1 conv: 1.000e+00 time: 0.85
  | CTM step 2 conv: 1.427e-09 time: 1.01
  | CTM step 3 conv: 1.389e-10 time: 1.01
Energies: 0.39582880977501017 7.86804288374957e-14
Norm: 0.05560006638761468
========== 
Finished basis vector 22/62 

Starting simulation of basis vector 23/62
Performing CTM pre-steps without tracking
  | CTM step 1 conv: 1.000e+00 time: 0.58
  | CTM step 2 conv: 1.000e+00 time: 0.64
  | CTM step 3 conv: 1.000e+00 time: 0.65
  | CTM step 4 conv: 1.556e-05 time: 0.65
  | CTM step 5 conv: 5.657e-06 time: 0.65
Performing CTM
  | CTM step 1 conv: 1.000e+00 time: 0.85
  | CTM step 2 conv: 1.427e-09 time: 1.01
  | CTM step 3 conv: 1.389e-10 time: 1.05
Energies: 0.1201860410916506 7.86804288374957e-14
Norm: 0.016379223461860697
========== 
Finished basis vector 23/62 

Starting simulation of basis vector 24/62
Performing CTM pre-steps without tracking
  | CTM step 1 conv: 1.000e+00 time: 0.58
  | CTM step 2 conv: 1.000e+00 time: 0.63
  | CTM step 3 conv: 1.000e+00 time: 0.65
  | CTM step 4 conv: 1.556e-05 time: 0.65
  | CTM step 5 conv: 5.657e-06 time: 0.65
Performing CTM
  | CTM step 1 conv: 1.000e+00 time: 0.85
  | CTM step 2 conv: 1.427e-09 time: 1.01
  | CTM step 3 conv: 1.389e-10 time: 1.01
Energies: 1.4743396012799588 7.86804288374957e-14
Norm: 0.2368150199450614
========== 
Finished basis vector 24/62 

Starting simulation of basis vector 25/62
Performing CTM pre-steps without tracking
  | CTM step 1 conv: 1.000e+00 time: 0.58
  | CTM step 2 conv: 1.000e+00 time: 0.64
  | CTM step 3 conv: 1.000e+00 time: 0.66
  | CTM step 4 conv: 1.556e-05 time: 0.65
  | CTM step 5 conv: 5.657e-06 time: 0.65
Performing CTM
  | CTM step 1 conv: 1.000e+00 time: 0.85
  | CTM step 2 conv: 1.427e-09 time: 1.02
  | CTM step 3 conv: 1.389e-10 time: 1.01
Energies: 0.4514720767600804 7.86804288374957e-14
Norm: 0.06971516690780945
========== 
Finished basis vector 25/62 

Starting simulation of basis vector 26/62
Performing CTM pre-steps without tracking
  | CTM step 1 conv: 1.000e+00 time: 0.58
  | CTM step 2 conv: 1.000e+00 time: 0.64
  | CTM step 3 conv: 1.000e+00 time: 0.65
  | CTM step 4 conv: 1.556e-05 time: 0.65
  | CTM step 5 conv: 5.657e-06 time: 0.65
Performing CTM
  | CTM step 1 conv: 1.000e+00 time: 0.84
  | CTM step 2 conv: 1.427e-09 time: 1.01
  | CTM step 3 conv: 1.389e-10 time: 1.01
Energies: 2.4087553570268025 7.86804288374957e-14
Norm: 0.3902983829450236
========== 
Finished basis vector 26/62 

Starting simulation of basis vector 27/62
Performing CTM pre-steps without tracking
  | CTM step 1 conv: 1.000e+00 time: 0.57
  | CTM step 2 conv: 1.000e+00 time: 0.63
  | CTM step 3 conv: 1.000e+00 time: 0.64
  | CTM step 4 conv: 1.556e-05 time: 0.65
  | CTM step 5 conv: 5.657e-06 time: 0.64
Performing CTM
  | CTM step 1 conv: 1.000e+00 time: 0.84
  | CTM step 2 conv: 1.427e-09 time: 1.05
  | CTM step 3 conv: 1.389e-10 time: 1.01
Energies: 0.7362633835040868 7.86804288374957e-14
Norm: 0.11469011906732815
========== 
Finished basis vector 27/62 

Starting simulation of basis vector 28/62
Performing CTM pre-steps without tracking
  | CTM step 1 conv: 1.000e+00 time: 0.57
  | CTM step 2 conv: 1.000e+00 time: 0.63
  | CTM step 3 conv: 1.000e+00 time: 0.64
  | CTM step 4 conv: 1.556e-05 time: 0.65
  | CTM step 5 conv: 5.657e-06 time: 0.64
Performing CTM
  | CTM step 1 conv: 1.000e+00 time: 0.84
  | CTM step 2 conv: 1.427e-09 time: 1.01
  | CTM step 3 conv: 1.389e-10 time: 1.02
Energies: 0.19418642966440658 7.86804288374957e-14
Norm: 0.027090563879827157
========== 
Finished basis vector 28/62 

Starting simulation of basis vector 29/62
Performing CTM pre-steps without tracking
  | CTM step 1 conv: 1.000e+00 time: 0.58
  | CTM step 2 conv: 1.000e+00 time: 0.64
  | CTM step 3 conv: 1.000e+00 time: 0.65
  | CTM step 4 conv: 1.556e-05 time: 0.65
  | CTM step 5 conv: 5.657e-06 time: 0.65
Performing CTM
  | CTM step 1 conv: 1.000e+00 time: 0.84
  | CTM step 2 conv: 1.427e-09 time: 1.01
  | CTM step 3 conv: 1.389e-10 time: 1.01
Energies: 0.0591304873270684 7.86804288374957e-14
Norm: 0.007967392610424673
========== 
Finished basis vector 29/62 

Starting simulation of basis vector 30/62
Performing CTM pre-steps without tracking
  | CTM step 1 conv: 1.000e+00 time: 0.57
  | CTM step 2 conv: 1.000e+00 time: 0.63
  | CTM step 3 conv: 1.000e+00 time: 0.64
  | CTM step 4 conv: 1.556e-05 time: 0.65
  | CTM step 5 conv: 5.657e-06 time: 0.68
Performing CTM
  | CTM step 1 conv: 1.000e+00 time: 0.84
  | CTM step 2 conv: 1.427e-09 time: 1.01
  | CTM step 3 conv: 1.389e-10 time: 1.05
Energies: 0.309513345647195 7.86804288374957e-14
Norm: 0.04348153157211364
========== 
Finished basis vector 30/62 

Starting simulation of basis vector 31/62
Performing CTM pre-steps without tracking
  | CTM step 1 conv: 1.000e+00 time: 0.57
  | CTM step 2 conv: 1.000e+00 time: 0.63
  | CTM step 3 conv: 1.000e+00 time: 0.65
  | CTM step 4 conv: 1.556e-05 time: 0.65
  | CTM step 5 conv: 5.657e-06 time: 0.66
Performing CTM
  | CTM step 1 conv: 1.000e+00 time: 0.85
  | CTM step 2 conv: 1.427e-09 time: 1.01
  | CTM step 3 conv: 1.389e-10 time: 1.01
Energies: 0.09406533467997161 7.86804288374957e-14
Norm: 0.012763702870991473
========== 
Finished basis vector 31/62 

Starting simulation of basis vector 32/62
Performing CTM pre-steps without tracking
  | CTM step 1 conv: 1.000e+00 time: 0.57
  | CTM step 2 conv: 1.000e+00 time: 0.63
  | CTM step 3 conv: 1.000e+00 time: 0.65
  | CTM step 4 conv: 1.556e-05 time: 0.65
  | CTM step 5 conv: 5.657e-06 time: 0.65
Performing CTM
  | CTM step 1 conv: 1.000e+00 time: 0.85
  | CTM step 2 conv: 1.427e-09 time: 1.01
  | CTM step 3 conv: 1.389e-10 time: 1.02
Energies: 0.015864794101804372 7.86804288374957e-14
Norm: 0.0014447836088557515
========== 
Finished basis vector 32/62 

Starting simulation of basis vector 33/62
Performing CTM pre-steps without tracking
  | CTM step 1 conv: 1.000e+00 time: 0.57
  | CTM step 2 conv: 1.000e+00 time: 0.63
  | CTM step 3 conv: 1.000e+00 time: 0.65
  | CTM step 4 conv: 1.556e-05 time: 0.65
  | CTM step 5 conv: 5.657e-06 time: 0.65
Performing CTM
  | CTM step 1 conv: 1.000e+00 time: 0.84
  | CTM step 2 conv: 1.427e-09 time: 1.01
  | CTM step 3 conv: 1.389e-10 time: 1.01
Energies: 0.2923977077860077 7.86804288374957e-14
Norm: 0.048024425593611114
========== 
Finished basis vector 33/62 

Starting simulation of basis vector 34/62
Performing CTM pre-steps without tracking
  | CTM step 1 conv: 1.000e+00 time: 0.57
  | CTM step 2 conv: 1.000e+00 time: 0.63
  | CTM step 3 conv: 1.000e+00 time: 0.64
  | CTM step 4 conv: 1.556e-05 time: 0.64
  | CTM step 5 conv: 5.657e-06 time: 0.64
Performing CTM
  | CTM step 1 conv: 1.000e+00 time: 0.84
  | CTM step 2 conv: 1.427e-09 time: 1.05
  | CTM step 3 conv: 1.389e-10 time: 1.01
Energies: 0.04724174571570844 7.86804288374957e-14
Norm: 0.006779382514968774
========== 
Finished basis vector 34/62 

Starting simulation of basis vector 35/62
Performing CTM pre-steps without tracking
  | CTM step 1 conv: 1.000e+00 time: 0.57
  | CTM step 2 conv: 1.000e+00 time: 0.63
  | CTM step 3 conv: 1.000e+00 time: 0.64
  | CTM step 4 conv: 1.556e-05 time: 0.65
  | CTM step 5 conv: 5.657e-06 time: 0.65
Performing CTM
  | CTM step 1 conv: 1.000e+00 time: 0.84
  | CTM step 2 conv: 1.427e-09 time: 1.01
  | CTM step 3 conv: 1.389e-10 time: 1.02
Energies: 0.16693268845344916 7.86804288374957e-14
Norm: 0.02666923710724907
========== 
Finished basis vector 35/62 

Starting simulation of basis vector 36/62
Performing CTM pre-steps without tracking
  | CTM step 1 conv: 1.000e+00 time: 0.58
  | CTM step 2 conv: 1.000e+00 time: 0.64
  | CTM step 3 conv: 1.000e+00 time: 0.66
  | CTM step 4 conv: 1.556e-05 time: 0.65
  | CTM step 5 conv: 5.657e-06 time: 0.65
Performing CTM
  | CTM step 1 conv: 1.000e+00 time: 0.85
  | CTM step 2 conv: 1.427e-09 time: 1.01
  | CTM step 3 conv: 1.389e-10 time: 1.01
Energies: 0.03465731813386413 7.86804288374957e-14
Norm: 0.005231608594072554
========== 
Finished basis vector 36/62 

Starting simulation of basis vector 37/62
Performing CTM pre-steps without tracking
  | CTM step 1 conv: 1.000e+00 time: 0.57
  | CTM step 2 conv: 1.000e+00 time: 0.63
  | CTM step 3 conv: 1.000e+00 time: 0.65
  | CTM step 4 conv: 1.556e-05 time: 0.65
  | CTM step 5 conv: 5.657e-06 time: 0.64
Performing CTM
  | CTM step 1 conv: 1.000e+00 time: 0.89
  | CTM step 2 conv: 1.427e-09 time: 1.01
  | CTM step 3 conv: 1.389e-10 time: 1.06
Energies: 0.08805409679845344 7.86804288374957e-14
Norm: 0.013021458832147973
========== 
Finished basis vector 37/62 

Starting simulation of basis vector 38/62
Performing CTM pre-steps without tracking
  | CTM step 1 conv: 1.000e+00 time: 0.57
  | CTM step 2 conv: 1.000e+00 time: 0.64
  | CTM step 3 conv: 1.000e+00 time: 0.65
  | CTM step 4 conv: 1.556e-05 time: 0.65
  | CTM step 5 conv: 5.657e-06 time: 0.66
Performing CTM
  | CTM step 1 conv: 1.000e+00 time: 0.84
  | CTM step 2 conv: 1.427e-09 time: 1.0
  | CTM step 3 conv: 1.389e-10 time: 1.0
Energies: 0.017736344960469365 7.86804288374957e-14
Norm: 0.0015671360165156864
========== 
Finished basis vector 38/62 

Starting simulation of basis vector 39/62
Performing CTM pre-steps without tracking
  | CTM step 1 conv: 1.000e+00 time: 0.57
  | CTM step 2 conv: 1.000e+00 time: 0.63
  | CTM step 3 conv: 1.000e+00 time: 0.64
  | CTM step 4 conv: 1.556e-05 time: 0.64
  | CTM step 5 conv: 5.657e-06 time: 0.64
Performing CTM
  | CTM step 1 conv: 1.000e+00 time: 0.94
  | CTM step 2 conv: 1.427e-09 time: 1.0
  | CTM step 3 conv: 1.389e-10 time: 1.0
Energies: 0.1194003333636976 7.86804288374957e-14
Norm: 0.01856731032814421
========== 
Finished basis vector 39/62 

Starting simulation of basis vector 40/62
Performing CTM pre-steps without tracking
  | CTM step 1 conv: 1.000e+00 time: 0.57
  | CTM step 2 conv: 1.000e+00 time: 0.63
  | CTM step 3 conv: 1.000e+00 time: 0.64
  | CTM step 4 conv: 1.556e-05 time: 0.65
  | CTM step 5 conv: 5.657e-06 time: 0.64
Performing CTM
  | CTM step 1 conv: 1.000e+00 time: 0.85
  | CTM step 2 conv: 1.427e-09 time: 1.0
  | CTM step 3 conv: 1.389e-10 time: 1.0
Energies: 0.2184256877052953 7.86804288374957e-14
Norm: 0.03591271609279837
========== 
Finished basis vector 40/62 

Starting simulation of basis vector 41/62
Performing CTM pre-steps without tracking
  | CTM step 1 conv: 1.000e+00 time: 0.57
  | CTM step 2 conv: 1.000e+00 time: 0.63
  | CTM step 3 conv: 1.000e+00 time: 0.64
  | CTM step 4 conv: 1.556e-05 time: 0.64
  | CTM step 5 conv: 5.657e-06 time: 0.64
Performing CTM
  | CTM step 1 conv: 1.000e+00 time: 0.84
  | CTM step 2 conv: 1.427e-09 time: 1.05
  | CTM step 3 conv: 1.389e-10 time: 1.0
Energies: 0.3443919949847452 7.86804288374957e-14
Norm: 0.05782918652534095
========== 
Finished basis vector 41/62 

Starting simulation of basis vector 42/62
Performing CTM pre-steps without tracking
  | CTM step 1 conv: 1.000e+00 time: 0.57
  | CTM step 2 conv: 1.000e+00 time: 0.63
  | CTM step 3 conv: 1.000e+00 time: 0.64
  | CTM step 4 conv: 1.556e-05 time: 0.65
  | CTM step 5 conv: 5.657e-06 time: 0.7
Performing CTM
  | CTM step 1 conv: 1.000e+00 time: 0.84
  | CTM step 2 conv: 1.427e-09 time: 1.0
  | CTM step 3 conv: 1.389e-10 time: 1.0
Energies: 0.3016241693997091 7.86804288374957e-14
Norm: 0.04905084855943781
========== 
Finished basis vector 42/62 

Starting simulation of basis vector 43/62
Performing CTM pre-steps without tracking
  | CTM step 1 conv: 1.000e+00 time: 0.57
  | CTM step 2 conv: 1.000e+00 time: 0.63
  | CTM step 3 conv: 1.000e+00 time: 0.64
  | CTM step 4 conv: 1.556e-05 time: 0.64
  | CTM step 5 conv: 5.657e-06 time: 0.68
Performing CTM
  | CTM step 1 conv: 1.000e+00 time: 0.84
  | CTM step 2 conv: 1.427e-09 time: 1.0
  | CTM step 3 conv: 1.389e-10 time: 1.0
Energies: 0.2642945437451918 7.86804288374957e-14
Norm: 0.044019593287786
========== 
Finished basis vector 43/62 

Starting simulation of basis vector 44/62
Performing CTM pre-steps without tracking
  | CTM step 1 conv: 1.000e+00 time: 0.56
  | CTM step 2 conv: 1.000e+00 time: 0.63
  | CTM step 3 conv: 1.000e+00 time: 0.65
  | CTM step 4 conv: 1.556e-05 time: 0.65
  | CTM step 5 conv: 5.657e-06 time: 0.65
Performing CTM
  | CTM step 1 conv: 1.000e+00 time: 0.85
  | CTM step 2 conv: 1.427e-09 time: 1.02
  | CTM step 3 conv: 1.389e-10 time: 1.07
Energies: 0.15731304588947476 7.86804288374957e-14
Norm: 0.025498220004114606
========== 
Finished basis vector 44/62 

Starting simulation of basis vector 45/62
Performing CTM pre-steps without tracking
  | CTM step 1 conv: 1.000e+00 time: 0.57
  | CTM step 2 conv: 1.000e+00 time: 0.63
  | CTM step 3 conv: 1.000e+00 time: 0.64
  | CTM step 4 conv: 1.556e-05 time: 0.64
  | CTM step 5 conv: 5.657e-06 time: 0.64
Performing CTM
  | CTM step 1 conv: 1.000e+00 time: 0.84
  | CTM step 2 conv: 1.427e-09 time: 1.01
  | CTM step 3 conv: 1.389e-10 time: 1.0
Energies: 0.06145600095722339 7.86804288374957e-14
Norm: 0.008827670112333545
========== 
Finished basis vector 45/62 

Starting simulation of basis vector 46/62
Performing CTM pre-steps without tracking
  | CTM step 1 conv: 1.000e+00 time: 0.57
  | CTM step 2 conv: 1.000e+00 time: 0.63
  | CTM step 3 conv: 1.000e+00 time: 0.66
  | CTM step 4 conv: 1.556e-05 time: 0.64
  | CTM step 5 conv: 5.657e-06 time: 0.64
Performing CTM
  | CTM step 1 conv: 1.000e+00 time: 0.85
  | CTM step 2 conv: 1.427e-09 time: 1.02
  | CTM step 3 conv: 1.389e-10 time: 1.0
Energies: 0.09989149617860194 7.86804288374957e-14
Norm: 0.015929900667765118
========== 
Finished basis vector 46/62 

Starting simulation of basis vector 47/62
Performing CTM pre-steps without tracking
  | CTM step 1 conv: 1.000e+00 time: 0.58
  | CTM step 2 conv: 1.000e+00 time: 0.64
  | CTM step 3 conv: 1.000e+00 time: 0.65
  | CTM step 4 conv: 1.556e-05 time: 0.65
  | CTM step 5 conv: 5.657e-06 time: 0.65
Performing CTM
  | CTM step 1 conv: 1.000e+00 time: 0.86
  | CTM step 2 conv: 1.427e-09 time: 1.02
  | CTM step 3 conv: 1.389e-10 time: 1.01
Energies: 1.5636068622271542 7.86804288374957e-14
Norm: 0.22802506812538148
========== 
Finished basis vector 47/62 

Starting simulation of basis vector 48/62
Performing CTM pre-steps without tracking
  | CTM step 1 conv: 1.000e+00 time: 0.57
  | CTM step 2 conv: 1.000e+00 time: 0.63
  | CTM step 3 conv: 1.000e+00 time: 0.64
  | CTM step 4 conv: 1.556e-05 time: 0.64
  | CTM step 5 conv: 5.657e-06 time: 0.64
Performing CTM
  | CTM step 1 conv: 1.000e+00 time: 0.84
  | CTM step 2 conv: 1.427e-09 time: 1.05
  | CTM step 3 conv: 1.389e-10 time: 1.01
Energies: 0.5002287485238212 7.86804288374957e-14
Norm: 0.06787795769716708
========== 
Finished basis vector 48/62 

Starting simulation of basis vector 49/62
Performing CTM pre-steps without tracking
  | CTM step 1 conv: 1.000e+00 time: 0.57
  | CTM step 2 conv: 1.000e+00 time: 0.63
  | CTM step 3 conv: 1.000e+00 time: 0.64
  | CTM step 4 conv: 1.556e-05 time: 0.65
  | CTM step 5 conv: 5.657e-06 time: 0.64
Performing CTM
  | CTM step 1 conv: 1.000e+00 time: 0.84
  | CTM step 2 conv: 1.427e-09 time: 1.01
  | CTM step 3 conv: 1.389e-10 time: 1.01
Energies: 1.7512383652297898 7.86804288374957e-14
Norm: 0.2537849369727146
========== 
Finished basis vector 49/62 

Starting simulation of basis vector 50/62
Performing CTM pre-steps without tracking
  | CTM step 1 conv: 1.000e+00 time: 0.57
  | CTM step 2 conv: 1.000e+00 time: 0.63
  | CTM step 3 conv: 1.000e+00 time: 0.65
  | CTM step 4 conv: 1.556e-05 time: 0.66
  | CTM step 5 conv: 5.657e-06 time: 0.65
Performing CTM
  | CTM step 1 conv: 1.000e+00 time: 0.84
  | CTM step 2 conv: 1.427e-09 time: 1.01
  | CTM step 3 conv: 1.389e-10 time: 1.0
Energies: 0.5588353960455202 7.86804288374957e-14
Norm: 0.07582582285502273
========== 
Finished basis vector 50/62 

Starting simulation of basis vector 51/62
Performing CTM pre-steps without tracking
  | CTM step 1 conv: 1.000e+00 time: 0.57
  | CTM step 2 conv: 1.000e+00 time: 0.63
  | CTM step 3 conv: 1.000e+00 time: 0.64
  | CTM step 4 conv: 1.556e-05 time: 0.64
  | CTM step 5 conv: 5.657e-06 time: 0.64
Performing CTM
  | CTM step 1 conv: 1.000e+00 time: 0.84
  | CTM step 2 conv: 1.427e-09 time: 1.02
  | CTM step 3 conv: 1.389e-10 time: 1.07
Energies: 0.731052810906976 7.86804288374957e-14
Norm: 0.10009755090172064
========== 
Finished basis vector 51/62 

Starting simulation of basis vector 52/62
Performing CTM pre-steps without tracking
  | CTM step 1 conv: 1.000e+00 time: 0.57
  | CTM step 2 conv: 1.000e+00 time: 0.63
  | CTM step 3 conv: 1.000e+00 time: 0.65
  | CTM step 4 conv: 1.556e-05 time: 0.65
  | CTM step 5 conv: 5.657e-06 time: 0.65
Performing CTM
  | CTM step 1 conv: 1.000e+00 time: 0.85
  | CTM step 2 conv: 1.427e-09 time: 1.03
  | CTM step 3 conv: 1.389e-10 time: 1.01
Energies: 0.23314815172958023 7.86804288374957e-14
Norm: 0.02980156885228546
========== 
Finished basis vector 52/62 

Starting simulation of basis vector 53/62
Performing CTM pre-steps without tracking
  | CTM step 1 conv: 1.000e+00 time: 0.57
  | CTM step 2 conv: 1.000e+00 time: 0.63
  | CTM step 3 conv: 1.000e+00 time: 0.66
  | CTM step 4 conv: 1.556e-05 time: 0.65
  | CTM step 5 conv: 5.657e-06 time: 0.64
Performing CTM
  | CTM step 1 conv: 1.000e+00 time: 0.84
  | CTM step 2 conv: 1.427e-09 time: 1.01
  | CTM step 3 conv: 1.389e-10 time: 1.01
Energies: 0.8117093477162458 7.86804288374957e-14
Norm: 0.11050579467335168
========== 
Finished basis vector 53/62 

Starting simulation of basis vector 54/62
Performing CTM pre-steps without tracking
  | CTM step 1 conv: 1.000e+00 time: 0.57
  | CTM step 2 conv: 1.000e+00 time: 0.64
  | CTM step 3 conv: 1.000e+00 time: 0.65
  | CTM step 4 conv: 1.556e-05 time: 0.65
  | CTM step 5 conv: 5.657e-06 time: 0.65
Performing CTM
  | CTM step 1 conv: 1.000e+00 time: 0.84
  | CTM step 2 conv: 1.427e-09 time: 1.01
  | CTM step 3 conv: 1.389e-10 time: 1.01
Energies: 0.2587392441696471 7.86804288374957e-14
Norm: 0.033053154858707835
========== 
Finished basis vector 54/62 

Starting simulation of basis vector 55/62
Performing CTM pre-steps without tracking
  | CTM step 1 conv: 1.000e+00 time: 0.57
  | CTM step 2 conv: 1.000e+00 time: 0.63
  | CTM step 3 conv: 1.000e+00 time: 0.64
  | CTM step 4 conv: 1.556e-05 time: 0.64
  | CTM step 5 conv: 5.657e-06 time: 0.64
Performing CTM
  | CTM step 1 conv: 1.000e+00 time: 0.85
  | CTM step 2 conv: 1.427e-09 time: 1.06
  | CTM step 3 conv: 1.389e-10 time: 1.01
Energies: 2.9291004089798367 7.86804288374957e-14
Norm: 0.4548627345638985
========== 
Finished basis vector 55/62 

Starting simulation of basis vector 56/62
Performing CTM pre-steps without tracking
  | CTM step 1 conv: 1.000e+00 time: 0.57
  | CTM step 2 conv: 1.000e+00 time: 0.64
  | CTM step 3 conv: 1.000e+00 time: 0.64
  | CTM step 4 conv: 1.556e-05 time: 0.65
  | CTM step 5 conv: 5.657e-06 time: 0.68
Performing CTM
  | CTM step 1 conv: 1.000e+00 time: 0.85
  | CTM step 2 conv: 1.427e-09 time: 1.01
  | CTM step 3 conv: 1.389e-10 time: 1.01
Energies: 0.9439605622746206 7.86804288374957e-14
Norm: 0.13575708294574834
========== 
Finished basis vector 56/62 

Starting simulation of basis vector 57/62
Performing CTM pre-steps without tracking
  | CTM step 1 conv: 1.000e+00 time: 0.57
  | CTM step 2 conv: 1.000e+00 time: 0.64
  | CTM step 3 conv: 1.000e+00 time: 0.65
  | CTM step 4 conv: 1.556e-05 time: 0.68
  | CTM step 5 conv: 5.657e-06 time: 0.65
Performing CTM
  | CTM step 1 conv: 1.000e+00 time: 0.85
  | CTM step 2 conv: 1.427e-09 time: 1.01
  | CTM step 3 conv: 1.389e-10 time: 1.01
Energies: 3.2701190311368444 7.86804288374957e-14
Norm: 0.5057106268487941
========== 
Finished basis vector 57/62 

Starting simulation of basis vector 58/62
Performing CTM pre-steps without tracking
  | CTM step 1 conv: 1.000e+00 time: 0.57
  | CTM step 2 conv: 1.000e+00 time: 0.63
  | CTM step 3 conv: 1.000e+00 time: 0.64
  | CTM step 4 conv: 1.556e-05 time: 0.64
  | CTM step 5 conv: 5.657e-06 time: 0.64
Performing CTM
  | CTM step 1 conv: 1.000e+00 time: 0.84
  | CTM step 2 conv: 1.427e-09 time: 1.01
  | CTM step 3 conv: 1.389e-10 time: 1.05
Energies: 1.0518343729983286 7.86804288374957e-14
Norm: 0.1515423049937527
========== 
Finished basis vector 58/62 

Starting simulation of basis vector 59/62
Performing CTM pre-steps without tracking
  | CTM step 1 conv: 1.000e+00 time: 0.57
  | CTM step 2 conv: 1.000e+00 time: 0.63
  | CTM step 3 conv: 1.000e+00 time: 0.64
  | CTM step 4 conv: 1.556e-05 time: 0.64
  | CTM step 5 conv: 5.657e-06 time: 0.64
Performing CTM
  | CTM step 1 conv: 1.000e+00 time: 0.84
  | CTM step 2 conv: 1.427e-09 time: 1.01
  | CTM step 3 conv: 1.389e-10 time: 1.0
Energies: 1.3821284790917658 7.86804288374957e-14
Norm: 0.20198932625135516
========== 
Finished basis vector 59/62 

Starting simulation of basis vector 60/62
Performing CTM pre-steps without tracking
  | CTM step 1 conv: 1.000e+00 time: 0.57
  | CTM step 2 conv: 1.000e+00 time: 0.63
  | CTM step 3 conv: 1.000e+00 time: 0.64
  | CTM step 4 conv: 1.556e-05 time: 0.65
  | CTM step 5 conv: 5.657e-06 time: 0.64
Performing CTM
  | CTM step 1 conv: 1.000e+00 time: 0.84
  | CTM step 2 conv: 1.427e-09 time: 1.01
  | CTM step 3 conv: 1.389e-10 time: 1.0
Energies: 0.4442936657417428 7.86804288374957e-14
Norm: 0.0603094441822538
========== 
Finished basis vector 60/62 

Starting simulation of basis vector 61/62
Performing CTM pre-steps without tracking
  | CTM step 1 conv: 1.000e+00 time: 0.57
  | CTM step 2 conv: 1.000e+00 time: 0.63
  | CTM step 3 conv: 1.000e+00 time: 0.65
  | CTM step 4 conv: 1.556e-05 time: 0.65
  | CTM step 5 conv: 5.657e-06 time: 0.65
Performing CTM
  | CTM step 1 conv: 1.000e+00 time: 0.84
  | CTM step 2 conv: 1.427e-09 time: 1.01
  | CTM step 3 conv: 1.389e-10 time: 1.0
Energies: 1.5297962619414744 7.86804288374957e-14
Norm: 0.22273010051050934
========== 
Finished basis vector 61/62 

Starting simulation of basis vector 62/62
Performing CTM pre-steps without tracking
  | CTM step 1 conv: 1.000e+00 time: 0.57
  | CTM step 2 conv: 1.000e+00 time: 0.63
  | CTM step 3 conv: 1.000e+00 time: 0.64
  | CTM step 4 conv: 1.556e-05 time: 0.65
  | CTM step 5 conv: 5.657e-06 time: 0.64
Performing CTM
  | CTM step 1 conv: 1.000e+00 time: 0.84
  | CTM step 2 conv: 1.427e-09 time: 1.05
  | CTM step 3 conv: 1.389e-10 time: 1.01
Energies: 0.49101547636865067 7.86804288374957e-14
Norm: 0.06677464381851239
========== 
Finished basis vector 62/62 

[[ 0.11298771-8.59025984e-07j -0.00340766-5.51550427e-02j
  -0.11830141-6.93936270e-02j ...  0.22579137-1.12018840e-01j
  -0.44779272+2.15367599e-01j  0.23594624-1.15922607e-01j]
 [-0.00341355+5.51433772e-02j  0.03234758+3.75758933e-06j
   0.0370881 -5.72281623e-02j ...  0.05044184+1.16875812e-01j
  -0.09856614-2.35260998e-01j  0.05354751+1.23322285e-01j]
 [-0.11830112+6.93890137e-02j  0.03709635+5.72390303e-02j
   0.17327653+3.15511803e-06j ... -0.17185775+2.62933680e-01j
   0.33877071-5.22367345e-01j -0.18010267+2.76632987e-01j]
 ...
 [ 0.22568206+1.12118697e-01j  0.05092023-1.16838976e-01j
  -0.17148   -2.63017554e-01j ...  0.88861613+2.05117848e-06j
  -1.29953183+1.93538144e-04j  0.8302286 -2.40491777e-04j]
 [-0.4476881 -2.15468323e-01j -0.0990869 +2.34464602e-01j
   0.33871026+5.22267961e-01j ... -1.29943201-1.94483805e-04j
   3.05913008-2.72453419e-06j -1.55084092-3.07729904e-04j]
 [ 0.23587283+1.15955043e-01j  0.05413524-1.22967766e-01j
  -0.17983238-2.76596605e-01j ...  0.83019895+3.16921799e-04j
  -1.55087093+3.09012555e-04j  0.98191479+3.88499305e-05j]]
[[ 0.01858526-4.44525174e-09j -0.00053749-9.28772796e-03j
  -0.01955719-1.14506334e-02j ...  0.0376221 -1.84756879e-02j
  -0.07511802+3.61769329e-02j  0.03944508-1.92336622e-02j]
 [-0.00053748+9.28771526e-03j  0.00510867-1.96590491e-09j
   0.0062428 -9.55456906e-03j ...  0.00830249+1.96223347e-02j
  -0.01639405-3.94452235e-02j  0.00874139+2.06980850e-02j]
 [-0.01955719+1.14506317e-02j  0.0062428 +9.55458334e-03j
   0.02826731+9.44695831e-09j ... -0.0285823 +4.31966137e-02j
   0.05695382-8.62885269e-02j -0.03005562+4.54567816e-02j]
 ...
 [ 0.03762209+1.84756867e-02j  0.00830249-1.96223363e-02j
  -0.02858229-4.31966127e-02j ...  0.12061889+2.62795385e-10j
  -0.20408748-2.48988541e-05j  0.11898189-3.49656349e-05j]
 [-0.07511803-3.61769364e-02j -0.01639405+3.94452223e-02j
   0.05695382+8.62885333e-02j ... -0.2040875 +2.48988389e-05j
   0.4454602 -1.26890416e-09j -0.22955855-2.72984215e-05j]
 [ 0.03944509+1.92336637e-02j  0.00874139-2.06980845e-02j
  -0.03005562-4.54567847e-02j ...  0.11898191+3.49655959e-05j
  -0.22955853+2.72998071e-05j  0.13354929-3.83385228e-10j]]
Done
Saved to /share/home/tanyi/ad-peps/simulations/exci/ising_D2_X30/12_0.75_0.75.npz
