No GPU/TPU found, falling back to CPU. (Set TF_CPP_MIN_LOG_LEVEL=0 and rerun for more info.)
Namespace(version=False, sim_mode='exci', config_file='ising_D2_exci.yaml', momentum_ix=6, evaluate=False, init=False)
Running excited-state sim
ising_D2_exci.yaml
/share/home/tanyi/ad-peps/examples/ising_D2_exci.yaml
/share/home/tanyi/ad-peps/examples/ising_D2_exci.yaml
D: 2
chi: 30
ctm_conv_tol: 1.0e-06
ctm_max_iter: 20
ctm_min_iter: 4
disp_level: 1
flush_output: true
model: ising
model_params:
  h: 3
momentum_path: Bril1
out_prefix: null
pattern:
- - 0
  - 1
- - 1
  - 0
resume: true

Starting simulation of basis vector 1/62
Performing CTM pre-steps without tracking
  | CTM step 1 conv: 1.000e+00 time: 2.93
  | CTM step 2 conv: 1.000e+00 time: 6.1
  | CTM step 3 conv: 1.000e+00 time: 8.41
  | CTM step 4 conv: 1.556e-05 time: 4.92
  | CTM step 5 conv: 5.657e-06 time: 0.66
Performing CTM
  | CTM step 1 conv: 1.000e+00 time: 1.75
  | CTM step 2 conv: 1.427e-09 time: 1.14
  | CTM step 3 conv: 1.389e-10 time: 1.01
Energies: 0.04285498846641168 7.86804288374957e-14
Norm: 0.006922663083198842
========== 
Finished basis vector 1/62 

Starting simulation of basis vector 2/62
Performing CTM pre-steps without tracking
  | CTM step 1 conv: 1.000e+00 time: 0.59
  | CTM step 2 conv: 1.000e+00 time: 0.65
  | CTM step 3 conv: 1.000e+00 time: 0.67
  | CTM step 4 conv: 1.556e-05 time: 0.66
  | CTM step 5 conv: 5.657e-06 time: 0.65
Performing CTM
  | CTM step 1 conv: 1.000e+00 time: 0.86
  | CTM step 2 conv: 1.427e-09 time: 1.02
  | CTM step 3 conv: 1.389e-10 time: 1.02
Energies: 0.02125021449032442 7.86804288374957e-14
Norm: 0.003412900180540132
========== 
Finished basis vector 2/62 

Starting simulation of basis vector 3/62
Performing CTM pre-steps without tracking
  | CTM step 1 conv: 1.000e+00 time: 0.58
  | CTM step 2 conv: 1.000e+00 time: 0.65
  | CTM step 3 conv: 1.000e+00 time: 0.66
  | CTM step 4 conv: 1.556e-05 time: 0.66
  | CTM step 5 conv: 5.657e-06 time: 0.67
Performing CTM
  | CTM step 1 conv: 1.000e+00 time: 0.86
  | CTM step 2 conv: 1.427e-09 time: 1.02
  | CTM step 3 conv: 1.389e-10 time: 1.07
Energies: 0.03795875600438778 7.86804288374957e-14
Norm: 0.005944078979946405
========== 
Finished basis vector 3/62 

Starting simulation of basis vector 4/62
Performing CTM pre-steps without tracking
  | CTM step 1 conv: 1.000e+00 time: 0.57
  | CTM step 2 conv: 1.000e+00 time: 0.64
  | CTM step 3 conv: 1.000e+00 time: 0.65
  | CTM step 4 conv: 1.556e-05 time: 0.65
  | CTM step 5 conv: 5.657e-06 time: 0.65
Performing CTM
  | CTM step 1 conv: 1.000e+00 time: 0.9
  | CTM step 2 conv: 1.427e-09 time: 1.04
  | CTM step 3 conv: 1.389e-10 time: 1.03
Energies: 0.0362364941582899 7.86804288374957e-14
Norm: 0.006170740384703475
========== 
Finished basis vector 4/62 

Starting simulation of basis vector 5/62
Performing CTM pre-steps without tracking
  | CTM step 1 conv: 1.000e+00 time: 0.58
  | CTM step 2 conv: 1.000e+00 time: 0.64
  | CTM step 3 conv: 1.000e+00 time: 0.66
  | CTM step 4 conv: 1.556e-05 time: 0.65
  | CTM step 5 conv: 5.657e-06 time: 0.65
Performing CTM
  | CTM step 1 conv: 1.000e+00 time: 0.85
  | CTM step 2 conv: 1.427e-09 time: 1.01
  | CTM step 3 conv: 1.389e-10 time: 1.01
Energies: 0.025943957293975667 7.86804288374957e-14
Norm: 0.004335538875044111
========== 
Finished basis vector 5/62 

Starting simulation of basis vector 6/62
Performing CTM pre-steps without tracking
  | CTM step 1 conv: 1.000e+00 time: 0.57
  | CTM step 2 conv: 1.000e+00 time: 0.64
  | CTM step 3 conv: 1.000e+00 time: 0.66
  | CTM step 4 conv: 1.556e-05 time: 0.65
  | CTM step 5 conv: 5.657e-06 time: 0.65
Performing CTM
  | CTM step 1 conv: 1.000e+00 time: 0.85
  | CTM step 2 conv: 1.427e-09 time: 1.01
  | CTM step 3 conv: 1.389e-10 time: 1.06
Energies: 0.05849802932687154 7.86804288374957e-14
Norm: 0.009967207483558291
========== 
Finished basis vector 6/62 

Starting simulation of basis vector 7/62
Performing CTM pre-steps without tracking
  | CTM step 1 conv: 1.000e+00 time: 0.57
  | CTM step 2 conv: 1.000e+00 time: 0.64
  | CTM step 3 conv: 1.000e+00 time: 0.65
  | CTM step 4 conv: 1.556e-05 time: 0.66
  | CTM step 5 conv: 5.657e-06 time: 0.65
Performing CTM
  | CTM step 1 conv: 1.000e+00 time: 0.9
  | CTM step 2 conv: 1.427e-09 time: 1.03
  | CTM step 3 conv: 1.389e-10 time: 1.02
Energies: 0.04090993364514301 7.86804288374957e-14
Norm: 0.006813500639738475
========== 
Finished basis vector 7/62 

Starting simulation of basis vector 8/62
Performing CTM pre-steps without tracking
  | CTM step 1 conv: 1.000e+00 time: 0.58
  | CTM step 2 conv: 1.000e+00 time: 0.69
  | CTM step 3 conv: 1.000e+00 time: 0.66
  | CTM step 4 conv: 1.556e-05 time: 0.66
  | CTM step 5 conv: 5.657e-06 time: 0.65
Performing CTM
  | CTM step 1 conv: 1.000e+00 time: 0.85
  | CTM step 2 conv: 1.427e-09 time: 1.02
  | CTM step 3 conv: 1.389e-10 time: 1.01
Energies: 0.019183130572281444 7.86804288374957e-14
Norm: 0.003117966164837
========== 
Finished basis vector 8/62 

Starting simulation of basis vector 9/62
Performing CTM pre-steps without tracking
  | CTM step 1 conv: 1.000e+00 time: 0.58
  | CTM step 2 conv: 1.000e+00 time: 0.64
  | CTM step 3 conv: 1.000e+00 time: 0.65
  | CTM step 4 conv: 1.556e-05 time: 0.65
  | CTM step 5 conv: 5.657e-06 time: 0.65
Performing CTM
  | CTM step 1 conv: 1.000e+00 time: 0.85
  | CTM step 2 conv: 1.427e-09 time: 1.02
  | CTM step 3 conv: 1.389e-10 time: 1.06
Energies: 0.019571082193742574 7.86804288374957e-14
Norm: 0.0030105511973386053
========== 
Finished basis vector 9/62 

Starting simulation of basis vector 10/62
Performing CTM pre-steps without tracking
  | CTM step 1 conv: 1.000e+00 time: 0.57
  | CTM step 2 conv: 1.000e+00 time: 0.64
  | CTM step 3 conv: 1.000e+00 time: 0.66
  | CTM step 4 conv: 1.556e-05 time: 0.65
  | CTM step 5 conv: 5.657e-06 time: 0.66
Performing CTM
  | CTM step 1 conv: 1.000e+00 time: 0.86
  | CTM step 2 conv: 1.427e-09 time: 1.03
  | CTM step 3 conv: 1.389e-10 time: 1.02
Energies: 0.16969971367570952 7.86804288374957e-14
Norm: 0.02861432209488235
========== 
Finished basis vector 10/62 

Starting simulation of basis vector 11/62
Performing CTM pre-steps without tracking
  | CTM step 1 conv: 1.000e+00 time: 0.58
  | CTM step 2 conv: 1.000e+00 time: 0.64
  | CTM step 3 conv: 1.000e+00 time: 0.65
  | CTM step 4 conv: 1.556e-05 time: 0.65
  | CTM step 5 conv: 5.657e-06 time: 0.65
Performing CTM
  | CTM step 1 conv: 1.000e+00 time: 0.85
  | CTM step 2 conv: 1.427e-09 time: 1.02
  | CTM step 3 conv: 1.389e-10 time: 1.01
Energies: 0.06001683721280522 7.86804288374957e-14
Norm: 0.00964880253813594
========== 
Finished basis vector 11/62 

Starting simulation of basis vector 12/62
Performing CTM pre-steps without tracking
  | CTM step 1 conv: 1.000e+00 time: 0.57
  | CTM step 2 conv: 1.000e+00 time: 0.64
  | CTM step 3 conv: 1.000e+00 time: 0.65
  | CTM step 4 conv: 1.556e-05 time: 0.65
  | CTM step 5 conv: 5.657e-06 time: 0.65
Performing CTM
  | CTM step 1 conv: 1.000e+00 time: 0.85
  | CTM step 2 conv: 1.427e-09 time: 1.02
  | CTM step 3 conv: 1.389e-10 time: 1.01
Energies: 0.03055926025299123 7.86804288374957e-14
Norm: 0.005132874436450771
========== 
Finished basis vector 12/62 

Starting simulation of basis vector 13/62
Performing CTM pre-steps without tracking
  | CTM step 1 conv: 1.000e+00 time: 0.57
  | CTM step 2 conv: 1.000e+00 time: 0.64
  | CTM step 3 conv: 1.000e+00 time: 0.65
  | CTM step 4 conv: 1.556e-05 time: 0.66
  | CTM step 5 conv: 5.657e-06 time: 0.67
Performing CTM
  | CTM step 1 conv: 1.000e+00 time: 0.85
  | CTM step 2 conv: 1.427e-09 time: 1.07
  | CTM step 3 conv: 1.389e-10 time: 1.02
Energies: 0.02023358876981909 7.86804288374957e-14
Norm: 0.0033360112147299984
========== 
Finished basis vector 13/62 

Starting simulation of basis vector 14/62
Performing CTM pre-steps without tracking
  | CTM step 1 conv: 1.000e+00 time: 0.57
  | CTM step 2 conv: 1.000e+00 time: 0.64
  | CTM step 3 conv: 1.000e+00 time: 0.65
  | CTM step 4 conv: 1.556e-05 time: 0.65
  | CTM step 5 conv: 5.657e-06 time: 0.65
Performing CTM
  | CTM step 1 conv: 1.000e+00 time: 0.85
  | CTM step 2 conv: 1.427e-09 time: 1.02
  | CTM step 3 conv: 1.389e-10 time: 1.01
Energies: 0.067235991910321 7.86804288374957e-14
Norm: 0.01127086899906043
========== 
Finished basis vector 14/62 

Starting simulation of basis vector 15/62
Performing CTM pre-steps without tracking
  | CTM step 1 conv: 1.000e+00 time: 0.58
  | CTM step 2 conv: 1.000e+00 time: 0.64
  | CTM step 3 conv: 1.000e+00 time: 0.65
  | CTM step 4 conv: 1.556e-05 time: 0.66
  | CTM step 5 conv: 5.657e-06 time: 0.8
Performing CTM
  | CTM step 1 conv: 1.000e+00 time: 0.85
  | CTM step 2 conv: 1.427e-09 time: 1.01
  | CTM step 3 conv: 1.389e-10 time: 1.02
Energies: 0.036538481941533765 7.86804288374957e-14
Norm: 0.006045675066710226
========== 
Finished basis vector 15/62 

Starting simulation of basis vector 16/62
Performing CTM pre-steps without tracking
  | CTM step 1 conv: 1.000e+00 time: 0.57
  | CTM step 2 conv: 1.000e+00 time: 0.63
  | CTM step 3 conv: 1.000e+00 time: 0.69
  | CTM step 4 conv: 1.556e-05 time: 0.66
  | CTM step 5 conv: 5.657e-06 time: 0.64
Performing CTM
  | CTM step 1 conv: 1.000e+00 time: 0.84
  | CTM step 2 conv: 1.427e-09 time: 1.01
  | CTM step 3 conv: 1.389e-10 time: 1.05
Energies: 1.8887265211306716 7.86804288374957e-14
Norm: 0.30314105279728853
========== 
Finished basis vector 16/62 

Starting simulation of basis vector 17/62
Performing CTM pre-steps without tracking
  | CTM step 1 conv: 1.000e+00 time: 0.57
  | CTM step 2 conv: 1.000e+00 time: 0.64
  | CTM step 3 conv: 1.000e+00 time: 0.66
  | CTM step 4 conv: 1.556e-05 time: 0.66
  | CTM step 5 conv: 5.657e-06 time: 0.65
Performing CTM
  | CTM step 1 conv: 1.000e+00 time: 0.85
  | CTM step 2 conv: 1.427e-09 time: 1.02
  | CTM step 3 conv: 1.389e-10 time: 1.09
Energies: 0.577746931738164 7.86804288374957e-14
Norm: 0.08951846855226839
========== 
Finished basis vector 17/62 

Starting simulation of basis vector 18/62
Performing CTM pre-steps without tracking
  | CTM step 1 conv: 1.000e+00 time: 0.57
  | CTM step 2 conv: 1.000e+00 time: 0.65
  | CTM step 3 conv: 1.000e+00 time: 0.67
  | CTM step 4 conv: 1.556e-05 time: 0.65
  | CTM step 5 conv: 5.657e-06 time: 0.64
Performing CTM
  | CTM step 1 conv: 1.000e+00 time: 0.85
  | CTM step 2 conv: 1.427e-09 time: 1.01
  | CTM step 3 conv: 1.389e-10 time: 1.01
Energies: 3.0878975903215764 7.86804288374957e-14
Norm: 0.4995881331417716
========== 
Finished basis vector 18/62 

Starting simulation of basis vector 19/62
Performing CTM pre-steps without tracking
  | CTM step 1 conv: 1.000e+00 time: 0.57
  | CTM step 2 conv: 1.000e+00 time: 0.63
  | CTM step 3 conv: 1.000e+00 time: 0.65
  | CTM step 4 conv: 1.556e-05 time: 0.65
  | CTM step 5 conv: 5.657e-06 time: 0.64
Performing CTM
  | CTM step 1 conv: 1.000e+00 time: 0.84
  | CTM step 2 conv: 1.427e-09 time: 1.01
  | CTM step 3 conv: 1.389e-10 time: 1.0
Energies: 0.9424624241807962 7.86804288374957e-14
Norm: 0.14725234468134757
========== 
Finished basis vector 19/62 

Starting simulation of basis vector 20/62
Performing CTM pre-steps without tracking
  | CTM step 1 conv: 1.000e+00 time: 0.57
  | CTM step 2 conv: 1.000e+00 time: 0.63
  | CTM step 3 conv: 1.000e+00 time: 0.64
  | CTM step 4 conv: 1.556e-05 time: 0.68
  | CTM step 5 conv: 5.657e-06 time: 0.64
Performing CTM
  | CTM step 1 conv: 1.000e+00 time: 0.84
  | CTM step 2 conv: 1.427e-09 time: 1.06
  | CTM step 3 conv: 1.389e-10 time: 1.06
Energies: 0.24864586749653222 7.86804288374957e-14
Norm: 0.034587685946492246
========== 
Finished basis vector 20/62 

Starting simulation of basis vector 21/62
Performing CTM pre-steps without tracking
  | CTM step 1 conv: 1.000e+00 time: 0.57
  | CTM step 2 conv: 1.000e+00 time: 0.73
  | CTM step 3 conv: 1.000e+00 time: 0.65
  | CTM step 4 conv: 1.556e-05 time: 0.65
  | CTM step 5 conv: 5.657e-06 time: 0.64
Performing CTM
  | CTM step 1 conv: 1.000e+00 time: 0.84
  | CTM step 2 conv: 1.427e-09 time: 1.01
  | CTM step 3 conv: 1.389e-10 time: 1.0
Energies: 0.07573944927451795 7.86804288374957e-14
Norm: 0.010227374060041254
========== 
Finished basis vector 21/62 

Starting simulation of basis vector 22/62
Performing CTM pre-steps without tracking
  | CTM step 1 conv: 1.000e+00 time: 0.57
  | CTM step 2 conv: 1.000e+00 time: 0.64
  | CTM step 3 conv: 1.000e+00 time: 0.65
  | CTM step 4 conv: 1.556e-05 time: 0.65
  | CTM step 5 conv: 5.657e-06 time: 0.64
Performing CTM
  | CTM step 1 conv: 1.000e+00 time: 0.84
  | CTM step 2 conv: 1.427e-09 time: 1.01
  | CTM step 3 conv: 1.389e-10 time: 1.01
Energies: 0.39626856016928413 7.86804288374957e-14
Norm: 0.05548161246353233
========== 
Finished basis vector 22/62 

Starting simulation of basis vector 23/62
Performing CTM pre-steps without tracking
  | CTM step 1 conv: 1.000e+00 time: 0.56
  | CTM step 2 conv: 1.000e+00 time: 0.63
  | CTM step 3 conv: 1.000e+00 time: 0.64
  | CTM step 4 conv: 1.556e-05 time: 0.64
  | CTM step 5 conv: 5.657e-06 time: 0.64
Performing CTM
  | CTM step 1 conv: 1.000e+00 time: 0.84
  | CTM step 2 conv: 1.427e-09 time: 1.19
  | CTM step 3 conv: 1.389e-10 time: 1.06
Energies: 0.1204663656138365 7.86804288374957e-14
Norm: 0.016376595818728204
========== 
Finished basis vector 23/62 

Starting simulation of basis vector 24/62
Performing CTM pre-steps without tracking
  | CTM step 1 conv: 1.000e+00 time: 0.57
  | CTM step 2 conv: 1.000e+00 time: 0.64
  | CTM step 3 conv: 1.000e+00 time: 0.66
  | CTM step 4 conv: 1.556e-05 time: 0.65
  | CTM step 5 conv: 5.657e-06 time: 0.64
Performing CTM
  | CTM step 1 conv: 1.000e+00 time: 0.84
  | CTM step 2 conv: 1.427e-09 time: 1.0
  | CTM step 3 conv: 1.389e-10 time: 1.0
Energies: 1.4759240575148276 7.86804288374957e-14
Norm: 0.2365637027754294
========== 
Finished basis vector 24/62 

Starting simulation of basis vector 25/62
Performing CTM pre-steps without tracking
  | CTM step 1 conv: 1.000e+00 time: 0.57
  | CTM step 2 conv: 1.000e+00 time: 0.63
  | CTM step 3 conv: 1.000e+00 time: 0.69
  | CTM step 4 conv: 1.556e-05 time: 0.64
  | CTM step 5 conv: 5.657e-06 time: 0.64
Performing CTM
  | CTM step 1 conv: 1.000e+00 time: 0.84
  | CTM step 2 conv: 1.427e-09 time: 1.01
  | CTM step 3 conv: 1.389e-10 time: 1.0
Energies: 0.4521540995907758 7.86804288374957e-14
Norm: 0.06962563034076491
========== 
Finished basis vector 25/62 

Starting simulation of basis vector 26/62
Performing CTM pre-steps without tracking
  | CTM step 1 conv: 1.000e+00 time: 0.57
  | CTM step 2 conv: 1.000e+00 time: 0.63
  | CTM step 3 conv: 1.000e+00 time: 0.64
  | CTM step 4 conv: 1.556e-05 time: 0.64
  | CTM step 5 conv: 5.657e-06 time: 0.64
Performing CTM
  | CTM step 1 conv: 1.000e+00 time: 0.84
  | CTM step 2 conv: 1.427e-09 time: 1.01
  | CTM step 3 conv: 1.389e-10 time: 1.0
Energies: 2.4114865003863457 7.86804288374957e-14
Norm: 0.3898585151077247
========== 
Finished basis vector 26/62 

Starting simulation of basis vector 27/62
Performing CTM pre-steps without tracking
  | CTM step 1 conv: 1.000e+00 time: 0.57
  | CTM step 2 conv: 1.000e+00 time: 0.63
  | CTM step 3 conv: 1.000e+00 time: 0.64
  | CTM step 4 conv: 1.556e-05 time: 0.64
  | CTM step 5 conv: 5.657e-06 time: 0.64
Performing CTM
  | CTM step 1 conv: 1.000e+00 time: 0.84
  | CTM step 2 conv: 1.427e-09 time: 1.05
  | CTM step 3 conv: 1.389e-10 time: 1.0
Energies: 0.7372108810109853 7.86804288374957e-14
Norm: 0.1145283977399727
========== 
Finished basis vector 27/62 

Starting simulation of basis vector 28/62
Performing CTM pre-steps without tracking
  | CTM step 1 conv: 1.000e+00 time: 0.57
  | CTM step 2 conv: 1.000e+00 time: 0.63
  | CTM step 3 conv: 1.000e+00 time: 0.64
  | CTM step 4 conv: 1.556e-05 time: 0.64
  | CTM step 5 conv: 5.657e-06 time: 0.64
Performing CTM
  | CTM step 1 conv: 1.000e+00 time: 0.84
  | CTM step 2 conv: 1.427e-09 time: 1.0
  | CTM step 3 conv: 1.389e-10 time: 1.0
Energies: 0.19474690476987916 7.86804288374957e-14
Norm: 0.027081961173080878
========== 
Finished basis vector 28/62 

Starting simulation of basis vector 29/62
Performing CTM pre-steps without tracking
  | CTM step 1 conv: 1.000e+00 time: 0.57
  | CTM step 2 conv: 1.000e+00 time: 0.63
  | CTM step 3 conv: 1.000e+00 time: 0.64
  | CTM step 4 conv: 1.556e-05 time: 0.64
  | CTM step 5 conv: 5.657e-06 time: 0.64
Performing CTM
  | CTM step 1 conv: 1.000e+00 time: 0.84
  | CTM step 2 conv: 1.427e-09 time: 1.0
  | CTM step 3 conv: 1.389e-10 time: 1.0
Energies: 0.05937948377286208 7.86804288374957e-14
Norm: 0.007981599848627063
========== 
Finished basis vector 29/62 

Starting simulation of basis vector 30/62
Performing CTM pre-steps without tracking
  | CTM step 1 conv: 1.000e+00 time: 0.56
  | CTM step 2 conv: 1.000e+00 time: 0.62
  | CTM step 3 conv: 1.000e+00 time: 0.64
  | CTM step 4 conv: 1.556e-05 time: 0.64
  | CTM step 5 conv: 5.657e-06 time: 0.64
Performing CTM
  | CTM step 1 conv: 1.000e+00 time: 0.84
  | CTM step 2 conv: 1.427e-09 time: 1.0
  | CTM step 3 conv: 1.389e-10 time: 1.05
Energies: 0.31025956968962387 7.86804288374957e-14
Norm: 0.04344326826723805
========== 
Finished basis vector 30/62 

Starting simulation of basis vector 31/62
Performing CTM pre-steps without tracking
  | CTM step 1 conv: 1.000e+00 time: 0.57
  | CTM step 2 conv: 1.000e+00 time: 0.63
  | CTM step 3 conv: 1.000e+00 time: 0.64
  | CTM step 4 conv: 1.556e-05 time: 0.64
  | CTM step 5 conv: 5.657e-06 time: 0.64
Performing CTM
  | CTM step 1 conv: 1.000e+00 time: 0.84
  | CTM step 2 conv: 1.427e-09 time: 1.0
  | CTM step 3 conv: 1.389e-10 time: 1.0
Energies: 0.09439575830113169 7.86804288374957e-14
Norm: 0.012779482565864439
========== 
Finished basis vector 31/62 

Starting simulation of basis vector 32/62
Performing CTM pre-steps without tracking
  | CTM step 1 conv: 1.000e+00 time: 0.57
  | CTM step 2 conv: 1.000e+00 time: 0.63
  | CTM step 3 conv: 1.000e+00 time: 0.64
  | CTM step 4 conv: 1.556e-05 time: 0.64
  | CTM step 5 conv: 5.657e-06 time: 0.64
Performing CTM
  | CTM step 1 conv: 1.000e+00 time: 0.9
  | CTM step 2 conv: 1.427e-09 time: 1.01
  | CTM step 3 conv: 1.389e-10 time: 1.0
Energies: 0.06633657949230319 7.86804288374957e-14
Norm: 0.009973634391288656
========== 
Finished basis vector 32/62 

Starting simulation of basis vector 33/62
Performing CTM pre-steps without tracking
  | CTM step 1 conv: 1.000e+00 time: 0.57
  | CTM step 2 conv: 1.000e+00 time: 0.63
  | CTM step 3 conv: 1.000e+00 time: 0.64
  | CTM step 4 conv: 1.556e-05 time: 0.64
  | CTM step 5 conv: 5.657e-06 time: 0.7
Performing CTM
  | CTM step 1 conv: 1.000e+00 time: 0.84
  | CTM step 2 conv: 1.427e-09 time: 1.0
  | CTM step 3 conv: 1.389e-10 time: 1.0
Energies: 0.05642399547144622 7.86804288374957e-14
Norm: 0.007787467429155738
========== 
Finished basis vector 33/62 

Starting simulation of basis vector 34/62
Performing CTM pre-steps without tracking
  | CTM step 1 conv: 1.000e+00 time: 0.57
  | CTM step 2 conv: 1.000e+00 time: 0.63
  | CTM step 3 conv: 1.000e+00 time: 0.64
  | CTM step 4 conv: 1.556e-05 time: 0.64
  | CTM step 5 conv: 5.657e-06 time: 0.64
Performing CTM
  | CTM step 1 conv: 1.000e+00 time: 0.84
  | CTM step 2 conv: 1.427e-09 time: 1.05
  | CTM step 3 conv: 1.389e-10 time: 1.0
Energies: 0.0289786120126724 7.86804288374957e-14
Norm: 0.0034903495436689664
========== 
Finished basis vector 34/62 

Starting simulation of basis vector 35/62
Performing CTM pre-steps without tracking
  | CTM step 1 conv: 1.000e+00 time: 0.57
  | CTM step 2 conv: 1.000e+00 time: 0.63
  | CTM step 3 conv: 1.000e+00 time: 0.64
  | CTM step 4 conv: 1.556e-05 time: 0.64
  | CTM step 5 conv: 5.657e-06 time: 0.64
Performing CTM
  | CTM step 1 conv: 1.000e+00 time: 0.84
  | CTM step 2 conv: 1.427e-09 time: 1.0
  | CTM step 3 conv: 1.389e-10 time: 1.0
Energies: 0.15938363471710804 7.86804288374957e-14
Norm: 0.025173375246252967
========== 
Finished basis vector 35/62 

Starting simulation of basis vector 36/62
Performing CTM pre-steps without tracking
  | CTM step 1 conv: 1.000e+00 time: 0.57
  | CTM step 2 conv: 1.000e+00 time: 0.63
  | CTM step 3 conv: 1.000e+00 time: 0.64
  | CTM step 4 conv: 1.556e-05 time: 0.64
  | CTM step 5 conv: 5.657e-06 time: 0.64
Performing CTM
  | CTM step 1 conv: 1.000e+00 time: 0.84
  | CTM step 2 conv: 1.427e-09 time: 1.11
  | CTM step 3 conv: 1.389e-10 time: 1.0
Energies: 0.07934178989593305 7.86804288374957e-14
Norm: 0.012454885040440091
========== 
Finished basis vector 36/62 

Starting simulation of basis vector 37/62
Performing CTM pre-steps without tracking
  | CTM step 1 conv: 1.000e+00 time: 0.57
  | CTM step 2 conv: 1.000e+00 time: 0.63
  | CTM step 3 conv: 1.000e+00 time: 0.64
  | CTM step 4 conv: 1.556e-05 time: 0.69
  | CTM step 5 conv: 5.657e-06 time: 0.64
Performing CTM
  | CTM step 1 conv: 1.000e+00 time: 0.84
  | CTM step 2 conv: 1.427e-09 time: 1.01
  | CTM step 3 conv: 1.389e-10 time: 1.05
Energies: 0.061231148848510664 7.86804288374957e-14
Norm: 0.00847084289098875
========== 
Finished basis vector 37/62 

Starting simulation of basis vector 38/62
Performing CTM pre-steps without tracking
  | CTM step 1 conv: 1.000e+00 time: 0.57
  | CTM step 2 conv: 1.000e+00 time: 0.63
  | CTM step 3 conv: 1.000e+00 time: 0.64
  | CTM step 4 conv: 1.556e-05 time: 0.64
  | CTM step 5 conv: 5.657e-06 time: 0.77
Performing CTM
  | CTM step 1 conv: 1.000e+00 time: 0.84
  | CTM step 2 conv: 1.427e-09 time: 1.0
  | CTM step 3 conv: 1.389e-10 time: 1.0
Energies: 0.06400228132058715 7.86804288374957e-14
Norm: 0.009588417983272287
========== 
Finished basis vector 38/62 

Starting simulation of basis vector 39/62
Performing CTM pre-steps without tracking
  | CTM step 1 conv: 1.000e+00 time: 0.57
  | CTM step 2 conv: 1.000e+00 time: 0.63
  | CTM step 3 conv: 1.000e+00 time: 0.64
  | CTM step 4 conv: 1.556e-05 time: 0.64
  | CTM step 5 conv: 5.657e-06 time: 0.64
Performing CTM
  | CTM step 1 conv: 1.000e+00 time: 0.84
  | CTM step 2 conv: 1.427e-09 time: 1.0
  | CTM step 3 conv: 1.389e-10 time: 1.0
Energies: 0.09427221579498651 7.86804288374957e-14
Norm: 0.014339140746306938
========== 
Finished basis vector 39/62 

Starting simulation of basis vector 40/62
Performing CTM pre-steps without tracking
  | CTM step 1 conv: 1.000e+00 time: 0.57
  | CTM step 2 conv: 1.000e+00 time: 0.63
  | CTM step 3 conv: 1.000e+00 time: 0.64
  | CTM step 4 conv: 1.556e-05 time: 0.64
  | CTM step 5 conv: 5.657e-06 time: 0.64
Performing CTM
  | CTM step 1 conv: 1.000e+00 time: 0.84
  | CTM step 2 conv: 1.427e-09 time: 1.0
  | CTM step 3 conv: 1.389e-10 time: 1.0
Energies: 0.06339275148523338 7.86804288374957e-14
Norm: 0.009390356472921182
========== 
Finished basis vector 40/62 

Starting simulation of basis vector 41/62
Performing CTM pre-steps without tracking
  | CTM step 1 conv: 1.000e+00 time: 0.57
  | CTM step 2 conv: 1.000e+00 time: 0.63
  | CTM step 3 conv: 1.000e+00 time: 0.64
  | CTM step 4 conv: 1.556e-05 time: 0.64
  | CTM step 5 conv: 5.657e-06 time: 0.64
Performing CTM
  | CTM step 1 conv: 1.000e+00 time: 0.84
  | CTM step 2 conv: 1.427e-09 time: 1.05
  | CTM step 3 conv: 1.389e-10 time: 1.0
Energies: 0.6609841676705546 7.86804288374957e-14
Norm: 0.10973550546453617
========== 
Finished basis vector 41/62 

Starting simulation of basis vector 42/62
Performing CTM pre-steps without tracking
  | CTM step 1 conv: 1.000e+00 time: 0.57
  | CTM step 2 conv: 1.000e+00 time: 0.63
  | CTM step 3 conv: 1.000e+00 time: 0.64
  | CTM step 4 conv: 1.556e-05 time: 0.64
  | CTM step 5 conv: 5.657e-06 time: 0.64
Performing CTM
  | CTM step 1 conv: 1.000e+00 time: 0.84
  | CTM step 2 conv: 1.427e-09 time: 1.0
  | CTM step 3 conv: 1.389e-10 time: 1.0
Energies: 0.25374582725087746 7.86804288374957e-14
Norm: 0.04116133017673907
========== 
Finished basis vector 42/62 

Starting simulation of basis vector 43/62
Performing CTM pre-steps without tracking
  | CTM step 1 conv: 1.000e+00 time: 0.57
  | CTM step 2 conv: 1.000e+00 time: 0.63
  | CTM step 3 conv: 1.000e+00 time: 0.65
  | CTM step 4 conv: 1.556e-05 time: 0.65
  | CTM step 5 conv: 5.657e-06 time: 0.64
Performing CTM
  | CTM step 1 conv: 1.000e+00 time: 0.84
  | CTM step 2 conv: 1.427e-09 time: 1.0
  | CTM step 3 conv: 1.389e-10 time: 1.17
Energies: 0.08249996642647389 7.86804288374957e-14
Norm: 0.0128394298617081
========== 
Finished basis vector 43/62 

Starting simulation of basis vector 44/62
Performing CTM pre-steps without tracking
  | CTM step 1 conv: 1.000e+00 time: 0.57
  | CTM step 2 conv: 1.000e+00 time: 0.63
  | CTM step 3 conv: 1.000e+00 time: 0.76
  | CTM step 4 conv: 1.556e-05 time: 0.65
  | CTM step 5 conv: 5.657e-06 time: 0.64
Performing CTM
  | CTM step 1 conv: 1.000e+00 time: 0.84
  | CTM step 2 conv: 1.427e-09 time: 1.0
  | CTM step 3 conv: 1.389e-10 time: 1.05
Energies: 0.11782031504198909 7.86804288374957e-14
Norm: 0.01880064831639581
========== 
Finished basis vector 44/62 

Starting simulation of basis vector 45/62
Performing CTM pre-steps without tracking
  | CTM step 1 conv: 1.000e+00 time: 0.57
  | CTM step 2 conv: 1.000e+00 time: 0.63
  | CTM step 3 conv: 1.000e+00 time: 0.64
  | CTM step 4 conv: 1.556e-05 time: 0.64
  | CTM step 5 conv: 5.657e-06 time: 0.64
Performing CTM
  | CTM step 1 conv: 1.000e+00 time: 0.84
  | CTM step 2 conv: 1.427e-09 time: 1.0
  | CTM step 3 conv: 1.389e-10 time: 1.0
Energies: 0.2547627941935825 7.86804288374957e-14
Norm: 0.04210514314612945
========== 
Finished basis vector 45/62 

Starting simulation of basis vector 46/62
Performing CTM pre-steps without tracking
  | CTM step 1 conv: 1.000e+00 time: 0.57
  | CTM step 2 conv: 1.000e+00 time: 0.63
  | CTM step 3 conv: 1.000e+00 time: 0.64
  | CTM step 4 conv: 1.556e-05 time: 0.64
  | CTM step 5 conv: 5.657e-06 time: 0.64
Performing CTM
  | CTM step 1 conv: 1.000e+00 time: 0.84
  | CTM step 2 conv: 1.427e-09 time: 1.02
  | CTM step 3 conv: 1.389e-10 time: 1.0
Energies: 0.18406613400017358 7.86804288374957e-14
Norm: 0.03021513736051868
========== 
Finished basis vector 46/62 

Starting simulation of basis vector 47/62
Performing CTM pre-steps without tracking
  | CTM step 1 conv: 1.000e+00 time: 0.57
  | CTM step 2 conv: 1.000e+00 time: 0.63
  | CTM step 3 conv: 1.000e+00 time: 0.65
  | CTM step 4 conv: 1.556e-05 time: 0.64
  | CTM step 5 conv: 5.657e-06 time: 0.64
Performing CTM
  | CTM step 1 conv: 1.000e+00 time: 0.84
  | CTM step 2 conv: 1.427e-09 time: 1.01
  | CTM step 3 conv: 1.389e-10 time: 1.0
Energies: 1.5674632837418918 7.86804288374957e-14
Norm: 0.22806652269871294
========== 
Finished basis vector 47/62 

Starting simulation of basis vector 48/62
Performing CTM pre-steps without tracking
  | CTM step 1 conv: 1.000e+00 time: 0.56
  | CTM step 2 conv: 1.000e+00 time: 0.62
  | CTM step 3 conv: 1.000e+00 time: 0.64
  | CTM step 4 conv: 1.556e-05 time: 0.64
  | CTM step 5 conv: 5.657e-06 time: 0.63
Performing CTM
  | CTM step 1 conv: 1.000e+00 time: 0.84
  | CTM step 2 conv: 1.427e-09 time: 1.07
  | CTM step 3 conv: 1.389e-10 time: 1.0
Energies: 0.5028777532889701 7.86804288374957e-14
Norm: 0.06788898962478618
========== 
Finished basis vector 48/62 

Starting simulation of basis vector 49/62
Performing CTM pre-steps without tracking
  | CTM step 1 conv: 1.000e+00 time: 0.57
  | CTM step 2 conv: 1.000e+00 time: 0.63
  | CTM step 3 conv: 1.000e+00 time: 0.64
  | CTM step 4 conv: 1.556e-05 time: 0.64
  | CTM step 5 conv: 5.657e-06 time: 0.64
Performing CTM
  | CTM step 1 conv: 1.000e+00 time: 0.84
  | CTM step 2 conv: 1.427e-09 time: 1.0
  | CTM step 3 conv: 1.389e-10 time: 1.0
Energies: 1.7497672907541801 7.86804288374957e-14
Norm: 0.25324450441233537
========== 
Finished basis vector 49/62 

Starting simulation of basis vector 50/62
Performing CTM pre-steps without tracking
  | CTM step 1 conv: 1.000e+00 time: 0.57
  | CTM step 2 conv: 1.000e+00 time: 0.63
  | CTM step 3 conv: 1.000e+00 time: 0.64
  | CTM step 4 conv: 1.556e-05 time: 0.64
  | CTM step 5 conv: 5.657e-06 time: 0.64
Performing CTM
  | CTM step 1 conv: 1.000e+00 time: 0.84
  | CTM step 2 conv: 1.427e-09 time: 1.0
  | CTM step 3 conv: 1.389e-10 time: 1.0
Energies: 0.5597850939263374 7.86804288374957e-14
Norm: 0.0756786166001876
========== 
Finished basis vector 50/62 

Starting simulation of basis vector 51/62
Performing CTM pre-steps without tracking
  | CTM step 1 conv: 1.000e+00 time: 0.57
  | CTM step 2 conv: 1.000e+00 time: 0.64
  | CTM step 3 conv: 1.000e+00 time: 0.65
  | CTM step 4 conv: 1.556e-05 time: 0.65
  | CTM step 5 conv: 5.657e-06 time: 0.65
Performing CTM
  | CTM step 1 conv: 1.000e+00 time: 0.85
  | CTM step 2 conv: 1.427e-09 time: 1.01
  | CTM step 3 conv: 1.389e-10 time: 1.06
Energies: 0.7309712046196495 7.86804288374957e-14
Norm: 0.09989662255026216
========== 
Finished basis vector 51/62 

Starting simulation of basis vector 52/62
Performing CTM pre-steps without tracking
  | CTM step 1 conv: 1.000e+00 time: 0.57
  | CTM step 2 conv: 1.000e+00 time: 0.63
  | CTM step 3 conv: 1.000e+00 time: 0.64
  | CTM step 4 conv: 1.556e-05 time: 0.65
  | CTM step 5 conv: 5.657e-06 time: 0.64
Performing CTM
  | CTM step 1 conv: 1.000e+00 time: 0.84
  | CTM step 2 conv: 1.427e-09 time: 1.01
  | CTM step 3 conv: 1.389e-10 time: 1.01
Energies: 0.23324086162038293 7.86804288374957e-14
Norm: 0.029750109401337547
========== 
Finished basis vector 52/62 

Starting simulation of basis vector 53/62
Performing CTM pre-steps without tracking
  | CTM step 1 conv: 1.000e+00 time: 0.57
  | CTM step 2 conv: 1.000e+00 time: 0.63
  | CTM step 3 conv: 1.000e+00 time: 0.64
  | CTM step 4 conv: 1.556e-05 time: 0.64
  | CTM step 5 conv: 5.657e-06 time: 0.64
Performing CTM
  | CTM step 1 conv: 1.000e+00 time: 0.84
  | CTM step 2 conv: 1.427e-09 time: 1.01
  | CTM step 3 conv: 1.389e-10 time: 1.01
Energies: 0.8129161340350023 7.86804288374957e-14
Norm: 0.11048563618394917
========== 
Finished basis vector 53/62 

Starting simulation of basis vector 54/62
Performing CTM pre-steps without tracking
  | CTM step 1 conv: 1.000e+00 time: 0.57
  | CTM step 2 conv: 1.000e+00 time: 0.63
  | CTM step 3 conv: 1.000e+00 time: 0.64
  | CTM step 4 conv: 1.556e-05 time: 0.65
  | CTM step 5 conv: 5.657e-06 time: 0.64
Performing CTM
  | CTM step 1 conv: 1.000e+00 time: 0.85
  | CTM step 2 conv: 1.427e-09 time: 1.01
  | CTM step 3 conv: 1.389e-10 time: 1.01
Energies: 0.2588426424129603 7.86804288374957e-14
Norm: 0.03303856700385545
========== 
Finished basis vector 54/62 

Starting simulation of basis vector 55/62
Performing CTM pre-steps without tracking
  | CTM step 1 conv: 1.000e+00 time: 0.57
  | CTM step 2 conv: 1.000e+00 time: 0.63
  | CTM step 3 conv: 1.000e+00 time: 0.64
  | CTM step 4 conv: 1.556e-05 time: 0.64
  | CTM step 5 conv: 5.657e-06 time: 0.64
Performing CTM
  | CTM step 1 conv: 1.000e+00 time: 0.84
  | CTM step 2 conv: 1.427e-09 time: 1.05
  | CTM step 3 conv: 1.389e-10 time: 1.01
Energies: 2.9314971112147825 7.86804288374957e-14
Norm: 0.45447692292199804
========== 
Finished basis vector 55/62 

Starting simulation of basis vector 56/62
Performing CTM pre-steps without tracking
  | CTM step 1 conv: 1.000e+00 time: 0.57
  | CTM step 2 conv: 1.000e+00 time: 0.63
  | CTM step 3 conv: 1.000e+00 time: 0.73
  | CTM step 4 conv: 1.556e-05 time: 0.65
  | CTM step 5 conv: 5.657e-06 time: 0.65
Performing CTM
  | CTM step 1 conv: 1.000e+00 time: 0.84
  | CTM step 2 conv: 1.427e-09 time: 1.04
  | CTM step 3 conv: 1.389e-10 time: 1.01
Energies: 0.9462211612923458 7.86804288374957e-14
Norm: 0.13566953192644773
========== 
Finished basis vector 56/62 

Starting simulation of basis vector 57/62
Performing CTM pre-steps without tracking
  | CTM step 1 conv: 1.000e+00 time: 0.57
  | CTM step 2 conv: 1.000e+00 time: 0.64
  | CTM step 3 conv: 1.000e+00 time: 0.65
  | CTM step 4 conv: 1.556e-05 time: 0.75
  | CTM step 5 conv: 5.657e-06 time: 0.65
Performing CTM
  | CTM step 1 conv: 1.000e+00 time: 0.84
  | CTM step 2 conv: 1.427e-09 time: 1.01
  | CTM step 3 conv: 1.389e-10 time: 1.01
Energies: 3.2724109101280354 7.86804288374957e-14
Norm: 0.5051249826312345
========== 
Finished basis vector 57/62 

Starting simulation of basis vector 58/62
Performing CTM pre-steps without tracking
  | CTM step 1 conv: 1.000e+00 time: 0.57
  | CTM step 2 conv: 1.000e+00 time: 0.63
  | CTM step 3 conv: 1.000e+00 time: 0.64
  | CTM step 4 conv: 1.556e-05 time: 0.64
  | CTM step 5 conv: 5.657e-06 time: 0.64
Performing CTM
  | CTM step 1 conv: 1.000e+00 time: 0.84
  | CTM step 2 conv: 1.427e-09 time: 1.0
  | CTM step 3 conv: 1.389e-10 time: 1.05
Energies: 1.0530050563631905 7.86804288374957e-14
Norm: 0.15138160692550529
========== 
Finished basis vector 58/62 

Starting simulation of basis vector 59/62
Performing CTM pre-steps without tracking
  | CTM step 1 conv: 1.000e+00 time: 0.57
  | CTM step 2 conv: 1.000e+00 time: 0.63
  | CTM step 3 conv: 1.000e+00 time: 0.64
  | CTM step 4 conv: 1.556e-05 time: 0.64
  | CTM step 5 conv: 5.657e-06 time: 0.64
Performing CTM
  | CTM step 1 conv: 1.000e+00 time: 0.84
  | CTM step 2 conv: 1.427e-09 time: 1.0
  | CTM step 3 conv: 1.389e-10 time: 1.0
Energies: 1.3817578587086143 7.86804288374957e-14
Norm: 0.20144676555890154
========== 
Finished basis vector 59/62 

Starting simulation of basis vector 60/62
Performing CTM pre-steps without tracking
  | CTM step 1 conv: 1.000e+00 time: 0.57
  | CTM step 2 conv: 1.000e+00 time: 0.63
  | CTM step 3 conv: 1.000e+00 time: 0.64
  | CTM step 4 conv: 1.556e-05 time: 0.64
  | CTM step 5 conv: 5.657e-06 time: 0.64
Performing CTM
  | CTM step 1 conv: 1.000e+00 time: 0.84
  | CTM step 2 conv: 1.427e-09 time: 1.0
  | CTM step 3 conv: 1.389e-10 time: 1.0
Energies: 0.44346905121244407 7.86804288374957e-14
Norm: 0.060161931385854975
========== 
Finished basis vector 60/62 

Starting simulation of basis vector 61/62
Performing CTM pre-steps without tracking
  | CTM step 1 conv: 1.000e+00 time: 0.57
  | CTM step 2 conv: 1.000e+00 time: 0.63
  | CTM step 3 conv: 1.000e+00 time: 0.68
  | CTM step 4 conv: 1.556e-05 time: 0.65
  | CTM step 5 conv: 5.657e-06 time: 0.64
Performing CTM
  | CTM step 1 conv: 1.000e+00 time: 0.84
  | CTM step 2 conv: 1.427e-09 time: 1.01
  | CTM step 3 conv: 1.389e-10 time: 1.0
Energies: 1.5368978295845452 7.86804288374957e-14
Norm: 0.22299073425040983
========== 
Finished basis vector 61/62 

Starting simulation of basis vector 62/62
Performing CTM pre-steps without tracking
  | CTM step 1 conv: 1.000e+00 time: 0.57
  | CTM step 2 conv: 1.000e+00 time: 0.63
  | CTM step 3 conv: 1.000e+00 time: 0.64
  | CTM step 4 conv: 1.556e-05 time: 0.64
  | CTM step 5 conv: 5.657e-06 time: 0.64
Performing CTM
  | CTM step 1 conv: 1.000e+00 time: 0.84
  | CTM step 2 conv: 1.427e-09 time: 1.04
  | CTM step 3 conv: 1.389e-10 time: 1.0
Energies: 0.4919034351098963 7.86804288374957e-14
Norm: 0.06685542075994175
========== 
Finished basis vector 62/62 

[[ 0.08570933+3.90345373e-05j  0.05064633+2.42138519e-02j
  -0.06206847-4.58996327e-02j ...  0.15374724-1.55037695e-01j
  -0.30256566+3.09175046e-01j  0.16042048-1.62108998e-01j]
 [ 0.05064122-2.41567937e-02j  0.04249351+2.72706469e-05j
  -0.05051934-1.23792396e-02j ...  0.04948695-1.39085696e-01j
  -0.09470126+2.82758426e-01j  0.05192535-1.47808833e-01j]
 [-0.06203887+4.58412875e-02j -0.05050913+1.23343830e-02j
   0.07593078+9.55472268e-06j ... -0.02825546+1.98299063e-01j
   0.04519602-3.99466068e-01j -0.02783902+2.09957921e-01j]
 ...
 [ 0.15313803+1.56201712e-01j  0.04960941+1.39511180e-01j
  -0.02716068-1.99413287e-01j ...  0.88659579-2.01168867e-04j
  -1.2999183 +5.27742767e-03j  0.83006042-2.35043944e-03j]
 [-0.30605585-3.10246737e-01j -0.09564492-2.83030055e-01j
   0.04807158+4.00489466e-01j ... -1.29963112-6.08710607e-03j
   3.0714274 +7.78248726e-04j -1.55461503-2.72175388e-03j]
 [ 0.16081496+1.63005718e-01j  0.05200895+1.48107578e-01j
  -0.02779463-2.10610161e-01j ...  0.82992437+2.24642754e-03j
  -1.55544656+1.78050777e-03j  0.98353532+1.18619725e-04j]]
[[ 0.01384533+1.84854873e-09j  0.00837695+4.13496973e-03j
  -0.0099673 -7.49542899e-03j ...  0.02522398-2.57999406e-02j
  -0.05017348+5.15470932e-02j  0.02642299-2.70616670e-02j]
 [ 0.00837693-4.13496486e-03j  0.0068258 +4.79694495e-09j
  -0.00827757-1.84284207e-03j ...  0.00778333-2.34283896e-02j
  -0.0151863 +4.73862252e-02j  0.00816164-2.48415785e-02j]
 [-0.00996732+7.49542895e-03j -0.00827759+1.84284310e-03j
   0.01188816-5.50231438e-11j ... -0.00427911+3.24911339e-02j
   0.00763781-6.53426613e-02j -0.00433008+3.43362849e-02j]
 ...
 [ 0.02522397+2.57999419e-02j  0.00778332+2.34283923e-02j
  -0.00427911-3.24911338e-02j ...  0.12032386+2.78316695e-09j
  -0.2039397 +5.16689203e-04j  0.11890214-2.03043581e-04j]
 [-0.05017348-5.15470923e-02j -0.01518629-4.73862286e-02j
   0.00763781+6.53426552e-02j ... -0.20393971-5.16679690e-04j
   0.44598147+1.36500452e-09j -0.2298452 -2.53463299e-04j]
 [ 0.02642299+2.70616666e-02j  0.00816163+2.48415801e-02j
  -0.00433009-3.43362820e-02j ...  0.11890216+2.03042306e-04j
  -0.22984518+2.53470286e-04j  0.13371084-4.06316032e-09j]]
Done
Saved to /share/home/tanyi/ad-peps/simulations/exci/ising_D2_X30/6_1.0_0.55556.npz
