No GPU/TPU found, falling back to CPU. (Set TF_CPP_MIN_LOG_LEVEL=0 and rerun for more info.)
Namespace(version=False, sim_mode='exci', config_file='ising_D2_exci.yaml', momentum_ix=3, evaluate=False, init=False)
Running excited-state sim
ising_D2_exci.yaml
/share/home/tanyi/ad-peps/examples/ising_D2_exci.yaml
/share/home/tanyi/ad-peps/examples/ising_D2_exci.yaml
D: 2
chi: 30
ctm_conv_tol: 1.0e-06
ctm_max_iter: 20
ctm_min_iter: 4
disp_level: 1
flush_output: true
model: ising
model_params:
  h: 2
momentum_path: Bril1
out_prefix: h2
pattern:
- - 0
  - 1
- - 1
  - 0
resume: true

Starting simulation of basis vector 1/62
Performing CTM pre-steps without tracking
  | CTM step 1 conv: 1.000e+00 time: 2.94
  | CTM step 2 conv: 1.000e+00 time: 6.14
  | CTM step 3 conv: 1.000e+00 time: 9.21
  | CTM step 4 conv: 3.200e-05 time: 6.83
  | CTM step 5 conv: 1.130e-05 time: 0.67
Performing CTM
  | CTM step 1 conv: 1.000e+00 time: 1.96
  | CTM step 2 conv: 1.490e-08 time: 1.25
  | CTM step 3 conv: 1.977e-09 time: 1.11
Energies: 0.016537849006942884 1.7485836640281644e-13
Norm: 0.0036590490090792306
========== 
Finished basis vector 1/62 

Starting simulation of basis vector 2/62
Performing CTM pre-steps without tracking
  | CTM step 1 conv: 1.000e+00 time: 0.59
  | CTM step 2 conv: 1.000e+00 time: 0.65
  | CTM step 3 conv: 1.000e+00 time: 0.68
  | CTM step 4 conv: 3.200e-05 time: 0.69
  | CTM step 5 conv: 1.130e-05 time: 0.67
Performing CTM
  | CTM step 1 conv: 1.000e+00 time: 0.88
  | CTM step 2 conv: 1.490e-08 time: 1.04
  | CTM step 3 conv: 1.977e-09 time: 1.1
Energies: 0.01085342456126684 1.7485836640281644e-13
Norm: 0.0024173572924977836
========== 
Finished basis vector 2/62 

Starting simulation of basis vector 3/62
Performing CTM pre-steps without tracking
  | CTM step 1 conv: 1.000e+00 time: 0.58
  | CTM step 2 conv: 1.000e+00 time: 0.66
  | CTM step 3 conv: 1.000e+00 time: 0.68
  | CTM step 4 conv: 3.200e-05 time: 0.67
  | CTM step 5 conv: 1.130e-05 time: 0.66
Performing CTM
  | CTM step 1 conv: 1.000e+00 time: 0.87
  | CTM step 2 conv: 1.490e-08 time: 1.09
  | CTM step 3 conv: 1.977e-09 time: 1.04
Energies: 0.06083340358990061 1.7485836640281644e-13
Norm: 0.01428471787462465
========== 
Finished basis vector 3/62 

Starting simulation of basis vector 4/62
Performing CTM pre-steps without tracking
  | CTM step 1 conv: 1.000e+00 time: 0.58
  | CTM step 2 conv: 1.000e+00 time: 0.65
  | CTM step 3 conv: 1.000e+00 time: 0.66
  | CTM step 4 conv: 3.200e-05 time: 0.67
  | CTM step 5 conv: 1.130e-05 time: 0.67
Performing CTM
  | CTM step 1 conv: 1.000e+00 time: 0.87
  | CTM step 2 conv: 1.490e-08 time: 1.04
  | CTM step 3 conv: 1.977e-09 time: 1.03
Energies: 0.06232812165533263 1.7485836640281644e-13
Norm: 0.014992131703706653
========== 
Finished basis vector 4/62 

Starting simulation of basis vector 5/62
Performing CTM pre-steps without tracking
  | CTM step 1 conv: 1.000e+00 time: 0.59
  | CTM step 2 conv: 1.000e+00 time: 0.65
  | CTM step 3 conv: 1.000e+00 time: 0.67
  | CTM step 4 conv: 3.200e-05 time: 0.68
  | CTM step 5 conv: 1.130e-05 time: 0.69
Performing CTM
  | CTM step 1 conv: 1.000e+00 time: 0.87
  | CTM step 2 conv: 1.490e-08 time: 1.06
  | CTM step 3 conv: 1.977e-09 time: 1.04
Energies: 0.014625703346578468 1.7485836640281644e-13
Norm: 0.0032455132413447304
========== 
Finished basis vector 5/62 

Starting simulation of basis vector 6/62
Performing CTM pre-steps without tracking
  | CTM step 1 conv: 1.000e+00 time: 0.58
  | CTM step 2 conv: 1.000e+00 time: 0.64
  | CTM step 3 conv: 1.000e+00 time: 0.67
  | CTM step 4 conv: 3.200e-05 time: 0.66
  | CTM step 5 conv: 1.130e-05 time: 0.66
Performing CTM
  | CTM step 1 conv: 1.000e+00 time: 0.87
  | CTM step 2 conv: 1.490e-08 time: 1.04
  | CTM step 3 conv: 1.977e-09 time: 1.09
Energies: 0.05919225420469667 1.7485836640281644e-13
Norm: 0.013928303063870516
========== 
Finished basis vector 6/62 

Starting simulation of basis vector 7/62
Performing CTM pre-steps without tracking
  | CTM step 1 conv: 1.000e+00 time: 0.58
  | CTM step 2 conv: 1.000e+00 time: 0.65
  | CTM step 3 conv: 1.000e+00 time: 0.67
  | CTM step 4 conv: 3.200e-05 time: 0.69
  | CTM step 5 conv: 1.130e-05 time: 0.67
Performing CTM
  | CTM step 1 conv: 1.000e+00 time: 0.88
  | CTM step 2 conv: 1.490e-08 time: 1.1
  | CTM step 3 conv: 1.977e-09 time: 1.15
Energies: 0.016991379451681436 1.7485836640281644e-13
Norm: 0.003867946536442895
========== 
Finished basis vector 7/62 

Starting simulation of basis vector 8/62
Performing CTM pre-steps without tracking
  | CTM step 1 conv: 1.000e+00 time: 0.59
  | CTM step 2 conv: 1.000e+00 time: 0.65
  | CTM step 3 conv: 1.000e+00 time: 0.67
  | CTM step 4 conv: 3.200e-05 time: 0.78
  | CTM step 5 conv: 1.130e-05 time: 0.67
Performing CTM
  | CTM step 1 conv: 1.000e+00 time: 0.87
  | CTM step 2 conv: 1.490e-08 time: 1.04
  | CTM step 3 conv: 1.977e-09 time: 1.04
Energies: 0.020552384459331174 1.7485836640281644e-13
Norm: 0.004654330112820269
========== 
Finished basis vector 8/62 

Starting simulation of basis vector 9/62
Performing CTM pre-steps without tracking
  | CTM step 1 conv: 1.000e+00 time: 0.58
  | CTM step 2 conv: 1.000e+00 time: 0.65
  | CTM step 3 conv: 1.000e+00 time: 0.67
  | CTM step 4 conv: 3.200e-05 time: 0.67
  | CTM step 5 conv: 1.130e-05 time: 0.68
Performing CTM
  | CTM step 1 conv: 1.000e+00 time: 0.88
  | CTM step 2 conv: 1.490e-08 time: 1.05
  | CTM step 3 conv: 1.977e-09 time: 1.04
Energies: 0.05448438865634118 1.7485836640281644e-13
Norm: 0.012857834546917754
========== 
Finished basis vector 9/62 

Starting simulation of basis vector 10/62
Performing CTM pre-steps without tracking
  | CTM step 1 conv: 1.000e+00 time: 0.58
  | CTM step 2 conv: 1.000e+00 time: 0.65
  | CTM step 3 conv: 1.000e+00 time: 0.66
  | CTM step 4 conv: 3.200e-05 time: 0.67
  | CTM step 5 conv: 1.130e-05 time: 0.66
Performing CTM
  | CTM step 1 conv: 1.000e+00 time: 0.87
  | CTM step 2 conv: 1.490e-08 time: 1.06
  | CTM step 3 conv: 1.977e-09 time: 1.12
Energies: 0.16810765124664284 1.7485836640281644e-13
Norm: 0.04056179047696336
========== 
Finished basis vector 10/62 

Starting simulation of basis vector 11/62
Performing CTM pre-steps without tracking
  | CTM step 1 conv: 1.000e+00 time: 0.59
  | CTM step 2 conv: 1.000e+00 time: 0.66
  | CTM step 3 conv: 1.000e+00 time: 0.67
  | CTM step 4 conv: 3.200e-05 time: 0.67
  | CTM step 5 conv: 1.130e-05 time: 0.67
Performing CTM
  | CTM step 1 conv: 1.000e+00 time: 0.87
  | CTM step 2 conv: 1.490e-08 time: 1.09
  | CTM step 3 conv: 1.977e-09 time: 1.04
Energies: 0.15764029471826954 1.7485836640281644e-13
Norm: 0.038393570873389814
========== 
Finished basis vector 11/62 

Starting simulation of basis vector 12/62
Performing CTM pre-steps without tracking
  | CTM step 1 conv: 1.000e+00 time: 0.59
  | CTM step 2 conv: 1.000e+00 time: 0.65
  | CTM step 3 conv: 1.000e+00 time: 0.67
  | CTM step 4 conv: 3.200e-05 time: 0.67
  | CTM step 5 conv: 1.130e-05 time: 0.67
Performing CTM
  | CTM step 1 conv: 1.000e+00 time: 0.87
  | CTM step 2 conv: 1.490e-08 time: 1.04
  | CTM step 3 conv: 1.977e-09 time: 1.03
Energies: 0.024238748739460428 1.7485836640281644e-13
Norm: 0.005593924631029108
========== 
Finished basis vector 12/62 

Starting simulation of basis vector 13/62
Performing CTM pre-steps without tracking
  | CTM step 1 conv: 1.000e+00 time: 0.58
  | CTM step 2 conv: 1.000e+00 time: 0.65
  | CTM step 3 conv: 1.000e+00 time: 0.69
  | CTM step 4 conv: 3.200e-05 time: 0.68
  | CTM step 5 conv: 1.130e-05 time: 0.67
Performing CTM
  | CTM step 1 conv: 1.000e+00 time: 0.87
  | CTM step 2 conv: 1.490e-08 time: 1.04
  | CTM step 3 conv: 1.977e-09 time: 1.04
Energies: 0.00924603634793396 1.7485836640281644e-13
Norm: 0.0020758682519144
========== 
Finished basis vector 13/62 

Starting simulation of basis vector 14/62
Performing CTM pre-steps without tracking
  | CTM step 1 conv: 1.000e+00 time: 0.59
  | CTM step 2 conv: 1.000e+00 time: 0.65
  | CTM step 3 conv: 1.000e+00 time: 0.67
  | CTM step 4 conv: 3.200e-05 time: 0.7
  | CTM step 5 conv: 1.130e-05 time: 0.67
Performing CTM
  | CTM step 1 conv: 1.000e+00 time: 0.87
  | CTM step 2 conv: 1.490e-08 time: 1.04
  | CTM step 3 conv: 1.977e-09 time: 1.09
Energies: 0.021871319630104143 1.7485836640281644e-13
Norm: 0.005036169642679874
========== 
Finished basis vector 14/62 

Starting simulation of basis vector 15/62
Performing CTM pre-steps without tracking
  | CTM step 1 conv: 1.000e+00 time: 0.58
  | CTM step 2 conv: 1.000e+00 time: 0.65
  | CTM step 3 conv: 1.000e+00 time: 0.66
  | CTM step 4 conv: 3.200e-05 time: 0.67
  | CTM step 5 conv: 1.130e-05 time: 0.69
Performing CTM
  | CTM step 1 conv: 1.000e+00 time: 1.05
  | CTM step 2 conv: 1.490e-08 time: 1.05
  | CTM step 3 conv: 1.977e-09 time: 1.04
Energies: 0.016064266202414447 1.7485836640281644e-13
Norm: 0.0035944780215933863
========== 
Finished basis vector 15/62 

Starting simulation of basis vector 16/62
Performing CTM pre-steps without tracking
  | CTM step 1 conv: 1.000e+00 time: 0.58
  | CTM step 2 conv: 1.000e+00 time: 0.65
  | CTM step 3 conv: 1.000e+00 time: 0.67
  | CTM step 4 conv: 3.200e-05 time: 0.67
  | CTM step 5 conv: 1.130e-05 time: 0.67
Performing CTM
  | CTM step 1 conv: 1.000e+00 time: 0.88
  | CTM step 2 conv: 1.490e-08 time: 1.06
  | CTM step 3 conv: 1.977e-09 time: 1.04
Energies: 1.3561461491314803 1.7485836640281644e-13
Norm: 0.31531430474799066
========== 
Finished basis vector 16/62 

Starting simulation of basis vector 17/62
Performing CTM pre-steps without tracking
  | CTM step 1 conv: 1.000e+00 time: 0.58
  | CTM step 2 conv: 1.000e+00 time: 0.65
  | CTM step 3 conv: 1.000e+00 time: 0.67
  | CTM step 4 conv: 3.200e-05 time: 0.66
  | CTM step 5 conv: 1.130e-05 time: 0.72
Performing CTM
  | CTM step 1 conv: 1.000e+00 time: 0.89
  | CTM step 2 conv: 1.490e-08 time: 1.04
  | CTM step 3 conv: 1.977e-09 time: 1.05
Energies: 0.3659145092683746 1.7485836640281644e-13
Norm: 0.07952493721418892
========== 
Finished basis vector 17/62 

Starting simulation of basis vector 18/62
Performing CTM pre-steps without tracking
  | CTM step 1 conv: 1.000e+00 time: 0.58
  | CTM step 2 conv: 1.000e+00 time: 0.65
  | CTM step 3 conv: 1.000e+00 time: 0.67
  | CTM step 4 conv: 3.200e-05 time: 0.67
  | CTM step 5 conv: 1.130e-05 time: 0.66
Performing CTM
  | CTM step 1 conv: 1.000e+00 time: 0.86
  | CTM step 2 conv: 1.490e-08 time: 1.03
  | CTM step 3 conv: 1.977e-09 time: 1.08
Energies: 2.108303081377975 1.7485836640281644e-13
Norm: 0.4956574187766831
========== 
Finished basis vector 18/62 

Starting simulation of basis vector 19/62
Performing CTM pre-steps without tracking
  | CTM step 1 conv: 1.000e+00 time: 0.58
  | CTM step 2 conv: 1.000e+00 time: 0.64
  | CTM step 3 conv: 1.000e+00 time: 0.65
  | CTM step 4 conv: 3.200e-05 time: 0.66
  | CTM step 5 conv: 1.130e-05 time: 0.67
Performing CTM
  | CTM step 1 conv: 1.000e+00 time: 0.86
  | CTM step 2 conv: 1.490e-08 time: 1.13
  | CTM step 3 conv: 1.977e-09 time: 1.04
Energies: 0.5666101222459963 1.7485836640281644e-13
Norm: 0.12437927440183053
========== 
Finished basis vector 19/62 

Starting simulation of basis vector 20/62
Performing CTM pre-steps without tracking
  | CTM step 1 conv: 1.000e+00 time: 0.58
  | CTM step 2 conv: 1.000e+00 time: 0.65
  | CTM step 3 conv: 1.000e+00 time: 0.67
  | CTM step 4 conv: 3.200e-05 time: 0.66
  | CTM step 5 conv: 1.130e-05 time: 0.66
Performing CTM
  | CTM step 1 conv: 1.000e+00 time: 0.96
  | CTM step 2 conv: 1.490e-08 time: 1.03
  | CTM step 3 conv: 1.977e-09 time: 1.02
Energies: 0.1979466410865399 1.7485836640281644e-13
Norm: 0.03903228277805483
========== 
Finished basis vector 20/62 

Starting simulation of basis vector 21/62
Performing CTM pre-steps without tracking
  | CTM step 1 conv: 1.000e+00 time: 0.58
  | CTM step 2 conv: 1.000e+00 time: 0.64
  | CTM step 3 conv: 1.000e+00 time: 0.66
  | CTM step 4 conv: 3.200e-05 time: 0.66
  | CTM step 5 conv: 1.130e-05 time: 0.66
Performing CTM
  | CTM step 1 conv: 1.000e+00 time: 0.86
  | CTM step 2 conv: 1.490e-08 time: 1.03
  | CTM step 3 conv: 1.977e-09 time: 1.07
Energies: 0.05275226881113143 1.7485836640281644e-13
Norm: 0.00982213211436376
========== 
Finished basis vector 21/62 

Starting simulation of basis vector 22/62
Performing CTM pre-steps without tracking
  | CTM step 1 conv: 1.000e+00 time: 0.57
  | CTM step 2 conv: 1.000e+00 time: 0.64
  | CTM step 3 conv: 1.000e+00 time: 0.68
  | CTM step 4 conv: 3.200e-05 time: 0.68
  | CTM step 5 conv: 1.130e-05 time: 0.66
Performing CTM
  | CTM step 1 conv: 1.000e+00 time: 0.88
  | CTM step 2 conv: 1.490e-08 time: 1.04
  | CTM step 3 conv: 1.977e-09 time: 1.03
Energies: 0.3058404198887091 1.7485836640281644e-13
Norm: 0.06069663148233158
========== 
Finished basis vector 22/62 

Starting simulation of basis vector 23/62
Performing CTM pre-steps without tracking
  | CTM step 1 conv: 1.000e+00 time: 0.58
  | CTM step 2 conv: 1.000e+00 time: 0.65
  | CTM step 3 conv: 1.000e+00 time: 0.67
  | CTM step 4 conv: 3.200e-05 time: 0.66
  | CTM step 5 conv: 1.130e-05 time: 0.66
Performing CTM
  | CTM step 1 conv: 1.000e+00 time: 0.86
  | CTM step 2 conv: 1.490e-08 time: 1.03
  | CTM step 3 conv: 1.977e-09 time: 1.02
Energies: 0.08102566497730984 1.7485836640281644e-13
Norm: 0.015189958088447435
========== 
Finished basis vector 23/62 

Starting simulation of basis vector 24/62
Performing CTM pre-steps without tracking
  | CTM step 1 conv: 1.000e+00 time: 0.58
  | CTM step 2 conv: 1.000e+00 time: 0.64
  | CTM step 3 conv: 1.000e+00 time: 0.65
  | CTM step 4 conv: 3.200e-05 time: 0.65
  | CTM step 5 conv: 1.130e-05 time: 0.65
Performing CTM
  | CTM step 1 conv: 1.000e+00 time: 0.86
  | CTM step 2 conv: 1.490e-08 time: 1.02
  | CTM step 3 conv: 1.977e-09 time: 1.03
Energies: 1.1411909717181024 1.7485836640281644e-13
Norm: 0.26663038201341743
========== 
Finished basis vector 24/62 

Starting simulation of basis vector 25/62
Performing CTM pre-steps without tracking
  | CTM step 1 conv: 1.000e+00 time: 0.58
  | CTM step 2 conv: 1.000e+00 time: 0.64
  | CTM step 3 conv: 1.000e+00 time: 0.66
  | CTM step 4 conv: 3.200e-05 time: 0.66
  | CTM step 5 conv: 1.130e-05 time: 0.76
Performing CTM
  | CTM step 1 conv: 1.000e+00 time: 0.87
  | CTM step 2 conv: 1.490e-08 time: 1.03
  | CTM step 3 conv: 1.977e-09 time: 1.04
Energies: 0.3103414872817961 1.7485836640281644e-13
Norm: 0.06736212974830467
========== 
Finished basis vector 25/62 

Starting simulation of basis vector 26/62
Performing CTM pre-steps without tracking
  | CTM step 1 conv: 1.000e+00 time: 0.58
  | CTM step 2 conv: 1.000e+00 time: 0.75
  | CTM step 3 conv: 1.000e+00 time: 0.67
  | CTM step 4 conv: 3.200e-05 time: 0.67
  | CTM step 5 conv: 1.130e-05 time: 0.66
Performing CTM
  | CTM step 1 conv: 1.000e+00 time: 0.86
  | CTM step 2 conv: 1.490e-08 time: 1.03
  | CTM step 3 conv: 1.977e-09 time: 1.08
Energies: 1.780041837504681 1.7485836640281644e-13
Norm: 0.4196914810686882
========== 
Finished basis vector 26/62 

Starting simulation of basis vector 27/62
Performing CTM pre-steps without tracking
  | CTM step 1 conv: 1.000e+00 time: 0.59
  | CTM step 2 conv: 1.000e+00 time: 0.83
  | CTM step 3 conv: 1.000e+00 time: 0.67
  | CTM step 4 conv: 3.200e-05 time: 0.67
  | CTM step 5 conv: 1.130e-05 time: 0.69
Performing CTM
  | CTM step 1 conv: 1.000e+00 time: 0.88
  | CTM step 2 conv: 1.490e-08 time: 1.06
  | CTM step 3 conv: 1.977e-09 time: 1.05
Energies: 0.48169315604114477 1.7485836640281644e-13
Norm: 0.10546438971960144
========== 
Finished basis vector 27/62 

Starting simulation of basis vector 28/62
Performing CTM pre-steps without tracking
  | CTM step 1 conv: 1.000e+00 time: 0.58
  | CTM step 2 conv: 1.000e+00 time: 0.65
  | CTM step 3 conv: 1.000e+00 time: 0.67
  | CTM step 4 conv: 3.200e-05 time: 0.67
  | CTM step 5 conv: 1.130e-05 time: 0.66
Performing CTM
  | CTM step 1 conv: 1.000e+00 time: 0.87
  | CTM step 2 conv: 1.490e-08 time: 1.04
  | CTM step 3 conv: 1.977e-09 time: 1.03
Energies: 0.16523680471546917 1.7485836640281644e-13
Norm: 0.0327963164356426
========== 
Finished basis vector 28/62 

Starting simulation of basis vector 29/62
Performing CTM pre-steps without tracking
  | CTM step 1 conv: 1.000e+00 time: 0.58
  | CTM step 2 conv: 1.000e+00 time: 0.64
  | CTM step 3 conv: 1.000e+00 time: 0.66
  | CTM step 4 conv: 3.200e-05 time: 0.67
  | CTM step 5 conv: 1.130e-05 time: 0.68
Performing CTM
  | CTM step 1 conv: 1.000e+00 time: 0.87
  | CTM step 2 conv: 1.490e-08 time: 1.05
  | CTM step 3 conv: 1.977e-09 time: 1.05
Energies: 0.0443104666040178 1.7485836640281644e-13
Norm: 0.008264519625533385
========== 
Finished basis vector 29/62 

Starting simulation of basis vector 30/62
Performing CTM pre-steps without tracking
  | CTM step 1 conv: 1.000e+00 time: 0.58
  | CTM step 2 conv: 1.000e+00 time: 0.75
  | CTM step 3 conv: 1.000e+00 time: 0.67
  | CTM step 4 conv: 3.200e-05 time: 0.67
  | CTM step 5 conv: 1.130e-05 time: 0.66
Performing CTM
  | CTM step 1 conv: 1.000e+00 time: 0.87
  | CTM step 2 conv: 1.490e-08 time: 1.03
  | CTM step 3 conv: 1.977e-09 time: 1.11
Energies: 0.2557422355966533 1.7485836640281644e-13
Norm: 0.0510352192540366
========== 
Finished basis vector 30/62 

Starting simulation of basis vector 31/62
Performing CTM pre-steps without tracking
  | CTM step 1 conv: 1.000e+00 time: 0.58
  | CTM step 2 conv: 1.000e+00 time: 0.65
  | CTM step 3 conv: 1.000e+00 time: 0.66
  | CTM step 4 conv: 3.200e-05 time: 0.66
  | CTM step 5 conv: 1.130e-05 time: 0.67
Performing CTM
  | CTM step 1 conv: 1.000e+00 time: 0.87
  | CTM step 2 conv: 1.490e-08 time: 1.08
  | CTM step 3 conv: 1.977e-09 time: 1.03
Energies: 0.0682503106089452 1.7485836640281644e-13
Norm: 0.012801009069375407
========== 
Finished basis vector 31/62 

Starting simulation of basis vector 32/62
Performing CTM pre-steps without tracking
  | CTM step 1 conv: 1.000e+00 time: 0.59
  | CTM step 2 conv: 1.000e+00 time: 0.66
  | CTM step 3 conv: 1.000e+00 time: 0.68
  | CTM step 4 conv: 3.200e-05 time: 0.71
  | CTM step 5 conv: 1.130e-05 time: 0.67
Performing CTM
  | CTM step 1 conv: 1.000e+00 time: 0.89
  | CTM step 2 conv: 1.490e-08 time: 1.04
  | CTM step 3 conv: 1.977e-09 time: 1.05
Energies: 0.16873215742369427 1.7485836640281644e-13
Norm: 0.0396712745285589
========== 
Finished basis vector 32/62 

Starting simulation of basis vector 33/62
Performing CTM pre-steps without tracking
  | CTM step 1 conv: 1.000e+00 time: 0.59
  | CTM step 2 conv: 1.000e+00 time: 0.65
  | CTM step 3 conv: 1.000e+00 time: 0.67
  | CTM step 4 conv: 3.200e-05 time: 0.67
  | CTM step 5 conv: 1.130e-05 time: 0.67
Performing CTM
  | CTM step 1 conv: 1.000e+00 time: 0.89
  | CTM step 2 conv: 1.490e-08 time: 1.05
  | CTM step 3 conv: 1.977e-09 time: 1.08
Energies: 0.059600875559971775 1.7485836640281644e-13
Norm: 0.012179717320953024
========== 
Finished basis vector 33/62 

Starting simulation of basis vector 34/62
Performing CTM pre-steps without tracking
  | CTM step 1 conv: 1.000e+00 time: 0.59
  | CTM step 2 conv: 1.000e+00 time: 0.65
  | CTM step 3 conv: 1.000e+00 time: 0.67
  | CTM step 4 conv: 3.200e-05 time: 0.67
  | CTM step 5 conv: 1.130e-05 time: 0.67
Performing CTM
  | CTM step 1 conv: 1.000e+00 time: 0.94
  | CTM step 2 conv: 1.490e-08 time: 1.03
  | CTM step 3 conv: 1.977e-09 time: 1.03
Energies: 0.10479988523343217 1.7485836640281644e-13
Norm: 0.021998129863039197
========== 
Finished basis vector 34/62 

Starting simulation of basis vector 35/62
Performing CTM pre-steps without tracking
  | CTM step 1 conv: 1.000e+00 time: 0.58
  | CTM step 2 conv: 1.000e+00 time: 0.65
  | CTM step 3 conv: 1.000e+00 time: 0.66
  | CTM step 4 conv: 3.200e-05 time: 0.67
  | CTM step 5 conv: 1.130e-05 time: 0.66
Performing CTM
  | CTM step 1 conv: 1.000e+00 time: 0.89
  | CTM step 2 conv: 1.490e-08 time: 1.06
  | CTM step 3 conv: 1.977e-09 time: 1.11
Energies: 0.037976279431676904 1.7485836640281644e-13
Norm: 0.007057133321855666
========== 
Finished basis vector 35/62 

Starting simulation of basis vector 36/62
Performing CTM pre-steps without tracking
  | CTM step 1 conv: 1.000e+00 time: 0.59
  | CTM step 2 conv: 1.000e+00 time: 0.66
  | CTM step 3 conv: 1.000e+00 time: 0.67
  | CTM step 4 conv: 3.200e-05 time: 0.67
  | CTM step 5 conv: 1.130e-05 time: 0.68
Performing CTM
  | CTM step 1 conv: 1.000e+00 time: 0.96
  | CTM step 2 conv: 1.490e-08 time: 1.14
  | CTM step 3 conv: 1.977e-09 time: 1.03
Energies: 0.05839561310433114 1.7485836640281644e-13
Norm: 0.011831871436125142
========== 
Finished basis vector 36/62 

Starting simulation of basis vector 37/62
Performing CTM pre-steps without tracking
  | CTM step 1 conv: 1.000e+00 time: 0.58
  | CTM step 2 conv: 1.000e+00 time: 0.65
  | CTM step 3 conv: 1.000e+00 time: 0.66
  | CTM step 4 conv: 3.200e-05 time: 0.66
  | CTM step 5 conv: 1.130e-05 time: 0.66
Performing CTM
  | CTM step 1 conv: 1.000e+00 time: 0.86
  | CTM step 2 conv: 1.490e-08 time: 1.03
  | CTM step 3 conv: 1.977e-09 time: 1.02
Energies: 0.053144580349444234 1.7485836640281644e-13
Norm: 0.008861592042228628
========== 
Finished basis vector 37/62 

Starting simulation of basis vector 38/62
Performing CTM pre-steps without tracking
  | CTM step 1 conv: 1.000e+00 time: 0.58
  | CTM step 2 conv: 1.000e+00 time: 0.64
  | CTM step 3 conv: 1.000e+00 time: 0.65
  | CTM step 4 conv: 3.200e-05 time: 0.66
  | CTM step 5 conv: 1.130e-05 time: 0.67
Performing CTM
  | CTM step 1 conv: 1.000e+00 time: 0.87
  | CTM step 2 conv: 1.490e-08 time: 1.03
  | CTM step 3 conv: 1.977e-09 time: 1.02
Energies: 0.03631730427928416 1.7485836640281644e-13
Norm: 0.007312765787332316
========== 
Finished basis vector 38/62 

Starting simulation of basis vector 39/62
Performing CTM pre-steps without tracking
  | CTM step 1 conv: 1.000e+00 time: 0.59
  | CTM step 2 conv: 1.000e+00 time: 0.66
  | CTM step 3 conv: 1.000e+00 time: 0.67
  | CTM step 4 conv: 3.200e-05 time: 0.67
  | CTM step 5 conv: 1.130e-05 time: 0.67
Performing CTM
  | CTM step 1 conv: 1.000e+00 time: 0.87
  | CTM step 2 conv: 1.490e-08 time: 1.04
  | CTM step 3 conv: 1.977e-09 time: 1.1
Energies: 0.05671390424389018 1.7485836640281644e-13
Norm: 0.011813058403952895
========== 
Finished basis vector 39/62 

Starting simulation of basis vector 40/62
Performing CTM pre-steps without tracking
  | CTM step 1 conv: 1.000e+00 time: 0.58
  | CTM step 2 conv: 1.000e+00 time: 0.65
  | CTM step 3 conv: 1.000e+00 time: 0.66
  | CTM step 4 conv: 3.200e-05 time: 0.68
  | CTM step 5 conv: 1.130e-05 time: 0.69
Performing CTM
  | CTM step 1 conv: 1.000e+00 time: 0.88
  | CTM step 2 conv: 1.490e-08 time: 1.04
  | CTM step 3 conv: 1.977e-09 time: 1.04
Energies: 0.05340575838232372 1.7485836640281644e-13
Norm: 0.010113588971508942
========== 
Finished basis vector 40/62 

Starting simulation of basis vector 41/62
Performing CTM pre-steps without tracking
  | CTM step 1 conv: 1.000e+00 time: 0.59
  | CTM step 2 conv: 1.000e+00 time: 0.66
  | CTM step 3 conv: 1.000e+00 time: 0.67
  | CTM step 4 conv: 3.200e-05 time: 0.67
  | CTM step 5 conv: 1.130e-05 time: 0.67
Performing CTM
  | CTM step 1 conv: 1.000e+00 time: 0.87
  | CTM step 2 conv: 1.490e-08 time: 1.04
  | CTM step 3 conv: 1.977e-09 time: 1.03
Energies: 0.5368311124547139 1.7485836640281644e-13
Norm: 0.1289306095971444
========== 
Finished basis vector 41/62 

Starting simulation of basis vector 42/62
Performing CTM pre-steps without tracking
  | CTM step 1 conv: 1.000e+00 time: 0.58
  | CTM step 2 conv: 1.000e+00 time: 0.64
  | CTM step 3 conv: 1.000e+00 time: 0.66
  | CTM step 4 conv: 3.200e-05 time: 0.73
  | CTM step 5 conv: 1.130e-05 time: 0.68
Performing CTM
  | CTM step 1 conv: 1.000e+00 time: 0.88
  | CTM step 2 conv: 1.490e-08 time: 1.05
  | CTM step 3 conv: 1.977e-09 time: 1.1
Energies: 0.048107743084045584 1.7485836640281644e-13
Norm: 0.010005441303165477
========== 
Finished basis vector 42/62 

Starting simulation of basis vector 43/62
Performing CTM pre-steps without tracking
  | CTM step 1 conv: 1.000e+00 time: 0.59
  | CTM step 2 conv: 1.000e+00 time: 0.65
  | CTM step 3 conv: 1.000e+00 time: 0.67
  | CTM step 4 conv: 3.200e-05 time: 0.67
  | CTM step 5 conv: 1.130e-05 time: 0.66
Performing CTM
  | CTM step 1 conv: 1.000e+00 time: 0.87
  | CTM step 2 conv: 1.490e-08 time: 1.04
  | CTM step 3 conv: 1.977e-09 time: 1.03
Energies: 0.15038902427839662 1.7485836640281644e-13
Norm: 0.034663982969096514
========== 
Finished basis vector 43/62 

Starting simulation of basis vector 44/62
Performing CTM pre-steps without tracking
  | CTM step 1 conv: 1.000e+00 time: 0.58
  | CTM step 2 conv: 1.000e+00 time: 0.65
  | CTM step 3 conv: 1.000e+00 time: 0.66
  | CTM step 4 conv: 3.200e-05 time: 0.67
  | CTM step 5 conv: 1.130e-05 time: 0.68
Performing CTM
  | CTM step 1 conv: 1.000e+00 time: 0.87
  | CTM step 2 conv: 1.490e-08 time: 1.04
  | CTM step 3 conv: 1.977e-09 time: 1.04
Energies: 0.04579177505584494 1.7485836640281644e-13
Norm: 0.009937056433495538
========== 
Finished basis vector 44/62 

Starting simulation of basis vector 45/62
Performing CTM pre-steps without tracking
  | CTM step 1 conv: 1.000e+00 time: 0.58
  | CTM step 2 conv: 1.000e+00 time: 0.65
  | CTM step 3 conv: 1.000e+00 time: 0.66
  | CTM step 4 conv: 3.200e-05 time: 0.66
  | CTM step 5 conv: 1.130e-05 time: 0.66
Performing CTM
  | CTM step 1 conv: 1.000e+00 time: 0.87
  | CTM step 2 conv: 1.490e-08 time: 1.04
  | CTM step 3 conv: 1.977e-09 time: 1.03
Energies: 0.5445449512657714 1.7485836640281644e-13
Norm: 0.13284366694007718
========== 
Finished basis vector 45/62 

Starting simulation of basis vector 46/62
Performing CTM pre-steps without tracking
  | CTM step 1 conv: 1.000e+00 time: 0.58
  | CTM step 2 conv: 1.000e+00 time: 0.8
  | CTM step 3 conv: 1.000e+00 time: 0.66
  | CTM step 4 conv: 3.200e-05 time: 0.67
  | CTM step 5 conv: 1.130e-05 time: 0.66
Performing CTM
  | CTM step 1 conv: 1.000e+00 time: 0.87
  | CTM step 2 conv: 1.490e-08 time: 1.04
  | CTM step 3 conv: 1.977e-09 time: 1.05
Energies: 0.12422195298074448 1.7485836640281644e-13
Norm: 0.027612865044808116
========== 
Finished basis vector 46/62 

Starting simulation of basis vector 47/62
Performing CTM pre-steps without tracking
  | CTM step 1 conv: 1.000e+00 time: 0.58
  | CTM step 2 conv: 1.000e+00 time: 0.65
  | CTM step 3 conv: 1.000e+00 time: 0.67
  | CTM step 4 conv: 3.200e-05 time: 0.67
  | CTM step 5 conv: 1.130e-05 time: 0.67
Performing CTM
  | CTM step 1 conv: 1.000e+00 time: 0.89
  | CTM step 2 conv: 1.490e-08 time: 1.04
  | CTM step 3 conv: 1.977e-09 time: 1.09
Energies: 0.9819030997990442 1.7485836640281644e-13
Norm: 0.19898953537592895
========== 
Finished basis vector 47/62 

Starting simulation of basis vector 48/62
Performing CTM pre-steps without tracking
  | CTM step 1 conv: 1.000e+00 time: 0.58
  | CTM step 2 conv: 1.000e+00 time: 0.65
  | CTM step 3 conv: 1.000e+00 time: 0.66
  | CTM step 4 conv: 3.200e-05 time: 0.67
  | CTM step 5 conv: 1.130e-05 time: 0.66
Performing CTM
  | CTM step 1 conv: 1.000e+00 time: 0.86
  | CTM step 2 conv: 1.490e-08 time: 1.03
  | CTM step 3 conv: 1.977e-09 time: 1.02
Energies: 0.36757410751876385 1.7485836640281644e-13
Norm: 0.06773660565702631
========== 
Finished basis vector 48/62 

Starting simulation of basis vector 49/62
Performing CTM pre-steps without tracking
  | CTM step 1 conv: 1.000e+00 time: 0.58
  | CTM step 2 conv: 1.000e+00 time: 0.64
  | CTM step 3 conv: 1.000e+00 time: 0.65
  | CTM step 4 conv: 3.200e-05 time: 0.66
  | CTM step 5 conv: 1.130e-05 time: 0.68
Performing CTM
  | CTM step 1 conv: 1.000e+00 time: 0.87
  | CTM step 2 conv: 1.490e-08 time: 1.04
  | CTM step 3 conv: 1.977e-09 time: 1.05
Energies: 1.3337229787185234 1.7485836640281644e-13
Norm: 0.27206286213857617
========== 
Finished basis vector 49/62 

Starting simulation of basis vector 50/62
Performing CTM pre-steps without tracking
  | CTM step 1 conv: 1.000e+00 time: 0.58
  | CTM step 2 conv: 1.000e+00 time: 0.75
  | CTM step 3 conv: 1.000e+00 time: 0.66
  | CTM step 4 conv: 3.200e-05 time: 0.66
  | CTM step 5 conv: 1.130e-05 time: 0.66
Performing CTM
  | CTM step 1 conv: 1.000e+00 time: 0.86
  | CTM step 2 conv: 1.490e-08 time: 1.02
  | CTM step 3 conv: 1.977e-09 time: 1.02
Energies: 0.49559376711645575 1.7485836640281644e-13
Norm: 0.09241844016626194
========== 
Finished basis vector 50/62 

Starting simulation of basis vector 51/62
Performing CTM pre-steps without tracking
  | CTM step 1 conv: 1.000e+00 time: 0.57
  | CTM step 2 conv: 1.000e+00 time: 0.63
  | CTM step 3 conv: 1.000e+00 time: 0.65
  | CTM step 4 conv: 3.200e-05 time: 0.66
  | CTM step 5 conv: 1.130e-05 time: 0.65
Performing CTM
  | CTM step 1 conv: 1.000e+00 time: 0.86
  | CTM step 2 conv: 1.490e-08 time: 1.13
  | CTM step 3 conv: 1.977e-09 time: 1.08
Energies: 0.4574788897320146 1.7485836640281644e-13
Norm: 0.08576458736555301
========== 
Finished basis vector 51/62 

Starting simulation of basis vector 52/62
Performing CTM pre-steps without tracking
  | CTM step 1 conv: 1.000e+00 time: 0.59
  | CTM step 2 conv: 1.000e+00 time: 0.66
  | CTM step 3 conv: 1.000e+00 time: 0.69
  | CTM step 4 conv: 3.200e-05 time: 0.68
  | CTM step 5 conv: 1.130e-05 time: 0.69
Performing CTM
  | CTM step 1 conv: 1.000e+00 time: 0.88
  | CTM step 2 conv: 1.490e-08 time: 1.15
  | CTM step 3 conv: 1.977e-09 time: 1.04
Energies: 0.17086506630432513 1.7485836640281644e-13
Norm: 0.029233394109122644
========== 
Finished basis vector 52/62 

Starting simulation of basis vector 53/62
Performing CTM pre-steps without tracking
  | CTM step 1 conv: 1.000e+00 time: 0.59
  | CTM step 2 conv: 1.000e+00 time: 0.66
  | CTM step 3 conv: 1.000e+00 time: 0.67
  | CTM step 4 conv: 3.200e-05 time: 0.67
  | CTM step 5 conv: 1.130e-05 time: 0.67
Performing CTM
  | CTM step 1 conv: 1.000e+00 time: 0.87
  | CTM step 2 conv: 1.490e-08 time: 1.04
  | CTM step 3 conv: 1.977e-09 time: 1.03
Energies: 0.6238684592921806 1.7485836640281644e-13
Norm: 0.11751772363315918
========== 
Finished basis vector 53/62 

Starting simulation of basis vector 54/62
Performing CTM pre-steps without tracking
  | CTM step 1 conv: 1.000e+00 time: 0.59
  | CTM step 2 conv: 1.000e+00 time: 0.65
  | CTM step 3 conv: 1.000e+00 time: 0.66
  | CTM step 4 conv: 3.200e-05 time: 0.67
  | CTM step 5 conv: 1.130e-05 time: 0.67
Performing CTM
  | CTM step 1 conv: 1.000e+00 time: 0.87
  | CTM step 2 conv: 1.490e-08 time: 1.04
  | CTM step 3 conv: 1.977e-09 time: 1.03
Energies: 0.23069650939076436 1.7485836640281644e-13
Norm: 0.03987809865617897
========== 
Finished basis vector 54/62 

Starting simulation of basis vector 55/62
Performing CTM pre-steps without tracking
  | CTM step 1 conv: 1.000e+00 time: 0.58
  | CTM step 2 conv: 1.000e+00 time: 0.65
  | CTM step 3 conv: 1.000e+00 time: 0.66
  | CTM step 4 conv: 3.200e-05 time: 0.67
  | CTM step 5 conv: 1.130e-05 time: 0.67
Performing CTM
  | CTM step 1 conv: 1.000e+00 time: 0.87
  | CTM step 2 conv: 1.490e-08 time: 1.04
  | CTM step 3 conv: 1.977e-09 time: 1.03
Energies: 1.6646658419304687 1.7485836640281644e-13
Norm: 0.3696991293482738
========== 
Finished basis vector 55/62 

Starting simulation of basis vector 56/62
Performing CTM pre-steps without tracking
  | CTM step 1 conv: 1.000e+00 time: 0.58
  | CTM step 2 conv: 1.000e+00 time: 0.65
  | CTM step 3 conv: 1.000e+00 time: 0.66
  | CTM step 4 conv: 3.200e-05 time: 0.67
  | CTM step 5 conv: 1.130e-05 time: 0.66
Performing CTM
  | CTM step 1 conv: 1.000e+00 time: 0.87
  | CTM step 2 conv: 1.490e-08 time: 1.04
  | CTM step 3 conv: 1.977e-09 time: 1.1
Energies: 0.6364509109630008 1.7485836640281644e-13
Norm: 0.1275870874343048
========== 
Finished basis vector 56/62 

Starting simulation of basis vector 57/62
Performing CTM pre-steps without tracking
  | CTM step 1 conv: 1.000e+00 time: 0.58
  | CTM step 2 conv: 1.000e+00 time: 0.65
  | CTM step 3 conv: 1.000e+00 time: 0.67
  | CTM step 4 conv: 3.200e-05 time: 0.67
  | CTM step 5 conv: 1.130e-05 time: 0.66
Performing CTM
  | CTM step 1 conv: 1.000e+00 time: 0.92
  | CTM step 2 conv: 1.490e-08 time: 1.04
  | CTM step 3 conv: 1.977e-09 time: 1.03
Energies: 2.2723841840975822 1.7485836640281644e-13
Norm: 0.506340658432605
========== 
Finished basis vector 57/62 

Starting simulation of basis vector 58/62
Performing CTM pre-steps without tracking
  | CTM step 1 conv: 1.000e+00 time: 0.58
  | CTM step 2 conv: 1.000e+00 time: 0.64
  | CTM step 3 conv: 1.000e+00 time: 0.66
  | CTM step 4 conv: 3.200e-05 time: 0.67
  | CTM step 5 conv: 1.130e-05 time: 0.66
Performing CTM
  | CTM step 1 conv: 1.000e+00 time: 0.87
  | CTM step 2 conv: 1.490e-08 time: 1.04
  | CTM step 3 conv: 1.977e-09 time: 1.03
Energies: 0.8596797124346054 1.7485836640281644e-13
Norm: 0.17417277556216526
========== 
Finished basis vector 58/62 

Starting simulation of basis vector 59/62
Performing CTM pre-steps without tracking
  | CTM step 1 conv: 1.000e+00 time: 0.58
  | CTM step 2 conv: 1.000e+00 time: 0.65
  | CTM step 3 conv: 1.000e+00 time: 0.66
  | CTM step 4 conv: 3.200e-05 time: 0.67
  | CTM step 5 conv: 1.130e-05 time: 0.67
Performing CTM
  | CTM step 1 conv: 1.000e+00 time: 0.87
  | CTM step 2 conv: 1.490e-08 time: 1.04
  | CTM step 3 conv: 1.977e-09 time: 1.04
Energies: 0.7767847374848567 1.7485836640281644e-13
Norm: 0.15986541989117328
========== 
Finished basis vector 59/62 

Starting simulation of basis vector 60/62
Performing CTM pre-steps without tracking
  | CTM step 1 conv: 1.000e+00 time: 0.58
  | CTM step 2 conv: 1.000e+00 time: 0.65
  | CTM step 3 conv: 1.000e+00 time: 0.67
  | CTM step 4 conv: 3.200e-05 time: 0.67
  | CTM step 5 conv: 1.130e-05 time: 0.66
Performing CTM
  | CTM step 1 conv: 1.000e+00 time: 0.87
  | CTM step 2 conv: 1.490e-08 time: 1.04
  | CTM step 3 conv: 1.977e-09 time: 1.09
Energies: 0.2959944295837763 1.7485836640281644e-13
Norm: 0.055130610235042746
========== 
Finished basis vector 60/62 

Starting simulation of basis vector 61/62
Performing CTM pre-steps without tracking
  | CTM step 1 conv: 1.000e+00 time: 0.58
  | CTM step 2 conv: 1.000e+00 time: 0.65
  | CTM step 3 conv: 1.000e+00 time: 0.66
  | CTM step 4 conv: 3.200e-05 time: 0.67
  | CTM step 5 conv: 1.130e-05 time: 0.66
Performing CTM
  | CTM step 1 conv: 1.000e+00 time: 0.87
  | CTM step 2 conv: 1.490e-08 time: 1.04
  | CTM step 3 conv: 1.977e-09 time: 1.03
Energies: 1.0651000268540418 1.7485836640281644e-13
Norm: 0.21945486653416443
========== 
Finished basis vector 61/62 

Starting simulation of basis vector 62/62
Performing CTM pre-steps without tracking
  | CTM step 1 conv: 1.000e+00 time: 0.58
  | CTM step 2 conv: 1.000e+00 time: 0.65
  | CTM step 3 conv: 1.000e+00 time: 0.66
  | CTM step 4 conv: 3.200e-05 time: 0.67
  | CTM step 5 conv: 1.130e-05 time: 0.67
Performing CTM
  | CTM step 1 conv: 1.000e+00 time: 0.87
  | CTM step 2 conv: 1.490e-08 time: 1.05
  | CTM step 3 conv: 1.977e-09 time: 1.03
Energies: 0.4021727127182312 1.7485836640281644e-13
Norm: 0.07547809809574949
========== 
Finished basis vector 62/62 

[[ 0.03314861+2.25094497e-04j  0.01894907-5.20253495e-03j
  -0.05179329-2.74703816e-02j ... -0.03885185-8.28322184e-02j
   0.0863655 +1.75500576e-01j -0.04720648-9.67380020e-02j]
 [ 0.01878299+5.13315286e-03j  0.02183076-8.99518607e-05j
  -0.02429724-2.84026309e-02j ... -0.00644786-6.38181673e-02j
   0.02393164+1.39167701e-01j -0.00959026-7.59965925e-02j]
 [-0.051849  +2.70683126e-02j -0.02450224+2.85643696e-02j
   0.12166243+1.65502935e-04j ...  0.14948515+1.03825324e-01j
  -0.33857407-2.22460939e-01j  0.18023517+1.22884172e-01j]
 ...
 [-0.04517148+7.37041064e-02j -0.01085763+5.97468610e-02j
   0.15740338-9.34127213e-02j ...  0.59019316+4.39200264e-04j
  -0.81266665+6.85671180e-03j  0.59845994-1.26810947e-03j]
 [ 0.09077781-1.77750470e-01j  0.02645129-1.39742547e-01j
  -0.34518754+2.26837765e-01j ... -0.81334093-2.99425174e-03j
   2.12918932-2.62682726e-03j -1.10609854-2.26756975e-04j]
 [-0.05258014+8.94639183e-02j -0.01221618+7.25150829e-02j
   0.18771876-1.15201996e-01j ...  0.5983332 +1.41547233e-03j
  -1.10554761+5.29296452e-03j  0.80207786-4.81342354e-04j]]
[[ 0.0073181 -2.98939833e-08j  0.00442553-1.35183933e-03j
  -0.01213159-6.66776669e-03j ... -0.00993685-2.03824304e-02j
   0.0215945 +4.32251362e-02j -0.01195055-2.38404948e-02j]
 [ 0.00442555+1.35168798e-03j  0.00483471-5.72194439e-08j
  -0.00585921-6.91271184e-03j ... -0.00183087-1.57503320e-02j
   0.00536287+3.40458963e-02j -0.00244245-1.86597038e-02j]
 [-0.01213157+6.66772067e-03j -0.00585918+6.91285214e-03j
   0.02856944+1.04597596e-07j ...  0.03744569+2.54431898e-02j
  -0.08259481-5.43976734e-02j  0.04473664+3.00286392e-02j]
 ...
 [-0.00993685+2.03824315e-02j -0.00183087+1.57503296e-02j
   0.03744569-2.54431930e-02j ...  0.11026122-5.70502570e-09j
  -0.18405679+7.02066602e-04j  0.11910209-3.09647341e-04j]
 [ 0.0215945 -4.32251333e-02j  0.00536287-3.40458856e-02j
  -0.08259481+5.43976767e-02j ... -0.18405679-7.02082562e-04j
   0.43890973-5.53174927e-09j -0.23416958-3.57272792e-04j]
 [-0.01195055+2.38404944e-02j -0.00244246+1.86596991e-02j
   0.04473664-3.00286419e-02j ...  0.11910209+3.09648012e-04j
  -0.23416958+3.57261122e-04j  0.1509562 +8.35764548e-09j]]
Done
Saved to /share/home/tanyi/ad-peps/simulations/exci/h2_ising_D2_X30/3_1.0_0.22222.npz
