No GPU/TPU found, falling back to CPU. (Set TF_CPP_MIN_LOG_LEVEL=0 and rerun for more info.)
Namespace(version=False, sim_mode='exci', config_file='ising_D2_exci.yaml', momentum_ix=9, evaluate=False, init=False)
Running excited-state sim
ising_D2_exci.yaml
/share/home/tanyi/ad-peps/examples/ising_D2_exci.yaml
/share/home/tanyi/ad-peps/examples/ising_D2_exci.yaml
D: 2
chi: 30
ctm_conv_tol: 1.0e-06
ctm_max_iter: 20
ctm_min_iter: 4
disp_level: 1
flush_output: true
model: ising
model_params:
  h: 2
momentum_path: Bril1
out_prefix: h2
pattern:
- - 0
  - 1
- - 1
  - 0
resume: true

Starting simulation of basis vector 1/62
Performing CTM pre-steps without tracking
  | CTM step 1 conv: 1.000e+00 time: 2.93
  | CTM step 2 conv: 1.000e+00 time: 6.09
  | CTM step 3 conv: 1.000e+00 time: 9.16
  | CTM step 4 conv: 3.200e-05 time: 6.9
  | CTM step 5 conv: 1.130e-05 time: 0.66
Performing CTM
  | CTM step 1 conv: 1.000e+00 time: 1.94
  | CTM step 2 conv: 1.490e-08 time: 1.23
  | CTM step 3 conv: 1.977e-09 time: 1.07
Energies: 0.09308714690145382 1.7485836640281644e-13
Norm: 0.02444140320534281
========== 
Finished basis vector 1/62 

Starting simulation of basis vector 2/62
Performing CTM pre-steps without tracking
  | CTM step 1 conv: 1.000e+00 time: 0.58
  | CTM step 2 conv: 1.000e+00 time: 0.68
  | CTM step 3 conv: 1.000e+00 time: 0.68
  | CTM step 4 conv: 3.200e-05 time: 0.68
  | CTM step 5 conv: 1.130e-05 time: 0.66
Performing CTM
  | CTM step 1 conv: 1.000e+00 time: 0.87
  | CTM step 2 conv: 1.490e-08 time: 1.04
  | CTM step 3 conv: 1.977e-09 time: 1.1
Energies: 0.01038639565451745 1.7485836640281644e-13
Norm: 0.001953523098597275
========== 
Finished basis vector 2/62 

Starting simulation of basis vector 3/62
Performing CTM pre-steps without tracking
  | CTM step 1 conv: 1.000e+00 time: 0.58
  | CTM step 2 conv: 1.000e+00 time: 0.65
  | CTM step 3 conv: 1.000e+00 time: 0.66
  | CTM step 4 conv: 3.200e-05 time: 0.66
  | CTM step 5 conv: 1.130e-05 time: 0.66
Performing CTM
  | CTM step 1 conv: 1.000e+00 time: 0.86
  | CTM step 2 conv: 1.490e-08 time: 1.08
  | CTM step 3 conv: 1.977e-09 time: 1.02
Energies: 0.06592472063119693 1.7485836640281644e-13
Norm: 0.01759151412015125
========== 
Finished basis vector 3/62 

Starting simulation of basis vector 4/62
Performing CTM pre-steps without tracking
  | CTM step 1 conv: 1.000e+00 time: 0.58
  | CTM step 2 conv: 1.000e+00 time: 0.64
  | CTM step 3 conv: 1.000e+00 time: 0.66
  | CTM step 4 conv: 3.200e-05 time: 0.66
  | CTM step 5 conv: 1.130e-05 time: 0.66
Performing CTM
  | CTM step 1 conv: 1.000e+00 time: 0.86
  | CTM step 2 conv: 1.490e-08 time: 1.02
  | CTM step 3 conv: 1.977e-09 time: 1.04
Energies: 0.02582429092718234 1.7485836640281644e-13
Norm: 0.0068547553784092195
========== 
Finished basis vector 4/62 

Starting simulation of basis vector 5/62
Performing CTM pre-steps without tracking
  | CTM step 1 conv: 1.000e+00 time: 0.58
  | CTM step 2 conv: 1.000e+00 time: 0.65
  | CTM step 3 conv: 1.000e+00 time: 0.67
  | CTM step 4 conv: 3.200e-05 time: 0.66
  | CTM step 5 conv: 1.130e-05 time: 0.66
Performing CTM
  | CTM step 1 conv: 1.000e+00 time: 0.86
  | CTM step 2 conv: 1.490e-08 time: 1.04
  | CTM step 3 conv: 1.977e-09 time: 1.03
Energies: 0.004608531018191961 1.7485836640281644e-13
Norm: 0.0010630962919279123
========== 
Finished basis vector 5/62 

Starting simulation of basis vector 6/62
Performing CTM pre-steps without tracking
  | CTM step 1 conv: 1.000e+00 time: 0.58
  | CTM step 2 conv: 1.000e+00 time: 0.64
  | CTM step 3 conv: 1.000e+00 time: 0.66
  | CTM step 4 conv: 3.200e-05 time: 0.66
  | CTM step 5 conv: 1.130e-05 time: 0.66
Performing CTM
  | CTM step 1 conv: 1.000e+00 time: 0.86
  | CTM step 2 conv: 1.490e-08 time: 1.02
  | CTM step 3 conv: 1.977e-09 time: 1.07
Energies: 0.07172080435452895 1.7485836640281644e-13
Norm: 0.019647399885014565
========== 
Finished basis vector 6/62 

Starting simulation of basis vector 7/62
Performing CTM pre-steps without tracking
  | CTM step 1 conv: 1.000e+00 time: 0.57
  | CTM step 2 conv: 1.000e+00 time: 0.64
  | CTM step 3 conv: 1.000e+00 time: 0.66
  | CTM step 4 conv: 3.200e-05 time: 0.66
  | CTM step 5 conv: 1.130e-05 time: 0.65
Performing CTM
  | CTM step 1 conv: 1.000e+00 time: 0.86
  | CTM step 2 conv: 1.490e-08 time: 1.07
  | CTM step 3 conv: 1.977e-09 time: 1.02
Energies: 0.009930230519698005 1.7485836640281644e-13
Norm: 0.002289378548040569
========== 
Finished basis vector 7/62 

Starting simulation of basis vector 8/62
Performing CTM pre-steps without tracking
  | CTM step 1 conv: 1.000e+00 time: 0.58
  | CTM step 2 conv: 1.000e+00 time: 0.64
  | CTM step 3 conv: 1.000e+00 time: 0.66
  | CTM step 4 conv: 3.200e-05 time: 0.66
  | CTM step 5 conv: 1.130e-05 time: 0.66
Performing CTM
  | CTM step 1 conv: 1.000e+00 time: 0.86
  | CTM step 2 conv: 1.490e-08 time: 1.02
  | CTM step 3 conv: 1.977e-09 time: 1.02
Energies: 0.028567290028051376 1.7485836640281644e-13
Norm: 0.007950391202803008
========== 
Finished basis vector 8/62 

Starting simulation of basis vector 9/62
Performing CTM pre-steps without tracking
  | CTM step 1 conv: 1.000e+00 time: 0.57
  | CTM step 2 conv: 1.000e+00 time: 0.64
  | CTM step 3 conv: 1.000e+00 time: 0.65
  | CTM step 4 conv: 3.200e-05 time: 0.66
  | CTM step 5 conv: 1.130e-05 time: 0.66
Performing CTM
  | CTM step 1 conv: 1.000e+00 time: 0.85
  | CTM step 2 conv: 1.490e-08 time: 1.04
  | CTM step 3 conv: 1.977e-09 time: 1.02
Energies: 0.018758072578351256 1.7485836640281644e-13
Norm: 0.004240975327649904
========== 
Finished basis vector 9/62 

Starting simulation of basis vector 10/62
Performing CTM pre-steps without tracking
  | CTM step 1 conv: 1.000e+00 time: 0.58
  | CTM step 2 conv: 1.000e+00 time: 0.65
  | CTM step 3 conv: 1.000e+00 time: 0.66
  | CTM step 4 conv: 3.200e-05 time: 0.68
  | CTM step 5 conv: 1.130e-05 time: 0.66
Performing CTM
  | CTM step 1 conv: 1.000e+00 time: 0.86
  | CTM step 2 conv: 1.490e-08 time: 1.03
  | CTM step 3 conv: 1.977e-09 time: 1.08
Energies: 0.1888467134449857 1.7485836640281644e-13
Norm: 0.05275643242592875
========== 
Finished basis vector 10/62 

Starting simulation of basis vector 11/62
Performing CTM pre-steps without tracking
  | CTM step 1 conv: 1.000e+00 time: 0.58
  | CTM step 2 conv: 1.000e+00 time: 0.64
  | CTM step 3 conv: 1.000e+00 time: 0.65
  | CTM step 4 conv: 3.200e-05 time: 0.66
  | CTM step 5 conv: 1.130e-05 time: 0.65
Performing CTM
  | CTM step 1 conv: 1.000e+00 time: 0.85
  | CTM step 2 conv: 1.490e-08 time: 1.07
  | CTM step 3 conv: 1.977e-09 time: 1.02
Energies: 0.009842104856131104 1.7485836640281644e-13
Norm: 0.0018797744545190572
========== 
Finished basis vector 11/62 

Starting simulation of basis vector 12/62
Performing CTM pre-steps without tracking
  | CTM step 1 conv: 1.000e+00 time: 0.58
  | CTM step 2 conv: 1.000e+00 time: 0.64
  | CTM step 3 conv: 1.000e+00 time: 0.65
  | CTM step 4 conv: 3.200e-05 time: 0.66
  | CTM step 5 conv: 1.130e-05 time: 0.67
Performing CTM
  | CTM step 1 conv: 1.000e+00 time: 0.86
  | CTM step 2 conv: 1.490e-08 time: 1.03
  | CTM step 3 conv: 1.977e-09 time: 1.02
Energies: 0.05633856550398266 1.7485836640281644e-13
Norm: 0.016214410181515728
========== 
Finished basis vector 12/62 

Starting simulation of basis vector 13/62
Performing CTM pre-steps without tracking
  | CTM step 1 conv: 1.000e+00 time: 0.57
  | CTM step 2 conv: 1.000e+00 time: 0.63
  | CTM step 3 conv: 1.000e+00 time: 0.66
  | CTM step 4 conv: 3.200e-05 time: 0.66
  | CTM step 5 conv: 1.130e-05 time: 0.65
Performing CTM
  | CTM step 1 conv: 1.000e+00 time: 0.86
  | CTM step 2 conv: 1.490e-08 time: 1.02
  | CTM step 3 conv: 1.977e-09 time: 1.02
Energies: 0.007607880542683996 1.7485836640281644e-13
Norm: 0.0018975401031950812
========== 
Finished basis vector 13/62 

Starting simulation of basis vector 14/62
Performing CTM pre-steps without tracking
  | CTM step 1 conv: 1.000e+00 time: 0.58
  | CTM step 2 conv: 1.000e+00 time: 0.64
  | CTM step 3 conv: 1.000e+00 time: 0.66
  | CTM step 4 conv: 3.200e-05 time: 0.66
  | CTM step 5 conv: 1.130e-05 time: 0.66
Performing CTM
  | CTM step 1 conv: 1.000e+00 time: 0.86
  | CTM step 2 conv: 1.490e-08 time: 1.02
  | CTM step 3 conv: 1.977e-09 time: 1.07
Energies: 0.137734035957689 1.7485836640281644e-13
Norm: 0.038856418957986395
========== 
Finished basis vector 14/62 

Starting simulation of basis vector 15/62
Performing CTM pre-steps without tracking
  | CTM step 1 conv: 1.000e+00 time: 0.58
  | CTM step 2 conv: 1.000e+00 time: 0.64
  | CTM step 3 conv: 1.000e+00 time: 0.67
  | CTM step 4 conv: 3.200e-05 time: 0.67
  | CTM step 5 conv: 1.130e-05 time: 0.66
Performing CTM
  | CTM step 1 conv: 1.000e+00 time: 1.12
  | CTM step 2 conv: 1.490e-08 time: 1.03
  | CTM step 3 conv: 1.977e-09 time: 1.04
Energies: 0.016043059912847716 1.7485836640281644e-13
Norm: 0.004407598595944957
========== 
Finished basis vector 15/62 

Starting simulation of basis vector 16/62
Performing CTM pre-steps without tracking
  | CTM step 1 conv: 1.000e+00 time: 0.58
  | CTM step 2 conv: 1.000e+00 time: 0.64
  | CTM step 3 conv: 1.000e+00 time: 0.65
  | CTM step 4 conv: 3.200e-05 time: 0.66
  | CTM step 5 conv: 1.130e-05 time: 0.65
Performing CTM
  | CTM step 1 conv: 1.000e+00 time: 0.86
  | CTM step 2 conv: 1.490e-08 time: 1.02
  | CTM step 3 conv: 1.977e-09 time: 1.02
Energies: 1.3394279687490829 1.7485836640281644e-13
Norm: 0.32029263546840814
========== 
Finished basis vector 16/62 

Starting simulation of basis vector 17/62
Performing CTM pre-steps without tracking
  | CTM step 1 conv: 1.000e+00 time: 0.58
  | CTM step 2 conv: 1.000e+00 time: 0.64
  | CTM step 3 conv: 1.000e+00 time: 0.66
  | CTM step 4 conv: 3.200e-05 time: 0.66
  | CTM step 5 conv: 1.130e-05 time: 0.66
Performing CTM
  | CTM step 1 conv: 1.000e+00 time: 0.86
  | CTM step 2 conv: 1.490e-08 time: 1.02
  | CTM step 3 conv: 1.977e-09 time: 1.02
Energies: 0.36263605140353117 1.7485836640281644e-13
Norm: 0.08097724540373477
========== 
Finished basis vector 17/62 

Starting simulation of basis vector 18/62
Performing CTM pre-steps without tracking
  | CTM step 1 conv: 1.000e+00 time: 0.58
  | CTM step 2 conv: 1.000e+00 time: 0.73
  | CTM step 3 conv: 1.000e+00 time: 0.66
  | CTM step 4 conv: 3.200e-05 time: 0.68
  | CTM step 5 conv: 1.130e-05 time: 0.66
Performing CTM
  | CTM step 1 conv: 1.000e+00 time: 0.87
  | CTM step 2 conv: 1.490e-08 time: 1.03
  | CTM step 3 conv: 1.977e-09 time: 1.08
Energies: 2.0899073320219244 1.7485836640281644e-13
Norm: 0.5039239356401523
========== 
Finished basis vector 18/62 

Starting simulation of basis vector 19/62
Performing CTM pre-steps without tracking
  | CTM step 1 conv: 1.000e+00 time: 0.58
  | CTM step 2 conv: 1.000e+00 time: 0.64
  | CTM step 3 conv: 1.000e+00 time: 0.66
  | CTM step 4 conv: 3.200e-05 time: 0.66
  | CTM step 5 conv: 1.130e-05 time: 0.67
Performing CTM
  | CTM step 1 conv: 1.000e+00 time: 0.86
  | CTM step 2 conv: 1.490e-08 time: 1.02
  | CTM step 3 conv: 1.977e-09 time: 1.02
Energies: 0.5613031776975367 1.7485836640281644e-13
Norm: 0.1265637877525083
========== 
Finished basis vector 19/62 

Starting simulation of basis vector 20/62
Performing CTM pre-steps without tracking
  | CTM step 1 conv: 1.000e+00 time: 0.57
  | CTM step 2 conv: 1.000e+00 time: 0.64
  | CTM step 3 conv: 1.000e+00 time: 0.65
  | CTM step 4 conv: 3.200e-05 time: 0.65
  | CTM step 5 conv: 1.130e-05 time: 0.65
Performing CTM
  | CTM step 1 conv: 1.000e+00 time: 0.85
  | CTM step 2 conv: 1.490e-08 time: 1.02
  | CTM step 3 conv: 1.977e-09 time: 1.01
Energies: 0.1924232156425159 1.7485836640281644e-13
Norm: 0.03897133258612407
========== 
Finished basis vector 20/62 

Starting simulation of basis vector 21/62
Performing CTM pre-steps without tracking
  | CTM step 1 conv: 1.000e+00 time: 0.58
  | CTM step 2 conv: 1.000e+00 time: 0.64
  | CTM step 3 conv: 1.000e+00 time: 0.65
  | CTM step 4 conv: 3.200e-05 time: 0.66
  | CTM step 5 conv: 1.130e-05 time: 0.65
Performing CTM
  | CTM step 1 conv: 1.000e+00 time: 0.85
  | CTM step 2 conv: 1.490e-08 time: 1.02
  | CTM step 3 conv: 1.977e-09 time: 1.07
Energies: 0.05188250242168218 1.7485836640281644e-13
Norm: 0.009824025706209716
========== 
Finished basis vector 21/62 

Starting simulation of basis vector 22/62
Performing CTM pre-steps without tracking
  | CTM step 1 conv: 1.000e+00 time: 0.57
  | CTM step 2 conv: 1.000e+00 time: 0.63
  | CTM step 3 conv: 1.000e+00 time: 0.65
  | CTM step 4 conv: 3.200e-05 time: 0.65
  | CTM step 5 conv: 1.130e-05 time: 0.65
Performing CTM
  | CTM step 1 conv: 1.000e+00 time: 0.85
  | CTM step 2 conv: 1.490e-08 time: 1.01
  | CTM step 3 conv: 1.977e-09 time: 1.01
Energies: 0.29787611179344886 1.7485836640281644e-13
Norm: 0.06077697273330076
========== 
Finished basis vector 22/62 

Starting simulation of basis vector 23/62
Performing CTM pre-steps without tracking
  | CTM step 1 conv: 1.000e+00 time: 0.57
  | CTM step 2 conv: 1.000e+00 time: 0.64
  | CTM step 3 conv: 1.000e+00 time: 0.65
  | CTM step 4 conv: 3.200e-05 time: 0.66
  | CTM step 5 conv: 1.130e-05 time: 0.65
Performing CTM
  | CTM step 1 conv: 1.000e+00 time: 0.85
  | CTM step 2 conv: 1.490e-08 time: 1.03
  | CTM step 3 conv: 1.977e-09 time: 1.01
Energies: 0.07984853388518648 1.7485836640281644e-13
Norm: 0.015234186392750005
========== 
Finished basis vector 23/62 

Starting simulation of basis vector 24/62
Performing CTM pre-steps without tracking
  | CTM step 1 conv: 1.000e+00 time: 0.57
  | CTM step 2 conv: 1.000e+00 time: 0.63
  | CTM step 3 conv: 1.000e+00 time: 0.64
  | CTM step 4 conv: 3.200e-05 time: 0.65
  | CTM step 5 conv: 1.130e-05 time: 0.65
Performing CTM
  | CTM step 1 conv: 1.000e+00 time: 0.84
  | CTM step 2 conv: 1.490e-08 time: 1.01
  | CTM step 3 conv: 1.977e-09 time: 1.01
Energies: 1.1260237340038586 1.7485836640281644e-13
Norm: 0.2703526012291469
========== 
Finished basis vector 24/62 

Starting simulation of basis vector 25/62
Performing CTM pre-steps without tracking
  | CTM step 1 conv: 1.000e+00 time: 0.57
  | CTM step 2 conv: 1.000e+00 time: 0.76
  | CTM step 3 conv: 1.000e+00 time: 0.65
  | CTM step 4 conv: 3.200e-05 time: 0.65
  | CTM step 5 conv: 1.130e-05 time: 0.64
Performing CTM
  | CTM step 1 conv: 1.000e+00 time: 0.85
  | CTM step 2 conv: 1.490e-08 time: 1.02
  | CTM step 3 conv: 1.977e-09 time: 1.07
Energies: 0.3062016960713557 1.7485836640281644e-13
Norm: 0.06797403476984305
========== 
Finished basis vector 25/62 

Starting simulation of basis vector 26/62
Performing CTM pre-steps without tracking
  | CTM step 1 conv: 1.000e+00 time: 0.57
  | CTM step 2 conv: 1.000e+00 time: 0.68
  | CTM step 3 conv: 1.000e+00 time: 0.64
  | CTM step 4 conv: 3.200e-05 time: 0.65
  | CTM step 5 conv: 1.130e-05 time: 0.64
Performing CTM
  | CTM step 1 conv: 1.000e+00 time: 0.84
  | CTM step 2 conv: 1.490e-08 time: 1.01
  | CTM step 3 conv: 1.977e-09 time: 1.06
Energies: 1.7503209842353185 1.7485836640281644e-13
Norm: 0.4256051206418751
========== 
Finished basis vector 26/62 

Starting simulation of basis vector 27/62
Performing CTM pre-steps without tracking
  | CTM step 1 conv: 1.000e+00 time: 0.57
  | CTM step 2 conv: 1.000e+00 time: 0.63
  | CTM step 3 conv: 1.000e+00 time: 0.64
  | CTM step 4 conv: 3.200e-05 time: 0.64
  | CTM step 5 conv: 1.130e-05 time: 0.64
Performing CTM
  | CTM step 1 conv: 1.000e+00 time: 0.84
  | CTM step 2 conv: 1.490e-08 time: 1.01
  | CTM step 3 conv: 1.977e-09 time: 1.0
Energies: 0.47273681869441675 1.7485836640281644e-13
Norm: 0.1063244194035181
========== 
Finished basis vector 27/62 

Starting simulation of basis vector 28/62
Performing CTM pre-steps without tracking
  | CTM step 1 conv: 1.000e+00 time: 0.56
  | CTM step 2 conv: 1.000e+00 time: 0.62
  | CTM step 3 conv: 1.000e+00 time: 0.64
  | CTM step 4 conv: 3.200e-05 time: 0.64
  | CTM step 5 conv: 1.130e-05 time: 0.64
Performing CTM
  | CTM step 1 conv: 1.000e+00 time: 0.84
  | CTM step 2 conv: 1.490e-08 time: 1.0
  | CTM step 3 conv: 1.977e-09 time: 1.0
Energies: 0.1646270216108487 1.7485836640281644e-13
Norm: 0.03359537961519942
========== 
Finished basis vector 28/62 

Starting simulation of basis vector 29/62
Performing CTM pre-steps without tracking
  | CTM step 1 conv: 1.000e+00 time: 0.57
  | CTM step 2 conv: 1.000e+00 time: 0.95
  | CTM step 3 conv: 1.000e+00 time: 0.65
  | CTM step 4 conv: 3.200e-05 time: 0.65
  | CTM step 5 conv: 1.130e-05 time: 0.65
Performing CTM
  | CTM step 1 conv: 1.000e+00 time: 0.91
  | CTM step 2 conv: 1.490e-08 time: 1.01
  | CTM step 3 conv: 1.977e-09 time: 1.01
Energies: 0.04455688594382375 1.7485836640281644e-13
Norm: 0.008427239505648436
========== 
Finished basis vector 29/62 

Starting simulation of basis vector 30/62
Performing CTM pre-steps without tracking
  | CTM step 1 conv: 1.000e+00 time: 0.57
  | CTM step 2 conv: 1.000e+00 time: 0.63
  | CTM step 3 conv: 1.000e+00 time: 0.65
  | CTM step 4 conv: 3.200e-05 time: 0.65
  | CTM step 5 conv: 1.130e-05 time: 0.65
Performing CTM
  | CTM step 1 conv: 1.000e+00 time: 0.9
  | CTM step 2 conv: 1.490e-08 time: 1.08
  | CTM step 3 conv: 1.977e-09 time: 1.25
Energies: 0.2544114490971391 1.7485836640281644e-13
Norm: 0.05245225185519255
========== 
Finished basis vector 30/62 

Starting simulation of basis vector 31/62
Performing CTM pre-steps without tracking
  | CTM step 1 conv: 1.000e+00 time: 0.57
  | CTM step 2 conv: 1.000e+00 time: 0.65
  | CTM step 3 conv: 1.000e+00 time: 0.67
  | CTM step 4 conv: 3.200e-05 time: 0.65
  | CTM step 5 conv: 1.130e-05 time: 0.65
Performing CTM
  | CTM step 1 conv: 1.000e+00 time: 0.85
  | CTM step 2 conv: 1.490e-08 time: 1.07
  | CTM step 3 conv: 1.977e-09 time: 1.01
Energies: 0.06835755509009031 1.7485836640281644e-13
Norm: 0.013065404356170662
========== 
Finished basis vector 31/62 

Starting simulation of basis vector 32/62
Performing CTM pre-steps without tracking
  | CTM step 1 conv: 1.000e+00 time: 0.57
  | CTM step 2 conv: 1.000e+00 time: 0.63
  | CTM step 3 conv: 1.000e+00 time: 0.65
  | CTM step 4 conv: 3.200e-05 time: 0.65
  | CTM step 5 conv: 1.130e-05 time: 0.73
Performing CTM
  | CTM step 1 conv: 1.000e+00 time: 0.87
  | CTM step 2 conv: 1.490e-08 time: 1.03
  | CTM step 3 conv: 1.977e-09 time: 1.02
Energies: 0.025652201822545465 1.7485836640281644e-13
Norm: 0.0036132655290280493
========== 
Finished basis vector 32/62 

Starting simulation of basis vector 33/62
Performing CTM pre-steps without tracking
  | CTM step 1 conv: 1.000e+00 time: 0.57
  | CTM step 2 conv: 1.000e+00 time: 0.63
  | CTM step 3 conv: 1.000e+00 time: 0.68
  | CTM step 4 conv: 3.200e-05 time: 0.65
  | CTM step 5 conv: 1.130e-05 time: 0.65
Performing CTM
  | CTM step 1 conv: 1.000e+00 time: 0.85
  | CTM step 2 conv: 1.490e-08 time: 1.01
  | CTM step 3 conv: 1.977e-09 time: 1.01
Energies: 0.05141048679808978 1.7485836640281644e-13
Norm: 0.008691643944591935
========== 
Finished basis vector 33/62 

Starting simulation of basis vector 34/62
Performing CTM pre-steps without tracking
  | CTM step 1 conv: 1.000e+00 time: 0.57
  | CTM step 2 conv: 1.000e+00 time: 0.63
  | CTM step 3 conv: 1.000e+00 time: 0.64
  | CTM step 4 conv: 3.200e-05 time: 0.65
  | CTM step 5 conv: 1.130e-05 time: 0.69
Performing CTM
  | CTM step 1 conv: 1.000e+00 time: 0.85
  | CTM step 2 conv: 1.490e-08 time: 1.01
  | CTM step 3 conv: 1.977e-09 time: 1.01
Energies: 0.0455685913993154 1.7485836640281644e-13
Norm: 0.010115948970270495
========== 
Finished basis vector 34/62 

Starting simulation of basis vector 35/62
Performing CTM pre-steps without tracking
  | CTM step 1 conv: 1.000e+00 time: 0.57
  | CTM step 2 conv: 1.000e+00 time: 0.63
  | CTM step 3 conv: 1.000e+00 time: 0.64
  | CTM step 4 conv: 3.200e-05 time: 0.65
  | CTM step 5 conv: 1.130e-05 time: 0.64
Performing CTM
  | CTM step 1 conv: 1.000e+00 time: 0.84
  | CTM step 2 conv: 1.490e-08 time: 1.01
  | CTM step 3 conv: 1.977e-09 time: 1.06
Energies: 0.24645999102085045 1.7485836640281644e-13
Norm: 0.06439615208474157
========== 
Finished basis vector 35/62 

Starting simulation of basis vector 36/62
Performing CTM pre-steps without tracking
  | CTM step 1 conv: 1.000e+00 time: 0.57
  | CTM step 2 conv: 1.000e+00 time: 0.63
  | CTM step 3 conv: 1.000e+00 time: 0.64
  | CTM step 4 conv: 3.200e-05 time: 0.65
  | CTM step 5 conv: 1.130e-05 time: 0.64
Performing CTM
  | CTM step 1 conv: 1.000e+00 time: 0.96
  | CTM step 2 conv: 1.490e-08 time: 1.01
  | CTM step 3 conv: 1.977e-09 time: 1.01
Energies: 0.03335134927279665 1.7485836640281644e-13
Norm: 0.008006677229167324
========== 
Finished basis vector 36/62 

Starting simulation of basis vector 37/62
Performing CTM pre-steps without tracking
  | CTM step 1 conv: 1.000e+00 time: 0.57
  | CTM step 2 conv: 1.000e+00 time: 0.63
  | CTM step 3 conv: 1.000e+00 time: 0.65
  | CTM step 4 conv: 3.200e-05 time: 0.65
  | CTM step 5 conv: 1.130e-05 time: 0.65
Performing CTM
  | CTM step 1 conv: 1.000e+00 time: 0.85
  | CTM step 2 conv: 1.490e-08 time: 1.01
  | CTM step 3 conv: 1.977e-09 time: 1.02
Energies: 0.13478780933396925 1.7485836640281644e-13
Norm: 0.031890110226654965
========== 
Finished basis vector 37/62 

Starting simulation of basis vector 38/62
Performing CTM pre-steps without tracking
  | CTM step 1 conv: 1.000e+00 time: 0.57
  | CTM step 2 conv: 1.000e+00 time: 0.63
  | CTM step 3 conv: 1.000e+00 time: 0.64
  | CTM step 4 conv: 3.200e-05 time: 0.65
  | CTM step 5 conv: 1.130e-05 time: 0.64
Performing CTM
  | CTM step 1 conv: 1.000e+00 time: 0.85
  | CTM step 2 conv: 1.490e-08 time: 1.01
  | CTM step 3 conv: 1.977e-09 time: 1.02
Energies: 0.03691141117007714 1.7485836640281644e-13
Norm: 0.005794271260048833
========== 
Finished basis vector 38/62 

Starting simulation of basis vector 39/62
Performing CTM pre-steps without tracking
  | CTM step 1 conv: 1.000e+00 time: 0.57
  | CTM step 2 conv: 1.000e+00 time: 0.63
  | CTM step 3 conv: 1.000e+00 time: 0.65
  | CTM step 4 conv: 3.200e-05 time: 0.65
  | CTM step 5 conv: 1.130e-05 time: 0.65
Performing CTM
  | CTM step 1 conv: 1.000e+00 time: 0.85
  | CTM step 2 conv: 1.490e-08 time: 1.01
  | CTM step 3 conv: 1.977e-09 time: 1.08
Energies: 0.06428694049440073 1.7485836640281644e-13
Norm: 0.012614088406149245
========== 
Finished basis vector 39/62 

Starting simulation of basis vector 40/62
Performing CTM pre-steps without tracking
  | CTM step 1 conv: 1.000e+00 time: 0.57
  | CTM step 2 conv: 1.000e+00 time: 0.63
  | CTM step 3 conv: 1.000e+00 time: 0.65
  | CTM step 4 conv: 3.200e-05 time: 0.65
  | CTM step 5 conv: 1.130e-05 time: 0.65
Performing CTM
  | CTM step 1 conv: 1.000e+00 time: 0.85
  | CTM step 2 conv: 1.490e-08 time: 1.01
  | CTM step 3 conv: 1.977e-09 time: 1.01
Energies: 0.14944601718378098 1.7485836640281644e-13
Norm: 0.03685704127725484
========== 
Finished basis vector 40/62 

Starting simulation of basis vector 41/62
Performing CTM pre-steps without tracking
  | CTM step 1 conv: 1.000e+00 time: 0.57
  | CTM step 2 conv: 1.000e+00 time: 0.63
  | CTM step 3 conv: 1.000e+00 time: 0.64
  | CTM step 4 conv: 3.200e-05 time: 0.65
  | CTM step 5 conv: 1.130e-05 time: 0.64
Performing CTM
  | CTM step 1 conv: 1.000e+00 time: 0.84
  | CTM step 2 conv: 1.490e-08 time: 1.01
  | CTM step 3 conv: 1.977e-09 time: 1.01
Energies: 0.5570559282966158 1.7485836640281644e-13
Norm: 0.1522573143071603
========== 
Finished basis vector 41/62 

Starting simulation of basis vector 42/62
Performing CTM pre-steps without tracking
  | CTM step 1 conv: 1.000e+00 time: 0.57
  | CTM step 2 conv: 1.000e+00 time: 0.64
  | CTM step 3 conv: 1.000e+00 time: 0.65
  | CTM step 4 conv: 3.200e-05 time: 0.65
  | CTM step 5 conv: 1.130e-05 time: 0.64
Performing CTM
  | CTM step 1 conv: 1.000e+00 time: 0.84
  | CTM step 2 conv: 1.490e-08 time: 1.01
  | CTM step 3 conv: 1.977e-09 time: 1.08
Energies: 0.5448221529733881 1.7485836640281644e-13
Norm: 0.14443167306493804
========== 
Finished basis vector 42/62 

Starting simulation of basis vector 43/62
Performing CTM pre-steps without tracking
  | CTM step 1 conv: 1.000e+00 time: 0.57
  | CTM step 2 conv: 1.000e+00 time: 0.63
  | CTM step 3 conv: 1.000e+00 time: 0.65
  | CTM step 4 conv: 3.200e-05 time: 0.65
  | CTM step 5 conv: 1.130e-05 time: 0.65
Performing CTM
  | CTM step 1 conv: 1.000e+00 time: 0.85
  | CTM step 2 conv: 1.490e-08 time: 1.01
  | CTM step 3 conv: 1.977e-09 time: 1.01
Energies: 0.06280134436824619 1.7485836640281644e-13
Norm: 0.016869863828153416
========== 
Finished basis vector 43/62 

Starting simulation of basis vector 44/62
Performing CTM pre-steps without tracking
  | CTM step 1 conv: 1.000e+00 time: 0.57
  | CTM step 2 conv: 1.000e+00 time: 0.63
  | CTM step 3 conv: 1.000e+00 time: 0.64
  | CTM step 4 conv: 3.200e-05 time: 0.65
  | CTM step 5 conv: 1.130e-05 time: 0.64
Performing CTM
  | CTM step 1 conv: 1.000e+00 time: 0.85
  | CTM step 2 conv: 1.490e-08 time: 1.01
  | CTM step 3 conv: 1.977e-09 time: 1.01
Energies: 0.03753979497804248 1.7485836640281644e-13
Norm: 0.006672620152005015
========== 
Finished basis vector 44/62 

Starting simulation of basis vector 45/62
Performing CTM pre-steps without tracking
  | CTM step 1 conv: 1.000e+00 time: 0.57
  | CTM step 2 conv: 1.000e+00 time: 0.63
  | CTM step 3 conv: 1.000e+00 time: 0.64
  | CTM step 4 conv: 3.200e-05 time: 0.64
  | CTM step 5 conv: 1.130e-05 time: 0.64
Performing CTM
  | CTM step 1 conv: 1.000e+00 time: 0.84
  | CTM step 2 conv: 1.490e-08 time: 1.01
  | CTM step 3 conv: 1.977e-09 time: 1.05
Energies: 0.0410368194030097 1.7485836640281644e-13
Norm: 0.0075172233956558795
========== 
Finished basis vector 45/62 

Starting simulation of basis vector 46/62
Performing CTM pre-steps without tracking
  | CTM step 1 conv: 1.000e+00 time: 0.57
  | CTM step 2 conv: 1.000e+00 time: 0.68
  | CTM step 3 conv: 1.000e+00 time: 0.65
  | CTM step 4 conv: 3.200e-05 time: 0.65
  | CTM step 5 conv: 1.130e-05 time: 0.64
Performing CTM
  | CTM step 1 conv: 1.000e+00 time: 0.84
  | CTM step 2 conv: 1.490e-08 time: 1.0
  | CTM step 3 conv: 1.977e-09 time: 1.0
Energies: 0.08483419799356773 1.7485836640281644e-13
Norm: 0.02122615342840106
========== 
Finished basis vector 46/62 

Starting simulation of basis vector 47/62
Performing CTM pre-steps without tracking
  | CTM step 1 conv: 1.000e+00 time: 0.57
  | CTM step 2 conv: 1.000e+00 time: 0.63
  | CTM step 3 conv: 1.000e+00 time: 0.65
  | CTM step 4 conv: 3.200e-05 time: 0.65
  | CTM step 5 conv: 1.130e-05 time: 0.64
Performing CTM
  | CTM step 1 conv: 1.000e+00 time: 0.84
  | CTM step 2 conv: 1.490e-08 time: 1.0
  | CTM step 3 conv: 1.977e-09 time: 1.06
Energies: 0.9648543630984683 1.7485836640281644e-13
Norm: 0.2012224527819869
========== 
Finished basis vector 47/62 

Starting simulation of basis vector 48/62
Performing CTM pre-steps without tracking
  | CTM step 1 conv: 1.000e+00 time: 0.56
  | CTM step 2 conv: 1.000e+00 time: 0.73
  | CTM step 3 conv: 1.000e+00 time: 0.64
  | CTM step 4 conv: 3.200e-05 time: 0.65
  | CTM step 5 conv: 1.130e-05 time: 0.65
Performing CTM
  | CTM step 1 conv: 1.000e+00 time: 0.9
  | CTM step 2 conv: 1.490e-08 time: 1.01
  | CTM step 3 conv: 1.977e-09 time: 1.01
Energies: 0.3611473877720178 1.7485836640281644e-13
Norm: 0.0680358526436916
========== 
Finished basis vector 48/62 

Starting simulation of basis vector 49/62
Performing CTM pre-steps without tracking
  | CTM step 1 conv: 1.000e+00 time: 0.57
  | CTM step 2 conv: 1.000e+00 time: 0.63
  | CTM step 3 conv: 1.000e+00 time: 0.65
  | CTM step 4 conv: 3.200e-05 time: 0.65
  | CTM step 5 conv: 1.130e-05 time: 0.65
Performing CTM
  | CTM step 1 conv: 1.000e+00 time: 0.85
  | CTM step 2 conv: 1.490e-08 time: 1.01
  | CTM step 3 conv: 1.977e-09 time: 1.01
Energies: 1.3252588913813201 1.7485836640281644e-13
Norm: 0.27549882112593427
========== 
Finished basis vector 49/62 

Starting simulation of basis vector 50/62
Performing CTM pre-steps without tracking
  | CTM step 1 conv: 1.000e+00 time: 0.57
  | CTM step 2 conv: 1.000e+00 time: 0.63
  | CTM step 3 conv: 1.000e+00 time: 0.65
  | CTM step 4 conv: 3.200e-05 time: 0.65
  | CTM step 5 conv: 1.130e-05 time: 0.65
Performing CTM
  | CTM step 1 conv: 1.000e+00 time: 0.85
  | CTM step 2 conv: 1.490e-08 time: 1.02
  | CTM step 3 conv: 1.977e-09 time: 1.03
Energies: 0.4936594464632347 1.7485836640281644e-13
Norm: 0.09377171912888091
========== 
Finished basis vector 50/62 

Starting simulation of basis vector 51/62
Performing CTM pre-steps without tracking
  | CTM step 1 conv: 1.000e+00 time: 0.57
  | CTM step 2 conv: 1.000e+00 time: 0.63
  | CTM step 3 conv: 1.000e+00 time: 0.65
  | CTM step 4 conv: 3.200e-05 time: 0.65
  | CTM step 5 conv: 1.130e-05 time: 0.65
Performing CTM
  | CTM step 1 conv: 1.000e+00 time: 0.86
  | CTM step 2 conv: 1.490e-08 time: 1.02
  | CTM step 3 conv: 1.977e-09 time: 1.07
Energies: 0.45490678948229435 1.7485836640281644e-13
Norm: 0.0878290715237953
========== 
Finished basis vector 51/62 

Starting simulation of basis vector 52/62
Performing CTM pre-steps without tracking
  | CTM step 1 conv: 1.000e+00 time: 0.57
  | CTM step 2 conv: 1.000e+00 time: 0.64
  | CTM step 3 conv: 1.000e+00 time: 0.65
  | CTM step 4 conv: 3.200e-05 time: 0.65
  | CTM step 5 conv: 1.130e-05 time: 0.65
Performing CTM
  | CTM step 1 conv: 1.000e+00 time: 0.85
  | CTM step 2 conv: 1.490e-08 time: 1.07
  | CTM step 3 conv: 1.977e-09 time: 1.01
Energies: 0.16907353182290907 1.7485836640281644e-13
Norm: 0.029538580235783436
========== 
Finished basis vector 52/62 

Starting simulation of basis vector 53/62
Performing CTM pre-steps without tracking
  | CTM step 1 conv: 1.000e+00 time: 0.57
  | CTM step 2 conv: 1.000e+00 time: 0.63
  | CTM step 3 conv: 1.000e+00 time: 0.65
  | CTM step 4 conv: 3.200e-05 time: 0.65
  | CTM step 5 conv: 1.130e-05 time: 0.65
Performing CTM
  | CTM step 1 conv: 1.000e+00 time: 0.85
  | CTM step 2 conv: 1.490e-08 time: 1.02
  | CTM step 3 conv: 1.977e-09 time: 1.07
Energies: 0.6161614177226692 1.7485836640281644e-13
Norm: 0.11820921966292516
========== 
Finished basis vector 53/62 

Starting simulation of basis vector 54/62
Performing CTM pre-steps without tracking
  | CTM step 1 conv: 1.000e+00 time: 0.58
  | CTM step 2 conv: 1.000e+00 time: 0.64
  | CTM step 3 conv: 1.000e+00 time: 0.65
  | CTM step 4 conv: 3.200e-05 time: 0.66
  | CTM step 5 conv: 1.130e-05 time: 0.65
Performing CTM
  | CTM step 1 conv: 1.000e+00 time: 0.85
  | CTM step 2 conv: 1.490e-08 time: 1.02
  | CTM step 3 conv: 1.977e-09 time: 1.02
Energies: 0.22900559807813964 1.7485836640281644e-13
Norm: 0.040149813573988606
========== 
Finished basis vector 54/62 

Starting simulation of basis vector 55/62
Performing CTM pre-steps without tracking
  | CTM step 1 conv: 1.000e+00 time: 0.57
  | CTM step 2 conv: 1.000e+00 time: 0.64
  | CTM step 3 conv: 1.000e+00 time: 0.65
  | CTM step 4 conv: 3.200e-05 time: 0.65
  | CTM step 5 conv: 1.130e-05 time: 0.65
Performing CTM
  | CTM step 1 conv: 1.000e+00 time: 0.85
  | CTM step 2 conv: 1.490e-08 time: 1.02
  | CTM step 3 conv: 1.977e-09 time: 1.01
Energies: 1.64289863776458 1.7485836640281644e-13
Norm: 0.3740951283635999
========== 
Finished basis vector 55/62 

Starting simulation of basis vector 56/62
Performing CTM pre-steps without tracking
  | CTM step 1 conv: 1.000e+00 time: 0.56
  | CTM step 2 conv: 1.000e+00 time: 0.63
  | CTM step 3 conv: 1.000e+00 time: 0.64
  | CTM step 4 conv: 3.200e-05 time: 0.64
  | CTM step 5 conv: 1.130e-05 time: 0.64
Performing CTM
  | CTM step 1 conv: 1.000e+00 time: 0.84
  | CTM step 2 conv: 1.490e-08 time: 1.01
  | CTM step 3 conv: 1.977e-09 time: 1.07
Energies: 0.6287916095412827 1.7485836640281644e-13
Norm: 0.12844416441956508
========== 
Finished basis vector 56/62 

Starting simulation of basis vector 57/62
Performing CTM pre-steps without tracking
  | CTM step 1 conv: 1.000e+00 time: 0.56
  | CTM step 2 conv: 1.000e+00 time: 0.63
  | CTM step 3 conv: 1.000e+00 time: 0.64
  | CTM step 4 conv: 3.200e-05 time: 0.64
  | CTM step 5 conv: 1.130e-05 time: 0.64
Performing CTM
  | CTM step 1 conv: 1.000e+00 time: 0.89
  | CTM step 2 conv: 1.490e-08 time: 1.0
  | CTM step 3 conv: 1.977e-09 time: 1.0
Energies: 2.241241861799368 1.7485836640281644e-13
Norm: 0.5148652288590383
========== 
Finished basis vector 57/62 

Starting simulation of basis vector 58/62
Performing CTM pre-steps without tracking
  | CTM step 1 conv: 1.000e+00 time: 0.57
  | CTM step 2 conv: 1.000e+00 time: 0.68
  | CTM step 3 conv: 1.000e+00 time: 0.65
  | CTM step 4 conv: 3.200e-05 time: 0.65
  | CTM step 5 conv: 1.130e-05 time: 0.64
Performing CTM
  | CTM step 1 conv: 1.000e+00 time: 0.84
  | CTM step 2 conv: 1.490e-08 time: 1.01
  | CTM step 3 conv: 1.977e-09 time: 1.0
Energies: 0.855974702648743 1.7485836640281644e-13
Norm: 0.17816181266133854
========== 
Finished basis vector 58/62 

Starting simulation of basis vector 59/62
Performing CTM pre-steps without tracking
  | CTM step 1 conv: 1.000e+00 time: 0.57
  | CTM step 2 conv: 1.000e+00 time: 0.63
  | CTM step 3 conv: 1.000e+00 time: 0.64
  | CTM step 4 conv: 3.200e-05 time: 0.65
  | CTM step 5 conv: 1.130e-05 time: 0.65
Performing CTM
  | CTM step 1 conv: 1.000e+00 time: 0.85
  | CTM step 2 conv: 1.490e-08 time: 1.01
  | CTM step 3 conv: 1.977e-09 time: 1.01
Energies: 0.7756304446704565 1.7485836640281644e-13
Norm: 0.16303651456831206
========== 
Finished basis vector 59/62 

Starting simulation of basis vector 60/62
Performing CTM pre-steps without tracking
  | CTM step 1 conv: 1.000e+00 time: 0.57
  | CTM step 2 conv: 1.000e+00 time: 0.63
  | CTM step 3 conv: 1.000e+00 time: 0.65
  | CTM step 4 conv: 3.200e-05 time: 0.65
  | CTM step 5 conv: 1.130e-05 time: 0.65
Performing CTM
  | CTM step 1 conv: 1.000e+00 time: 0.85
  | CTM step 2 conv: 1.490e-08 time: 1.01
  | CTM step 3 conv: 1.977e-09 time: 1.07
Energies: 0.29535213253851383 1.7485836640281644e-13
Norm: 0.05576275333013898
========== 
Finished basis vector 60/62 

Starting simulation of basis vector 61/62
Performing CTM pre-steps without tracking
  | CTM step 1 conv: 1.000e+00 time: 0.57
  | CTM step 2 conv: 1.000e+00 time: 0.63
  | CTM step 3 conv: 1.000e+00 time: 0.69
  | CTM step 4 conv: 3.200e-05 time: 0.66
  | CTM step 5 conv: 1.130e-05 time: 0.65
Performing CTM
  | CTM step 1 conv: 1.000e+00 time: 0.85
  | CTM step 2 conv: 1.490e-08 time: 1.11
  | CTM step 3 conv: 1.977e-09 time: 1.01
Energies: 1.0436624905450562 1.7485836640281644e-13
Norm: 0.22034296169194792
========== 
Finished basis vector 61/62 

Starting simulation of basis vector 62/62
Performing CTM pre-steps without tracking
  | CTM step 1 conv: 1.000e+00 time: 0.57
  | CTM step 2 conv: 1.000e+00 time: 0.64
  | CTM step 3 conv: 1.000e+00 time: 0.65
  | CTM step 4 conv: 3.200e-05 time: 0.66
  | CTM step 5 conv: 1.130e-05 time: 0.66
Performing CTM
  | CTM step 1 conv: 1.000e+00 time: 0.85
  | CTM step 2 conv: 1.490e-08 time: 1.02
  | CTM step 3 conv: 1.977e-09 time: 1.01
Energies: 0.3963715989757679 1.7485836640281644e-13
Norm: 0.07588703898521112
========== 
Finished basis vector 62/62 

[[ 0.18612725+7.07836664e-06j  0.02201131+2.34512074e-02j
  -0.15257345-1.41793305e-02j ...  0.23107462-4.44672398e-02j
  -0.48640292+9.42970059e-02j  0.26728417-5.17994338e-02j]
 [ 0.02202351-2.34392541e-02j  0.02077993+5.26591352e-06j
  -0.02055984+1.67021762e-02j ...  0.03157161-3.40801853e-02j
  -0.05872176+7.48169815e-02j  0.03630949-4.09290875e-02j]
 [-0.15255224+1.41406443e-02j -0.02053003-1.67213480e-02j
   0.13178762+3.63446013e-05j ... -0.189052  +5.58332447e-02j
   0.39277508-1.19443132e-01j -0.22060933+6.58723412e-02j]
 ...
 [ 0.23065221+4.49892267e-02j  0.0318405 +3.41516512e-02j
  -0.18833954-5.61789904e-02j ...  0.59090745+8.84890002e-06j
  -0.80735247+2.42175410e-03j  0.59516613-7.98913655e-04j]
 [-0.48463697-9.21340947e-02j -0.05769016-7.40287756e-02j
   0.39029477+1.16350395e-01j ... -0.80739364-2.94744375e-03j
   2.08806061+1.76123721e-04j -1.08738114-1.94213791e-03j]
 [ 0.26636845+5.18411062e-02j  0.03574935+4.08327188e-02j
  -0.21940709-6.55139172e-02j ...  0.59520145+1.02987612e-03j
  -1.08733861+1.17633840e-03j  0.79299617+2.70979056e-04j]]
[[ 0.04888281+2.15405696e-08j  0.00358292+6.94539085e-03j
  -0.04087822-3.57311031e-03j ...  0.05993079-1.17991504e-02j
  -0.12734786+2.50208727e-02j  0.06980067-1.37327841e-02j]
 [ 0.00358302-6.94529093e-03j  0.00390705+3.34901298e-08j
  -0.003392  +5.40857753e-03j ...  0.00464899-9.20486351e-03j
  -0.00865736+1.99816055e-02j  0.00521689-1.09875597e-02j]
 [-0.04087812+3.57313616e-03j -0.00339184-5.40867262e-03j
   0.03518303-6.54091621e-08j ... -0.04950855+1.45046283e-02j
   0.10469518-3.09772180e-02j -0.0580401 +1.70371466e-02j]
 ...
 [ 0.05993079+1.17991493e-02j  0.00464899+9.20486471e-03j
  -0.04950855-1.45046261e-02j ...  0.11152551+3.61717832e-09j
  -0.18632563+2.30840821e-04j  0.12019294-1.01651948e-04j]
 [-0.12734786-2.50208745e-02j -0.00865735-1.99816134e-02j
   0.10469518+3.09772155e-02j ... -0.18632562-2.30830056e-04j
   0.44068592+3.05027292e-09j -0.2354444 -1.64782089e-04j]
 [ 0.06980067+1.37327839e-02j  0.00521688+1.09875627e-02j
  -0.0580401 -1.70371446e-02j ...  0.12019293+1.01651332e-04j
  -0.23544442+1.64790129e-04j  0.15177408-5.52146371e-09j]]
Done
Saved to /share/home/tanyi/ad-peps/simulations/exci/h2_ising_D2_X30/9_1.0_0.88889.npz
