No GPU/TPU found, falling back to CPU. (Set TF_CPP_MIN_LOG_LEVEL=0 and rerun for more info.)
Namespace(version=False, sim_mode='exci', config_file='ising_D2_exci.yaml', momentum_ix=11, evaluate=False, init=False)
Running excited-state sim
ising_D2_exci.yaml
/share/home/tanyi/ad-peps/examples/ising_D2_exci.yaml
/share/home/tanyi/ad-peps/examples/ising_D2_exci.yaml
D: 2
chi: 30
ctm_conv_tol: 1.0e-06
ctm_max_iter: 20
ctm_min_iter: 4
disp_level: 1
flush_output: true
model: ising
model_params:
  h: 2
momentum_path: Bril1
out_prefix: h2
pattern:
- - 0
  - 1
- - 1
  - 0
resume: true

Starting simulation of basis vector 1/62
Performing CTM pre-steps without tracking
  | CTM step 1 conv: 1.000e+00 time: 2.92
  | CTM step 2 conv: 1.000e+00 time: 6.05
  | CTM step 3 conv: 1.000e+00 time: 9.14
  | CTM step 4 conv: 3.200e-05 time: 7.08
  | CTM step 5 conv: 1.130e-05 time: 0.66
Performing CTM
  | CTM step 1 conv: 1.000e+00 time: 1.96
  | CTM step 2 conv: 1.490e-08 time: 1.25
  | CTM step 3 conv: 1.977e-09 time: 1.07
Energies: 0.0876776939796046 1.7485836640281644e-13
Norm: 0.022815428875982438
========== 
Finished basis vector 1/62 

Starting simulation of basis vector 2/62
Performing CTM pre-steps without tracking
  | CTM step 1 conv: 1.000e+00 time: 0.58
  | CTM step 2 conv: 1.000e+00 time: 0.66
  | CTM step 3 conv: 1.000e+00 time: 0.68
  | CTM step 4 conv: 3.200e-05 time: 0.67
  | CTM step 5 conv: 1.130e-05 time: 0.66
Performing CTM
  | CTM step 1 conv: 1.000e+00 time: 0.87
  | CTM step 2 conv: 1.490e-08 time: 1.04
  | CTM step 3 conv: 1.977e-09 time: 1.1
Energies: 0.011391497561044898 1.7485836640281644e-13
Norm: 0.0023134072354507153
========== 
Finished basis vector 2/62 

Starting simulation of basis vector 3/62
Performing CTM pre-steps without tracking
  | CTM step 1 conv: 1.000e+00 time: 0.57
  | CTM step 2 conv: 1.000e+00 time: 0.64
  | CTM step 3 conv: 1.000e+00 time: 0.66
  | CTM step 4 conv: 3.200e-05 time: 0.67
  | CTM step 5 conv: 1.130e-05 time: 0.67
Performing CTM
  | CTM step 1 conv: 1.000e+00 time: 0.86
  | CTM step 2 conv: 1.490e-08 time: 1.11
  | CTM step 3 conv: 1.977e-09 time: 1.04
Energies: 0.07686238081603869 1.7485836640281644e-13
Norm: 0.020194571011030803
========== 
Finished basis vector 3/62 

Starting simulation of basis vector 4/62
Performing CTM pre-steps without tracking
  | CTM step 1 conv: 1.000e+00 time: 0.57
  | CTM step 2 conv: 1.000e+00 time: 0.64
  | CTM step 3 conv: 1.000e+00 time: 0.66
  | CTM step 4 conv: 3.200e-05 time: 0.66
  | CTM step 5 conv: 1.130e-05 time: 0.65
Performing CTM
  | CTM step 1 conv: 1.000e+00 time: 0.85
  | CTM step 2 conv: 1.490e-08 time: 1.03
  | CTM step 3 conv: 1.977e-09 time: 1.05
Energies: 0.02814736089104008 1.7485836640281644e-13
Norm: 0.007476332640325944
========== 
Finished basis vector 4/62 

Starting simulation of basis vector 5/62
Performing CTM pre-steps without tracking
  | CTM step 1 conv: 1.000e+00 time: 0.58
  | CTM step 2 conv: 1.000e+00 time: 0.64
  | CTM step 3 conv: 1.000e+00 time: 0.68
  | CTM step 4 conv: 3.200e-05 time: 0.67
  | CTM step 5 conv: 1.130e-05 time: 0.66
Performing CTM
  | CTM step 1 conv: 1.000e+00 time: 0.86
  | CTM step 2 conv: 1.490e-08 time: 1.03
  | CTM step 3 conv: 1.977e-09 time: 1.02
Energies: 0.005606767759732834 1.7485836640281644e-13
Norm: 0.0013505626648957739
========== 
Finished basis vector 5/62 

Starting simulation of basis vector 6/62
Performing CTM pre-steps without tracking
  | CTM step 1 conv: 1.000e+00 time: 0.57
  | CTM step 2 conv: 1.000e+00 time: 0.63
  | CTM step 3 conv: 1.000e+00 time: 0.65
  | CTM step 4 conv: 3.200e-05 time: 0.65
  | CTM step 5 conv: 1.130e-05 time: 0.65
Performing CTM
  | CTM step 1 conv: 1.000e+00 time: 0.85
  | CTM step 2 conv: 1.490e-08 time: 1.02
  | CTM step 3 conv: 1.977e-09 time: 1.1
Energies: 0.0792487461691089 1.7485836640281644e-13
Norm: 0.02164480663068689
========== 
Finished basis vector 6/62 

Starting simulation of basis vector 7/62
Performing CTM pre-steps without tracking
  | CTM step 1 conv: 1.000e+00 time: 0.57
  | CTM step 2 conv: 1.000e+00 time: 0.64
  | CTM step 3 conv: 1.000e+00 time: 0.66
  | CTM step 4 conv: 3.200e-05 time: 0.67
  | CTM step 5 conv: 1.130e-05 time: 0.65
Performing CTM
  | CTM step 1 conv: 1.000e+00 time: 0.86
  | CTM step 2 conv: 1.490e-08 time: 1.09
  | CTM step 3 conv: 1.977e-09 time: 1.03
Energies: 0.013837442893956248 1.7485836640281644e-13
Norm: 0.003371260897090449
========== 
Finished basis vector 7/62 

Starting simulation of basis vector 8/62
Performing CTM pre-steps without tracking
  | CTM step 1 conv: 1.000e+00 time: 0.57
  | CTM step 2 conv: 1.000e+00 time: 0.64
  | CTM step 3 conv: 1.000e+00 time: 0.66
  | CTM step 4 conv: 3.200e-05 time: 0.65
  | CTM step 5 conv: 1.130e-05 time: 0.67
Performing CTM
  | CTM step 1 conv: 1.000e+00 time: 0.87
  | CTM step 2 conv: 1.490e-08 time: 1.04
  | CTM step 3 conv: 1.977e-09 time: 1.03
Energies: 0.048222678933405615 1.7485836640281644e-13
Norm: 0.013419778768500265
========== 
Finished basis vector 8/62 

Starting simulation of basis vector 9/62
Performing CTM pre-steps without tracking
  | CTM step 1 conv: 1.000e+00 time: 0.57
  | CTM step 2 conv: 1.000e+00 time: 0.64
  | CTM step 3 conv: 1.000e+00 time: 0.66
  | CTM step 4 conv: 3.200e-05 time: 0.66
  | CTM step 5 conv: 1.130e-05 time: 0.65
Performing CTM
  | CTM step 1 conv: 1.000e+00 time: 0.85
  | CTM step 2 conv: 1.490e-08 time: 1.02
  | CTM step 3 conv: 1.977e-09 time: 1.02
Energies: 0.016730031542708454 1.7485836640281644e-13
Norm: 0.0038189060696973754
========== 
Finished basis vector 9/62 

Starting simulation of basis vector 10/62
Performing CTM pre-steps without tracking
  | CTM step 1 conv: 1.000e+00 time: 0.57
  | CTM step 2 conv: 1.000e+00 time: 0.63
  | CTM step 3 conv: 1.000e+00 time: 0.65
  | CTM step 4 conv: 3.200e-05 time: 0.65
  | CTM step 5 conv: 1.130e-05 time: 0.65
Performing CTM
  | CTM step 1 conv: 1.000e+00 time: 0.85
  | CTM step 2 conv: 1.490e-08 time: 1.02
  | CTM step 3 conv: 1.977e-09 time: 1.13
Energies: 0.17135207798175214 1.7485836640281644e-13
Norm: 0.047472747564392424
========== 
Finished basis vector 10/62 

Starting simulation of basis vector 11/62
Performing CTM pre-steps without tracking
  | CTM step 1 conv: 1.000e+00 time: 0.57
  | CTM step 2 conv: 1.000e+00 time: 0.63
  | CTM step 3 conv: 1.000e+00 time: 0.65
  | CTM step 4 conv: 3.200e-05 time: 0.65
  | CTM step 5 conv: 1.130e-05 time: 0.65
Performing CTM
  | CTM step 1 conv: 1.000e+00 time: 0.86
  | CTM step 2 conv: 1.490e-08 time: 1.07
  | CTM step 3 conv: 1.977e-09 time: 1.07
Energies: 0.009162043444189256 1.7485836640281644e-13
Norm: 0.001564622923062304
========== 
Finished basis vector 11/62 

Starting simulation of basis vector 12/62
Performing CTM pre-steps without tracking
  | CTM step 1 conv: 1.000e+00 time: 0.57
  | CTM step 2 conv: 1.000e+00 time: 0.64
  | CTM step 3 conv: 1.000e+00 time: 0.65
  | CTM step 4 conv: 3.200e-05 time: 0.66
  | CTM step 5 conv: 1.130e-05 time: 0.65
Performing CTM
  | CTM step 1 conv: 1.000e+00 time: 0.85
  | CTM step 2 conv: 1.490e-08 time: 1.02
  | CTM step 3 conv: 1.977e-09 time: 1.02
Energies: 0.05009493770985035 1.7485836640281644e-13
Norm: 0.013956135683589502
========== 
Finished basis vector 12/62 

Starting simulation of basis vector 13/62
Performing CTM pre-steps without tracking
  | CTM step 1 conv: 1.000e+00 time: 0.57
  | CTM step 2 conv: 1.000e+00 time: 0.63
  | CTM step 3 conv: 1.000e+00 time: 0.65
  | CTM step 4 conv: 3.200e-05 time: 0.65
  | CTM step 5 conv: 1.130e-05 time: 0.65
Performing CTM
  | CTM step 1 conv: 1.000e+00 time: 0.86
  | CTM step 2 conv: 1.490e-08 time: 1.03
  | CTM step 3 conv: 1.977e-09 time: 1.02
Energies: 0.006049733919456679 1.7485836640281644e-13
Norm: 0.0014029430618358954
========== 
Finished basis vector 13/62 

Starting simulation of basis vector 14/62
Performing CTM pre-steps without tracking
  | CTM step 1 conv: 1.000e+00 time: 0.57
  | CTM step 2 conv: 1.000e+00 time: 0.64
  | CTM step 3 conv: 1.000e+00 time: 0.65
  | CTM step 4 conv: 3.200e-05 time: 0.66
  | CTM step 5 conv: 1.130e-05 time: 0.65
Performing CTM
  | CTM step 1 conv: 1.000e+00 time: 0.85
  | CTM step 2 conv: 1.490e-08 time: 1.02
  | CTM step 3 conv: 1.977e-09 time: 1.07
Energies: 0.12511698073569674 1.7485836640281644e-13
Norm: 0.03442871377353916
========== 
Finished basis vector 14/62 

Starting simulation of basis vector 15/62
Performing CTM pre-steps without tracking
  | CTM step 1 conv: 1.000e+00 time: 0.57
  | CTM step 2 conv: 1.000e+00 time: 0.63
  | CTM step 3 conv: 1.000e+00 time: 0.64
  | CTM step 4 conv: 3.200e-05 time: 0.65
  | CTM step 5 conv: 1.130e-05 time: 0.65
Performing CTM
  | CTM step 1 conv: 1.000e+00 time: 0.93
  | CTM step 2 conv: 1.490e-08 time: 1.05
  | CTM step 3 conv: 1.977e-09 time: 1.03
Energies: 0.01449821899474749 1.7485836640281644e-13
Norm: 0.0038061133420737433
========== 
Finished basis vector 15/62 

Starting simulation of basis vector 16/62
Performing CTM pre-steps without tracking
  | CTM step 1 conv: 1.000e+00 time: 0.58
  | CTM step 2 conv: 1.000e+00 time: 0.64
  | CTM step 3 conv: 1.000e+00 time: 0.65
  | CTM step 4 conv: 3.200e-05 time: 0.71
  | CTM step 5 conv: 1.130e-05 time: 0.65
Performing CTM
  | CTM step 1 conv: 1.000e+00 time: 0.85
  | CTM step 2 conv: 1.490e-08 time: 1.02
  | CTM step 3 conv: 1.977e-09 time: 1.01
Energies: 1.341043219702827 1.7485836640281644e-13
Norm: 0.3196789039022356
========== 
Finished basis vector 16/62 

Starting simulation of basis vector 17/62
Performing CTM pre-steps without tracking
  | CTM step 1 conv: 1.000e+00 time: 0.57
  | CTM step 2 conv: 1.000e+00 time: 0.63
  | CTM step 3 conv: 1.000e+00 time: 0.65
  | CTM step 4 conv: 3.200e-05 time: 0.7
  | CTM step 5 conv: 1.130e-05 time: 0.65
Performing CTM
  | CTM step 1 conv: 1.000e+00 time: 0.85
  | CTM step 2 conv: 1.490e-08 time: 1.02
  | CTM step 3 conv: 1.977e-09 time: 1.02
Energies: 0.36295473740036743 1.7485836640281644e-13
Norm: 0.08083858204550441
========== 
Finished basis vector 17/62 

Starting simulation of basis vector 18/62
Performing CTM pre-steps without tracking
  | CTM step 1 conv: 1.000e+00 time: 0.57
  | CTM step 2 conv: 1.000e+00 time: 0.63
  | CTM step 3 conv: 1.000e+00 time: 0.65
  | CTM step 4 conv: 3.200e-05 time: 0.65
  | CTM step 5 conv: 1.130e-05 time: 0.65
Performing CTM
  | CTM step 1 conv: 1.000e+00 time: 0.85
  | CTM step 2 conv: 1.490e-08 time: 1.02
  | CTM step 3 conv: 1.977e-09 time: 1.07
Energies: 2.0916861603264953 1.7485836640281644e-13
Norm: 0.5028996493142255
========== 
Finished basis vector 18/62 

Starting simulation of basis vector 19/62
Performing CTM pre-steps without tracking
  | CTM step 1 conv: 1.000e+00 time: 0.57
  | CTM step 2 conv: 1.000e+00 time: 0.63
  | CTM step 3 conv: 1.000e+00 time: 0.66
  | CTM step 4 conv: 3.200e-05 time: 0.66
  | CTM step 5 conv: 1.130e-05 time: 0.65
Performing CTM
  | CTM step 1 conv: 1.000e+00 time: 0.85
  | CTM step 2 conv: 1.490e-08 time: 1.03
  | CTM step 3 conv: 1.977e-09 time: 1.02
Energies: 0.5619219481836011 1.7485836640281644e-13
Norm: 0.12634914124101765
========== 
Finished basis vector 19/62 

Starting simulation of basis vector 20/62
Performing CTM pre-steps without tracking
  | CTM step 1 conv: 1.000e+00 time: 0.57
  | CTM step 2 conv: 1.000e+00 time: 0.64
  | CTM step 3 conv: 1.000e+00 time: 0.65
  | CTM step 4 conv: 3.200e-05 time: 0.65
  | CTM step 5 conv: 1.130e-05 time: 0.65
Performing CTM
  | CTM step 1 conv: 1.000e+00 time: 0.85
  | CTM step 2 conv: 1.490e-08 time: 1.02
  | CTM step 3 conv: 1.977e-09 time: 1.01
Energies: 0.19327172586064986 1.7485836640281644e-13
Norm: 0.038989121142865873
========== 
Finished basis vector 20/62 

Starting simulation of basis vector 21/62
Performing CTM pre-steps without tracking
  | CTM step 1 conv: 1.000e+00 time: 0.57
  | CTM step 2 conv: 1.000e+00 time: 0.63
  | CTM step 3 conv: 1.000e+00 time: 0.65
  | CTM step 4 conv: 3.200e-05 time: 0.65
  | CTM step 5 conv: 1.130e-05 time: 0.65
Performing CTM
  | CTM step 1 conv: 1.000e+00 time: 0.85
  | CTM step 2 conv: 1.490e-08 time: 1.02
  | CTM step 3 conv: 1.977e-09 time: 1.07
Energies: 0.05199957775848284 1.7485836640281644e-13
Norm: 0.009823126849036015
========== 
Finished basis vector 21/62 

Starting simulation of basis vector 22/62
Performing CTM pre-steps without tracking
  | CTM step 1 conv: 1.000e+00 time: 0.57
  | CTM step 2 conv: 1.000e+00 time: 0.64
  | CTM step 3 conv: 1.000e+00 time: 0.65
  | CTM step 4 conv: 3.200e-05 time: 0.65
  | CTM step 5 conv: 1.130e-05 time: 0.65
Performing CTM
  | CTM step 1 conv: 1.000e+00 time: 0.85
  | CTM step 2 conv: 1.490e-08 time: 1.02
  | CTM step 3 conv: 1.977e-09 time: 1.01
Energies: 0.2989842285533465 1.7485836640281644e-13
Norm: 0.060785704099298656
========== 
Finished basis vector 22/62 

Starting simulation of basis vector 23/62
Performing CTM pre-steps without tracking
  | CTM step 1 conv: 1.000e+00 time: 0.57
  | CTM step 2 conv: 1.000e+00 time: 0.63
  | CTM step 3 conv: 1.000e+00 time: 0.67
  | CTM step 4 conv: 3.200e-05 time: 0.65
  | CTM step 5 conv: 1.130e-05 time: 0.65
Performing CTM
  | CTM step 1 conv: 1.000e+00 time: 0.85
  | CTM step 2 conv: 1.490e-08 time: 1.02
  | CTM step 3 conv: 1.977e-09 time: 1.03
Energies: 0.07998034343425156 1.7485836640281644e-13
Norm: 0.015227541128709454
========== 
Finished basis vector 23/62 

Starting simulation of basis vector 24/62
Performing CTM pre-steps without tracking
  | CTM step 1 conv: 1.000e+00 time: 0.57
  | CTM step 2 conv: 1.000e+00 time: 0.63
  | CTM step 3 conv: 1.000e+00 time: 0.64
  | CTM step 4 conv: 3.200e-05 time: 0.65
  | CTM step 5 conv: 1.130e-05 time: 0.64
Performing CTM
  | CTM step 1 conv: 1.000e+00 time: 0.85
  | CTM step 2 conv: 1.490e-08 time: 1.02
  | CTM step 3 conv: 1.977e-09 time: 1.01
Energies: 1.127577824986751 1.7485836640281644e-13
Norm: 0.2699394613986267
========== 
Finished basis vector 24/62 

Starting simulation of basis vector 25/62
Performing CTM pre-steps without tracking
  | CTM step 1 conv: 1.000e+00 time: 0.57
  | CTM step 2 conv: 1.000e+00 time: 0.63
  | CTM step 3 conv: 1.000e+00 time: 0.64
  | CTM step 4 conv: 3.200e-05 time: 0.65
  | CTM step 5 conv: 1.130e-05 time: 0.65
Performing CTM
  | CTM step 1 conv: 1.000e+00 time: 0.85
  | CTM step 2 conv: 1.490e-08 time: 1.02
  | CTM step 3 conv: 1.977e-09 time: 1.01
Energies: 0.30676138367915723 1.7485836640281644e-13
Norm: 0.0679038743646431
========== 
Finished basis vector 25/62 

Starting simulation of basis vector 26/62
Performing CTM pre-steps without tracking
  | CTM step 1 conv: 1.000e+00 time: 0.57
  | CTM step 2 conv: 1.000e+00 time: 0.63
  | CTM step 3 conv: 1.000e+00 time: 0.65
  | CTM step 4 conv: 3.200e-05 time: 0.65
  | CTM step 5 conv: 1.130e-05 time: 0.64
Performing CTM
  | CTM step 1 conv: 1.000e+00 time: 0.85
  | CTM step 2 conv: 1.490e-08 time: 1.01
  | CTM step 3 conv: 1.977e-09 time: 1.06
Energies: 1.7536578856299108 1.7485836640281644e-13
Norm: 0.4249380089525316
========== 
Finished basis vector 26/62 

Starting simulation of basis vector 27/62
Performing CTM pre-steps without tracking
  | CTM step 1 conv: 1.000e+00 time: 0.56
  | CTM step 2 conv: 1.000e+00 time: 0.63
  | CTM step 3 conv: 1.000e+00 time: 0.64
  | CTM step 4 conv: 3.200e-05 time: 0.65
  | CTM step 5 conv: 1.130e-05 time: 0.64
Performing CTM
  | CTM step 1 conv: 1.000e+00 time: 0.84
  | CTM step 2 conv: 1.490e-08 time: 1.01
  | CTM step 3 conv: 1.977e-09 time: 1.01
Energies: 0.4739736755224049 1.7485836640281644e-13
Norm: 0.1062186154645457
========== 
Finished basis vector 27/62 

Starting simulation of basis vector 28/62
Performing CTM pre-steps without tracking
  | CTM step 1 conv: 1.000e+00 time: 0.57
  | CTM step 2 conv: 1.000e+00 time: 0.62
  | CTM step 3 conv: 1.000e+00 time: 0.64
  | CTM step 4 conv: 3.200e-05 time: 0.64
  | CTM step 5 conv: 1.130e-05 time: 0.64
Performing CTM
  | CTM step 1 conv: 1.000e+00 time: 0.84
  | CTM step 2 conv: 1.490e-08 time: 1.01
  | CTM step 3 conv: 1.977e-09 time: 1.01
Energies: 0.16475769546061492 1.7485836640281644e-13
Norm: 0.03350057832443342
========== 
Finished basis vector 28/62 

Starting simulation of basis vector 29/62
Performing CTM pre-steps without tracking
  | CTM step 1 conv: 1.000e+00 time: 0.56
  | CTM step 2 conv: 1.000e+00 time: 0.62
  | CTM step 3 conv: 1.000e+00 time: 0.64
  | CTM step 4 conv: 3.200e-05 time: 0.64
  | CTM step 5 conv: 1.130e-05 time: 0.64
Performing CTM
  | CTM step 1 conv: 1.000e+00 time: 0.84
  | CTM step 2 conv: 1.490e-08 time: 1.01
  | CTM step 3 conv: 1.977e-09 time: 1.01
Energies: 0.0445211056290396 1.7485836640281644e-13
Norm: 0.008401844642087293
========== 
Finished basis vector 29/62 

Starting simulation of basis vector 30/62
Performing CTM pre-steps without tracking
  | CTM step 1 conv: 1.000e+00 time: 0.56
  | CTM step 2 conv: 1.000e+00 time: 0.62
  | CTM step 3 conv: 1.000e+00 time: 0.64
  | CTM step 4 conv: 3.200e-05 time: 0.65
  | CTM step 5 conv: 1.130e-05 time: 0.64
Performing CTM
  | CTM step 1 conv: 1.000e+00 time: 0.85
  | CTM step 2 conv: 1.490e-08 time: 1.01
  | CTM step 3 conv: 1.977e-09 time: 1.07
Energies: 0.2545572164870437 1.7485836640281644e-13
Norm: 0.05228453299712129
========== 
Finished basis vector 30/62 

Starting simulation of basis vector 31/62
Performing CTM pre-steps without tracking
  | CTM step 1 conv: 1.000e+00 time: 0.57
  | CTM step 2 conv: 1.000e+00 time: 0.63
  | CTM step 3 conv: 1.000e+00 time: 0.64
  | CTM step 4 conv: 3.200e-05 time: 0.65
  | CTM step 5 conv: 1.130e-05 time: 0.64
Performing CTM
  | CTM step 1 conv: 1.000e+00 time: 0.84
  | CTM step 2 conv: 1.490e-08 time: 1.06
  | CTM step 3 conv: 1.977e-09 time: 1.01
Energies: 0.06830980566048667 1.7485836640281644e-13
Norm: 0.013023466639789111
========== 
Finished basis vector 31/62 

Starting simulation of basis vector 32/62
Performing CTM pre-steps without tracking
  | CTM step 1 conv: 1.000e+00 time: 0.57
  | CTM step 2 conv: 1.000e+00 time: 0.63
  | CTM step 3 conv: 1.000e+00 time: 0.64
  | CTM step 4 conv: 3.200e-05 time: 0.64
  | CTM step 5 conv: 1.130e-05 time: 0.64
Performing CTM
  | CTM step 1 conv: 1.000e+00 time: 0.84
  | CTM step 2 conv: 1.490e-08 time: 1.01
  | CTM step 3 conv: 1.977e-09 time: 1.01
Energies: 0.023179809291184666 1.7485836640281644e-13
Norm: 0.0030413308052165697
========== 
Finished basis vector 32/62 

Starting simulation of basis vector 33/62
Performing CTM pre-steps without tracking
  | CTM step 1 conv: 1.000e+00 time: 0.57
  | CTM step 2 conv: 1.000e+00 time: 0.63
  | CTM step 3 conv: 1.000e+00 time: 0.64
  | CTM step 4 conv: 3.200e-05 time: 0.65
  | CTM step 5 conv: 1.130e-05 time: 0.66
Performing CTM
  | CTM step 1 conv: 1.000e+00 time: 0.85
  | CTM step 2 conv: 1.490e-08 time: 1.01
  | CTM step 3 conv: 1.977e-09 time: 1.01
Energies: 0.12179466782878717 1.7485836640281644e-13
Norm: 0.02845035506670384
========== 
Finished basis vector 33/62 

Starting simulation of basis vector 34/62
Performing CTM pre-steps without tracking
  | CTM step 1 conv: 1.000e+00 time: 0.56
  | CTM step 2 conv: 1.000e+00 time: 0.62
  | CTM step 3 conv: 1.000e+00 time: 0.64
  | CTM step 4 conv: 3.200e-05 time: 0.64
  | CTM step 5 conv: 1.130e-05 time: 0.64
Performing CTM
  | CTM step 1 conv: 1.000e+00 time: 0.84
  | CTM step 2 conv: 1.490e-08 time: 1.01
  | CTM step 3 conv: 1.977e-09 time: 1.01
Energies: 0.04822382902834068 1.7485836640281644e-13
Norm: 0.010508183498543815
========== 
Finished basis vector 34/62 

Starting simulation of basis vector 35/62
Performing CTM pre-steps without tracking
  | CTM step 1 conv: 1.000e+00 time: 0.57
  | CTM step 2 conv: 1.000e+00 time: 0.63
  | CTM step 3 conv: 1.000e+00 time: 0.64
  | CTM step 4 conv: 3.200e-05 time: 0.65
  | CTM step 5 conv: 1.130e-05 time: 0.64
Performing CTM
  | CTM step 1 conv: 1.000e+00 time: 0.84
  | CTM step 2 conv: 1.490e-08 time: 1.01
  | CTM step 3 conv: 1.977e-09 time: 1.06
Energies: 0.22094745300876978 1.7485836640281644e-13
Norm: 0.05668522119963073
========== 
Finished basis vector 35/62 

Starting simulation of basis vector 36/62
Performing CTM pre-steps without tracking
  | CTM step 1 conv: 1.000e+00 time: 0.57
  | CTM step 2 conv: 1.000e+00 time: 0.63
  | CTM step 3 conv: 1.000e+00 time: 0.78
  | CTM step 4 conv: 3.200e-05 time: 0.65
  | CTM step 5 conv: 1.130e-05 time: 0.65
Performing CTM
  | CTM step 1 conv: 1.000e+00 time: 0.89
  | CTM step 2 conv: 1.490e-08 time: 1.01
  | CTM step 3 conv: 1.977e-09 time: 1.01
Energies: 0.02955900014080602 1.7485836640281644e-13
Norm: 0.006840966903819899
========== 
Finished basis vector 36/62 

Starting simulation of basis vector 37/62
Performing CTM pre-steps without tracking
  | CTM step 1 conv: 1.000e+00 time: 0.57
  | CTM step 2 conv: 1.000e+00 time: 0.63
  | CTM step 3 conv: 1.000e+00 time: 0.64
  | CTM step 4 conv: 3.200e-05 time: 0.65
  | CTM step 5 conv: 1.130e-05 time: 0.64
Performing CTM
  | CTM step 1 conv: 1.000e+00 time: 0.84
  | CTM step 2 conv: 1.490e-08 time: 1.01
  | CTM step 3 conv: 1.977e-09 time: 1.01
Energies: 0.1302589075858286 1.7485836640281644e-13
Norm: 0.030512591518344886
========== 
Finished basis vector 37/62 

Starting simulation of basis vector 38/62
Performing CTM pre-steps without tracking
  | CTM step 1 conv: 1.000e+00 time: 0.57
  | CTM step 2 conv: 1.000e+00 time: 0.63
  | CTM step 3 conv: 1.000e+00 time: 0.64
  | CTM step 4 conv: 3.200e-05 time: 0.65
  | CTM step 5 conv: 1.130e-05 time: 0.65
Performing CTM
  | CTM step 1 conv: 1.000e+00 time: 0.9
  | CTM step 2 conv: 1.490e-08 time: 1.01
  | CTM step 3 conv: 1.977e-09 time: 1.01
Energies: 0.02989107851158499 1.7485836640281644e-13
Norm: 0.003937401738801682
========== 
Finished basis vector 38/62 

Starting simulation of basis vector 39/62
Performing CTM pre-steps without tracking
  | CTM step 1 conv: 1.000e+00 time: 0.57
  | CTM step 2 conv: 1.000e+00 time: 0.63
  | CTM step 3 conv: 1.000e+00 time: 0.64
  | CTM step 4 conv: 3.200e-05 time: 0.64
  | CTM step 5 conv: 1.130e-05 time: 0.64
Performing CTM
  | CTM step 1 conv: 1.000e+00 time: 0.84
  | CTM step 2 conv: 1.490e-08 time: 1.01
  | CTM step 3 conv: 1.977e-09 time: 1.06
Energies: 0.07573179379906873 1.7485836640281644e-13
Norm: 0.015999570252229926
========== 
Finished basis vector 39/62 

Starting simulation of basis vector 40/62
Performing CTM pre-steps without tracking
  | CTM step 1 conv: 1.000e+00 time: 0.56
  | CTM step 2 conv: 1.000e+00 time: 0.63
  | CTM step 3 conv: 1.000e+00 time: 0.64
  | CTM step 4 conv: 3.200e-05 time: 0.65
  | CTM step 5 conv: 1.130e-05 time: 0.64
Performing CTM
  | CTM step 1 conv: 1.000e+00 time: 0.84
  | CTM step 2 conv: 1.490e-08 time: 1.01
  | CTM step 3 conv: 1.977e-09 time: 1.01
Energies: 0.17429615754766947 1.7485836640281644e-13
Norm: 0.04365839863053269
========== 
Finished basis vector 40/62 

Starting simulation of basis vector 41/62
Performing CTM pre-steps without tracking
  | CTM step 1 conv: 1.000e+00 time: 0.57
  | CTM step 2 conv: 1.000e+00 time: 0.63
  | CTM step 3 conv: 1.000e+00 time: 0.64
  | CTM step 4 conv: 3.200e-05 time: 0.65
  | CTM step 5 conv: 1.130e-05 time: 0.65
Performing CTM
  | CTM step 1 conv: 1.000e+00 time: 0.84
  | CTM step 2 conv: 1.490e-08 time: 1.01
  | CTM step 3 conv: 1.977e-09 time: 1.01
Energies: 0.47120318820258567 1.7485836640281644e-13
Norm: 0.1269887099791646
========== 
Finished basis vector 41/62 

Starting simulation of basis vector 42/62
Performing CTM pre-steps without tracking
  | CTM step 1 conv: 1.000e+00 time: 0.56
  | CTM step 2 conv: 1.000e+00 time: 0.63
  | CTM step 3 conv: 1.000e+00 time: 0.64
  | CTM step 4 conv: 3.200e-05 time: 0.65
  | CTM step 5 conv: 1.130e-05 time: 0.64
Performing CTM
  | CTM step 1 conv: 1.000e+00 time: 0.84
  | CTM step 2 conv: 1.490e-08 time: 1.01
  | CTM step 3 conv: 1.977e-09 time: 1.07
Energies: 0.4974434795691979 1.7485836640281644e-13
Norm: 0.12945438418093624
========== 
Finished basis vector 42/62 

Starting simulation of basis vector 43/62
Performing CTM pre-steps without tracking
  | CTM step 1 conv: 1.000e+00 time: 0.57
  | CTM step 2 conv: 1.000e+00 time: 0.63
  | CTM step 3 conv: 1.000e+00 time: 0.64
  | CTM step 4 conv: 3.200e-05 time: 0.65
  | CTM step 5 conv: 1.130e-05 time: 0.64
Performing CTM
  | CTM step 1 conv: 1.000e+00 time: 0.84
  | CTM step 2 conv: 1.490e-08 time: 1.01
  | CTM step 3 conv: 1.977e-09 time: 1.01
Energies: 0.10460530803959837 1.7485836640281644e-13
Norm: 0.027873412171154036
========== 
Finished basis vector 43/62 

Starting simulation of basis vector 44/62
Performing CTM pre-steps without tracking
  | CTM step 1 conv: 1.000e+00 time: 0.56
  | CTM step 2 conv: 1.000e+00 time: 0.62
  | CTM step 3 conv: 1.000e+00 time: 0.64
  | CTM step 4 conv: 3.200e-05 time: 0.64
  | CTM step 5 conv: 1.130e-05 time: 0.64
Performing CTM
  | CTM step 1 conv: 1.000e+00 time: 0.84
  | CTM step 2 conv: 1.490e-08 time: 1.01
  | CTM step 3 conv: 1.977e-09 time: 1.01
Energies: 0.0615557870022142 1.7485836640281644e-13
Norm: 0.013451133759298396
========== 
Finished basis vector 44/62 

Starting simulation of basis vector 45/62
Performing CTM pre-steps without tracking
  | CTM step 1 conv: 1.000e+00 time: 0.56
  | CTM step 2 conv: 1.000e+00 time: 0.62
  | CTM step 3 conv: 1.000e+00 time: 0.64
  | CTM step 4 conv: 3.200e-05 time: 0.64
  | CTM step 5 conv: 1.130e-05 time: 0.64
Performing CTM
  | CTM step 1 conv: 1.000e+00 time: 0.84
  | CTM step 2 conv: 1.490e-08 time: 1.01
  | CTM step 3 conv: 1.977e-09 time: 1.0
Energies: 0.04267851280306287 1.7485836640281644e-13
Norm: 0.007623944113245101
========== 
Finished basis vector 45/62 

Starting simulation of basis vector 46/62
Performing CTM pre-steps without tracking
  | CTM step 1 conv: 1.000e+00 time: 0.56
  | CTM step 2 conv: 1.000e+00 time: 0.63
  | CTM step 3 conv: 1.000e+00 time: 0.65
  | CTM step 4 conv: 3.200e-05 time: 0.65
  | CTM step 5 conv: 1.130e-05 time: 0.64
Performing CTM
  | CTM step 1 conv: 1.000e+00 time: 0.85
  | CTM step 2 conv: 1.490e-08 time: 1.01
  | CTM step 3 conv: 1.977e-09 time: 1.01
Energies: 0.08385334291355065 1.7485836640281644e-13
Norm: 0.02037524200041572
========== 
Finished basis vector 46/62 

Starting simulation of basis vector 47/62
Performing CTM pre-steps without tracking
  | CTM step 1 conv: 1.000e+00 time: 0.56
  | CTM step 2 conv: 1.000e+00 time: 0.63
  | CTM step 3 conv: 1.000e+00 time: 0.64
  | CTM step 4 conv: 3.200e-05 time: 0.64
  | CTM step 5 conv: 1.130e-05 time: 0.64
Performing CTM
  | CTM step 1 conv: 1.000e+00 time: 0.84
  | CTM step 2 conv: 1.490e-08 time: 1.01
  | CTM step 3 conv: 1.977e-09 time: 1.06
Energies: 0.9663721214978404 1.7485836640281644e-13
Norm: 0.20083036920067845
========== 
Finished basis vector 47/62 

Starting simulation of basis vector 48/62
Performing CTM pre-steps without tracking
  | CTM step 1 conv: 1.000e+00 time: 0.57
  | CTM step 2 conv: 1.000e+00 time: 0.63
  | CTM step 3 conv: 1.000e+00 time: 0.64
  | CTM step 4 conv: 3.200e-05 time: 0.64
  | CTM step 5 conv: 1.130e-05 time: 0.64
Performing CTM
  | CTM step 1 conv: 1.000e+00 time: 0.84
  | CTM step 2 conv: 1.490e-08 time: 1.01
  | CTM step 3 conv: 1.977e-09 time: 1.02
Energies: 0.36210913181289534 1.7485836640281644e-13
Norm: 0.0679781562652869
========== 
Finished basis vector 48/62 

Starting simulation of basis vector 49/62
Performing CTM pre-steps without tracking
  | CTM step 1 conv: 1.000e+00 time: 0.57
  | CTM step 2 conv: 1.000e+00 time: 0.63
  | CTM step 3 conv: 1.000e+00 time: 0.64
  | CTM step 4 conv: 3.200e-05 time: 0.65
  | CTM step 5 conv: 1.130e-05 time: 0.64
Performing CTM
  | CTM step 1 conv: 1.000e+00 time: 0.84
  | CTM step 2 conv: 1.490e-08 time: 1.03
  | CTM step 3 conv: 1.977e-09 time: 1.01
Energies: 1.3273270404319222 1.7485836640281644e-13
Norm: 0.27527007174106205
========== 
Finished basis vector 49/62 

Starting simulation of basis vector 50/62
Performing CTM pre-steps without tracking
  | CTM step 1 conv: 1.000e+00 time: 0.57
  | CTM step 2 conv: 1.000e+00 time: 0.63
  | CTM step 3 conv: 1.000e+00 time: 0.65
  | CTM step 4 conv: 3.200e-05 time: 0.65
  | CTM step 5 conv: 1.130e-05 time: 0.65
Performing CTM
  | CTM step 1 conv: 1.000e+00 time: 0.91
  | CTM step 2 conv: 1.490e-08 time: 1.01
  | CTM step 3 conv: 1.977e-09 time: 1.01
Energies: 0.4945225714417305 1.7485836640281644e-13
Norm: 0.09368070855002454
========== 
Finished basis vector 50/62 

Starting simulation of basis vector 51/62
Performing CTM pre-steps without tracking
  | CTM step 1 conv: 1.000e+00 time: 0.57
  | CTM step 2 conv: 1.000e+00 time: 0.63
  | CTM step 3 conv: 1.000e+00 time: 0.64
  | CTM step 4 conv: 3.200e-05 time: 0.65
  | CTM step 5 conv: 1.130e-05 time: 0.64
Performing CTM
  | CTM step 1 conv: 1.000e+00 time: 0.84
  | CTM step 2 conv: 1.490e-08 time: 1.01
  | CTM step 3 conv: 1.977e-09 time: 1.06
Energies: 0.4551756266028707 1.7485836640281644e-13
Norm: 0.08763943977228661
========== 
Finished basis vector 51/62 

Starting simulation of basis vector 52/62
Performing CTM pre-steps without tracking
  | CTM step 1 conv: 1.000e+00 time: 0.57
  | CTM step 2 conv: 1.000e+00 time: 0.63
  | CTM step 3 conv: 1.000e+00 time: 0.64
  | CTM step 4 conv: 3.200e-05 time: 0.65
  | CTM step 5 conv: 1.130e-05 time: 0.64
Performing CTM
  | CTM step 1 conv: 1.000e+00 time: 0.84
  | CTM step 2 conv: 1.490e-08 time: 1.06
  | CTM step 3 conv: 1.977e-09 time: 1.01
Energies: 0.16939833376400765 1.7485836640281644e-13
Norm: 0.029525648098488778
========== 
Finished basis vector 52/62 

Starting simulation of basis vector 53/62
Performing CTM pre-steps without tracking
  | CTM step 1 conv: 1.000e+00 time: 0.56
  | CTM step 2 conv: 1.000e+00 time: 0.63
  | CTM step 3 conv: 1.000e+00 time: 0.64
  | CTM step 4 conv: 3.200e-05 time: 0.65
  | CTM step 5 conv: 1.130e-05 time: 0.64
Performing CTM
  | CTM step 1 conv: 1.000e+00 time: 0.84
  | CTM step 2 conv: 1.490e-08 time: 1.01
  | CTM step 3 conv: 1.977e-09 time: 1.01
Energies: 0.6170519818627158 1.7485836640281644e-13
Norm: 0.11807764250351856
========== 
Finished basis vector 53/62 

Starting simulation of basis vector 54/62
Performing CTM pre-steps without tracking
  | CTM step 1 conv: 1.000e+00 time: 0.57
  | CTM step 2 conv: 1.000e+00 time: 0.63
  | CTM step 3 conv: 1.000e+00 time: 0.65
  | CTM step 4 conv: 3.200e-05 time: 0.65
  | CTM step 5 conv: 1.130e-05 time: 0.65
Performing CTM
  | CTM step 1 conv: 1.000e+00 time: 0.85
  | CTM step 2 conv: 1.490e-08 time: 1.01
  | CTM step 3 conv: 1.977e-09 time: 1.02
Energies: 0.22944153057959565 1.7485836640281644e-13
Norm: 0.040123863810204705
========== 
Finished basis vector 54/62 

Starting simulation of basis vector 55/62
Performing CTM pre-steps without tracking
  | CTM step 1 conv: 1.000e+00 time: 0.57
  | CTM step 2 conv: 1.000e+00 time: 0.63
  | CTM step 3 conv: 1.000e+00 time: 0.64
  | CTM step 4 conv: 3.200e-05 time: 0.65
  | CTM step 5 conv: 1.130e-05 time: 0.64
Performing CTM
  | CTM step 1 conv: 1.000e+00 time: 0.85
  | CTM step 2 conv: 1.490e-08 time: 1.01
  | CTM step 3 conv: 1.977e-09 time: 1.01
Energies: 1.6462309654119713 1.7485836640281644e-13
Norm: 0.373573750339354
========== 
Finished basis vector 55/62 

Starting simulation of basis vector 56/62
Performing CTM pre-steps without tracking
  | CTM step 1 conv: 1.000e+00 time: 0.57
  | CTM step 2 conv: 1.000e+00 time: 0.63
  | CTM step 3 conv: 1.000e+00 time: 0.64
  | CTM step 4 conv: 3.200e-05 time: 0.65
  | CTM step 5 conv: 1.130e-05 time: 0.65
Performing CTM
  | CTM step 1 conv: 1.000e+00 time: 0.84
  | CTM step 2 conv: 1.490e-08 time: 1.01
  | CTM step 3 conv: 1.977e-09 time: 1.06
Energies: 0.6300663832618278 1.7485836640281644e-13
Norm: 0.1283083796498288
========== 
Finished basis vector 56/62 

Starting simulation of basis vector 57/62
Performing CTM pre-steps without tracking
  | CTM step 1 conv: 1.000e+00 time: 0.56
  | CTM step 2 conv: 1.000e+00 time: 0.63
  | CTM step 3 conv: 1.000e+00 time: 0.64
  | CTM step 4 conv: 3.200e-05 time: 0.65
  | CTM step 5 conv: 1.130e-05 time: 0.64
Performing CTM
  | CTM step 1 conv: 1.000e+00 time: 0.9
  | CTM step 2 conv: 1.490e-08 time: 1.01
  | CTM step 3 conv: 1.977e-09 time: 1.01
Energies: 2.244148583521453 1.7485836640281644e-13
Norm: 0.5139036725874342
========== 
Finished basis vector 57/62 

Starting simulation of basis vector 58/62
Performing CTM pre-steps without tracking
  | CTM step 1 conv: 1.000e+00 time: 0.57
  | CTM step 2 conv: 1.000e+00 time: 0.63
  | CTM step 3 conv: 1.000e+00 time: 0.65
  | CTM step 4 conv: 3.200e-05 time: 0.65
  | CTM step 5 conv: 1.130e-05 time: 0.69
Performing CTM
  | CTM step 1 conv: 1.000e+00 time: 0.86
  | CTM step 2 conv: 1.490e-08 time: 1.02
  | CTM step 3 conv: 1.977e-09 time: 1.01
Energies: 0.8560912686877528 1.7485836640281644e-13
Norm: 0.17765828268213504
========== 
Finished basis vector 58/62 

Starting simulation of basis vector 59/62
Performing CTM pre-steps without tracking
  | CTM step 1 conv: 1.000e+00 time: 0.57
  | CTM step 2 conv: 1.000e+00 time: 0.63
  | CTM step 3 conv: 1.000e+00 time: 0.64
  | CTM step 4 conv: 3.200e-05 time: 0.65
  | CTM step 5 conv: 1.130e-05 time: 0.64
Performing CTM
  | CTM step 1 conv: 1.000e+00 time: 0.84
  | CTM step 2 conv: 1.490e-08 time: 1.01
  | CTM step 3 conv: 1.977e-09 time: 1.01
Energies: 0.7765585059000779 1.7485836640281644e-13
Norm: 0.162856318771067
========== 
Finished basis vector 59/62 

Starting simulation of basis vector 60/62
Performing CTM pre-steps without tracking
  | CTM step 1 conv: 1.000e+00 time: 0.56
  | CTM step 2 conv: 1.000e+00 time: 0.62
  | CTM step 3 conv: 1.000e+00 time: 0.64
  | CTM step 4 conv: 3.200e-05 time: 0.64
  | CTM step 5 conv: 1.130e-05 time: 0.64
Performing CTM
  | CTM step 1 conv: 1.000e+00 time: 0.84
  | CTM step 2 conv: 1.490e-08 time: 1.02
  | CTM step 3 conv: 1.977e-09 time: 1.08
Energies: 0.2958431609975349 1.7485836640281644e-13
Norm: 0.05574861657033355
========== 
Finished basis vector 60/62 

Starting simulation of basis vector 61/62
Performing CTM pre-steps without tracking
  | CTM step 1 conv: 1.000e+00 time: 0.57
  | CTM step 2 conv: 1.000e+00 time: 0.63
  | CTM step 3 conv: 1.000e+00 time: 0.64
  | CTM step 4 conv: 3.200e-05 time: 0.65
  | CTM step 5 conv: 1.130e-05 time: 0.65
Performing CTM
  | CTM step 1 conv: 1.000e+00 time: 0.84
  | CTM step 2 conv: 1.490e-08 time: 1.01
  | CTM step 3 conv: 1.977e-09 time: 1.01
Energies: 1.04571518135847 1.7485836640281644e-13
Norm: 0.2199955579838138
========== 
Finished basis vector 61/62 

Starting simulation of basis vector 62/62
Performing CTM pre-steps without tracking
  | CTM step 1 conv: 1.000e+00 time: 0.57
  | CTM step 2 conv: 1.000e+00 time: 0.63
  | CTM step 3 conv: 1.000e+00 time: 0.64
  | CTM step 4 conv: 3.200e-05 time: 0.65
  | CTM step 5 conv: 1.130e-05 time: 0.64
Performing CTM
  | CTM step 1 conv: 1.000e+00 time: 0.84
  | CTM step 2 conv: 1.490e-08 time: 1.01
  | CTM step 3 conv: 1.977e-09 time: 1.01
Energies: 0.39693313033997424 1.7485836640281644e-13
Norm: 0.07575128810942058
========== 
Finished basis vector 62/62 

[[ 0.175359  +1.89760350e-05j  0.00743591-4.10817927e-02j
  -0.15451803-4.44039438e-02j ...  0.22208856-5.50017253e-02j
  -0.46755646+1.10070488e-01j  0.25685301-6.31278156e-02j]
 [ 0.00744117+4.10626971e-02j  0.02277323+4.99667074e-06j
   0.00294701-4.00012322e-02j ...  0.03020485+5.13108507e-02j
  -0.05653687-1.09172930e-01j  0.03482331+6.00634210e-02j]
 [-0.15453551+4.43611253e-02j  0.0029387 +4.00185253e-02j
   0.15371647+1.85284666e-05j ... -0.18555808+1.07857259e-01j
   0.3863223 -2.26398282e-01j -0.21658428+1.25932182e-01j]
 ...
 [ 0.22196639+5.41326075e-02j  0.03067868-5.13846375e-02j
  -0.18520057-1.07115895e-01j ...  0.59172783-1.96158299e-05j
  -0.80828857+2.70333854e-04j  0.59589763-4.32570713e-04j]
 [-0.46797931-1.09847203e-01j -0.05752966+1.08625854e-01j
   0.38703051+2.26205432e-01j ... -0.80808685-1.64948946e-04j
   2.0908618 -4.72315411e-05j -1.08856662-2.39030524e-04j]
 [ 0.2570588 +6.25331577e-02j  0.03583076-5.98687923e-02j
  -0.21662229-1.25431772e-01j ...  0.59582232+2.83117408e-04j
  -1.08861378+4.11440074e-04j  0.79372469-1.13360357e-04j]]
[[ 4.56308578e-02+2.33361342e-08j  2.43290561e-04-1.08671825e-02j
  -4.09287244e-02-1.14219224e-02j ...  5.73507514e-02-1.39898543e-02j
  -1.21861040e-01+2.87632730e-02j  6.67675435e-02-1.61185254e-02j]
 [ 2.43195299e-04+1.08672905e-02j  4.62681447e-03+4.65199393e-08j
   2.49992628e-03-1.01646114e-02j ...  5.10849855e-03+1.36636409e-02j
  -9.73907569e-03-2.91477932e-02j  5.76487350e-03+1.60593009e-02j]
 [-4.09288136e-02+1.14219464e-02j  2.49977652e-03+1.01645180e-02j
   4.03891420e-02-6.49456101e-08j ... -4.83205092e-02+2.72769110e-02j
   1.02286363e-01-5.77854331e-02j -5.66484469e-02+3.18763777e-02j]
 ...
 [ 5.73507510e-02+1.39898533e-02j  5.10850146e-03-1.36636400e-02j
  -4.83205072e-02-2.72769094e-02j ...  1.11497233e-01+6.05755228e-09j
  -1.86066063e-01-4.22968100e-05j  1.20061116e-01-6.39500313e-05j]
 [-1.21861037e-01-2.87632762e-02j -9.73908203e-03+2.91477886e-02j
   1.02286355e-01+5.77854332e-02j ... -1.86066062e-01+4.23125819e-05j
   4.39991116e-01+4.81768519e-09j -2.35007609e-01-5.67460328e-05j]
 [ 6.67675420e-02+1.61185253e-02j  5.76487718e-03-1.60593001e-02j
  -5.66484431e-02-3.18763765e-02j ...  1.20061115e-01+6.39499648e-05j
  -2.35007609e-01+5.67581165e-05j  1.51502576e-01-8.36223712e-09j]]
Done
Saved to /share/home/tanyi/ad-peps/simulations/exci/h2_ising_D2_X30/11_0.875_0.875.npz
