No GPU/TPU found, falling back to CPU. (Set TF_CPP_MIN_LOG_LEVEL=0 and rerun for more info.)
Namespace(version=False, sim_mode='exci', config_file='ising_D2_exci.yaml', momentum_ix=30, evaluate=False, init=False)
Running excited-state sim
ising_D2_exci.yaml
/share/home/tanyi/ad-peps/examples/ising_D2_exci.yaml
/share/home/tanyi/ad-peps/examples/ising_D2_exci.yaml
D: 2
chi: 30
ctm_conv_tol: 1.0e-06
ctm_max_iter: 20
ctm_min_iter: 4
disp_level: 1
flush_output: true
model: ising
model_params:
  h: 2
momentum_path: Bril1
out_prefix: h2
pattern:
- - 0
  - 1
- - 1
  - 0
resume: true

Starting simulation of basis vector 1/62
Performing CTM pre-steps without tracking
  | CTM step 1 conv: 1.000e+00 time: 2.93
  | CTM step 2 conv: 1.000e+00 time: 6.15
  | CTM step 3 conv: 1.000e+00 time: 9.19
  | CTM step 4 conv: 3.200e-05 time: 6.83
  | CTM step 5 conv: 1.130e-05 time: 0.68
Performing CTM
  | CTM step 1 conv: 1.000e+00 time: 1.94
  | CTM step 2 conv: 1.490e-08 time: 1.24
  | CTM step 3 conv: 1.977e-09 time: 1.09
Energies: 0.030231945540275487 1.7485836640281644e-13
Norm: 0.006945145494477678
========== 
Finished basis vector 1/62 

Starting simulation of basis vector 2/62
Performing CTM pre-steps without tracking
  | CTM step 1 conv: 1.000e+00 time: 0.58
  | CTM step 2 conv: 1.000e+00 time: 0.66
  | CTM step 3 conv: 1.000e+00 time: 0.67
  | CTM step 4 conv: 3.200e-05 time: 0.68
  | CTM step 5 conv: 1.130e-05 time: 0.68
Performing CTM
  | CTM step 1 conv: 1.000e+00 time: 0.87
  | CTM step 2 conv: 1.490e-08 time: 1.04
  | CTM step 3 conv: 1.977e-09 time: 1.09
Energies: 0.029209330772902324 1.7485836640281644e-13
Norm: 0.0068057950636400185
========== 
Finished basis vector 2/62 

Starting simulation of basis vector 3/62
Performing CTM pre-steps without tracking
  | CTM step 1 conv: 1.000e+00 time: 0.58
  | CTM step 2 conv: 1.000e+00 time: 0.65
  | CTM step 3 conv: 1.000e+00 time: 0.76
  | CTM step 4 conv: 3.200e-05 time: 0.66
  | CTM step 5 conv: 1.130e-05 time: 0.65
Performing CTM
  | CTM step 1 conv: 1.000e+00 time: 0.86
  | CTM step 2 conv: 1.490e-08 time: 1.07
  | CTM step 3 conv: 1.977e-09 time: 1.02
Energies: 0.11597207852494243 1.7485836640281644e-13
Norm: 0.0278383197452046
========== 
Finished basis vector 3/62 

Starting simulation of basis vector 4/62
Performing CTM pre-steps without tracking
  | CTM step 1 conv: 1.000e+00 time: 0.58
  | CTM step 2 conv: 1.000e+00 time: 0.65
  | CTM step 3 conv: 1.000e+00 time: 0.66
  | CTM step 4 conv: 3.200e-05 time: 0.66
  | CTM step 5 conv: 1.130e-05 time: 0.66
Performing CTM
  | CTM step 1 conv: 1.000e+00 time: 0.88
  | CTM step 2 conv: 1.490e-08 time: 1.06
  | CTM step 3 conv: 1.977e-09 time: 1.03
Energies: 0.04072892102483859 1.7485836640281644e-13
Norm: 0.009538102694753976
========== 
Finished basis vector 4/62 

Starting simulation of basis vector 5/62
Performing CTM pre-steps without tracking
  | CTM step 1 conv: 1.000e+00 time: 0.58
  | CTM step 2 conv: 1.000e+00 time: 0.65
  | CTM step 3 conv: 1.000e+00 time: 0.67
  | CTM step 4 conv: 3.200e-05 time: 0.68
  | CTM step 5 conv: 1.130e-05 time: 0.67
Performing CTM
  | CTM step 1 conv: 1.000e+00 time: 0.86
  | CTM step 2 conv: 1.490e-08 time: 1.03
  | CTM step 3 conv: 1.977e-09 time: 1.02
Energies: 0.022600611362939036 1.7485836640281644e-13
Norm: 0.005256927686505325
========== 
Finished basis vector 5/62 

Starting simulation of basis vector 6/62
Performing CTM pre-steps without tracking
  | CTM step 1 conv: 1.000e+00 time: 0.58
  | CTM step 2 conv: 1.000e+00 time: 0.64
  | CTM step 3 conv: 1.000e+00 time: 0.66
  | CTM step 4 conv: 3.200e-05 time: 0.66
  | CTM step 5 conv: 1.130e-05 time: 0.66
Performing CTM
  | CTM step 1 conv: 1.000e+00 time: 0.86
  | CTM step 2 conv: 1.490e-08 time: 1.03
  | CTM step 3 conv: 1.977e-09 time: 1.1
Energies: 0.09265242847296393 1.7485836640281644e-13
Norm: 0.022181269243942123
========== 
Finished basis vector 6/62 

Starting simulation of basis vector 7/62
Performing CTM pre-steps without tracking
  | CTM step 1 conv: 1.000e+00 time: 0.58
  | CTM step 2 conv: 1.000e+00 time: 0.65
  | CTM step 3 conv: 1.000e+00 time: 0.66
  | CTM step 4 conv: 3.200e-05 time: 0.66
  | CTM step 5 conv: 1.130e-05 time: 0.66
Performing CTM
  | CTM step 1 conv: 1.000e+00 time: 0.87
  | CTM step 2 conv: 1.490e-08 time: 1.09
  | CTM step 3 conv: 1.977e-09 time: 1.03
Energies: 0.04828968867470274 1.7485836640281644e-13
Norm: 0.011492794998128813
========== 
Finished basis vector 7/62 

Starting simulation of basis vector 8/62
Performing CTM pre-steps without tracking
  | CTM step 1 conv: 1.000e+00 time: 0.58
  | CTM step 2 conv: 1.000e+00 time: 0.65
  | CTM step 3 conv: 1.000e+00 time: 0.66
  | CTM step 4 conv: 3.200e-05 time: 0.66
  | CTM step 5 conv: 1.130e-05 time: 0.66
Performing CTM
  | CTM step 1 conv: 1.000e+00 time: 0.86
  | CTM step 2 conv: 1.490e-08 time: 1.02
  | CTM step 3 conv: 1.977e-09 time: 1.02
Energies: 0.13442196640463966 1.7485836640281644e-13
Norm: 0.03265086903760069
========== 
Finished basis vector 8/62 

Starting simulation of basis vector 9/62
Performing CTM pre-steps without tracking
  | CTM step 1 conv: 1.000e+00 time: 0.57
  | CTM step 2 conv: 1.000e+00 time: 0.64
  | CTM step 3 conv: 1.000e+00 time: 0.66
  | CTM step 4 conv: 3.200e-05 time: 0.66
  | CTM step 5 conv: 1.130e-05 time: 0.67
Performing CTM
  | CTM step 1 conv: 1.000e+00 time: 0.87
  | CTM step 2 conv: 1.490e-08 time: 1.03
  | CTM step 3 conv: 1.977e-09 time: 1.02
Energies: 0.012872934988781816 1.7485836640281644e-13
Norm: 0.0027953142847828615
========== 
Finished basis vector 9/62 

Starting simulation of basis vector 10/62
Performing CTM pre-steps without tracking
  | CTM step 1 conv: 1.000e+00 time: 0.58
  | CTM step 2 conv: 1.000e+00 time: 0.65
  | CTM step 3 conv: 1.000e+00 time: 0.66
  | CTM step 4 conv: 3.200e-05 time: 0.66
  | CTM step 5 conv: 1.130e-05 time: 0.66
Performing CTM
  | CTM step 1 conv: 1.000e+00 time: 0.86
  | CTM step 2 conv: 1.490e-08 time: 1.02
  | CTM step 3 conv: 1.977e-09 time: 1.07
Energies: 0.07814057169995321 1.7485836640281644e-13
Norm: 0.018629530719888085
========== 
Finished basis vector 10/62 

Starting simulation of basis vector 11/62
Performing CTM pre-steps without tracking
  | CTM step 1 conv: 1.000e+00 time: 0.57
  | CTM step 2 conv: 1.000e+00 time: 0.64
  | CTM step 3 conv: 1.000e+00 time: 0.65
  | CTM step 4 conv: 3.200e-05 time: 0.66
  | CTM step 5 conv: 1.130e-05 time: 0.68
Performing CTM
  | CTM step 1 conv: 1.000e+00 time: 0.87
  | CTM step 2 conv: 1.490e-08 time: 1.09
  | CTM step 3 conv: 1.977e-09 time: 1.03
Energies: 0.04500162024951092 1.7485836640281644e-13
Norm: 0.01071221345368378
========== 
Finished basis vector 11/62 

Starting simulation of basis vector 12/62
Performing CTM pre-steps without tracking
  | CTM step 1 conv: 1.000e+00 time: 0.58
  | CTM step 2 conv: 1.000e+00 time: 0.64
  | CTM step 3 conv: 1.000e+00 time: 0.66
  | CTM step 4 conv: 3.200e-05 time: 0.66
  | CTM step 5 conv: 1.130e-05 time: 0.66
Performing CTM
  | CTM step 1 conv: 1.000e+00 time: 0.86
  | CTM step 2 conv: 1.490e-08 time: 1.03
  | CTM step 3 conv: 1.977e-09 time: 1.03
Energies: 0.011834639983999045 1.7485836640281644e-13
Norm: 0.002486722419122757
========== 
Finished basis vector 12/62 

Starting simulation of basis vector 13/62
Performing CTM pre-steps without tracking
  | CTM step 1 conv: 1.000e+00 time: 0.58
  | CTM step 2 conv: 1.000e+00 time: 0.65
  | CTM step 3 conv: 1.000e+00 time: 0.66
  | CTM step 4 conv: 3.200e-05 time: 0.66
  | CTM step 5 conv: 1.130e-05 time: 0.66
Performing CTM
  | CTM step 1 conv: 1.000e+00 time: 0.88
  | CTM step 2 conv: 1.490e-08 time: 1.03
  | CTM step 3 conv: 1.977e-09 time: 1.02
Energies: 0.009582865564569679 1.7485836640281644e-13
Norm: 0.0021313835644573183
========== 
Finished basis vector 13/62 

Starting simulation of basis vector 14/62
Performing CTM pre-steps without tracking
  | CTM step 1 conv: 1.000e+00 time: 0.58
  | CTM step 2 conv: 1.000e+00 time: 0.64
  | CTM step 3 conv: 1.000e+00 time: 0.66
  | CTM step 4 conv: 3.200e-05 time: 0.66
  | CTM step 5 conv: 1.130e-05 time: 0.66
Performing CTM
  | CTM step 1 conv: 1.000e+00 time: 0.86
  | CTM step 2 conv: 1.490e-08 time: 1.02
  | CTM step 3 conv: 1.977e-09 time: 1.07
Energies: 0.02865204380205644 1.7485836640281644e-13
Norm: 0.006577230574101893
========== 
Finished basis vector 14/62 

Starting simulation of basis vector 15/62
Performing CTM pre-steps without tracking
  | CTM step 1 conv: 1.000e+00 time: 0.57
  | CTM step 2 conv: 1.000e+00 time: 0.64
  | CTM step 3 conv: 1.000e+00 time: 0.65
  | CTM step 4 conv: 3.200e-05 time: 0.66
  | CTM step 5 conv: 1.130e-05 time: 0.65
Performing CTM
  | CTM step 1 conv: 1.000e+00 time: 0.9
  | CTM step 2 conv: 1.490e-08 time: 1.04
  | CTM step 3 conv: 1.977e-09 time: 1.05
Energies: 0.023161244999715537 1.7485836640281644e-13
Norm: 0.005376563880019347
========== 
Finished basis vector 15/62 

Starting simulation of basis vector 16/62
Performing CTM pre-steps without tracking
  | CTM step 1 conv: 1.000e+00 time: 0.58
  | CTM step 2 conv: 1.000e+00 time: 0.65
  | CTM step 3 conv: 1.000e+00 time: 0.67
  | CTM step 4 conv: 3.200e-05 time: 0.67
  | CTM step 5 conv: 1.130e-05 time: 0.66
Performing CTM
  | CTM step 1 conv: 1.000e+00 time: 0.86
  | CTM step 2 conv: 1.490e-08 time: 1.02
  | CTM step 3 conv: 1.977e-09 time: 1.02
Energies: 1.3567239635833923 1.7485836640281644e-13
Norm: 0.3150826855998858
========== 
Finished basis vector 16/62 

Starting simulation of basis vector 17/62
Performing CTM pre-steps without tracking
  | CTM step 1 conv: 1.000e+00 time: 0.57
  | CTM step 2 conv: 1.000e+00 time: 0.64
  | CTM step 3 conv: 1.000e+00 time: 0.65
  | CTM step 4 conv: 3.200e-05 time: 0.66
  | CTM step 5 conv: 1.130e-05 time: 0.65
Performing CTM
  | CTM step 1 conv: 1.000e+00 time: 0.86
  | CTM step 2 conv: 1.490e-08 time: 1.02
  | CTM step 3 conv: 1.977e-09 time: 1.02
Energies: 0.3671568864389327 1.7485836640281644e-13
Norm: 0.07963218563681823
========== 
Finished basis vector 17/62 

Starting simulation of basis vector 18/62
Performing CTM pre-steps without tracking
  | CTM step 1 conv: 1.000e+00 time: 0.58
  | CTM step 2 conv: 1.000e+00 time: 0.64
  | CTM step 3 conv: 1.000e+00 time: 0.67
  | CTM step 4 conv: 3.200e-05 time: 0.66
  | CTM step 5 conv: 1.130e-05 time: 0.66
Performing CTM
  | CTM step 1 conv: 1.000e+00 time: 0.86
  | CTM step 2 conv: 1.490e-08 time: 1.02
  | CTM step 3 conv: 1.977e-09 time: 1.07
Energies: 2.106535024510348 1.7485836640281644e-13
Norm: 0.4951995596920595
========== 
Finished basis vector 18/62 

Starting simulation of basis vector 19/62
Performing CTM pre-steps without tracking
  | CTM step 1 conv: 1.000e+00 time: 0.58
  | CTM step 2 conv: 1.000e+00 time: 0.65
  | CTM step 3 conv: 1.000e+00 time: 0.66
  | CTM step 4 conv: 3.200e-05 time: 0.66
  | CTM step 5 conv: 1.130e-05 time: 0.66
Performing CTM
  | CTM step 1 conv: 1.000e+00 time: 0.86
  | CTM step 2 conv: 1.490e-08 time: 1.02
  | CTM step 3 conv: 1.977e-09 time: 1.02
Energies: 0.567903388531754 1.7485836640281644e-13
Norm: 0.1245211468379022
========== 
Finished basis vector 19/62 

Starting simulation of basis vector 20/62
Performing CTM pre-steps without tracking
  | CTM step 1 conv: 1.000e+00 time: 0.58
  | CTM step 2 conv: 1.000e+00 time: 0.64
  | CTM step 3 conv: 1.000e+00 time: 0.65
  | CTM step 4 conv: 3.200e-05 time: 0.66
  | CTM step 5 conv: 1.130e-05 time: 0.68
Performing CTM
  | CTM step 1 conv: 1.000e+00 time: 0.86
  | CTM step 2 conv: 1.490e-08 time: 1.04
  | CTM step 3 conv: 1.977e-09 time: 1.03
Energies: 0.19765933607109662 1.7485836640281644e-13
Norm: 0.03908909447007513
========== 
Finished basis vector 20/62 

Starting simulation of basis vector 21/62
Performing CTM pre-steps without tracking
  | CTM step 1 conv: 1.000e+00 time: 0.58
  | CTM step 2 conv: 1.000e+00 time: 0.64
  | CTM step 3 conv: 1.000e+00 time: 0.66
  | CTM step 4 conv: 3.200e-05 time: 0.66
  | CTM step 5 conv: 1.130e-05 time: 0.66
Performing CTM
  | CTM step 1 conv: 1.000e+00 time: 0.86
  | CTM step 2 conv: 1.490e-08 time: 1.02
  | CTM step 3 conv: 1.977e-09 time: 1.07
Energies: 0.05238104486885341 1.7485836640281644e-13
Norm: 0.009830313311550924
========== 
Finished basis vector 21/62 

Starting simulation of basis vector 22/62
Performing CTM pre-steps without tracking
  | CTM step 1 conv: 1.000e+00 time: 0.58
  | CTM step 2 conv: 1.000e+00 time: 0.64
  | CTM step 3 conv: 1.000e+00 time: 0.67
  | CTM step 4 conv: 3.200e-05 time: 0.66
  | CTM step 5 conv: 1.130e-05 time: 0.65
Performing CTM
  | CTM step 1 conv: 1.000e+00 time: 0.86
  | CTM step 2 conv: 1.490e-08 time: 1.02
  | CTM step 3 conv: 1.977e-09 time: 1.02
Energies: 0.30520423061800533 1.7485836640281644e-13
Norm: 0.06077789896600563
========== 
Finished basis vector 22/62 

Starting simulation of basis vector 23/62
Performing CTM pre-steps without tracking
  | CTM step 1 conv: 1.000e+00 time: 0.58
  | CTM step 2 conv: 1.000e+00 time: 0.64
  | CTM step 3 conv: 1.000e+00 time: 0.66
  | CTM step 4 conv: 3.200e-05 time: 0.66
  | CTM step 5 conv: 1.130e-05 time: 0.66
Performing CTM
  | CTM step 1 conv: 1.000e+00 time: 0.86
  | CTM step 2 conv: 1.490e-08 time: 1.02
  | CTM step 3 conv: 1.977e-09 time: 1.02
Energies: 0.08041358988859958 1.7485836640281644e-13
Norm: 0.015199544657273288
========== 
Finished basis vector 23/62 

Starting simulation of basis vector 24/62
Performing CTM pre-steps without tracking
  | CTM step 1 conv: 1.000e+00 time: 0.57
  | CTM step 2 conv: 1.000e+00 time: 0.64
  | CTM step 3 conv: 1.000e+00 time: 0.66
  | CTM step 4 conv: 3.200e-05 time: 0.66
  | CTM step 5 conv: 1.130e-05 time: 0.65
Performing CTM
  | CTM step 1 conv: 1.000e+00 time: 0.86
  | CTM step 2 conv: 1.490e-08 time: 1.02
  | CTM step 3 conv: 1.977e-09 time: 1.02
Energies: 1.1408489114050768 1.7485836640281644e-13
Norm: 0.2667021118290383
========== 
Finished basis vector 24/62 

Starting simulation of basis vector 25/62
Performing CTM pre-steps without tracking
  | CTM step 1 conv: 1.000e+00 time: 0.58
  | CTM step 2 conv: 1.000e+00 time: 0.64
  | CTM step 3 conv: 1.000e+00 time: 0.65
  | CTM step 4 conv: 3.200e-05 time: 0.66
  | CTM step 5 conv: 1.130e-05 time: 0.66
Performing CTM
  | CTM step 1 conv: 1.000e+00 time: 0.86
  | CTM step 2 conv: 1.490e-08 time: 1.02
  | CTM step 3 conv: 1.977e-09 time: 1.02
Energies: 0.3104868712887856 1.7485836640281644e-13
Norm: 0.06732811082244901
========== 
Finished basis vector 25/62 

Starting simulation of basis vector 26/62
Performing CTM pre-steps without tracking
  | CTM step 1 conv: 1.000e+00 time: 0.57
  | CTM step 2 conv: 1.000e+00 time: 0.64
  | CTM step 3 conv: 1.000e+00 time: 0.66
  | CTM step 4 conv: 3.200e-05 time: 0.67
  | CTM step 5 conv: 1.130e-05 time: 0.65
Performing CTM
  | CTM step 1 conv: 1.000e+00 time: 0.86
  | CTM step 2 conv: 1.490e-08 time: 1.03
  | CTM step 3 conv: 1.977e-09 time: 1.07
Energies: 1.779514657157669 1.7485836640281644e-13
Norm: 0.41978598224251357
========== 
Finished basis vector 26/62 

Starting simulation of basis vector 27/62
Performing CTM pre-steps without tracking
  | CTM step 1 conv: 1.000e+00 time: 0.57
  | CTM step 2 conv: 1.000e+00 time: 0.65
  | CTM step 3 conv: 1.000e+00 time: 0.66
  | CTM step 4 conv: 3.200e-05 time: 0.66
  | CTM step 5 conv: 1.130e-05 time: 0.66
Performing CTM
  | CTM step 1 conv: 1.000e+00 time: 0.86
  | CTM step 2 conv: 1.490e-08 time: 1.02
  | CTM step 3 conv: 1.977e-09 time: 1.02
Energies: 0.4819324207786324 1.7485836640281644e-13
Norm: 0.10540375811120316
========== 
Finished basis vector 27/62 

Starting simulation of basis vector 28/62
Performing CTM pre-steps without tracking
  | CTM step 1 conv: 1.000e+00 time: 0.58
  | CTM step 2 conv: 1.000e+00 time: 0.64
  | CTM step 3 conv: 1.000e+00 time: 0.65
  | CTM step 4 conv: 3.200e-05 time: 0.66
  | CTM step 5 conv: 1.130e-05 time: 0.65
Performing CTM
  | CTM step 1 conv: 1.000e+00 time: 0.86
  | CTM step 2 conv: 1.490e-08 time: 1.02
  | CTM step 3 conv: 1.977e-09 time: 1.02
Energies: 0.16470580145773214 1.7485836640281644e-13
Norm: 0.0327645694180086
========== 
Finished basis vector 28/62 

Starting simulation of basis vector 29/62
Performing CTM pre-steps without tracking
  | CTM step 1 conv: 1.000e+00 time: 0.58
  | CTM step 2 conv: 1.000e+00 time: 0.64
  | CTM step 3 conv: 1.000e+00 time: 0.65
  | CTM step 4 conv: 3.200e-05 time: 0.66
  | CTM step 5 conv: 1.130e-05 time: 0.66
Performing CTM
  | CTM step 1 conv: 1.000e+00 time: 0.86
  | CTM step 2 conv: 1.490e-08 time: 1.14
  | CTM step 3 conv: 1.977e-09 time: 1.04
Energies: 0.04388111187528243 1.7485836640281644e-13
Norm: 0.008235236540055377
========== 
Finished basis vector 29/62 

Starting simulation of basis vector 30/62
Performing CTM pre-steps without tracking
  | CTM step 1 conv: 1.000e+00 time: 0.58
  | CTM step 2 conv: 1.000e+00 time: 0.65
  | CTM step 3 conv: 1.000e+00 time: 0.66
  | CTM step 4 conv: 3.200e-05 time: 0.66
  | CTM step 5 conv: 1.130e-05 time: 0.66
Performing CTM
  | CTM step 1 conv: 1.000e+00 time: 0.86
  | CTM step 2 conv: 1.490e-08 time: 1.02
  | CTM step 3 conv: 1.977e-09 time: 1.08
Energies: 0.2549158830896251 1.7485836640281644e-13
Norm: 0.0509815891687555
========== 
Finished basis vector 30/62 

Starting simulation of basis vector 31/62
Performing CTM pre-steps without tracking
  | CTM step 1 conv: 1.000e+00 time: 0.57
  | CTM step 2 conv: 1.000e+00 time: 0.64
  | CTM step 3 conv: 1.000e+00 time: 0.65
  | CTM step 4 conv: 3.200e-05 time: 0.66
  | CTM step 5 conv: 1.130e-05 time: 0.65
Performing CTM
  | CTM step 1 conv: 1.000e+00 time: 0.86
  | CTM step 2 conv: 1.490e-08 time: 1.07
  | CTM step 3 conv: 1.977e-09 time: 1.02
Energies: 0.06759848821944112 1.7485836640281644e-13
Norm: 0.012751139052481786
========== 
Finished basis vector 31/62 

Starting simulation of basis vector 32/62
Performing CTM pre-steps without tracking
  | CTM step 1 conv: 1.000e+00 time: 0.57
  | CTM step 2 conv: 1.000e+00 time: 0.64
  | CTM step 3 conv: 1.000e+00 time: 0.65
  | CTM step 4 conv: 3.200e-05 time: 0.66
  | CTM step 5 conv: 1.130e-05 time: 0.66
Performing CTM
  | CTM step 1 conv: 1.000e+00 time: 0.86
  | CTM step 2 conv: 1.490e-08 time: 1.02
  | CTM step 3 conv: 1.977e-09 time: 1.03
Energies: 0.04734455259137621 1.7485836640281644e-13
Norm: 0.009427618004139458
========== 
Finished basis vector 32/62 

Starting simulation of basis vector 33/62
Performing CTM pre-steps without tracking
  | CTM step 1 conv: 1.000e+00 time: 0.58
  | CTM step 2 conv: 1.000e+00 time: 0.65
  | CTM step 3 conv: 1.000e+00 time: 0.67
  | CTM step 4 conv: 3.200e-05 time: 0.67
  | CTM step 5 conv: 1.130e-05 time: 0.66
Performing CTM
  | CTM step 1 conv: 1.000e+00 time: 0.86
  | CTM step 2 conv: 1.490e-08 time: 1.02
  | CTM step 3 conv: 1.977e-09 time: 1.02
Energies: 0.4454054533654844 1.7485836640281644e-13
Norm: 0.10667956246005363
========== 
Finished basis vector 33/62 

Starting simulation of basis vector 34/62
Performing CTM pre-steps without tracking
  | CTM step 1 conv: 1.000e+00 time: 0.57
  | CTM step 2 conv: 1.000e+00 time: 0.64
  | CTM step 3 conv: 1.000e+00 time: 0.65
  | CTM step 4 conv: 3.200e-05 time: 0.66
  | CTM step 5 conv: 1.130e-05 time: 0.66
Performing CTM
  | CTM step 1 conv: 1.000e+00 time: 0.86
  | CTM step 2 conv: 1.490e-08 time: 1.02
  | CTM step 3 conv: 1.977e-09 time: 1.02
Energies: 0.06527563323338298 1.7485836640281644e-13
Norm: 0.012505412329984544
========== 
Finished basis vector 34/62 

Starting simulation of basis vector 35/62
Performing CTM pre-steps without tracking
  | CTM step 1 conv: 1.000e+00 time: 0.58
  | CTM step 2 conv: 1.000e+00 time: 0.64
  | CTM step 3 conv: 1.000e+00 time: 0.67
  | CTM step 4 conv: 3.200e-05 time: 0.68
  | CTM step 5 conv: 1.130e-05 time: 0.67
Performing CTM
  | CTM step 1 conv: 1.000e+00 time: 0.86
  | CTM step 2 conv: 1.490e-08 time: 1.03
  | CTM step 3 conv: 1.977e-09 time: 1.09
Energies: 0.022333457458350307 1.7485836640281644e-13
Norm: 0.0029425617647541548
========== 
Finished basis vector 35/62 

Starting simulation of basis vector 36/62
Performing CTM pre-steps without tracking
  | CTM step 1 conv: 1.000e+00 time: 0.58
  | CTM step 2 conv: 1.000e+00 time: 0.64
  | CTM step 3 conv: 1.000e+00 time: 0.66
  | CTM step 4 conv: 3.200e-05 time: 0.66
  | CTM step 5 conv: 1.130e-05 time: 0.66
Performing CTM
  | CTM step 1 conv: 1.000e+00 time: 0.9
  | CTM step 2 conv: 1.490e-08 time: 1.02
  | CTM step 3 conv: 1.977e-09 time: 1.02
Energies: 0.0362677776414389 1.7485836640281644e-13
Norm: 0.006856798021011953
========== 
Finished basis vector 36/62 

Starting simulation of basis vector 37/62
Performing CTM pre-steps without tracking
  | CTM step 1 conv: 1.000e+00 time: 0.57
  | CTM step 2 conv: 1.000e+00 time: 0.64
  | CTM step 3 conv: 1.000e+00 time: 0.65
  | CTM step 4 conv: 3.200e-05 time: 0.66
  | CTM step 5 conv: 1.130e-05 time: 0.67
Performing CTM
  | CTM step 1 conv: 1.000e+00 time: 0.87
  | CTM step 2 conv: 1.490e-08 time: 1.03
  | CTM step 3 conv: 1.977e-09 time: 1.02
Energies: 0.06335319213542019 1.7485836640281644e-13
Norm: 0.011878396190863014
========== 
Finished basis vector 37/62 

Starting simulation of basis vector 38/62
Performing CTM pre-steps without tracking
  | CTM step 1 conv: 1.000e+00 time: 0.57
  | CTM step 2 conv: 1.000e+00 time: 0.64
  | CTM step 3 conv: 1.000e+00 time: 0.65
  | CTM step 4 conv: 3.200e-05 time: 0.66
  | CTM step 5 conv: 1.130e-05 time: 0.65
Performing CTM
  | CTM step 1 conv: 1.000e+00 time: 0.86
  | CTM step 2 conv: 1.490e-08 time: 1.02
  | CTM step 3 conv: 1.977e-09 time: 1.02
Energies: 0.02110759911693118 1.7485836640281644e-13
Norm: 0.0027833653749840693
========== 
Finished basis vector 38/62 

Starting simulation of basis vector 39/62
Performing CTM pre-steps without tracking
  | CTM step 1 conv: 1.000e+00 time: 0.57
  | CTM step 2 conv: 1.000e+00 time: 0.64
  | CTM step 3 conv: 1.000e+00 time: 0.65
  | CTM step 4 conv: 3.200e-05 time: 0.66
  | CTM step 5 conv: 1.130e-05 time: 0.65
Performing CTM
  | CTM step 1 conv: 1.000e+00 time: 0.86
  | CTM step 2 conv: 1.490e-08 time: 1.02
  | CTM step 3 conv: 1.977e-09 time: 1.08
Energies: 0.13932170159892998 1.7485836640281644e-13
Norm: 0.03192585174804487
========== 
Finished basis vector 39/62 

Starting simulation of basis vector 40/62
Performing CTM pre-steps without tracking
  | CTM step 1 conv: 1.000e+00 time: 0.58
  | CTM step 2 conv: 1.000e+00 time: 0.64
  | CTM step 3 conv: 1.000e+00 time: 0.66
  | CTM step 4 conv: 3.200e-05 time: 0.66
  | CTM step 5 conv: 1.130e-05 time: 0.66
Performing CTM
  | CTM step 1 conv: 1.000e+00 time: 0.86
  | CTM step 2 conv: 1.490e-08 time: 1.02
  | CTM step 3 conv: 1.977e-09 time: 1.02
Energies: 0.22303634224502047 1.7485836640281644e-13
Norm: 0.05258126648623363
========== 
Finished basis vector 40/62 

Starting simulation of basis vector 41/62
Performing CTM pre-steps without tracking
  | CTM step 1 conv: 1.000e+00 time: 0.58
  | CTM step 2 conv: 1.000e+00 time: 0.65
  | CTM step 3 conv: 1.000e+00 time: 0.66
  | CTM step 4 conv: 3.200e-05 time: 0.67
  | CTM step 5 conv: 1.130e-05 time: 0.67
Performing CTM
  | CTM step 1 conv: 1.000e+00 time: 0.86
  | CTM step 2 conv: 1.490e-08 time: 1.03
  | CTM step 3 conv: 1.977e-09 time: 1.02
Energies: 0.09939900481380606 1.7485836640281644e-13
Norm: 0.022209919732958612
========== 
Finished basis vector 41/62 

Starting simulation of basis vector 42/62
Performing CTM pre-steps without tracking
  | CTM step 1 conv: 1.000e+00 time: 0.57
  | CTM step 2 conv: 1.000e+00 time: 0.64
  | CTM step 3 conv: 1.000e+00 time: 0.65
  | CTM step 4 conv: 3.200e-05 time: 0.65
  | CTM step 5 conv: 1.130e-05 time: 0.65
Performing CTM
  | CTM step 1 conv: 1.000e+00 time: 0.86
  | CTM step 2 conv: 1.490e-08 time: 1.02
  | CTM step 3 conv: 1.977e-09 time: 1.07
Energies: 0.08906664691980197 1.7485836640281644e-13
Norm: 0.019354698191129626
========== 
Finished basis vector 42/62 

Starting simulation of basis vector 43/62
Performing CTM pre-steps without tracking
  | CTM step 1 conv: 1.000e+00 time: 0.58
  | CTM step 2 conv: 1.000e+00 time: 0.64
  | CTM step 3 conv: 1.000e+00 time: 0.65
  | CTM step 4 conv: 3.200e-05 time: 0.66
  | CTM step 5 conv: 1.130e-05 time: 0.67
Performing CTM
  | CTM step 1 conv: 1.000e+00 time: 0.86
  | CTM step 2 conv: 1.490e-08 time: 1.03
  | CTM step 3 conv: 1.977e-09 time: 1.03
Energies: 0.29535330430921236 1.7485836640281644e-13
Norm: 0.07011871419685044
========== 
Finished basis vector 43/62 

Starting simulation of basis vector 44/62
Performing CTM pre-steps without tracking
  | CTM step 1 conv: 1.000e+00 time: 0.58
  | CTM step 2 conv: 1.000e+00 time: 0.64
  | CTM step 3 conv: 1.000e+00 time: 0.66
  | CTM step 4 conv: 3.200e-05 time: 0.66
  | CTM step 5 conv: 1.130e-05 time: 0.66
Performing CTM
  | CTM step 1 conv: 1.000e+00 time: 0.91
  | CTM step 2 conv: 1.490e-08 time: 1.03
  | CTM step 3 conv: 1.977e-09 time: 1.03
Energies: 0.20514662627425923 1.7485836640281644e-13
Norm: 0.048635019101386845
========== 
Finished basis vector 44/62 

Starting simulation of basis vector 45/62
Performing CTM pre-steps without tracking
  | CTM step 1 conv: 1.000e+00 time: 0.58
  | CTM step 2 conv: 1.000e+00 time: 0.64
  | CTM step 3 conv: 1.000e+00 time: 0.66
  | CTM step 4 conv: 3.200e-05 time: 0.65
  | CTM step 5 conv: 1.130e-05 time: 0.65
Performing CTM
  | CTM step 1 conv: 1.000e+00 time: 0.85
  | CTM step 2 conv: 1.490e-08 time: 1.02
  | CTM step 3 conv: 1.977e-09 time: 1.01
Energies: 0.19312157704461125 1.7485836640281644e-13
Norm: 0.04546126210052145
========== 
Finished basis vector 45/62 

Starting simulation of basis vector 46/62
Performing CTM pre-steps without tracking
  | CTM step 1 conv: 1.000e+00 time: 0.57
  | CTM step 2 conv: 1.000e+00 time: 0.64
  | CTM step 3 conv: 1.000e+00 time: 0.65
  | CTM step 4 conv: 3.200e-05 time: 0.66
  | CTM step 5 conv: 1.130e-05 time: 0.65
Performing CTM
  | CTM step 1 conv: 1.000e+00 time: 0.95
  | CTM step 2 conv: 1.490e-08 time: 1.04
  | CTM step 3 conv: 1.977e-09 time: 1.02
Energies: 0.1472498125652572 1.7485836640281644e-13
Norm: 0.03383375154300446
========== 
Finished basis vector 46/62 

Starting simulation of basis vector 47/62
Performing CTM pre-steps without tracking
  | CTM step 1 conv: 1.000e+00 time: 0.57
  | CTM step 2 conv: 1.000e+00 time: 0.64
  | CTM step 3 conv: 1.000e+00 time: 0.65
  | CTM step 4 conv: 3.200e-05 time: 0.65
  | CTM step 5 conv: 1.130e-05 time: 0.65
Performing CTM
  | CTM step 1 conv: 1.000e+00 time: 0.85
  | CTM step 2 conv: 1.490e-08 time: 1.02
  | CTM step 3 conv: 1.977e-09 time: 1.06
Energies: 0.9754596564412921 1.7485836640281644e-13
Norm: 0.19822989043266082
========== 
Finished basis vector 47/62 

Starting simulation of basis vector 48/62
Performing CTM pre-steps without tracking
  | CTM step 1 conv: 1.000e+00 time: 0.57
  | CTM step 2 conv: 1.000e+00 time: 0.63
  | CTM step 3 conv: 1.000e+00 time: 0.65
  | CTM step 4 conv: 3.200e-05 time: 0.65
  | CTM step 5 conv: 1.130e-05 time: 0.66
Performing CTM
  | CTM step 1 conv: 1.000e+00 time: 0.86
  | CTM step 2 conv: 1.490e-08 time: 1.03
  | CTM step 3 conv: 1.977e-09 time: 1.02
Energies: 0.36539226281515563 1.7485836640281644e-13
Norm: 0.06760782939025448
========== 
Finished basis vector 48/62 

Starting simulation of basis vector 49/62
Performing CTM pre-steps without tracking
  | CTM step 1 conv: 1.000e+00 time: 0.57
  | CTM step 2 conv: 1.000e+00 time: 0.64
  | CTM step 3 conv: 1.000e+00 time: 0.65
  | CTM step 4 conv: 3.200e-05 time: 0.65
  | CTM step 5 conv: 1.130e-05 time: 0.66
Performing CTM
  | CTM step 1 conv: 1.000e+00 time: 0.85
  | CTM step 2 conv: 1.490e-08 time: 1.02
  | CTM step 3 conv: 1.977e-09 time: 1.01
Energies: 1.3363637815451612 1.7485836640281644e-13
Norm: 0.27296358035471513
========== 
Finished basis vector 49/62 

Starting simulation of basis vector 50/62
Performing CTM pre-steps without tracking
  | CTM step 1 conv: 1.000e+00 time: 0.58
  | CTM step 2 conv: 1.000e+00 time: 0.64
  | CTM step 3 conv: 1.000e+00 time: 0.66
  | CTM step 4 conv: 3.200e-05 time: 0.74
  | CTM step 5 conv: 1.130e-05 time: 0.65
Performing CTM
  | CTM step 1 conv: 1.000e+00 time: 0.85
  | CTM step 2 conv: 1.490e-08 time: 1.01
  | CTM step 3 conv: 1.977e-09 time: 1.01
Energies: 0.49653744751046264 1.7485836640281644e-13
Norm: 0.09275137663691424
========== 
Finished basis vector 50/62 

Starting simulation of basis vector 51/62
Performing CTM pre-steps without tracking
  | CTM step 1 conv: 1.000e+00 time: 0.57
  | CTM step 2 conv: 1.000e+00 time: 0.63
  | CTM step 3 conv: 1.000e+00 time: 0.65
  | CTM step 4 conv: 3.200e-05 time: 0.66
  | CTM step 5 conv: 1.130e-05 time: 0.65
Performing CTM
  | CTM step 1 conv: 1.000e+00 time: 0.85
  | CTM step 2 conv: 1.490e-08 time: 1.03
  | CTM step 3 conv: 1.977e-09 time: 1.11
Energies: 0.45878864004380576 1.7485836640281644e-13
Norm: 0.08597527899781808
========== 
Finished basis vector 51/62 

Starting simulation of basis vector 52/62
Performing CTM pre-steps without tracking
  | CTM step 1 conv: 1.000e+00 time: 0.58
  | CTM step 2 conv: 1.000e+00 time: 0.65
  | CTM step 3 conv: 1.000e+00 time: 0.66
  | CTM step 4 conv: 3.200e-05 time: 0.66
  | CTM step 5 conv: 1.130e-05 time: 0.66
Performing CTM
  | CTM step 1 conv: 1.000e+00 time: 0.85
  | CTM step 2 conv: 1.490e-08 time: 1.16
  | CTM step 3 conv: 1.977e-09 time: 1.02
Energies: 0.17064256078948375 1.7485836640281644e-13
Norm: 0.02938838081852663
========== 
Finished basis vector 52/62 

Starting simulation of basis vector 53/62
Performing CTM pre-steps without tracking
  | CTM step 1 conv: 1.000e+00 time: 0.58
  | CTM step 2 conv: 1.000e+00 time: 0.64
  | CTM step 3 conv: 1.000e+00 time: 0.66
  | CTM step 4 conv: 3.200e-05 time: 0.66
  | CTM step 5 conv: 1.130e-05 time: 0.67
Performing CTM
  | CTM step 1 conv: 1.000e+00 time: 0.95
  | CTM step 2 conv: 1.490e-08 time: 1.1
  | CTM step 3 conv: 1.977e-09 time: 1.11
Energies: 0.6221320668075767 1.7485836640281644e-13
Norm: 0.11713454301031712
========== 
Finished basis vector 53/62 

Starting simulation of basis vector 54/62
Performing CTM pre-steps without tracking
  | CTM step 1 conv: 1.000e+00 time: 0.59
  | CTM step 2 conv: 1.000e+00 time: 0.7
  | CTM step 3 conv: 1.000e+00 time: 0.75
  | CTM step 4 conv: 3.200e-05 time: 0.67
  | CTM step 5 conv: 1.130e-05 time: 0.66
Performing CTM
  | CTM step 1 conv: 1.000e+00 time: 0.86
  | CTM step 2 conv: 1.490e-08 time: 1.21
  | CTM step 3 conv: 1.977e-09 time: 1.11
Energies: 0.23009062813700404 1.7485836640281644e-13
Norm: 0.03993756686007808
========== 
Finished basis vector 54/62 

Starting simulation of basis vector 55/62
Performing CTM pre-steps without tracking
  | CTM step 1 conv: 1.000e+00 time: 0.58
  | CTM step 2 conv: 1.000e+00 time: 0.75
  | CTM step 3 conv: 1.000e+00 time: 0.66
  | CTM step 4 conv: 3.200e-05 time: 0.66
  | CTM step 5 conv: 1.130e-05 time: 0.66
Performing CTM
  | CTM step 1 conv: 1.000e+00 time: 0.86
  | CTM step 2 conv: 1.490e-08 time: 1.05
  | CTM step 3 conv: 1.977e-09 time: 1.02
Energies: 1.6619448798712921 1.7485836640281644e-13
Norm: 0.3695516446271677
========== 
Finished basis vector 55/62 

Starting simulation of basis vector 56/62
Performing CTM pre-steps without tracking
  | CTM step 1 conv: 1.000e+00 time: 0.58
  | CTM step 2 conv: 1.000e+00 time: 0.66
  | CTM step 3 conv: 1.000e+00 time: 0.66
  | CTM step 4 conv: 3.200e-05 time: 0.66
  | CTM step 5 conv: 1.130e-05 time: 0.65
Performing CTM
  | CTM step 1 conv: 1.000e+00 time: 0.96
  | CTM step 2 conv: 1.490e-08 time: 1.09
  | CTM step 3 conv: 1.977e-09 time: 1.17
Energies: 0.6367737835374906 1.7485836640281644e-13
Norm: 0.12731772604024225
========== 
Finished basis vector 56/62 

Starting simulation of basis vector 57/62
Performing CTM pre-steps without tracking
  | CTM step 1 conv: 1.000e+00 time: 0.58
  | CTM step 2 conv: 1.000e+00 time: 0.65
  | CTM step 3 conv: 1.000e+00 time: 0.66
  | CTM step 4 conv: 3.200e-05 time: 0.66
  | CTM step 5 conv: 1.130e-05 time: 0.66
Performing CTM
  | CTM step 1 conv: 1.000e+00 time: 0.92
  | CTM step 2 conv: 1.490e-08 time: 1.03
  | CTM step 3 conv: 1.977e-09 time: 1.02
Energies: 2.2712328834118294 1.7485836640281644e-13
Norm: 0.5064856534283366
========== 
Finished basis vector 57/62 

Starting simulation of basis vector 58/62
Performing CTM pre-steps without tracking
  | CTM step 1 conv: 1.000e+00 time: 0.57
  | CTM step 2 conv: 1.000e+00 time: 0.64
  | CTM step 3 conv: 1.000e+00 time: 0.66
  | CTM step 4 conv: 3.200e-05 time: 0.66
  | CTM step 5 conv: 1.130e-05 time: 0.65
Performing CTM
  | CTM step 1 conv: 1.000e+00 time: 0.86
  | CTM step 2 conv: 1.490e-08 time: 1.02
  | CTM step 3 conv: 1.977e-09 time: 1.02
Energies: 0.8628834449234732 1.7485836640281644e-13
Norm: 0.17383392408633808
========== 
Finished basis vector 58/62 

Starting simulation of basis vector 59/62
Performing CTM pre-steps without tracking
  | CTM step 1 conv: 1.000e+00 time: 0.57
  | CTM step 2 conv: 1.000e+00 time: 0.64
  | CTM step 3 conv: 1.000e+00 time: 0.65
  | CTM step 4 conv: 3.200e-05 time: 0.66
  | CTM step 5 conv: 1.130e-05 time: 0.65
Performing CTM
  | CTM step 1 conv: 1.000e+00 time: 0.94
  | CTM step 2 conv: 1.490e-08 time: 1.03
  | CTM step 3 conv: 1.977e-09 time: 1.02
Energies: 0.781460563113815 1.7485836640281644e-13
Norm: 0.16084211148291405
========== 
Finished basis vector 59/62 

Starting simulation of basis vector 60/62
Performing CTM pre-steps without tracking
  | CTM step 1 conv: 1.000e+00 time: 0.58
  | CTM step 2 conv: 1.000e+00 time: 0.65
  | CTM step 3 conv: 1.000e+00 time: 0.66
  | CTM step 4 conv: 3.200e-05 time: 0.66
  | CTM step 5 conv: 1.130e-05 time: 0.72
Performing CTM
  | CTM step 1 conv: 1.000e+00 time: 0.86
  | CTM step 2 conv: 1.490e-08 time: 1.03
  | CTM step 3 conv: 1.977e-09 time: 1.09
Energies: 0.29714398957762866 1.7485836640281644e-13
Norm: 0.055521305143692225
========== 
Finished basis vector 60/62 

Starting simulation of basis vector 61/62
Performing CTM pre-steps without tracking
  | CTM step 1 conv: 1.000e+00 time: 0.58
  | CTM step 2 conv: 1.000e+00 time: 0.65
  | CTM step 3 conv: 1.000e+00 time: 0.66
  | CTM step 4 conv: 3.200e-05 time: 0.68
  | CTM step 5 conv: 1.130e-05 time: 0.65
Performing CTM
  | CTM step 1 conv: 1.000e+00 time: 0.86
  | CTM step 2 conv: 1.490e-08 time: 1.03
  | CTM step 3 conv: 1.977e-09 time: 1.03
Energies: 1.0562750072660967 1.7485836640281644e-13
Norm: 0.21805123524734166
========== 
Finished basis vector 61/62 

Starting simulation of basis vector 62/62
Performing CTM pre-steps without tracking
  | CTM step 1 conv: 1.000e+00 time: 0.57
  | CTM step 2 conv: 1.000e+00 time: 0.64
  | CTM step 3 conv: 1.000e+00 time: 0.65
  | CTM step 4 conv: 3.200e-05 time: 0.66
  | CTM step 5 conv: 1.130e-05 time: 0.65
Performing CTM
  | CTM step 1 conv: 1.000e+00 time: 0.86
  | CTM step 2 conv: 1.490e-08 time: 1.02
  | CTM step 3 conv: 1.977e-09 time: 1.02
Energies: 0.3988806774727801 1.7485836640281644e-13
Norm: 0.07506299110270727
========== 
Finished basis vector 62/62 

[[ 0.06046193+1.06876339e-05j -0.04814087+1.41389051e-02j
  -0.11314569-6.46038241e-03j ... -0.02891214-1.31512313e-01j
   0.06299171+2.62670675e-01j -0.03429013-1.50700982e-01j]
 [-0.04814655-1.41257261e-02j  0.0584132 +9.22976935e-07j
   0.09539329+3.31146816e-02j ... -0.00447241+1.23450904e-01j
   0.01340252-2.62888602e-01j -0.00614047+1.45092263e-01j]
 [-0.11315548+6.46071001e-03j  0.0953885 -3.31164620e-02j
   0.231945  -1.05825527e-05j ...  0.07502584+2.58201472e-01j
  -0.16818432-5.41513940e-01j  0.08972693+3.01300391e-01j]
 ...
 [-0.02886469+1.31185755e-01j -0.00472831-1.23624919e-01j
   0.07487429-2.57890890e-01j ...  0.59435403-2.13892006e-05j
  -0.81490735+4.90548009e-03j  0.59925641-1.56205336e-03j]
 [ 0.06173482-2.62145905e-01j  0.01369228+2.63741469e-01j
  -0.16690944+5.41124441e-01j ... -0.8148494 -5.13794084e-03j
   2.11267947-8.41870702e-05j -1.09844251-2.43003628e-03j]
 [-0.03381184+1.50363655e-01j -0.00658298-1.45472893e-01j
   0.08908355-3.01006214e-01j ...  0.5992322 +1.59728646e-03j
  -1.09846212+2.38856145e-03j  0.79787864-4.59859756e-06j]]
[[ 0.01389029+2.23118505e-08j -0.01174509+3.40890265e-03j
  -0.02712842-1.65527232e-03j ... -0.00724451-3.19306534e-02j
   0.01562076+6.55193686e-02j -0.00855533-3.68250959e-02j]
 [-0.01174518-3.40879676e-03j  0.01361159+5.29853714e-08j
   0.02351586+8.24563632e-03j ... -0.00127935+3.02095342e-02j
   0.00326585-6.43467668e-02j -0.00163629+3.55352258e-02j]
 [-0.0271285 +1.65529589e-03j  0.02351571-8.24572449e-03j
   0.05567664-6.49447999e-08j ...  0.01867108+6.29175821e-02j
  -0.04099679-1.33155919e-01j  0.02215541+7.35266832e-02j]
 ...
 [-0.00724451+3.19306515e-02j -0.00127935-3.02095366e-02j
   0.01867109-6.29175815e-02j ...  0.11104261-8.14442945e-10j
  -0.1841768 +7.41546677e-04j  0.11920739-2.46664545e-04j]
 [ 0.01562076-6.55193674e-02j  0.00326585+6.43467726e-02j
  -0.0409968 +1.33155921e-01j ... -0.18417679-7.41545737e-04j
   0.43610247+2.02014284e-09j -0.23267722-3.27368633e-04j]
 [-0.00855533+3.68250940e-02j -0.00163629-3.55352299e-02j
   0.02215542-7.35266830e-02j ...  0.11920737+2.46663777e-04j
  -0.23267724+3.27366975e-04j  0.15012598+2.86337078e-10j]]
Done
Saved to /share/home/tanyi/ad-peps/simulations/exci/h2_ising_D2_X30/30_0.625_0.375.npz
