No GPU/TPU found, falling back to CPU. (Set TF_CPP_MIN_LOG_LEVEL=0 and rerun for more info.)
Namespace(version=False, sim_mode='exci', config_file='ising_D2_exci.yaml', momentum_ix=0, evaluate=False, init=True)
Running excited-state sim
ising_D2_exci.yaml
/share/home/tanyi/ad-peps/examples/ising_D2_exci.yaml
/share/home/tanyi/ad-peps/simulations/exci/h25_ising_D2_X30.base.npz
  | CTM step 1 conv: 4.546e-01 time: 2.02 obj: -2.375610
  | CTM step 2 conv: 1.256e-01 time: 1.79 obj: -2.501162
  | CTM step 3 conv: 2.298e-02 time: 1.99 obj: -2.478183
  | CTM step 4 conv: 7.282e-02 time: 0.94 obj: -2.551005
  | CTM step 5 conv: 6.764e-02 time: 0.3 obj: -2.483361
  | CTM step 6 conv: 8.011e-02 time: 0.31 obj: -2.563472
  | CTM step 7 conv: 8.078e-02 time: 0.3 obj: -2.482690
  | CTM step 8 conv: 8.596e-02 time: 0.3 obj: -2.568647
  | CTM step 9 conv: 8.693e-02 time: 0.3 obj: -2.481716
  | CTM step 10 conv: 8.954e-02 time: 0.3 obj: -2.571255
  | CTM step 11 conv: 9.035e-02 time: 0.3 obj: -2.480909
  | CTM step 12 conv: 9.180e-02 time: 0.3 obj: -2.572712
  | CTM step 13 conv: 9.242e-02 time: 0.3 obj: -2.480290
  | CTM step 14 conv: 9.328e-02 time: 0.3 obj: -2.573569
  | CTM step 15 conv: 9.376e-02 time: 0.3 obj: -2.479810
  | CTM step 16 conv: 9.428e-02 time: 0.3 obj: -2.574093
  | CTM step 17 conv: 9.466e-02 time: 0.3 obj: -2.479437
  | CTM step 18 conv: 9.497e-02 time: 0.3 obj: -2.574408
  | CTM step 19 conv: 9.528e-02 time: 0.3 obj: -2.479124
  | CTM step 20 conv: 9.548e-02 time: 0.3 obj: -2.574600
  | CTM step 21 conv: 9.575e-02 time: 0.3 obj: -2.478852
  | CTM step 22 conv: 9.586e-02 time: 0.3 obj: -2.574717
  | CTM step 23 conv: 9.613e-02 time: 0.3 obj: -2.478583
  | CTM step 24 conv: 9.621e-02 time: 0.3 obj: -2.574793
  | CTM step 25 conv: 9.642e-02 time: 0.3 obj: -2.478370
  | CTM step 26 conv: 9.647e-02 time: 0.3 obj: -2.574842
  | CTM step 27 conv: 9.667e-02 time: 0.3 obj: -2.478170
  | CTM step 28 conv: 9.680e-02 time: 0.3 obj: -2.574970
  | CTM step 29 conv: 9.696e-02 time: 0.3 obj: -2.478010
GS norm 0.18700568203061055
GS norm 1.0000000000000013
Substracting -1.2874423369211336 from Hamiltonian
Preparing orthonormal basis
Saving base to /share/home/tanyi/ad-peps/simulations/exci/h25_ising_D2_X30.base.npz
