Device: cpu
Namespace(version=False, sim_mode='exci', config_file='honeycomb_exci.yaml', momentum_ix=0, evaluate=False, init=True)
Running excited-state sim
honeycomb_exci.yaml
/share/home/tanyi/ad-peps/examples/honeycomb_exci.yaml
/share/home/tanyi/ad-peps/simulations/exci/07_honeycomb_D4_X100.base.npz
  | CTM step 1 conv: 2.122e-02 time: 2.37 obj: -0.691304
  | CTM step 2 conv: 2.133e-03 time: 2.62 obj: -0.693436
  | CTM step 3 conv: 3.423e-04 time: 2.73 obj: -0.693779
  | CTM step 4 conv: 4.988e-05 time: 1.67 obj: -0.693828
  | CTM step 5 conv: 4.429e-06 time: 1.69 obj: -0.693833
  | CTM step 6 conv: 7.358e-07 time: 1.63 obj: -0.693832
  | CTM step 7 conv: 6.127e-07 time: 1.79 obj: -0.693832
  | CTM step 8 conv: 2.549e-07 time: 1.82 obj: -0.693831
  | CTM step 9 conv: 8.837e-08 time: 1.76 obj: -0.693831
  | CTM step 10 conv: 2.821e-08 time: 1.81 obj: -0.693831
  | CTM step 11 conv: 8.599e-09 time: 1.68 obj: -0.693831
  | CTM step 12 conv: 2.549e-09 time: 1.78 obj: -0.693831
  | CTM step 13 conv: 7.420e-10 time: 1.71 obj: -0.693831
  | CTM step 14 conv: 2.134e-10 time: 1.89 obj: -0.693831
  | CTM step 15 conv: 6.084e-11 time: 1.77 obj: -0.693831
  | CTM step 16 conv: 1.724e-11 time: 2.06 obj: -0.693831
  | CTM step 17 conv: 4.867e-12 time: 1.97 obj: -0.693831
  | CTM step 18 conv: 1.370e-12 time: 1.97 obj: -0.693831
GS norm 27.93777826915854
GS norm 1.000000000000009
Substracting -0.34691555900483817 from Hamiltonian
Preparing orthonormal basis
Saving base to /share/home/tanyi/ad-peps/simulations/exci/07_honeycomb_D4_X100.base.npz
