Device: cpu
Namespace(version=False, sim_mode='gs', config_file='honeycomb.yaml')
Running ground-state sim
Running
/share/home/tanyi/ad-peps/examples/honeycomb.yaml
D: 4
chi: 100
ctm_conv_tol: 1.0e-06
ctm_max_iter: 8
ctm_min_iter: 4
disp_level: 2
flush_output: true
init_gs: false
method: L-BFGS-B
model: honeycomb
model_params:
  Jx: 1
  Jy: 1
out_prefix: '11'
pattern:
- - 0
  - 0
- - 0
  - 0
resume: true
seed: 1

Output file /share/home/tanyi/ad-peps/simulations/gs/11_honeycomb_D4_X100.npz
Resuming existing simulation
 
 # ======================== #
 #      Step completed      #
 # ======================== #
 
 Step   0  E: -0.419288452914  |grad|: 0.10183546
 Step   1  E: -0.485837169229  |grad|: 0.10883936
 Step   2  E: -0.491992840731  |grad|: 0.16825646
 Step   3  E: -0.518208936740  |grad|: 0.075881228
 Step   4  E: -0.538391283052  |grad|: 0.090719277
 Step   5  E: -0.570024231278  |grad|: 0.19311524
 Step   6  E: -0.603736590090  |grad|: 0.14015717
 Step   7  E: -0.663185058677  |grad|: 0.14946319
 Step   8  E: -0.669953290647  |grad|: 0.097205211
 Step   9  E: -0.695995025907  |grad|: 0.06603261
 Step  10  E: -0.717371169140  |grad|: 0.057985754
 Step  11  E: -0.725034948353  |grad|: 0.017647614
 Step  12  E: -0.727150192894  |grad|: 0.015613129
 Step  13  E: -0.732501019170  |grad|: 0.016131008
 Step  14  E: -0.734961133912  |grad|: 0.01189672
 Step  15  E: -0.736578805405  |grad|: 0.010541865
 Step  16  E: -0.738489909481  |grad|: 0.01517321
 Step  17  E: -0.740520205736  |grad|: 0.021035792
 Step  18  E: -0.743693934562  |grad|: 0.016420155
 Step  19  E: -0.748404383386  |grad|: 0.010089043
 Step  20  E: -0.750178167790  |grad|: 0.01292138
 Step  21  E: -0.751878131767  |grad|: 0.010227863
 Step  22  E: -0.753137652307  |grad|: 0.0093256944
 Step  23  E: -0.753333527272  |grad|: 0.018750918
 Step  24  E: -0.754392068155  |grad|: 0.0042906335
 Step  25  E: -0.754552554186  |grad|: 0.0035604027
 Step  26  E: -0.755118792965  |grad|: 0.0051419482
 Step  27  E: -0.755396360233  |grad|: 0.0081791134
 Step  28  E: -0.755715503562  |grad|: 0.0029662235
 Step  29  E: -0.755842914864  |grad|: 0.0028143533
 Step  30  E: -0.756131632103  |grad|: 0.0039883201
 Step  31  E: -0.756456699965  |grad|: 0.004566921
 Step  32  E: -0.756537141237  |grad|: 0.0067699107
 Step  33  E: -0.756760483480  |grad|: 0.0030411077
 Step  34  E: -0.756916960338  |grad|: 0.002685427
 Step  35  E: -0.757145077627  |grad|: 0.0044601672
 Step  36  E: -0.757306217881  |grad|: 0.0071433927
 Step  37  E: -0.757543941703  |grad|: 0.0032920042
 Step  38  E: -0.757681018523  |grad|: 0.0026084065
 Step  39  E: -0.757822818057  |grad|: 0.002855967
 Step  40  E: -0.758083082543  |grad|: 0.0048125063
 Step  41  E: -0.758360945931  |grad|: 0.0075659932
 Step  42  E: -0.758712665329  |grad|: 0.0062137358
 Step  43  E: -0.758981235195  |grad|: 0.0044746444
 Step  44  E: -0.759166506348  |grad|: 0.0033976377
 Step  45  E: -0.759388800103  |grad|: 0.0034093671
 Step  46  E: -0.759606366264  |grad|: 0.0054768622
 Step  47  E: -0.759813581755  |grad|: 0.0034559384
 Step  48  E: -0.759979884897  |grad|: 0.0031198514
 Step  49  E: -0.760187793083  |grad|: 0.003432178
 Step  50  E: -0.760315065507  |grad|: 0.0067270971
 Step  51  E: -0.760505949693  |grad|: 0.0034408811
 Step  52  E: -0.760680156702  |grad|: 0.0029202184
 Step  53  E: -0.760807208265  |grad|: 0.0032999899
 Step  54  E: -0.761099998829  |grad|: 0.0053321415
 Step  55  E: -0.761175018364  |grad|: 0.0055136461
 Step  56  E: -0.761354002424  |grad|: 0.0025360672
 Step  57  E: -0.761467818338  |grad|: 0.0023518944
 Step  58  E: -0.761643094247  |grad|: 0.0049034376
 Step  59  E: -0.761783516623  |grad|: 0.0046666419
 Step  60  E: -0.761924021408  |grad|: 0.0028537819
 Step  61  E: -0.762090827483  |grad|: 0.0028777673
 Step  62  E: -0.762255398797  |grad|: 0.0075584793
 Step  63  E: -0.762441113595  |grad|: 0.0034865924
 Step  64  E: -0.762576972996  |grad|: 0.003068008
 Step  65  E: -0.762729317150  |grad|: 0.0037318613
 Step  66  E: -0.762957430260  |grad|: 0.0038285655
 Step  67  E: -0.763138463052  |grad|: 0.0049740804
 Step  68  E: -0.763290599536  |grad|: 0.0033893916
 Step  69  E: -0.763440063139  |grad|: 0.0036903696
 Step  70  E: -0.763549810629  |grad|: 0.0037702922
 Step  71  E: -0.763685281980  |grad|: 0.0029774547
 Step  72  E: -0.763804061104  |grad|: 0.0034568595
 Step  73  E: -0.763886486605  |grad|: 0.0030849609
 Step  74  E: -0.763953469016  |grad|: 0.0024097202
 Step  75  E: -0.764087811241  |grad|: 0.0028752481
 Step  76  E: -0.764128548109  |grad|: 0.0054400741
 Step  77  E: -0.764201421868  |grad|: 0.0029118349
 Step  78  E: -0.764272979163  |grad|: 0.0021570898
 Step  79  E: -0.764330627181  |grad|: 0.0023883591
 Step  80  E: -0.764443634421  |grad|: 0.0026214787
 Step  81  E: -0.764475808365  |grad|: 0.0056068371
 Step  82  E: -0.764571554053  |grad|: 0.0022252265
 Step  83  E: -0.764623685185  |grad|: 0.0019629671
 Step  84  E: -0.764694146105  |grad|: 0.0026522711
 Step  85  E: -0.764779370857  |grad|: 0.0028564551
 Step  86  E: -0.764813823183  |grad|: 0.0052139612
 Step  87  E: -0.764899177322  |grad|: 0.0022631755
 Step  88  E: -0.764956813456  |grad|: 0.0020740416
 Step  89  E: -0.765025776443  |grad|: 0.0026440061
 Step  90  E: -0.765072729737  |grad|: 0.0076996613
 Step  91  E: -0.765180403577  |grad|: 0.0033459537
 Step  92  E: -0.765244329116  |grad|: 0.0021338567
 Step  93  E: -0.765297443824  |grad|: 0.0028984523
 Step  94  E: -0.765362635208  |grad|: 0.0029142619
 Step  95  E: -0.765409070343  |grad|: 0.0057935906
 Step  96  E: -0.765491407833  |grad|: 0.0026238487
 Step  97  E: -0.765550143852  |grad|: 0.0023500423
 Step  98  E: -0.765595978791  |grad|: 0.0028648139
 Step  99  E: -0.765699640099  |grad|: 0.0031090026
 Step 100  E: -0.765718064922  |grad|: 0.0068611881
 Step 101  E: -0.765813424797  |grad|: 0.0027560404
 Step 102  E: -0.765866483666  |grad|: 0.0021373359
 Step 103  E: -0.765927652658  |grad|: 0.0031147488
 Step 104  E: -0.766036173464  |grad|: 0.0039849545
 Step 105  E: -0.766233483291  |grad|: 0.0051079659
 Step 106  E: -0.766296861759  |grad|: 0.0082415476
 Step 107  E: -0.766515378473  |grad|: 0.0035043361
 Step 108  E: -0.766655312004  |grad|: 0.0034609268
 Step 109  E: -0.766819049378  |grad|: 0.0065823176
 Step 110  E: -0.767079920217  |grad|: 0.0066428315
 Step 111  E: -0.767366765476  |grad|: 0.0095261825
 Step 112  E: -0.767678292038  |grad|: 0.0051136179
 Step 113  E: -0.767886106066  |grad|: 0.0057766639
 Step 114  E: -0.768040144877  |grad|: 0.004978275
 Step 115  E: -0.768209922030  |grad|: 0.008112932
 Step 116  E: -0.768518483031  |grad|: 0.0052270376
 Step 117  E: -0.768828089410  |grad|: 0.0045432626
 Step 118  E: -0.768959957836  |grad|: 0.0064606545
 Step 119  E: -0.769125708729  |grad|: 0.0045208684
 Step 120  E: -0.769464160923  |grad|: 0.0035988381
 Step 121  E: -0.769629283154  |grad|: 0.0035912684
 Step 122  E: -0.769919732008  |grad|: 0.0094412456
 Step 123  E: -0.770287463586  |grad|: 0.0058527625
 Step 124  E: -0.770525196130  |grad|: 0.0042344894
 Step 125  E: -0.770894989264  |grad|: 0.0050047978
 Step 126  E: -0.771048470768  |grad|: 0.011545523
 Step 127  E: -0.771542529752  |grad|: 0.0047702697
 Step 128  E: -0.771857630415  |grad|: 0.0044483839
 Step 129  E: -0.772303676770  |grad|: 0.0060874546
 Step 130  E: -0.772987621349  |grad|: 0.0090804272
 Step 131  E: -0.773324319402  |grad|: 0.010618702
 Step 132  E: -0.774183634593  |grad|: 0.0054821428
 Step 133  E: -0.774795561534  |grad|: 0.0071219826
 Step 134  E: -0.775616344773  |grad|: 0.0084848289
 Step 135  E: -0.776563902017  |grad|: 0.009305533
 Step 136  E: -0.777645970308  |grad|: 0.010203098
 Step 137  E: -0.778697870545  |grad|: 0.0080413735
 Step 138  E: -0.779815305065  |grad|: 0.0097153705
 Step 139  E: -0.780552079555  |grad|: 0.0084880836
 Step 140  E: -0.781283489085  |grad|: 0.0077634994
 Step 141  E: -0.781862704535  |grad|: 0.0067857364
 Step 142  E: -0.782383950626  |grad|: 0.0051487748
 Step 143  E: -0.782822949583  |grad|: 0.004172907
 Step 144  E: -0.783202524287  |grad|: 0.0049054002
 Step 145  E: -0.783478267903  |grad|: 0.0042441254
 Step 146  E: -0.783673843302  |grad|: 0.0028820334
 Step 147  E: -0.783872716768  |grad|: 0.0026854697
 Step 148  E: -0.783975729749  |grad|: 0.0037383073
 Step 149  E: -0.784073129646  |grad|: 0.0020459903
 Step 150  E: -0.784140145064  |grad|: 0.0015498919
 Step 151  E: -0.784191103642  |grad|: 0.0016521719
 Step 152  E: -0.784224086288  |grad|: 0.0030234151
 Step 153  E: -0.784268687989  |grad|: 0.0011200122
 Step 154  E: -0.784283877354  |grad|: 0.00093601872
 Step 155  E: -0.784306122996  |grad|: 0.00098277873
 Step 156  E: -0.784318407196  |grad|: 0.0014268856
 Step 157  E: -0.784333897456  |grad|: 0.00081680838
 Step 158  E: -0.784344916962  |grad|: 0.00063534833
 Step 159  E: -0.784355105942  |grad|: 0.00088492017
 Step 160  E: -0.784363289122  |grad|: 0.00072253646
 Step 161  E: -0.784369763631  |grad|: 0.00053253181
 Step 162  E: -0.784374882523  |grad|: 0.00056363844
 Step 163  E: -0.784379324034  |grad|: 0.00055229567
 Step 164  E: -0.784384144621  |grad|: 0.00047926816
 Step 165  E: -0.784388491797  |grad|: 0.00068067652
 Step 166  E: -0.784392123534  |grad|: 0.00044722211
 Step 167  E: -0.784394767071  |grad|: 0.00037710174
 Step 168  E: -0.784398152213  |grad|: 0.00042712888
 Step 169  E: -0.784399112667  |grad|: 0.00081244294
 Step 170  E: -0.784401845453  |grad|: 0.00031194316
 Step 171  E: -0.784403141342  |grad|: 0.00022855979
 Step 172  E: -0.784404342174  |grad|: 0.00026156459
 Step 173  E: -0.784406315755  |grad|: 0.00029725412
 Step 174  E: -0.784406612898  |grad|: 0.00060031684
 Step 175  E: -0.784408165471  |grad|: 0.00019844771
 Step 176  E: -0.784408703068  |grad|: 0.00016736069
 Step 177  E: -0.784409569984  |grad|: 0.00020586684
 Step 178  E: -0.784410513638  |grad|: 0.00026613669
 Step 179  E: -0.784410732515  |grad|: 0.00041413732
 Step 180  E: -0.784411641138  |grad|: 0.00013010802
 Step 181  E: -0.784411916472  |grad|: 0.00012248356
 Step 182  E: -0.784412292140  |grad|: 0.0001469912
 Step 183  E: -0.784412516934  |grad|: 0.00023161187
 Step 184  E: -0.784412844162  |grad|: 0.0001320581
 Step 185  E: -0.784413085948  |grad|: 8.938691e-05
 Step 186  E: -0.784413282589  |grad|: 0.00011524724
 Step 187  E: -0.784413386474  |grad|: 0.00017183738
 Step 188  E: -0.784413562217  |grad|: 8.9754577e-05
 Step 189  E: -0.784413711406  |grad|: 7.6085083e-05
 Step 190  E: -0.784413792431  |grad|: 7.8922279e-05
 Step 191  E: -0.784413843030  |grad|: 0.00013535262
 Step 192  E: -0.784413925280  |grad|: 5.9779475e-05
 Step 193  E: -0.784413965092  |grad|: 4.8506358e-05
 Step 194  E: -0.784414007004  |grad|: 5.7077075e-05
 Step 195  E: -0.784414031669  |grad|: 6.9089282e-05
 Step 196  E: -0.784414069154  |grad|: 4.8794487e-05
 Step 197  E: -0.784414103847  |grad|: 5.4057377e-05
 Step 198  E: -0.784414126527  |grad|: 3.4159218e-05
 Step 199  E: -0.784414148386  |grad|: 3.8700575e-05


Performing CTM pre-steps without tracking
  | CTM step 1 conv: 3.781e-02 time: 2.38 obj: -0.778725
  | CTM step 2 conv: 5.531e-03 time: 3.2 obj: -0.784256
  | CTM step 3 conv: 2.113e-04 time: 4.15 obj: -0.784467
  | CTM step 4 conv: 1.971e-05 time: 2.6 obj: -0.784447
  | CTM step 5 conv: 1.850e-05 time: 1.9 obj: -0.784429
  | CTM step 6 conv: 9.705e-06 time: 1.64 obj: -0.784419
  | CTM step 7 conv: 3.393e-06 time: 1.79 obj: -0.784416
Performing CTM
  | CTM step 1 conv: 3.709e-07 time: 2.65 obj: -0.784414
  | CTM step 2 conv: 1.178e-07 time: 2.03 obj: -0.784414
  | CTM step 3 conv: 3.608e-08 time: 1.87 obj: -0.784414
Energy: -0.784414148385522
Performing CTM pre-steps without tracking
  | CTM step 1 conv: 3.801e-02 time: 0.34 obj: -0.778525
  | CTM step 2 conv: 5.483e-03 time: 1.89 obj: -0.784009
  | CTM step 3 conv: 2.030e-04 time: 2.57 obj: -0.784212
  | CTM step 4 conv: 2.084e-05 time: 2.43 obj: -0.784191
  | CTM step 5 conv: 1.878e-05 time: 1.97 obj: -0.784172
  | CTM step 6 conv: 9.704e-06 time: 2.02 obj: -0.784163
  | CTM step 7 conv: 3.372e-06 time: 2.1 obj: -0.784159
Performing CTM
  | CTM step 1 conv: 3.640e-07 time: 2.07 obj: -0.784158
  | CTM step 2 conv: 1.148e-07 time: 2.14 obj: -0.784158
  | CTM step 3 conv: 3.488e-08 time: 1.88 obj: -0.784158
Energy: -0.7841576103470747
Performing CTM pre-steps without tracking
  | CTM step 1 conv: 3.787e-02 time: 0.32 obj: -0.778716
  | CTM step 2 conv: 5.514e-03 time: 2.1 obj: -0.784230
  | CTM step 3 conv: 2.082e-04 time: 2.24 obj: -0.784438
  | CTM step 4 conv: 2.015e-05 time: 1.77 obj: -0.784418
  | CTM step 5 conv: 1.861e-05 time: 1.74 obj: -0.784399
  | CTM step 6 conv: 9.714e-06 time: 1.98 obj: -0.784390
  | CTM step 7 conv: 3.390e-06 time: 2.4 obj: -0.784386
Performing CTM
  | CTM step 1 conv: 3.695e-07 time: 2.01 obj: -0.784385
  | CTM step 2 conv: 1.172e-07 time: 1.95 obj: -0.784385
  | CTM step 3 conv: 3.582e-08 time: 2.03 obj: -0.784385
Energy: -0.7843845533690517
Performing CTM pre-steps without tracking
  | CTM step 1 conv: 3.783e-02 time: 0.32 obj: -0.778729
  | CTM step 2 conv: 5.524e-03 time: 2.63 obj: -0.784253
  | CTM step 3 conv: 2.101e-04 time: 2.4 obj: -0.784463
  | CTM step 4 conv: 1.989e-05 time: 2.03 obj: -0.784443
  | CTM step 5 conv: 1.854e-05 time: 1.98 obj: -0.784425
  | CTM step 6 conv: 9.709e-06 time: 1.94 obj: -0.784415
  | CTM step 7 conv: 3.392e-06 time: 2.68 obj: -0.784412
Performing CTM
  | CTM step 1 conv: 3.704e-07 time: 2.08 obj: -0.784410
  | CTM step 2 conv: 1.176e-07 time: 2.09 obj: -0.784410
  | CTM step 3 conv: 3.598e-08 time: 1.92 obj: -0.784410
Energy: -0.784410015760332
Performing CTM pre-steps without tracking
  | CTM step 1 conv: 3.782e-02 time: 0.32 obj: -0.778728
  | CTM step 2 conv: 5.528e-03 time: 1.63 obj: -0.784256
  | CTM step 3 conv: 2.108e-04 time: 2.51 obj: -0.784467
  | CTM step 4 conv: 1.979e-05 time: 1.64 obj: -0.784447
  | CTM step 5 conv: 1.852e-05 time: 1.78 obj: -0.784428
  | CTM step 6 conv: 9.707e-06 time: 2.02 obj: -0.784419
  | CTM step 7 conv: 3.393e-06 time: 2.03 obj: -0.784415
Performing CTM
  | CTM step 1 conv: 3.707e-07 time: 1.89 obj: -0.784414
  | CTM step 2 conv: 1.177e-07 time: 1.98 obj: -0.784414
  | CTM step 3 conv: 3.603e-08 time: 1.97 obj: -0.784413
Energy: -0.7844134587570006
Performing CTM pre-steps without tracking
  | CTM step 1 conv: 3.781e-02 time: 0.32 obj: -0.778726
  | CTM step 2 conv: 5.530e-03 time: 2.33 obj: -0.784256
  | CTM step 3 conv: 2.111e-04 time: 2.86 obj: -0.784467
  | CTM step 4 conv: 1.975e-05 time: 1.77 obj: -0.784447
  | CTM step 5 conv: 1.851e-05 time: 1.63 obj: -0.784429
  | CTM step 6 conv: 9.706e-06 time: 2.61 obj: -0.784419
  | CTM step 7 conv: 3.393e-06 time: 2.09 obj: -0.784416
Performing CTM
  | CTM step 1 conv: 3.708e-07 time: 1.77 obj: -0.784414
  | CTM step 2 conv: 1.177e-07 time: 2.02 obj: -0.784414
  | CTM step 3 conv: 3.606e-08 time: 1.71 obj: -0.784414
Energy: -0.7844140417803243
Performing CTM pre-steps without tracking
  | CTM step 1 conv: 3.781e-02 time: 0.32 obj: -0.778726
  | CTM step 2 conv: 5.530e-03 time: 2.85 obj: -0.784256
  | CTM step 3 conv: 2.112e-04 time: 3.48 obj: -0.784467
  | CTM step 4 conv: 1.973e-05 time: 1.99 obj: -0.784447
  | CTM step 5 conv: 1.850e-05 time: 1.86 obj: -0.784429
  | CTM step 6 conv: 9.705e-06 time: 1.71 obj: -0.784419
  | CTM step 7 conv: 3.393e-06 time: 1.71 obj: -0.784416
Performing CTM
  | CTM step 1 conv: 3.708e-07 time: 1.77 obj: -0.784414
  | CTM step 2 conv: 1.177e-07 time: 1.87 obj: -0.784414
  | CTM step 3 conv: 3.607e-08 time: 1.96 obj: -0.784414
Energy: -0.7844141505026176
 
 # ======================== #
 #      Step completed      #
 # ======================== #
 
 Step   0  E: -0.419288452914  |grad|: 0.10183546
 Step   1  E: -0.485837169229  |grad|: 0.10883936
 Step   2  E: -0.491992840731  |grad|: 0.16825646
 Step   3  E: -0.518208936740  |grad|: 0.075881228
 Step   4  E: -0.538391283052  |grad|: 0.090719277
 Step   5  E: -0.570024231278  |grad|: 0.19311524
 Step   6  E: -0.603736590090  |grad|: 0.14015717
 Step   7  E: -0.663185058677  |grad|: 0.14946319
 Step   8  E: -0.669953290647  |grad|: 0.097205211
 Step   9  E: -0.695995025907  |grad|: 0.06603261
 Step  10  E: -0.717371169140  |grad|: 0.057985754
 Step  11  E: -0.725034948353  |grad|: 0.017647614
 Step  12  E: -0.727150192894  |grad|: 0.015613129
 Step  13  E: -0.732501019170  |grad|: 0.016131008
 Step  14  E: -0.734961133912  |grad|: 0.01189672
 Step  15  E: -0.736578805405  |grad|: 0.010541865
 Step  16  E: -0.738489909481  |grad|: 0.01517321
 Step  17  E: -0.740520205736  |grad|: 0.021035792
 Step  18  E: -0.743693934562  |grad|: 0.016420155
 Step  19  E: -0.748404383386  |grad|: 0.010089043
 Step  20  E: -0.750178167790  |grad|: 0.01292138
 Step  21  E: -0.751878131767  |grad|: 0.010227863
 Step  22  E: -0.753137652307  |grad|: 0.0093256944
 Step  23  E: -0.753333527272  |grad|: 0.018750918
 Step  24  E: -0.754392068155  |grad|: 0.0042906335
 Step  25  E: -0.754552554186  |grad|: 0.0035604027
 Step  26  E: -0.755118792965  |grad|: 0.0051419482
 Step  27  E: -0.755396360233  |grad|: 0.0081791134
 Step  28  E: -0.755715503562  |grad|: 0.0029662235
 Step  29  E: -0.755842914864  |grad|: 0.0028143533
 Step  30  E: -0.756131632103  |grad|: 0.0039883201
 Step  31  E: -0.756456699965  |grad|: 0.004566921
 Step  32  E: -0.756537141237  |grad|: 0.0067699107
 Step  33  E: -0.756760483480  |grad|: 0.0030411077
 Step  34  E: -0.756916960338  |grad|: 0.002685427
 Step  35  E: -0.757145077627  |grad|: 0.0044601672
 Step  36  E: -0.757306217881  |grad|: 0.0071433927
 Step  37  E: -0.757543941703  |grad|: 0.0032920042
 Step  38  E: -0.757681018523  |grad|: 0.0026084065
 Step  39  E: -0.757822818057  |grad|: 0.002855967
 Step  40  E: -0.758083082543  |grad|: 0.0048125063
 Step  41  E: -0.758360945931  |grad|: 0.0075659932
 Step  42  E: -0.758712665329  |grad|: 0.0062137358
 Step  43  E: -0.758981235195  |grad|: 0.0044746444
 Step  44  E: -0.759166506348  |grad|: 0.0033976377
 Step  45  E: -0.759388800103  |grad|: 0.0034093671
 Step  46  E: -0.759606366264  |grad|: 0.0054768622
 Step  47  E: -0.759813581755  |grad|: 0.0034559384
 Step  48  E: -0.759979884897  |grad|: 0.0031198514
 Step  49  E: -0.760187793083  |grad|: 0.003432178
 Step  50  E: -0.760315065507  |grad|: 0.0067270971
 Step  51  E: -0.760505949693  |grad|: 0.0034408811
 Step  52  E: -0.760680156702  |grad|: 0.0029202184
 Step  53  E: -0.760807208265  |grad|: 0.0032999899
 Step  54  E: -0.761099998829  |grad|: 0.0053321415
 Step  55  E: -0.761175018364  |grad|: 0.0055136461
 Step  56  E: -0.761354002424  |grad|: 0.0025360672
 Step  57  E: -0.761467818338  |grad|: 0.0023518944
 Step  58  E: -0.761643094247  |grad|: 0.0049034376
 Step  59  E: -0.761783516623  |grad|: 0.0046666419
 Step  60  E: -0.761924021408  |grad|: 0.0028537819
 Step  61  E: -0.762090827483  |grad|: 0.0028777673
 Step  62  E: -0.762255398797  |grad|: 0.0075584793
 Step  63  E: -0.762441113595  |grad|: 0.0034865924
 Step  64  E: -0.762576972996  |grad|: 0.003068008
 Step  65  E: -0.762729317150  |grad|: 0.0037318613
 Step  66  E: -0.762957430260  |grad|: 0.0038285655
 Step  67  E: -0.763138463052  |grad|: 0.0049740804
 Step  68  E: -0.763290599536  |grad|: 0.0033893916
 Step  69  E: -0.763440063139  |grad|: 0.0036903696
 Step  70  E: -0.763549810629  |grad|: 0.0037702922
 Step  71  E: -0.763685281980  |grad|: 0.0029774547
 Step  72  E: -0.763804061104  |grad|: 0.0034568595
 Step  73  E: -0.763886486605  |grad|: 0.0030849609
 Step  74  E: -0.763953469016  |grad|: 0.0024097202
 Step  75  E: -0.764087811241  |grad|: 0.0028752481
 Step  76  E: -0.764128548109  |grad|: 0.0054400741
 Step  77  E: -0.764201421868  |grad|: 0.0029118349
 Step  78  E: -0.764272979163  |grad|: 0.0021570898
 Step  79  E: -0.764330627181  |grad|: 0.0023883591
 Step  80  E: -0.764443634421  |grad|: 0.0026214787
 Step  81  E: -0.764475808365  |grad|: 0.0056068371
 Step  82  E: -0.764571554053  |grad|: 0.0022252265
 Step  83  E: -0.764623685185  |grad|: 0.0019629671
 Step  84  E: -0.764694146105  |grad|: 0.0026522711
 Step  85  E: -0.764779370857  |grad|: 0.0028564551
 Step  86  E: -0.764813823183  |grad|: 0.0052139612
 Step  87  E: -0.764899177322  |grad|: 0.0022631755
 Step  88  E: -0.764956813456  |grad|: 0.0020740416
 Step  89  E: -0.765025776443  |grad|: 0.0026440061
 Step  90  E: -0.765072729737  |grad|: 0.0076996613
 Step  91  E: -0.765180403577  |grad|: 0.0033459537
 Step  92  E: -0.765244329116  |grad|: 0.0021338567
 Step  93  E: -0.765297443824  |grad|: 0.0028984523
 Step  94  E: -0.765362635208  |grad|: 0.0029142619
 Step  95  E: -0.765409070343  |grad|: 0.0057935906
 Step  96  E: -0.765491407833  |grad|: 0.0026238487
 Step  97  E: -0.765550143852  |grad|: 0.0023500423
 Step  98  E: -0.765595978791  |grad|: 0.0028648139
 Step  99  E: -0.765699640099  |grad|: 0.0031090026
 Step 100  E: -0.765718064922  |grad|: 0.0068611881
 Step 101  E: -0.765813424797  |grad|: 0.0027560404
 Step 102  E: -0.765866483666  |grad|: 0.0021373359
 Step 103  E: -0.765927652658  |grad|: 0.0031147488
 Step 104  E: -0.766036173464  |grad|: 0.0039849545
 Step 105  E: -0.766233483291  |grad|: 0.0051079659
 Step 106  E: -0.766296861759  |grad|: 0.0082415476
 Step 107  E: -0.766515378473  |grad|: 0.0035043361
 Step 108  E: -0.766655312004  |grad|: 0.0034609268
 Step 109  E: -0.766819049378  |grad|: 0.0065823176
 Step 110  E: -0.767079920217  |grad|: 0.0066428315
 Step 111  E: -0.767366765476  |grad|: 0.0095261825
 Step 112  E: -0.767678292038  |grad|: 0.0051136179
 Step 113  E: -0.767886106066  |grad|: 0.0057766639
 Step 114  E: -0.768040144877  |grad|: 0.004978275
 Step 115  E: -0.768209922030  |grad|: 0.008112932
 Step 116  E: -0.768518483031  |grad|: 0.0052270376
 Step 117  E: -0.768828089410  |grad|: 0.0045432626
 Step 118  E: -0.768959957836  |grad|: 0.0064606545
 Step 119  E: -0.769125708729  |grad|: 0.0045208684
 Step 120  E: -0.769464160923  |grad|: 0.0035988381
 Step 121  E: -0.769629283154  |grad|: 0.0035912684
 Step 122  E: -0.769919732008  |grad|: 0.0094412456
 Step 123  E: -0.770287463586  |grad|: 0.0058527625
 Step 124  E: -0.770525196130  |grad|: 0.0042344894
 Step 125  E: -0.770894989264  |grad|: 0.0050047978
 Step 126  E: -0.771048470768  |grad|: 0.011545523
 Step 127  E: -0.771542529752  |grad|: 0.0047702697
 Step 128  E: -0.771857630415  |grad|: 0.0044483839
 Step 129  E: -0.772303676770  |grad|: 0.0060874546
 Step 130  E: -0.772987621349  |grad|: 0.0090804272
 Step 131  E: -0.773324319402  |grad|: 0.010618702
 Step 132  E: -0.774183634593  |grad|: 0.0054821428
 Step 133  E: -0.774795561534  |grad|: 0.0071219826
 Step 134  E: -0.775616344773  |grad|: 0.0084848289
 Step 135  E: -0.776563902017  |grad|: 0.009305533
 Step 136  E: -0.777645970308  |grad|: 0.010203098
 Step 137  E: -0.778697870545  |grad|: 0.0080413735
 Step 138  E: -0.779815305065  |grad|: 0.0097153705
 Step 139  E: -0.780552079555  |grad|: 0.0084880836
 Step 140  E: -0.781283489085  |grad|: 0.0077634994
 Step 141  E: -0.781862704535  |grad|: 0.0067857364
 Step 142  E: -0.782383950626  |grad|: 0.0051487748
 Step 143  E: -0.782822949583  |grad|: 0.004172907
 Step 144  E: -0.783202524287  |grad|: 0.0049054002
 Step 145  E: -0.783478267903  |grad|: 0.0042441254
 Step 146  E: -0.783673843302  |grad|: 0.0028820334
 Step 147  E: -0.783872716768  |grad|: 0.0026854697
 Step 148  E: -0.783975729749  |grad|: 0.0037383073
 Step 149  E: -0.784073129646  |grad|: 0.0020459903
 Step 150  E: -0.784140145064  |grad|: 0.0015498919
 Step 151  E: -0.784191103642  |grad|: 0.0016521719
 Step 152  E: -0.784224086288  |grad|: 0.0030234151
 Step 153  E: -0.784268687989  |grad|: 0.0011200122
 Step 154  E: -0.784283877354  |grad|: 0.00093601872
 Step 155  E: -0.784306122996  |grad|: 0.00098277873
 Step 156  E: -0.784318407196  |grad|: 0.0014268856
 Step 157  E: -0.784333897456  |grad|: 0.00081680838
 Step 158  E: -0.784344916962  |grad|: 0.00063534833
 Step 159  E: -0.784355105942  |grad|: 0.00088492017
 Step 160  E: -0.784363289122  |grad|: 0.00072253646
 Step 161  E: -0.784369763631  |grad|: 0.00053253181
 Step 162  E: -0.784374882523  |grad|: 0.00056363844
 Step 163  E: -0.784379324034  |grad|: 0.00055229567
 Step 164  E: -0.784384144621  |grad|: 0.00047926816
 Step 165  E: -0.784388491797  |grad|: 0.00068067652
 Step 166  E: -0.784392123534  |grad|: 0.00044722211
 Step 167  E: -0.784394767071  |grad|: 0.00037710174
 Step 168  E: -0.784398152213  |grad|: 0.00042712888
 Step 169  E: -0.784399112667  |grad|: 0.00081244294
 Step 170  E: -0.784401845453  |grad|: 0.00031194316
 Step 171  E: -0.784403141342  |grad|: 0.00022855979
 Step 172  E: -0.784404342174  |grad|: 0.00026156459
 Step 173  E: -0.784406315755  |grad|: 0.00029725412
 Step 174  E: -0.784406612898  |grad|: 0.00060031684
 Step 175  E: -0.784408165471  |grad|: 0.00019844771
 Step 176  E: -0.784408703068  |grad|: 0.00016736069
 Step 177  E: -0.784409569984  |grad|: 0.00020586684
 Step 178  E: -0.784410513638  |grad|: 0.00026613669
 Step 179  E: -0.784410732515  |grad|: 0.00041413732
 Step 180  E: -0.784411641138  |grad|: 0.00013010802
 Step 181  E: -0.784411916472  |grad|: 0.00012248356
 Step 182  E: -0.784412292140  |grad|: 0.0001469912
 Step 183  E: -0.784412516934  |grad|: 0.00023161187
 Step 184  E: -0.784412844162  |grad|: 0.0001320581
 Step 185  E: -0.784413085948  |grad|: 8.938691e-05
 Step 186  E: -0.784413282589  |grad|: 0.00011524724
 Step 187  E: -0.784413386474  |grad|: 0.00017183738
 Step 188  E: -0.784413562217  |grad|: 8.9754577e-05
 Step 189  E: -0.784413711406  |grad|: 7.6085083e-05
 Step 190  E: -0.784413792431  |grad|: 7.8922279e-05
 Step 191  E: -0.784413843030  |grad|: 0.00013535262
 Step 192  E: -0.784413925280  |grad|: 5.9779475e-05
 Step 193  E: -0.784413965092  |grad|: 4.8506358e-05
 Step 194  E: -0.784414007004  |grad|: 5.7077075e-05
 Step 195  E: -0.784414031669  |grad|: 6.9089282e-05
 Step 196  E: -0.784414069154  |grad|: 4.8794487e-05
 Step 197  E: -0.784414103847  |grad|: 5.4057377e-05
 Step 198  E: -0.784414126527  |grad|: 3.4159218e-05
 Step 199  E: -0.784414148386  |grad|: 3.8700575e-05
 Step 200  E: -0.784414150503  |grad|: 0.00010012506


 This problem is unconstrained.
RUNNING THE L-BFGS-B CODE

           * * *

Machine precision = 2.220D-16
 N =         1024     M =           10

At X0         0 variables are exactly at the bounds

At iterate    0    f= -7.84414D-01    |proj g|=  4.61563D-06

At iterate    1    f= -7.84414D-01    |proj g|=  2.04255D-05

           * * *

Tit   = total number of iterations
Tnf   = total number of function evaluations
Tnint = total number of segments explored during Cauchy searches
Skip  = number of BFGS updates skipped
Nact  = number of active bounds at final generalized Cauchy point
Projg = norm of the final projected gradient
F     = final function value

           * * *

   N    Tit     Tnf  Tnint  Skip  Nact     Projg        F
 1024      1      7      1     0     0   2.043D-05  -7.844D-01
  F = -0.78441415050261765     

CONVERGENCE: REL_REDUCTION_OF_F_<=_FACTR*EPSMCH             
