No GPU/TPU found, falling back to CPU. (Set TF_CPP_MIN_LOG_LEVEL=0 and rerun for more info.)
Namespace(version=False, sim_mode='exci', config_file='ising_D2_exci.yaml', momentum_ix=10, evaluate=False, init=False)
Running excited-state sim
ising_D2_exci.yaml
/share/home/tanyi/ad-peps/examples/ising_D2_exci.yaml
/share/home/tanyi/ad-peps/examples/ising_D2_exci.yaml
D: 2
chi: 30
ctm_conv_tol: 1.0e-06
ctm_max_iter: 20
ctm_min_iter: 4
disp_level: 1
flush_output: true
model: ising
model_params:
  h: 3
momentum_path: Bril1
out_prefix: h3
pattern:
- - 0
  - 1
- - 1
  - 0
resume: true

Starting simulation of basis vector 1/62
Performing CTM pre-steps without tracking
  | CTM step 1 conv: 1.000e+00 time: 2.92
  | CTM step 2 conv: 1.000e+00 time: 7.1
  | CTM step 3 conv: 1.000e+00 time: 9.16
  | CTM step 4 conv: 1.949e-04 time: 8.38
  | CTM step 5 conv: 4.707e-05 time: 4.69
  | CTM step 6 conv: 7.630e-06 time: 0.68
  | CTM step 7 conv: 1.451e-06 time: 0.67
Performing CTM
  | CTM step 1 conv: 1.000e+00 time: 1.95
  | CTM step 2 conv: 8.110e-09 time: 1.27
  | CTM step 3 conv: 1.453e-09 time: 1.07
Energies: 0.18797923712987863 2.0385509415504072e-13
Norm: 0.03618521377658742
========== 
Finished basis vector 1/62 

Starting simulation of basis vector 2/62
Performing CTM pre-steps without tracking
  | CTM step 1 conv: 1.000e+00 time: 0.59
  | CTM step 2 conv: 1.000e+00 time: 0.66
  | CTM step 3 conv: 1.000e+00 time: 0.68
  | CTM step 4 conv: 1.949e-04 time: 0.7
  | CTM step 5 conv: 4.707e-05 time: 0.69
  | CTM step 6 conv: 7.630e-06 time: 0.68
  | CTM step 7 conv: 1.451e-06 time: 0.71
Performing CTM
  | CTM step 1 conv: 1.000e+00 time: 0.9
  | CTM step 2 conv: 8.110e-09 time: 1.13
  | CTM step 3 conv: 1.453e-09 time: 1.05
Energies: 0.023675737094531697 2.0385509415504072e-13
Norm: 0.0023949954584331335
========== 
Finished basis vector 2/62 

Starting simulation of basis vector 3/62
Performing CTM pre-steps without tracking
  | CTM step 1 conv: 1.000e+00 time: 0.58
  | CTM step 2 conv: 1.000e+00 time: 0.66
  | CTM step 3 conv: 1.000e+00 time: 0.69
  | CTM step 4 conv: 1.949e-04 time: 0.69
  | CTM step 5 conv: 4.707e-05 time: 0.68
  | CTM step 6 conv: 7.630e-06 time: 0.68
  | CTM step 7 conv: 1.451e-06 time: 0.68
Performing CTM
  | CTM step 1 conv: 1.000e+00 time: 0.88
  | CTM step 2 conv: 8.110e-09 time: 1.05
  | CTM step 3 conv: 1.453e-09 time: 1.05
Energies: 0.1533065070644899 2.0385509415504072e-13
Norm: 0.03063221889404351
========== 
Finished basis vector 3/62 

Starting simulation of basis vector 4/62
Performing CTM pre-steps without tracking
  | CTM step 1 conv: 1.000e+00 time: 0.58
  | CTM step 2 conv: 1.000e+00 time: 0.65
  | CTM step 3 conv: 1.000e+00 time: 0.67
  | CTM step 4 conv: 1.949e-04 time: 0.68
  | CTM step 5 conv: 4.707e-05 time: 0.68
  | CTM step 6 conv: 7.630e-06 time: 0.68
  | CTM step 7 conv: 1.451e-06 time: 0.7
Performing CTM
  | CTM step 1 conv: 1.000e+00 time: 0.89
  | CTM step 2 conv: 8.110e-09 time: 1.07
  | CTM step 3 conv: 1.453e-09 time: 1.05
Energies: 0.03661120042147367 2.0385509415504072e-13
Norm: 0.006622180742419559
========== 
Finished basis vector 4/62 

Starting simulation of basis vector 5/62
Performing CTM pre-steps without tracking
  | CTM step 1 conv: 1.000e+00 time: 0.58
  | CTM step 2 conv: 1.000e+00 time: 0.77
  | CTM step 3 conv: 1.000e+00 time: 0.68
  | CTM step 4 conv: 1.949e-04 time: 0.68
  | CTM step 5 conv: 4.707e-05 time: 0.68
  | CTM step 6 conv: 7.630e-06 time: 0.67
  | CTM step 7 conv: 1.451e-06 time: 0.67
Performing CTM
  | CTM step 1 conv: 1.000e+00 time: 0.96
  | CTM step 2 conv: 8.110e-09 time: 1.07
  | CTM step 3 conv: 1.453e-09 time: 1.05
Energies: 0.004055713010432879 2.0385509415504072e-13
Norm: 0.000361394145165275
========== 
Finished basis vector 5/62 

Starting simulation of basis vector 6/62
Performing CTM pre-steps without tracking
  | CTM step 1 conv: 1.000e+00 time: 0.58
  | CTM step 2 conv: 1.000e+00 time: 0.66
  | CTM step 3 conv: 1.000e+00 time: 0.68
  | CTM step 4 conv: 1.949e-04 time: 0.68
  | CTM step 5 conv: 4.707e-05 time: 0.68
  | CTM step 6 conv: 7.630e-06 time: 0.74
  | CTM step 7 conv: 1.451e-06 time: 0.68
Performing CTM
  | CTM step 1 conv: 1.000e+00 time: 0.91
  | CTM step 2 conv: 8.110e-09 time: 1.06
  | CTM step 3 conv: 1.453e-09 time: 1.07
Energies: 0.13831003530498798 2.0385509415504072e-13
Norm: 0.027363123652848237
========== 
Finished basis vector 6/62 

Starting simulation of basis vector 7/62
Performing CTM pre-steps without tracking
  | CTM step 1 conv: 1.000e+00 time: 0.58
  | CTM step 2 conv: 1.000e+00 time: 0.65
  | CTM step 3 conv: 1.000e+00 time: 0.67
  | CTM step 4 conv: 1.949e-04 time: 0.7
  | CTM step 5 conv: 4.707e-05 time: 0.69
  | CTM step 6 conv: 7.630e-06 time: 0.68
  | CTM step 7 conv: 1.451e-06 time: 0.68
Performing CTM
  | CTM step 1 conv: 1.000e+00 time: 0.9
  | CTM step 2 conv: 8.110e-09 time: 1.06
  | CTM step 3 conv: 1.453e-09 time: 1.05
Energies: 0.012314751319114154 2.0385509415504072e-13
Norm: 0.0013601525994425031
========== 
Finished basis vector 7/62 

Starting simulation of basis vector 8/62
Performing CTM pre-steps without tracking
  | CTM step 1 conv: 1.000e+00 time: 0.58
  | CTM step 2 conv: 1.000e+00 time: 0.64
  | CTM step 3 conv: 1.000e+00 time: 0.67
  | CTM step 4 conv: 1.949e-04 time: 0.67
  | CTM step 5 conv: 4.707e-05 time: 0.67
  | CTM step 6 conv: 7.630e-06 time: 0.67
  | CTM step 7 conv: 1.451e-06 time: 0.67
Performing CTM
  | CTM step 1 conv: 1.000e+00 time: 0.89
  | CTM step 2 conv: 8.110e-09 time: 1.05
  | CTM step 3 conv: 1.453e-09 time: 1.11
Energies: 0.04376398045114796 2.0385509415504072e-13
Norm: 0.008602220079851265
========== 
Finished basis vector 8/62 

Starting simulation of basis vector 9/62
Performing CTM pre-steps without tracking
  | CTM step 1 conv: 1.000e+00 time: 0.58
  | CTM step 2 conv: 1.000e+00 time: 0.65
  | CTM step 3 conv: 1.000e+00 time: 0.67
  | CTM step 4 conv: 1.949e-04 time: 0.68
  | CTM step 5 conv: 4.707e-05 time: 0.67
  | CTM step 6 conv: 7.630e-06 time: 0.67
  | CTM step 7 conv: 1.451e-06 time: 0.68
Performing CTM
  | CTM step 1 conv: 1.000e+00 time: 0.88
  | CTM step 2 conv: 8.110e-09 time: 1.11
  | CTM step 3 conv: 1.453e-09 time: 1.04
Energies: 0.04384582257034765 2.0385509415504072e-13
Norm: 0.006924876195817423
========== 
Finished basis vector 9/62 

Starting simulation of basis vector 10/62
Performing CTM pre-steps without tracking
  | CTM step 1 conv: 1.000e+00 time: 0.58
  | CTM step 2 conv: 1.000e+00 time: 0.64
  | CTM step 3 conv: 1.000e+00 time: 0.66
  | CTM step 4 conv: 1.949e-04 time: 0.68
  | CTM step 5 conv: 4.707e-05 time: 0.68
  | CTM step 6 conv: 7.630e-06 time: 0.67
  | CTM step 7 conv: 1.451e-06 time: 0.68
Performing CTM
  | CTM step 1 conv: 1.000e+00 time: 0.89
  | CTM step 2 conv: 8.110e-09 time: 1.06
  | CTM step 3 conv: 1.453e-09 time: 1.05
Energies: 0.39279908386064133 2.0385509415504072e-13
Norm: 0.08169690306330454
========== 
Finished basis vector 10/62 

Starting simulation of basis vector 11/62
Performing CTM pre-steps without tracking
  | CTM step 1 conv: 1.000e+00 time: 0.58
  | CTM step 2 conv: 1.000e+00 time: 0.65
  | CTM step 3 conv: 1.000e+00 time: 0.67
  | CTM step 4 conv: 1.949e-04 time: 0.68
  | CTM step 5 conv: 4.707e-05 time: 0.67
  | CTM step 6 conv: 7.630e-06 time: 0.67
  | CTM step 7 conv: 1.451e-06 time: 0.67
Performing CTM
  | CTM step 1 conv: 1.000e+00 time: 0.89
  | CTM step 2 conv: 8.110e-09 time: 1.05
  | CTM step 3 conv: 1.453e-09 time: 1.05
Energies: 0.018773441081801776 2.0385509415504072e-13
Norm: 0.0019534314364833614
========== 
Finished basis vector 11/62 

Starting simulation of basis vector 12/62
Performing CTM pre-steps without tracking
  | CTM step 1 conv: 1.000e+00 time: 0.58
  | CTM step 2 conv: 1.000e+00 time: 0.64
  | CTM step 3 conv: 1.000e+00 time: 0.67
  | CTM step 4 conv: 1.949e-04 time: 0.68
  | CTM step 5 conv: 4.707e-05 time: 0.68
  | CTM step 6 conv: 7.630e-06 time: 0.68
  | CTM step 7 conv: 1.451e-06 time: 0.69
Performing CTM
  | CTM step 1 conv: 1.000e+00 time: 0.88
  | CTM step 2 conv: 8.110e-09 time: 1.05
  | CTM step 3 conv: 1.453e-09 time: 1.04
Energies: 0.0877814125490115 2.0385509415504072e-13
Norm: 0.018839174092711155
========== 
Finished basis vector 12/62 

Starting simulation of basis vector 13/62
Performing CTM pre-steps without tracking
  | CTM step 1 conv: 1.000e+00 time: 0.58
  | CTM step 2 conv: 1.000e+00 time: 0.65
  | CTM step 3 conv: 1.000e+00 time: 0.67
  | CTM step 4 conv: 1.949e-04 time: 0.68
  | CTM step 5 conv: 4.707e-05 time: 0.68
  | CTM step 6 conv: 7.630e-06 time: 0.67
  | CTM step 7 conv: 1.451e-06 time: 0.67
Performing CTM
  | CTM step 1 conv: 1.000e+00 time: 0.88
  | CTM step 2 conv: 8.110e-09 time: 1.05
  | CTM step 3 conv: 1.453e-09 time: 1.04
Energies: 0.00936344088817052 2.0385509415504072e-13
Norm: 0.0013381915229214792
========== 
Finished basis vector 13/62 

Starting simulation of basis vector 14/62
Performing CTM pre-steps without tracking
  | CTM step 1 conv: 1.000e+00 time: 0.58
  | CTM step 2 conv: 1.000e+00 time: 0.65
  | CTM step 3 conv: 1.000e+00 time: 0.67
  | CTM step 4 conv: 1.949e-04 time: 0.68
  | CTM step 5 conv: 4.707e-05 time: 0.68
  | CTM step 6 conv: 7.630e-06 time: 0.67
  | CTM step 7 conv: 1.451e-06 time: 0.67
Performing CTM
  | CTM step 1 conv: 1.000e+00 time: 0.88
  | CTM step 2 conv: 8.110e-09 time: 1.05
  | CTM step 3 conv: 1.453e-09 time: 1.04
Energies: 0.2862741836296606 2.0385509415504072e-13
Norm: 0.059635794217397044
========== 
Finished basis vector 14/62 

Starting simulation of basis vector 15/62
Performing CTM pre-steps without tracking
  | CTM step 1 conv: 1.000e+00 time: 0.58
  | CTM step 2 conv: 1.000e+00 time: 0.64
  | CTM step 3 conv: 1.000e+00 time: 0.66
  | CTM step 4 conv: 1.949e-04 time: 0.67
  | CTM step 5 conv: 4.707e-05 time: 0.68
  | CTM step 6 conv: 7.630e-06 time: 0.67
  | CTM step 7 conv: 1.451e-06 time: 0.68
Performing CTM
  | CTM step 1 conv: 1.000e+00 time: 0.88
  | CTM step 2 conv: 8.110e-09 time: 1.05
  | CTM step 3 conv: 1.453e-09 time: 1.04
Energies: 0.023696045561585527 2.0385509415504072e-13
Norm: 0.004582569133300689
========== 
Finished basis vector 15/62 

Starting simulation of basis vector 16/62
Performing CTM pre-steps without tracking
  | CTM step 1 conv: 1.000e+00 time: 0.58
  | CTM step 2 conv: 1.000e+00 time: 0.65
  | CTM step 3 conv: 1.000e+00 time: 0.67
  | CTM step 4 conv: 1.949e-04 time: 0.68
  | CTM step 5 conv: 4.707e-05 time: 0.68
  | CTM step 6 conv: 7.630e-06 time: 0.67
  | CTM step 7 conv: 1.451e-06 time: 0.7
Performing CTM
  | CTM step 1 conv: 1.000e+00 time: 0.88
  | CTM step 2 conv: 8.110e-09 time: 1.05
  | CTM step 3 conv: 1.453e-09 time: 1.11
Energies: 1.693913062628495 2.0385509415504072e-13
Norm: 0.26786593298937117
========== 
Finished basis vector 16/62 

Starting simulation of basis vector 17/62
Performing CTM pre-steps without tracking
  | CTM step 1 conv: 1.000e+00 time: 0.58
  | CTM step 2 conv: 1.000e+00 time: 0.64
  | CTM step 3 conv: 1.000e+00 time: 0.66
  | CTM step 4 conv: 1.949e-04 time: 0.77
  | CTM step 5 conv: 4.707e-05 time: 0.67
  | CTM step 6 conv: 7.630e-06 time: 0.67
  | CTM step 7 conv: 1.451e-06 time: 0.67
Performing CTM
  | CTM step 1 conv: 1.000e+00 time: 0.88
  | CTM step 2 conv: 8.110e-09 time: 1.11
  | CTM step 3 conv: 1.453e-09 time: 1.04
Energies: 0.49566836684356663 2.0385509415504072e-13
Norm: 0.0717710779040635
========== 
Finished basis vector 17/62 

Starting simulation of basis vector 18/62
Performing CTM pre-steps without tracking
  | CTM step 1 conv: 1.000e+00 time: 0.58
  | CTM step 2 conv: 1.000e+00 time: 0.64
  | CTM step 3 conv: 1.000e+00 time: 0.66
  | CTM step 4 conv: 1.949e-04 time: 0.68
  | CTM step 5 conv: 4.707e-05 time: 0.68
  | CTM step 6 conv: 7.630e-06 time: 0.68
  | CTM step 7 conv: 1.451e-06 time: 0.67
Performing CTM
  | CTM step 1 conv: 1.000e+00 time: 0.88
  | CTM step 2 conv: 8.110e-09 time: 1.07
  | CTM step 3 conv: 1.453e-09 time: 1.05
Energies: 3.1534708068389117 2.0385509415504072e-13
Norm: 0.5073048886709967
========== 
Finished basis vector 18/62 

Starting simulation of basis vector 19/62
Performing CTM pre-steps without tracking
  | CTM step 1 conv: 1.000e+00 time: 0.58
  | CTM step 2 conv: 1.000e+00 time: 0.65
  | CTM step 3 conv: 1.000e+00 time: 0.67
  | CTM step 4 conv: 1.949e-04 time: 0.68
  | CTM step 5 conv: 4.707e-05 time: 0.68
  | CTM step 6 conv: 7.630e-06 time: 0.67
  | CTM step 7 conv: 1.451e-06 time: 0.67
Performing CTM
  | CTM step 1 conv: 1.000e+00 time: 0.88
  | CTM step 2 conv: 8.110e-09 time: 1.05
  | CTM step 3 conv: 1.453e-09 time: 1.04
Energies: 0.906083492061212 2.0385509415504072e-13
Norm: 0.13338754157285812
========== 
Finished basis vector 19/62 

Starting simulation of basis vector 20/62
Performing CTM pre-steps without tracking
  | CTM step 1 conv: 1.000e+00 time: 0.58
  | CTM step 2 conv: 1.000e+00 time: 0.64
  | CTM step 3 conv: 1.000e+00 time: 0.66
  | CTM step 4 conv: 1.949e-04 time: 0.68
  | CTM step 5 conv: 4.707e-05 time: 0.68
  | CTM step 6 conv: 7.630e-06 time: 0.68
  | CTM step 7 conv: 1.451e-06 time: 0.7
Performing CTM
  | CTM step 1 conv: 1.000e+00 time: 0.88
  | CTM step 2 conv: 8.110e-09 time: 1.05
  | CTM step 3 conv: 1.453e-09 time: 1.04
Energies: 0.2663048904412897 2.0385509415504072e-13
Norm: 0.03489572053654307
========== 
Finished basis vector 20/62 

Starting simulation of basis vector 21/62
Performing CTM pre-steps without tracking
  | CTM step 1 conv: 1.000e+00 time: 0.58
  | CTM step 2 conv: 1.000e+00 time: 0.64
  | CTM step 3 conv: 1.000e+00 time: 0.66
  | CTM step 4 conv: 1.949e-04 time: 0.68
  | CTM step 5 conv: 4.707e-05 time: 0.68
  | CTM step 6 conv: 7.630e-06 time: 0.67
  | CTM step 7 conv: 1.451e-06 time: 0.69
Performing CTM
  | CTM step 1 conv: 1.000e+00 time: 0.88
  | CTM step 2 conv: 8.110e-09 time: 1.05
  | CTM step 3 conv: 1.453e-09 time: 1.05
Energies: 0.07705685193940823 2.0385509415504072e-13
Norm: 0.009197177096788524
========== 
Finished basis vector 21/62 

Starting simulation of basis vector 22/62
Performing CTM pre-steps without tracking
  | CTM step 1 conv: 1.000e+00 time: 0.58
  | CTM step 2 conv: 1.000e+00 time: 0.64
  | CTM step 3 conv: 1.000e+00 time: 0.66
  | CTM step 4 conv: 1.949e-04 time: 0.68
  | CTM step 5 conv: 4.707e-05 time: 0.67
  | CTM step 6 conv: 7.630e-06 time: 0.68
  | CTM step 7 conv: 1.451e-06 time: 0.67
Performing CTM
  | CTM step 1 conv: 1.000e+00 time: 0.88
  | CTM step 2 conv: 8.110e-09 time: 1.05
  | CTM step 3 conv: 1.453e-09 time: 1.04
Energies: 0.498601553871159 2.0385509415504072e-13
Norm: 0.06648990066077799
========== 
Finished basis vector 22/62 

Starting simulation of basis vector 23/62
Performing CTM pre-steps without tracking
  | CTM step 1 conv: 1.000e+00 time: 0.58
  | CTM step 2 conv: 1.000e+00 time: 0.64
  | CTM step 3 conv: 1.000e+00 time: 0.67
  | CTM step 4 conv: 1.949e-04 time: 0.68
  | CTM step 5 conv: 4.707e-05 time: 0.68
  | CTM step 6 conv: 7.630e-06 time: 0.67
  | CTM step 7 conv: 1.451e-06 time: 0.67
Performing CTM
  | CTM step 1 conv: 1.000e+00 time: 0.88
  | CTM step 2 conv: 8.110e-09 time: 1.05
  | CTM step 3 conv: 1.453e-09 time: 1.05
Energies: 0.14204357963169542 2.0385509415504072e-13
Norm: 0.01722080530686913
========== 
Finished basis vector 23/62 

Starting simulation of basis vector 24/62
Performing CTM pre-steps without tracking
  | CTM step 1 conv: 1.000e+00 time: 0.58
  | CTM step 2 conv: 1.000e+00 time: 0.64
  | CTM step 3 conv: 1.000e+00 time: 0.67
  | CTM step 4 conv: 1.949e-04 time: 0.68
  | CTM step 5 conv: 4.707e-05 time: 0.68
  | CTM step 6 conv: 7.630e-06 time: 0.67
  | CTM step 7 conv: 1.451e-06 time: 0.67
Performing CTM
  | CTM step 1 conv: 1.000e+00 time: 0.88
  | CTM step 2 conv: 8.110e-09 time: 1.05
  | CTM step 3 conv: 1.453e-09 time: 1.11
Energies: 1.4617461686529647 2.0385509415504072e-13
Norm: 0.23093573775628334
========== 
Finished basis vector 24/62 

Starting simulation of basis vector 25/62
Performing CTM pre-steps without tracking
  | CTM step 1 conv: 1.000e+00 time: 0.58
  | CTM step 2 conv: 1.000e+00 time: 0.64
  | CTM step 3 conv: 1.000e+00 time: 0.67
  | CTM step 4 conv: 1.949e-04 time: 0.68
  | CTM step 5 conv: 4.707e-05 time: 0.68
  | CTM step 6 conv: 7.630e-06 time: 0.68
  | CTM step 7 conv: 1.451e-06 time: 0.68
Performing CTM
  | CTM step 1 conv: 1.000e+00 time: 0.88
  | CTM step 2 conv: 8.110e-09 time: 1.11
  | CTM step 3 conv: 1.453e-09 time: 1.05
Energies: 0.4294767657609272 2.0385509415504072e-13
Norm: 0.06093853983202612
========== 
Finished basis vector 25/62 

Starting simulation of basis vector 26/62
Performing CTM pre-steps without tracking
  | CTM step 1 conv: 1.000e+00 time: 0.58
  | CTM step 2 conv: 1.000e+00 time: 0.64
  | CTM step 3 conv: 1.000e+00 time: 0.66
  | CTM step 4 conv: 1.949e-04 time: 0.68
  | CTM step 5 conv: 4.707e-05 time: 0.68
  | CTM step 6 conv: 7.630e-06 time: 0.68
  | CTM step 7 conv: 1.451e-06 time: 0.69
Performing CTM
  | CTM step 1 conv: 1.000e+00 time: 0.88
  | CTM step 2 conv: 8.110e-09 time: 1.05
  | CTM step 3 conv: 1.453e-09 time: 1.04
Energies: 2.7078775120769647 2.0385509415504072e-13
Norm: 0.43961730223149476
========== 
Finished basis vector 26/62 

Starting simulation of basis vector 27/62
Performing CTM pre-steps without tracking
  | CTM step 1 conv: 1.000e+00 time: 0.58
  | CTM step 2 conv: 1.000e+00 time: 0.64
  | CTM step 3 conv: 1.000e+00 time: 0.66
  | CTM step 4 conv: 1.949e-04 time: 0.68
  | CTM step 5 conv: 4.707e-05 time: 0.68
  | CTM step 6 conv: 7.630e-06 time: 0.67
  | CTM step 7 conv: 1.451e-06 time: 0.67
Performing CTM
  | CTM step 1 conv: 1.000e+00 time: 0.88
  | CTM step 2 conv: 8.110e-09 time: 1.05
  | CTM step 3 conv: 1.453e-09 time: 1.05
Energies: 0.7828779116773966 2.0385509415504072e-13
Norm: 0.11382807363261493
========== 
Finished basis vector 27/62 

Starting simulation of basis vector 28/62
Performing CTM pre-steps without tracking
  | CTM step 1 conv: 1.000e+00 time: 0.58
  | CTM step 2 conv: 1.000e+00 time: 0.64
  | CTM step 3 conv: 1.000e+00 time: 0.66
  | CTM step 4 conv: 1.949e-04 time: 0.68
  | CTM step 5 conv: 4.707e-05 time: 0.68
  | CTM step 6 conv: 7.630e-06 time: 0.68
  | CTM step 7 conv: 1.451e-06 time: 0.67
Performing CTM
  | CTM step 1 conv: 1.000e+00 time: 0.88
  | CTM step 2 conv: 8.110e-09 time: 1.05
  | CTM step 3 conv: 1.453e-09 time: 1.04
Energies: 0.23467728948221994 2.0385509415504072e-13
Norm: 0.031213831916573863
========== 
Finished basis vector 28/62 

Starting simulation of basis vector 29/62
Performing CTM pre-steps without tracking
  | CTM step 1 conv: 1.000e+00 time: 0.58
  | CTM step 2 conv: 1.000e+00 time: 0.64
  | CTM step 3 conv: 1.000e+00 time: 0.66
  | CTM step 4 conv: 1.949e-04 time: 0.68
  | CTM step 5 conv: 4.707e-05 time: 0.68
  | CTM step 6 conv: 7.630e-06 time: 0.71
  | CTM step 7 conv: 1.451e-06 time: 0.67
Performing CTM
  | CTM step 1 conv: 1.000e+00 time: 0.88
  | CTM step 2 conv: 8.110e-09 time: 1.05
  | CTM step 3 conv: 1.453e-09 time: 1.04
Energies: 0.06823728164438679 2.0385509415504072e-13
Norm: 0.008124504901906778
========== 
Finished basis vector 29/62 

Starting simulation of basis vector 30/62
Performing CTM pre-steps without tracking
  | CTM step 1 conv: 1.000e+00 time: 0.58
  | CTM step 2 conv: 1.000e+00 time: 0.64
  | CTM step 3 conv: 1.000e+00 time: 0.66
  | CTM step 4 conv: 1.949e-04 time: 0.67
  | CTM step 5 conv: 4.707e-05 time: 0.67
  | CTM step 6 conv: 7.630e-06 time: 0.67
  | CTM step 7 conv: 1.451e-06 time: 0.7
Performing CTM
  | CTM step 1 conv: 1.000e+00 time: 0.88
  | CTM step 2 conv: 8.110e-09 time: 1.05
  | CTM step 3 conv: 1.453e-09 time: 1.04
Energies: 0.43880376083572037 2.0385509415504072e-13
Norm: 0.05980855725980391
========== 
Finished basis vector 30/62 

Starting simulation of basis vector 31/62
Performing CTM pre-steps without tracking
  | CTM step 1 conv: 1.000e+00 time: 0.58
  | CTM step 2 conv: 1.000e+00 time: 0.64
  | CTM step 3 conv: 1.000e+00 time: 0.66
  | CTM step 4 conv: 1.949e-04 time: 0.68
  | CTM step 5 conv: 4.707e-05 time: 0.68
  | CTM step 6 conv: 7.630e-06 time: 0.68
  | CTM step 7 conv: 1.451e-06 time: 0.78
Performing CTM
  | CTM step 1 conv: 1.000e+00 time: 0.88
  | CTM step 2 conv: 8.110e-09 time: 1.05
  | CTM step 3 conv: 1.453e-09 time: 1.04
Energies: 0.12517401152334073 2.0385509415504072e-13
Norm: 0.015236240527986566
========== 
Finished basis vector 31/62 

Starting simulation of basis vector 32/62
Performing CTM pre-steps without tracking
  | CTM step 1 conv: 1.000e+00 time: 0.58
  | CTM step 2 conv: 1.000e+00 time: 0.65
  | CTM step 3 conv: 1.000e+00 time: 0.67
  | CTM step 4 conv: 1.949e-04 time: 0.68
  | CTM step 5 conv: 4.707e-05 time: 0.68
  | CTM step 6 conv: 7.630e-06 time: 0.68
  | CTM step 7 conv: 1.451e-06 time: 0.68
Performing CTM
  | CTM step 1 conv: 1.000e+00 time: 0.88
  | CTM step 2 conv: 8.110e-09 time: 1.04
  | CTM step 3 conv: 1.453e-09 time: 1.11
Energies: 0.06382284791681844 2.0385509415504072e-13
Norm: 0.005259217701249199
========== 
Finished basis vector 32/62 

Starting simulation of basis vector 33/62
Performing CTM pre-steps without tracking
  | CTM step 1 conv: 1.000e+00 time: 0.58
  | CTM step 2 conv: 1.000e+00 time: 0.65
  | CTM step 3 conv: 1.000e+00 time: 0.67
  | CTM step 4 conv: 1.949e-04 time: 0.68
  | CTM step 5 conv: 4.707e-05 time: 0.78
  | CTM step 6 conv: 7.630e-06 time: 0.67
  | CTM step 7 conv: 1.451e-06 time: 0.67
Performing CTM
  | CTM step 1 conv: 1.000e+00 time: 0.87
  | CTM step 2 conv: 8.110e-09 time: 1.1
  | CTM step 3 conv: 1.453e-09 time: 1.04
Energies: 0.09904241047448745 2.0385509415504072e-13
Norm: 0.009570582391530389
========== 
Finished basis vector 33/62 

Starting simulation of basis vector 34/62
Performing CTM pre-steps without tracking
  | CTM step 1 conv: 1.000e+00 time: 0.57
  | CTM step 2 conv: 1.000e+00 time: 0.76
  | CTM step 3 conv: 1.000e+00 time: 0.66
  | CTM step 4 conv: 1.949e-04 time: 0.67
  | CTM step 5 conv: 4.707e-05 time: 0.67
  | CTM step 6 conv: 7.630e-06 time: 0.67
  | CTM step 7 conv: 1.451e-06 time: 0.67
Performing CTM
  | CTM step 1 conv: 1.000e+00 time: 0.87
  | CTM step 2 conv: 8.110e-09 time: 1.04
  | CTM step 3 conv: 1.453e-09 time: 1.03
Energies: 0.1257924945877506 2.0385509415504072e-13
Norm: 0.021501759853071633
========== 
Finished basis vector 34/62 

Starting simulation of basis vector 35/62
Performing CTM pre-steps without tracking
  | CTM step 1 conv: 1.000e+00 time: 0.57
  | CTM step 2 conv: 1.000e+00 time: 0.63
  | CTM step 3 conv: 1.000e+00 time: 0.65
  | CTM step 4 conv: 1.949e-04 time: 0.67
  | CTM step 5 conv: 4.707e-05 time: 0.67
  | CTM step 6 conv: 7.630e-06 time: 0.67
  | CTM step 7 conv: 1.451e-06 time: 0.67
Performing CTM
  | CTM step 1 conv: 1.000e+00 time: 0.87
  | CTM step 2 conv: 8.110e-09 time: 1.04
  | CTM step 3 conv: 1.453e-09 time: 1.03
Energies: 0.5498381917024004 2.0385509415504072e-13
Norm: 0.1043152101624736
========== 
Finished basis vector 35/62 

Starting simulation of basis vector 36/62
Performing CTM pre-steps without tracking
  | CTM step 1 conv: 1.000e+00 time: 0.57
  | CTM step 2 conv: 1.000e+00 time: 0.63
  | CTM step 3 conv: 1.000e+00 time: 0.66
  | CTM step 4 conv: 1.949e-04 time: 0.67
  | CTM step 5 conv: 4.707e-05 time: 0.67
  | CTM step 6 conv: 7.630e-06 time: 0.66
  | CTM step 7 conv: 1.451e-06 time: 0.76
Performing CTM
  | CTM step 1 conv: 1.000e+00 time: 0.87
  | CTM step 2 conv: 8.110e-09 time: 1.05
  | CTM step 3 conv: 1.453e-09 time: 1.04
Energies: 0.05017732906086491 2.0385509415504072e-13
Norm: 0.007247265349964075
========== 
Finished basis vector 36/62 

Starting simulation of basis vector 37/62
Performing CTM pre-steps without tracking
  | CTM step 1 conv: 1.000e+00 time: 0.57
  | CTM step 2 conv: 1.000e+00 time: 0.64
  | CTM step 3 conv: 1.000e+00 time: 0.66
  | CTM step 4 conv: 1.949e-04 time: 0.67
  | CTM step 5 conv: 4.707e-05 time: 0.67
  | CTM step 6 conv: 7.630e-06 time: 0.67
  | CTM step 7 conv: 1.451e-06 time: 0.67
Performing CTM
  | CTM step 1 conv: 1.000e+00 time: 0.87
  | CTM step 2 conv: 8.110e-09 time: 1.04
  | CTM step 3 conv: 1.453e-09 time: 1.03
Energies: 0.24458627762098736 2.0385509415504072e-13
Norm: 0.03868626603456476
========== 
Finished basis vector 37/62 

Starting simulation of basis vector 38/62
Performing CTM pre-steps without tracking
  | CTM step 1 conv: 1.000e+00 time: 0.57
  | CTM step 2 conv: 1.000e+00 time: 0.64
  | CTM step 3 conv: 1.000e+00 time: 0.66
  | CTM step 4 conv: 1.949e-04 time: 0.67
  | CTM step 5 conv: 4.707e-05 time: 0.67
  | CTM step 6 conv: 7.630e-06 time: 0.67
  | CTM step 7 conv: 1.451e-06 time: 0.67
Performing CTM
  | CTM step 1 conv: 1.000e+00 time: 0.87
  | CTM step 2 conv: 8.110e-09 time: 1.04
  | CTM step 3 conv: 1.453e-09 time: 1.03
Energies: 0.07517301836629067 2.0385509415504072e-13
Norm: 0.0061967016636743245
========== 
Finished basis vector 38/62 

Starting simulation of basis vector 39/62
Performing CTM pre-steps without tracking
  | CTM step 1 conv: 1.000e+00 time: 0.57
  | CTM step 2 conv: 1.000e+00 time: 0.63
  | CTM step 3 conv: 1.000e+00 time: 0.65
  | CTM step 4 conv: 1.949e-04 time: 0.67
  | CTM step 5 conv: 4.707e-05 time: 0.67
  | CTM step 6 conv: 7.630e-06 time: 0.67
  | CTM step 7 conv: 1.451e-06 time: 0.66
Performing CTM
  | CTM step 1 conv: 1.000e+00 time: 0.87
  | CTM step 2 conv: 8.110e-09 time: 1.04
  | CTM step 3 conv: 1.453e-09 time: 1.03
Energies: 0.11779691297257976 2.0385509415504072e-13
Norm: 0.013428558505014657
========== 
Finished basis vector 39/62 

Starting simulation of basis vector 40/62
Performing CTM pre-steps without tracking
  | CTM step 1 conv: 1.000e+00 time: 0.57
  | CTM step 2 conv: 1.000e+00 time: 0.64
  | CTM step 3 conv: 1.000e+00 time: 0.65
  | CTM step 4 conv: 1.949e-04 time: 0.67
  | CTM step 5 conv: 4.707e-05 time: 0.67
  | CTM step 6 conv: 7.630e-06 time: 0.66
  | CTM step 7 conv: 1.451e-06 time: 0.66
Performing CTM
  | CTM step 1 conv: 1.000e+00 time: 0.87
  | CTM step 2 conv: 8.110e-09 time: 1.04
  | CTM step 3 conv: 1.453e-09 time: 1.1
Energies: 0.35496259155270027 2.0385509415504072e-13
Norm: 0.06210544555115359
========== 
Finished basis vector 40/62 

Starting simulation of basis vector 41/62
Performing CTM pre-steps without tracking
  | CTM step 1 conv: 1.000e+00 time: 0.57
  | CTM step 2 conv: 1.000e+00 time: 0.63
  | CTM step 3 conv: 1.000e+00 time: 0.66
  | CTM step 4 conv: 1.949e-04 time: 0.67
  | CTM step 5 conv: 4.707e-05 time: 0.67
  | CTM step 6 conv: 7.630e-06 time: 0.67
  | CTM step 7 conv: 1.451e-06 time: 0.67
Performing CTM
  | CTM step 1 conv: 1.000e+00 time: 0.88
  | CTM step 2 conv: 8.110e-09 time: 1.1
  | CTM step 3 conv: 1.453e-09 time: 1.03
Energies: 1.0092803398374968 2.0385509415504072e-13
Norm: 0.20552705903489019
========== 
Finished basis vector 41/62 

Starting simulation of basis vector 42/62
Performing CTM pre-steps without tracking
  | CTM step 1 conv: 1.000e+00 time: 0.58
  | CTM step 2 conv: 1.000e+00 time: 0.64
  | CTM step 3 conv: 1.000e+00 time: 0.66
  | CTM step 4 conv: 1.949e-04 time: 0.67
  | CTM step 5 conv: 4.707e-05 time: 0.67
  | CTM step 6 conv: 7.630e-06 time: 0.67
  | CTM step 7 conv: 1.451e-06 time: 0.67
Performing CTM
  | CTM step 1 conv: 1.000e+00 time: 0.87
  | CTM step 2 conv: 8.110e-09 time: 1.04
  | CTM step 3 conv: 1.453e-09 time: 1.04
Energies: 1.0955570226383569 2.0385509415504072e-13
Norm: 0.2136520509224052
========== 
Finished basis vector 42/62 

Starting simulation of basis vector 43/62
Performing CTM pre-steps without tracking
  | CTM step 1 conv: 1.000e+00 time: 0.57
  | CTM step 2 conv: 1.000e+00 time: 0.64
  | CTM step 3 conv: 1.000e+00 time: 0.66
  | CTM step 4 conv: 1.949e-04 time: 0.67
  | CTM step 5 conv: 4.707e-05 time: 0.7
  | CTM step 6 conv: 7.630e-06 time: 0.68
  | CTM step 7 conv: 1.451e-06 time: 0.67
Performing CTM
  | CTM step 1 conv: 1.000e+00 time: 0.89
  | CTM step 2 conv: 8.110e-09 time: 1.06
  | CTM step 3 conv: 1.453e-09 time: 1.06
Energies: 0.1636083203063563 2.0385509415504072e-13
Norm: 0.034493330506811005
========== 
Finished basis vector 43/62 

Starting simulation of basis vector 44/62
Performing CTM pre-steps without tracking
  | CTM step 1 conv: 1.000e+00 time: 0.57
  | CTM step 2 conv: 1.000e+00 time: 0.64
  | CTM step 3 conv: 1.000e+00 time: 0.66
  | CTM step 4 conv: 1.949e-04 time: 0.96
  | CTM step 5 conv: 4.707e-05 time: 0.85
  | CTM step 6 conv: 7.630e-06 time: 0.67
  | CTM step 7 conv: 1.451e-06 time: 0.67
Performing CTM
  | CTM step 1 conv: 1.000e+00 time: 0.96
  | CTM step 2 conv: 8.110e-09 time: 1.05
  | CTM step 3 conv: 1.453e-09 time: 1.06
Energies: 0.08435209750669996 2.0385509415504072e-13
Norm: 0.008142628566706365
========== 
Finished basis vector 44/62 

Starting simulation of basis vector 45/62
Performing CTM pre-steps without tracking
  | CTM step 1 conv: 1.000e+00 time: 0.58
  | CTM step 2 conv: 1.000e+00 time: 0.65
  | CTM step 3 conv: 1.000e+00 time: 0.67
  | CTM step 4 conv: 1.949e-04 time: 0.69
  | CTM step 5 conv: 4.707e-05 time: 0.68
  | CTM step 6 conv: 7.630e-06 time: 0.67
  | CTM step 7 conv: 1.451e-06 time: 0.68
Performing CTM
  | CTM step 1 conv: 1.000e+00 time: 0.88
  | CTM step 2 conv: 8.110e-09 time: 1.12
  | CTM step 3 conv: 1.453e-09 time: 1.05
Energies: 0.07570401305135271 2.0385509415504072e-13
Norm: 0.00797504011466445
========== 
Finished basis vector 45/62 

Starting simulation of basis vector 46/62
Performing CTM pre-steps without tracking
  | CTM step 1 conv: 1.000e+00 time: 0.58
  | CTM step 2 conv: 1.000e+00 time: 0.75
  | CTM step 3 conv: 1.000e+00 time: 0.66
  | CTM step 4 conv: 1.949e-04 time: 0.82
  | CTM step 5 conv: 4.707e-05 time: 0.89
  | CTM step 6 conv: 7.630e-06 time: 0.68
  | CTM step 7 conv: 1.451e-06 time: 0.77
Performing CTM
  | CTM step 1 conv: 1.000e+00 time: 0.89
  | CTM step 2 conv: 8.110e-09 time: 1.06
  | CTM step 3 conv: 1.453e-09 time: 1.05
Energies: 0.18622189317314464 2.0385509415504072e-13
Norm: 0.03316407282023932
========== 
Finished basis vector 46/62 

Starting simulation of basis vector 47/62
Performing CTM pre-steps without tracking
  | CTM step 1 conv: 1.000e+00 time: 0.57
  | CTM step 2 conv: 1.000e+00 time: 0.63
  | CTM step 3 conv: 1.000e+00 time: 0.66
  | CTM step 4 conv: 1.949e-04 time: 0.67
  | CTM step 5 conv: 4.707e-05 time: 0.66
  | CTM step 6 conv: 7.630e-06 time: 0.66
  | CTM step 7 conv: 1.451e-06 time: 0.66
Performing CTM
  | CTM step 1 conv: 1.000e+00 time: 0.86
  | CTM step 2 conv: 8.110e-09 time: 1.03
  | CTM step 3 conv: 1.453e-09 time: 1.03
Energies: 1.6534023675015161 2.0385509415504072e-13
Norm: 0.22437001439893256
========== 
Finished basis vector 47/62 

Starting simulation of basis vector 48/62
Performing CTM pre-steps without tracking
  | CTM step 1 conv: 1.000e+00 time: 0.57
  | CTM step 2 conv: 1.000e+00 time: 0.63
  | CTM step 3 conv: 1.000e+00 time: 0.66
  | CTM step 4 conv: 1.949e-04 time: 0.68
  | CTM step 5 conv: 4.707e-05 time: 0.67
  | CTM step 6 conv: 7.630e-06 time: 0.67
  | CTM step 7 conv: 1.451e-06 time: 0.66
Performing CTM
  | CTM step 1 conv: 1.000e+00 time: 0.87
  | CTM step 2 conv: 8.110e-09 time: 1.03
  | CTM step 3 conv: 1.453e-09 time: 1.11
Energies: 0.6234400799457841 2.0385509415504072e-13
Norm: 0.07223264628578013
========== 
Finished basis vector 48/62 

Starting simulation of basis vector 49/62
Performing CTM pre-steps without tracking
  | CTM step 1 conv: 1.000e+00 time: 0.58
  | CTM step 2 conv: 1.000e+00 time: 0.65
  | CTM step 3 conv: 1.000e+00 time: 0.66
  | CTM step 4 conv: 1.949e-04 time: 0.69
  | CTM step 5 conv: 4.707e-05 time: 0.68
  | CTM step 6 conv: 7.630e-06 time: 0.68
  | CTM step 7 conv: 1.451e-06 time: 0.67
Performing CTM
  | CTM step 1 conv: 1.000e+00 time: 0.87
  | CTM step 2 conv: 8.110e-09 time: 1.11
  | CTM step 3 conv: 1.453e-09 time: 1.04
Energies: 2.0027809986152896 2.0385509415504072e-13
Norm: 0.26741108988605594
========== 
Finished basis vector 49/62 

Starting simulation of basis vector 50/62
Performing CTM pre-steps without tracking
  | CTM step 1 conv: 1.000e+00 time: 0.58
  | CTM step 2 conv: 1.000e+00 time: 0.64
  | CTM step 3 conv: 1.000e+00 time: 0.66
  | CTM step 4 conv: 1.949e-04 time: 0.67
  | CTM step 5 conv: 4.707e-05 time: 0.67
  | CTM step 6 conv: 7.630e-06 time: 0.67
  | CTM step 7 conv: 1.451e-06 time: 0.67
Performing CTM
  | CTM step 1 conv: 1.000e+00 time: 0.87
  | CTM step 2 conv: 8.110e-09 time: 1.03
  | CTM step 3 conv: 1.453e-09 time: 1.03
Energies: 0.7489041904660927 2.0385509415504072e-13
Norm: 0.08774603172592688
========== 
Finished basis vector 50/62 

Starting simulation of basis vector 51/62
Performing CTM pre-steps without tracking
  | CTM step 1 conv: 1.000e+00 time: 0.57
  | CTM step 2 conv: 1.000e+00 time: 0.64
  | CTM step 3 conv: 1.000e+00 time: 0.66
  | CTM step 4 conv: 1.949e-04 time: 0.67
  | CTM step 5 conv: 4.707e-05 time: 0.67
  | CTM step 6 conv: 7.630e-06 time: 0.77
  | CTM step 7 conv: 1.451e-06 time: 0.67
Performing CTM
  | CTM step 1 conv: 1.000e+00 time: 0.87
  | CTM step 2 conv: 8.110e-09 time: 1.04
  | CTM step 3 conv: 1.453e-09 time: 1.03
Energies: 0.9121566833038472 2.0385509415504072e-13
Norm: 0.1156272477290966
========== 
Finished basis vector 51/62 

Starting simulation of basis vector 52/62
Performing CTM pre-steps without tracking
  | CTM step 1 conv: 1.000e+00 time: 0.57
  | CTM step 2 conv: 1.000e+00 time: 0.63
  | CTM step 3 conv: 1.000e+00 time: 0.65
  | CTM step 4 conv: 1.949e-04 time: 0.67
  | CTM step 5 conv: 4.707e-05 time: 0.71
  | CTM step 6 conv: 7.630e-06 time: 0.67
  | CTM step 7 conv: 1.451e-06 time: 0.66
Performing CTM
  | CTM step 1 conv: 1.000e+00 time: 0.88
  | CTM step 2 conv: 8.110e-09 time: 1.07
  | CTM step 3 conv: 1.453e-09 time: 1.07
Energies: 0.3400702016054771 2.0385509415504072e-13
Norm: 0.036643589644585056
========== 
Finished basis vector 52/62 

Starting simulation of basis vector 53/62
Performing CTM pre-steps without tracking
  | CTM step 1 conv: 1.000e+00 time: 0.58
  | CTM step 2 conv: 1.000e+00 time: 0.64
  | CTM step 3 conv: 1.000e+00 time: 0.66
  | CTM step 4 conv: 1.949e-04 time: 0.67
  | CTM step 5 conv: 4.707e-05 time: 0.68
  | CTM step 6 conv: 7.630e-06 time: 0.74
  | CTM step 7 conv: 1.451e-06 time: 0.67
Performing CTM
  | CTM step 1 conv: 1.000e+00 time: 0.87
  | CTM step 2 conv: 8.110e-09 time: 1.05
  | CTM step 3 conv: 1.453e-09 time: 1.04
Energies: 1.0781265460523637 2.0385509415504072e-13
Norm: 0.1330761510834285
========== 
Finished basis vector 53/62 

Starting simulation of basis vector 54/62
Performing CTM pre-steps without tracking
  | CTM step 1 conv: 1.000e+00 time: 0.57
  | CTM step 2 conv: 1.000e+00 time: 0.74
  | CTM step 3 conv: 1.000e+00 time: 0.66
  | CTM step 4 conv: 1.949e-04 time: 0.67
  | CTM step 5 conv: 4.707e-05 time: 0.66
  | CTM step 6 conv: 7.630e-06 time: 0.75
  | CTM step 7 conv: 1.451e-06 time: 0.66
Performing CTM
  | CTM step 1 conv: 1.000e+00 time: 0.92
  | CTM step 2 conv: 8.110e-09 time: 1.05
  | CTM step 3 conv: 1.453e-09 time: 1.05
Energies: 0.40330385414107583 2.0385509415504072e-13
Norm: 0.04337734317374921
========== 
Finished basis vector 54/62 

Starting simulation of basis vector 55/62
Performing CTM pre-steps without tracking
  | CTM step 1 conv: 1.000e+00 time: 0.57
  | CTM step 2 conv: 1.000e+00 time: 0.64
  | CTM step 3 conv: 1.000e+00 time: 0.66
  | CTM step 4 conv: 1.949e-04 time: 0.67
  | CTM step 5 conv: 4.707e-05 time: 0.68
  | CTM step 6 conv: 7.630e-06 time: 0.68
  | CTM step 7 conv: 1.451e-06 time: 0.67
Performing CTM
  | CTM step 1 conv: 1.000e+00 time: 0.87
  | CTM step 2 conv: 8.110e-09 time: 1.05
  | CTM step 3 conv: 1.453e-09 time: 1.04
Energies: 2.867768329771645 2.0385509415504072e-13
Norm: 0.43541285030050164
========== 
Finished basis vector 55/62 

Starting simulation of basis vector 56/62
Performing CTM pre-steps without tracking
  | CTM step 1 conv: 1.000e+00 time: 0.57
  | CTM step 2 conv: 1.000e+00 time: 0.64
  | CTM step 3 conv: 1.000e+00 time: 0.66
  | CTM step 4 conv: 1.949e-04 time: 0.67
  | CTM step 5 conv: 4.707e-05 time: 0.74
  | CTM step 6 conv: 7.630e-06 time: 0.68
  | CTM step 7 conv: 1.451e-06 time: 0.67
Performing CTM
  | CTM step 1 conv: 1.000e+00 time: 0.9
  | CTM step 2 conv: 8.110e-09 time: 1.04
  | CTM step 3 conv: 1.453e-09 time: 1.1
Energies: 1.126536674435821 2.0385509415504072e-13
Norm: 0.1451446046781125
========== 
Finished basis vector 56/62 

Starting simulation of basis vector 57/62
Performing CTM pre-steps without tracking
  | CTM step 1 conv: 1.000e+00 time: 0.57
  | CTM step 2 conv: 1.000e+00 time: 0.64
  | CTM step 3 conv: 1.000e+00 time: 0.68
  | CTM step 4 conv: 1.949e-04 time: 0.67
  | CTM step 5 conv: 4.707e-05 time: 0.67
  | CTM step 6 conv: 7.630e-06 time: 0.66
  | CTM step 7 conv: 1.451e-06 time: 0.66
Performing CTM
  | CTM step 1 conv: 1.000e+00 time: 0.86
  | CTM step 2 conv: 8.110e-09 time: 1.08
  | CTM step 3 conv: 1.453e-09 time: 1.02
Energies: 3.431308808443472 2.0385509415504072e-13
Norm: 0.5271674253243865
========== 
Finished basis vector 57/62 

Starting simulation of basis vector 58/62
Performing CTM pre-steps without tracking
  | CTM step 1 conv: 1.000e+00 time: 0.57
  | CTM step 2 conv: 1.000e+00 time: 0.63
  | CTM step 3 conv: 1.000e+00 time: 0.65
  | CTM step 4 conv: 1.949e-04 time: 0.66
  | CTM step 5 conv: 4.707e-05 time: 0.66
  | CTM step 6 conv: 7.630e-06 time: 0.79
  | CTM step 7 conv: 1.451e-06 time: 0.66
Performing CTM
  | CTM step 1 conv: 1.000e+00 time: 0.87
  | CTM step 2 conv: 8.110e-09 time: 1.03
  | CTM step 3 conv: 1.453e-09 time: 1.03
Energies: 1.3469921168444001 2.0385509415504072e-13
Norm: 0.1796916282476084
========== 
Finished basis vector 58/62 

Starting simulation of basis vector 59/62
Performing CTM pre-steps without tracking
  | CTM step 1 conv: 1.000e+00 time: 0.57
  | CTM step 2 conv: 1.000e+00 time: 0.73
  | CTM step 3 conv: 1.000e+00 time: 0.65
  | CTM step 4 conv: 1.949e-04 time: 0.66
  | CTM step 5 conv: 4.707e-05 time: 0.66
  | CTM step 6 conv: 7.630e-06 time: 0.76
  | CTM step 7 conv: 1.451e-06 time: 0.67
Performing CTM
  | CTM step 1 conv: 1.000e+00 time: 0.86
  | CTM step 2 conv: 8.110e-09 time: 1.03
  | CTM step 3 conv: 1.453e-09 time: 1.03
Energies: 1.5691871054144038 2.0385509415504072e-13
Norm: 0.2202590828776337
========== 
Finished basis vector 59/62 

Starting simulation of basis vector 60/62
Performing CTM pre-steps without tracking
  | CTM step 1 conv: 1.000e+00 time: 0.57
  | CTM step 2 conv: 1.000e+00 time: 0.74
  | CTM step 3 conv: 1.000e+00 time: 0.66
  | CTM step 4 conv: 1.949e-04 time: 0.66
  | CTM step 5 conv: 4.707e-05 time: 0.66
  | CTM step 6 conv: 7.630e-06 time: 0.68
  | CTM step 7 conv: 1.451e-06 time: 0.66
Performing CTM
  | CTM step 1 conv: 1.000e+00 time: 0.87
  | CTM step 2 conv: 8.110e-09 time: 1.03
  | CTM step 3 conv: 1.453e-09 time: 1.03
Energies: 0.6118193710974561 2.0385509415504072e-13
Norm: 0.07243995136123385
========== 
Finished basis vector 60/62 

Starting simulation of basis vector 61/62
Performing CTM pre-steps without tracking
  | CTM step 1 conv: 1.000e+00 time: 0.57
  | CTM step 2 conv: 1.000e+00 time: 0.63
  | CTM step 3 conv: 1.000e+00 time: 0.65
  | CTM step 4 conv: 1.949e-04 time: 0.66
  | CTM step 5 conv: 4.707e-05 time: 0.66
  | CTM step 6 conv: 7.630e-06 time: 0.7
  | CTM step 7 conv: 1.451e-06 time: 0.66
Performing CTM
  | CTM step 1 conv: 1.000e+00 time: 0.86
  | CTM step 2 conv: 8.110e-09 time: 1.03
  | CTM step 3 conv: 1.453e-09 time: 1.03
Energies: 1.834351950318048 2.0385509415504072e-13
Norm: 0.2565641344784222
========== 
Finished basis vector 61/62 

Starting simulation of basis vector 62/62
Performing CTM pre-steps without tracking
  | CTM step 1 conv: 1.000e+00 time: 0.56
  | CTM step 2 conv: 1.000e+00 time: 0.63
  | CTM step 3 conv: 1.000e+00 time: 0.65
  | CTM step 4 conv: 1.949e-04 time: 0.67
  | CTM step 5 conv: 4.707e-05 time: 0.67
  | CTM step 6 conv: 7.630e-06 time: 0.66
  | CTM step 7 conv: 1.451e-06 time: 0.74
Performing CTM
  | CTM step 1 conv: 1.000e+00 time: 0.86
  | CTM step 2 conv: 8.110e-09 time: 1.02
  | CTM step 3 conv: 1.453e-09 time: 1.02
Energies: 0.7139130584411277 2.0385509415504072e-13
Norm: 0.08614967034190749
========== 
Finished basis vector 62/62 

[[ 0.37612057+3.58494744e-19j  0.04746822-2.95509227e-17j
  -0.32888717-3.39092855e-17j ...  0.42834451-3.08426438e-17j
  -0.89249376+5.70606078e-17j  0.45663749-3.23582106e-17j]
 [ 0.04762274+2.93513914e-17j  0.04722153-6.19563341e-21j
  -0.04510666-3.19496478e-17j ...  0.08943828+3.10664743e-17j
  -0.15658679-6.43062001e-17j  0.09537333+3.36741260e-17j]
 [-0.32900523+3.29613249e-17j -0.04491127+3.21487836e-17j
   0.3067328 +5.57454040e-19j ... -0.38746943+6.73997217e-17j
   0.79123804-1.38859967e-16j -0.42334649+7.31961774e-17j]
 ...
 [ 0.42981473+2.57231340e-17j  0.08911913-3.48346707e-17j
  -0.38995417-6.27985716e-17j ...  1.22282449-1.30743533e-19j
  -1.31171102+9.85995943e-19j  1.08973232-2.10482196e-18j]
 [-0.89446275-5.61853248e-17j -0.15740957+6.60310448e-17j
   0.79508962+1.38868029e-16j ... -1.311715  -3.06366509e-21j
   3.66650892+1.44722527e-20j -1.75029211+9.09262392e-20j]
 [ 0.45854736+2.90494213e-17j  0.09645204-3.62888541e-17j
  -0.42612014-7.03751009e-17j ...  1.08965482+3.58805734e-19j
  -1.74984948+9.96940194e-19j  1.42685744-1.12732045e-18j]]
[[ 0.07237043+4.84378327e-25j  0.00430026-5.82245726e-18j
  -0.0656648 -6.33347412e-18j ...  0.07881326-5.50159991e-18j
  -0.16585038+1.07815123e-17j  0.08527557-5.81298980e-18j]
 [ 0.00430025+5.82245392e-18j  0.00478999-1.54648360e-24j
  -0.00378026-5.90064445e-18j ...  0.00910182+6.04767889e-18j
  -0.01604915-1.26863574e-17j  0.00934331+6.65485774e-18j]
 [-0.0656648 +6.33346566e-18j -0.00378026+5.90064877e-18j
   0.06126444+8.38332432e-24j ... -0.07220285+1.20617640e-17j
   0.1509068 -2.51887407e-17j -0.0793434 +1.31310658e-17j]
 ...
 [ 0.07881326+5.50160018e-18j  0.00910181-6.04768072e-18j
  -0.07220285-1.20617648e-17j ...  0.1448799 -3.23875689e-26j
  -0.21003087-3.24568641e-20j  0.14128625-7.85251949e-20j]
 [-0.16585038-1.07815128e-17j -0.01604914+1.26863595e-17j
   0.1509068 +2.51887430e-17j ... -0.21003087+3.24564607e-20j
   0.51312827+1.43135550e-25j -0.2555845 -7.72916080e-20j]
 [ 0.08527556+5.81299010e-18j  0.00934331-6.65485969e-18j
  -0.0793434 -1.31310668e-17j ...  0.14128625+7.85253955e-20j
  -0.2555845 +7.72912542e-20j  0.17229934+1.63055226e-25j]]
Done
Saved to /share/home/tanyi/ad-peps/simulations/exci/h3_ising_D2_X30/10_1.0_1.0.npz
