No GPU/TPU found, falling back to CPU. (Set TF_CPP_MIN_LOG_LEVEL=0 and rerun for more info.)
Namespace(version=False, sim_mode='exci', config_file='ising_D2_exci.yaml', momentum_ix=2, evaluate=False, init=False)
Running excited-state sim
ising_D2_exci.yaml
/share/home/tanyi/ad-peps/examples/ising_D2_exci.yaml
/share/home/tanyi/ad-peps/examples/ising_D2_exci.yaml
D: 2
chi: 30
ctm_conv_tol: 1.0e-06
ctm_max_iter: 20
ctm_min_iter: 4
disp_level: 1
flush_output: true
model: ising
model_params:
  h: 3
momentum_path: Bril1
out_prefix: h3
pattern:
- - 0
  - 1
- - 1
  - 0
resume: true

Starting simulation of basis vector 1/62
Performing CTM pre-steps without tracking
  | CTM step 1 conv: 1.000e+00 time: 2.92
  | CTM step 2 conv: 1.000e+00 time: 7.09
  | CTM step 3 conv: 1.000e+00 time: 9.14
  | CTM step 4 conv: 1.949e-04 time: 8.32
  | CTM step 5 conv: 4.707e-05 time: 4.66
  | CTM step 6 conv: 7.630e-06 time: 0.68
  | CTM step 7 conv: 1.451e-06 time: 0.68
Performing CTM
  | CTM step 1 conv: 1.000e+00 time: 1.94
  | CTM step 2 conv: 8.110e-09 time: 1.26
  | CTM step 3 conv: 1.453e-09 time: 1.05
Energies: 0.02525988032238078 2.0385509415504072e-13
Norm: 0.0033439022305258265
========== 
Finished basis vector 1/62 

Starting simulation of basis vector 2/62
Performing CTM pre-steps without tracking
  | CTM step 1 conv: 1.000e+00 time: 0.58
  | CTM step 2 conv: 1.000e+00 time: 0.69
  | CTM step 3 conv: 1.000e+00 time: 0.69
  | CTM step 4 conv: 1.949e-04 time: 0.69
  | CTM step 5 conv: 4.707e-05 time: 0.69
  | CTM step 6 conv: 7.630e-06 time: 0.69
  | CTM step 7 conv: 1.451e-06 time: 0.68
Performing CTM
  | CTM step 1 conv: 1.000e+00 time: 0.89
  | CTM step 2 conv: 8.110e-09 time: 1.12
  | CTM step 3 conv: 1.453e-09 time: 1.05
Energies: 0.01677050563316307 2.0385509415504072e-13
Norm: 0.0021573348159649387
========== 
Finished basis vector 2/62 

Starting simulation of basis vector 3/62
Performing CTM pre-steps without tracking
  | CTM step 1 conv: 1.000e+00 time: 0.58
  | CTM step 2 conv: 1.000e+00 time: 0.65
  | CTM step 3 conv: 1.000e+00 time: 0.67
  | CTM step 4 conv: 1.949e-04 time: 0.68
  | CTM step 5 conv: 4.707e-05 time: 0.68
  | CTM step 6 conv: 7.630e-06 time: 0.67
  | CTM step 7 conv: 1.451e-06 time: 0.67
Performing CTM
  | CTM step 1 conv: 1.000e+00 time: 0.88
  | CTM step 2 conv: 8.110e-09 time: 1.05
  | CTM step 3 conv: 1.453e-09 time: 1.04
Energies: 0.15012941524582793 2.0385509415504072e-13
Norm: 0.023080830455568933
========== 
Finished basis vector 3/62 

Starting simulation of basis vector 4/62
Performing CTM pre-steps without tracking
  | CTM step 1 conv: 1.000e+00 time: 0.58
  | CTM step 2 conv: 1.000e+00 time: 0.64
  | CTM step 3 conv: 1.000e+00 time: 0.66
  | CTM step 4 conv: 1.949e-04 time: 0.67
  | CTM step 5 conv: 4.707e-05 time: 0.67
  | CTM step 6 conv: 7.630e-06 time: 0.67
  | CTM step 7 conv: 1.451e-06 time: 0.67
Performing CTM
  | CTM step 1 conv: 1.000e+00 time: 0.88
  | CTM step 2 conv: 8.110e-09 time: 1.04
  | CTM step 3 conv: 1.453e-09 time: 1.04
Energies: 0.11327034041927105 2.0385509415504072e-13
Norm: 0.017790442861793463
========== 
Finished basis vector 4/62 

Starting simulation of basis vector 5/62
Performing CTM pre-steps without tracking
  | CTM step 1 conv: 1.000e+00 time: 0.58
  | CTM step 2 conv: 1.000e+00 time: 0.65
  | CTM step 3 conv: 1.000e+00 time: 0.73
  | CTM step 4 conv: 1.949e-04 time: 0.68
  | CTM step 5 conv: 4.707e-05 time: 0.68
  | CTM step 6 conv: 7.630e-06 time: 0.68
  | CTM step 7 conv: 1.451e-06 time: 0.67
Performing CTM
  | CTM step 1 conv: 1.000e+00 time: 0.91
  | CTM step 2 conv: 8.110e-09 time: 1.05
  | CTM step 3 conv: 1.453e-09 time: 1.05
Energies: 0.015894521910665482 2.0385509415504072e-13
Norm: 0.00203412429737721
========== 
Finished basis vector 5/62 

Starting simulation of basis vector 6/62
Performing CTM pre-steps without tracking
  | CTM step 1 conv: 1.000e+00 time: 0.58
  | CTM step 2 conv: 1.000e+00 time: 0.64
  | CTM step 3 conv: 1.000e+00 time: 0.66
  | CTM step 4 conv: 1.949e-04 time: 0.68
  | CTM step 5 conv: 4.707e-05 time: 0.68
  | CTM step 6 conv: 7.630e-06 time: 0.69
  | CTM step 7 conv: 1.451e-06 time: 0.69
Performing CTM
  | CTM step 1 conv: 1.000e+00 time: 0.88
  | CTM step 2 conv: 8.110e-09 time: 1.09
  | CTM step 3 conv: 1.453e-09 time: 1.05
Energies: 0.11775662008695129 2.0385509415504072e-13
Norm: 0.017826472485924217
========== 
Finished basis vector 6/62 

Starting simulation of basis vector 7/62
Performing CTM pre-steps without tracking
  | CTM step 1 conv: 1.000e+00 time: 0.58
  | CTM step 2 conv: 1.000e+00 time: 0.65
  | CTM step 3 conv: 1.000e+00 time: 0.68
  | CTM step 4 conv: 1.949e-04 time: 0.71
  | CTM step 5 conv: 4.707e-05 time: 0.69
  | CTM step 6 conv: 7.630e-06 time: 0.73
  | CTM step 7 conv: 1.451e-06 time: 0.68
Performing CTM
  | CTM step 1 conv: 1.000e+00 time: 0.9
  | CTM step 2 conv: 8.110e-09 time: 1.06
  | CTM step 3 conv: 1.453e-09 time: 1.05
Energies: 0.015369519796301965 2.0385509415504072e-13
Norm: 0.0019329454308879078
========== 
Finished basis vector 7/62 

Starting simulation of basis vector 8/62
Performing CTM pre-steps without tracking
  | CTM step 1 conv: 1.000e+00 time: 0.58
  | CTM step 2 conv: 1.000e+00 time: 0.65
  | CTM step 3 conv: 1.000e+00 time: 0.77
  | CTM step 4 conv: 1.949e-04 time: 0.68
  | CTM step 5 conv: 4.707e-05 time: 0.67
  | CTM step 6 conv: 7.630e-06 time: 0.67
  | CTM step 7 conv: 1.451e-06 time: 0.67
Performing CTM
  | CTM step 1 conv: 1.000e+00 time: 0.89
  | CTM step 2 conv: 8.110e-09 time: 1.11
  | CTM step 3 conv: 1.453e-09 time: 1.16
Energies: 0.02393718839724083 2.0385509415504072e-13
Norm: 0.0032852669371703806
========== 
Finished basis vector 8/62 

Starting simulation of basis vector 9/62
Performing CTM pre-steps without tracking
  | CTM step 1 conv: 1.000e+00 time: 0.59
  | CTM step 2 conv: 1.000e+00 time: 0.73
  | CTM step 3 conv: 1.000e+00 time: 0.73
  | CTM step 4 conv: 1.949e-04 time: 0.7
  | CTM step 5 conv: 4.707e-05 time: 0.67
  | CTM step 6 conv: 7.630e-06 time: 0.67
  | CTM step 7 conv: 1.451e-06 time: 0.67
Performing CTM
  | CTM step 1 conv: 1.000e+00 time: 0.88
  | CTM step 2 conv: 8.110e-09 time: 1.12
  | CTM step 3 conv: 1.453e-09 time: 1.04
Energies: 0.10417182716695071 2.0385509415504072e-13
Norm: 0.01595570094851753
========== 
Finished basis vector 9/62 

Starting simulation of basis vector 10/62
Performing CTM pre-steps without tracking
  | CTM step 1 conv: 1.000e+00 time: 0.57
  | CTM step 2 conv: 1.000e+00 time: 0.69
  | CTM step 3 conv: 1.000e+00 time: 0.73
  | CTM step 4 conv: 1.949e-04 time: 0.68
  | CTM step 5 conv: 4.707e-05 time: 0.67
  | CTM step 6 conv: 7.630e-06 time: 0.66
  | CTM step 7 conv: 1.451e-06 time: 0.66
Performing CTM
  | CTM step 1 conv: 1.000e+00 time: 0.87
  | CTM step 2 conv: 8.110e-09 time: 1.04
  | CTM step 3 conv: 1.453e-09 time: 1.03
Energies: 0.3214728576069227 2.0385509415504072e-13
Norm: 0.050326226821340594
========== 
Finished basis vector 10/62 

Starting simulation of basis vector 11/62
Performing CTM pre-steps without tracking
  | CTM step 1 conv: 1.000e+00 time: 0.57
  | CTM step 2 conv: 1.000e+00 time: 0.64
  | CTM step 3 conv: 1.000e+00 time: 0.66
  | CTM step 4 conv: 1.949e-04 time: 0.67
  | CTM step 5 conv: 4.707e-05 time: 0.67
  | CTM step 6 conv: 7.630e-06 time: 0.66
  | CTM step 7 conv: 1.451e-06 time: 0.66
Performing CTM
  | CTM step 1 conv: 1.000e+00 time: 0.87
  | CTM step 2 conv: 8.110e-09 time: 1.03
  | CTM step 3 conv: 1.453e-09 time: 1.03
Energies: 0.3774569063608872 2.0385509415504072e-13
Norm: 0.060532490442062124
========== 
Finished basis vector 11/62 

Starting simulation of basis vector 12/62
Performing CTM pre-steps without tracking
  | CTM step 1 conv: 1.000e+00 time: 0.57
  | CTM step 2 conv: 1.000e+00 time: 0.64
  | CTM step 3 conv: 1.000e+00 time: 0.73
  | CTM step 4 conv: 1.949e-04 time: 0.72
  | CTM step 5 conv: 4.707e-05 time: 0.67
  | CTM step 6 conv: 7.630e-06 time: 0.66
  | CTM step 7 conv: 1.451e-06 time: 0.66
Performing CTM
  | CTM step 1 conv: 1.000e+00 time: 0.87
  | CTM step 2 conv: 8.110e-09 time: 1.04
  | CTM step 3 conv: 1.453e-09 time: 1.05
Energies: 0.04320637258908911 2.0385509415504072e-13
Norm: 0.006248809558201022
========== 
Finished basis vector 12/62 

Starting simulation of basis vector 13/62
Performing CTM pre-steps without tracking
  | CTM step 1 conv: 1.000e+00 time: 0.58
  | CTM step 2 conv: 1.000e+00 time: 0.64
  | CTM step 3 conv: 1.000e+00 time: 0.67
  | CTM step 4 conv: 1.949e-04 time: 0.68
  | CTM step 5 conv: 4.707e-05 time: 0.68
  | CTM step 6 conv: 7.630e-06 time: 0.67
  | CTM step 7 conv: 1.451e-06 time: 0.67
Performing CTM
  | CTM step 1 conv: 1.000e+00 time: 0.88
  | CTM step 2 conv: 8.110e-09 time: 1.05
  | CTM step 3 conv: 1.453e-09 time: 1.04
Energies: 0.007253651867320002 2.0385509415504072e-13
Norm: 0.0009275059777123345
========== 
Finished basis vector 13/62 

Starting simulation of basis vector 14/62
Performing CTM pre-steps without tracking
  | CTM step 1 conv: 1.000e+00 time: 0.58
  | CTM step 2 conv: 1.000e+00 time: 0.64
  | CTM step 3 conv: 1.000e+00 time: 0.67
  | CTM step 4 conv: 1.949e-04 time: 0.68
  | CTM step 5 conv: 4.707e-05 time: 0.68
  | CTM step 6 conv: 7.630e-06 time: 0.68
  | CTM step 7 conv: 1.451e-06 time: 0.68
Performing CTM
  | CTM step 1 conv: 1.000e+00 time: 0.88
  | CTM step 2 conv: 8.110e-09 time: 1.05
  | CTM step 3 conv: 1.453e-09 time: 1.04
Energies: 0.03032195117536786 2.0385509415504072e-13
Norm: 0.0041951481849394475
========== 
Finished basis vector 14/62 

Starting simulation of basis vector 15/62
Performing CTM pre-steps without tracking
  | CTM step 1 conv: 1.000e+00 time: 0.58
  | CTM step 2 conv: 1.000e+00 time: 0.64
  | CTM step 3 conv: 1.000e+00 time: 0.66
  | CTM step 4 conv: 1.949e-04 time: 0.68
  | CTM step 5 conv: 4.707e-05 time: 0.68
  | CTM step 6 conv: 7.630e-06 time: 0.68
  | CTM step 7 conv: 1.451e-06 time: 0.67
Performing CTM
  | CTM step 1 conv: 1.000e+00 time: 0.88
  | CTM step 2 conv: 8.110e-09 time: 1.05
  | CTM step 3 conv: 1.453e-09 time: 1.04
Energies: 0.0197423215602235 2.0385509415504072e-13
Norm: 0.0025111608329964493
========== 
Finished basis vector 15/62 

Starting simulation of basis vector 16/62
Performing CTM pre-steps without tracking
  | CTM step 1 conv: 1.000e+00 time: 0.58
  | CTM step 2 conv: 1.000e+00 time: 0.64
  | CTM step 3 conv: 1.000e+00 time: 0.66
  | CTM step 4 conv: 1.949e-04 time: 0.67
  | CTM step 5 conv: 4.707e-05 time: 0.67
  | CTM step 6 conv: 7.630e-06 time: 0.67
  | CTM step 7 conv: 1.451e-06 time: 0.68
Performing CTM
  | CTM step 1 conv: 1.000e+00 time: 0.88
  | CTM step 2 conv: 8.110e-09 time: 1.05
  | CTM step 3 conv: 1.453e-09 time: 1.12
Energies: 1.7396215372765937 2.0385509415504072e-13
Norm: 0.25950685888596653
========== 
Finished basis vector 16/62 

Starting simulation of basis vector 17/62
Performing CTM pre-steps without tracking
  | CTM step 1 conv: 1.000e+00 time: 0.58
  | CTM step 2 conv: 1.000e+00 time: 0.72
  | CTM step 3 conv: 1.000e+00 time: 0.79
  | CTM step 4 conv: 1.949e-04 time: 0.67
  | CTM step 5 conv: 4.707e-05 time: 0.67
  | CTM step 6 conv: 7.630e-06 time: 0.67
  | CTM step 7 conv: 1.451e-06 time: 0.68
Performing CTM
  | CTM step 1 conv: 1.000e+00 time: 0.87
  | CTM step 2 conv: 8.110e-09 time: 1.11
  | CTM step 3 conv: 1.453e-09 time: 1.04
Energies: 0.5079155771127808 2.0385509415504072e-13
Norm: 0.06885063202023856
========== 
Finished basis vector 17/62 

Starting simulation of basis vector 18/62
Performing CTM pre-steps without tracking
  | CTM step 1 conv: 1.000e+00 time: 0.58
  | CTM step 2 conv: 1.000e+00 time: 0.65
  | CTM step 3 conv: 1.000e+00 time: 0.68
  | CTM step 4 conv: 1.949e-04 time: 0.69
  | CTM step 5 conv: 4.707e-05 time: 0.68
  | CTM step 6 conv: 7.630e-06 time: 0.68
  | CTM step 7 conv: 1.451e-06 time: 0.8
Performing CTM
  | CTM step 1 conv: 1.000e+00 time: 0.98
  | CTM step 2 conv: 8.110e-09 time: 1.12
  | CTM step 3 conv: 1.453e-09 time: 1.08
Energies: 3.2157084207865716 2.0385509415504072e-13
Norm: 0.49184980917119214
========== 
Finished basis vector 18/62 

Starting simulation of basis vector 19/62
Performing CTM pre-steps without tracking
  | CTM step 1 conv: 1.000e+00 time: 0.59
  | CTM step 2 conv: 1.000e+00 time: 0.66
  | CTM step 3 conv: 1.000e+00 time: 0.68
  | CTM step 4 conv: 1.949e-04 time: 0.68
  | CTM step 5 conv: 4.707e-05 time: 0.68
  | CTM step 6 conv: 7.630e-06 time: 0.68
  | CTM step 7 conv: 1.451e-06 time: 0.68
Performing CTM
  | CTM step 1 conv: 1.000e+00 time: 0.88
  | CTM step 2 conv: 8.110e-09 time: 1.05
  | CTM step 3 conv: 1.453e-09 time: 1.05
Energies: 0.9235395177942463 2.0385509415504072e-13
Norm: 0.1284481279663006
========== 
Finished basis vector 19/62 

Starting simulation of basis vector 20/62
Performing CTM pre-steps without tracking
  | CTM step 1 conv: 1.000e+00 time: 0.58
  | CTM step 2 conv: 1.000e+00 time: 0.64
  | CTM step 3 conv: 1.000e+00 time: 0.66
  | CTM step 4 conv: 1.949e-04 time: 0.67
  | CTM step 5 conv: 4.707e-05 time: 0.67
  | CTM step 6 conv: 7.630e-06 time: 0.66
  | CTM step 7 conv: 1.451e-06 time: 0.66
Performing CTM
  | CTM step 1 conv: 1.000e+00 time: 0.87
  | CTM step 2 conv: 8.110e-09 time: 1.04
  | CTM step 3 conv: 1.453e-09 time: 1.03
Energies: 0.27375361014469024 2.0385509415504072e-13
Norm: 0.03476116360095015
========== 
Finished basis vector 20/62 

Starting simulation of basis vector 21/62
Performing CTM pre-steps without tracking
  | CTM step 1 conv: 1.000e+00 time: 0.57
  | CTM step 2 conv: 1.000e+00 time: 0.64
  | CTM step 3 conv: 1.000e+00 time: 0.66
  | CTM step 4 conv: 1.949e-04 time: 0.67
  | CTM step 5 conv: 4.707e-05 time: 0.67
  | CTM step 6 conv: 7.630e-06 time: 0.67
  | CTM step 7 conv: 1.451e-06 time: 0.74
Performing CTM
  | CTM step 1 conv: 1.000e+00 time: 0.87
  | CTM step 2 conv: 8.110e-09 time: 1.04
  | CTM step 3 conv: 1.453e-09 time: 1.04
Energies: 0.07704223920491847 2.0385509415504072e-13
Norm: 0.009205083758995335
========== 
Finished basis vector 21/62 

Starting simulation of basis vector 22/62
Performing CTM pre-steps without tracking
  | CTM step 1 conv: 1.000e+00 time: 0.57
  | CTM step 2 conv: 1.000e+00 time: 0.63
  | CTM step 3 conv: 1.000e+00 time: 0.66
  | CTM step 4 conv: 1.949e-04 time: 0.67
  | CTM step 5 conv: 4.707e-05 time: 0.67
  | CTM step 6 conv: 7.630e-06 time: 0.67
  | CTM step 7 conv: 1.451e-06 time: 0.67
Performing CTM
  | CTM step 1 conv: 1.000e+00 time: 0.88
  | CTM step 2 conv: 8.110e-09 time: 1.05
  | CTM step 3 conv: 1.453e-09 time: 1.04
Energies: 0.5128394274188969 2.0385509415504072e-13
Norm: 0.06589874205524673
========== 
Finished basis vector 22/62 

Starting simulation of basis vector 23/62
Performing CTM pre-steps without tracking
  | CTM step 1 conv: 1.000e+00 time: 0.57
  | CTM step 2 conv: 1.000e+00 time: 0.63
  | CTM step 3 conv: 1.000e+00 time: 0.66
  | CTM step 4 conv: 1.949e-04 time: 0.67
  | CTM step 5 conv: 4.707e-05 time: 0.67
  | CTM step 6 conv: 7.630e-06 time: 0.66
  | CTM step 7 conv: 1.451e-06 time: 0.66
Performing CTM
  | CTM step 1 conv: 1.000e+00 time: 0.87
  | CTM step 2 conv: 8.110e-09 time: 1.04
  | CTM step 3 conv: 1.453e-09 time: 1.03
Energies: 0.14144550269045209 2.0385509415504072e-13
Norm: 0.01714753178244984
========== 
Finished basis vector 23/62 

Starting simulation of basis vector 24/62
Performing CTM pre-steps without tracking
  | CTM step 1 conv: 1.000e+00 time: 0.57
  | CTM step 2 conv: 1.000e+00 time: 0.64
  | CTM step 3 conv: 1.000e+00 time: 0.66
  | CTM step 4 conv: 1.949e-04 time: 0.67
  | CTM step 5 conv: 4.707e-05 time: 0.67
  | CTM step 6 conv: 7.630e-06 time: 0.67
  | CTM step 7 conv: 1.451e-06 time: 0.67
Performing CTM
  | CTM step 1 conv: 1.000e+00 time: 0.87
  | CTM step 2 conv: 8.110e-09 time: 1.04
  | CTM step 3 conv: 1.453e-09 time: 1.11
Energies: 1.4921888022356096 2.0385509415504072e-13
Norm: 0.22456791145773283
========== 
Finished basis vector 24/62 

Starting simulation of basis vector 25/62
Performing CTM pre-steps without tracking
  | CTM step 1 conv: 1.000e+00 time: 0.57
  | CTM step 2 conv: 1.000e+00 time: 0.64
  | CTM step 3 conv: 1.000e+00 time: 0.66
  | CTM step 4 conv: 1.949e-04 time: 0.67
  | CTM step 5 conv: 4.707e-05 time: 0.67
  | CTM step 6 conv: 7.630e-06 time: 0.67
  | CTM step 7 conv: 1.451e-06 time: 0.67
Performing CTM
  | CTM step 1 conv: 1.000e+00 time: 0.87
  | CTM step 2 conv: 8.110e-09 time: 1.11
  | CTM step 3 conv: 1.453e-09 time: 1.03
Energies: 0.4399164199491204 2.0385509415504072e-13
Norm: 0.0599421210951382
========== 
Finished basis vector 25/62 

Starting simulation of basis vector 26/62
Performing CTM pre-steps without tracking
  | CTM step 1 conv: 1.000e+00 time: 0.57
  | CTM step 2 conv: 1.000e+00 time: 0.63
  | CTM step 3 conv: 1.000e+00 time: 0.65
  | CTM step 4 conv: 1.949e-04 time: 0.67
  | CTM step 5 conv: 4.707e-05 time: 0.67
  | CTM step 6 conv: 7.630e-06 time: 0.67
  | CTM step 7 conv: 1.451e-06 time: 0.72
Performing CTM
  | CTM step 1 conv: 1.000e+00 time: 0.87
  | CTM step 2 conv: 8.110e-09 time: 1.03
  | CTM step 3 conv: 1.453e-09 time: 1.03
Energies: 2.7827935526605554 2.0385509415504072e-13
Norm: 0.4260923414604216
========== 
Finished basis vector 26/62 

Starting simulation of basis vector 27/62
Performing CTM pre-steps without tracking
  | CTM step 1 conv: 1.000e+00 time: 0.58
  | CTM step 2 conv: 1.000e+00 time: 0.64
  | CTM step 3 conv: 1.000e+00 time: 0.67
  | CTM step 4 conv: 1.949e-04 time: 0.68
  | CTM step 5 conv: 4.707e-05 time: 0.68
  | CTM step 6 conv: 7.630e-06 time: 0.67
  | CTM step 7 conv: 1.451e-06 time: 0.69
Performing CTM
  | CTM step 1 conv: 1.000e+00 time: 0.87
  | CTM step 2 conv: 8.110e-09 time: 1.04
  | CTM step 3 conv: 1.453e-09 time: 1.04
Energies: 0.8053050598486817 2.0385509415504072e-13
Norm: 0.11188057101227727
========== 
Finished basis vector 27/62 

Starting simulation of basis vector 28/62
Performing CTM pre-steps without tracking
  | CTM step 1 conv: 1.000e+00 time: 0.58
  | CTM step 2 conv: 1.000e+00 time: 0.65
  | CTM step 3 conv: 1.000e+00 time: 0.66
  | CTM step 4 conv: 1.949e-04 time: 0.67
  | CTM step 5 conv: 4.707e-05 time: 0.67
  | CTM step 6 conv: 7.630e-06 time: 0.67
  | CTM step 7 conv: 1.451e-06 time: 0.67
Performing CTM
  | CTM step 1 conv: 1.000e+00 time: 0.87
  | CTM step 2 conv: 8.110e-09 time: 1.04
  | CTM step 3 conv: 1.453e-09 time: 1.03
Energies: 0.2346637629941038 2.0385509415504072e-13
Norm: 0.0298346674609063
========== 
Finished basis vector 28/62 

Starting simulation of basis vector 29/62
Performing CTM pre-steps without tracking
  | CTM step 1 conv: 1.000e+00 time: 0.57
  | CTM step 2 conv: 1.000e+00 time: 0.64
  | CTM step 3 conv: 1.000e+00 time: 0.66
  | CTM step 4 conv: 1.949e-04 time: 0.67
  | CTM step 5 conv: 4.707e-05 time: 0.67
  | CTM step 6 conv: 7.630e-06 time: 0.67
  | CTM step 7 conv: 1.451e-06 time: 0.67
Performing CTM
  | CTM step 1 conv: 1.000e+00 time: 0.87
  | CTM step 2 conv: 8.110e-09 time: 1.04
  | CTM step 3 conv: 1.453e-09 time: 1.04
Energies: 0.06655404682112154 2.0385509415504072e-13
Norm: 0.007934810267775977
========== 
Finished basis vector 29/62 

Starting simulation of basis vector 30/62
Performing CTM pre-steps without tracking
  | CTM step 1 conv: 1.000e+00 time: 0.57
  | CTM step 2 conv: 1.000e+00 time: 0.63
  | CTM step 3 conv: 1.000e+00 time: 0.66
  | CTM step 4 conv: 1.949e-04 time: 0.67
  | CTM step 5 conv: 4.707e-05 time: 0.67
  | CTM step 6 conv: 7.630e-06 time: 0.66
  | CTM step 7 conv: 1.451e-06 time: 0.66
Performing CTM
  | CTM step 1 conv: 1.000e+00 time: 0.87
  | CTM step 2 conv: 8.110e-09 time: 1.04
  | CTM step 3 conv: 1.453e-09 time: 1.03
Energies: 0.44126499631119 2.0385509415504072e-13
Norm: 0.05652741643537477
========== 
Finished basis vector 30/62 

Starting simulation of basis vector 31/62
Performing CTM pre-steps without tracking
  | CTM step 1 conv: 1.000e+00 time: 0.57
  | CTM step 2 conv: 1.000e+00 time: 0.63
  | CTM step 3 conv: 1.000e+00 time: 0.66
  | CTM step 4 conv: 1.949e-04 time: 0.67
  | CTM step 5 conv: 4.707e-05 time: 0.67
  | CTM step 6 conv: 7.630e-06 time: 0.67
  | CTM step 7 conv: 1.451e-06 time: 0.67
Performing CTM
  | CTM step 1 conv: 1.000e+00 time: 0.87
  | CTM step 2 conv: 8.110e-09 time: 1.03
  | CTM step 3 conv: 1.453e-09 time: 1.03
Energies: 0.12302872823368649 2.0385509415504072e-13
Norm: 0.01481358104314061
========== 
Finished basis vector 31/62 

Starting simulation of basis vector 32/62
Performing CTM pre-steps without tracking
  | CTM step 1 conv: 1.000e+00 time: 0.57
  | CTM step 2 conv: 1.000e+00 time: 0.64
  | CTM step 3 conv: 1.000e+00 time: 0.65
  | CTM step 4 conv: 1.949e-04 time: 0.67
  | CTM step 5 conv: 4.707e-05 time: 0.67
  | CTM step 6 conv: 7.630e-06 time: 0.67
  | CTM step 7 conv: 1.451e-06 time: 0.67
Performing CTM
  | CTM step 1 conv: 1.000e+00 time: 0.87
  | CTM step 2 conv: 8.110e-09 time: 1.04
  | CTM step 3 conv: 1.453e-09 time: 1.1
Energies: 0.3789832952405312 2.0385509415504072e-13
Norm: 0.05790311661452311
========== 
Finished basis vector 32/62 

Starting simulation of basis vector 33/62
Performing CTM pre-steps without tracking
  | CTM step 1 conv: 1.000e+00 time: 0.57
  | CTM step 2 conv: 1.000e+00 time: 0.64
  | CTM step 3 conv: 1.000e+00 time: 0.66
  | CTM step 4 conv: 1.949e-04 time: 0.69
  | CTM step 5 conv: 4.707e-05 time: 0.69
  | CTM step 6 conv: 7.630e-06 time: 0.66
  | CTM step 7 conv: 1.451e-06 time: 0.72
Performing CTM
  | CTM step 1 conv: 1.000e+00 time: 0.87
  | CTM step 2 conv: 8.110e-09 time: 1.11
  | CTM step 3 conv: 1.453e-09 time: 1.04
Energies: 0.09749892237496323 2.0385509415504072e-13
Norm: 0.011630615649881625
========== 
Finished basis vector 33/62 

Starting simulation of basis vector 34/62
Performing CTM pre-steps without tracking
  | CTM step 1 conv: 1.000e+00 time: 0.57
  | CTM step 2 conv: 1.000e+00 time: 0.65
  | CTM step 3 conv: 1.000e+00 time: 0.67
  | CTM step 4 conv: 1.949e-04 time: 0.67
  | CTM step 5 conv: 4.707e-05 time: 0.67
  | CTM step 6 conv: 7.630e-06 time: 0.67
  | CTM step 7 conv: 1.451e-06 time: 0.67
Performing CTM
  | CTM step 1 conv: 1.000e+00 time: 0.87
  | CTM step 2 conv: 8.110e-09 time: 1.04
  | CTM step 3 conv: 1.453e-09 time: 1.03
Energies: 0.2335685359273637 2.0385509415504072e-13
Norm: 0.03155865636484604
========== 
Finished basis vector 34/62 

Starting simulation of basis vector 35/62
Performing CTM pre-steps without tracking
  | CTM step 1 conv: 1.000e+00 time: 0.57
  | CTM step 2 conv: 1.000e+00 time: 0.63
  | CTM step 3 conv: 1.000e+00 time: 0.65
  | CTM step 4 conv: 1.949e-04 time: 0.67
  | CTM step 5 conv: 4.707e-05 time: 0.67
  | CTM step 6 conv: 7.630e-06 time: 0.67
  | CTM step 7 conv: 1.451e-06 time: 0.66
Performing CTM
  | CTM step 1 conv: 1.000e+00 time: 0.87
  | CTM step 2 conv: 8.110e-09 time: 1.04
  | CTM step 3 conv: 1.453e-09 time: 1.03
Energies: 0.0664118471830886 2.0385509415504072e-13
Norm: 0.006794690229323924
========== 
Finished basis vector 35/62 

Starting simulation of basis vector 36/62
Performing CTM pre-steps without tracking
  | CTM step 1 conv: 1.000e+00 time: 0.57
  | CTM step 2 conv: 1.000e+00 time: 0.64
  | CTM step 3 conv: 1.000e+00 time: 0.66
  | CTM step 4 conv: 1.949e-04 time: 0.67
  | CTM step 5 conv: 4.707e-05 time: 0.67
  | CTM step 6 conv: 7.630e-06 time: 0.67
  | CTM step 7 conv: 1.451e-06 time: 0.67
Performing CTM
  | CTM step 1 conv: 1.000e+00 time: 0.87
  | CTM step 2 conv: 8.110e-09 time: 1.04
  | CTM step 3 conv: 1.453e-09 time: 1.03
Energies: 0.1332955018676608 2.0385509415504072e-13
Norm: 0.016301417215955252
========== 
Finished basis vector 36/62 

Starting simulation of basis vector 37/62
Performing CTM pre-steps without tracking
  | CTM step 1 conv: 1.000e+00 time: 0.57
  | CTM step 2 conv: 1.000e+00 time: 0.65
  | CTM step 3 conv: 1.000e+00 time: 0.67
  | CTM step 4 conv: 1.949e-04 time: 0.68
  | CTM step 5 conv: 4.707e-05 time: 0.67
  | CTM step 6 conv: 7.630e-06 time: 0.74
  | CTM step 7 conv: 1.451e-06 time: 0.68
Performing CTM
  | CTM step 1 conv: 1.000e+00 time: 0.89
  | CTM step 2 conv: 8.110e-09 time: 1.05
  | CTM step 3 conv: 1.453e-09 time: 1.05
Energies: 0.13096804382422184 2.0385509415504072e-13
Norm: 0.014141433347515458
========== 
Finished basis vector 37/62 

Starting simulation of basis vector 38/62
Performing CTM pre-steps without tracking
  | CTM step 1 conv: 1.000e+00 time: 0.58
  | CTM step 2 conv: 1.000e+00 time: 0.64
  | CTM step 3 conv: 1.000e+00 time: 0.67
  | CTM step 4 conv: 1.949e-04 time: 0.68
  | CTM step 5 conv: 4.707e-05 time: 0.68
  | CTM step 6 conv: 7.630e-06 time: 0.67
  | CTM step 7 conv: 1.451e-06 time: 0.67
Performing CTM
  | CTM step 1 conv: 1.000e+00 time: 0.88
  | CTM step 2 conv: 8.110e-09 time: 1.05
  | CTM step 3 conv: 1.453e-09 time: 1.04
Energies: 0.054862675328255534 2.0385509415504072e-13
Norm: 0.005921738922881944
========== 
Finished basis vector 38/62 

Starting simulation of basis vector 39/62
Performing CTM pre-steps without tracking
  | CTM step 1 conv: 1.000e+00 time: 0.57
  | CTM step 2 conv: 1.000e+00 time: 0.64
  | CTM step 3 conv: 1.000e+00 time: 0.66
  | CTM step 4 conv: 1.949e-04 time: 0.68
  | CTM step 5 conv: 4.707e-05 time: 0.68
  | CTM step 6 conv: 7.630e-06 time: 0.7
  | CTM step 7 conv: 1.451e-06 time: 0.7
Performing CTM
  | CTM step 1 conv: 1.000e+00 time: 0.95
  | CTM step 2 conv: 8.110e-09 time: 1.16
  | CTM step 3 conv: 1.453e-09 time: 1.05
Energies: 0.08602407728557411 2.0385509415504072e-13
Norm: 0.011039852963401727
========== 
Finished basis vector 39/62 

Starting simulation of basis vector 40/62
Performing CTM pre-steps without tracking
  | CTM step 1 conv: 1.000e+00 time: 0.58
  | CTM step 2 conv: 1.000e+00 time: 0.65
  | CTM step 3 conv: 1.000e+00 time: 0.67
  | CTM step 4 conv: 1.949e-04 time: 0.68
  | CTM step 5 conv: 4.707e-05 time: 0.67
  | CTM step 6 conv: 7.630e-06 time: 0.67
  | CTM step 7 conv: 1.451e-06 time: 0.67
Performing CTM
  | CTM step 1 conv: 1.000e+00 time: 0.88
  | CTM step 2 conv: 8.110e-09 time: 1.05
  | CTM step 3 conv: 1.453e-09 time: 1.11
Energies: 0.18068347025698567 2.0385509415504072e-13
Norm: 0.023582298671806334
========== 
Finished basis vector 40/62 

Starting simulation of basis vector 41/62
Performing CTM pre-steps without tracking
  | CTM step 1 conv: 1.000e+00 time: 0.57
  | CTM step 2 conv: 1.000e+00 time: 0.64
  | CTM step 3 conv: 1.000e+00 time: 0.66
  | CTM step 4 conv: 1.949e-04 time: 0.67
  | CTM step 5 conv: 4.707e-05 time: 0.67
  | CTM step 6 conv: 7.630e-06 time: 0.67
  | CTM step 7 conv: 1.451e-06 time: 0.67
Performing CTM
  | CTM step 1 conv: 1.000e+00 time: 0.87
  | CTM step 2 conv: 8.110e-09 time: 1.11
  | CTM step 3 conv: 1.453e-09 time: 1.04
Energies: 0.9502810810957683 2.0385509415504072e-13
Norm: 0.14941072684134732
========== 
Finished basis vector 41/62 

Starting simulation of basis vector 42/62
Performing CTM pre-steps without tracking
  | CTM step 1 conv: 1.000e+00 time: 0.58
  | CTM step 2 conv: 1.000e+00 time: 0.64
  | CTM step 3 conv: 1.000e+00 time: 0.66
  | CTM step 4 conv: 1.949e-04 time: 0.67
  | CTM step 5 conv: 4.707e-05 time: 0.67
  | CTM step 6 conv: 7.630e-06 time: 0.67
  | CTM step 7 conv: 1.451e-06 time: 0.68
Performing CTM
  | CTM step 1 conv: 1.000e+00 time: 0.88
  | CTM step 2 conv: 8.110e-09 time: 1.07
  | CTM step 3 conv: 1.453e-09 time: 1.06
Energies: 0.05032823470841868 2.0385509415504072e-13
Norm: 0.005083546229011194
========== 
Finished basis vector 42/62 

Starting simulation of basis vector 43/62
Performing CTM pre-steps without tracking
  | CTM step 1 conv: 1.000e+00 time: 0.58
  | CTM step 2 conv: 1.000e+00 time: 0.65
  | CTM step 3 conv: 1.000e+00 time: 0.67
  | CTM step 4 conv: 1.949e-04 time: 0.68
  | CTM step 5 conv: 4.707e-05 time: 0.68
  | CTM step 6 conv: 7.630e-06 time: 0.67
  | CTM step 7 conv: 1.451e-06 time: 0.67
Performing CTM
  | CTM step 1 conv: 1.000e+00 time: 0.88
  | CTM step 2 conv: 8.110e-09 time: 1.05
  | CTM step 3 conv: 1.453e-09 time: 1.04
Energies: 0.37182900683929343 2.0385509415504072e-13
Norm: 0.055548796311706096
========== 
Finished basis vector 43/62 

Starting simulation of basis vector 44/62
Performing CTM pre-steps without tracking
  | CTM step 1 conv: 1.000e+00 time: 0.58
  | CTM step 2 conv: 1.000e+00 time: 0.64
  | CTM step 3 conv: 1.000e+00 time: 0.66
  | CTM step 4 conv: 1.949e-04 time: 0.67
  | CTM step 5 conv: 4.707e-05 time: 0.67
  | CTM step 6 conv: 7.630e-06 time: 0.67
  | CTM step 7 conv: 1.451e-06 time: 0.67
Performing CTM
  | CTM step 1 conv: 1.000e+00 time: 0.88
  | CTM step 2 conv: 8.110e-09 time: 1.05
  | CTM step 3 conv: 1.453e-09 time: 1.04
Energies: 0.05224776858704802 2.0385509415504072e-13
Norm: 0.006185963657911001
========== 
Finished basis vector 44/62 

Starting simulation of basis vector 45/62
Performing CTM pre-steps without tracking
  | CTM step 1 conv: 1.000e+00 time: 0.58
  | CTM step 2 conv: 1.000e+00 time: 0.64
  | CTM step 3 conv: 1.000e+00 time: 0.66
  | CTM step 4 conv: 1.949e-04 time: 0.68
  | CTM step 5 conv: 4.707e-05 time: 0.72
  | CTM step 6 conv: 7.630e-06 time: 0.68
  | CTM step 7 conv: 1.451e-06 time: 0.76
Performing CTM
  | CTM step 1 conv: 1.000e+00 time: 0.91
  | CTM step 2 conv: 8.110e-09 time: 1.08
  | CTM step 3 conv: 1.453e-09 time: 1.05
Energies: 1.2109337429377014 2.0385509415504072e-13
Norm: 0.1942635840194561
========== 
Finished basis vector 45/62 

Starting simulation of basis vector 46/62
Performing CTM pre-steps without tracking
  | CTM step 1 conv: 1.000e+00 time: 0.58
  | CTM step 2 conv: 1.000e+00 time: 0.65
  | CTM step 3 conv: 1.000e+00 time: 0.67
  | CTM step 4 conv: 1.949e-04 time: 0.68
  | CTM step 5 conv: 4.707e-05 time: 0.68
  | CTM step 6 conv: 7.630e-06 time: 0.68
  | CTM step 7 conv: 1.451e-06 time: 0.73
Performing CTM
  | CTM step 1 conv: 1.000e+00 time: 0.88
  | CTM step 2 conv: 8.110e-09 time: 1.05
  | CTM step 3 conv: 1.453e-09 time: 1.04
Energies: 0.16230511985750207 2.0385509415504072e-13
Norm: 0.021011487660223413
========== 
Finished basis vector 46/62 

Starting simulation of basis vector 47/62
Performing CTM pre-steps without tracking
  | CTM step 1 conv: 1.000e+00 time: 0.58
  | CTM step 2 conv: 1.000e+00 time: 0.65
  | CTM step 3 conv: 1.000e+00 time: 0.67
  | CTM step 4 conv: 1.949e-04 time: 0.69
  | CTM step 5 conv: 4.707e-05 time: 0.68
  | CTM step 6 conv: 7.630e-06 time: 0.68
  | CTM step 7 conv: 1.451e-06 time: 0.7
Performing CTM
  | CTM step 1 conv: 1.000e+00 time: 0.88
  | CTM step 2 conv: 8.110e-09 time: 1.05
  | CTM step 3 conv: 1.453e-09 time: 1.05
Energies: 1.6930899490032303 2.0385509415504072e-13
Norm: 0.21908007147765457
========== 
Finished basis vector 47/62 

Starting simulation of basis vector 48/62
Performing CTM pre-steps without tracking
  | CTM step 1 conv: 1.000e+00 time: 0.58
  | CTM step 2 conv: 1.000e+00 time: 0.66
  | CTM step 3 conv: 1.000e+00 time: 0.67
  | CTM step 4 conv: 1.949e-04 time: 0.68
  | CTM step 5 conv: 4.707e-05 time: 0.68
  | CTM step 6 conv: 7.630e-06 time: 0.68
  | CTM step 7 conv: 1.451e-06 time: 0.68
Performing CTM
  | CTM step 1 conv: 1.000e+00 time: 0.88
  | CTM step 2 conv: 8.110e-09 time: 1.05
  | CTM step 3 conv: 1.453e-09 time: 1.11
Energies: 0.6374194938021348 2.0385509415504072e-13
Norm: 0.07185797330990527
========== 
Finished basis vector 48/62 

Starting simulation of basis vector 49/62
Performing CTM pre-steps without tracking
  | CTM step 1 conv: 1.000e+00 time: 0.58
  | CTM step 2 conv: 1.000e+00 time: 0.65
  | CTM step 3 conv: 1.000e+00 time: 0.67
  | CTM step 4 conv: 1.949e-04 time: 0.68
  | CTM step 5 conv: 4.707e-05 time: 0.68
  | CTM step 6 conv: 7.630e-06 time: 0.68
  | CTM step 7 conv: 1.451e-06 time: 0.68
Performing CTM
  | CTM step 1 conv: 1.000e+00 time: 0.88
  | CTM step 2 conv: 8.110e-09 time: 1.1
  | CTM step 3 conv: 1.453e-09 time: 1.04
Energies: 1.99495845548121 2.0385509415504072e-13
Norm: 0.2614983342518236
========== 
Finished basis vector 49/62 

Starting simulation of basis vector 50/62
Performing CTM pre-steps without tracking
  | CTM step 1 conv: 1.000e+00 time: 0.58
  | CTM step 2 conv: 1.000e+00 time: 0.64
  | CTM step 3 conv: 1.000e+00 time: 0.84
  | CTM step 4 conv: 1.949e-04 time: 0.68
  | CTM step 5 conv: 4.707e-05 time: 0.68
  | CTM step 6 conv: 7.630e-06 time: 0.68
  | CTM step 7 conv: 1.451e-06 time: 0.68
Performing CTM
  | CTM step 1 conv: 1.000e+00 time: 0.88
  | CTM step 2 conv: 8.110e-09 time: 1.05
  | CTM step 3 conv: 1.453e-09 time: 1.04
Energies: 0.7490819699715288 2.0385509415504072e-13
Norm: 0.08517669848308902
========== 
Finished basis vector 50/62 

Starting simulation of basis vector 51/62
Performing CTM pre-steps without tracking
  | CTM step 1 conv: 1.000e+00 time: 0.58
  | CTM step 2 conv: 1.000e+00 time: 0.64
  | CTM step 3 conv: 1.000e+00 time: 0.66
  | CTM step 4 conv: 1.949e-04 time: 0.67
  | CTM step 5 conv: 4.707e-05 time: 0.67
  | CTM step 6 conv: 7.630e-06 time: 0.72
  | CTM step 7 conv: 1.451e-06 time: 0.68
Performing CTM
  | CTM step 1 conv: 1.000e+00 time: 0.88
  | CTM step 2 conv: 8.110e-09 time: 1.05
  | CTM step 3 conv: 1.453e-09 time: 1.05
Energies: 0.9303558777830094 2.0385509415504072e-13
Norm: 0.1101082881362164
========== 
Finished basis vector 51/62 

Starting simulation of basis vector 52/62
Performing CTM pre-steps without tracking
  | CTM step 1 conv: 1.000e+00 time: 0.58
  | CTM step 2 conv: 1.000e+00 time: 0.64
  | CTM step 3 conv: 1.000e+00 time: 0.66
  | CTM step 4 conv: 1.949e-04 time: 0.68
  | CTM step 5 conv: 4.707e-05 time: 0.67
  | CTM step 6 conv: 7.630e-06 time: 0.68
  | CTM step 7 conv: 1.451e-06 time: 0.67
Performing CTM
  | CTM step 1 conv: 1.000e+00 time: 0.88
  | CTM step 2 conv: 8.110e-09 time: 1.05
  | CTM step 3 conv: 1.453e-09 time: 1.04
Energies: 0.34091784857719304 2.0385509415504072e-13
Norm: 0.03620241178890087
========== 
Finished basis vector 52/62 

Starting simulation of basis vector 53/62
Performing CTM pre-steps without tracking
  | CTM step 1 conv: 1.000e+00 time: 0.58
  | CTM step 2 conv: 1.000e+00 time: 0.64
  | CTM step 3 conv: 1.000e+00 time: 0.66
  | CTM step 4 conv: 1.949e-04 time: 0.67
  | CTM step 5 conv: 4.707e-05 time: 0.68
  | CTM step 6 conv: 7.630e-06 time: 0.67
  | CTM step 7 conv: 1.451e-06 time: 0.67
Performing CTM
  | CTM step 1 conv: 1.000e+00 time: 0.88
  | CTM step 2 conv: 8.110e-09 time: 1.05
  | CTM step 3 conv: 1.453e-09 time: 1.04
Energies: 1.0973548455192463 2.0385509415504072e-13
Norm: 0.13211702218233812
========== 
Finished basis vector 53/62 

Starting simulation of basis vector 54/62
Performing CTM pre-steps without tracking
  | CTM step 1 conv: 1.000e+00 time: 0.58
  | CTM step 2 conv: 1.000e+00 time: 0.64
  | CTM step 3 conv: 1.000e+00 time: 0.66
  | CTM step 4 conv: 1.949e-04 time: 0.68
  | CTM step 5 conv: 4.707e-05 time: 0.68
  | CTM step 6 conv: 7.630e-06 time: 0.67
  | CTM step 7 conv: 1.451e-06 time: 0.67
Performing CTM
  | CTM step 1 conv: 1.000e+00 time: 0.89
  | CTM step 2 conv: 8.110e-09 time: 1.05
  | CTM step 3 conv: 1.453e-09 time: 1.05
Energies: 0.39715373280344807 2.0385509415504072e-13
Norm: 0.042817877962406325
========== 
Finished basis vector 54/62 

Starting simulation of basis vector 55/62
Performing CTM pre-steps without tracking
  | CTM step 1 conv: 1.000e+00 time: 0.58
  | CTM step 2 conv: 1.000e+00 time: 0.64
  | CTM step 3 conv: 1.000e+00 time: 0.66
  | CTM step 4 conv: 1.949e-04 time: 0.67
  | CTM step 5 conv: 4.707e-05 time: 0.67
  | CTM step 6 conv: 7.630e-06 time: 0.67
  | CTM step 7 conv: 1.451e-06 time: 0.67
Performing CTM
  | CTM step 1 conv: 1.000e+00 time: 0.88
  | CTM step 2 conv: 8.110e-09 time: 1.05
  | CTM step 3 conv: 1.453e-09 time: 1.04
Energies: 2.9030056760958836 2.0385509415504072e-13
Norm: 0.42490724463753243
========== 
Finished basis vector 55/62 

Starting simulation of basis vector 56/62
Performing CTM pre-steps without tracking
  | CTM step 1 conv: 1.000e+00 time: 0.58
  | CTM step 2 conv: 1.000e+00 time: 0.64
  | CTM step 3 conv: 1.000e+00 time: 0.66
  | CTM step 4 conv: 1.949e-04 time: 0.67
  | CTM step 5 conv: 4.707e-05 time: 0.67
  | CTM step 6 conv: 7.630e-06 time: 0.73
  | CTM step 7 conv: 1.451e-06 time: 0.68
Performing CTM
  | CTM step 1 conv: 1.000e+00 time: 0.88
  | CTM step 2 conv: 8.110e-09 time: 1.05
  | CTM step 3 conv: 1.453e-09 time: 1.11
Energies: 1.1552431350731664 2.0385509415504072e-13
Norm: 0.1438442339572159
========== 
Finished basis vector 56/62 

Starting simulation of basis vector 57/62
Performing CTM pre-steps without tracking
  | CTM step 1 conv: 1.000e+00 time: 0.58
  | CTM step 2 conv: 1.000e+00 time: 0.64
  | CTM step 3 conv: 1.000e+00 time: 0.66
  | CTM step 4 conv: 1.949e-04 time: 0.68
  | CTM step 5 conv: 4.707e-05 time: 0.68
  | CTM step 6 conv: 7.630e-06 time: 0.68
  | CTM step 7 conv: 1.451e-06 time: 0.68
Performing CTM
  | CTM step 1 conv: 1.000e+00 time: 0.88
  | CTM step 2 conv: 8.110e-09 time: 1.1
  | CTM step 3 conv: 1.453e-09 time: 1.04
Energies: 3.5144265681718125 2.0385509415504072e-13
Norm: 0.5084741330958487
========== 
Finished basis vector 57/62 

Starting simulation of basis vector 58/62
Performing CTM pre-steps without tracking
  | CTM step 1 conv: 1.000e+00 time: 0.58
  | CTM step 2 conv: 1.000e+00 time: 0.65
  | CTM step 3 conv: 1.000e+00 time: 0.67
  | CTM step 4 conv: 1.949e-04 time: 0.7
  | CTM step 5 conv: 4.707e-05 time: 0.69
  | CTM step 6 conv: 7.630e-06 time: 0.68
  | CTM step 7 conv: 1.451e-06 time: 0.67
Performing CTM
  | CTM step 1 conv: 1.000e+00 time: 0.88
  | CTM step 2 conv: 8.110e-09 time: 1.06
  | CTM step 3 conv: 1.453e-09 time: 1.05
Energies: 1.3795052707898103 2.0385509415504072e-13
Norm: 0.1702588844204181
========== 
Finished basis vector 58/62 

Starting simulation of basis vector 59/62
Performing CTM pre-steps without tracking
  | CTM step 1 conv: 1.000e+00 time: 0.58
  | CTM step 2 conv: 1.000e+00 time: 0.64
  | CTM step 3 conv: 1.000e+00 time: 0.67
  | CTM step 4 conv: 1.949e-04 time: 0.68
  | CTM step 5 conv: 4.707e-05 time: 0.67
  | CTM step 6 conv: 7.630e-06 time: 0.67
  | CTM step 7 conv: 1.451e-06 time: 0.67
Performing CTM
  | CTM step 1 conv: 1.000e+00 time: 0.88
  | CTM step 2 conv: 8.110e-09 time: 1.05
  | CTM step 3 conv: 1.453e-09 time: 1.04
Energies: 1.5723185875945171 2.0385509415504072e-13
Norm: 0.21136345778114674
========== 
Finished basis vector 59/62 

Starting simulation of basis vector 60/62
Performing CTM pre-steps without tracking
  | CTM step 1 conv: 1.000e+00 time: 0.58
  | CTM step 2 conv: 1.000e+00 time: 0.64
  | CTM step 3 conv: 1.000e+00 time: 0.66
  | CTM step 4 conv: 1.949e-04 time: 0.67
  | CTM step 5 conv: 4.707e-05 time: 0.68
  | CTM step 6 conv: 7.630e-06 time: 0.67
  | CTM step 7 conv: 1.451e-06 time: 0.67
Performing CTM
  | CTM step 1 conv: 1.000e+00 time: 0.88
  | CTM step 2 conv: 8.110e-09 time: 1.05
  | CTM step 3 conv: 1.453e-09 time: 1.04
Energies: 0.6003608038369304 2.0385509415504072e-13
Norm: 0.07132825655283047
========== 
Finished basis vector 60/62 

Starting simulation of basis vector 61/62
Performing CTM pre-steps without tracking
  | CTM step 1 conv: 1.000e+00 time: 0.58
  | CTM step 2 conv: 1.000e+00 time: 0.64
  | CTM step 3 conv: 1.000e+00 time: 0.66
  | CTM step 4 conv: 1.949e-04 time: 0.68
  | CTM step 5 conv: 4.707e-05 time: 0.67
  | CTM step 6 conv: 7.630e-06 time: 0.78
  | CTM step 7 conv: 1.451e-06 time: 0.67
Performing CTM
  | CTM step 1 conv: 1.000e+00 time: 0.88
  | CTM step 2 conv: 8.110e-09 time: 1.05
  | CTM step 3 conv: 1.453e-09 time: 1.04
Energies: 1.8941612129782217 2.0385509415504072e-13
Norm: 0.2544263454914321
========== 
Finished basis vector 61/62 

Starting simulation of basis vector 62/62
Performing CTM pre-steps without tracking
  | CTM step 1 conv: 1.000e+00 time: 0.58
  | CTM step 2 conv: 1.000e+00 time: 0.65
  | CTM step 3 conv: 1.000e+00 time: 0.67
  | CTM step 4 conv: 1.949e-04 time: 0.68
  | CTM step 5 conv: 4.707e-05 time: 0.68
  | CTM step 6 conv: 7.630e-06 time: 0.69
  | CTM step 7 conv: 1.451e-06 time: 0.68
Performing CTM
  | CTM step 1 conv: 1.000e+00 time: 0.88
  | CTM step 2 conv: 8.110e-09 time: 1.05
  | CTM step 3 conv: 1.453e-09 time: 1.04
Energies: 0.7152351722973981 2.0385509415504072e-13
Norm: 0.08503727762908651
========== 
Finished basis vector 62/62 

[[ 0.05051441-0.00117439j  0.01727149-0.00853943j -0.10044047-0.02915573j
  ... -0.11337121-0.07930042j  0.22817684+0.16453749j
  -0.12605109-0.08587041j]
 [ 0.01766791+0.00871086j  0.03320602+0.00045564j -0.03121767-0.03926879j
  ... -0.02214653-0.06513587j  0.08303409+0.14322825j
  -0.03178303-0.0737634j ]
 [-0.10049763+0.03147726j -0.03107573+0.03844056j  0.30055204-0.0010164j
  ...  0.35667114+0.10966584j -0.80604692-0.23184996j
   0.40526294+0.12174704j]
 ...
 [-0.09759563+0.11495988j -0.01042276+0.08802094j  0.33718903-0.15797233j
  ...  1.20816586-0.00281327j -1.32636231-0.00750981j
   1.0883526 -0.00494225j]
 [ 0.21988113-0.16237439j  0.08165338-0.15025517j -0.79073962+0.22766706j
  ... -1.32384153-0.0139621j   3.79353564+0.01325054j
  -1.79402385-0.01213014j]
 [-0.1129829 +0.11297243j -0.02756436+0.09509269j  0.38664165-0.15778736j
  ...  1.08772294+0.00362414j -1.79601154-0.01362041j
   1.43754783+0.00209051j]]
[[ 0.0066878 +6.62245334e-10j  0.00241272-1.30866803e-03j
  -0.01530427-4.97013859e-03j ... -0.01848846-1.29272219e-02j
   0.0377157 +2.67120584e-02j -0.02048994-1.40100366e-02j]
 [ 0.00241272+1.30866755e-03j  0.00431467-3.84252521e-09j
  -0.00470526-6.04033512e-03j ... -0.00416112-1.06171390e-02j
   0.0124285 +2.28865515e-02j -0.00532316-1.18379314e-02j]
 [-0.01530427+4.97013863e-03j -0.00470525+6.04033369e-03j
   0.04616166+3.22119799e-09j ...  0.05883583+1.77568992e-02j
  -0.12876838-3.73277796e-02j  0.06595177+1.95897133e-02j]
 ...
 [-0.01848846+1.29272228e-02j -0.00416112+1.06171447e-02j
   0.05883583-1.77568955e-02j ...  0.14265651-8.58859962e-10j
  -0.20468509+8.16786465e-04j  0.13906077-3.77574020e-04j]
 [ 0.0377157 -2.67120598e-02j  0.0124285 -2.28865611e-02j
  -0.12876838+3.73277718e-02j ... -0.20468509-8.16785528e-04j
   0.50885269+1.98286627e-09j -0.25217689-4.33609427e-04j]
 [-0.02048994+1.40100377e-02j -0.00532316+1.18379383e-02j
   0.06595177-1.95897093e-02j ...  0.13906078+3.77573674e-04j
  -0.25217689+4.33607337e-04j  0.17007456+5.31269412e-10j]]
Done
Saved to /share/home/tanyi/ad-peps/simulations/exci/h3_ising_D2_X30/2_1.0_0.11111.npz
