No GPU/TPU found, falling back to CPU. (Set TF_CPP_MIN_LOG_LEVEL=0 and rerun for more info.)
Namespace(version=False, sim_mode='exci', config_file='ising_D2_exci.yaml', momentum_ix=12, evaluate=False, init=False)
Running excited-state sim
ising_D2_exci.yaml
/share/home/tanyi/ad-peps/examples/ising_D2_exci.yaml
/share/home/tanyi/ad-peps/examples/ising_D2_exci.yaml
D: 2
chi: 30
ctm_conv_tol: 1.0e-06
ctm_max_iter: 20
ctm_min_iter: 4
disp_level: 1
flush_output: true
model: ising
model_params:
  h: 3
momentum_path: Bril1
out_prefix: h3
pattern:
- - 0
  - 1
- - 1
  - 0
resume: true

Starting simulation of basis vector 1/62
Performing CTM pre-steps without tracking
  | CTM step 1 conv: 1.000e+00 time: 2.91
  | CTM step 2 conv: 1.000e+00 time: 7.28
  | CTM step 3 conv: 1.000e+00 time: 9.11
  | CTM step 4 conv: 1.949e-04 time: 8.4
  | CTM step 5 conv: 4.707e-05 time: 4.68
  | CTM step 6 conv: 7.630e-06 time: 0.71
  | CTM step 7 conv: 1.451e-06 time: 0.69
Performing CTM
  | CTM step 1 conv: 1.000e+00 time: 2.05
  | CTM step 2 conv: 8.110e-09 time: 1.3
  | CTM step 3 conv: 1.453e-09 time: 1.05
Energies: 0.12091512095338418 2.0385509415504072e-13
Norm: 0.02032403361027053
========== 
Finished basis vector 1/62 

Starting simulation of basis vector 2/62
Performing CTM pre-steps without tracking
  | CTM step 1 conv: 1.000e+00 time: 0.59
  | CTM step 2 conv: 1.000e+00 time: 0.79
  | CTM step 3 conv: 1.000e+00 time: 0.8
  | CTM step 4 conv: 1.949e-04 time: 0.74
  | CTM step 5 conv: 4.707e-05 time: 0.7
  | CTM step 6 conv: 7.630e-06 time: 0.68
  | CTM step 7 conv: 1.451e-06 time: 0.67
Performing CTM
  | CTM step 1 conv: 1.000e+00 time: 0.88
  | CTM step 2 conv: 8.110e-09 time: 1.22
  | CTM step 3 conv: 1.453e-09 time: 1.04
Energies: 0.04449314763191871 2.0385509415504072e-13
Norm: 0.00701534028850915
========== 
Finished basis vector 2/62 

Starting simulation of basis vector 3/62
Performing CTM pre-steps without tracking
  | CTM step 1 conv: 1.000e+00 time: 0.58
  | CTM step 2 conv: 1.000e+00 time: 0.67
  | CTM step 3 conv: 1.000e+00 time: 0.72
  | CTM step 4 conv: 1.949e-04 time: 0.73
  | CTM step 5 conv: 4.707e-05 time: 0.69
  | CTM step 6 conv: 7.630e-06 time: 0.68
  | CTM step 7 conv: 1.451e-06 time: 0.68
Performing CTM
  | CTM step 1 conv: 1.000e+00 time: 0.88
  | CTM step 2 conv: 8.110e-09 time: 1.06
  | CTM step 3 conv: 1.453e-09 time: 1.05
Energies: 0.21304762337188818 2.0385509415504072e-13
Norm: 0.03642175969791588
========== 
Finished basis vector 3/62 

Starting simulation of basis vector 4/62
Performing CTM pre-steps without tracking
  | CTM step 1 conv: 1.000e+00 time: 0.58
  | CTM step 2 conv: 1.000e+00 time: 0.7
  | CTM step 3 conv: 1.000e+00 time: 0.67
  | CTM step 4 conv: 1.949e-04 time: 0.67
  | CTM step 5 conv: 4.707e-05 time: 0.67
  | CTM step 6 conv: 7.630e-06 time: 0.67
  | CTM step 7 conv: 1.451e-06 time: 0.68
Performing CTM
  | CTM step 1 conv: 1.000e+00 time: 0.89
  | CTM step 2 conv: 8.110e-09 time: 1.05
  | CTM step 3 conv: 1.453e-09 time: 1.04
Energies: 0.04593647007369496 2.0385509415504072e-13
Norm: 0.00781160956483463
========== 
Finished basis vector 4/62 

Starting simulation of basis vector 5/62
Performing CTM pre-steps without tracking
  | CTM step 1 conv: 1.000e+00 time: 0.57
  | CTM step 2 conv: 1.000e+00 time: 0.64
  | CTM step 3 conv: 1.000e+00 time: 0.79
  | CTM step 4 conv: 1.949e-04 time: 0.68
  | CTM step 5 conv: 4.707e-05 time: 0.69
  | CTM step 6 conv: 7.630e-06 time: 0.69
  | CTM step 7 conv: 1.451e-06 time: 0.67
Performing CTM
  | CTM step 1 conv: 1.000e+00 time: 0.92
  | CTM step 2 conv: 8.110e-09 time: 1.06
  | CTM step 3 conv: 1.453e-09 time: 1.04
Energies: 0.024021731566179157 2.0385509415504072e-13
Norm: 0.004084644152677342
========== 
Finished basis vector 5/62 

Starting simulation of basis vector 6/62
Performing CTM pre-steps without tracking
  | CTM step 1 conv: 1.000e+00 time: 0.58
  | CTM step 2 conv: 1.000e+00 time: 0.74
  | CTM step 3 conv: 1.000e+00 time: 0.67
  | CTM step 4 conv: 1.949e-04 time: 0.68
  | CTM step 5 conv: 4.707e-05 time: 0.68
  | CTM step 6 conv: 7.630e-06 time: 0.71
  | CTM step 7 conv: 1.451e-06 time: 0.68
Performing CTM
  | CTM step 1 conv: 1.000e+00 time: 0.88
  | CTM step 2 conv: 8.110e-09 time: 1.06
  | CTM step 3 conv: 1.453e-09 time: 1.05
Energies: 0.1666611041032146 2.0385509415504072e-13
Norm: 0.029800357497948123
========== 
Finished basis vector 6/62 

Starting simulation of basis vector 7/62
Performing CTM pre-steps without tracking
  | CTM step 1 conv: 1.000e+00 time: 0.58
  | CTM step 2 conv: 1.000e+00 time: 0.64
  | CTM step 3 conv: 1.000e+00 time: 0.67
  | CTM step 4 conv: 1.949e-04 time: 0.69
  | CTM step 5 conv: 4.707e-05 time: 0.69
  | CTM step 6 conv: 7.630e-06 time: 0.67
  | CTM step 7 conv: 1.451e-06 time: 0.68
Performing CTM
  | CTM step 1 conv: 1.000e+00 time: 0.88
  | CTM step 2 conv: 8.110e-09 time: 1.05
  | CTM step 3 conv: 1.453e-09 time: 1.06
Energies: 0.0668073359759427 2.0385509415504072e-13
Norm: 0.011448996267029833
========== 
Finished basis vector 7/62 

Starting simulation of basis vector 8/62
Performing CTM pre-steps without tracking
  | CTM step 1 conv: 1.000e+00 time: 0.58
  | CTM step 2 conv: 1.000e+00 time: 0.64
  | CTM step 3 conv: 1.000e+00 time: 0.67
  | CTM step 4 conv: 1.949e-04 time: 0.68
  | CTM step 5 conv: 4.707e-05 time: 0.72
  | CTM step 6 conv: 7.630e-06 time: 0.67
  | CTM step 7 conv: 1.451e-06 time: 0.67
Performing CTM
  | CTM step 1 conv: 1.000e+00 time: 0.88
  | CTM step 2 conv: 8.110e-09 time: 1.05
  | CTM step 3 conv: 1.453e-09 time: 1.12
Energies: 0.17118532495439925 2.0385509415504072e-13
Norm: 0.030978076675198595
========== 
Finished basis vector 8/62 

Starting simulation of basis vector 9/62
Performing CTM pre-steps without tracking
  | CTM step 1 conv: 1.000e+00 time: 0.57
  | CTM step 2 conv: 1.000e+00 time: 0.64
  | CTM step 3 conv: 1.000e+00 time: 0.67
  | CTM step 4 conv: 1.949e-04 time: 0.68
  | CTM step 5 conv: 4.707e-05 time: 0.67
  | CTM step 6 conv: 7.630e-06 time: 0.67
  | CTM step 7 conv: 1.451e-06 time: 0.67
Performing CTM
  | CTM step 1 conv: 1.000e+00 time: 0.87
  | CTM step 2 conv: 8.110e-09 time: 1.1
  | CTM step 3 conv: 1.453e-09 time: 1.04
Energies: 0.0275078369114971 2.0385509415504072e-13
Norm: 0.0041310868396562585
========== 
Finished basis vector 9/62 

Starting simulation of basis vector 10/62
Performing CTM pre-steps without tracking
  | CTM step 1 conv: 1.000e+00 time: 0.58
  | CTM step 2 conv: 1.000e+00 time: 0.64
  | CTM step 3 conv: 1.000e+00 time: 0.66
  | CTM step 4 conv: 1.949e-04 time: 0.68
  | CTM step 5 conv: 4.707e-05 time: 0.68
  | CTM step 6 conv: 7.630e-06 time: 0.67
  | CTM step 7 conv: 1.451e-06 time: 0.67
Performing CTM
  | CTM step 1 conv: 1.000e+00 time: 0.88
  | CTM step 2 conv: 8.110e-09 time: 1.05
  | CTM step 3 conv: 1.453e-09 time: 1.04
Energies: 0.2615863214579708 2.0385509415504072e-13
Norm: 0.04731652661963738
========== 
Finished basis vector 10/62 

Starting simulation of basis vector 11/62
Performing CTM pre-steps without tracking
  | CTM step 1 conv: 1.000e+00 time: 0.57
  | CTM step 2 conv: 1.000e+00 time: 0.64
  | CTM step 3 conv: 1.000e+00 time: 0.66
  | CTM step 4 conv: 1.949e-04 time: 0.68
  | CTM step 5 conv: 4.707e-05 time: 0.69
  | CTM step 6 conv: 7.630e-06 time: 0.67
  | CTM step 7 conv: 1.451e-06 time: 0.67
Performing CTM
  | CTM step 1 conv: 1.000e+00 time: 0.91
  | CTM step 2 conv: 8.110e-09 time: 1.06
  | CTM step 3 conv: 1.453e-09 time: 1.04
Energies: 0.03748060789620639 2.0385509415504072e-13
Norm: 0.004902175248786007
========== 
Finished basis vector 11/62 

Starting simulation of basis vector 12/62
Performing CTM pre-steps without tracking
  | CTM step 1 conv: 1.000e+00 time: 0.58
  | CTM step 2 conv: 1.000e+00 time: 0.64
  | CTM step 3 conv: 1.000e+00 time: 0.66
  | CTM step 4 conv: 1.949e-04 time: 0.67
  | CTM step 5 conv: 4.707e-05 time: 0.67
  | CTM step 6 conv: 7.630e-06 time: 0.67
  | CTM step 7 conv: 1.451e-06 time: 0.68
Performing CTM
  | CTM step 1 conv: 1.000e+00 time: 0.87
  | CTM step 2 conv: 8.110e-09 time: 1.04
  | CTM step 3 conv: 1.453e-09 time: 1.04
Energies: 0.04494801528265682 2.0385509415504072e-13
Norm: 0.007263963848232128
========== 
Finished basis vector 12/62 

Starting simulation of basis vector 13/62
Performing CTM pre-steps without tracking
  | CTM step 1 conv: 1.000e+00 time: 0.57
  | CTM step 2 conv: 1.000e+00 time: 0.64
  | CTM step 3 conv: 1.000e+00 time: 0.66
  | CTM step 4 conv: 1.949e-04 time: 0.68
  | CTM step 5 conv: 4.707e-05 time: 0.7
  | CTM step 6 conv: 7.630e-06 time: 0.67
  | CTM step 7 conv: 1.451e-06 time: 0.67
Performing CTM
  | CTM step 1 conv: 1.000e+00 time: 0.89
  | CTM step 2 conv: 8.110e-09 time: 1.05
  | CTM step 3 conv: 1.453e-09 time: 1.04
Energies: 0.012899574025815553 2.0385509415504072e-13
Norm: 0.0018155896783939478
========== 
Finished basis vector 13/62 

Starting simulation of basis vector 14/62
Performing CTM pre-steps without tracking
  | CTM step 1 conv: 1.000e+00 time: 0.58
  | CTM step 2 conv: 1.000e+00 time: 0.65
  | CTM step 3 conv: 1.000e+00 time: 0.66
  | CTM step 4 conv: 1.949e-04 time: 0.68
  | CTM step 5 conv: 4.707e-05 time: 0.67
  | CTM step 6 conv: 7.630e-06 time: 0.67
  | CTM step 7 conv: 1.451e-06 time: 0.67
Performing CTM
  | CTM step 1 conv: 1.000e+00 time: 0.88
  | CTM step 2 conv: 8.110e-09 time: 1.05
  | CTM step 3 conv: 1.453e-09 time: 1.04
Energies: 0.15890980183737077 2.0385509415504072e-13
Norm: 0.02686198362442602
========== 
Finished basis vector 14/62 

Starting simulation of basis vector 15/62
Performing CTM pre-steps without tracking
  | CTM step 1 conv: 1.000e+00 time: 0.57
  | CTM step 2 conv: 1.000e+00 time: 0.64
  | CTM step 3 conv: 1.000e+00 time: 0.66
  | CTM step 4 conv: 1.949e-04 time: 0.68
  | CTM step 5 conv: 4.707e-05 time: 0.68
  | CTM step 6 conv: 7.630e-06 time: 0.67
  | CTM step 7 conv: 1.451e-06 time: 0.67
Performing CTM
  | CTM step 1 conv: 1.000e+00 time: 0.89
  | CTM step 2 conv: 8.110e-09 time: 1.05
  | CTM step 3 conv: 1.453e-09 time: 1.04
Energies: 0.03795841942777234 2.0385509415504072e-13
Norm: 0.0061388327820924
========== 
Finished basis vector 15/62 

Starting simulation of basis vector 16/62
Performing CTM pre-steps without tracking
  | CTM step 1 conv: 1.000e+00 time: 0.58
  | CTM step 2 conv: 1.000e+00 time: 0.64
  | CTM step 3 conv: 1.000e+00 time: 0.66
  | CTM step 4 conv: 1.949e-04 time: 0.67
  | CTM step 5 conv: 4.707e-05 time: 0.67
  | CTM step 6 conv: 7.630e-06 time: 0.67
  | CTM step 7 conv: 1.451e-06 time: 0.84
Performing CTM
  | CTM step 1 conv: 1.000e+00 time: 0.87
  | CTM step 2 conv: 8.110e-09 time: 1.04
  | CTM step 3 conv: 1.453e-09 time: 1.1
Energies: 1.7161003522976785 2.0385509415504072e-13
Norm: 0.2625741231655495
========== 
Finished basis vector 16/62 

Starting simulation of basis vector 17/62
Performing CTM pre-steps without tracking
  | CTM step 1 conv: 1.000e+00 time: 0.57
  | CTM step 2 conv: 1.000e+00 time: 0.64
  | CTM step 3 conv: 1.000e+00 time: 0.66
  | CTM step 4 conv: 1.949e-04 time: 0.7
  | CTM step 5 conv: 4.707e-05 time: 0.67
  | CTM step 6 conv: 7.630e-06 time: 0.67
  | CTM step 7 conv: 1.451e-06 time: 0.67
Performing CTM
  | CTM step 1 conv: 1.000e+00 time: 0.88
  | CTM step 2 conv: 8.110e-09 time: 1.1
  | CTM step 3 conv: 1.453e-09 time: 1.04
Energies: 0.5015088173134432 2.0385509415504072e-13
Norm: 0.07021193399512901
========== 
Finished basis vector 17/62 

Starting simulation of basis vector 18/62
Performing CTM pre-steps without tracking
  | CTM step 1 conv: 1.000e+00 time: 0.57
  | CTM step 2 conv: 1.000e+00 time: 0.64
  | CTM step 3 conv: 1.000e+00 time: 0.66
  | CTM step 4 conv: 1.949e-04 time: 0.67
  | CTM step 5 conv: 4.707e-05 time: 0.67
  | CTM step 6 conv: 7.630e-06 time: 0.67
  | CTM step 7 conv: 1.451e-06 time: 0.67
Performing CTM
  | CTM step 1 conv: 1.000e+00 time: 0.87
  | CTM step 2 conv: 8.110e-09 time: 1.04
  | CTM step 3 conv: 1.453e-09 time: 1.04
Energies: 3.187721512070202 2.0385509415504072e-13
Norm: 0.4975411059238633
========== 
Finished basis vector 18/62 

Starting simulation of basis vector 19/62
Performing CTM pre-steps without tracking
  | CTM step 1 conv: 1.000e+00 time: 0.58
  | CTM step 2 conv: 1.000e+00 time: 0.64
  | CTM step 3 conv: 1.000e+00 time: 0.66
  | CTM step 4 conv: 1.949e-04 time: 0.67
  | CTM step 5 conv: 4.707e-05 time: 0.7
  | CTM step 6 conv: 7.630e-06 time: 0.68
  | CTM step 7 conv: 1.451e-06 time: 0.68
Performing CTM
  | CTM step 1 conv: 1.000e+00 time: 0.88
  | CTM step 2 conv: 8.110e-09 time: 1.06
  | CTM step 3 conv: 1.453e-09 time: 1.05
Energies: 0.9158413300367487 2.0385509415504072e-13
Norm: 0.13077800079337967
========== 
Finished basis vector 19/62 

Starting simulation of basis vector 20/62
Performing CTM pre-steps without tracking
  | CTM step 1 conv: 1.000e+00 time: 0.58
  | CTM step 2 conv: 1.000e+00 time: 0.64
  | CTM step 3 conv: 1.000e+00 time: 0.66
  | CTM step 4 conv: 1.949e-04 time: 0.78
  | CTM step 5 conv: 4.707e-05 time: 0.67
  | CTM step 6 conv: 7.630e-06 time: 0.67
  | CTM step 7 conv: 1.451e-06 time: 0.67
Performing CTM
  | CTM step 1 conv: 1.000e+00 time: 0.87
  | CTM step 2 conv: 8.110e-09 time: 1.04
  | CTM step 3 conv: 1.453e-09 time: 1.04
Energies: 0.27116065175533804 2.0385509415504072e-13
Norm: 0.03475028594237399
========== 
Finished basis vector 20/62 

Starting simulation of basis vector 21/62
Performing CTM pre-steps without tracking
  | CTM step 1 conv: 1.000e+00 time: 0.57
  | CTM step 2 conv: 1.000e+00 time: 0.64
  | CTM step 3 conv: 1.000e+00 time: 0.66
  | CTM step 4 conv: 1.949e-04 time: 0.68
  | CTM step 5 conv: 4.707e-05 time: 0.67
  | CTM step 6 conv: 7.630e-06 time: 0.67
  | CTM step 7 conv: 1.451e-06 time: 0.67
Performing CTM
  | CTM step 1 conv: 1.000e+00 time: 0.87
  | CTM step 2 conv: 8.110e-09 time: 1.06
  | CTM step 3 conv: 1.453e-09 time: 1.04
Energies: 0.07774819579126674 2.0385509415504072e-13
Norm: 0.009200916993525434
========== 
Finished basis vector 21/62 

Starting simulation of basis vector 22/62
Performing CTM pre-steps without tracking
  | CTM step 1 conv: 1.000e+00 time: 0.58
  | CTM step 2 conv: 1.000e+00 time: 0.64
  | CTM step 3 conv: 1.000e+00 time: 0.66
  | CTM step 4 conv: 1.949e-04 time: 0.67
  | CTM step 5 conv: 4.707e-05 time: 0.67
  | CTM step 6 conv: 7.630e-06 time: 0.67
  | CTM step 7 conv: 1.451e-06 time: 0.67
Performing CTM
  | CTM step 1 conv: 1.000e+00 time: 0.87
  | CTM step 2 conv: 8.110e-09 time: 1.04
  | CTM step 3 conv: 1.453e-09 time: 1.04
Energies: 0.5072977097493229 2.0385509415504072e-13
Norm: 0.06600783095677065
========== 
Finished basis vector 22/62 

Starting simulation of basis vector 23/62
Performing CTM pre-steps without tracking
  | CTM step 1 conv: 1.000e+00 time: 0.58
  | CTM step 2 conv: 1.000e+00 time: 0.64
  | CTM step 3 conv: 1.000e+00 time: 0.66
  | CTM step 4 conv: 1.949e-04 time: 0.67
  | CTM step 5 conv: 4.707e-05 time: 0.67
  | CTM step 6 conv: 7.630e-06 time: 0.67
  | CTM step 7 conv: 1.451e-06 time: 0.67
Performing CTM
  | CTM step 1 conv: 1.000e+00 time: 0.87
  | CTM step 2 conv: 8.110e-09 time: 1.04
  | CTM step 3 conv: 1.453e-09 time: 1.03
Energies: 0.14294778537826136 2.0385509415504072e-13
Norm: 0.017179359798386213
========== 
Finished basis vector 23/62 

Starting simulation of basis vector 24/62
Performing CTM pre-steps without tracking
  | CTM step 1 conv: 1.000e+00 time: 0.57
  | CTM step 2 conv: 1.000e+00 time: 0.64
  | CTM step 3 conv: 1.000e+00 time: 0.66
  | CTM step 4 conv: 1.949e-04 time: 0.67
  | CTM step 5 conv: 4.707e-05 time: 0.67
  | CTM step 6 conv: 7.630e-06 time: 0.67
  | CTM step 7 conv: 1.451e-06 time: 0.67
Performing CTM
  | CTM step 1 conv: 1.000e+00 time: 0.87
  | CTM step 2 conv: 8.110e-09 time: 1.04
  | CTM step 3 conv: 1.453e-09 time: 1.09
Energies: 1.4805757681788712 2.0385509415504072e-13
Norm: 0.22715610088035712
========== 
Finished basis vector 24/62 

Starting simulation of basis vector 25/62
Performing CTM pre-steps without tracking
  | CTM step 1 conv: 1.000e+00 time: 0.57
  | CTM step 2 conv: 1.000e+00 time: 0.64
  | CTM step 3 conv: 1.000e+00 time: 0.67
  | CTM step 4 conv: 1.949e-04 time: 0.68
  | CTM step 5 conv: 4.707e-05 time: 0.67
  | CTM step 6 conv: 7.630e-06 time: 0.67
  | CTM step 7 conv: 1.451e-06 time: 0.68
Performing CTM
  | CTM step 1 conv: 1.000e+00 time: 0.87
  | CTM step 2 conv: 8.110e-09 time: 1.11
  | CTM step 3 conv: 1.453e-09 time: 1.04
Energies: 0.43484070753662607 2.0385509415504072e-13
Norm: 0.06017500631368101
========== 
Finished basis vector 25/62 

Starting simulation of basis vector 26/62
Performing CTM pre-steps without tracking
  | CTM step 1 conv: 1.000e+00 time: 0.57
  | CTM step 2 conv: 1.000e+00 time: 0.64
  | CTM step 3 conv: 1.000e+00 time: 0.66
  | CTM step 4 conv: 1.949e-04 time: 0.67
  | CTM step 5 conv: 4.707e-05 time: 0.67
  | CTM step 6 conv: 7.630e-06 time: 0.67
  | CTM step 7 conv: 1.451e-06 time: 0.67
Performing CTM
  | CTM step 1 conv: 1.000e+00 time: 0.87
  | CTM step 2 conv: 8.110e-09 time: 1.04
  | CTM step 3 conv: 1.453e-09 time: 1.04
Energies: 2.75145412508309 2.0385509415504072e-13
Norm: 0.4315633903867565
========== 
Finished basis vector 26/62 

Starting simulation of basis vector 27/62
Performing CTM pre-steps without tracking
  | CTM step 1 conv: 1.000e+00 time: 0.57
  | CTM step 2 conv: 1.000e+00 time: 0.63
  | CTM step 3 conv: 1.000e+00 time: 0.65
  | CTM step 4 conv: 1.949e-04 time: 0.67
  | CTM step 5 conv: 4.707e-05 time: 0.67
  | CTM step 6 conv: 7.630e-06 time: 0.66
  | CTM step 7 conv: 1.451e-06 time: 0.66
Performing CTM
  | CTM step 1 conv: 1.000e+00 time: 0.87
  | CTM step 2 conv: 8.110e-09 time: 1.06
  | CTM step 3 conv: 1.453e-09 time: 1.04
Energies: 0.7945877290537093 2.0385509415504072e-13
Norm: 0.1123509027354434
========== 
Finished basis vector 27/62 

Starting simulation of basis vector 28/62
Performing CTM pre-steps without tracking
  | CTM step 1 conv: 1.000e+00 time: 0.57
  | CTM step 2 conv: 1.000e+00 time: 0.64
  | CTM step 3 conv: 1.000e+00 time: 0.66
  | CTM step 4 conv: 1.949e-04 time: 0.67
  | CTM step 5 conv: 4.707e-05 time: 0.67
  | CTM step 6 conv: 7.630e-06 time: 0.66
  | CTM step 7 conv: 1.451e-06 time: 0.66
Performing CTM
  | CTM step 1 conv: 1.000e+00 time: 0.87
  | CTM step 2 conv: 8.110e-09 time: 1.04
  | CTM step 3 conv: 1.453e-09 time: 1.03
Energies: 0.23542622680382572 2.0385509415504072e-13
Norm: 0.030434480382486404
========== 
Finished basis vector 28/62 

Starting simulation of basis vector 29/62
Performing CTM pre-steps without tracking
  | CTM step 1 conv: 1.000e+00 time: 0.57
  | CTM step 2 conv: 1.000e+00 time: 0.63
  | CTM step 3 conv: 1.000e+00 time: 0.65
  | CTM step 4 conv: 1.949e-04 time: 0.66
  | CTM step 5 conv: 4.707e-05 time: 0.67
  | CTM step 6 conv: 7.630e-06 time: 0.66
  | CTM step 7 conv: 1.451e-06 time: 0.67
Performing CTM
  | CTM step 1 conv: 1.000e+00 time: 0.92
  | CTM step 2 conv: 8.110e-09 time: 1.04
  | CTM step 3 conv: 1.453e-09 time: 1.04
Energies: 0.06787678031103792 2.0385509415504072e-13
Norm: 0.008001161275682449
========== 
Finished basis vector 29/62 

Starting simulation of basis vector 30/62
Performing CTM pre-steps without tracking
  | CTM step 1 conv: 1.000e+00 time: 0.57
  | CTM step 2 conv: 1.000e+00 time: 0.64
  | CTM step 3 conv: 1.000e+00 time: 0.66
  | CTM step 4 conv: 1.949e-04 time: 0.67
  | CTM step 5 conv: 4.707e-05 time: 0.67
  | CTM step 6 conv: 7.630e-06 time: 0.72
  | CTM step 7 conv: 1.451e-06 time: 0.67
Performing CTM
  | CTM step 1 conv: 1.000e+00 time: 0.87
  | CTM step 2 conv: 8.110e-09 time: 1.04
  | CTM step 3 conv: 1.453e-09 time: 1.03
Energies: 0.44071505560949104 2.0385509415504072e-13
Norm: 0.05795591663276351
========== 
Finished basis vector 30/62 

Starting simulation of basis vector 31/62
Performing CTM pre-steps without tracking
  | CTM step 1 conv: 1.000e+00 time: 0.57
  | CTM step 2 conv: 1.000e+00 time: 0.64
  | CTM step 3 conv: 1.000e+00 time: 0.66
  | CTM step 4 conv: 1.949e-04 time: 0.67
  | CTM step 5 conv: 4.707e-05 time: 0.67
  | CTM step 6 conv: 7.630e-06 time: 0.67
  | CTM step 7 conv: 1.451e-06 time: 0.69
Performing CTM
  | CTM step 1 conv: 1.000e+00 time: 0.87
  | CTM step 2 conv: 8.110e-09 time: 1.04
  | CTM step 3 conv: 1.453e-09 time: 1.03
Energies: 0.12475530007936653 2.0385509415504072e-13
Norm: 0.014955087082345091
========== 
Finished basis vector 31/62 

Starting simulation of basis vector 32/62
Performing CTM pre-steps without tracking
  | CTM step 1 conv: 1.000e+00 time: 0.57
  | CTM step 2 conv: 1.000e+00 time: 0.63
  | CTM step 3 conv: 1.000e+00 time: 0.69
  | CTM step 4 conv: 1.949e-04 time: 0.66
  | CTM step 5 conv: 4.707e-05 time: 0.66
  | CTM step 6 conv: 7.630e-06 time: 0.66
  | CTM step 7 conv: 1.451e-06 time: 0.66
Performing CTM
  | CTM step 1 conv: 1.000e+00 time: 0.87
  | CTM step 2 conv: 8.110e-09 time: 1.03
  | CTM step 3 conv: 1.453e-09 time: 1.09
Energies: 0.06511546782692386 2.0385509415504072e-13
Norm: 0.006148874410882421
========== 
Finished basis vector 32/62 

Starting simulation of basis vector 33/62
Performing CTM pre-steps without tracking
  | CTM step 1 conv: 1.000e+00 time: 0.57
  | CTM step 2 conv: 1.000e+00 time: 0.63
  | CTM step 3 conv: 1.000e+00 time: 0.65
  | CTM step 4 conv: 1.949e-04 time: 0.68
  | CTM step 5 conv: 4.707e-05 time: 0.67
  | CTM step 6 conv: 7.630e-06 time: 0.66
  | CTM step 7 conv: 1.451e-06 time: 0.7
Performing CTM
  | CTM step 1 conv: 1.000e+00 time: 0.87
  | CTM step 2 conv: 8.110e-09 time: 1.1
  | CTM step 3 conv: 1.453e-09 time: 1.03
Energies: 0.5459069066646998 2.0385509415504072e-13
Norm: 0.09317364197859011
========== 
Finished basis vector 33/62 

Starting simulation of basis vector 34/62
Performing CTM pre-steps without tracking
  | CTM step 1 conv: 1.000e+00 time: 0.57
  | CTM step 2 conv: 1.000e+00 time: 0.64
  | CTM step 3 conv: 1.000e+00 time: 0.66
  | CTM step 4 conv: 1.949e-04 time: 0.7
  | CTM step 5 conv: 4.707e-05 time: 0.67
  | CTM step 6 conv: 7.630e-06 time: 0.67
  | CTM step 7 conv: 1.451e-06 time: 0.66
Performing CTM
  | CTM step 1 conv: 1.000e+00 time: 0.87
  | CTM step 2 conv: 8.110e-09 time: 1.03
  | CTM step 3 conv: 1.453e-09 time: 1.03
Energies: 0.10612306487274806 2.0385509415504072e-13
Norm: 0.013076846046111434
========== 
Finished basis vector 34/62 

Starting simulation of basis vector 35/62
Performing CTM pre-steps without tracking
  | CTM step 1 conv: 1.000e+00 time: 0.57
  | CTM step 2 conv: 1.000e+00 time: 0.63
  | CTM step 3 conv: 1.000e+00 time: 0.65
  | CTM step 4 conv: 1.949e-04 time: 0.66
  | CTM step 5 conv: 4.707e-05 time: 0.66
  | CTM step 6 conv: 7.630e-06 time: 0.66
  | CTM step 7 conv: 1.451e-06 time: 0.66
Performing CTM
  | CTM step 1 conv: 1.000e+00 time: 0.87
  | CTM step 2 conv: 8.110e-09 time: 1.04
  | CTM step 3 conv: 1.453e-09 time: 1.03
Energies: 0.2904941803996992 2.0385509415504072e-13
Norm: 0.04551227896233083
========== 
Finished basis vector 35/62 

Starting simulation of basis vector 36/62
Performing CTM pre-steps without tracking
  | CTM step 1 conv: 1.000e+00 time: 0.57
  | CTM step 2 conv: 1.000e+00 time: 0.64
  | CTM step 3 conv: 1.000e+00 time: 0.66
  | CTM step 4 conv: 1.949e-04 time: 0.67
  | CTM step 5 conv: 4.707e-05 time: 0.67
  | CTM step 6 conv: 7.630e-06 time: 0.67
  | CTM step 7 conv: 1.451e-06 time: 0.67
Performing CTM
  | CTM step 1 conv: 1.000e+00 time: 0.87
  | CTM step 2 conv: 8.110e-09 time: 1.04
  | CTM step 3 conv: 1.453e-09 time: 1.03
Energies: 0.0727344845264126 2.0385509415504072e-13
Norm: 0.010037433904932946
========== 
Finished basis vector 36/62 

Starting simulation of basis vector 37/62
Performing CTM pre-steps without tracking
  | CTM step 1 conv: 1.000e+00 time: 0.58
  | CTM step 2 conv: 1.000e+00 time: 0.64
  | CTM step 3 conv: 1.000e+00 time: 0.66
  | CTM step 4 conv: 1.949e-04 time: 0.67
  | CTM step 5 conv: 4.707e-05 time: 0.68
  | CTM step 6 conv: 7.630e-06 time: 0.67
  | CTM step 7 conv: 1.451e-06 time: 0.67
Performing CTM
  | CTM step 1 conv: 1.000e+00 time: 0.87
  | CTM step 2 conv: 8.110e-09 time: 1.04
  | CTM step 3 conv: 1.453e-09 time: 1.03
Energies: 0.20387202961720205 2.0385509415504072e-13
Norm: 0.02964714131036318
========== 
Finished basis vector 37/62 

Starting simulation of basis vector 38/62
Performing CTM pre-steps without tracking
  | CTM step 1 conv: 1.000e+00 time: 0.57
  | CTM step 2 conv: 1.000e+00 time: 0.63
  | CTM step 3 conv: 1.000e+00 time: 0.65
  | CTM step 4 conv: 1.949e-04 time: 0.66
  | CTM step 5 conv: 4.707e-05 time: 0.66
  | CTM step 6 conv: 7.630e-06 time: 0.66
  | CTM step 7 conv: 1.451e-06 time: 0.66
Performing CTM
  | CTM step 1 conv: 1.000e+00 time: 0.87
  | CTM step 2 conv: 8.110e-09 time: 1.03
  | CTM step 3 conv: 1.453e-09 time: 1.03
Energies: 0.06528740685006998 2.0385509415504072e-13
Norm: 0.005503472897920741
========== 
Finished basis vector 38/62 

Starting simulation of basis vector 39/62
Performing CTM pre-steps without tracking
  | CTM step 1 conv: 1.000e+00 time: 0.57
  | CTM step 2 conv: 1.000e+00 time: 0.65
  | CTM step 3 conv: 1.000e+00 time: 0.65
  | CTM step 4 conv: 1.949e-04 time: 0.77
  | CTM step 5 conv: 4.707e-05 time: 0.66
  | CTM step 6 conv: 7.630e-06 time: 0.66
  | CTM step 7 conv: 1.451e-06 time: 0.66
Performing CTM
  | CTM step 1 conv: 1.000e+00 time: 0.86
  | CTM step 2 conv: 8.110e-09 time: 1.03
  | CTM step 3 conv: 1.453e-09 time: 1.03
Energies: 0.20169413290442098 2.0385509415504072e-13
Norm: 0.030851828637081392
========== 
Finished basis vector 39/62 

Starting simulation of basis vector 40/62
Performing CTM pre-steps without tracking
  | CTM step 1 conv: 1.000e+00 time: 0.57
  | CTM step 2 conv: 1.000e+00 time: 0.63
  | CTM step 3 conv: 1.000e+00 time: 0.65
  | CTM step 4 conv: 1.949e-04 time: 0.66
  | CTM step 5 conv: 4.707e-05 time: 0.66
  | CTM step 6 conv: 7.630e-06 time: 0.66
  | CTM step 7 conv: 1.451e-06 time: 0.66
Performing CTM
  | CTM step 1 conv: 1.000e+00 time: 0.86
  | CTM step 2 conv: 8.110e-09 time: 1.08
  | CTM step 3 conv: 1.453e-09 time: 1.14
Energies: 0.458143740970641 2.0385509415504072e-13
Norm: 0.07741092226933595
========== 
Finished basis vector 40/62 

Starting simulation of basis vector 41/62
Performing CTM pre-steps without tracking
  | CTM step 1 conv: 1.000e+00 time: 0.57
  | CTM step 2 conv: 1.000e+00 time: 0.63
  | CTM step 3 conv: 1.000e+00 time: 0.65
  | CTM step 4 conv: 1.949e-04 time: 0.66
  | CTM step 5 conv: 4.707e-05 time: 0.66
  | CTM step 6 conv: 7.630e-06 time: 0.66
  | CTM step 7 conv: 1.451e-06 time: 0.66
Performing CTM
  | CTM step 1 conv: 1.000e+00 time: 0.86
  | CTM step 2 conv: 8.110e-09 time: 1.09
  | CTM step 3 conv: 1.453e-09 time: 1.03
Energies: 0.5332416223665951 2.0385509415504072e-13
Norm: 0.0927607731125684
========== 
Finished basis vector 41/62 

Starting simulation of basis vector 42/62
Performing CTM pre-steps without tracking
  | CTM step 1 conv: 1.000e+00 time: 0.57
  | CTM step 2 conv: 1.000e+00 time: 0.63
  | CTM step 3 conv: 1.000e+00 time: 0.65
  | CTM step 4 conv: 1.949e-04 time: 0.66
  | CTM step 5 conv: 4.707e-05 time: 0.66
  | CTM step 6 conv: 7.630e-06 time: 0.66
  | CTM step 7 conv: 1.451e-06 time: 0.66
Performing CTM
  | CTM step 1 conv: 1.000e+00 time: 0.86
  | CTM step 2 conv: 8.110e-09 time: 1.05
  | CTM step 3 conv: 1.453e-09 time: 1.03
Energies: 0.6187526309555895 2.0385509415504072e-13
Norm: 0.10039742622084973
========== 
Finished basis vector 42/62 

Starting simulation of basis vector 43/62
Performing CTM pre-steps without tracking
  | CTM step 1 conv: 1.000e+00 time: 0.57
  | CTM step 2 conv: 1.000e+00 time: 0.64
  | CTM step 3 conv: 1.000e+00 time: 0.66
  | CTM step 4 conv: 1.949e-04 time: 0.67
  | CTM step 5 conv: 4.707e-05 time: 0.66
  | CTM step 6 conv: 7.630e-06 time: 0.69
  | CTM step 7 conv: 1.451e-06 time: 0.66
Performing CTM
  | CTM step 1 conv: 1.000e+00 time: 0.87
  | CTM step 2 conv: 8.110e-09 time: 1.03
  | CTM step 3 conv: 1.453e-09 time: 1.03
Energies: 0.41269160992770443 2.0385509415504072e-13
Norm: 0.0716517949367783
========== 
Finished basis vector 43/62 

Starting simulation of basis vector 44/62
Performing CTM pre-steps without tracking
  | CTM step 1 conv: 1.000e+00 time: 0.57
  | CTM step 2 conv: 1.000e+00 time: 0.63
  | CTM step 3 conv: 1.000e+00 time: 0.65
  | CTM step 4 conv: 1.949e-04 time: 0.66
  | CTM step 5 conv: 4.707e-05 time: 0.66
  | CTM step 6 conv: 7.630e-06 time: 0.66
  | CTM step 7 conv: 1.451e-06 time: 0.66
Performing CTM
  | CTM step 1 conv: 1.000e+00 time: 0.86
  | CTM step 2 conv: 8.110e-09 time: 1.03
  | CTM step 3 conv: 1.453e-09 time: 1.03
Energies: 0.3285645013217825 2.0385509415504072e-13
Norm: 0.05460156049610402
========== 
Finished basis vector 44/62 

Starting simulation of basis vector 45/62
Performing CTM pre-steps without tracking
  | CTM step 1 conv: 1.000e+00 time: 0.57
  | CTM step 2 conv: 1.000e+00 time: 0.63
  | CTM step 3 conv: 1.000e+00 time: 0.65
  | CTM step 4 conv: 1.949e-04 time: 0.66
  | CTM step 5 conv: 4.707e-05 time: 0.66
  | CTM step 6 conv: 7.630e-06 time: 0.66
  | CTM step 7 conv: 1.451e-06 time: 0.66
Performing CTM
  | CTM step 1 conv: 1.000e+00 time: 0.87
  | CTM step 2 conv: 8.110e-09 time: 1.04
  | CTM step 3 conv: 1.453e-09 time: 1.03
Energies: 0.11704991170609799 2.0385509415504072e-13
Norm: 0.014920089409631743
========== 
Finished basis vector 45/62 

Starting simulation of basis vector 46/62
Performing CTM pre-steps without tracking
  | CTM step 1 conv: 1.000e+00 time: 0.57
  | CTM step 2 conv: 1.000e+00 time: 0.63
  | CTM step 3 conv: 1.000e+00 time: 0.65
  | CTM step 4 conv: 1.949e-04 time: 0.66
  | CTM step 5 conv: 4.707e-05 time: 0.66
  | CTM step 6 conv: 7.630e-06 time: 0.66
  | CTM step 7 conv: 1.451e-06 time: 0.67
Performing CTM
  | CTM step 1 conv: 1.000e+00 time: 0.86
  | CTM step 2 conv: 8.110e-09 time: 1.04
  | CTM step 3 conv: 1.453e-09 time: 1.04
Energies: 0.24679435004755818 2.0385509415504072e-13
Norm: 0.03914236153355695
========== 
Finished basis vector 46/62 

Starting simulation of basis vector 47/62
Performing CTM pre-steps without tracking
  | CTM step 1 conv: 1.000e+00 time: 0.57
  | CTM step 2 conv: 1.000e+00 time: 0.63
  | CTM step 3 conv: 1.000e+00 time: 0.66
  | CTM step 4 conv: 1.949e-04 time: 0.67
  | CTM step 5 conv: 4.707e-05 time: 0.67
  | CTM step 6 conv: 7.630e-06 time: 0.67
  | CTM step 7 conv: 1.451e-06 time: 0.67
Performing CTM
  | CTM step 1 conv: 1.000e+00 time: 0.88
  | CTM step 2 conv: 8.110e-09 time: 1.03
  | CTM step 3 conv: 1.453e-09 time: 1.02
Energies: 1.6691198300663723 2.0385509415504072e-13
Norm: 0.2202008412829621
========== 
Finished basis vector 47/62 

Starting simulation of basis vector 48/62
Performing CTM pre-steps without tracking
  | CTM step 1 conv: 1.000e+00 time: 0.57
  | CTM step 2 conv: 1.000e+00 time: 0.63
  | CTM step 3 conv: 1.000e+00 time: 0.65
  | CTM step 4 conv: 1.949e-04 time: 0.66
  | CTM step 5 conv: 4.707e-05 time: 0.66
  | CTM step 6 conv: 7.630e-06 time: 0.66
  | CTM step 7 conv: 1.451e-06 time: 0.65
Performing CTM
  | CTM step 1 conv: 1.000e+00 time: 0.86
  | CTM step 2 conv: 8.110e-09 time: 1.02
  | CTM step 3 conv: 1.453e-09 time: 1.08
Energies: 0.6291895951487653 2.0385509415504072e-13
Norm: 0.07184953946067253
========== 
Finished basis vector 48/62 

Starting simulation of basis vector 49/62
Performing CTM pre-steps without tracking
  | CTM step 1 conv: 1.000e+00 time: 0.57
  | CTM step 2 conv: 1.000e+00 time: 0.63
  | CTM step 3 conv: 1.000e+00 time: 0.65
  | CTM step 4 conv: 1.949e-04 time: 0.66
  | CTM step 5 conv: 4.707e-05 time: 0.66
  | CTM step 6 conv: 7.630e-06 time: 0.67
  | CTM step 7 conv: 1.451e-06 time: 0.66
Performing CTM
  | CTM step 1 conv: 1.000e+00 time: 0.86
  | CTM step 2 conv: 8.110e-09 time: 1.09
  | CTM step 3 conv: 1.453e-09 time: 1.02
Energies: 2.0186537959842 2.0385509415504072e-13
Norm: 0.26484054641426014
========== 
Finished basis vector 49/62 

Starting simulation of basis vector 50/62
Performing CTM pre-steps without tracking
  | CTM step 1 conv: 1.000e+00 time: 0.57
  | CTM step 2 conv: 1.000e+00 time: 0.63
  | CTM step 3 conv: 1.000e+00 time: 0.65
  | CTM step 4 conv: 1.949e-04 time: 0.66
  | CTM step 5 conv: 4.707e-05 time: 0.66
  | CTM step 6 conv: 7.630e-06 time: 0.66
  | CTM step 7 conv: 1.451e-06 time: 0.66
Performing CTM
  | CTM step 1 conv: 1.000e+00 time: 0.85
  | CTM step 2 conv: 8.110e-09 time: 1.02
  | CTM step 3 conv: 1.453e-09 time: 1.02
Energies: 0.7516876369707373 2.0385509415504072e-13
Norm: 0.08669739151019763
========== 
Finished basis vector 50/62 

Starting simulation of basis vector 51/62
Performing CTM pre-steps without tracking
  | CTM step 1 conv: 1.000e+00 time: 0.56
  | CTM step 2 conv: 1.000e+00 time: 0.63
  | CTM step 3 conv: 1.000e+00 time: 0.65
  | CTM step 4 conv: 1.949e-04 time: 0.68
  | CTM step 5 conv: 4.707e-05 time: 0.66
  | CTM step 6 conv: 7.630e-06 time: 0.65
  | CTM step 7 conv: 1.451e-06 time: 0.65
Performing CTM
  | CTM step 1 conv: 1.000e+00 time: 0.86
  | CTM step 2 conv: 8.110e-09 time: 1.03
  | CTM step 3 conv: 1.453e-09 time: 1.02
Energies: 0.920068626039927 2.0385509415504072e-13
Norm: 0.11275531224028425
========== 
Finished basis vector 51/62 

Starting simulation of basis vector 52/62
Performing CTM pre-steps without tracking
  | CTM step 1 conv: 1.000e+00 time: 0.57
  | CTM step 2 conv: 1.000e+00 time: 0.63
  | CTM step 3 conv: 1.000e+00 time: 0.65
  | CTM step 4 conv: 1.949e-04 time: 0.66
  | CTM step 5 conv: 4.707e-05 time: 0.66
  | CTM step 6 conv: 7.630e-06 time: 0.66
  | CTM step 7 conv: 1.451e-06 time: 0.67
Performing CTM
  | CTM step 1 conv: 1.000e+00 time: 0.87
  | CTM step 2 conv: 8.110e-09 time: 1.03
  | CTM step 3 conv: 1.453e-09 time: 1.03
Energies: 0.3430493422547342 2.0385509415504072e-13
Norm: 0.03659288765026653
========== 
Finished basis vector 52/62 

Starting simulation of basis vector 53/62
Performing CTM pre-steps without tracking
  | CTM step 1 conv: 1.000e+00 time: 0.57
  | CTM step 2 conv: 1.000e+00 time: 0.63
  | CTM step 3 conv: 1.000e+00 time: 0.67
  | CTM step 4 conv: 1.949e-04 time: 0.66
  | CTM step 5 conv: 4.707e-05 time: 0.66
  | CTM step 6 conv: 7.630e-06 time: 0.66
  | CTM step 7 conv: 1.451e-06 time: 0.66
Performing CTM
  | CTM step 1 conv: 1.000e+00 time: 0.86
  | CTM step 2 conv: 8.110e-09 time: 1.03
  | CTM step 3 conv: 1.453e-09 time: 1.02
Energies: 1.087867389822295 2.0385509415504072e-13
Norm: 0.1317370789076565
========== 
Finished basis vector 53/62 

Starting simulation of basis vector 54/62
Performing CTM pre-steps without tracking
  | CTM step 1 conv: 1.000e+00 time: 0.57
  | CTM step 2 conv: 1.000e+00 time: 0.63
  | CTM step 3 conv: 1.000e+00 time: 0.65
  | CTM step 4 conv: 1.949e-04 time: 0.66
  | CTM step 5 conv: 4.707e-05 time: 0.66
  | CTM step 6 conv: 7.630e-06 time: 0.66
  | CTM step 7 conv: 1.451e-06 time: 0.66
Performing CTM
  | CTM step 1 conv: 1.000e+00 time: 0.86
  | CTM step 2 conv: 8.110e-09 time: 1.03
  | CTM step 3 conv: 1.453e-09 time: 1.08
Energies: 0.4043731938551042 2.0385509415504072e-13
Norm: 0.04317755338490979
========== 
Finished basis vector 54/62 

Starting simulation of basis vector 55/62
Performing CTM pre-steps without tracking
  | CTM step 1 conv: 1.000e+00 time: 0.57
  | CTM step 2 conv: 1.000e+00 time: 0.64
  | CTM step 3 conv: 1.000e+00 time: 0.66
  | CTM step 4 conv: 1.949e-04 time: 0.67
  | CTM step 5 conv: 4.707e-05 time: 0.66
  | CTM step 6 conv: 7.630e-06 time: 0.66
  | CTM step 7 conv: 1.451e-06 time: 0.66
Performing CTM
  | CTM step 1 conv: 1.000e+00 time: 0.86
  | CTM step 2 conv: 8.110e-09 time: 1.03
  | CTM step 3 conv: 1.453e-09 time: 1.02
Energies: 2.900397543101525 2.0385509415504072e-13
Norm: 0.428628536794276
========== 
Finished basis vector 55/62 

Starting simulation of basis vector 56/62
Performing CTM pre-steps without tracking
  | CTM step 1 conv: 1.000e+00 time: 0.59
  | CTM step 2 conv: 1.000e+00 time: 0.64
  | CTM step 3 conv: 1.000e+00 time: 0.66
  | CTM step 4 conv: 1.949e-04 time: 0.66
  | CTM step 5 conv: 4.707e-05 time: 0.66
  | CTM step 6 conv: 7.630e-06 time: 0.66
  | CTM step 7 conv: 1.451e-06 time: 0.66
Performing CTM
  | CTM step 1 conv: 1.000e+00 time: 0.86
  | CTM step 2 conv: 8.110e-09 time: 1.03
  | CTM step 3 conv: 1.453e-09 time: 1.09
Energies: 1.139661624987563 2.0385509415504072e-13
Norm: 0.1436811901321659
========== 
Finished basis vector 56/62 

Starting simulation of basis vector 57/62
Performing CTM pre-steps without tracking
  | CTM step 1 conv: 1.000e+00 time: 0.57
  | CTM step 2 conv: 1.000e+00 time: 0.64
  | CTM step 3 conv: 1.000e+00 time: 0.66
  | CTM step 4 conv: 1.949e-04 time: 0.67
  | CTM step 5 conv: 4.707e-05 time: 0.67
  | CTM step 6 conv: 7.630e-06 time: 0.66
  | CTM step 7 conv: 1.451e-06 time: 0.66
Performing CTM
  | CTM step 1 conv: 1.000e+00 time: 0.88
  | CTM step 2 conv: 8.110e-09 time: 1.12
  | CTM step 3 conv: 1.453e-09 time: 1.04
Energies: 3.476957261086301 2.0385509415504072e-13
Norm: 0.5164829105484714
========== 
Finished basis vector 57/62 

Starting simulation of basis vector 58/62
Performing CTM pre-steps without tracking
  | CTM step 1 conv: 1.000e+00 time: 0.57
  | CTM step 2 conv: 1.000e+00 time: 0.64
  | CTM step 3 conv: 1.000e+00 time: 0.65
  | CTM step 4 conv: 1.949e-04 time: 0.66
  | CTM step 5 conv: 4.707e-05 time: 0.66
  | CTM step 6 conv: 7.630e-06 time: 0.73
  | CTM step 7 conv: 1.451e-06 time: 0.66
Performing CTM
  | CTM step 1 conv: 1.000e+00 time: 0.86
  | CTM step 2 conv: 8.110e-09 time: 1.03
  | CTM step 3 conv: 1.453e-09 time: 1.04
Energies: 1.3541695914745446 2.0385509415504072e-13
Norm: 0.17396550839499655
========== 
Finished basis vector 58/62 

Starting simulation of basis vector 59/62
Performing CTM pre-steps without tracking
  | CTM step 1 conv: 1.000e+00 time: 0.57
  | CTM step 2 conv: 1.000e+00 time: 0.63
  | CTM step 3 conv: 1.000e+00 time: 0.65
  | CTM step 4 conv: 1.949e-04 time: 0.66
  | CTM step 5 conv: 4.707e-05 time: 0.66
  | CTM step 6 conv: 7.630e-06 time: 0.74
  | CTM step 7 conv: 1.451e-06 time: 0.65
Performing CTM
  | CTM step 1 conv: 1.000e+00 time: 0.87
  | CTM step 2 conv: 8.110e-09 time: 1.03
  | CTM step 3 conv: 1.453e-09 time: 1.13
Energies: 1.5821889619498917 2.0385509415504072e-13
Norm: 0.21663845880056035
========== 
Finished basis vector 59/62 

Starting simulation of basis vector 60/62
Performing CTM pre-steps without tracking
  | CTM step 1 conv: 1.000e+00 time: 0.58
  | CTM step 2 conv: 1.000e+00 time: 0.64
  | CTM step 3 conv: 1.000e+00 time: 0.66
  | CTM step 4 conv: 1.949e-04 time: 0.69
  | CTM step 5 conv: 4.707e-05 time: 0.67
  | CTM step 6 conv: 7.630e-06 time: 0.67
  | CTM step 7 conv: 1.451e-06 time: 0.67
Performing CTM
  | CTM step 1 conv: 1.000e+00 time: 0.87
  | CTM step 2 conv: 8.110e-09 time: 1.04
  | CTM step 3 conv: 1.453e-09 time: 1.04
Energies: 0.6158787301883537 2.0385509415504072e-13
Norm: 0.0722848744532594
========== 
Finished basis vector 60/62 

Starting simulation of basis vector 61/62
Performing CTM pre-steps without tracking
  | CTM step 1 conv: 1.000e+00 time: 0.57
  | CTM step 2 conv: 1.000e+00 time: 0.63
  | CTM step 3 conv: 1.000e+00 time: 0.65
  | CTM step 4 conv: 1.949e-04 time: 0.66
  | CTM step 5 conv: 4.707e-05 time: 0.67
  | CTM step 6 conv: 7.630e-06 time: 0.66
  | CTM step 7 conv: 1.451e-06 time: 0.67
Performing CTM
  | CTM step 1 conv: 1.000e+00 time: 0.87
  | CTM step 2 conv: 8.110e-09 time: 1.04
  | CTM step 3 conv: 1.453e-09 time: 1.04
Energies: 1.8544058394606129 2.0385509415504072e-13
Norm: 0.2530258200688769
========== 
Finished basis vector 61/62 

Starting simulation of basis vector 62/62
Performing CTM pre-steps without tracking
  | CTM step 1 conv: 1.000e+00 time: 0.57
  | CTM step 2 conv: 1.000e+00 time: 0.64
  | CTM step 3 conv: 1.000e+00 time: 0.66
  | CTM step 4 conv: 1.949e-04 time: 0.67
  | CTM step 5 conv: 4.707e-05 time: 0.67
  | CTM step 6 conv: 7.630e-06 time: 0.67
  | CTM step 7 conv: 1.451e-06 time: 0.66
Performing CTM
  | CTM step 1 conv: 1.000e+00 time: 0.88
  | CTM step 2 conv: 8.110e-09 time: 1.03
  | CTM step 3 conv: 1.453e-09 time: 1.03
Energies: 0.7166383643498003 2.0385509415504072e-13
Norm: 0.08491513713640224
========== 
Finished basis vector 62/62 

[[ 0.24190772+1.48756360e-05j -0.02715405-1.17360922e-01j
  -0.27873847-1.32868237e-01j ...  0.30383855-1.77630955e-01j
  -0.63244647+3.30563960e-01j  0.32301665-1.86834030e-01j]
 [-0.02703697+1.17379305e-01j  0.0889885 -1.52621690e-05j
   0.09506028-1.29376491e-01j ...  0.06169367+1.80947808e-01j
  -0.10859694-3.74354513e-01j  0.06632485+1.96371840e-01j]
 [-0.27881377+1.32820695e-01j  0.09507657+1.29329568e-01j
   0.4261067 +5.10028791e-05j ... -0.27489721+3.89413432e-01j
   0.56070082-8.03821794e-01j -0.29933206+4.22973902e-01j]
 ...
 [ 0.30497251+1.75762160e-01j  0.06146614-1.82205422e-01j
  -0.27679764-3.87885067e-01j ...  1.23109567+4.35860444e-05j
  -1.32546811+1.78140050e-03j  1.096877  -2.45152450e-03j]
 [-0.63395948-3.31587703e-01j -0.10957289+3.72571756e-01j
   0.56350135+8.04896637e-01j ... -1.3253601 -1.67217360e-03j
   3.70678707+1.52254298e-05j -1.76636233-2.53199064e-03j]
 [ 0.32448615+1.86007327e-01j  0.06711848-1.96505969e-01j
  -0.30145593-4.22499808e-01j ...  1.09687017+2.04207446e-03j
  -1.76611507+2.69852932e-03j  1.43260598-2.80190216e-04j]]
[[ 0.04064807+1.64900941e-09j -0.00530326-2.10253812e-02j
  -0.04823968-2.29102629e-02j ...  0.05190561-2.96600868e-02j
  -0.10887314+5.78868646e-02j  0.05582217-3.13444640e-02j]
 [-0.00530327+2.10253747e-02j  0.01403068+7.24493501e-11j
   0.01808685-2.28218546e-02j ...  0.00917018+3.16994200e-02j
  -0.01719099-6.60976969e-02j  0.00962197+3.47168896e-02j]
 [-0.0482397 +2.29102529e-02j  0.01808682+2.28218621e-02j
   0.07284352+1.10874516e-08j ... -0.04698512+6.54734573e-02j
   0.09793732-1.36420628e-01j -0.05147609+7.10990942e-02j]
 ...
 [ 0.05190561+2.96600879e-02j  0.00917017-3.16994141e-02j
  -0.04698513-6.54734540e-02j ...  0.14456975+5.70165190e-11j
  -0.20701046-1.01638351e-04j  0.13999266-3.49581715e-04j]
 [-0.10887313-5.78868669e-02j -0.01719098+6.60976861e-02j
   0.09793732+1.36420621e-01j ... -0.20701046+1.01638404e-04j
   0.50605164-4.39265431e-10j -0.25136969-2.82115333e-04j]
 [ 0.05582216+3.13444659e-02j  0.00962196-3.47168825e-02j
  -0.05147609-7.10990906e-02j ...  0.13999266+3.49581639e-04j
  -0.25136969+2.82115796e-04j  0.16983027-9.93475491e-11j]]
Done
Saved to /share/home/tanyi/ad-peps/simulations/exci/h3_ising_D2_X30/12_0.75_0.75.npz
