No GPU/TPU found, falling back to CPU. (Set TF_CPP_MIN_LOG_LEVEL=0 and rerun for more info.)
Namespace(version=False, sim_mode='exci', config_file='ising_D2_exci.yaml', momentum_ix=17, evaluate=False, init=False)
Running excited-state sim
ising_D2_exci.yaml
/share/home/tanyi/ad-peps/examples/ising_D2_exci.yaml
/share/home/tanyi/ad-peps/examples/ising_D2_exci.yaml
D: 2
chi: 30
ctm_conv_tol: 1.0e-06
ctm_max_iter: 20
ctm_min_iter: 4
disp_level: 1
flush_output: true
model: ising
model_params:
  h: 3
momentum_path: Bril1
out_prefix: h3
pattern:
- - 0
  - 1
- - 1
  - 0
resume: true

Starting simulation of basis vector 1/62
Performing CTM pre-steps without tracking
  | CTM step 1 conv: 1.000e+00 time: 2.93
  | CTM step 2 conv: 1.000e+00 time: 7.12
  | CTM step 3 conv: 1.000e+00 time: 9.1
  | CTM step 4 conv: 1.949e-04 time: 8.33
  | CTM step 5 conv: 4.707e-05 time: 4.75
  | CTM step 6 conv: 7.630e-06 time: 0.73
  | CTM step 7 conv: 1.451e-06 time: 0.67
Performing CTM
  | CTM step 1 conv: 1.000e+00 time: 1.95
  | CTM step 2 conv: 8.110e-09 time: 1.26
  | CTM step 3 conv: 1.453e-09 time: 1.04
Energies: 0.16810038998298327 2.0385509415504072e-13
Norm: 0.030982800114809694
========== 
Finished basis vector 1/62 

Starting simulation of basis vector 2/62
Performing CTM pre-steps without tracking
  | CTM step 1 conv: 1.000e+00 time: 0.58
  | CTM step 2 conv: 1.000e+00 time: 0.66
  | CTM step 3 conv: 1.000e+00 time: 0.67
  | CTM step 4 conv: 1.949e-04 time: 0.68
  | CTM step 5 conv: 4.707e-05 time: 0.68
  | CTM step 6 conv: 7.630e-06 time: 0.7
  | CTM step 7 conv: 1.451e-06 time: 0.68
Performing CTM
  | CTM step 1 conv: 1.000e+00 time: 0.88
  | CTM step 2 conv: 8.110e-09 time: 1.2
  | CTM step 3 conv: 1.453e-09 time: 1.06
Energies: 0.029257063100777903 2.0385509415504072e-13
Norm: 0.003894935684416125
========== 
Finished basis vector 2/62 

Starting simulation of basis vector 3/62
Performing CTM pre-steps without tracking
  | CTM step 1 conv: 1.000e+00 time: 0.58
  | CTM step 2 conv: 1.000e+00 time: 0.65
  | CTM step 3 conv: 1.000e+00 time: 0.67
  | CTM step 4 conv: 1.949e-04 time: 0.68
  | CTM step 5 conv: 4.707e-05 time: 0.69
  | CTM step 6 conv: 7.630e-06 time: 0.76
  | CTM step 7 conv: 1.451e-06 time: 0.67
Performing CTM
  | CTM step 1 conv: 1.000e+00 time: 0.87
  | CTM step 2 conv: 8.110e-09 time: 1.05
  | CTM step 3 conv: 1.453e-09 time: 1.03
Energies: 0.1710387012812791 2.0385509415504072e-13
Norm: 0.032228180792259906
========== 
Finished basis vector 3/62 

Starting simulation of basis vector 4/62
Performing CTM pre-steps without tracking
  | CTM step 1 conv: 1.000e+00 time: 0.57
  | CTM step 2 conv: 1.000e+00 time: 0.65
  | CTM step 3 conv: 1.000e+00 time: 0.67
  | CTM step 4 conv: 1.949e-04 time: 0.68
  | CTM step 5 conv: 4.707e-05 time: 0.68
  | CTM step 6 conv: 7.630e-06 time: 0.77
  | CTM step 7 conv: 1.451e-06 time: 0.66
Performing CTM
  | CTM step 1 conv: 1.000e+00 time: 0.87
  | CTM step 2 conv: 8.110e-09 time: 1.04
  | CTM step 3 conv: 1.453e-09 time: 1.05
Energies: 0.04013035325921506 2.0385509415504072e-13
Norm: 0.007239585179328988
========== 
Finished basis vector 4/62 

Starting simulation of basis vector 5/62
Performing CTM pre-steps without tracking
  | CTM step 1 conv: 1.000e+00 time: 0.57
  | CTM step 2 conv: 1.000e+00 time: 0.64
  | CTM step 3 conv: 1.000e+00 time: 0.66
  | CTM step 4 conv: 1.949e-04 time: 0.68
  | CTM step 5 conv: 4.707e-05 time: 0.67
  | CTM step 6 conv: 7.630e-06 time: 0.7
  | CTM step 7 conv: 1.451e-06 time: 0.67
Performing CTM
  | CTM step 1 conv: 1.000e+00 time: 0.87
  | CTM step 2 conv: 8.110e-09 time: 1.04
  | CTM step 3 conv: 1.453e-09 time: 1.03
Energies: 0.01026357476360494 2.0385509415504072e-13
Norm: 0.0016798075303900153
========== 
Finished basis vector 5/62 

Starting simulation of basis vector 6/62
Performing CTM pre-steps without tracking
  | CTM step 1 conv: 1.000e+00 time: 0.57
  | CTM step 2 conv: 1.000e+00 time: 0.64
  | CTM step 3 conv: 1.000e+00 time: 0.66
  | CTM step 4 conv: 1.949e-04 time: 0.67
  | CTM step 5 conv: 4.707e-05 time: 0.67
  | CTM step 6 conv: 7.630e-06 time: 0.66
  | CTM step 7 conv: 1.451e-06 time: 0.66
Performing CTM
  | CTM step 1 conv: 1.000e+00 time: 0.87
  | CTM step 2 conv: 8.110e-09 time: 1.03
  | CTM step 3 conv: 1.453e-09 time: 1.05
Energies: 0.14831644663691648 2.0385509415504072e-13
Norm: 0.028646597301603276
========== 
Finished basis vector 6/62 

Starting simulation of basis vector 7/62
Performing CTM pre-steps without tracking
  | CTM step 1 conv: 1.000e+00 time: 0.57
  | CTM step 2 conv: 1.000e+00 time: 0.63
  | CTM step 3 conv: 1.000e+00 time: 0.65
  | CTM step 4 conv: 1.949e-04 time: 0.67
  | CTM step 5 conv: 4.707e-05 time: 0.67
  | CTM step 6 conv: 7.630e-06 time: 0.67
  | CTM step 7 conv: 1.451e-06 time: 0.68
Performing CTM
  | CTM step 1 conv: 1.000e+00 time: 0.87
  | CTM step 2 conv: 8.110e-09 time: 1.04
  | CTM step 3 conv: 1.453e-09 time: 1.03
Energies: 0.02903287663652445 2.0385509415504072e-13
Norm: 0.004826343975088453
========== 
Finished basis vector 7/62 

Starting simulation of basis vector 8/62
Performing CTM pre-steps without tracking
  | CTM step 1 conv: 1.000e+00 time: 0.57
  | CTM step 2 conv: 1.000e+00 time: 0.64
  | CTM step 3 conv: 1.000e+00 time: 0.66
  | CTM step 4 conv: 1.949e-04 time: 0.67
  | CTM step 5 conv: 4.707e-05 time: 0.67
  | CTM step 6 conv: 7.630e-06 time: 0.72
  | CTM step 7 conv: 1.451e-06 time: 0.66
Performing CTM
  | CTM step 1 conv: 1.000e+00 time: 0.87
  | CTM step 2 conv: 8.110e-09 time: 1.03
  | CTM step 3 conv: 1.453e-09 time: 1.09
Energies: 0.0829867698452386 2.0385509415504072e-13
Norm: 0.016333262561717184
========== 
Finished basis vector 8/62 

Starting simulation of basis vector 9/62
Performing CTM pre-steps without tracking
  | CTM step 1 conv: 1.000e+00 time: 0.57
  | CTM step 2 conv: 1.000e+00 time: 0.63
  | CTM step 3 conv: 1.000e+00 time: 0.65
  | CTM step 4 conv: 1.949e-04 time: 0.68
  | CTM step 5 conv: 4.707e-05 time: 0.68
  | CTM step 6 conv: 7.630e-06 time: 0.67
  | CTM step 7 conv: 1.451e-06 time: 0.66
Performing CTM
  | CTM step 1 conv: 1.000e+00 time: 0.87
  | CTM step 2 conv: 8.110e-09 time: 1.1
  | CTM step 3 conv: 1.453e-09 time: 1.03
Energies: 0.03931135389380268 2.0385509415504072e-13
Norm: 0.006177122001445304
========== 
Finished basis vector 9/62 

Starting simulation of basis vector 10/62
Performing CTM pre-steps without tracking
  | CTM step 1 conv: 1.000e+00 time: 0.57
  | CTM step 2 conv: 1.000e+00 time: 0.64
  | CTM step 3 conv: 1.000e+00 time: 0.66
  | CTM step 4 conv: 1.949e-04 time: 0.67
  | CTM step 5 conv: 4.707e-05 time: 0.67
  | CTM step 6 conv: 7.630e-06 time: 0.67
  | CTM step 7 conv: 1.451e-06 time: 0.69
Performing CTM
  | CTM step 1 conv: 1.000e+00 time: 0.87
  | CTM step 2 conv: 8.110e-09 time: 1.03
  | CTM step 3 conv: 1.453e-09 time: 1.03
Energies: 0.3555089108162288 2.0385509415504072e-13
Norm: 0.07083901687630621
========== 
Finished basis vector 10/62 

Starting simulation of basis vector 11/62
Performing CTM pre-steps without tracking
  | CTM step 1 conv: 1.000e+00 time: 0.57
  | CTM step 2 conv: 1.000e+00 time: 0.63
  | CTM step 3 conv: 1.000e+00 time: 0.65
  | CTM step 4 conv: 1.949e-04 time: 0.67
  | CTM step 5 conv: 4.707e-05 time: 0.67
  | CTM step 6 conv: 7.630e-06 time: 0.67
  | CTM step 7 conv: 1.451e-06 time: 0.66
Performing CTM
  | CTM step 1 conv: 1.000e+00 time: 0.87
  | CTM step 2 conv: 8.110e-09 time: 1.03
  | CTM step 3 conv: 1.453e-09 time: 1.03
Energies: 0.024525045728625492 2.0385509415504072e-13
Norm: 0.0028077517947576124
========== 
Finished basis vector 11/62 

Starting simulation of basis vector 12/62
Performing CTM pre-steps without tracking
  | CTM step 1 conv: 1.000e+00 time: 0.57
  | CTM step 2 conv: 1.000e+00 time: 0.64
  | CTM step 3 conv: 1.000e+00 time: 0.66
  | CTM step 4 conv: 1.949e-04 time: 0.67
  | CTM step 5 conv: 4.707e-05 time: 0.67
  | CTM step 6 conv: 7.630e-06 time: 0.66
  | CTM step 7 conv: 1.451e-06 time: 0.67
Performing CTM
  | CTM step 1 conv: 1.000e+00 time: 0.87
  | CTM step 2 conv: 8.110e-09 time: 1.03
  | CTM step 3 conv: 1.453e-09 time: 1.03
Energies: 0.07374785676563334 2.0385509415504072e-13
Norm: 0.014590479773674385
========== 
Finished basis vector 12/62 

Starting simulation of basis vector 13/62
Performing CTM pre-steps without tracking
  | CTM step 1 conv: 1.000e+00 time: 0.57
  | CTM step 2 conv: 1.000e+00 time: 0.64
  | CTM step 3 conv: 1.000e+00 time: 0.66
  | CTM step 4 conv: 1.949e-04 time: 0.68
  | CTM step 5 conv: 4.707e-05 time: 0.68
  | CTM step 6 conv: 7.630e-06 time: 0.68
  | CTM step 7 conv: 1.451e-06 time: 0.67
Performing CTM
  | CTM step 1 conv: 1.000e+00 time: 0.87
  | CTM step 2 conv: 8.110e-09 time: 1.04
  | CTM step 3 conv: 1.453e-09 time: 1.03
Energies: 0.010188724167444827 2.0385509415504072e-13
Norm: 0.0014347280193411217
========== 
Finished basis vector 13/62 

Starting simulation of basis vector 14/62
Performing CTM pre-steps without tracking
  | CTM step 1 conv: 1.000e+00 time: 0.57
  | CTM step 2 conv: 1.000e+00 time: 0.63
  | CTM step 3 conv: 1.000e+00 time: 0.65
  | CTM step 4 conv: 1.949e-04 time: 0.67
  | CTM step 5 conv: 4.707e-05 time: 0.67
  | CTM step 6 conv: 7.630e-06 time: 0.66
  | CTM step 7 conv: 1.451e-06 time: 0.66
Performing CTM
  | CTM step 1 conv: 1.000e+00 time: 0.87
  | CTM step 2 conv: 8.110e-09 time: 1.03
  | CTM step 3 conv: 1.453e-09 time: 1.03
Energies: 0.24592645645678463 2.0385509415504072e-13
Norm: 0.04799930376305078
========== 
Finished basis vector 14/62 

Starting simulation of basis vector 15/62
Performing CTM pre-steps without tracking
  | CTM step 1 conv: 1.000e+00 time: 0.57
  | CTM step 2 conv: 1.000e+00 time: 0.64
  | CTM step 3 conv: 1.000e+00 time: 0.66
  | CTM step 4 conv: 1.949e-04 time: 0.66
  | CTM step 5 conv: 4.707e-05 time: 0.67
  | CTM step 6 conv: 7.630e-06 time: 0.66
  | CTM step 7 conv: 1.451e-06 time: 0.66
Performing CTM
  | CTM step 1 conv: 1.000e+00 time: 0.87
  | CTM step 2 conv: 8.110e-09 time: 1.03
  | CTM step 3 conv: 1.453e-09 time: 1.03
Energies: 0.027447665405004117 2.0385509415504072e-13
Norm: 0.004924288954171937
========== 
Finished basis vector 15/62 

Starting simulation of basis vector 16/62
Performing CTM pre-steps without tracking
  | CTM step 1 conv: 1.000e+00 time: 0.57
  | CTM step 2 conv: 1.000e+00 time: 0.63
  | CTM step 3 conv: 1.000e+00 time: 0.66
  | CTM step 4 conv: 1.949e-04 time: 0.68
  | CTM step 5 conv: 4.707e-05 time: 0.67
  | CTM step 6 conv: 7.630e-06 time: 0.66
  | CTM step 7 conv: 1.451e-06 time: 0.66
Performing CTM
  | CTM step 1 conv: 1.000e+00 time: 0.87
  | CTM step 2 conv: 8.110e-09 time: 1.04
  | CTM step 3 conv: 1.453e-09 time: 1.14
Energies: 1.7012522684459723 2.0385509415504072e-13
Norm: 0.26607014620946084
========== 
Finished basis vector 16/62 

Starting simulation of basis vector 17/62
Performing CTM pre-steps without tracking
  | CTM step 1 conv: 1.000e+00 time: 0.57
  | CTM step 2 conv: 1.000e+00 time: 0.63
  | CTM step 3 conv: 1.000e+00 time: 0.65
  | CTM step 4 conv: 1.949e-04 time: 0.67
  | CTM step 5 conv: 4.707e-05 time: 0.66
  | CTM step 6 conv: 7.630e-06 time: 0.66
  | CTM step 7 conv: 1.451e-06 time: 0.66
Performing CTM
  | CTM step 1 conv: 1.000e+00 time: 0.87
  | CTM step 2 conv: 8.110e-09 time: 1.1
  | CTM step 3 conv: 1.453e-09 time: 1.03
Energies: 0.4975705337949239 2.0385509415504072e-13
Norm: 0.07124581095598452
========== 
Finished basis vector 17/62 

Starting simulation of basis vector 18/62
Performing CTM pre-steps without tracking
  | CTM step 1 conv: 1.000e+00 time: 0.57
  | CTM step 2 conv: 1.000e+00 time: 0.64
  | CTM step 3 conv: 1.000e+00 time: 0.66
  | CTM step 4 conv: 1.949e-04 time: 0.67
  | CTM step 5 conv: 4.707e-05 time: 0.67
  | CTM step 6 conv: 7.630e-06 time: 0.67
  | CTM step 7 conv: 1.451e-06 time: 0.68
Performing CTM
  | CTM step 1 conv: 1.000e+00 time: 0.87
  | CTM step 2 conv: 8.110e-09 time: 1.03
  | CTM step 3 conv: 1.453e-09 time: 1.03
Energies: 3.1646623780657896 2.0385509415504072e-13
Norm: 0.503988706625377
========== 
Finished basis vector 18/62 

Starting simulation of basis vector 19/62
Performing CTM pre-steps without tracking
  | CTM step 1 conv: 1.000e+00 time: 0.57
  | CTM step 2 conv: 1.000e+00 time: 0.63
  | CTM step 3 conv: 1.000e+00 time: 0.66
  | CTM step 4 conv: 1.949e-04 time: 0.67
  | CTM step 5 conv: 4.707e-05 time: 0.67
  | CTM step 6 conv: 7.630e-06 time: 0.66
  | CTM step 7 conv: 1.451e-06 time: 0.66
Performing CTM
  | CTM step 1 conv: 1.000e+00 time: 0.87
  | CTM step 2 conv: 8.110e-09 time: 1.04
  | CTM step 3 conv: 1.453e-09 time: 1.04
Energies: 0.908869809042602 2.0385509415504072e-13
Norm: 0.132505537249408
========== 
Finished basis vector 19/62 

Starting simulation of basis vector 20/62
Performing CTM pre-steps without tracking
  | CTM step 1 conv: 1.000e+00 time: 0.57
  | CTM step 2 conv: 1.000e+00 time: 0.63
  | CTM step 3 conv: 1.000e+00 time: 0.65
  | CTM step 4 conv: 1.949e-04 time: 0.66
  | CTM step 5 conv: 4.707e-05 time: 0.66
  | CTM step 6 conv: 7.630e-06 time: 0.66
  | CTM step 7 conv: 1.451e-06 time: 0.66
Performing CTM
  | CTM step 1 conv: 1.000e+00 time: 0.94
  | CTM step 2 conv: 8.110e-09 time: 1.03
  | CTM step 3 conv: 1.453e-09 time: 1.03
Energies: 0.2676414690391246 2.0385509415504072e-13
Norm: 0.03483227752145214
========== 
Finished basis vector 20/62 

Starting simulation of basis vector 21/62
Performing CTM pre-steps without tracking
  | CTM step 1 conv: 1.000e+00 time: 0.57
  | CTM step 2 conv: 1.000e+00 time: 0.63
  | CTM step 3 conv: 1.000e+00 time: 0.65
  | CTM step 4 conv: 1.949e-04 time: 0.66
  | CTM step 5 conv: 4.707e-05 time: 0.66
  | CTM step 6 conv: 7.630e-06 time: 0.66
  | CTM step 7 conv: 1.451e-06 time: 0.66
Performing CTM
  | CTM step 1 conv: 1.000e+00 time: 0.86
  | CTM step 2 conv: 8.110e-09 time: 1.03
  | CTM step 3 conv: 1.453e-09 time: 1.03
Energies: 0.07717960921805089 2.0385509415504072e-13
Norm: 0.009194534156457096
========== 
Finished basis vector 21/62 

Starting simulation of basis vector 22/62
Performing CTM pre-steps without tracking
  | CTM step 1 conv: 1.000e+00 time: 0.57
  | CTM step 2 conv: 1.000e+00 time: 0.63
  | CTM step 3 conv: 1.000e+00 time: 0.65
  | CTM step 4 conv: 1.949e-04 time: 0.66
  | CTM step 5 conv: 4.707e-05 time: 0.66
  | CTM step 6 conv: 7.630e-06 time: 0.66
  | CTM step 7 conv: 1.451e-06 time: 0.66
Performing CTM
  | CTM step 1 conv: 1.000e+00 time: 0.87
  | CTM step 2 conv: 8.110e-09 time: 1.03
  | CTM step 3 conv: 1.453e-09 time: 1.04
Energies: 0.5008329835018321 2.0385509415504072e-13
Norm: 0.06630221305744043
========== 
Finished basis vector 22/62 

Starting simulation of basis vector 23/62
Performing CTM pre-steps without tracking
  | CTM step 1 conv: 1.000e+00 time: 0.58
  | CTM step 2 conv: 1.000e+00 time: 0.65
  | CTM step 3 conv: 1.000e+00 time: 0.67
  | CTM step 4 conv: 1.949e-04 time: 0.68
  | CTM step 5 conv: 4.707e-05 time: 0.67
  | CTM step 6 conv: 7.630e-06 time: 0.72
  | CTM step 7 conv: 1.451e-06 time: 0.67
Performing CTM
  | CTM step 1 conv: 1.000e+00 time: 0.87
  | CTM step 2 conv: 8.110e-09 time: 1.04
  | CTM step 3 conv: 1.453e-09 time: 1.04
Energies: 0.14209918998065588 2.0385509415504072e-13
Norm: 0.017200766495978764
========== 
Finished basis vector 23/62 

Starting simulation of basis vector 24/62
Performing CTM pre-steps without tracking
  | CTM step 1 conv: 1.000e+00 time: 0.57
  | CTM step 2 conv: 1.000e+00 time: 0.64
  | CTM step 3 conv: 1.000e+00 time: 0.66
  | CTM step 4 conv: 1.949e-04 time: 0.67
  | CTM step 5 conv: 4.707e-05 time: 0.67
  | CTM step 6 conv: 7.630e-06 time: 0.67
  | CTM step 7 conv: 1.451e-06 time: 0.67
Performing CTM
  | CTM step 1 conv: 1.000e+00 time: 0.87
  | CTM step 2 conv: 8.110e-09 time: 1.04
  | CTM step 3 conv: 1.453e-09 time: 1.1
Energies: 1.4671545604975866 2.0385509415504072e-13
Norm: 0.22962604867677655
========== 
Finished basis vector 24/62 

Starting simulation of basis vector 25/62
Performing CTM pre-steps without tracking
  | CTM step 1 conv: 1.000e+00 time: 0.57
  | CTM step 2 conv: 1.000e+00 time: 0.64
  | CTM step 3 conv: 1.000e+00 time: 0.66
  | CTM step 4 conv: 1.949e-04 time: 0.67
  | CTM step 5 conv: 4.707e-05 time: 0.67
  | CTM step 6 conv: 7.630e-06 time: 0.67
  | CTM step 7 conv: 1.451e-06 time: 0.76
Performing CTM
  | CTM step 1 conv: 1.000e+00 time: 0.88
  | CTM step 2 conv: 8.110e-09 time: 1.1
  | CTM step 3 conv: 1.453e-09 time: 1.04
Energies: 0.4311944424881502 2.0385509415504072e-13
Norm: 0.06066971008287122
========== 
Finished basis vector 25/62 

Starting simulation of basis vector 26/62
Performing CTM pre-steps without tracking
  | CTM step 1 conv: 1.000e+00 time: 0.57
  | CTM step 2 conv: 1.000e+00 time: 0.63
  | CTM step 3 conv: 1.000e+00 time: 0.66
  | CTM step 4 conv: 1.949e-04 time: 0.72
  | CTM step 5 conv: 4.707e-05 time: 0.67
  | CTM step 6 conv: 7.630e-06 time: 0.67
  | CTM step 7 conv: 1.451e-06 time: 0.67
Performing CTM
  | CTM step 1 conv: 1.000e+00 time: 0.87
  | CTM step 2 conv: 8.110e-09 time: 1.04
  | CTM step 3 conv: 1.453e-09 time: 1.04
Energies: 2.7211287203544705 2.0385509415504072e-13
Norm: 0.43683708029919954
========== 
Finished basis vector 26/62 

Starting simulation of basis vector 27/62
Performing CTM pre-steps without tracking
  | CTM step 1 conv: 1.000e+00 time: 0.58
  | CTM step 2 conv: 1.000e+00 time: 0.65
  | CTM step 3 conv: 1.000e+00 time: 0.68
  | CTM step 4 conv: 1.949e-04 time: 0.69
  | CTM step 5 conv: 4.707e-05 time: 0.68
  | CTM step 6 conv: 7.630e-06 time: 0.67
  | CTM step 7 conv: 1.451e-06 time: 0.68
Performing CTM
  | CTM step 1 conv: 1.000e+00 time: 0.89
  | CTM step 2 conv: 8.110e-09 time: 1.05
  | CTM step 3 conv: 1.453e-09 time: 1.06
Energies: 0.7865540203079511 2.0385509415504072e-13
Norm: 0.11330921457216342
========== 
Finished basis vector 27/62 

Starting simulation of basis vector 28/62
Performing CTM pre-steps without tracking
  | CTM step 1 conv: 1.000e+00 time: 0.58
  | CTM step 2 conv: 1.000e+00 time: 0.65
  | CTM step 3 conv: 1.000e+00 time: 0.67
  | CTM step 4 conv: 1.949e-04 time: 0.74
  | CTM step 5 conv: 4.707e-05 time: 0.68
  | CTM step 6 conv: 7.630e-06 time: 0.67
  | CTM step 7 conv: 1.451e-06 time: 0.67
Performing CTM
  | CTM step 1 conv: 1.000e+00 time: 0.88
  | CTM step 2 conv: 8.110e-09 time: 1.05
  | CTM step 3 conv: 1.453e-09 time: 1.04
Energies: 0.23495157964267643 2.0385509415504072e-13
Norm: 0.030959153062530716
========== 
Finished basis vector 28/62 

Starting simulation of basis vector 29/62
Performing CTM pre-steps without tracking
  | CTM step 1 conv: 1.000e+00 time: 0.57
  | CTM step 2 conv: 1.000e+00 time: 0.65
  | CTM step 3 conv: 1.000e+00 time: 0.67
  | CTM step 4 conv: 1.949e-04 time: 0.67
  | CTM step 5 conv: 4.707e-05 time: 0.67
  | CTM step 6 conv: 7.630e-06 time: 0.67
  | CTM step 7 conv: 1.451e-06 time: 0.67
Performing CTM
  | CTM step 1 conv: 1.000e+00 time: 0.87
  | CTM step 2 conv: 8.110e-09 time: 1.05
  | CTM step 3 conv: 1.453e-09 time: 1.04
Energies: 0.06811902558809284 2.0385509415504072e-13
Norm: 0.008084360805593098
========== 
Finished basis vector 29/62 

Starting simulation of basis vector 30/62
Performing CTM pre-steps without tracking
  | CTM step 1 conv: 1.000e+00 time: 0.57
  | CTM step 2 conv: 1.000e+00 time: 0.64
  | CTM step 3 conv: 1.000e+00 time: 0.66
  | CTM step 4 conv: 1.949e-04 time: 0.67
  | CTM step 5 conv: 4.707e-05 time: 0.67
  | CTM step 6 conv: 7.630e-06 time: 0.67
  | CTM step 7 conv: 1.451e-06 time: 0.67
Performing CTM
  | CTM step 1 conv: 1.000e+00 time: 0.88
  | CTM step 2 conv: 8.110e-09 time: 1.04
  | CTM step 3 conv: 1.453e-09 time: 1.04
Energies: 0.4394191707161551 2.0385509415504072e-13
Norm: 0.059203212650376855
========== 
Finished basis vector 30/62 

Starting simulation of basis vector 31/62
Performing CTM pre-steps without tracking
  | CTM step 1 conv: 1.000e+00 time: 0.57
  | CTM step 2 conv: 1.000e+00 time: 0.64
  | CTM step 3 conv: 1.000e+00 time: 0.66
  | CTM step 4 conv: 1.949e-04 time: 0.67
  | CTM step 5 conv: 4.707e-05 time: 0.67
  | CTM step 6 conv: 7.630e-06 time: 0.67
  | CTM step 7 conv: 1.451e-06 time: 0.67
Performing CTM
  | CTM step 1 conv: 1.000e+00 time: 0.87
  | CTM step 2 conv: 8.110e-09 time: 1.04
  | CTM step 3 conv: 1.453e-09 time: 1.04
Energies: 0.12500669338538925 2.0385509415504072e-13
Norm: 0.015144613637061786
========== 
Finished basis vector 31/62 

Starting simulation of basis vector 32/62
Performing CTM pre-steps without tracking
  | CTM step 1 conv: 1.000e+00 time: 0.57
  | CTM step 2 conv: 1.000e+00 time: 0.64
  | CTM step 3 conv: 1.000e+00 time: 0.66
  | CTM step 4 conv: 1.949e-04 time: 0.67
  | CTM step 5 conv: 4.707e-05 time: 0.67
  | CTM step 6 conv: 7.630e-06 time: 0.67
  | CTM step 7 conv: 1.451e-06 time: 0.67
Performing CTM
  | CTM step 1 conv: 1.000e+00 time: 0.9
  | CTM step 2 conv: 8.110e-09 time: 1.04
  | CTM step 3 conv: 1.453e-09 time: 1.1
Energies: 0.06478124728499704 2.0385509415504072e-13
Norm: 0.005725479776362433
========== 
Finished basis vector 32/62 

Starting simulation of basis vector 33/62
Performing CTM pre-steps without tracking
  | CTM step 1 conv: 1.000e+00 time: 0.57
  | CTM step 2 conv: 1.000e+00 time: 0.64
  | CTM step 3 conv: 1.000e+00 time: 0.66
  | CTM step 4 conv: 1.949e-04 time: 0.68
  | CTM step 5 conv: 4.707e-05 time: 0.67
  | CTM step 6 conv: 7.630e-06 time: 0.67
  | CTM step 7 conv: 1.451e-06 time: 0.68
Performing CTM
  | CTM step 1 conv: 1.000e+00 time: 0.88
  | CTM step 2 conv: 8.110e-09 time: 1.11
  | CTM step 3 conv: 1.453e-09 time: 1.05
Energies: 0.23621031213356208 2.0385509415504072e-13
Norm: 0.038231008076364696
========== 
Finished basis vector 33/62 

Starting simulation of basis vector 34/62
Performing CTM pre-steps without tracking
  | CTM step 1 conv: 1.000e+00 time: 0.58
  | CTM step 2 conv: 1.000e+00 time: 0.64
  | CTM step 3 conv: 1.000e+00 time: 0.66
  | CTM step 4 conv: 1.949e-04 time: 0.68
  | CTM step 5 conv: 4.707e-05 time: 0.68
  | CTM step 6 conv: 7.630e-06 time: 0.67
  | CTM step 7 conv: 1.451e-06 time: 0.67
Performing CTM
  | CTM step 1 conv: 1.000e+00 time: 0.88
  | CTM step 2 conv: 8.110e-09 time: 1.04
  | CTM step 3 conv: 1.453e-09 time: 1.04
Energies: 0.11864109296592815 2.0385509415504072e-13
Norm: 0.018204700154754182
========== 
Finished basis vector 34/62 

Starting simulation of basis vector 35/62
Performing CTM pre-steps without tracking
  | CTM step 1 conv: 1.000e+00 time: 0.58
  | CTM step 2 conv: 1.000e+00 time: 0.65
  | CTM step 3 conv: 1.000e+00 time: 0.67
  | CTM step 4 conv: 1.949e-04 time: 0.68
  | CTM step 5 conv: 4.707e-05 time: 0.67
  | CTM step 6 conv: 7.630e-06 time: 0.67
  | CTM step 7 conv: 1.451e-06 time: 0.67
Performing CTM
  | CTM step 1 conv: 1.000e+00 time: 0.89
  | CTM step 2 conv: 8.110e-09 time: 1.05
  | CTM step 3 conv: 1.453e-09 time: 1.04
Energies: 0.47080496370367675 2.0385509415504072e-13
Norm: 0.08460834502735125
========== 
Finished basis vector 35/62 

Starting simulation of basis vector 36/62
Performing CTM pre-steps without tracking
  | CTM step 1 conv: 1.000e+00 time: 0.57
  | CTM step 2 conv: 1.000e+00 time: 0.64
  | CTM step 3 conv: 1.000e+00 time: 0.66
  | CTM step 4 conv: 1.949e-04 time: 0.67
  | CTM step 5 conv: 4.707e-05 time: 0.67
  | CTM step 6 conv: 7.630e-06 time: 0.67
  | CTM step 7 conv: 1.451e-06 time: 0.67
Performing CTM
  | CTM step 1 conv: 1.000e+00 time: 0.88
  | CTM step 2 conv: 8.110e-09 time: 1.04
  | CTM step 3 conv: 1.453e-09 time: 1.04
Energies: 0.05737625691096796 2.0385509415504072e-13
Norm: 0.008355487624756333
========== 
Finished basis vector 36/62 

Starting simulation of basis vector 37/62
Performing CTM pre-steps without tracking
  | CTM step 1 conv: 1.000e+00 time: 0.57
  | CTM step 2 conv: 1.000e+00 time: 0.65
  | CTM step 3 conv: 1.000e+00 time: 0.66
  | CTM step 4 conv: 1.949e-04 time: 0.67
  | CTM step 5 conv: 4.707e-05 time: 0.67
  | CTM step 6 conv: 7.630e-06 time: 0.67
  | CTM step 7 conv: 1.451e-06 time: 0.67
Performing CTM
  | CTM step 1 conv: 1.000e+00 time: 0.89
  | CTM step 2 conv: 8.110e-09 time: 1.04
  | CTM step 3 conv: 1.453e-09 time: 1.04
Energies: 0.23292705333031163 2.0385509415504072e-13
Norm: 0.036108872566078
========== 
Finished basis vector 37/62 

Starting simulation of basis vector 38/62
Performing CTM pre-steps without tracking
  | CTM step 1 conv: 1.000e+00 time: 0.57
  | CTM step 2 conv: 1.000e+00 time: 0.64
  | CTM step 3 conv: 1.000e+00 time: 0.67
  | CTM step 4 conv: 1.949e-04 time: 0.69
  | CTM step 5 conv: 4.707e-05 time: 0.69
  | CTM step 6 conv: 7.630e-06 time: 0.67
  | CTM step 7 conv: 1.451e-06 time: 0.67
Performing CTM
  | CTM step 1 conv: 1.000e+00 time: 0.88
  | CTM step 2 conv: 8.110e-09 time: 1.05
  | CTM step 3 conv: 1.453e-09 time: 1.05
Energies: 0.07198397786246125 2.0385509415504072e-13
Norm: 0.005972712762286125
========== 
Finished basis vector 38/62 

Starting simulation of basis vector 39/62
Performing CTM pre-steps without tracking
  | CTM step 1 conv: 1.000e+00 time: 0.58
  | CTM step 2 conv: 1.000e+00 time: 0.65
  | CTM step 3 conv: 1.000e+00 time: 0.67
  | CTM step 4 conv: 1.949e-04 time: 0.68
  | CTM step 5 conv: 4.707e-05 time: 0.67
  | CTM step 6 conv: 7.630e-06 time: 0.67
  | CTM step 7 conv: 1.451e-06 time: 0.67
Performing CTM
  | CTM step 1 conv: 1.000e+00 time: 0.87
  | CTM step 2 conv: 8.110e-09 time: 1.04
  | CTM step 3 conv: 1.453e-09 time: 1.04
Energies: 0.14350332013825054 2.0385509415504072e-13
Norm: 0.019545747802317562
========== 
Finished basis vector 39/62 

Starting simulation of basis vector 40/62
Performing CTM pre-steps without tracking
  | CTM step 1 conv: 1.000e+00 time: 0.57
  | CTM step 2 conv: 1.000e+00 time: 0.64
  | CTM step 3 conv: 1.000e+00 time: 0.66
  | CTM step 4 conv: 1.949e-04 time: 0.67
  | CTM step 5 conv: 4.707e-05 time: 0.67
  | CTM step 6 conv: 7.630e-06 time: 0.67
  | CTM step 7 conv: 1.451e-06 time: 0.67
Performing CTM
  | CTM step 1 conv: 1.000e+00 time: 0.87
  | CTM step 2 conv: 8.110e-09 time: 1.04
  | CTM step 3 conv: 1.453e-09 time: 1.1
Energies: 0.38837450329897927 2.0385509415504072e-13
Norm: 0.06800027388389462
========== 
Finished basis vector 40/62 

Starting simulation of basis vector 41/62
Performing CTM pre-steps without tracking
  | CTM step 1 conv: 1.000e+00 time: 0.57
  | CTM step 2 conv: 1.000e+00 time: 0.64
  | CTM step 3 conv: 1.000e+00 time: 0.66
  | CTM step 4 conv: 1.949e-04 time: 0.67
  | CTM step 5 conv: 4.707e-05 time: 0.67
  | CTM step 6 conv: 7.630e-06 time: 0.67
  | CTM step 7 conv: 1.451e-06 time: 0.67
Performing CTM
  | CTM step 1 conv: 1.000e+00 time: 0.87
  | CTM step 2 conv: 8.110e-09 time: 1.1
  | CTM step 3 conv: 1.453e-09 time: 1.04
Energies: 0.8662114993149066 2.0385509415504072e-13
Norm: 0.1682281221067728
========== 
Finished basis vector 41/62 

Starting simulation of basis vector 42/62
Performing CTM pre-steps without tracking
  | CTM step 1 conv: 1.000e+00 time: 0.57
  | CTM step 2 conv: 1.000e+00 time: 0.64
  | CTM step 3 conv: 1.000e+00 time: 0.67
  | CTM step 4 conv: 1.949e-04 time: 0.69
  | CTM step 5 conv: 4.707e-05 time: 0.68
  | CTM step 6 conv: 7.630e-06 time: 0.86
  | CTM step 7 conv: 1.451e-06 time: 0.67
Performing CTM
  | CTM step 1 conv: 1.000e+00 time: 0.89
  | CTM step 2 conv: 8.110e-09 time: 1.07
  | CTM step 3 conv: 1.453e-09 time: 1.05
Energies: 0.9484546975408611 2.0385509415504072e-13
Norm: 0.174607578349268
========== 
Finished basis vector 42/62 

Starting simulation of basis vector 43/62
Performing CTM pre-steps without tracking
  | CTM step 1 conv: 1.000e+00 time: 0.57
  | CTM step 2 conv: 1.000e+00 time: 0.65
  | CTM step 3 conv: 1.000e+00 time: 0.67
  | CTM step 4 conv: 1.949e-04 time: 0.68
  | CTM step 5 conv: 4.707e-05 time: 0.67
  | CTM step 6 conv: 7.630e-06 time: 0.67
  | CTM step 7 conv: 1.451e-06 time: 0.67
Performing CTM
  | CTM step 1 conv: 1.000e+00 time: 0.87
  | CTM step 2 conv: 8.110e-09 time: 1.04
  | CTM step 3 conv: 1.453e-09 time: 1.04
Energies: 0.23805886773159157 2.0385509415504072e-13
Norm: 0.04647560793425277
========== 
Finished basis vector 43/62 

Starting simulation of basis vector 44/62
Performing CTM pre-steps without tracking
  | CTM step 1 conv: 1.000e+00 time: 0.57
  | CTM step 2 conv: 1.000e+00 time: 0.64
  | CTM step 3 conv: 1.000e+00 time: 0.66
  | CTM step 4 conv: 1.949e-04 time: 0.67
  | CTM step 5 conv: 4.707e-05 time: 0.67
  | CTM step 6 conv: 7.630e-06 time: 0.67
  | CTM step 7 conv: 1.451e-06 time: 0.67
Performing CTM
  | CTM step 1 conv: 1.000e+00 time: 0.88
  | CTM step 2 conv: 8.110e-09 time: 1.04
  | CTM step 3 conv: 1.453e-09 time: 1.04
Energies: 0.15979436812073725 2.0385509415504072e-13
Norm: 0.02415795737188533
========== 
Finished basis vector 44/62 

Starting simulation of basis vector 45/62
Performing CTM pre-steps without tracking
  | CTM step 1 conv: 1.000e+00 time: 0.58
  | CTM step 2 conv: 1.000e+00 time: 0.64
  | CTM step 3 conv: 1.000e+00 time: 0.66
  | CTM step 4 conv: 1.949e-04 time: 0.68
  | CTM step 5 conv: 4.707e-05 time: 0.68
  | CTM step 6 conv: 7.630e-06 time: 0.67
  | CTM step 7 conv: 1.451e-06 time: 0.67
Performing CTM
  | CTM step 1 conv: 1.000e+00 time: 0.87
  | CTM step 2 conv: 8.110e-09 time: 1.06
  | CTM step 3 conv: 1.453e-09 time: 1.04
Energies: 0.08826283564301149 2.0385509415504072e-13
Norm: 0.009935204450142936
========== 
Finished basis vector 45/62 

Starting simulation of basis vector 46/62
Performing CTM pre-steps without tracking
  | CTM step 1 conv: 1.000e+00 time: 0.58
  | CTM step 2 conv: 1.000e+00 time: 0.64
  | CTM step 3 conv: 1.000e+00 time: 0.66
  | CTM step 4 conv: 1.949e-04 time: 0.67
  | CTM step 5 conv: 4.707e-05 time: 0.67
  | CTM step 6 conv: 7.630e-06 time: 0.67
  | CTM step 7 conv: 1.451e-06 time: 0.67
Performing CTM
  | CTM step 1 conv: 1.000e+00 time: 0.87
  | CTM step 2 conv: 8.110e-09 time: 1.04
  | CTM step 3 conv: 1.453e-09 time: 1.04
Energies: 0.20368772191803006 2.0385509415504072e-13
Norm: 0.03471540083589887
========== 
Finished basis vector 46/62 

Starting simulation of basis vector 47/62
Performing CTM pre-steps without tracking
  | CTM step 1 conv: 1.000e+00 time: 0.57
  | CTM step 2 conv: 1.000e+00 time: 0.64
  | CTM step 3 conv: 1.000e+00 time: 0.66
  | CTM step 4 conv: 1.949e-04 time: 0.67
  | CTM step 5 conv: 4.707e-05 time: 0.67
  | CTM step 6 conv: 7.630e-06 time: 0.67
  | CTM step 7 conv: 1.451e-06 time: 0.67
Performing CTM
  | CTM step 1 conv: 1.000e+00 time: 0.88
  | CTM step 2 conv: 8.110e-09 time: 1.05
  | CTM step 3 conv: 1.453e-09 time: 1.04
Energies: 1.6583855374074132 2.0385509415504072e-13
Norm: 0.22296836748409798
========== 
Finished basis vector 47/62 

Starting simulation of basis vector 48/62
Performing CTM pre-steps without tracking
  | CTM step 1 conv: 1.000e+00 time: 0.58
  | CTM step 2 conv: 1.000e+00 time: 0.64
  | CTM step 3 conv: 1.000e+00 time: 0.66
  | CTM step 4 conv: 1.949e-04 time: 0.68
  | CTM step 5 conv: 4.707e-05 time: 0.68
  | CTM step 6 conv: 7.630e-06 time: 0.68
  | CTM step 7 conv: 1.451e-06 time: 0.68
Performing CTM
  | CTM step 1 conv: 1.000e+00 time: 0.88
  | CTM step 2 conv: 8.110e-09 time: 1.05
  | CTM step 3 conv: 1.453e-09 time: 1.11
Energies: 0.6251449995704113 2.0385509415504072e-13
Norm: 0.0720896658622651
========== 
Finished basis vector 48/62 

Starting simulation of basis vector 49/62
Performing CTM pre-steps without tracking
  | CTM step 1 conv: 1.000e+00 time: 0.57
  | CTM step 2 conv: 1.000e+00 time: 0.64
  | CTM step 3 conv: 1.000e+00 time: 0.67
  | CTM step 4 conv: 1.949e-04 time: 0.68
  | CTM step 5 conv: 4.707e-05 time: 0.67
  | CTM step 6 conv: 7.630e-06 time: 0.67
  | CTM step 7 conv: 1.451e-06 time: 0.67
Performing CTM
  | CTM step 1 conv: 1.000e+00 time: 0.88
  | CTM step 2 conv: 8.110e-09 time: 1.11
  | CTM step 3 conv: 1.453e-09 time: 1.04
Energies: 2.0040898557611295 2.0385509415504072e-13
Norm: 0.26648613472331256
========== 
Finished basis vector 49/62 

Starting simulation of basis vector 50/62
Performing CTM pre-steps without tracking
  | CTM step 1 conv: 1.000e+00 time: 0.58
  | CTM step 2 conv: 1.000e+00 time: 0.65
  | CTM step 3 conv: 1.000e+00 time: 0.67
  | CTM step 4 conv: 1.949e-04 time: 0.68
  | CTM step 5 conv: 4.707e-05 time: 0.68
  | CTM step 6 conv: 7.630e-06 time: 0.67
  | CTM step 7 conv: 1.451e-06 time: 0.67
Performing CTM
  | CTM step 1 conv: 1.000e+00 time: 0.88
  | CTM step 2 conv: 8.110e-09 time: 1.04
  | CTM step 3 conv: 1.453e-09 time: 1.04
Energies: 0.7496308545614696 2.0385509415504072e-13
Norm: 0.0873930118781921
========== 
Finished basis vector 50/62 

Starting simulation of basis vector 51/62
Performing CTM pre-steps without tracking
  | CTM step 1 conv: 1.000e+00 time: 0.57
  | CTM step 2 conv: 1.000e+00 time: 0.64
  | CTM step 3 conv: 1.000e+00 time: 0.66
  | CTM step 4 conv: 1.949e-04 time: 0.67
  | CTM step 5 conv: 4.707e-05 time: 0.67
  | CTM step 6 conv: 7.630e-06 time: 0.67
  | CTM step 7 conv: 1.451e-06 time: 0.67
Performing CTM
  | CTM step 1 conv: 1.000e+00 time: 0.87
  | CTM step 2 conv: 8.110e-09 time: 1.04
  | CTM step 3 conv: 1.453e-09 time: 1.04
Energies: 0.9149021477935834 2.0385509415504072e-13
Norm: 0.11467402276021259
========== 
Finished basis vector 51/62 

Starting simulation of basis vector 52/62
Performing CTM pre-steps without tracking
  | CTM step 1 conv: 1.000e+00 time: 0.57
  | CTM step 2 conv: 1.000e+00 time: 0.64
  | CTM step 3 conv: 1.000e+00 time: 0.66
  | CTM step 4 conv: 1.949e-04 time: 0.67
  | CTM step 5 conv: 4.707e-05 time: 0.67
  | CTM step 6 conv: 7.630e-06 time: 0.67
  | CTM step 7 conv: 1.451e-06 time: 0.67
Performing CTM
  | CTM step 1 conv: 1.000e+00 time: 0.89
  | CTM step 2 conv: 8.110e-09 time: 1.05
  | CTM step 3 conv: 1.453e-09 time: 1.04
Energies: 0.340810461138087 2.0385509415504072e-13
Norm: 0.036614945638061204
========== 
Finished basis vector 52/62 

Starting simulation of basis vector 53/62
Performing CTM pre-steps without tracking
  | CTM step 1 conv: 1.000e+00 time: 0.58
  | CTM step 2 conv: 1.000e+00 time: 0.65
  | CTM step 3 conv: 1.000e+00 time: 0.66
  | CTM step 4 conv: 1.949e-04 time: 0.67
  | CTM step 5 conv: 4.707e-05 time: 0.67
  | CTM step 6 conv: 7.630e-06 time: 0.67
  | CTM step 7 conv: 1.451e-06 time: 0.67
Performing CTM
  | CTM step 1 conv: 1.000e+00 time: 0.87
  | CTM step 2 conv: 8.110e-09 time: 1.04
  | CTM step 3 conv: 1.453e-09 time: 1.04
Energies: 1.0808764981964716 2.0385509415504072e-13
Norm: 0.13259954344246522
========== 
Finished basis vector 53/62 

Starting simulation of basis vector 54/62
Performing CTM pre-steps without tracking
  | CTM step 1 conv: 1.000e+00 time: 0.57
  | CTM step 2 conv: 1.000e+00 time: 0.64
  | CTM step 3 conv: 1.000e+00 time: 0.66
  | CTM step 4 conv: 1.949e-04 time: 0.67
  | CTM step 5 conv: 4.707e-05 time: 0.67
  | CTM step 6 conv: 7.630e-06 time: 0.67
  | CTM step 7 conv: 1.451e-06 time: 0.67
Performing CTM
  | CTM step 1 conv: 1.000e+00 time: 0.87
  | CTM step 2 conv: 8.110e-09 time: 1.04
  | CTM step 3 conv: 1.453e-09 time: 1.04
Energies: 0.4036289674535245 2.0385509415504072e-13
Norm: 0.04330371699298817
========== 
Finished basis vector 54/62 

Starting simulation of basis vector 55/62
Performing CTM pre-steps without tracking
  | CTM step 1 conv: 1.000e+00 time: 0.57
  | CTM step 2 conv: 1.000e+00 time: 0.64
  | CTM step 3 conv: 1.000e+00 time: 0.66
  | CTM step 4 conv: 1.949e-04 time: 0.67
  | CTM step 5 conv: 4.707e-05 time: 0.67
  | CTM step 6 conv: 7.630e-06 time: 0.68
  | CTM step 7 conv: 1.451e-06 time: 0.68
Performing CTM
  | CTM step 1 conv: 1.000e+00 time: 0.89
  | CTM step 2 conv: 8.110e-09 time: 1.13
  | CTM step 3 conv: 1.453e-09 time: 1.05
Energies: 2.8780402592827166 2.0385509415504072e-13
Norm: 0.43306769125307804
========== 
Finished basis vector 55/62 

Starting simulation of basis vector 56/62
Performing CTM pre-steps without tracking
  | CTM step 1 conv: 1.000e+00 time: 0.57
  | CTM step 2 conv: 1.000e+00 time: 0.64
  | CTM step 3 conv: 1.000e+00 time: 0.67
  | CTM step 4 conv: 1.949e-04 time: 0.67
  | CTM step 5 conv: 4.707e-05 time: 0.67
  | CTM step 6 conv: 7.630e-06 time: 0.67
  | CTM step 7 conv: 1.451e-06 time: 0.67
Performing CTM
  | CTM step 1 conv: 1.000e+00 time: 0.87
  | CTM step 2 conv: 8.110e-09 time: 1.04
  | CTM step 3 conv: 1.453e-09 time: 1.1
Energies: 1.129584503420309 2.0385509415504072e-13
Norm: 0.14461479012250203
========== 
Finished basis vector 56/62 

Starting simulation of basis vector 57/62
Performing CTM pre-steps without tracking
  | CTM step 1 conv: 1.000e+00 time: 0.57
  | CTM step 2 conv: 1.000e+00 time: 0.64
  | CTM step 3 conv: 1.000e+00 time: 0.66
  | CTM step 4 conv: 1.949e-04 time: 0.67
  | CTM step 5 conv: 4.707e-05 time: 0.67
  | CTM step 6 conv: 7.630e-06 time: 0.67
  | CTM step 7 conv: 1.451e-06 time: 0.67
Performing CTM
  | CTM step 1 conv: 1.000e+00 time: 0.87
  | CTM step 2 conv: 8.110e-09 time: 1.1
  | CTM step 3 conv: 1.453e-09 time: 1.06
Energies: 3.4442845013829206 2.0385509415504072e-13
Norm: 0.5235288806580966
========== 
Finished basis vector 57/62 

Starting simulation of basis vector 58/62
Performing CTM pre-steps without tracking
  | CTM step 1 conv: 1.000e+00 time: 0.58
  | CTM step 2 conv: 1.000e+00 time: 0.64
  | CTM step 3 conv: 1.000e+00 time: 0.66
  | CTM step 4 conv: 1.949e-04 time: 0.68
  | CTM step 5 conv: 4.707e-05 time: 0.67
  | CTM step 6 conv: 7.630e-06 time: 0.67
  | CTM step 7 conv: 1.451e-06 time: 0.67
Performing CTM
  | CTM step 1 conv: 1.000e+00 time: 0.87
  | CTM step 2 conv: 8.110e-09 time: 1.04
  | CTM step 3 conv: 1.453e-09 time: 1.04
Energies: 1.3501109527265278 2.0385509415504072e-13
Norm: 0.17781316690397425
========== 
Finished basis vector 58/62 

Starting simulation of basis vector 59/62
Performing CTM pre-steps without tracking
  | CTM step 1 conv: 1.000e+00 time: 0.58
  | CTM step 2 conv: 1.000e+00 time: 0.64
  | CTM step 3 conv: 1.000e+00 time: 0.66
  | CTM step 4 conv: 1.949e-04 time: 0.67
  | CTM step 5 conv: 4.707e-05 time: 0.67
  | CTM step 6 conv: 7.630e-06 time: 0.67
  | CTM step 7 conv: 1.451e-06 time: 0.67
Performing CTM
  | CTM step 1 conv: 1.000e+00 time: 0.87
  | CTM step 2 conv: 8.110e-09 time: 1.04
  | CTM step 3 conv: 1.453e-09 time: 1.04
Energies: 1.5725619933078399 2.0385509415504072e-13
Norm: 0.21902664974867855
========== 
Finished basis vector 59/62 

Starting simulation of basis vector 60/62
Performing CTM pre-steps without tracking
  | CTM step 1 conv: 1.000e+00 time: 0.57
  | CTM step 2 conv: 1.000e+00 time: 0.64
  | CTM step 3 conv: 1.000e+00 time: 0.66
  | CTM step 4 conv: 1.949e-04 time: 0.67
  | CTM step 5 conv: 4.707e-05 time: 0.68
  | CTM step 6 conv: 7.630e-06 time: 0.67
  | CTM step 7 conv: 1.451e-06 time: 0.67
Performing CTM
  | CTM step 1 conv: 1.000e+00 time: 0.88
  | CTM step 2 conv: 8.110e-09 time: 1.05
  | CTM step 3 conv: 1.453e-09 time: 1.04
Energies: 0.6118059492988066 2.0385509415504072e-13
Norm: 0.07236103584800405
========== 
Finished basis vector 60/62 

Starting simulation of basis vector 61/62
Performing CTM pre-steps without tracking
  | CTM step 1 conv: 1.000e+00 time: 0.58
  | CTM step 2 conv: 1.000e+00 time: 0.65
  | CTM step 3 conv: 1.000e+00 time: 0.67
  | CTM step 4 conv: 1.949e-04 time: 0.67
  | CTM step 5 conv: 4.707e-05 time: 0.67
  | CTM step 6 conv: 7.630e-06 time: 0.67
  | CTM step 7 conv: 1.451e-06 time: 0.67
Performing CTM
  | CTM step 1 conv: 1.000e+00 time: 0.87
  | CTM step 2 conv: 8.110e-09 time: 1.04
  | CTM step 3 conv: 1.453e-09 time: 1.04
Energies: 1.8407043021461926 2.0385509415504072e-13
Norm: 0.25534460617514254
========== 
Finished basis vector 61/62 

Starting simulation of basis vector 62/62
Performing CTM pre-steps without tracking
  | CTM step 1 conv: 1.000e+00 time: 0.57
  | CTM step 2 conv: 1.000e+00 time: 0.64
  | CTM step 3 conv: 1.000e+00 time: 0.66
  | CTM step 4 conv: 1.949e-04 time: 0.67
  | CTM step 5 conv: 4.707e-05 time: 0.67
  | CTM step 6 conv: 7.630e-06 time: 0.67
  | CTM step 7 conv: 1.451e-06 time: 0.67
Performing CTM
  | CTM step 1 conv: 1.000e+00 time: 0.88
  | CTM step 2 conv: 8.110e-09 time: 1.05
  | CTM step 3 conv: 1.453e-09 time: 1.04
Energies: 0.7144136897161546 2.0385509415504072e-13
Norm: 0.08573288333006877
========== 
Finished basis vector 62/62 

[[ 0.33619306-6.91957678e-05j  0.02629834+8.44883704e-02j
  -0.31388151+9.57050090e-02j ... -0.39640618-9.61067423e-02j
   0.82569499+1.78802090e-01j -0.42220895-1.01161987e-01j]
 [ 0.02628884-8.44103429e-02j  0.05842272-2.16010609e-05j
  -0.00428506+9.22423059e-02j ... -0.08192345+9.73788767e-02j
   0.14361625-2.01667650e-01j -0.08758955+1.05639090e-01j]
 [-0.31391085-9.55237353e-02j -0.00428323-9.23325544e-02j
   0.34198821-7.75436327e-05j ...  0.35861564+2.10573989e-01j
  -0.73208759-4.34700547e-01j  0.39139013+2.28921704e-01j]
 ...
 [-0.39542821+9.62760640e-02j -0.08336583-9.70817416e-02j
   0.35622171-2.10916147e-01j ...  1.22413163+7.28946645e-06j
  -1.31643824-1.20553160e-03j  1.09138604+1.42742477e-03j]
 [ 0.82685775-1.80111126e-01j  0.14560364+2.00411875e-01j
  -0.73396721+4.36219241e-01j ... -1.31558735+1.12921633e-03j
   3.6792466 -9.03502441e-05j -1.75506477+1.90384998e-03j]
 [-0.42241388+1.01562402e-01j -0.08983979-1.05026558e-01j
   0.39074187-2.29536523e-01j ...  1.09106085-1.64989784e-03j
  -1.75529548-1.93885308e-03j  1.42836824-1.04401615e-04j]]
[[ 0.0619656 +1.53199795e-09j  0.00179519+1.61681158e-02j
  -0.05973304+1.75963068e-02j ... -0.07118355-1.68201782e-02j
   0.14963686+3.29193701e-02j -0.07687074-1.77731462e-02j]
 [ 0.00179519-1.61681196e-02j  0.00778987-2.53307891e-10j
   0.00278072+1.67440211e-02j ... -0.00956435+1.83291197e-02j
   0.01729997-3.83793479e-02j -0.0099092 +2.01392465e-02j]
 [-0.05973303-1.75963118e-02j  0.00278073-1.67440150e-02j
   0.06445636+8.49044835e-09j ...  0.06497435+3.69538494e-02j
  -0.13567882-7.71144720e-02j  0.07132976+4.01971378e-02j]
 ...
 [-0.07118354+1.68201788e-02j -0.00956434-1.83291202e-02j
   0.06497435-3.69538489e-02j ...  0.14472207+1.67460828e-10j
  -0.2089882 +8.65487985e-05j  0.14082077+2.33506651e-04j]
 [ 0.14963685-3.29193705e-02j  0.01729995+3.83793463e-02j
  -0.13567883+7.71144698e-02j ... -0.2089882 -8.65485509e-05j
   0.51068921+5.06200663e-10j -0.25414863+2.15311462e-04j]
 [-0.07687074+1.77731467e-02j -0.00990919-2.01392467e-02j
   0.07132976-4.01971366e-02j ...  0.14082078-2.33506748e-04j
  -0.25414863-2.15311578e-04j  0.17146577-1.32337118e-10j]]
Done
Saved to /share/home/tanyi/ad-peps/simulations/exci/h3_ising_D2_X30/17_0.125_0.125.npz
