No GPU/TPU found, falling back to CPU. (Set TF_CPP_MIN_LOG_LEVEL=0 and rerun for more info.)
Namespace(version=False, sim_mode='exci', config_file='honeycomb2_exci.yaml', momentum_ix=0, evaluate=False, init=True)
Running excited-state sim
honeycomb2_exci.yaml
/share/home/tanyi/ad-peps/examples/honeycomb2_exci.yaml
/share/home/tanyi/ad-peps/simulations/exci/11_honeycomb_D4_X50.base.npz
  | CTM step 1 conv: 2.832e-02 time: 2.24 obj: -0.778710
  | CTM step 2 conv: 4.369e-03 time: 2.24 obj: -0.783079
  | CTM step 3 conv: 3.804e-04 time: 1.58 obj: -0.783459
  | CTM step 4 conv: 3.602e-05 time: 0.82 obj: -0.783496
  | CTM step 5 conv: 2.942e-06 time: 0.87 obj: -0.783498
  | CTM step 6 conv: 1.583e-07 time: 0.99 obj: -0.783499
  | CTM step 7 conv: 6.690e-10 time: 0.7 obj: -0.783499
  | CTM step 8 conv: 3.933e-09 time: 1.01 obj: -0.783499
  | CTM step 9 conv: 2.397e-10 time: 0.96 obj: -0.783499
  | CTM step 10 conv: 9.312e-10 time: 0.83 obj: -0.783499
  | CTM step 11 conv: 1.547e-09 time: 0.88 obj: -0.783499
  | CTM step 12 conv: 6.835e-10 time: 0.74 obj: -0.783499
  | CTM step 13 conv: 4.043e-10 time: 0.89 obj: -0.783499
  | CTM step 14 conv: 5.022e-10 time: 0.88 obj: -0.783499
  | CTM step 15 conv: 1.686e-10 time: 0.71 obj: -0.783499
  | CTM step 16 conv: 2.510e-12 time: 0.92 obj: -0.783499
  | CTM step 17 conv: 4.616e-12 time: 0.88 obj: -0.783499
  | CTM step 18 conv: 5.234e-11 time: 0.78 obj: -0.783499
  | CTM step 19 conv: 3.722e-11 time: 0.68 obj: -0.783499
  | CTM step 20 conv: 1.395e-11 time: 0.87 obj: -0.783499
  | CTM step 21 conv: 5.262e-11 time: 0.77 obj: -0.783499
  | CTM step 22 conv: 3.412e-11 time: 0.89 obj: -0.783499
  | CTM step 23 conv: 6.318e-12 time: 0.86 obj: -0.783499
  | CTM step 24 conv: 1.388e-12 time: 0.84 obj: -0.783499
  | CTM step 25 conv: 6.518e-12 time: 0.72 obj: -0.783499
  | CTM step 26 conv: 4.893e-12 time: 0.91 obj: -0.783499
  | CTM step 27 conv: 2.615e-12 time: 0.88 obj: -0.783499
  | CTM step 28 conv: 1.057e-11 time: 0.87 obj: -0.783499
  | CTM step 29 conv: 1.356e-11 time: 0.85 obj: -0.783499
GS norm 43.273197187186916
GS norm 0.9999999999999968
Substracting -0.3917493087621291 from Hamiltonian
Preparing orthonormal basis
Saving base to /share/home/tanyi/ad-peps/simulations/exci/11_honeycomb_D4_X50.base.npz
